<?xml version="1.0" encoding="UTF-8"?>
<testsuite xmlns:xsi="http://www.w3.org/2001/XMLSchema-instance" xsi:noNamespaceSchemaLocation="https://maven.apache.org/surefire/maven-surefire-plugin/xsd/surefire-test-report-3.0.xsd" version="3.0" name="TestSuite" time="1060.276" tests="2" errors="0" skipped="0" failures="0">
  <properties>
    <property name="java.specification.version" value="21"/>
    <property name="javax.net.ssl.trustStorePassword" value="changeit"/>
    <property name="sun.jnu.encoding" value="UTF-8"/>
    <property name="java.class.path" value="/home/abisherk/Internship/InternProject/apim-test-framework/tests-integration/cucumber-tests/target/test-classes:/home/abisherk/Internship/InternProject/apim-test-framework/tests-integration/cucumber-tests/target/classes:/home/abisherk/.m2/repository/io/cucumber/cucumber-java/7.0.0/cucumber-java-7.0.0.jar:/home/abisherk/.m2/repository/io/cucumber/cucumber-core/7.0.0/cucumber-core-7.0.0.jar:/home/abisherk/.m2/repository/io/cucumber/cucumber-gherkin/7.0.0/cucumber-gherkin-7.0.0.jar:/home/abisherk/.m2/repository/io/cucumber/cucumber-gherkin-messages/7.0.0/cucumber-gherkin-messages-7.0.0.jar:/home/abisherk/.m2/repository/io/cucumber/messages/17.1.1/messages-17.1.1.jar:/home/abisherk/.m2/repository/io/cucumber/tag-expressions/4.0.2/tag-expressions-4.0.2.jar:/home/abisherk/.m2/repository/io/cucumber/cucumber-expressions/13.0.1/cucumber-expressions-13.0.1.jar:/home/abisherk/.m2/repository/io/cucumber/datatable/7.0.0/datatable-7.0.0.jar:/home/abisherk/.m2/repository/io/cucumber/cucumber-plugin/7.0.0/cucumber-plugin-7.0.0.jar:/home/abisherk/.m2/repository/io/cucumber/docstring/7.0.0/docstring-7.0.0.jar:/home/abisherk/.m2/repository/io/cucumber/html-formatter/17.0.0/html-formatter-17.0.0.jar:/home/abisherk/.m2/repository/io/cucumber/create-meta/6.0.1/create-meta-6.0.1.jar:/home/abisherk/.m2/repository/org/apiguardian/apiguardian-api/1.1.2/apiguardian-api-1.1.2.jar:/home/abisherk/.m2/repository/io/cucumber/cucumber-testng/7.0.0/cucumber-testng-7.0.0.jar:/home/abisherk/.m2/repository/org/testng/testng/7.4.0/testng-7.4.0.jar:/home/abisherk/.m2/repository/com/beust/jcommander/1.78/jcommander-1.78.jar:/home/abisherk/.m2/repository/org/webjars/jquery/3.5.1/jquery-3.5.1.jar:/home/abisherk/Internship/InternProject/apim-test-framework/tests-common/testcontainers/target/testcontainers-1.0-SNAPSHOT.jar:/home/abisherk/Internship/InternProject/apim-test-framework/tests-common/integration-test-utils/target/integration-test-utils-1.0-SNAPSHOT.jar:/home/abisherk/.m2/repository/com/google/code/gson/gson/2.10.1/gson-2.10.1.jar:/home/abisherk/Internship/InternProject/apim-test-framework/tests-common/clients/publisher/target/org.wso2.am.integration.clients.publisher.api-1.0-SNAPSHOT.jar:/home/abisherk/.m2/repository/io/swagger/swagger-annotations/1.5.22/swagger-annotations-1.5.22.jar:/home/abisherk/.m2/repository/com/squareup/okhttp3/logging-interceptor/4.9.0/logging-interceptor-4.9.0.jar:/home/abisherk/.m2/repository/org/jetbrains/kotlin/kotlin-stdlib-jdk8/1.4.10/kotlin-stdlib-jdk8-1.4.10.jar:/home/abisherk/.m2/repository/org/jetbrains/kotlin/kotlin-stdlib-jdk7/1.4.10/kotlin-stdlib-jdk7-1.4.10.jar:/home/abisherk/.m2/repository/io/gsonfire/gson-fire/1.8.3/gson-fire-1.8.3.jar:/home/abisherk/.m2/repository/org/apache/oltu/oauth2/org.apache.oltu.oauth2.client/1.0.1/org.apache.oltu.oauth2.client-1.0.1.jar:/home/abisherk/.m2/repository/org/apache/oltu/oauth2/org.apache.oltu.oauth2.common/1.0.1/org.apache.oltu.oauth2.common-1.0.1.jar:/home/abisherk/.m2/repository/org/json/json/20140107/json-20140107.jar:/home/abisherk/Internship/InternProject/apim-test-framework/tests-common/clients/admin/target/org.wso2.am.integration.clients.admin.api-1.0-SNAPSHOT.jar:/home/abisherk/Internship/InternProject/apim-test-framework/tests-common/clients/store/target/org.wso2.am.integration.clients.store.api-1.0-SNAPSHOT.jar:/home/abisherk/.m2/repository/com/squareup/okhttp3/okhttp/4.9.0/okhttp-4.9.0.jar:/home/abisherk/.m2/repository/com/squareup/okio/okio/2.8.0/okio-2.8.0.jar:/home/abisherk/.m2/repository/org/jetbrains/kotlin/kotlin-stdlib-common/1.4.0/kotlin-stdlib-common-1.4.0.jar:/home/abisherk/.m2/repository/org/jetbrains/kotlin/kotlin-stdlib/1.4.10/kotlin-stdlib-1.4.10.jar:/home/abisherk/.m2/repository/org/apache/commons/commons-lang3/3.0/commons-lang3-3.0.jar:/home/abisherk/.m2/repository/org/apache/httpcomponents/httpclient/4.5.14/httpclient-4.5.14.jar:/home/abisherk/.m2/repository/org/apache/httpcomponents/httpcore/4.4.16/httpcore-4.4.16.jar:/home/abisherk/.m2/repository/commons-logging/commons-logging/1.2/commons-logging-1.2.jar:/home/abisherk/.m2/repository/commons-codec/commons-codec/1.11/commons-codec-1.11.jar:/home/abisherk/.m2/repository/commons-io/commons-io/2.18.0/commons-io-2.18.0.jar:/home/abisherk/Internship/InternProject/apim-test-framework/tests-common/clients/gateway/target/org.wso2.am.integration.clients.gateway.api-1.0-SNAPSHOT.jar:/home/abisherk/.m2/repository/com/squareup/okhttp/logging-interceptor/2.7.5/logging-interceptor-2.7.5.jar:/home/abisherk/.m2/repository/com/squareup/okhttp/okhttp/2.7.5/okhttp-2.7.5.jar:/home/abisherk/.m2/repository/com/googlecode/json-simple/json-simple/1.1/json-simple-1.1.jar:/home/abisherk/.m2/repository/org/wso2/carbon/automation/org.wso2.carbon.automation.test.utils/4.4.12/org.wso2.carbon.automation.test.utils-4.4.12.jar:/home/abisherk/.m2/repository/org/seleniumhq/selenium/selenium-java/2.43.0/selenium-java-2.43.0.jar:/home/abisherk/.m2/repository/org/seleniumhq/selenium/selenium-chrome-driver/2.43.0/selenium-chrome-driver-2.43.0.jar:/home/abisherk/.m2/repository/org/seleniumhq/selenium/selenium-remote-driver/2.43.0/selenium-remote-driver-2.43.0.jar:/home/abisherk/.m2/repository/cglib/cglib-nodep/2.1_3/cglib-nodep-2.1_3.jar:/home/abisherk/.m2/repository/org/seleniumhq/selenium/selenium-api/2.43.0/selenium-api-2.43.0.jar:/home/abisherk/.m2/repository/com/google/guava/guava/15.0/guava-15.0.jar:/home/abisherk/.m2/repository/org/seleniumhq/selenium/selenium-htmlunit-driver/2.43.0/selenium-htmlunit-driver-2.43.0.jar:/home/abisherk/.m2/repository/net/sourceforge/htmlunit/htmlunit/2.15/htmlunit-2.15.jar:/home/abisherk/.m2/repository/xalan/xalan/2.7.1/xalan-2.7.1.jar:/home/abisherk/.m2/repository/xalan/serializer/2.7.1/serializer-2.7.1.jar:/home/abisherk/.m2/repository/net/sourceforge/htmlunit/htmlunit-core-js/2.15/htmlunit-core-js-2.15.jar:/home/abisherk/.m2/repository/net/sourceforge/nekohtml/nekohtml/1.9.21/nekohtml-1.9.21.jar:/home/abisherk/.m2/repository/net/sourceforge/cssparser/cssparser/0.9.14/cssparser-0.9.14.jar:/home/abisherk/.m2/repository/org/w3c/css/sac/1.3/sac-1.3.jar:/home/abisherk/.m2/repository/org/eclipse/jetty/jetty-websocket/8.1.15.v20140411/jetty-websocket-8.1.15.v20140411.jar:/home/abisherk/.m2/repository/org/eclipse/jetty/jetty-util/8.1.15.v20140411/jetty-util-8.1.15.v20140411.jar:/home/abisherk/.m2/repository/org/eclipse/jetty/jetty-io/8.1.15.v20140411/jetty-io-8.1.15.v20140411.jar:/home/abisherk/.m2/repository/org/eclipse/jetty/jetty-http/8.1.15.v20140411/jetty-http-8.1.15.v20140411.jar:/home/abisherk/.m2/repository/org/seleniumhq/selenium/selenium-firefox-driver/2.43.0/selenium-firefox-driver-2.43.0.jar:/home/abisherk/.m2/repository/org/apache/commons/commons-exec/1.1/commons-exec-1.1.jar:/home/abisherk/.m2/repository/org/seleniumhq/selenium/selenium-ie-driver/2.43.0/selenium-ie-driver-2.43.0.jar:/home/abisherk/.m2/repository/net/java/dev/jna/platform/3.4.0/platform-3.4.0.jar:/home/abisherk/.m2/repository/org/seleniumhq/selenium/selenium-safari-driver/2.43.0/selenium-safari-driver-2.43.0.jar:/home/abisherk/.m2/repository/org/seleniumhq/selenium/selenium-support/2.43.0/selenium-support-2.43.0.jar:/home/abisherk/.m2/repository/org/webbitserver/webbit/0.4.15/webbit-0.4.15.jar:/home/abisherk/.m2/repository/io/netty/netty/3.5.5.Final/netty-3.5.5.Final.jar:/home/abisherk/.m2/repository/org/apache/derby/derbynet/10.8.2.2/derbynet-10.8.2.2.jar:/home/abisherk/.m2/repository/org/apache/derby/derby/10.8.2.2/derby-10.8.2.2.jar:/home/abisherk/.m2/repository/org/wso2/carbon/automation/org.wso2.carbon.automation.engine/4.4.12/org.wso2.carbon.automation.engine-4.4.12.jar:/home/abisherk/.m2/repository/org/jacoco/org.jacoco.core/0.7.5.201505241946/org.jacoco.core-0.7.5.201505241946.jar:/home/abisherk/.m2/repository/org/ow2/asm/asm-debug-all/5.0.1/asm-debug-all-5.0.1.jar:/home/abisherk/.m2/repository/org/jacoco/org.jacoco.report/0.7.5.201505241946/org.jacoco.report-0.7.5.201505241946.jar:/home/abisherk/.m2/repository/org/codehaus/plexus/plexus-utils/3.0.22/plexus-utils-3.0.22.jar:/home/abisherk/.m2/repository/commons-collections/commons-collections/3.2.1/commons-collections-3.2.1.jar:/home/abisherk/.m2/repository/org/apache/axis2/wso2/axis2/1.6.1-wso2v37/axis2-1.6.1-wso2v37.jar:/home/abisherk/.m2/repository/org/apache/ws/commons/axiom/wso2/axiom/1.2.11-wso2v16/axiom-1.2.11-wso2v16.jar:/home/abisherk/.m2/repository/org/apache/geronimo/specs/wso2/geronimo-stax-api_1.0_spec/1.0.1.wso2v2/geronimo-stax-api_1.0_spec-1.0.1.wso2v2.jar:/home/abisherk/.m2/repository/org/apache/geronimo/specs/geronimo-stax-api_1.0_spec/1.0.1/geronimo-stax-api_1.0_spec-1.0.1.jar:/home/abisherk/.m2/repository/org/codehaus/woodstox/woodstox-core-asl/4.2.0/woodstox-core-asl-4.2.0.jar:/home/abisherk/.m2/repository/org/wso2/apache/httpcomponents/httpclient/4.3.1.wso2v1/httpclient-4.3.1.wso2v1.jar:/home/abisherk/.m2/repository/com/icegreen/greenmail/1.3.1b/greenmail-1.3.1b.jar:/home/abisherk/.m2/repository/javax/mail/mail/1.4/mail-1.4.jar:/home/abisherk/.m2/repository/javax/activation/activation/1.1/activation-1.1.jar:/home/abisherk/.m2/repository/org/wso2/carbon/apimgt/org.wso2.carbon.apimgt.api/9.31.94/org.wso2.carbon.apimgt.api-9.31.94.jar:/home/abisherk/.m2/repository/org/wso2/orbit/com/jayway/jsonpath/json-path/2.9.0.wso2v1/json-path-2.9.0.wso2v1.jar:/home/abisherk/.m2/repository/org/wso2/carbon/org.wso2.carbon.registry.api/4.9.28/org.wso2.carbon.registry.api-4.9.28.jar:/home/abisherk/.m2/repository/org/wso2/carbon/identity/framework/org.wso2.carbon.user.mgt.stub/5.25.724/org.wso2.carbon.user.mgt.stub-5.25.724.jar:/home/abisherk/.m2/repository/org/apache/axis2/wso2/axis2-client/1.6.1-wso2v40/axis2-client-1.6.1-wso2v40.jar:/home/abisherk/.m2/repository/org/apache/ws/commons/schema/wso2/XmlSchema/1.4.7.wso2v3/XmlSchema-1.4.7.wso2v3.jar:/home/abisherk/.m2/repository/org/wso2/orbit/org/apache/neethi/neethi/2.0.4.wso2v5/neethi-2.0.4.wso2v5.jar:/home/abisherk/.m2/repository/org/apache/axis2/wso2/axis2-json/1.6.1-wso2v40/axis2-json-1.6.1-wso2v40.jar:/home/abisherk/.m2/repository/org/apache/woden/wso2/woden/1.0.0.M8-wso2v1/woden-1.0.0.M8-wso2v1.jar:/home/abisherk/.m2/repository/wsdl4j/wso2/wsdl4j/1.6.2.wso2v2/wsdl4j-1.6.2.wso2v2.jar:/home/abisherk/.m2/repository/wsdl4j/wsdl4j/1.6.2/wsdl4j-1.6.2.jar:/home/abisherk/.m2/repository/org/apache/httpcomponents/wso2/httpcore/4.3.0.wso2v1/httpcore-4.3.0.wso2v1.jar:/home/abisherk/.m2/repository/commons-codec/wso2/commons-codec/1.3.0.wso2v1/commons-codec-1.3.0.wso2v1.jar:/home/abisherk/.m2/repository/org/wso2/orbit/javax/activation/activation/1.1.1.wso2v1/activation-1.1.1.wso2v1.jar:/home/abisherk/.m2/repository/org/wso2/carbon/org.wso2.carbon.user.api/4.5.2/org.wso2.carbon.user.api-4.5.2.jar:/home/abisherk/.m2/repository/org/wso2/orbit/graphQL/graphQL/19.11.wso2v1/graphQL-19.11.wso2v1.jar:/home/abisherk/.m2/repository/com/graphql-java/graphql-java/19.11/graphql-java-19.11.jar:/home/abisherk/.m2/repository/org/antlr/antlr4-runtime/4.9.3/antlr4-runtime-4.9.3.jar:/home/abisherk/.m2/repository/org/reactivestreams/reactive-streams/1.0.3/reactive-streams-1.0.3.jar:/home/abisherk/.m2/repository/com/graphql-java/java-dataloader/3.2.0/java-dataloader-3.2.0.jar:/home/abisherk/.m2/repository/org/wso2/carbon/org.wso2.carbon.utils/4.10.44/org.wso2.carbon.utils-4.10.44.jar:/home/abisherk/.m2/repository/org/wso2/orbit/org/bouncycastle/bcprov-jdk18on/1.78.1.wso2v1/bcprov-jdk18on-1.78.1.wso2v1.jar:/home/abisherk/.m2/repository/org/bouncycastle/bcprov-jdk18on/1.78.1/bcprov-jdk18on-1.78.1.jar:/home/abisherk/.m2/repository/org/wso2/carbon/org.wso2.carbon.bootstrap/4.10.44/org.wso2.carbon.bootstrap-4.10.44.jar:/home/abisherk/.m2/repository/wrapper/wrapper/3.2.3/wrapper-3.2.3.jar:/home/abisherk/.m2/repository/org/wso2/carbon/org.wso2.carbon.queuing/4.10.44/org.wso2.carbon.queuing-4.10.44.jar:/home/abisherk/.m2/repository/org/wso2/carbon/org.wso2.carbon.base/4.10.44/org.wso2.carbon.base-4.10.44.jar:/home/abisherk/.m2/repository/org/wso2/securevault/org.wso2.securevault/1.1.10/org.wso2.securevault-1.1.10.jar:/home/abisherk/.m2/repository/org/apache/ws/commons/axiom/axiom-api/1.2.11/axiom-api-1.2.11.jar:/home/abisherk/.m2/repository/org/apache/geronimo/specs/geronimo-activation_1.1_spec/1.0.2/geronimo-activation_1.1_spec-1.0.2.jar:/home/abisherk/.m2/repository/org/apache/geronimo/specs/geronimo-javamail_1.4_spec/1.6/geronimo-javamail_1.4_spec-1.6.jar:/home/abisherk/.m2/repository/org/apache/ws/commons/axiom/axiom-impl/1.2.11/axiom-impl-1.2.11.jar:/home/abisherk/.m2/repository/org/codehaus/woodstox/wstx-asl/3.2.9/wstx-asl-3.2.9.jar:/home/abisherk/.m2/repository/jline/jline/0.9.94/jline-0.9.94.jar:/home/abisherk/.m2/repository/commons-cli/commons-cli/1.0/commons-cli-1.0.jar:/home/abisherk/.m2/repository/commons-lang/commons-lang/1.0/commons-lang-1.0.jar:/home/abisherk/.m2/repository/org/wso2/carbon/org.wso2.carbon.securevault/4.10.44/org.wso2.carbon.securevault-4.10.44.jar:/home/abisherk/.m2/repository/org/wso2/eclipse/osgi/org.eclipse.osgi.services/3.5.100.v20160504-1419/org.eclipse.osgi.services-3.5.100.v20160504-1419.jar:/home/abisherk/.m2/repository/xml-apis/xml-apis/1.4.01/xml-apis-1.4.01.jar:/home/abisherk/.m2/repository/org/eclipse/platform/org.eclipse.osgi/3.14.0/org.eclipse.osgi-3.14.0.jar:/home/abisherk/.m2/repository/org/igniterealtime/smack/wso2/smack/3.0.4.wso2v1/smack-3.0.4.wso2v1.jar:/home/abisherk/.m2/repository/org/igniterealtime/smack/wso2/smackx/3.0.4.wso2v1/smackx-3.0.4.wso2v1.jar:/home/abisherk/.m2/repository/org/wso2/orbit/xerces/xercesImpl/2.12.2.wso2v1/xercesImpl-2.12.2.wso2v1.jar:/home/abisherk/.m2/repository/jaxen/jaxen/1.1.1/jaxen-1.1.1.jar:/home/abisherk/.m2/repository/jdom/jdom/1.0/jdom-1.0.jar:/home/abisherk/.m2/repository/xerces/xercesImpl/2.6.2/xercesImpl-2.6.2.jar:/home/abisherk/.m2/repository/xom/xom/1.0/xom-1.0.jar:/home/abisherk/.m2/repository/xerces/xmlParserAPIs/2.6.2/xmlParserAPIs-2.6.2.jar:/home/abisherk/.m2/repository/com/ibm/icu/icu4j/2.6.1/icu4j-2.6.1.jar:/home/abisherk/.m2/repository/org/wso2/orbit/commons-fileupload/commons-fileupload/1.5.0.wso2v2/commons-fileupload-1.5.0.wso2v2.jar:/home/abisherk/.m2/repository/org/apache/ant/wso2/ant/1.10.12.wso2v1/ant-1.10.12.wso2v1.jar:/home/abisherk/.m2/repository/org/apache/ant/ant/1.10.12/ant-1.10.12.jar:/home/abisherk/.m2/repository/org/apache/ant/ant-launcher/1.10.12/ant-launcher-1.10.12.jar:/home/abisherk/.m2/repository/org/eclipse/equinox/javax.servlet/3.0.0.v201112011016/javax.servlet-3.0.0.v201112011016.jar:/home/abisherk/.m2/repository/org/wso2/orbit/commons-httpclient/commons-httpclient/3.1.0.wso2v6/commons-httpclient-3.1.0.wso2v6.jar:/home/abisherk/.m2/repository/commons-lang/wso2/commons-lang/2.6.0.wso2v1/commons-lang-2.6.0.wso2v1.jar:/home/abisherk/.m2/repository/org/osgi/org.osgi.service.component.annotations/1.3.0/org.osgi.service.component.annotations-1.3.0.jar:/home/abisherk/.m2/repository/org/osgi/org.osgi.annotation/6.0.0/org.osgi.annotation-6.0.0.jar:/home/abisherk/.m2/repository/org/osgi/org.osgi.service.metatype.annotations/1.3.0/org.osgi.service.metatype.annotations-1.3.0.jar:/home/abisherk/.m2/repository/org/wso2/orbit/org/apache/httpcomponents/httpclient/4.5.13.wso2v1/httpclient-4.5.13.wso2v1.jar:/home/abisherk/.m2/repository/org/wso2/orbit/org/apache/commons/commons-lang3/3.4.0.wso2v1/commons-lang3-3.4.0.wso2v1.jar:/home/abisherk/.m2/repository/org/apache/geronimo/specs/geronimo-ws-metadata_2.0_spec/1.1.3/geronimo-ws-metadata_2.0_spec-1.1.3.jar:/home/abisherk/.m2/repository/io/cucumber/cucumber-picocontainer/7.22.0/cucumber-picocontainer-7.22.0.jar:/home/abisherk/.m2/repository/org/picocontainer/picocontainer/2.15.2/picocontainer-2.15.2.jar:/home/abisherk/.m2/repository/org/slf4j/slf4j-api/1.7.36/slf4j-api-1.7.36.jar:/home/abisherk/.m2/repository/ch/qos/logback/logback-classic/1.2.11/logback-classic-1.2.11.jar:/home/abisherk/.m2/repository/ch/qos/logback/logback-core/1.2.11/logback-core-1.2.11.jar:/home/abisherk/.m2/repository/org/testcontainers/testcontainers/1.20.4/testcontainers-1.20.4.jar:/home/abisherk/.m2/repository/junit/junit/4.13.2/junit-4.13.2.jar:/home/abisherk/.m2/repository/org/hamcrest/hamcrest-core/1.3/hamcrest-core-1.3.jar:/home/abisherk/.m2/repository/org/apache/commons/commons-compress/1.24.0/commons-compress-1.24.0.jar:/home/abisherk/.m2/repository/org/rnorth/duct-tape/duct-tape/1.0.8/duct-tape-1.0.8.jar:/home/abisherk/.m2/repository/org/jetbrains/annotations/17.0.0/annotations-17.0.0.jar:/home/abisherk/.m2/repository/com/github/docker-java/docker-java-api/3.4.0/docker-java-api-3.4.0.jar:/home/abisherk/.m2/repository/com/github/docker-java/docker-java-transport-zerodep/3.4.0/docker-java-transport-zerodep-3.4.0.jar:/home/abisherk/.m2/repository/com/github/docker-java/docker-java-transport/3.4.0/docker-java-transport-3.4.0.jar:/home/abisherk/.m2/repository/net/java/dev/jna/jna/5.13.0/jna-5.13.0.jar:/home/abisherk/.m2/repository/io/rest-assured/rest-assured/5.3.0/rest-assured-5.3.0.jar:/home/abisherk/.m2/repository/org/apache/groovy/groovy/4.0.6/groovy-4.0.6.jar:/home/abisherk/.m2/repository/org/apache/groovy/groovy-xml/4.0.6/groovy-xml-4.0.6.jar:/home/abisherk/.m2/repository/org/apache/httpcomponents/httpmime/4.5.13/httpmime-4.5.13.jar:/home/abisherk/.m2/repository/org/ccil/cowan/tagsoup/tagsoup/1.2.1/tagsoup-1.2.1.jar:/home/abisherk/.m2/repository/org/hamcrest/hamcrest/2.2/hamcrest-2.2.jar:/home/abisherk/.m2/repository/io/rest-assured/xml-path/5.4.0/xml-path-5.4.0.jar:/home/abisherk/.m2/repository/io/rest-assured/rest-assured-common/5.4.0/rest-assured-common-5.4.0.jar:/home/abisherk/.m2/repository/io/rest-assured/json-path/5.4.0/json-path-5.4.0.jar:/home/abisherk/.m2/repository/org/apache/groovy/groovy-json/4.0.16/groovy-json-4.0.16.jar:/home/abisherk/.m2/repository/com/fasterxml/jackson/core/jackson-databind/2.16.1/jackson-databind-2.16.1.jar:/home/abisherk/.m2/repository/com/fasterxml/jackson/core/jackson-annotations/2.16.1/jackson-annotations-2.16.1.jar:/home/abisherk/.m2/repository/com/fasterxml/jackson/core/jackson-core/2.16.1/jackson-core-2.16.1.jar:/home/abisherk/.m2/repository/jakarta/xml/ws/jakarta.xml.ws-api/4.0.2/jakarta.xml.ws-api-4.0.2.jar:/home/abisherk/.m2/repository/jakarta/xml/bind/jakarta.xml.bind-api/4.0.2/jakarta.xml.bind-api-4.0.2.jar:/home/abisherk/.m2/repository/jakarta/xml/soap/jakarta.xml.soap-api/3.0.2/jakarta.xml.soap-api-3.0.2.jar:/home/abisherk/.m2/repository/com/sun/xml/ws/jaxws-tools/4.0.3/jaxws-tools-4.0.3.jar:/home/abisherk/.m2/repository/com/sun/xml/bind/jaxb-xjc/4.0.5/jaxb-xjc-4.0.5.jar:/home/abisherk/.m2/repository/com/sun/xml/bind/jaxb-core/4.0.5/jaxb-core-4.0.5.jar:/home/abisherk/.m2/repository/com/sun/xml/bind/jaxb-jxc/4.0.5/jaxb-jxc-4.0.5.jar:/home/abisherk/.m2/repository/jakarta/activation/jakarta.activation-api/2.1.3/jakarta.activation-api-2.1.3.jar:/home/abisherk/.m2/repository/jakarta/annotation/jakarta.annotation-api/3.0.0/jakarta.annotation-api-3.0.0.jar:/home/abisherk/.m2/repository/com/sun/xml/ws/jaxws-rt/4.0.3/jaxws-rt-4.0.3.jar:/home/abisherk/.m2/repository/com/sun/xml/bind/jaxb-impl/4.0.5/jaxb-impl-4.0.5.jar:/home/abisherk/.m2/repository/org/glassfish/ha/ha-api/3.1.13/ha-api-3.1.13.jar:/home/abisherk/.m2/repository/org/glassfish/external/management-api/3.2.3/management-api-3.2.3.jar:/home/abisherk/.m2/repository/org/glassfish/gmbal/gmbal-api-only/4.0.3/gmbal-api-only-4.0.3.jar:/home/abisherk/.m2/repository/org/jvnet/staxex/stax-ex/2.1.0/stax-ex-2.1.0.jar:/home/abisherk/.m2/repository/com/sun/xml/stream/buffer/streambuffer/2.1.0/streambuffer-2.1.0.jar:/home/abisherk/.m2/repository/org/jvnet/mimepull/mimepull/1.10.0/mimepull-1.10.0.jar:/home/abisherk/.m2/repository/com/sun/xml/fastinfoset/FastInfoset/2.1.1/FastInfoset-2.1.1.jar:/home/abisherk/.m2/repository/jakarta/mail/jakarta.mail-api/2.1.3/jakarta.mail-api-2.1.3.jar:/home/abisherk/.m2/repository/org/eclipse/angus/angus-activation/2.0.2/angus-activation-2.0.2.jar:/home/abisherk/.m2/repository/org/eclipse/angus/angus-mail/2.0.3/angus-mail-2.0.3.jar:/home/abisherk/.m2/repository/com/sun/xml/messaging/saaj/saaj-impl/3.0.4/saaj-impl-3.0.4.jar:/home/abisherk/.m2/repository/com/fasterxml/woodstox/woodstox-core/7.0.0/woodstox-core-7.0.0.jar:/home/abisherk/.m2/repository/org/codehaus/woodstox/stax2-api/4.2.2/stax2-api-4.2.2.jar:/home/abisherk/.m2/repository/javax/ws/rs/javax.ws.rs-api/2.1.1/javax.ws.rs-api-2.1.1.jar:/home/abisherk/.m2/repository/javax/annotation/javax.annotation-api/1.3.2/javax.annotation-api-1.3.2.jar:/home/abisherk/.m2/repository/javax/xml/bind/jaxb-api/2.3.1/jaxb-api-2.3.1.jar:/home/abisherk/.m2/repository/javax/activation/javax.activation-api/1.2.0/javax.activation-api-1.2.0.jar:/home/abisherk/.m2/repository/org/glassfish/jaxb/jaxb-runtime/2.3.1/jaxb-runtime-2.3.1.jar:/home/abisherk/.m2/repository/org/glassfish/jaxb/txw2/2.3.1/txw2-2.3.1.jar:/home/abisherk/.m2/repository/com/sun/istack/istack-commons-runtime/3.0.7/istack-commons-runtime-3.0.7.jar:/home/abisherk/.m2/repository/com/google/code/findbugs/jsr305/3.0.2/jsr305-3.0.2.jar:"/>
    <property name="java.vm.vendor" value="Ubuntu"/>
    <property name="sun.arch.data.model" value="64"/>
    <property name="java.vendor.url" value="https://ubuntu.com/"/>
    <property name="user.timezone" value="Asia/Colombo"/>
    <property name="os.name" value="Linux"/>
    <property name="java.vm.specification.version" value="21"/>
    <property name="sun.java.launcher" value="SUN_STANDARD"/>
    <property name="user.country" value="US"/>
    <property name="testcontainers.reuse.enable" value="true"/>
    <property name="sun.boot.library.path" value="/usr/lib/jvm/java-21-openjdk-amd64/lib"/>
    <property name="sun.java.command" value="/home/abisherk/Internship/InternProject/apim-test-framework/tests-integration/cucumber-tests/target/surefire/surefirebooter-20250507114704693_7.jar /home/abisherk/Internship/InternProject/apim-test-framework/tests-integration/cucumber-tests/target/surefire 2025-05-07T11-45-38_956-jvmRun1 surefire-20250507114704693_5tmp surefire_1-20250507114704693_6tmp"/>
    <property name="jdk.debug" value="release"/>
    <property name="surefire.test.class.path" value="/home/abisherk/Internship/InternProject/apim-test-framework/tests-integration/cucumber-tests/target/test-classes:/home/abisherk/Internship/InternProject/apim-test-framework/tests-integration/cucumber-tests/target/classes:/home/abisherk/.m2/repository/io/cucumber/cucumber-java/7.0.0/cucumber-java-7.0.0.jar:/home/abisherk/.m2/repository/io/cucumber/cucumber-core/7.0.0/cucumber-core-7.0.0.jar:/home/abisherk/.m2/repository/io/cucumber/cucumber-gherkin/7.0.0/cucumber-gherkin-7.0.0.jar:/home/abisherk/.m2/repository/io/cucumber/cucumber-gherkin-messages/7.0.0/cucumber-gherkin-messages-7.0.0.jar:/home/abisherk/.m2/repository/io/cucumber/messages/17.1.1/messages-17.1.1.jar:/home/abisherk/.m2/repository/io/cucumber/tag-expressions/4.0.2/tag-expressions-4.0.2.jar:/home/abisherk/.m2/repository/io/cucumber/cucumber-expressions/13.0.1/cucumber-expressions-13.0.1.jar:/home/abisherk/.m2/repository/io/cucumber/datatable/7.0.0/datatable-7.0.0.jar:/home/abisherk/.m2/repository/io/cucumber/cucumber-plugin/7.0.0/cucumber-plugin-7.0.0.jar:/home/abisherk/.m2/repository/io/cucumber/docstring/7.0.0/docstring-7.0.0.jar:/home/abisherk/.m2/repository/io/cucumber/html-formatter/17.0.0/html-formatter-17.0.0.jar:/home/abisherk/.m2/repository/io/cucumber/create-meta/6.0.1/create-meta-6.0.1.jar:/home/abisherk/.m2/repository/org/apiguardian/apiguardian-api/1.1.2/apiguardian-api-1.1.2.jar:/home/abisherk/.m2/repository/io/cucumber/cucumber-testng/7.0.0/cucumber-testng-7.0.0.jar:/home/abisherk/.m2/repository/org/testng/testng/7.4.0/testng-7.4.0.jar:/home/abisherk/.m2/repository/com/beust/jcommander/1.78/jcommander-1.78.jar:/home/abisherk/.m2/repository/org/webjars/jquery/3.5.1/jquery-3.5.1.jar:/home/abisherk/Internship/InternProject/apim-test-framework/tests-common/testcontainers/target/testcontainers-1.0-SNAPSHOT.jar:/home/abisherk/Internship/InternProject/apim-test-framework/tests-common/integration-test-utils/target/integration-test-utils-1.0-SNAPSHOT.jar:/home/abisherk/.m2/repository/com/google/code/gson/gson/2.10.1/gson-2.10.1.jar:/home/abisherk/Internship/InternProject/apim-test-framework/tests-common/clients/publisher/target/org.wso2.am.integration.clients.publisher.api-1.0-SNAPSHOT.jar:/home/abisherk/.m2/repository/io/swagger/swagger-annotations/1.5.22/swagger-annotations-1.5.22.jar:/home/abisherk/.m2/repository/com/squareup/okhttp3/logging-interceptor/4.9.0/logging-interceptor-4.9.0.jar:/home/abisherk/.m2/repository/org/jetbrains/kotlin/kotlin-stdlib-jdk8/1.4.10/kotlin-stdlib-jdk8-1.4.10.jar:/home/abisherk/.m2/repository/org/jetbrains/kotlin/kotlin-stdlib-jdk7/1.4.10/kotlin-stdlib-jdk7-1.4.10.jar:/home/abisherk/.m2/repository/io/gsonfire/gson-fire/1.8.3/gson-fire-1.8.3.jar:/home/abisherk/.m2/repository/org/apache/oltu/oauth2/org.apache.oltu.oauth2.client/1.0.1/org.apache.oltu.oauth2.client-1.0.1.jar:/home/abisherk/.m2/repository/org/apache/oltu/oauth2/org.apache.oltu.oauth2.common/1.0.1/org.apache.oltu.oauth2.common-1.0.1.jar:/home/abisherk/.m2/repository/org/json/json/20140107/json-20140107.jar:/home/abisherk/Internship/InternProject/apim-test-framework/tests-common/clients/admin/target/org.wso2.am.integration.clients.admin.api-1.0-SNAPSHOT.jar:/home/abisherk/Internship/InternProject/apim-test-framework/tests-common/clients/store/target/org.wso2.am.integration.clients.store.api-1.0-SNAPSHOT.jar:/home/abisherk/.m2/repository/com/squareup/okhttp3/okhttp/4.9.0/okhttp-4.9.0.jar:/home/abisherk/.m2/repository/com/squareup/okio/okio/2.8.0/okio-2.8.0.jar:/home/abisherk/.m2/repository/org/jetbrains/kotlin/kotlin-stdlib-common/1.4.0/kotlin-stdlib-common-1.4.0.jar:/home/abisherk/.m2/repository/org/jetbrains/kotlin/kotlin-stdlib/1.4.10/kotlin-stdlib-1.4.10.jar:/home/abisherk/.m2/repository/org/apache/commons/commons-lang3/3.0/commons-lang3-3.0.jar:/home/abisherk/.m2/repository/org/apache/httpcomponents/httpclient/4.5.14/httpclient-4.5.14.jar:/home/abisherk/.m2/repository/org/apache/httpcomponents/httpcore/4.4.16/httpcore-4.4.16.jar:/home/abisherk/.m2/repository/commons-logging/commons-logging/1.2/commons-logging-1.2.jar:/home/abisherk/.m2/repository/commons-codec/commons-codec/1.11/commons-codec-1.11.jar:/home/abisherk/.m2/repository/commons-io/commons-io/2.18.0/commons-io-2.18.0.jar:/home/abisherk/Internship/InternProject/apim-test-framework/tests-common/clients/gateway/target/org.wso2.am.integration.clients.gateway.api-1.0-SNAPSHOT.jar:/home/abisherk/.m2/repository/com/squareup/okhttp/logging-interceptor/2.7.5/logging-interceptor-2.7.5.jar:/home/abisherk/.m2/repository/com/squareup/okhttp/okhttp/2.7.5/okhttp-2.7.5.jar:/home/abisherk/.m2/repository/com/googlecode/json-simple/json-simple/1.1/json-simple-1.1.jar:/home/abisherk/.m2/repository/org/wso2/carbon/automation/org.wso2.carbon.automation.test.utils/4.4.12/org.wso2.carbon.automation.test.utils-4.4.12.jar:/home/abisherk/.m2/repository/org/seleniumhq/selenium/selenium-java/2.43.0/selenium-java-2.43.0.jar:/home/abisherk/.m2/repository/org/seleniumhq/selenium/selenium-chrome-driver/2.43.0/selenium-chrome-driver-2.43.0.jar:/home/abisherk/.m2/repository/org/seleniumhq/selenium/selenium-remote-driver/2.43.0/selenium-remote-driver-2.43.0.jar:/home/abisherk/.m2/repository/cglib/cglib-nodep/2.1_3/cglib-nodep-2.1_3.jar:/home/abisherk/.m2/repository/org/seleniumhq/selenium/selenium-api/2.43.0/selenium-api-2.43.0.jar:/home/abisherk/.m2/repository/com/google/guava/guava/15.0/guava-15.0.jar:/home/abisherk/.m2/repository/org/seleniumhq/selenium/selenium-htmlunit-driver/2.43.0/selenium-htmlunit-driver-2.43.0.jar:/home/abisherk/.m2/repository/net/sourceforge/htmlunit/htmlunit/2.15/htmlunit-2.15.jar:/home/abisherk/.m2/repository/xalan/xalan/2.7.1/xalan-2.7.1.jar:/home/abisherk/.m2/repository/xalan/serializer/2.7.1/serializer-2.7.1.jar:/home/abisherk/.m2/repository/net/sourceforge/htmlunit/htmlunit-core-js/2.15/htmlunit-core-js-2.15.jar:/home/abisherk/.m2/repository/net/sourceforge/nekohtml/nekohtml/1.9.21/nekohtml-1.9.21.jar:/home/abisherk/.m2/repository/net/sourceforge/cssparser/cssparser/0.9.14/cssparser-0.9.14.jar:/home/abisherk/.m2/repository/org/w3c/css/sac/1.3/sac-1.3.jar:/home/abisherk/.m2/repository/org/eclipse/jetty/jetty-websocket/8.1.15.v20140411/jetty-websocket-8.1.15.v20140411.jar:/home/abisherk/.m2/repository/org/eclipse/jetty/jetty-util/8.1.15.v20140411/jetty-util-8.1.15.v20140411.jar:/home/abisherk/.m2/repository/org/eclipse/jetty/jetty-io/8.1.15.v20140411/jetty-io-8.1.15.v20140411.jar:/home/abisherk/.m2/repository/org/eclipse/jetty/jetty-http/8.1.15.v20140411/jetty-http-8.1.15.v20140411.jar:/home/abisherk/.m2/repository/org/seleniumhq/selenium/selenium-firefox-driver/2.43.0/selenium-firefox-driver-2.43.0.jar:/home/abisherk/.m2/repository/org/apache/commons/commons-exec/1.1/commons-exec-1.1.jar:/home/abisherk/.m2/repository/org/seleniumhq/selenium/selenium-ie-driver/2.43.0/selenium-ie-driver-2.43.0.jar:/home/abisherk/.m2/repository/net/java/dev/jna/platform/3.4.0/platform-3.4.0.jar:/home/abisherk/.m2/repository/org/seleniumhq/selenium/selenium-safari-driver/2.43.0/selenium-safari-driver-2.43.0.jar:/home/abisherk/.m2/repository/org/seleniumhq/selenium/selenium-support/2.43.0/selenium-support-2.43.0.jar:/home/abisherk/.m2/repository/org/webbitserver/webbit/0.4.15/webbit-0.4.15.jar:/home/abisherk/.m2/repository/io/netty/netty/3.5.5.Final/netty-3.5.5.Final.jar:/home/abisherk/.m2/repository/org/apache/derby/derbynet/10.8.2.2/derbynet-10.8.2.2.jar:/home/abisherk/.m2/repository/org/apache/derby/derby/10.8.2.2/derby-10.8.2.2.jar:/home/abisherk/.m2/repository/org/wso2/carbon/automation/org.wso2.carbon.automation.engine/4.4.12/org.wso2.carbon.automation.engine-4.4.12.jar:/home/abisherk/.m2/repository/org/jacoco/org.jacoco.core/0.7.5.201505241946/org.jacoco.core-0.7.5.201505241946.jar:/home/abisherk/.m2/repository/org/ow2/asm/asm-debug-all/5.0.1/asm-debug-all-5.0.1.jar:/home/abisherk/.m2/repository/org/jacoco/org.jacoco.report/0.7.5.201505241946/org.jacoco.report-0.7.5.201505241946.jar:/home/abisherk/.m2/repository/org/codehaus/plexus/plexus-utils/3.0.22/plexus-utils-3.0.22.jar:/home/abisherk/.m2/repository/commons-collections/commons-collections/3.2.1/commons-collections-3.2.1.jar:/home/abisherk/.m2/repository/org/apache/axis2/wso2/axis2/1.6.1-wso2v37/axis2-1.6.1-wso2v37.jar:/home/abisherk/.m2/repository/org/apache/ws/commons/axiom/wso2/axiom/1.2.11-wso2v16/axiom-1.2.11-wso2v16.jar:/home/abisherk/.m2/repository/org/apache/geronimo/specs/wso2/geronimo-stax-api_1.0_spec/1.0.1.wso2v2/geronimo-stax-api_1.0_spec-1.0.1.wso2v2.jar:/home/abisherk/.m2/repository/org/apache/geronimo/specs/geronimo-stax-api_1.0_spec/1.0.1/geronimo-stax-api_1.0_spec-1.0.1.jar:/home/abisherk/.m2/repository/org/codehaus/woodstox/woodstox-core-asl/4.2.0/woodstox-core-asl-4.2.0.jar:/home/abisherk/.m2/repository/org/wso2/apache/httpcomponents/httpclient/4.3.1.wso2v1/httpclient-4.3.1.wso2v1.jar:/home/abisherk/.m2/repository/com/icegreen/greenmail/1.3.1b/greenmail-1.3.1b.jar:/home/abisherk/.m2/repository/javax/mail/mail/1.4/mail-1.4.jar:/home/abisherk/.m2/repository/javax/activation/activation/1.1/activation-1.1.jar:/home/abisherk/.m2/repository/org/wso2/carbon/apimgt/org.wso2.carbon.apimgt.api/9.31.94/org.wso2.carbon.apimgt.api-9.31.94.jar:/home/abisherk/.m2/repository/org/wso2/orbit/com/jayway/jsonpath/json-path/2.9.0.wso2v1/json-path-2.9.0.wso2v1.jar:/home/abisherk/.m2/repository/org/wso2/carbon/org.wso2.carbon.registry.api/4.9.28/org.wso2.carbon.registry.api-4.9.28.jar:/home/abisherk/.m2/repository/org/wso2/carbon/identity/framework/org.wso2.carbon.user.mgt.stub/5.25.724/org.wso2.carbon.user.mgt.stub-5.25.724.jar:/home/abisherk/.m2/repository/org/apache/axis2/wso2/axis2-client/1.6.1-wso2v40/axis2-client-1.6.1-wso2v40.jar:/home/abisherk/.m2/repository/org/apache/ws/commons/schema/wso2/XmlSchema/1.4.7.wso2v3/XmlSchema-1.4.7.wso2v3.jar:/home/abisherk/.m2/repository/org/wso2/orbit/org/apache/neethi/neethi/2.0.4.wso2v5/neethi-2.0.4.wso2v5.jar:/home/abisherk/.m2/repository/org/apache/axis2/wso2/axis2-json/1.6.1-wso2v40/axis2-json-1.6.1-wso2v40.jar:/home/abisherk/.m2/repository/org/apache/woden/wso2/woden/1.0.0.M8-wso2v1/woden-1.0.0.M8-wso2v1.jar:/home/abisherk/.m2/repository/wsdl4j/wso2/wsdl4j/1.6.2.wso2v2/wsdl4j-1.6.2.wso2v2.jar:/home/abisherk/.m2/repository/wsdl4j/wsdl4j/1.6.2/wsdl4j-1.6.2.jar:/home/abisherk/.m2/repository/org/apache/httpcomponents/wso2/httpcore/4.3.0.wso2v1/httpcore-4.3.0.wso2v1.jar:/home/abisherk/.m2/repository/commons-codec/wso2/commons-codec/1.3.0.wso2v1/commons-codec-1.3.0.wso2v1.jar:/home/abisherk/.m2/repository/org/wso2/orbit/javax/activation/activation/1.1.1.wso2v1/activation-1.1.1.wso2v1.jar:/home/abisherk/.m2/repository/org/wso2/carbon/org.wso2.carbon.user.api/4.5.2/org.wso2.carbon.user.api-4.5.2.jar:/home/abisherk/.m2/repository/org/wso2/orbit/graphQL/graphQL/19.11.wso2v1/graphQL-19.11.wso2v1.jar:/home/abisherk/.m2/repository/com/graphql-java/graphql-java/19.11/graphql-java-19.11.jar:/home/abisherk/.m2/repository/org/antlr/antlr4-runtime/4.9.3/antlr4-runtime-4.9.3.jar:/home/abisherk/.m2/repository/org/reactivestreams/reactive-streams/1.0.3/reactive-streams-1.0.3.jar:/home/abisherk/.m2/repository/com/graphql-java/java-dataloader/3.2.0/java-dataloader-3.2.0.jar:/home/abisherk/.m2/repository/org/wso2/carbon/org.wso2.carbon.utils/4.10.44/org.wso2.carbon.utils-4.10.44.jar:/home/abisherk/.m2/repository/org/wso2/orbit/org/bouncycastle/bcprov-jdk18on/1.78.1.wso2v1/bcprov-jdk18on-1.78.1.wso2v1.jar:/home/abisherk/.m2/repository/org/bouncycastle/bcprov-jdk18on/1.78.1/bcprov-jdk18on-1.78.1.jar:/home/abisherk/.m2/repository/org/wso2/carbon/org.wso2.carbon.bootstrap/4.10.44/org.wso2.carbon.bootstrap-4.10.44.jar:/home/abisherk/.m2/repository/wrapper/wrapper/3.2.3/wrapper-3.2.3.jar:/home/abisherk/.m2/repository/org/wso2/carbon/org.wso2.carbon.queuing/4.10.44/org.wso2.carbon.queuing-4.10.44.jar:/home/abisherk/.m2/repository/org/wso2/carbon/org.wso2.carbon.base/4.10.44/org.wso2.carbon.base-4.10.44.jar:/home/abisherk/.m2/repository/org/wso2/securevault/org.wso2.securevault/1.1.10/org.wso2.securevault-1.1.10.jar:/home/abisherk/.m2/repository/org/apache/ws/commons/axiom/axiom-api/1.2.11/axiom-api-1.2.11.jar:/home/abisherk/.m2/repository/org/apache/geronimo/specs/geronimo-activation_1.1_spec/1.0.2/geronimo-activation_1.1_spec-1.0.2.jar:/home/abisherk/.m2/repository/org/apache/geronimo/specs/geronimo-javamail_1.4_spec/1.6/geronimo-javamail_1.4_spec-1.6.jar:/home/abisherk/.m2/repository/org/apache/ws/commons/axiom/axiom-impl/1.2.11/axiom-impl-1.2.11.jar:/home/abisherk/.m2/repository/org/codehaus/woodstox/wstx-asl/3.2.9/wstx-asl-3.2.9.jar:/home/abisherk/.m2/repository/jline/jline/0.9.94/jline-0.9.94.jar:/home/abisherk/.m2/repository/commons-cli/commons-cli/1.0/commons-cli-1.0.jar:/home/abisherk/.m2/repository/commons-lang/commons-lang/1.0/commons-lang-1.0.jar:/home/abisherk/.m2/repository/org/wso2/carbon/org.wso2.carbon.securevault/4.10.44/org.wso2.carbon.securevault-4.10.44.jar:/home/abisherk/.m2/repository/org/wso2/eclipse/osgi/org.eclipse.osgi.services/3.5.100.v20160504-1419/org.eclipse.osgi.services-3.5.100.v20160504-1419.jar:/home/abisherk/.m2/repository/xml-apis/xml-apis/1.4.01/xml-apis-1.4.01.jar:/home/abisherk/.m2/repository/org/eclipse/platform/org.eclipse.osgi/3.14.0/org.eclipse.osgi-3.14.0.jar:/home/abisherk/.m2/repository/org/igniterealtime/smack/wso2/smack/3.0.4.wso2v1/smack-3.0.4.wso2v1.jar:/home/abisherk/.m2/repository/org/igniterealtime/smack/wso2/smackx/3.0.4.wso2v1/smackx-3.0.4.wso2v1.jar:/home/abisherk/.m2/repository/org/wso2/orbit/xerces/xercesImpl/2.12.2.wso2v1/xercesImpl-2.12.2.wso2v1.jar:/home/abisherk/.m2/repository/jaxen/jaxen/1.1.1/jaxen-1.1.1.jar:/home/abisherk/.m2/repository/jdom/jdom/1.0/jdom-1.0.jar:/home/abisherk/.m2/repository/xerces/xercesImpl/2.6.2/xercesImpl-2.6.2.jar:/home/abisherk/.m2/repository/xom/xom/1.0/xom-1.0.jar:/home/abisherk/.m2/repository/xerces/xmlParserAPIs/2.6.2/xmlParserAPIs-2.6.2.jar:/home/abisherk/.m2/repository/com/ibm/icu/icu4j/2.6.1/icu4j-2.6.1.jar:/home/abisherk/.m2/repository/org/wso2/orbit/commons-fileupload/commons-fileupload/1.5.0.wso2v2/commons-fileupload-1.5.0.wso2v2.jar:/home/abisherk/.m2/repository/org/apache/ant/wso2/ant/1.10.12.wso2v1/ant-1.10.12.wso2v1.jar:/home/abisherk/.m2/repository/org/apache/ant/ant/1.10.12/ant-1.10.12.jar:/home/abisherk/.m2/repository/org/apache/ant/ant-launcher/1.10.12/ant-launcher-1.10.12.jar:/home/abisherk/.m2/repository/org/eclipse/equinox/javax.servlet/3.0.0.v201112011016/javax.servlet-3.0.0.v201112011016.jar:/home/abisherk/.m2/repository/org/wso2/orbit/commons-httpclient/commons-httpclient/3.1.0.wso2v6/commons-httpclient-3.1.0.wso2v6.jar:/home/abisherk/.m2/repository/commons-lang/wso2/commons-lang/2.6.0.wso2v1/commons-lang-2.6.0.wso2v1.jar:/home/abisherk/.m2/repository/org/osgi/org.osgi.service.component.annotations/1.3.0/org.osgi.service.component.annotations-1.3.0.jar:/home/abisherk/.m2/repository/org/osgi/org.osgi.annotation/6.0.0/org.osgi.annotation-6.0.0.jar:/home/abisherk/.m2/repository/org/osgi/org.osgi.service.metatype.annotations/1.3.0/org.osgi.service.metatype.annotations-1.3.0.jar:/home/abisherk/.m2/repository/org/wso2/orbit/org/apache/httpcomponents/httpclient/4.5.13.wso2v1/httpclient-4.5.13.wso2v1.jar:/home/abisherk/.m2/repository/org/wso2/orbit/org/apache/commons/commons-lang3/3.4.0.wso2v1/commons-lang3-3.4.0.wso2v1.jar:/home/abisherk/.m2/repository/org/apache/geronimo/specs/geronimo-ws-metadata_2.0_spec/1.1.3/geronimo-ws-metadata_2.0_spec-1.1.3.jar:/home/abisherk/.m2/repository/io/cucumber/cucumber-picocontainer/7.22.0/cucumber-picocontainer-7.22.0.jar:/home/abisherk/.m2/repository/org/picocontainer/picocontainer/2.15.2/picocontainer-2.15.2.jar:/home/abisherk/.m2/repository/org/slf4j/slf4j-api/1.7.36/slf4j-api-1.7.36.jar:/home/abisherk/.m2/repository/ch/qos/logback/logback-classic/1.2.11/logback-classic-1.2.11.jar:/home/abisherk/.m2/repository/ch/qos/logback/logback-core/1.2.11/logback-core-1.2.11.jar:/home/abisherk/.m2/repository/org/testcontainers/testcontainers/1.20.4/testcontainers-1.20.4.jar:/home/abisherk/.m2/repository/junit/junit/4.13.2/junit-4.13.2.jar:/home/abisherk/.m2/repository/org/hamcrest/hamcrest-core/1.3/hamcrest-core-1.3.jar:/home/abisherk/.m2/repository/org/apache/commons/commons-compress/1.24.0/commons-compress-1.24.0.jar:/home/abisherk/.m2/repository/org/rnorth/duct-tape/duct-tape/1.0.8/duct-tape-1.0.8.jar:/home/abisherk/.m2/repository/org/jetbrains/annotations/17.0.0/annotations-17.0.0.jar:/home/abisherk/.m2/repository/com/github/docker-java/docker-java-api/3.4.0/docker-java-api-3.4.0.jar:/home/abisherk/.m2/repository/com/github/docker-java/docker-java-transport-zerodep/3.4.0/docker-java-transport-zerodep-3.4.0.jar:/home/abisherk/.m2/repository/com/github/docker-java/docker-java-transport/3.4.0/docker-java-transport-3.4.0.jar:/home/abisherk/.m2/repository/net/java/dev/jna/jna/5.13.0/jna-5.13.0.jar:/home/abisherk/.m2/repository/io/rest-assured/rest-assured/5.3.0/rest-assured-5.3.0.jar:/home/abisherk/.m2/repository/org/apache/groovy/groovy/4.0.6/groovy-4.0.6.jar:/home/abisherk/.m2/repository/org/apache/groovy/groovy-xml/4.0.6/groovy-xml-4.0.6.jar:/home/abisherk/.m2/repository/org/apache/httpcomponents/httpmime/4.5.13/httpmime-4.5.13.jar:/home/abisherk/.m2/repository/org/ccil/cowan/tagsoup/tagsoup/1.2.1/tagsoup-1.2.1.jar:/home/abisherk/.m2/repository/org/hamcrest/hamcrest/2.2/hamcrest-2.2.jar:/home/abisherk/.m2/repository/io/rest-assured/xml-path/5.4.0/xml-path-5.4.0.jar:/home/abisherk/.m2/repository/io/rest-assured/rest-assured-common/5.4.0/rest-assured-common-5.4.0.jar:/home/abisherk/.m2/repository/io/rest-assured/json-path/5.4.0/json-path-5.4.0.jar:/home/abisherk/.m2/repository/org/apache/groovy/groovy-json/4.0.16/groovy-json-4.0.16.jar:/home/abisherk/.m2/repository/com/fasterxml/jackson/core/jackson-databind/2.16.1/jackson-databind-2.16.1.jar:/home/abisherk/.m2/repository/com/fasterxml/jackson/core/jackson-annotations/2.16.1/jackson-annotations-2.16.1.jar:/home/abisherk/.m2/repository/com/fasterxml/jackson/core/jackson-core/2.16.1/jackson-core-2.16.1.jar:/home/abisherk/.m2/repository/jakarta/xml/ws/jakarta.xml.ws-api/4.0.2/jakarta.xml.ws-api-4.0.2.jar:/home/abisherk/.m2/repository/jakarta/xml/bind/jakarta.xml.bind-api/4.0.2/jakarta.xml.bind-api-4.0.2.jar:/home/abisherk/.m2/repository/jakarta/xml/soap/jakarta.xml.soap-api/3.0.2/jakarta.xml.soap-api-3.0.2.jar:/home/abisherk/.m2/repository/com/sun/xml/ws/jaxws-tools/4.0.3/jaxws-tools-4.0.3.jar:/home/abisherk/.m2/repository/com/sun/xml/bind/jaxb-xjc/4.0.5/jaxb-xjc-4.0.5.jar:/home/abisherk/.m2/repository/com/sun/xml/bind/jaxb-core/4.0.5/jaxb-core-4.0.5.jar:/home/abisherk/.m2/repository/com/sun/xml/bind/jaxb-jxc/4.0.5/jaxb-jxc-4.0.5.jar:/home/abisherk/.m2/repository/jakarta/activation/jakarta.activation-api/2.1.3/jakarta.activation-api-2.1.3.jar:/home/abisherk/.m2/repository/jakarta/annotation/jakarta.annotation-api/3.0.0/jakarta.annotation-api-3.0.0.jar:/home/abisherk/.m2/repository/com/sun/xml/ws/jaxws-rt/4.0.3/jaxws-rt-4.0.3.jar:/home/abisherk/.m2/repository/com/sun/xml/bind/jaxb-impl/4.0.5/jaxb-impl-4.0.5.jar:/home/abisherk/.m2/repository/org/glassfish/ha/ha-api/3.1.13/ha-api-3.1.13.jar:/home/abisherk/.m2/repository/org/glassfish/external/management-api/3.2.3/management-api-3.2.3.jar:/home/abisherk/.m2/repository/org/glassfish/gmbal/gmbal-api-only/4.0.3/gmbal-api-only-4.0.3.jar:/home/abisherk/.m2/repository/org/jvnet/staxex/stax-ex/2.1.0/stax-ex-2.1.0.jar:/home/abisherk/.m2/repository/com/sun/xml/stream/buffer/streambuffer/2.1.0/streambuffer-2.1.0.jar:/home/abisherk/.m2/repository/org/jvnet/mimepull/mimepull/1.10.0/mimepull-1.10.0.jar:/home/abisherk/.m2/repository/com/sun/xml/fastinfoset/FastInfoset/2.1.1/FastInfoset-2.1.1.jar:/home/abisherk/.m2/repository/jakarta/mail/jakarta.mail-api/2.1.3/jakarta.mail-api-2.1.3.jar:/home/abisherk/.m2/repository/org/eclipse/angus/angus-activation/2.0.2/angus-activation-2.0.2.jar:/home/abisherk/.m2/repository/org/eclipse/angus/angus-mail/2.0.3/angus-mail-2.0.3.jar:/home/abisherk/.m2/repository/com/sun/xml/messaging/saaj/saaj-impl/3.0.4/saaj-impl-3.0.4.jar:/home/abisherk/.m2/repository/com/fasterxml/woodstox/woodstox-core/7.0.0/woodstox-core-7.0.0.jar:/home/abisherk/.m2/repository/org/codehaus/woodstox/stax2-api/4.2.2/stax2-api-4.2.2.jar:/home/abisherk/.m2/repository/javax/ws/rs/javax.ws.rs-api/2.1.1/javax.ws.rs-api-2.1.1.jar:/home/abisherk/.m2/repository/javax/annotation/javax.annotation-api/1.3.2/javax.annotation-api-1.3.2.jar:/home/abisherk/.m2/repository/javax/xml/bind/jaxb-api/2.3.1/jaxb-api-2.3.1.jar:/home/abisherk/.m2/repository/javax/activation/javax.activation-api/1.2.0/javax.activation-api-1.2.0.jar:/home/abisherk/.m2/repository/org/glassfish/jaxb/jaxb-runtime/2.3.1/jaxb-runtime-2.3.1.jar:/home/abisherk/.m2/repository/org/glassfish/jaxb/txw2/2.3.1/txw2-2.3.1.jar:/home/abisherk/.m2/repository/com/sun/istack/istack-commons-runtime/3.0.7/istack-commons-runtime-3.0.7.jar:/home/abisherk/.m2/repository/com/google/code/findbugs/jsr305/3.0.2/jsr305-3.0.2.jar:"/>
    <property name="sun.cpu.endian" value="little"/>
    <property name="user.home" value="/home/abisherk"/>
    <property name="user.language" value="en"/>
    <property name="java.specification.vendor" value="Oracle Corporation"/>
    <property name="java.version.date" value="2025-01-21"/>
    <property name="java.home" value="/usr/lib/jvm/java-21-openjdk-amd64"/>
    <property name="file.separator" value="/"/>
    <property name="basedir" value="/home/abisherk/Internship/InternProject/apim-test-framework/tests-integration/cucumber-tests"/>
    <property name="java.vm.compressedOopsMode" value="Zero based"/>
    <property name="line.separator" value="&#10;"/>
    <property name="java.vm.specification.vendor" value="Oracle Corporation"/>
    <property name="java.specification.name" value="Java Platform API Specification"/>
    <property name="surefire.real.class.path" value="/home/abisherk/Internship/InternProject/apim-test-framework/tests-integration/cucumber-tests/target/surefire/surefirebooter-20250507114704693_7.jar"/>
    <property name="javax.net.ssl.trustStore" value="/home/abisherk/Internship/InternProject/apim-test-framework-testcontainers/truststore.jks"/>
    <property name="sun.management.compiler" value="HotSpot 64-Bit Tiered Compilers"/>
    <property name="java.runtime.version" value="21.0.6+7-Ubuntu-124.04.1"/>
    <property name="user.name" value="abisherk"/>
    <property name="stdout.encoding" value="UTF-8"/>
    <property name="path.separator" value=":"/>
    <property name="os.version" value="6.11.0-24-generic"/>
    <property name="java.runtime.name" value="OpenJDK Runtime Environment"/>
    <property name="file.encoding" value="UTF-8"/>
    <property name="java.vm.name" value="OpenJDK 64-Bit Server VM"/>
    <property name="localRepository" value="/home/abisherk/.m2/repository"/>
    <property name="java.vendor.url.bug" value="https://bugs.launchpad.net/ubuntu/+source/openjdk-21"/>
    <property name="java.io.tmpdir" value="/tmp"/>
    <property name="java.version" value="21.0.6"/>
    <property name="user.dir" value="/home/abisherk/Internship/InternProject/apim-test-framework/tests-integration/cucumber-tests"/>
    <property name="os.arch" value="amd64"/>
    <property name="java.vm.specification.name" value="Java Virtual Machine Specification"/>
    <property name="native.encoding" value="UTF-8"/>
    <property name="java.library.path" value="/usr/java/packages/lib:/usr/lib/x86_64-linux-gnu/jni:/lib/x86_64-linux-gnu:/usr/lib/x86_64-linux-gnu:/usr/lib/jni:/lib:/usr/lib"/>
    <property name="java.vm.info" value="mixed mode, sharing"/>
    <property name="stderr.encoding" value="UTF-8"/>
    <property name="java.vendor" value="Ubuntu"/>
    <property name="java.vm.version" value="21.0.6+7-Ubuntu-124.04.1"/>
    <property name="sun.io.unicode.encoding" value="UnicodeLittle"/>
    <property name="java.class.version" value="65.0"/>
    <property name="org.apache.http.wire.level" value="OFF"/>
  </properties>
  <testcase name="runScenario[&quot;Invoke API using system-wide custom auth header and custom API Key header&quot;, &quot;Optional[Custom Header Authorization and API Key Support]&quot;](1)" classname="org.wso2.am.integration.cucumbertests.runners.customHeaderTestRunner" time="547.245">
    <system-out><![CDATA[[TestNGContentHandler] [WARN] It is strongly recommended to add "<!DOCTYPE suite SYSTEM "https://testng.org/testng-1.0.dtd" >" at the top of the suite file [/home/abisherk/Internship/InternProject/apim-test-framework/tests-integration/cucumber-tests/src/test/resources/testng.xml] otherwise TestNG may fail or not work as expected.

Scenario: Invoke API using system-wide custom auth header and custom API Key header                                                                                                                                                                                                             &amp#27;[90m# src/test/resources/features/customHeaderTest/custom_header_test.feature:16&amp#27;[0m
11:47:09.040 [main] INFO  o.w.am.testcontainers.NodeAppServer - Initializing NodeAppServer...
11:47:09.128 [main] INFO  org.testcontainers.images.PullPolicy - Image pull policy will be performed by: DefaultPullPolicy()
11:47:09.137 [main] INFO  o.t.utility.ImageNameSubstitutor - Image name substitution will be performed by: DefaultImageNameSubstitutor (composite of 'ConfigurationFileImageNameSubstitutor' and 'PrefixingImageNameSubstitutor')
11:47:09.173 [main] INFO  o.testcontainers.DockerClientFactory - Testcontainers version: 1.20.4
11:47:09.817 [main] INFO  o.t.d.DockerClientProviderStrategy - Loaded org.testcontainers.dockerclient.UnixSocketClientProviderStrategy from ~/.testcontainers.properties, will try it first
11:47:10.885 [main] INFO  o.t.d.DockerClientProviderStrategy - Found Docker environment with local Unix socket (unix:///var/run/docker.sock)
11:47:10.891 [main] INFO  o.testcontainers.DockerClientFactory - Docker host IP address is localhost
11:47:10.971 [main] INFO  o.testcontainers.DockerClientFactory - Connected to docker: 
  Server Version: 26.1.5
  API Version: 1.45
  Operating System: Alpine Linux v3.20
  Total Memory: 3921 MB
11:47:11.084 [main] INFO  tc.testcontainers/ryuk:0.11.0 - Creating container for image: testcontainers/ryuk:0.11.0
11:47:11.173 [main] INFO  o.t.utility.RegistryAuthLocator - Credential helper/store (docker-credential-pass) does not have credentials for https://index.docker.io/v1/
11:47:11.539 [main] INFO  tc.testcontainers/ryuk:0.11.0 - Container testcontainers/ryuk:0.11.0 is starting: 7cbe62b63fec66cad8e52f4064e09a26a6b067c564cf0a897e404cdd03e0e652
11:47:12.591 [main] INFO  tc.testcontainers/ryuk:0.11.0 - Container testcontainers/ryuk:0.11.0 started in PT1.507229651S
11:47:12.616 [testcontainers-ryuk] WARN  o.t.utility.RyukResourceReaper - Can not connect to Ryuk at localhost:32774
java.net.ConnectException: Connection refused
	at java.base/sun.nio.ch.Net.pollConnect(Native Method)
	at java.base/sun.nio.ch.Net.pollConnectNow(Net.java:682)
	at java.base/sun.nio.ch.NioSocketImpl.timedFinishConnect(NioSocketImpl.java:542)
	at java.base/sun.nio.ch.NioSocketImpl.connect(NioSocketImpl.java:592)
	at java.base/java.net.SocksSocketImpl.connect(SocksSocketImpl.java:327)
	at java.base/java.net.Socket.connect(Socket.java:751)
	at org.testcontainers.utility.RyukResourceReaper.lambda$null$0(RyukResourceReaper.java:92)
	at org.rnorth.ducttape.ratelimits.RateLimiter.doWhenReady(RateLimiter.java:27)
	at org.testcontainers.utility.RyukResourceReaper.lambda$maybeStart$1(RyukResourceReaper.java:88)
	at java.base/java.lang.Thread.run(Thread.java:1583)
11:47:12.896 [main] INFO  o.t.utility.RyukResourceReaper - Ryuk started - will monitor and terminate Testcontainers containers on JVM exit
11:47:12.897 [main] INFO  o.testcontainers.DockerClientFactory - Checking the system...
11:47:12.900 [main] INFO  o.testcontainers.DockerClientFactory - ✔︎ Docker server version should be at least 1.6.0
11:47:12.969 [main] INFO  tc.node-customer-service:latest - Creating container for image: node-customer-service:latest
11:47:13.466 [main] INFO  tc.node-customer-service:latest - Container node-customer-service:latest is starting: e9132066b223044d77fc379f87caaef702f9774822286fdc1bb892dda6ab09cc
11:47:17.376 [docker-java-stream-1191643745] INFO  o.w.am.testcontainers.NodeAppServer - STDOUT: 
11:47:17.377 [docker-java-stream-1191643745] INFO  o.w.am.testcontainers.NodeAppServer - STDOUT: > node-customer-service@1.0.0 start
11:47:17.378 [docker-java-stream-1191643745] INFO  o.w.am.testcontainers.NodeAppServer - STDOUT: > node server.js
11:47:17.378 [docker-java-stream-1191643745] INFO  o.w.am.testcontainers.NodeAppServer - STDOUT: 
11:47:18.433 [docker-java-stream-1191643745] INFO  o.w.am.testcontainers.NodeAppServer - STDOUT: Customer Service API running at http://nodebackend:8080
11:47:18.525 [main] INFO  tc.node-customer-service:latest - Container node-customer-service:latest started in PT5.556118648S
11:47:18.525 [main] INFO  o.w.am.testcontainers.NodeAppServer - NodeAppServer successfully initialized
  &amp#27;[32mGiven &amp#27;[0m&amp#27;[32mI have initialized the NodeApp server container&amp#27;[0m                                                                                                                                                                                                                                         &amp#27;[90m# org.wso2.am.integration.cucumbertests.stepdefinitions.ContainorIntitialisationStepDefinitions.initializeNodeAppServerContainer()&amp#27;[0m
11:47:18.553 [main] INFO  tc.openjdk:11-jre-slim - Creating container for image: openjdk:11-jre-slim
11:48:23.054 [main] INFO  tc.openjdk:11-jre-slim - Container openjdk:11-jre-slim is starting: e82c15ce83d1544239376d8611cb84ebe79d954953dd2dc3c0ef8e25b1cf6203
11:48:24.330 [docker-java-stream--653004835] INFO  o.w.a.t.CustomAPIMContainer - [customHeader] STDOUT: JAVA_HOME environment variable is set to /usr/local/openjdk-11
11:48:24.331 [docker-java-stream--653004835] INFO  o.w.a.t.CustomAPIMContainer - [customHeader] STDOUT: CARBON_HOME environment variable is set to /opt
11:48:24.542 [docker-java-stream--653004835] INFO  o.w.a.t.CustomAPIMContainer - [customHeader] STDOUT: Using Java memory options: -Xms256m -Xmx1024m
11:48:32.866 [docker-java-stream--653004835] INFO  o.w.a.t.CustomAPIMContainer - [customHeader] STDOUT: [2025-05-07 06:18:32,823]  INFO {org.wso2.config.mapper.ConfigParser} - Initializing configurations with deployment configurations
11:49:30.593 [docker-java-stream--653004835] INFO  o.w.a.t.CustomAPIMContainer - [customHeader] STDOUT: [2025-05-07 06:19:30,545]  INFO - CarbonCoreActivator Starting WSO2 Carbon...
11:49:30.597 [docker-java-stream--653004835] INFO  o.w.a.t.CustomAPIMContainer - [customHeader] STDOUT: [2025-05-07 06:19:30,547]  INFO - CarbonCoreActivator Operating System : Linux 6.6.71-0-virt, amd64
11:49:30.599 [docker-java-stream--653004835] INFO  o.w.a.t.CustomAPIMContainer - [customHeader] STDOUT: [2025-05-07 06:19:30,547]  INFO - CarbonCoreActivator Java Home        : /usr/local/openjdk-11
11:49:30.600 [docker-java-stream--653004835] INFO  o.w.a.t.CustomAPIMContainer - [customHeader] STDOUT: [2025-05-07 06:19:30,547]  INFO - CarbonCoreActivator Java Version     : 11.0.16
11:49:30.603 [docker-java-stream--653004835] INFO  o.w.a.t.CustomAPIMContainer - [customHeader] STDOUT: [2025-05-07 06:19:30,547]  INFO - CarbonCoreActivator Java VM          : OpenJDK 64-Bit Server VM 11.0.16+8,Oracle Corporation
11:49:30.605 [docker-java-stream--653004835] INFO  o.w.a.t.CustomAPIMContainer - [customHeader] STDOUT: [2025-05-07 06:19:30,547]  INFO - CarbonCoreActivator Carbon Home      : /opt
11:49:30.607 [docker-java-stream--653004835] INFO  o.w.a.t.CustomAPIMContainer - [customHeader] STDOUT: [2025-05-07 06:19:30,548]  INFO - CarbonCoreActivator Java Temp Dir    : /opt/tmp
11:49:30.609 [docker-java-stream--653004835] INFO  o.w.a.t.CustomAPIMContainer - [customHeader] STDOUT: [2025-05-07 06:19:30,548]  INFO - CarbonCoreActivator User             : root, en-null, Etc/UTC
11:49:32.501 [docker-java-stream--653004835] INFO  o.w.a.t.CustomAPIMContainer - [customHeader] STDOUT: [2025-05-07 06:19:32,483]  INFO - DefaultCryptoProviderComponent 'CryptoService.Secret' property has not been set. 'org.wso2.carbon.crypto.provider.SymmetricKeyInternalCryptoProvider' won't be registered as an internal crypto provider. Please set the secret if the provider needs to be registered.
11:49:34.741 [docker-java-stream--653004835] INFO  o.w.a.t.CustomAPIMContainer - [customHeader] STDOUT: [2025-05-07 06:19:34,726]  INFO - KafkaEventAdapterServiceDS Successfully deployed the Kafka output event adaptor service
11:49:46.376 [docker-java-stream--653004835] INFO  o.w.a.t.CustomAPIMContainer - [customHeader] STDOUT: [2025-05-07 06:19:46,345]  INFO - ServiceComponent Eventing Hub ServiceComponent is activated
11:49:51.533 [docker-java-stream--653004835] INFO  o.w.a.t.CustomAPIMContainer - [customHeader] STDOUT: [2025-05-07 06:19:51,517]  WARN - Digester Match [Server/Service/Engine/Host/Valve] failed to set property [maxDays] to []
11:49:58.431 [docker-java-stream--653004835] INFO  o.w.a.t.CustomAPIMContainer - [customHeader] STDOUT: [2025-05-07 06:19:58,415]  INFO - ConsentManagerComponent ConsentManagerComponent is activated.
11:49:59.805 [docker-java-stream--653004835] INFO  o.w.a.t.CustomAPIMContainer - [customHeader] STDOUT: [2025-05-07 06:19:59,789]  INFO - BinaryDataReceiverServiceComponent Binary Data Receiver server activated
11:49:59.924 [docker-java-stream--653004835] INFO  o.w.a.t.CustomAPIMContainer - [customHeader] STDOUT: [2025-05-07 06:19:59,909]  INFO - DataBridgeDS Successfully deployed Agent Server 
11:50:03.291 [docker-java-stream--653004835] INFO  o.w.a.t.CustomAPIMContainer - [customHeader] STDOUT: [2025-05-07 06:20:03,275]  INFO - EmbeddedRegistryService Configured Registry in 861ms
11:50:03.831 [docker-java-stream--653004835] INFO  o.w.a.t.CustomAPIMContainer - [customHeader] STDOUT: [2025-05-07 06:20:03,815]  INFO - EmbeddedRegistryService Connected to mount at configregistry in 104ms
11:50:03.836 [docker-java-stream--653004835] INFO  o.w.a.t.CustomAPIMContainer - [customHeader] STDOUT: [2025-05-07 06:20:03,815]  INFO - EmbeddedRegistryService Connected to mount at govregistry in 104ms
11:50:04.616 [docker-java-stream--653004835] INFO  o.w.a.t.CustomAPIMContainer - [customHeader] STDOUT: [2025-05-07 06:20:04,600]  INFO - EmbeddedRegistryService Connected to mount at configregistry in 8ms
11:50:04.627 [docker-java-stream--653004835] INFO  o.w.a.t.CustomAPIMContainer - [customHeader] STDOUT: [2025-05-07 06:20:04,609]  INFO - EmbeddedRegistryService Connected to mount at govregistry in 19ms
11:50:06.322 [docker-java-stream--653004835] INFO  o.w.a.t.CustomAPIMContainer - [customHeader] STDOUT: [2025-05-07 06:20:06,306]  INFO - RegistryCoreServiceComponent Registry Mode    : READ-WRITE
11:50:08.822 [docker-java-stream--653004835] INFO  o.w.a.t.CustomAPIMContainer - [customHeader] STDOUT: [2025-05-07 06:20:08,806]  INFO - JmxReporterBuilder Creating JMX reporter for Metrics with domain 'org.wso2.carbon.metrics'
11:50:08.843 [docker-java-stream--653004835] INFO  o.w.a.t.CustomAPIMContainer - [customHeader] STDOUT: [2025-05-07 06:20:08,823]  INFO - AbstractReporter Started JMX reporter for Metrics
11:50:28.089 [docker-java-stream--653004835] INFO  o.w.a.t.CustomAPIMContainer - [customHeader] STDOUT: [2025-05-07 06:20:28,072]  INFO - SolrClient Default Embedded Solr Server Initialized
11:50:28.811 [docker-java-stream--653004835] INFO  o.w.a.t.CustomAPIMContainer - [customHeader] STDOUT: [2025-05-07 06:20:28,794]  INFO - UserStoreMgtDSComponent Carbon UserStoreMgtDSComponent activated successfully.
11:50:39.082 [docker-java-stream--653004835] INFO  o.w.a.t.CustomAPIMContainer - [customHeader] STDOUT: [2025-05-07 06:20:39,065]  INFO - UserStoreConfigurationDeployer User Store Configuration Deployer initiated.
11:50:39.084 [docker-java-stream--653004835] INFO  o.w.a.t.CustomAPIMContainer - [customHeader] STDOUT: [2025-05-07 06:20:39,068]  INFO - UserStoreConfigurationDeployer User Store Configuration Deployer initiated.
11:50:39.727 [docker-java-stream--653004835] INFO  o.w.a.t.CustomAPIMContainer - [customHeader] STDOUT: [2025-05-07 06:20:39,710]  INFO - WebsocketTransportSender WSS Sender started
11:50:39.751 [docker-java-stream--653004835] INFO  o.w.a.t.CustomAPIMContainer - [customHeader] STDOUT: [2025-05-07 06:20:39,734]  INFO - PassThroughHttpSender Initializing Pass-through HTTP/S Sender...
11:50:40.022 [docker-java-stream--653004835] INFO  o.w.a.t.CustomAPIMContainer - [customHeader] STDOUT: [2025-05-07 06:20:40,003]  INFO - PassThroughHttpSender Pass-through HTTP Sender started...
11:50:40.023 [docker-java-stream--653004835] INFO  o.w.a.t.CustomAPIMContainer - [customHeader] STDOUT: [2025-05-07 06:20:40,004]  INFO - PassThroughHttpSSLSender Initializing Pass-through HTTP/S Sender...
11:50:40.299 [docker-java-stream--653004835] INFO  o.w.a.t.CustomAPIMContainer - [customHeader] STDOUT: [2025-05-07 06:20:40,282]  INFO - ClientConnFactoryBuilder customSSLProfiles configuration is loaded from path: /opt/repository/resources/security/sslprofiles.xml
11:50:40.309 [docker-java-stream--653004835] INFO  o.w.a.t.CustomAPIMContainer - [customHeader] STDOUT: [2025-05-07 06:20:40,286]  INFO - ClientConnFactoryBuilder HTTPS Loading custom SSL profiles for the HTTPS sender
11:50:40.455 [docker-java-stream--653004835] INFO  o.w.a.t.CustomAPIMContainer - [customHeader] STDOUT: [2025-05-07 06:20:40,437]  INFO - ClientConnFactoryBuilder HTTPS Custom SSL profiles initialized for 1 servers
11:50:40.458 [docker-java-stream--653004835] INFO  o.w.a.t.CustomAPIMContainer - [customHeader] STDOUT: [2025-05-07 06:20:40,442]  INFO - PassThroughHttpSSLSender Pass-through HTTPS Sender started...
11:50:40.474 [docker-java-stream--653004835] INFO  o.w.a.t.CustomAPIMContainer - [customHeader] STDOUT: [2025-05-07 06:20:40,457]  INFO - WebsocketTransportSender WS Sender started
11:50:40.543 [docker-java-stream--653004835] INFO  o.w.a.t.CustomAPIMContainer - [customHeader] STDOUT: [2025-05-07 06:20:40,525]  INFO - PassThroughHttpListener Initializing Pass-through HTTP/S Listener...
11:50:40.699 [docker-java-stream--653004835] INFO  o.w.a.t.CustomAPIMContainer - [customHeader] STDOUT: [2025-05-07 06:20:40,682]  INFO - PassThroughHttpMultiSSLListener Initializing Pass-through HTTP/S Listener...
11:50:40.897 [docker-java-stream--653004835] INFO  o.w.a.t.CustomAPIMContainer - [customHeader] STDOUT: [2025-05-07 06:20:40,880]  INFO - ServerConnFactoryBuilder SSLProfile configuration is loaded from path: /opt/repository/resources/security/listenerprofiles.xml
11:50:41.934 [docker-java-stream--653004835] INFO  o.w.a.t.CustomAPIMContainer - [customHeader] STDOUT: [2025-05-07 06:20:41,917]  INFO - DeploymentInterceptor Deploying Axis2 service: AdminAdvisoryManagementService {super-tenant}
11:50:45.502 [docker-java-stream--653004835] INFO  o.w.a.t.CustomAPIMContainer - [customHeader] STDOUT: [2025-05-07 06:20:45,483]  INFO - DeploymentInterceptor Deploying Axis2 service: I18nEmailMgtConfigService {super-tenant}
11:50:53.488 [docker-java-stream--653004835] INFO  o.w.a.t.CustomAPIMContainer - [customHeader] STDOUT: [2025-05-07 06:20:53,470]  INFO - DeploymentInterceptor Deploying Axis2 service: AccountCredentialMgtConfigService {super-tenant}
11:50:53.492 [docker-java-stream--653004835] INFO  o.w.a.t.CustomAPIMContainer - [customHeader] STDOUT: [2025-05-07 06:20:53,472]  INFO - DeploymentInterceptor Deploying Axis2 service: UserIdentityManagementAdminService {super-tenant}
11:50:53.501 [docker-java-stream--653004835] INFO  o.w.a.t.CustomAPIMContainer - [customHeader] STDOUT: [2025-05-07 06:20:53,478]  INFO - DeploymentInterceptor Deploying Axis2 service: UserInformationRecoveryService {super-tenant}
11:50:56.514 [docker-java-stream--653004835] INFO  o.w.a.t.CustomAPIMContainer - [customHeader] STDOUT: [2025-05-07 06:20:56,496]  WARN - DefaultSchemaGenerator We don't support method overloading. Ignoring [addRemoteServerConfig]
11:50:56.519 [docker-java-stream--653004835] INFO  o.w.a.t.CustomAPIMContainer - [customHeader] STDOUT: [2025-05-07 06:20:56,496]  WARN - DefaultSchemaGenerator We don't support method overloading. Ignoring [resetRemoteServerConfig]
11:50:59.085 [docker-java-stream--653004835] INFO  o.w.a.t.CustomAPIMContainer - [customHeader] STDOUT: [2025-05-07 06:20:59,067]  WARN - DefaultSchemaGenerator We don't support method overloading. Ignoring [searchByAttribute]
11:51:04.747 [docker-java-stream--653004835] INFO  o.w.a.t.CustomAPIMContainer - [customHeader] STDOUT: [2025-05-07 06:21:04,727]  INFO - CarbonServerManager Repository       : /opt/repository/deployment/server/
11:51:04.794 [docker-java-stream--653004835] INFO  o.w.a.t.CustomAPIMContainer - [customHeader] STDOUT: [2025-05-07 06:21:04,772]  INFO - KafkaEventAdapterServiceHolder Kafka input event adaptor waiting for dependent configurations to load
11:51:04.983 [docker-java-stream--653004835] INFO  o.w.a.t.CustomAPIMContainer - [customHeader] STDOUT: [2025-05-07 06:21:04,965]  INFO - QueueManagerServiceDS Successfully created the queue manager service
11:51:05.076 [docker-java-stream--653004835] INFO  o.w.a.t.CustomAPIMContainer - [customHeader] STDOUT: [2025-05-07 06:21:05,057]  INFO - SubscriptionManagerServiceDS Successfully created the subscription manager service
11:51:05.463 [docker-java-stream--653004835] INFO  o.w.a.t.CustomAPIMContainer - [customHeader] STDOUT: [2025-05-07 06:21:05,444]  INFO - PersistenceManagerComponent Activating PersistenceManagerComponent 
11:51:05.706 [docker-java-stream--653004835] INFO  o.w.a.t.CustomAPIMContainer - [customHeader] STDOUT: [2025-05-07 06:21:05,688]  INFO - TenantLoadingConfig Using tenant lazy loading policy...
11:51:05.875 [docker-java-stream--653004835] INFO  o.w.a.t.CustomAPIMContainer - [customHeader] STDOUT: [2025-05-07 06:21:05,857]  INFO - PermissionUpdater Permission cache updated for tenant -1234
11:51:21.226 [docker-java-stream--653004835] INFO  o.w.a.t.CustomAPIMContainer - [customHeader] STDOUT: [2025-05-07 06:21:21,208]  INFO - SchemaBuilder XACML policy schema loaded successfully.
11:51:22.105 [docker-java-stream--653004835] INFO  o.w.a.t.CustomAPIMContainer - [customHeader] STDOUT: [2025-05-07 06:21:22,086]  INFO - UserStoreMgtDSComponent Claim manager set for class org.wso2.carbon.user.core.common.DefaultRealm
11:51:22.158 [docker-java-stream--653004835] INFO  o.w.a.t.CustomAPIMContainer - [customHeader] STDOUT: [2025-05-07 06:21:22,139]  INFO - UserStoreMgtDSComponent Claim manager set for class org.wso2.carbon.user.core.jdbc.UniqueIDJDBCUserStoreManager
11:51:22.493 [docker-java-stream--653004835] INFO  o.w.a.t.CustomAPIMContainer - [customHeader] STDOUT: [2025-05-07 06:21:22,475]  WARN - ApplicationManagementServiceComponent Templates directory not found at /opt/repository/resources/identity/authntemplates
11:51:23.942 [docker-java-stream--653004835] INFO  o.w.a.t.CustomAPIMContainer - [customHeader] STDOUT: [2025-05-07 06:21:23,922]  WARN - AuthenticationValveServiceComponent File invalid_tenant_domain_response.html not found. The default content will be used as the error page content.
11:51:24.287 [docker-java-stream--653004835] INFO  o.w.a.t.CustomAPIMContainer - [customHeader] STDOUT: [2025-05-07 06:21:24,268]  WARN - AuthenticationServiceComponent 
11:51:24.289 [docker-java-stream--653004835] INFO  o.w.a.t.CustomAPIMContainer - [customHeader] STDOUT: 
11:51:24.289 [docker-java-stream--653004835] INFO  o.w.a.t.CustomAPIMContainer - [customHeader] STDOUT: ##################################  ALERT  ##################################
11:51:24.290 [docker-java-stream--653004835] INFO  o.w.a.t.CustomAPIMContainer - [customHeader] STDOUT: [WARNING]: Internal authentication is utilizing default credentials,
11:51:24.290 [docker-java-stream--653004835] INFO  o.w.a.t.CustomAPIMContainer - [customHeader] STDOUT: which may expose the environment to potential security risks.
11:51:24.290 [docker-java-stream--653004835] INFO  o.w.a.t.CustomAPIMContainer - [customHeader] STDOUT: If this is a production environment, change the credentials immediately.
11:51:24.290 [docker-java-stream--653004835] INFO  o.w.a.t.CustomAPIMContainer - [customHeader] STDOUT: Please refer to the WSO2 security advisory: https://security.docs.wso2.com/en/latest/security-announcements/security-advisories/2023/WSO2-2023-2617/
11:51:24.291 [docker-java-stream--653004835] INFO  o.w.a.t.CustomAPIMContainer - [customHeader] STDOUT: #############################################################################
11:51:24.291 [docker-java-stream--653004835] INFO  o.w.a.t.CustomAPIMContainer - [customHeader] STDOUT: 
11:51:24.351 [docker-java-stream--653004835] INFO  o.w.a.t.CustomAPIMContainer - [customHeader] STDOUT: [2025-05-07 06:21:24,333]  INFO - TenantAssociationServiceComponent Organization management related TenantAssociationManagementListener registered successfully.
11:51:26.365 [docker-java-stream--653004835] INFO  o.w.a.t.CustomAPIMContainer - [customHeader] STDOUT: [2025-05-07 06:21:26,345]  INFO - AuthAPIServiceComponent Auth API Service Component  is activated.
11:51:32.768 [docker-java-stream--653004835] INFO  o.w.a.t.CustomAPIMContainer - [customHeader] STDOUT: [2025-05-07 06:21:32,749]  INFO - APIUtil Common operation policy xmlValidator_v1 was added to the organization carbon.super successfully
11:51:32.809 [docker-java-stream--653004835] INFO  o.w.a.t.CustomAPIMContainer - [customHeader] STDOUT: [2025-05-07 06:21:32,790]  INFO - APIUtil Common operation policy modelRoundRobin_v1 was added to the organization carbon.super successfully
11:51:32.896 [docker-java-stream--653004835] INFO  o.w.a.t.CustomAPIMContainer - [customHeader] STDOUT: [2025-05-07 06:21:32,867]  INFO - APIUtil Common operation policy addLogMessage_v1 was added to the organization carbon.super successfully
11:51:32.952 [docker-java-stream--653004835] INFO  o.w.a.t.CustomAPIMContainer - [customHeader] STDOUT: [2025-05-07 06:21:32,933]  INFO - APIUtil Common operation policy debugResponseFlow_v1 was added to the organization carbon.super successfully
11:51:32.982 [docker-java-stream--653004835] INFO  o.w.a.t.CustomAPIMContainer - [customHeader] STDOUT: [2025-05-07 06:21:32,961]  INFO - APIUtil Common operation policy xmlToJson_v1 was added to the organization carbon.super successfully
11:51:33.035 [docker-java-stream--653004835] INFO  o.w.a.t.CustomAPIMContainer - [customHeader] STDOUT: [2025-05-07 06:21:33,016]  INFO - APIUtil Common operation policy addQueryParam_v1 was added to the organization carbon.super successfully
11:51:33.068 [docker-java-stream--653004835] INFO  o.w.a.t.CustomAPIMContainer - [customHeader] STDOUT: [2025-05-07 06:21:33,049]  INFO - APIUtil Common operation policy modelWeightedRoundRobin_v1 was added to the organization carbon.super successfully
11:51:33.119 [docker-java-stream--653004835] INFO  o.w.a.t.CustomAPIMContainer - [customHeader] STDOUT: [2025-05-07 06:21:33,101]  INFO - APIUtil Common operation policy rewriteResourcePath_v3 was added to the organization carbon.super successfully
11:51:33.182 [docker-java-stream--653004835] INFO  o.w.a.t.CustomAPIMContainer - [customHeader] STDOUT: [2025-05-07 06:21:33,162]  INFO - APIUtil Common operation policy opaPolicy_v1 was added to the organization carbon.super successfully
11:51:33.232 [docker-java-stream--653004835] INFO  o.w.a.t.CustomAPIMContainer - [customHeader] STDOUT: [2025-05-07 06:21:33,212]  INFO - APIUtil Common operation policy addHeader_v2 was added to the organization carbon.super successfully
11:51:33.246 [docker-java-stream--653004835] INFO  o.w.a.t.CustomAPIMContainer - [customHeader] STDOUT: [2025-05-07 06:21:33,227]  INFO - APIUtil Common operation policy debugJsonFault_v1 was added to the organization carbon.super successfully
11:51:33.261 [docker-java-stream--653004835] INFO  o.w.a.t.CustomAPIMContainer - [customHeader] STDOUT: [2025-05-07 06:21:33,242]  INFO - APIUtil Common operation policy regexPolicy_v1 was added to the organization carbon.super successfully
11:51:33.282 [docker-java-stream--653004835] INFO  o.w.a.t.CustomAPIMContainer - [customHeader] STDOUT: [2025-05-07 06:21:33,262]  INFO - APIUtil Common operation policy removeHeader_v1 was added to the organization carbon.super successfully
11:51:33.298 [docker-java-stream--653004835] INFO  o.w.a.t.CustomAPIMContainer - [customHeader] STDOUT: [2025-05-07 06:21:33,279]  INFO - APIUtil Common operation policy setToHeader_v1 was added to the organization carbon.super successfully
11:51:33.313 [docker-java-stream--653004835] INFO  o.w.a.t.CustomAPIMContainer - [customHeader] STDOUT: [2025-05-07 06:21:33,293]  INFO - APIUtil Common operation policy awsOAuth2_v1 was added to the organization carbon.super successfully
11:51:33.328 [docker-java-stream--653004835] INFO  o.w.a.t.CustomAPIMContainer - [customHeader] STDOUT: [2025-05-07 06:21:33,308]  INFO - APIUtil Common operation policy apkMirrorRequest_v1 was added to the organization carbon.super successfully
11:51:33.346 [docker-java-stream--653004835] INFO  o.w.a.t.CustomAPIMContainer - [customHeader] STDOUT: [2025-05-07 06:21:33,327]  INFO - APIUtil Common operation policy modelFailover_v1 was added to the organization carbon.super successfully
11:51:33.362 [docker-java-stream--653004835] INFO  o.w.a.t.CustomAPIMContainer - [customHeader] STDOUT: [2025-05-07 06:21:33,343]  INFO - APIUtil Common operation policy revokeOneTimeToken_v1 was added to the organization carbon.super successfully
11:51:33.386 [docker-java-stream--653004835] INFO  o.w.a.t.CustomAPIMContainer - [customHeader] STDOUT: [2025-05-07 06:21:33,367]  INFO - APIUtil Common operation policy jsonToXML_v1 was added to the organization carbon.super successfully
11:51:33.403 [docker-java-stream--653004835] INFO  o.w.a.t.CustomAPIMContainer - [customHeader] STDOUT: [2025-05-07 06:21:33,382]  INFO - APIUtil Common operation policy apkAddHeader_v1 was added to the organization carbon.super successfully
11:51:33.417 [docker-java-stream--653004835] INFO  o.w.a.t.CustomAPIMContainer - [customHeader] STDOUT: [2025-05-07 06:21:33,397]  INFO - APIUtil Common operation policy apkRedirectRequest_v1 was added to the organization carbon.super successfully
11:51:33.430 [docker-java-stream--653004835] INFO  o.w.a.t.CustomAPIMContainer - [customHeader] STDOUT: [2025-05-07 06:21:33,410]  INFO - APIUtil Common operation policy apkRemoveHeader_v1 was added to the organization carbon.super successfully
11:51:33.447 [docker-java-stream--653004835] INFO  o.w.a.t.CustomAPIMContainer - [customHeader] STDOUT: [2025-05-07 06:21:33,427]  INFO - APIUtil Common operation policy apkCallInterceptorService_v1 was added to the organization carbon.super successfully
11:51:33.460 [docker-java-stream--653004835] INFO  o.w.a.t.CustomAPIMContainer - [customHeader] STDOUT: [2025-05-07 06:21:33,441]  INFO - APIUtil Common operation policy debugRequestFlow_v1 was added to the organization carbon.super successfully
11:51:33.483 [docker-java-stream--653004835] INFO  o.w.a.t.CustomAPIMContainer - [customHeader] STDOUT: [2025-05-07 06:21:33,454]  INFO - APIUtil Common operation policy disableChunking_v1 was added to the organization carbon.super successfully
11:51:33.532 [docker-java-stream--653004835] INFO  o.w.a.t.CustomAPIMContainer - [customHeader] STDOUT: [2025-05-07 06:21:33,512]  INFO - APIUtil Common operation policy jsonValidator_v1 was added to the organization carbon.super successfully
11:51:33.562 [docker-java-stream--653004835] INFO  o.w.a.t.CustomAPIMContainer - [customHeader] STDOUT: [2025-05-07 06:21:33,543]  INFO - APIUtil Common operation policy jwtClaimBasedAccessValidator_v1 was added to the organization carbon.super successfully
11:51:33.599 [docker-java-stream--653004835] INFO  o.w.a.t.CustomAPIMContainer - [customHeader] STDOUT: [2025-05-07 06:21:33,576]  INFO - APIUtil Common operation policy backEndJWT_v1 was added to the organization carbon.super successfully
11:51:33.639 [docker-java-stream--653004835] INFO  o.w.a.t.CustomAPIMContainer - [customHeader] STDOUT: [2025-05-07 06:21:33,617]  INFO - APIUtil Common operation policy jsonFault_v1 was added to the organization carbon.super successfully
11:51:33.691 [docker-java-stream--653004835] INFO  o.w.a.t.CustomAPIMContainer - [customHeader] STDOUT: [2025-05-07 06:21:33,669]  INFO - APIUtil Common operation policy changeHTTPMethod_v1 was added to the organization carbon.super successfully
11:51:33.729 [docker-java-stream--653004835] INFO  o.w.a.t.CustomAPIMContainer - [customHeader] STDOUT: [2025-05-07 06:21:33,709]  INFO - APIUtil Common operation policy preserveAcceptHeader_v1 was added to the organization carbon.super successfully
11:51:33.765 [docker-java-stream--653004835] INFO  o.w.a.t.CustomAPIMContainer - [customHeader] STDOUT: [2025-05-07 06:21:33,745]  INFO - APIUtil Common operation policy applyAcceptHeader_v1 was added to the organization carbon.super successfully
11:51:34.002 [docker-java-stream--653004835] INFO  o.w.a.t.CustomAPIMContainer - [customHeader] STDOUT: [2025-05-07 06:21:33,982]  INFO - JMSConnectionFactory JMS ConnectionFactory : Siddhi-JMS-Consumer initialized
11:51:34.075 [docker-java-stream--653004835] INFO  o.w.a.t.CustomAPIMContainer - [customHeader] STDOUT: [2025-05-07 06:21:34,055]  INFO - ComplianceEvaluationScheduler Initializing Evaluation Request Scheduler...
11:51:34.421 [docker-java-stream--653004835] INFO  o.w.a.t.CustomAPIMContainer - [customHeader] STDOUT: [2025-05-07 06:21:34,403]  INFO - JMSConnectionFactory JMS ConnectionFactory : Siddhi-JMS-Consumer initialized
11:51:34.779 [docker-java-stream--653004835] INFO  o.w.a.t.CustomAPIMContainer - [customHeader] STDOUT: [2025-05-07 06:21:34,761]  INFO - JMSConnectionFactory JMS ConnectionFactory : Siddhi-JMS-Consumer initialized
11:51:35.288 [docker-java-stream--653004835] INFO  o.w.a.t.CustomAPIMContainer - [customHeader] STDOUT: [2025-05-07 06:21:35,269]  INFO - CorrelationConfigDAO Correlation Components [http, jdbc, ldap, synapse, method-calls]
11:51:35.771 [docker-java-stream--653004835] INFO  o.w.a.t.CustomAPIMContainer - [customHeader] STDOUT: [2025-05-07 06:21:35,751]  INFO - OAuthServerConfiguration The default OAuth token issuer will be used. No custom token generator is set.
11:51:35.778 [docker-java-stream--653004835] INFO  o.w.a.t.CustomAPIMContainer - [customHeader] STDOUT: [2025-05-07 06:21:35,754]  INFO - OAuthServerConfiguration An instance of org.wso2.carbon.identity.oauth2.token.OauthTokenIssuerImpl is created for Identity OAuth token generation.
11:51:41.973 [docker-java-stream--653004835] INFO  o.w.a.t.CustomAPIMContainer - [customHeader] STDOUT: [2025-05-07 06:21:41,954]  WARN - IdentityEventServiceComponent Properties for OrganizationCreationHandler is not configured. This event handler will not be activated
11:51:42.740 [docker-java-stream--653004835] INFO  o.w.a.t.CustomAPIMContainer - [customHeader] STDOUT: [2025-05-07 06:21:42,720]  INFO - SessionDataStore Thread pool size for temporary authentication context data delete task: 20
11:51:44.824 [docker-java-stream--653004835] INFO  o.w.a.t.CustomAPIMContainer - [customHeader] STDOUT: [2025-05-07 06:21:44,800]  INFO - CarbonEventManagementService Starting polling event receivers
11:51:55.058 [docker-java-stream--653004835] INFO  o.w.a.t.CustomAPIMContainer - [customHeader] STDOUT: [2025-05-07 06:21:55,039]  INFO - ServiceBusInitializer Starting ESB...
11:51:55.213 [docker-java-stream--653004835] INFO  o.w.a.t.CustomAPIMContainer - [customHeader] STDOUT: [2025-05-07 06:21:55,193]  INFO - ServiceBusInitializer Initializing Apache Synapse...
11:51:55.239 [docker-java-stream--653004835] INFO  o.w.a.t.CustomAPIMContainer - [customHeader] STDOUT: [2025-05-07 06:21:55,219]  INFO - SynapseControllerFactory Using Synapse home : /opt/.
11:51:55.241 [docker-java-stream--653004835] INFO  o.w.a.t.CustomAPIMContainer - [customHeader] STDOUT: [2025-05-07 06:21:55,220]  INFO - SynapseControllerFactory Using synapse.xml location : /opt/././repository/deployment/server/synapse-configs/default
11:51:55.242 [docker-java-stream--653004835] INFO  o.w.a.t.CustomAPIMContainer - [customHeader] STDOUT: [2025-05-07 06:21:55,221]  INFO - SynapseControllerFactory Using server name : localhost
11:51:55.348 [docker-java-stream--653004835] INFO  o.w.a.t.CustomAPIMContainer - [customHeader] STDOUT: [2025-05-07 06:21:55,328]  INFO - SynapseControllerFactory The timeout handler will run every : 15s
11:51:55.495 [docker-java-stream--653004835] INFO  o.w.a.t.CustomAPIMContainer - [customHeader] STDOUT: [2025-05-07 06:21:55,470]  INFO - Axis2SynapseController Initializing Synapse at : Wed May 07 06:21:55 UTC 2025
11:51:55.546 [docker-java-stream--653004835] INFO  o.w.a.t.CustomAPIMContainer - [customHeader] STDOUT: [2025-05-07 06:21:55,527]  INFO - CarbonSynapseController Loading the mediation configuration from the file system
11:51:55.572 [docker-java-stream--653004835] INFO  o.w.a.t.CustomAPIMContainer - [customHeader] STDOUT: [2025-05-07 06:21:55,551]  INFO - MultiXMLConfigurationBuilder Building synapse configuration from the synapse artifact repository at : ././repository/deployment/server/synapse-configs/default
11:51:55.587 [docker-java-stream--653004835] INFO  o.w.a.t.CustomAPIMContainer - [customHeader] STDOUT: [2025-05-07 06:21:55,561]  INFO - XMLConfigurationBuilder Generating the Synapse configuration model by parsing the XML configuration
11:51:57.263 [docker-java-stream--653004835] INFO  o.w.a.t.CustomAPIMContainer - [customHeader] STDOUT: [2025-05-07 06:21:57,244]  INFO - DependencyTracker Sequence : _api_blocked_sequence_ was added to the Synapse configuration successfully
11:51:57.481 [docker-java-stream--653004835] INFO  o.w.a.t.CustomAPIMContainer - [customHeader] STDOUT: [2025-05-07 06:21:57,461]  INFO - DependencyTracker Sequence : _token_fault_ was added to the Synapse configuration successfully
11:51:57.614 [docker-java-stream--653004835] INFO  o.w.a.t.CustomAPIMContainer - [customHeader] STDOUT: [2025-05-07 06:21:57,593]  INFO - DependencyTracker Sequence : _graphql_failure_handler was added to the Synapse configuration successfully
11:51:57.617 [docker-java-stream--653004835] INFO  o.w.a.t.CustomAPIMContainer - [customHeader] STDOUT: [2025-05-07 06:21:57,598]  INFO - DependencyTracker Sequence : _resource_mismatch_handler_ was added to the Synapse configuration successfully
11:51:57.985 [docker-java-stream--653004835] INFO  o.w.a.t.CustomAPIMContainer - [customHeader] STDOUT: [2025-05-07 06:21:57,966]  INFO - DependencyTracker Sequence : dispatchSeq was added to the Synapse configuration successfully
11:51:58.062 [docker-java-stream--653004835] INFO  o.w.a.t.CustomAPIMContainer - [customHeader] STDOUT: [2025-05-07 06:21:58,042]  INFO - DependencyTracker Sequence : _backend_failure_handler_ was added to the Synapse configuration successfully
11:51:58.073 [docker-java-stream--653004835] INFO  o.w.a.t.CustomAPIMContainer - [customHeader] STDOUT: [2025-05-07 06:21:58,052]  INFO - DependencyTracker Sequence : _production_key_error_ was added to the Synapse configuration successfully
11:51:58.193 [docker-java-stream--653004835] INFO  o.w.a.t.CustomAPIMContainer - [customHeader] STDOUT: [2025-05-07 06:21:58,173]  INFO - DependencyTracker Sequence : webhooksFaultSequence was added to the Synapse configuration successfully
11:51:58.266 [docker-java-stream--653004835] INFO  o.w.a.t.CustomAPIMContainer - [customHeader] STDOUT: [2025-05-07 06:21:58,246]  INFO - DependencyTracker Sequence : _opa_policy_failure_handler_ was added to the Synapse configuration successfully
11:51:58.319 [docker-java-stream--653004835] INFO  o.w.a.t.CustomAPIMContainer - [customHeader] STDOUT: [2025-05-07 06:21:58,300]  INFO - DependencyTracker Sequence : _build_ was added to the Synapse configuration successfully
11:51:58.390 [docker-java-stream--653004835] INFO  o.w.a.t.CustomAPIMContainer - [customHeader] STDOUT: [2025-05-07 06:21:58,371]  INFO - DependencyTracker Sequence : _cors_request_handler_ was added to the Synapse configuration successfully
11:51:58.495 [docker-java-stream--653004835] INFO  o.w.a.t.CustomAPIMContainer - [customHeader] STDOUT: [2025-05-07 06:21:58,476]  INFO - DependencyTracker Sequence : _threat_fault_ was added to the Synapse configuration successfully
11:51:58.577 [docker-java-stream--653004835] INFO  o.w.a.t.CustomAPIMContainer - [customHeader] STDOUT: [2025-05-07 06:21:58,558]  INFO - DependencyTracker Sequence : fault was added to the Synapse configuration successfully
11:51:58.594 [docker-java-stream--653004835] INFO  o.w.a.t.CustomAPIMContainer - [customHeader] STDOUT: [2025-05-07 06:21:58,574]  INFO - DependencyTracker Sequence : _sandbox_key_error_ was added to the Synapse configuration successfully
11:51:58.840 [docker-java-stream--653004835] INFO  o.w.a.t.CustomAPIMContainer - [customHeader] STDOUT: [2025-05-07 06:21:58,821]  INFO - DependencyTracker Sequence : main was added to the Synapse configuration successfully
11:51:58.857 [docker-java-stream--653004835] INFO  o.w.a.t.CustomAPIMContainer - [customHeader] STDOUT: [2025-05-07 06:21:58,837]  INFO - DependencyTracker Sequence : outDispatchSeq was added to the Synapse configuration successfully
11:51:58.929 [docker-java-stream--653004835] INFO  o.w.a.t.CustomAPIMContainer - [customHeader] STDOUT: [2025-05-07 06:21:58,909]  INFO - DependencyTracker Sequence : _throttle_out_handler_ was added to the Synapse configuration successfully
11:51:58.990 [docker-java-stream--653004835] INFO  o.w.a.t.CustomAPIMContainer - [customHeader] STDOUT: [2025-05-07 06:21:58,970]  INFO - DependencyTracker Sequence : _auth_failure_handler_ was added to the Synapse configuration successfully
11:51:59.008 [docker-java-stream--653004835] INFO  o.w.a.t.CustomAPIMContainer - [customHeader] STDOUT: [2025-05-07 06:21:58,989]  INFO - DependencyTracker Inbound Endpoint : SecureWebhookServer was added to the Synapse configuration successfully
11:51:59.019 [docker-java-stream--653004835] INFO  o.w.a.t.CustomAPIMContainer - [customHeader] STDOUT: [2025-05-07 06:21:58,994]  INFO - DependencyTracker Inbound Endpoint : SecureWebSocketEP was added to the Synapse configuration successfully
11:51:59.024 [docker-java-stream--653004835] INFO  o.w.a.t.CustomAPIMContainer - [customHeader] STDOUT: [2025-05-07 06:21:58,999]  INFO - DependencyTracker Inbound Endpoint : WebSocketInboundEndpoint was added to the Synapse configuration successfully
11:51:59.024 [docker-java-stream--653004835] INFO  o.w.a.t.CustomAPIMContainer - [customHeader] STDOUT: [2025-05-07 06:21:59,005]  INFO - DependencyTracker Inbound Endpoint : WebhookServer was added to the Synapse configuration successfully
11:51:59.025 [docker-java-stream--653004835] INFO  o.w.a.t.CustomAPIMContainer - [customHeader] STDOUT: [2025-05-07 06:21:59,005]  INFO - SynapseConfigurationBuilder Loaded Synapse configuration from the artifact repository at : ././repository/deployment/server/synapse-configs/default
11:51:59.038 [docker-java-stream--653004835] INFO  o.w.a.t.CustomAPIMContainer - [customHeader] STDOUT: [2025-05-07 06:21:59,015]  INFO - DependencyTracker Local entry : SERVER_HOST was added to the Synapse configuration successfully
11:51:59.040 [docker-java-stream--653004835] INFO  o.w.a.t.CustomAPIMContainer - [customHeader] STDOUT: [2025-05-07 06:21:59,016]  INFO - DependencyTracker Local entry : SERVER_IP was added to the Synapse configuration successfully
11:51:59.293 [docker-java-stream--653004835] INFO  o.w.a.t.CustomAPIMContainer - [customHeader] STDOUT: [2025-05-07 06:21:59,273]  INFO - Axis2SynapseController Loading mediator extensions...
11:51:59.776 [docker-java-stream--653004835] INFO  o.w.a.t.CustomAPIMContainer - [customHeader] STDOUT: [2025-05-07 06:21:59,757]  INFO - DeploymentInterceptor Deploying Axis2 service: echo {super-tenant}
11:52:00.237 [docker-java-stream--653004835] INFO  o.w.a.t.CustomAPIMContainer - [customHeader] STDOUT: [2025-05-07 06:22:00,216]  INFO - DeploymentInterceptor Deploying Axis2 service: Version {super-tenant}
11:52:00.264 [docker-java-stream--653004835] INFO  o.w.a.t.CustomAPIMContainer - [customHeader] STDOUT: [2025-05-07 06:22:00,245]  INFO - EventPublisherDeployer Event Publisher deployment held back and in inactive state :EmailPublisher.xml, Stream validation exception : Stream id_gov_notify_stream:1.0.0 does not exist
11:52:00.271 [docker-java-stream--653004835] INFO  o.w.a.t.CustomAPIMContainer - [customHeader] STDOUT: [2025-05-07 06:22:00,251]  INFO - EventPublisherDeployer Event Publisher deployment held back and in inactive state :HTTP-recommendationEventPublisher.xml, Stream validation exception : Stream org.wso2.apimgt.recommendation.event.stream:1.0.0 does not exist
11:52:00.279 [docker-java-stream--653004835] INFO  o.w.a.t.CustomAPIMContainer - [customHeader] STDOUT: [2025-05-07 06:22:00,259]  INFO - EventPublisherDeployer Event Publisher deployment held back and in inactive state :asyncWebhooksEventPublisher.xml, Stream validation exception : Stream org.wso2.apimgt.webhooks.request.stream:1.0.0 does not exist
11:52:00.289 [docker-java-stream--653004835] INFO  o.w.a.t.CustomAPIMContainer - [customHeader] STDOUT: [2025-05-07 06:22:00,267]  INFO - EventPublisherDeployer Event Publisher deployment held back and in inactive state :asyncWebhooksEventPublisher2.xml, Stream validation exception : Stream org.wso2.apimgt.webhooks.request.stream:1.0.0 does not exist
11:52:00.294 [docker-java-stream--653004835] INFO  o.w.a.t.CustomAPIMContainer - [customHeader] STDOUT: [2025-05-07 06:22:00,273]  INFO - EventPublisherDeployer Event Publisher deployment held back and in inactive state :asyncWebhooksEventPublisher_1.0.0.xml, Stream validation exception : Stream org.wso2.apimgt.webhooks.request.stream:1.0.0 does not exist
11:52:00.299 [docker-java-stream--653004835] INFO  o.w.a.t.CustomAPIMContainer - [customHeader] STDOUT: [2025-05-07 06:22:00,278]  INFO - EventPublisherDeployer Event Publisher deployment held back and in inactive state :asyncWebhooksEventPublisher_1.0.0_2.xml, Stream validation exception : Stream org.wso2.apimgt.webhooks.request.stream:1.0.0 does not exist
11:52:00.311 [docker-java-stream--653004835] INFO  o.w.a.t.CustomAPIMContainer - [customHeader] STDOUT: [2025-05-07 06:22:00,284]  INFO - EventPublisherDeployer Event Publisher deployment held back and in inactive state :blockingEventJMSPublisher.xml, Stream validation exception : Stream org.wso2.blocking.request.stream:1.0.0 does not exist
11:52:00.316 [docker-java-stream--653004835] INFO  o.w.a.t.CustomAPIMContainer - [customHeader] STDOUT: [2025-05-07 06:22:00,296]  INFO - EventPublisherDeployer Event Publisher deployment held back and in inactive state :cacheInvalidationEventJMSPublisher.xml, Stream validation exception : Stream org.wso2.apimgt.cache.invalidation.stream:1.0.0 does not exist
11:52:00.324 [docker-java-stream--653004835] INFO  o.w.a.t.CustomAPIMContainer - [customHeader] STDOUT: [2025-05-07 06:22:00,305]  INFO - EventPublisherDeployer Event Publisher deployment held back and in inactive state :globalCacheInvalidationJMSPublisher.xml, Stream validation exception : Stream cache.invalidation.stream:1.0.0 does not exist
11:52:00.331 [docker-java-stream--653004835] INFO  o.w.a.t.CustomAPIMContainer - [customHeader] STDOUT: [2025-05-07 06:22:00,310]  INFO - EventPublisherDeployer Event Publisher deployment held back and in inactive state :jmsEventPublisher.xml, Stream validation exception : Stream org.wso2.throttle.globalThrottle.stream:1.0.0 does not exist
11:52:00.344 [docker-java-stream--653004835] INFO  o.w.a.t.CustomAPIMContainer - [customHeader] STDOUT: [2025-05-07 06:22:00,319]  INFO - EventPublisherDeployer Event Publisher deployment held back and in inactive state :jmsEventPublisher2.xml, Stream validation exception : Stream org.wso2.throttle.globalThrottle.stream:1.0.0 does not exist
11:52:00.351 [docker-java-stream--653004835] INFO  o.w.a.t.CustomAPIMContainer - [customHeader] STDOUT: [2025-05-07 06:22:00,326]  INFO - EventPublisherDeployer Event Publisher deployment held back and in inactive state :jmsEventPublisher_1.10.0.xml, Stream validation exception : Stream org.wso2.throttle.globalThrottle.stream:1.1.0 does not exist
11:52:00.361 [docker-java-stream--653004835] INFO  o.w.a.t.CustomAPIMContainer - [customHeader] STDOUT: [2025-05-07 06:22:00,337]  INFO - EventPublisherDeployer Event Publisher deployment held back and in inactive state :jmsEventPublisher_1.10.0_2.xml, Stream validation exception : Stream org.wso2.throttle.globalThrottle.stream:1.1.0 does not exist
11:52:00.365 [docker-java-stream--653004835] INFO  o.w.a.t.CustomAPIMContainer - [customHeader] STDOUT: [2025-05-07 06:22:00,342]  INFO - EventPublisherDeployer Event Publisher deployment held back and in inactive state :keymgtEventJMSEventPublisher.xml, Stream validation exception : Stream org.wso2.apimgt.keymgt.stream:1.0.0 does not exist
11:52:00.373 [docker-java-stream--653004835] INFO  o.w.a.t.CustomAPIMContainer - [customHeader] STDOUT: [2025-05-07 06:22:00,350]  INFO - EventPublisherDeployer Event Publisher deployment held back and in inactive state :notificationEventJMSPublisher.xml, Stream validation exception : Stream org.wso2.apimgt.notification.stream:1.0.0 does not exist
11:52:00.377 [docker-java-stream--653004835] INFO  o.w.a.t.CustomAPIMContainer - [customHeader] STDOUT: [2025-05-07 06:22:00,356]  INFO - EventPublisherDeployer Event Publisher deployment held back and in inactive state :tokenRevokeEventJMSPublisher.xml, Stream validation exception : Stream org.wso2.apimgt.token.revocation.stream:1.0.0 does not exist
11:52:00.384 [docker-java-stream--653004835] INFO  o.w.a.t.CustomAPIMContainer - [customHeader] STDOUT: [2025-05-07 06:22:00,363]  INFO - EventPublisherDeployer Event Publisher deployment held back and in inactive state :tokenRevokeEventJMSPublisher_2.xml, Stream validation exception : Stream org.wso2.apimgt.token.revocation.stream:1.0.0 does not exist
11:52:00.434 [docker-java-stream--653004835] INFO  o.w.a.t.CustomAPIMContainer - [customHeader] STDOUT: [2025-05-07 06:22:00,414]  INFO - EventReceiverDeployer Event receiver deployment held back and in inactive state: blockingWso2EventReceiver.xml, Stream validation exception: Stream org.wso2.blocking.request.stream:1.0.0 does not exist
11:52:00.444 [docker-java-stream--653004835] INFO  o.w.a.t.CustomAPIMContainer - [customHeader] STDOUT: [2025-05-07 06:22:00,424]  INFO - EventReceiverDeployer Event receiver deployment held back and in inactive state: cacheInvalidationRequestReceiver.xml, Stream validation exception: Stream cache.invalidation.stream:1.0.0 does not exist
11:52:00.449 [docker-java-stream--653004835] INFO  o.w.a.t.CustomAPIMContainer - [customHeader] STDOUT: [2025-05-07 06:22:00,429]  INFO - EventReceiverDeployer Event receiver deployment held back and in inactive state: cacheInvalidationWso2EventReceiver.xml, Stream validation exception: Stream org.wso2.apimgt.cache.invalidation.stream:1.0.0 does not exist
11:52:00.455 [docker-java-stream--653004835] INFO  o.w.a.t.CustomAPIMContainer - [customHeader] STDOUT: [2025-05-07 06:22:00,436]  INFO - EventReceiverDeployer Event receiver deployment held back and in inactive state: keyMgtWso2EventReceiver.xml, Stream validation exception: Stream org.wso2.apimgt.keymgt.stream:1.0.0 does not exist
11:52:00.460 [docker-java-stream--653004835] INFO  o.w.a.t.CustomAPIMContainer - [customHeader] STDOUT: [2025-05-07 06:22:00,440]  INFO - EventReceiverDeployer Event receiver deployment held back and in inactive state: notificationsWSO2EventReceiver.xml, Stream validation exception: Stream org.wso2.apimgt.notification.stream:1.0.0 does not exist
11:52:00.464 [docker-java-stream--653004835] INFO  o.w.a.t.CustomAPIMContainer - [customHeader] STDOUT: [2025-05-07 06:22:00,445]  INFO - EventReceiverDeployer Event receiver deployment held back and in inactive state: recommendationWso2EventReceiver.xml, Stream validation exception: Stream org.wso2.apimgt.recommendation.event.stream:1.0.0 does not exist
11:52:00.472 [docker-java-stream--653004835] INFO  o.w.a.t.CustomAPIMContainer - [customHeader] STDOUT: [2025-05-07 06:22:00,452]  INFO - EventReceiverDeployer Event receiver deployment held back and in inactive state: throttleEventReceiver.xml, Stream validation exception: Stream org.wso2.throttle.request.stream:1.0.0 does not exist
11:52:00.485 [docker-java-stream--653004835] INFO  o.w.a.t.CustomAPIMContainer - [customHeader] STDOUT: [2025-05-07 06:22:00,456]  INFO - EventReceiverDeployer Event receiver deployment held back and in inactive state: throttleWSO2EventReceiver.xml, Stream validation exception: Stream org.wso2.throttle.request.stream:1.0.0 does not exist
11:52:00.487 [docker-java-stream--653004835] INFO  o.w.a.t.CustomAPIMContainer - [customHeader] STDOUT: [2025-05-07 06:22:00,466]  INFO - EventReceiverDeployer Event receiver deployment held back and in inactive state: tokenRevocationWso2EventReceiver.xml, Stream validation exception: Stream org.wso2.apimgt.token.revocation.stream:1.0.0 does not exist
11:52:02.128 [docker-java-stream--653004835] INFO  o.w.a.t.CustomAPIMContainer - [customHeader] STDOUT: [2025-05-07 06:22:02,108]  INFO - EventPublisherDeployer Event Publisher undeployed successfully : globalCacheInvalidationJMSPublisher.xml
11:52:02.155 [docker-java-stream--653004835] INFO  o.w.a.t.CustomAPIMContainer - [customHeader] STDOUT: [2025-05-07 06:22:02,136]  INFO - EventJunction WSO2EventConsumer added to the junction. Stream:cache.invalidation.stream:1.0.0
11:52:02.216 [docker-java-stream--653004835] INFO  o.w.a.t.CustomAPIMContainer - [customHeader] STDOUT: [2025-05-07 06:22:02,194]  INFO - EventPublisherDeployer Event Publisher configuration successfully deployed and in active state : globalCacheInvalidationJMSPublisher
11:52:02.295 [docker-java-stream--653004835] INFO  o.w.a.t.CustomAPIMContainer - [customHeader] STDOUT: [2025-05-07 06:22:02,275]  INFO - EventReceiverDeployer Event Receiver undeployed successfully: cacheInvalidationRequestReceiver.xml
11:52:02.319 [docker-java-stream--653004835] INFO  o.w.a.t.CustomAPIMContainer - [customHeader] STDOUT: [2025-05-07 06:22:02,299]  INFO - InputAdapterRuntime Connecting receiver cacheInvalidationRequestReceiver
11:52:02.322 [docker-java-stream--653004835] INFO  o.w.a.t.CustomAPIMContainer - [customHeader] STDOUT: [2025-05-07 06:22:02,303]  INFO - EventJunction Producer added to the junction. Stream:cache.invalidation.stream:1.0.0
11:52:02.323 [docker-java-stream--653004835] INFO  o.w.a.t.CustomAPIMContainer - [customHeader] STDOUT: [2025-05-07 06:22:02,304]  INFO - EventReceiverDeployer Event Receiver configuration successfully deployed and in active state: cacheInvalidationRequestReceiver
11:52:02.327 [docker-java-stream--653004835] INFO  o.w.a.t.CustomAPIMContainer - [customHeader] STDOUT: [2025-05-07 06:22:02,306]  INFO - EventStreamDeployer Stream definition is deployed successfully  : cache.invalidation.stream:1.0.0
11:52:02.332 [docker-java-stream--653004835] INFO  o.w.a.t.CustomAPIMContainer - [customHeader] STDOUT: [2025-05-07 06:22:02,312]  INFO - EventPublisherDeployer Event Publisher undeployed successfully : EmailPublisher.xml
11:52:02.366 [docker-java-stream--653004835] INFO  o.w.a.t.CustomAPIMContainer - [customHeader] STDOUT: [2025-05-07 06:22:02,345]  INFO - EventJunction WSO2EventConsumer added to the junction. Stream:id_gov_notify_stream:1.0.0
11:52:02.382 [docker-java-stream--653004835] INFO  o.w.a.t.CustomAPIMContainer - [customHeader] STDOUT: [2025-05-07 06:22:02,363]  INFO - EventPublisherDeployer Event Publisher configuration successfully deployed and in active state : EmailPublisher
11:52:02.384 [docker-java-stream--653004835] INFO  o.w.a.t.CustomAPIMContainer - [customHeader] STDOUT: [2025-05-07 06:22:02,364]  INFO - EventStreamDeployer Stream definition is deployed successfully  : id_gov_notify_stream:1.0.0
11:52:02.390 [docker-java-stream--653004835] INFO  o.w.a.t.CustomAPIMContainer - [customHeader] STDOUT: [2025-05-07 06:22:02,371]  INFO - EventPublisherDeployer Event Publisher undeployed successfully : cacheInvalidationEventJMSPublisher.xml
11:52:02.408 [docker-java-stream--653004835] INFO  o.w.a.t.CustomAPIMContainer - [customHeader] STDOUT: [2025-05-07 06:22:02,386]  INFO - EventJunction WSO2EventConsumer added to the junction. Stream:org.wso2.apimgt.cache.invalidation.stream:1.0.0
11:52:02.410 [docker-java-stream--653004835] INFO  o.w.a.t.CustomAPIMContainer - [customHeader] STDOUT: [2025-05-07 06:22:02,387]  INFO - EventPublisherDeployer Event Publisher configuration successfully deployed and in active state : cacheInvalidationJMSPublisher
11:52:02.410 [docker-java-stream--653004835] INFO  o.w.a.t.CustomAPIMContainer - [customHeader] STDOUT: [2025-05-07 06:22:02,387]  INFO - EventReceiverDeployer Event Receiver undeployed successfully: cacheInvalidationWso2EventReceiver.xml
11:52:02.422 [docker-java-stream--653004835] INFO  o.w.a.t.CustomAPIMContainer - [customHeader] STDOUT: [2025-05-07 06:22:02,402]  INFO - InputAdapterRuntime Connecting receiver cacheInvalidationWso2EventReceiver
11:52:02.423 [docker-java-stream--653004835] INFO  o.w.a.t.CustomAPIMContainer - [customHeader] STDOUT: [2025-05-07 06:22:02,402]  INFO - EventJunction Producer added to the junction. Stream:org.wso2.apimgt.cache.invalidation.stream:1.0.0
11:52:02.423 [docker-java-stream--653004835] INFO  o.w.a.t.CustomAPIMContainer - [customHeader] STDOUT: [2025-05-07 06:22:02,402]  INFO - EventReceiverDeployer Event Receiver configuration successfully deployed and in active state: cacheInvalidationWso2EventReceiver
11:52:02.424 [docker-java-stream--653004835] INFO  o.w.a.t.CustomAPIMContainer - [customHeader] STDOUT: [2025-05-07 06:22:02,402]  INFO - EventStreamDeployer Stream definition is deployed successfully  : org.wso2.apimgt.cache.invalidation.stream:1.0.0
11:52:02.430 [docker-java-stream--653004835] INFO  o.w.a.t.CustomAPIMContainer - [customHeader] STDOUT: [2025-05-07 06:22:02,411]  INFO - EventPublisherDeployer Event Publisher undeployed successfully : keymgtEventJMSEventPublisher.xml
11:52:02.442 [docker-java-stream--653004835] INFO  o.w.a.t.CustomAPIMContainer - [customHeader] STDOUT: [2025-05-07 06:22:02,421]  INFO - EventJunction WSO2EventConsumer added to the junction. Stream:org.wso2.apimgt.keymgt.stream:1.0.0
11:52:02.443 [docker-java-stream--653004835] INFO  o.w.a.t.CustomAPIMContainer - [customHeader] STDOUT: [2025-05-07 06:22:02,422]  INFO - EventPublisherDeployer Event Publisher configuration successfully deployed and in active state : keymgtEventJMSEventPublisher
11:52:02.451 [docker-java-stream--653004835] INFO  o.w.a.t.CustomAPIMContainer - [customHeader] STDOUT: [2025-05-07 06:22:02,422]  INFO - EventReceiverDeployer Event Receiver undeployed successfully: keyMgtWso2EventReceiver.xml
11:52:02.454 [docker-java-stream--653004835] INFO  o.w.a.t.CustomAPIMContainer - [customHeader] STDOUT: [2025-05-07 06:22:02,432]  INFO - InputAdapterRuntime Connecting receiver keyMgtWso2EventReceiver
11:52:02.456 [docker-java-stream--653004835] INFO  o.w.a.t.CustomAPIMContainer - [customHeader] STDOUT: [2025-05-07 06:22:02,433]  INFO - EventJunction Producer added to the junction. Stream:org.wso2.apimgt.keymgt.stream:1.0.0
11:52:02.460 [docker-java-stream--653004835] INFO  o.w.a.t.CustomAPIMContainer - [customHeader] STDOUT: [2025-05-07 06:22:02,433]  INFO - EventReceiverDeployer Event Receiver configuration successfully deployed and in active state: keyMgtWso2EventReceiver
11:52:02.462 [docker-java-stream--653004835] INFO  o.w.a.t.CustomAPIMContainer - [customHeader] STDOUT: [2025-05-07 06:22:02,433]  INFO - EventStreamDeployer Stream definition is deployed successfully  : org.wso2.apimgt.keymgt.stream:1.0.0
11:52:02.472 [docker-java-stream--653004835] INFO  o.w.a.t.CustomAPIMContainer - [customHeader] STDOUT: [2025-05-07 06:22:02,451]  INFO - EventPublisherDeployer Event Publisher undeployed successfully : notificationEventJMSPublisher.xml
11:52:02.496 [docker-java-stream--653004835] INFO  o.w.a.t.CustomAPIMContainer - [customHeader] STDOUT: [2025-05-07 06:22:02,474]  INFO - EventJunction WSO2EventConsumer added to the junction. Stream:org.wso2.apimgt.notification.stream:1.0.0
11:52:02.497 [docker-java-stream--653004835] INFO  o.w.a.t.CustomAPIMContainer - [customHeader] STDOUT: [2025-05-07 06:22:02,475]  INFO - EventPublisherDeployer Event Publisher configuration successfully deployed and in active state : notificationJMSPublisher
11:52:02.500 [docker-java-stream--653004835] INFO  o.w.a.t.CustomAPIMContainer - [customHeader] STDOUT: [2025-05-07 06:22:02,475]  INFO - EventReceiverDeployer Event Receiver undeployed successfully: notificationsWSO2EventReceiver.xml
11:52:02.510 [docker-java-stream--653004835] INFO  o.w.a.t.CustomAPIMContainer - [customHeader] STDOUT: [2025-05-07 06:22:02,487]  INFO - InputAdapterRuntime Connecting receiver notificationsWSO2EventReceiver
11:52:02.511 [docker-java-stream--653004835] INFO  o.w.a.t.CustomAPIMContainer - [customHeader] STDOUT: [2025-05-07 06:22:02,488]  INFO - EventJunction Producer added to the junction. Stream:org.wso2.apimgt.notification.stream:1.0.0
11:52:02.511 [docker-java-stream--653004835] INFO  o.w.a.t.CustomAPIMContainer - [customHeader] STDOUT: [2025-05-07 06:22:02,488]  INFO - EventReceiverDeployer Event Receiver configuration successfully deployed and in active state: notificationsWSO2EventReceiver
11:52:02.517 [docker-java-stream--653004835] INFO  o.w.a.t.CustomAPIMContainer - [customHeader] STDOUT: [2025-05-07 06:22:02,488]  INFO - EventStreamDeployer Stream definition is deployed successfully  : org.wso2.apimgt.notification.stream:1.0.0
11:52:02.518 [docker-java-stream--653004835] INFO  o.w.a.t.CustomAPIMContainer - [customHeader] STDOUT: [2025-05-07 06:22:02,499]  INFO - EventPublisherDeployer Event Publisher undeployed successfully : HTTP-recommendationEventPublisher.xml
11:52:02.527 [docker-java-stream--653004835] INFO  o.w.a.t.CustomAPIMContainer - [customHeader] STDOUT: [2025-05-07 06:22:02,507]  INFO - EventJunction WSO2EventConsumer added to the junction. Stream:org.wso2.apimgt.recommendation.event.stream:1.0.0
11:52:02.548 [docker-java-stream--653004835] INFO  o.w.a.t.CustomAPIMContainer - [customHeader] STDOUT: [2025-05-07 06:22:02,529]  INFO - EventPublisherDeployer Event Publisher configuration successfully deployed and in active state : HTTP-recommendationEventPublisher
11:52:02.559 [docker-java-stream--653004835] INFO  o.w.a.t.CustomAPIMContainer - [customHeader] STDOUT: [2025-05-07 06:22:02,534]  INFO - EventReceiverDeployer Event Receiver undeployed successfully: recommendationWso2EventReceiver.xml
11:52:02.560 [docker-java-stream--653004835] INFO  o.w.a.t.CustomAPIMContainer - [customHeader] STDOUT: [2025-05-07 06:22:02,537]  INFO - InputAdapterRuntime Connecting receiver recommendationWso2EventReceiver
11:52:02.562 [docker-java-stream--653004835] INFO  o.w.a.t.CustomAPIMContainer - [customHeader] STDOUT: [2025-05-07 06:22:02,538]  INFO - EventJunction Producer added to the junction. Stream:org.wso2.apimgt.recommendation.event.stream:1.0.0
11:52:02.564 [docker-java-stream--653004835] INFO  o.w.a.t.CustomAPIMContainer - [customHeader] STDOUT: [2025-05-07 06:22:02,538]  INFO - EventReceiverDeployer Event Receiver configuration successfully deployed and in active state: recommendationWso2EventReceiver
11:52:02.568 [docker-java-stream--653004835] INFO  o.w.a.t.CustomAPIMContainer - [customHeader] STDOUT: [2025-05-07 06:22:02,538]  INFO - EventStreamDeployer Stream definition is deployed successfully  : org.wso2.apimgt.recommendation.event.stream:1.0.0
11:52:02.578 [docker-java-stream--653004835] INFO  o.w.a.t.CustomAPIMContainer - [customHeader] STDOUT: [2025-05-07 06:22:02,553]  INFO - EventPublisherDeployer Event Publisher undeployed successfully : tokenRevokeEventJMSPublisher.xml
11:52:02.584 [docker-java-stream--653004835] INFO  o.w.a.t.CustomAPIMContainer - [customHeader] STDOUT: [2025-05-07 06:22:02,565]  INFO - EventJunction WSO2EventConsumer added to the junction. Stream:org.wso2.apimgt.token.revocation.stream:1.0.0
11:52:02.589 [docker-java-stream--653004835] INFO  o.w.a.t.CustomAPIMContainer - [customHeader] STDOUT: [2025-05-07 06:22:02,567]  INFO - EventPublisherDeployer Event Publisher configuration successfully deployed and in active state : tokenRevocationJMSPublisher
11:52:02.597 [docker-java-stream--653004835] INFO  o.w.a.t.CustomAPIMContainer - [customHeader] STDOUT: [2025-05-07 06:22:02,570]  INFO - EventPublisherDeployer Event Publisher undeployed successfully : tokenRevokeEventJMSPublisher_2.xml
11:52:02.601 [docker-java-stream--653004835] INFO  o.w.a.t.CustomAPIMContainer - [customHeader] STDOUT: [2025-05-07 06:22:02,580]  INFO - EventJunction WSO2EventConsumer added to the junction. Stream:org.wso2.apimgt.token.revocation.stream:1.0.0
11:52:02.602 [docker-java-stream--653004835] INFO  o.w.a.t.CustomAPIMContainer - [customHeader] STDOUT: [2025-05-07 06:22:02,580]  INFO - EventPublisherDeployer Event Publisher configuration successfully deployed and in active state : tokenRevocationJMSPublisher2
11:52:02.607 [docker-java-stream--653004835] INFO  o.w.a.t.CustomAPIMContainer - [customHeader] STDOUT: [2025-05-07 06:22:02,581]  INFO - EventReceiverDeployer Event Receiver undeployed successfully: tokenRevocationWso2EventReceiver.xml
11:52:02.609 [docker-java-stream--653004835] INFO  o.w.a.t.CustomAPIMContainer - [customHeader] STDOUT: [2025-05-07 06:22:02,590]  INFO - InputAdapterRuntime Connecting receiver tokenRevocationWso2EventReceiver
11:52:02.619 [docker-java-stream--653004835] INFO  o.w.a.t.CustomAPIMContainer - [customHeader] STDOUT: [2025-05-07 06:22:02,594]  INFO - EventJunction Producer added to the junction. Stream:org.wso2.apimgt.token.revocation.stream:1.0.0
11:52:02.627 [docker-java-stream--653004835] INFO  o.w.a.t.CustomAPIMContainer - [customHeader] STDOUT: [2025-05-07 06:22:02,594]  INFO - EventReceiverDeployer Event Receiver configuration successfully deployed and in active state: tokenRevocationWso2EventReceiver
11:52:02.629 [docker-java-stream--653004835] INFO  o.w.a.t.CustomAPIMContainer - [customHeader] STDOUT: [2025-05-07 06:22:02,594]  INFO - EventStreamDeployer Stream definition is deployed successfully  : org.wso2.apimgt.token.revocation.stream:1.0.0
11:52:02.630 [docker-java-stream--653004835] INFO  o.w.a.t.CustomAPIMContainer - [customHeader] STDOUT: [2025-05-07 06:22:02,607]  INFO - EventPublisherDeployer Event Publisher undeployed successfully : asyncWebhooksEventPublisher.xml
11:52:02.640 [docker-java-stream--653004835] INFO  o.w.a.t.CustomAPIMContainer - [customHeader] STDOUT: [2025-05-07 06:22:02,620]  INFO - EventJunction WSO2EventConsumer added to the junction. Stream:org.wso2.apimgt.webhooks.request.stream:1.0.0
11:52:02.642 [docker-java-stream--653004835] INFO  o.w.a.t.CustomAPIMContainer - [customHeader] STDOUT: [2025-05-07 06:22:02,620]  INFO - EventPublisherDeployer Event Publisher configuration successfully deployed and in active state : asyncWebhooksEventPublisher
11:52:02.644 [docker-java-stream--653004835] INFO  o.w.a.t.CustomAPIMContainer - [customHeader] STDOUT: [2025-05-07 06:22:02,624]  INFO - EventPublisherDeployer Event Publisher undeployed successfully : asyncWebhooksEventPublisher2.xml
11:52:02.651 [docker-java-stream--653004835] INFO  o.w.a.t.CustomAPIMContainer - [customHeader] STDOUT: [2025-05-07 06:22:02,630]  INFO - EventJunction WSO2EventConsumer added to the junction. Stream:org.wso2.apimgt.webhooks.request.stream:1.0.0
11:52:02.656 [docker-java-stream--653004835] INFO  o.w.a.t.CustomAPIMContainer - [customHeader] STDOUT: [2025-05-07 06:22:02,634]  INFO - EventPublisherDeployer Event Publisher configuration successfully deployed and in active state : asyncWebhooksEventPublisher2
11:52:02.663 [docker-java-stream--653004835] INFO  o.w.a.t.CustomAPIMContainer - [customHeader] STDOUT: [2025-05-07 06:22:02,634]  INFO - EventPublisherDeployer Event Publisher undeployed successfully : asyncWebhooksEventPublisher_1.0.0.xml
11:52:02.664 [docker-java-stream--653004835] INFO  o.w.a.t.CustomAPIMContainer - [customHeader] STDOUT: [2025-05-07 06:22:02,640]  INFO - EventJunction WSO2EventConsumer added to the junction. Stream:org.wso2.apimgt.webhooks.request.stream:1.0.0
11:52:02.665 [docker-java-stream--653004835] INFO  o.w.a.t.CustomAPIMContainer - [customHeader] STDOUT: [2025-05-07 06:22:02,641]  INFO - EventPublisherDeployer Event Publisher configuration successfully deployed and in active state : asyncWebhooksEventPublisher-1.0.0
11:52:02.666 [docker-java-stream--653004835] INFO  o.w.a.t.CustomAPIMContainer - [customHeader] STDOUT: [2025-05-07 06:22:02,641]  INFO - EventPublisherDeployer Event Publisher undeployed successfully : asyncWebhooksEventPublisher_1.0.0_2.xml
11:52:02.682 [docker-java-stream--653004835] INFO  o.w.a.t.CustomAPIMContainer - [customHeader] STDOUT: [2025-05-07 06:22:02,662]  INFO - EventJunction WSO2EventConsumer added to the junction. Stream:org.wso2.apimgt.webhooks.request.stream:1.0.0
11:52:02.683 [docker-java-stream--653004835] INFO  o.w.a.t.CustomAPIMContainer - [customHeader] STDOUT: [2025-05-07 06:22:02,663]  INFO - EventPublisherDeployer Event Publisher configuration successfully deployed and in active state : asyncWebhooksEventPublisher-1.0.0-2
11:52:02.691 [docker-java-stream--653004835] INFO  o.w.a.t.CustomAPIMContainer - [customHeader] STDOUT: [2025-05-07 06:22:02,663]  INFO - EventStreamDeployer Stream definition is deployed successfully  : org.wso2.apimgt.webhooks.request.stream:1.0.0
11:52:02.695 [docker-java-stream--653004835] INFO  o.w.a.t.CustomAPIMContainer - [customHeader] STDOUT: [2025-05-07 06:22:02,675]  INFO - EventPublisherDeployer Event Publisher undeployed successfully : blockingEventJMSPublisher.xml
11:52:02.708 [docker-java-stream--653004835] INFO  o.w.a.t.CustomAPIMContainer - [customHeader] STDOUT: [2025-05-07 06:22:02,688]  INFO - EventJunction WSO2EventConsumer added to the junction. Stream:org.wso2.blocking.request.stream:1.0.0
11:52:02.713 [docker-java-stream--653004835] INFO  o.w.a.t.CustomAPIMContainer - [customHeader] STDOUT: [2025-05-07 06:22:02,691]  INFO - EventPublisherDeployer Event Publisher configuration successfully deployed and in active state : blockingEventJMSPublisher
11:52:02.717 [docker-java-stream--653004835] INFO  o.w.a.t.CustomAPIMContainer - [customHeader] STDOUT: [2025-05-07 06:22:02,692]  INFO - EventReceiverDeployer Event Receiver undeployed successfully: blockingWso2EventReceiver.xml
11:52:02.720 [docker-java-stream--653004835] INFO  o.w.a.t.CustomAPIMContainer - [customHeader] STDOUT: [2025-05-07 06:22:02,701]  INFO - InputAdapterRuntime Connecting receiver blockingWso2EventReceiver
11:52:02.724 [docker-java-stream--653004835] INFO  o.w.a.t.CustomAPIMContainer - [customHeader] STDOUT: [2025-05-07 06:22:02,703]  INFO - EventJunction Producer added to the junction. Stream:org.wso2.blocking.request.stream:1.0.0
11:52:02.727 [docker-java-stream--653004835] INFO  o.w.a.t.CustomAPIMContainer - [customHeader] STDOUT: [2025-05-07 06:22:02,704]  INFO - EventReceiverDeployer Event Receiver configuration successfully deployed and in active state: blockingWso2EventReceiver
11:52:02.729 [docker-java-stream--653004835] INFO  o.w.a.t.CustomAPIMContainer - [customHeader] STDOUT: [2025-05-07 06:22:02,704]  INFO - EventStreamDeployer Stream definition is deployed successfully  : org.wso2.blocking.request.stream:1.0.0
11:52:02.733 [docker-java-stream--653004835] INFO  o.w.a.t.CustomAPIMContainer - [customHeader] STDOUT: [2025-05-07 06:22:02,714]  INFO - EventStreamDeployer Stream definition is deployed successfully  : org.wso2.botDetectionData.request.stream:1.0.0
11:52:02.743 [docker-java-stream--653004835] INFO  o.w.a.t.CustomAPIMContainer - [customHeader] STDOUT: [2025-05-07 06:22:02,722]  INFO - EventPublisherDeployer Event Publisher undeployed successfully : jmsEventPublisher.xml
11:52:02.752 [docker-java-stream--653004835] INFO  o.w.a.t.CustomAPIMContainer - [customHeader] STDOUT: [2025-05-07 06:22:02,729]  INFO - EventJunction WSO2EventConsumer added to the junction. Stream:org.wso2.throttle.globalThrottle.stream:1.0.0
11:52:02.753 [docker-java-stream--653004835] INFO  o.w.a.t.CustomAPIMContainer - [customHeader] STDOUT: [2025-05-07 06:22:02,730]  INFO - EventPublisherDeployer Event Publisher configuration successfully deployed and in active state : jmsEventPublisher
11:52:02.753 [docker-java-stream--653004835] INFO  o.w.a.t.CustomAPIMContainer - [customHeader] STDOUT: [2025-05-07 06:22:02,730]  INFO - EventPublisherDeployer Event Publisher undeployed successfully : jmsEventPublisher2.xml
11:52:02.759 [docker-java-stream--653004835] INFO  o.w.a.t.CustomAPIMContainer - [customHeader] STDOUT: [2025-05-07 06:22:02,740]  INFO - EventJunction WSO2EventConsumer added to the junction. Stream:org.wso2.throttle.globalThrottle.stream:1.0.0
11:52:02.765 [docker-java-stream--653004835] INFO  o.w.a.t.CustomAPIMContainer - [customHeader] STDOUT: [2025-05-07 06:22:02,743]  INFO - EventPublisherDeployer Event Publisher configuration successfully deployed and in active state : jmsEventPublisher2
11:52:02.871 [docker-java-stream--653004835] INFO  o.w.a.t.CustomAPIMContainer - [customHeader] STDOUT: [2025-05-07 06:22:02,850]  INFO - EventProcessorDeployer Execution Plan was undeployed successfully : carbon.super_app_10PerMin.siddhiql
11:52:02.908 [docker-java-stream--653004835] INFO  o.w.a.t.CustomAPIMContainer - [customHeader] STDOUT: [2025-05-07 06:22:02,887]  INFO - EventProcessorDeployer Execution Plan was undeployed successfully : carbon.super_app_20PerMin.siddhiql
11:52:02.948 [docker-java-stream--653004835] INFO  o.w.a.t.CustomAPIMContainer - [customHeader] STDOUT: [2025-05-07 06:22:02,924]  INFO - EventProcessorDeployer Execution Plan was undeployed successfully : carbon.super_app_50PerMin.siddhiql
11:52:02.980 [docker-java-stream--653004835] INFO  o.w.a.t.CustomAPIMContainer - [customHeader] STDOUT: [2025-05-07 06:22:02,960]  INFO - EventProcessorDeployer Execution Plan was undeployed successfully : carbon.super_resource_10KPerMin_default.siddhiql
11:52:03.013 [docker-java-stream--653004835] INFO  o.w.a.t.CustomAPIMContainer - [customHeader] STDOUT: [2025-05-07 06:22:02,994]  INFO - EventProcessorDeployer Execution Plan was undeployed successfully : carbon.super_resource_20KPerMin_default.siddhiql
11:52:03.060 [docker-java-stream--653004835] INFO  o.w.a.t.CustomAPIMContainer - [customHeader] STDOUT: [2025-05-07 06:22:03,040]  INFO - EventProcessorDeployer Execution Plan was undeployed successfully : carbon.super_resource_50KPerMin_defualt.siddhiql
11:52:03.242 [docker-java-stream--653004835] INFO  o.w.a.t.CustomAPIMContainer - [customHeader] STDOUT: [2025-05-07 06:22:03,223]  INFO - EventProcessorDeployer Execution Plan was undeployed successfully : carbon.super_sub_Bronze.siddhiql
11:52:03.366 [docker-java-stream--653004835] INFO  o.w.a.t.CustomAPIMContainer - [customHeader] STDOUT: [2025-05-07 06:22:03,346]  INFO - EventProcessorDeployer Execution Plan was undeployed successfully : carbon.super_sub_Gold.siddhiql
11:52:03.498 [docker-java-stream--653004835] INFO  o.w.a.t.CustomAPIMContainer - [customHeader] STDOUT: [2025-05-07 06:22:03,461]  INFO - EventProcessorDeployer Execution Plan was undeployed successfully : carbon.super_sub_Silver.siddhiql
11:52:03.567 [docker-java-stream--653004835] INFO  o.w.a.t.CustomAPIMContainer - [customHeader] STDOUT: [2025-05-07 06:22:03,548]  INFO - EventProcessorDeployer Execution Plan was undeployed successfully : carbon.super_sub_Unauthenticated.siddhiql
11:52:03.629 [docker-java-stream--653004835] INFO  o.w.a.t.CustomAPIMContainer - [customHeader] STDOUT: [2025-05-07 06:22:03,608]  INFO - EventStreamDeployer Stream definition is deployed successfully  : org.wso2.throttle.globalThrottle.stream:1.0.0
11:52:03.636 [docker-java-stream--653004835] INFO  o.w.a.t.CustomAPIMContainer - [customHeader] STDOUT: [2025-05-07 06:22:03,617]  INFO - EventPublisherDeployer Event Publisher undeployed successfully : jmsEventPublisher_1.10.0.xml
11:52:03.656 [docker-java-stream--653004835] INFO  o.w.a.t.CustomAPIMContainer - [customHeader] STDOUT: [2025-05-07 06:22:03,637]  INFO - EventJunction WSO2EventConsumer added to the junction. Stream:org.wso2.throttle.globalThrottle.stream:1.1.0
11:52:03.667 [docker-java-stream--653004835] INFO  o.w.a.t.CustomAPIMContainer - [customHeader] STDOUT: [2025-05-07 06:22:03,642]  INFO - EventPublisherDeployer Event Publisher configuration successfully deployed and in active state : jmsEventPublisher-1.0.0
11:52:03.668 [docker-java-stream--653004835] INFO  o.w.a.t.CustomAPIMContainer - [customHeader] STDOUT: [2025-05-07 06:22:03,643]  INFO - EventPublisherDeployer Event Publisher undeployed successfully : jmsEventPublisher_1.10.0_2.xml
11:52:03.684 [docker-java-stream--653004835] INFO  o.w.a.t.CustomAPIMContainer - [customHeader] STDOUT: [2025-05-07 06:22:03,664]  INFO - EventJunction WSO2EventConsumer added to the junction. Stream:org.wso2.throttle.globalThrottle.stream:1.1.0
11:52:03.686 [docker-java-stream--653004835] INFO  o.w.a.t.CustomAPIMContainer - [customHeader] STDOUT: [2025-05-07 06:22:03,664]  INFO - EventPublisherDeployer Event Publisher configuration successfully deployed and in active state : jmsEventPublisher-1.0.0-2
11:52:03.687 [docker-java-stream--653004835] INFO  o.w.a.t.CustomAPIMContainer - [customHeader] STDOUT: [2025-05-07 06:22:03,664]  INFO - EventStreamDeployer Stream definition is deployed successfully  : org.wso2.throttle.globalThrottle.stream:1.1.0
11:52:03.697 [docker-java-stream--653004835] INFO  o.w.a.t.CustomAPIMContainer - [customHeader] STDOUT: [2025-05-07 06:22:03,678]  INFO - EventProcessorDeployer Execution Plan was undeployed successfully : RequestPreProcessorExecutionPlan.siddhiql
11:52:03.736 [docker-java-stream--653004835] INFO  o.w.a.t.CustomAPIMContainer - [customHeader] STDOUT: [2025-05-07 06:22:03,714]  INFO - EventProcessorDeployer Execution Plan was undeployed successfully : carbon.super_app_10PerMin.siddhiql
11:52:04.276 [docker-java-stream--653004835] INFO  o.w.a.t.CustomAPIMContainer - [customHeader] STDOUT: [2025-05-07 06:22:04,256]  INFO - EventJunction Producer added to the junction. Stream:org.wso2.throttle.globalThrottle.stream:1.0.0
11:52:04.287 [docker-java-stream--653004835] INFO  o.w.a.t.CustomAPIMContainer - [customHeader] STDOUT: [2025-05-07 06:22:04,267]  INFO - EventJunction Consumer added to the junction. Stream:org.wso2.throttle.processed.request.stream:1.0.0
11:52:04.288 [docker-java-stream--653004835] INFO  o.w.a.t.CustomAPIMContainer - [customHeader] STDOUT: [2025-05-07 06:22:04,268]  INFO - EventProcessorDeployer Execution plan is deployed successfully and in active state  : carbon.super_app_10PerMin
11:52:04.289 [docker-java-stream--653004835] INFO  o.w.a.t.CustomAPIMContainer - [customHeader] STDOUT: [2025-05-07 06:22:04,268]  INFO - EventProcessorDeployer Execution Plan was undeployed successfully : carbon.super_app_20PerMin.siddhiql
11:52:04.721 [docker-java-stream--653004835] INFO  o.w.a.t.CustomAPIMContainer - [customHeader] STDOUT: [2025-05-07 06:22:04,702]  INFO - EventJunction Producer added to the junction. Stream:org.wso2.throttle.globalThrottle.stream:1.0.0
11:52:04.725 [docker-java-stream--653004835] INFO  o.w.a.t.CustomAPIMContainer - [customHeader] STDOUT: [2025-05-07 06:22:04,702]  INFO - EventJunction Consumer added to the junction. Stream:org.wso2.throttle.processed.request.stream:1.0.0
11:52:04.726 [docker-java-stream--653004835] INFO  o.w.a.t.CustomAPIMContainer - [customHeader] STDOUT: [2025-05-07 06:22:04,702]  INFO - EventProcessorDeployer Execution plan is deployed successfully and in active state  : carbon.super_app_20PerMin
11:52:04.728 [docker-java-stream--653004835] INFO  o.w.a.t.CustomAPIMContainer - [customHeader] STDOUT: [2025-05-07 06:22:04,708]  INFO - EventProcessorDeployer Execution Plan was undeployed successfully : carbon.super_app_50PerMin.siddhiql
11:52:05.007 [docker-java-stream--653004835] INFO  o.w.a.t.CustomAPIMContainer - [customHeader] STDOUT: [2025-05-07 06:22:04,986]  INFO - EventJunction Producer added to the junction. Stream:org.wso2.throttle.globalThrottle.stream:1.0.0
11:52:05.008 [docker-java-stream--653004835] INFO  o.w.a.t.CustomAPIMContainer - [customHeader] STDOUT: [2025-05-07 06:22:04,986]  INFO - EventJunction Consumer added to the junction. Stream:org.wso2.throttle.processed.request.stream:1.0.0
11:52:05.008 [docker-java-stream--653004835] INFO  o.w.a.t.CustomAPIMContainer - [customHeader] STDOUT: [2025-05-07 06:22:04,987]  INFO - EventProcessorDeployer Execution plan is deployed successfully and in active state  : carbon.super_app_50PerMin
11:52:05.009 [docker-java-stream--653004835] INFO  o.w.a.t.CustomAPIMContainer - [customHeader] STDOUT: [2025-05-07 06:22:04,987]  INFO - EventProcessorDeployer Execution Plan was undeployed successfully : carbon.super_resource_10KPerMin_default.siddhiql
11:52:05.243 [docker-java-stream--653004835] INFO  o.w.a.t.CustomAPIMContainer - [customHeader] STDOUT: [2025-05-07 06:22:05,223]  INFO - EventJunction Producer added to the junction. Stream:org.wso2.throttle.globalThrottle.stream:1.0.0
11:52:05.244 [docker-java-stream--653004835] INFO  o.w.a.t.CustomAPIMContainer - [customHeader] STDOUT: [2025-05-07 06:22:05,224]  INFO - EventJunction Consumer added to the junction. Stream:org.wso2.throttle.processed.request.stream:1.0.0
11:52:05.251 [docker-java-stream--653004835] INFO  o.w.a.t.CustomAPIMContainer - [customHeader] STDOUT: [2025-05-07 06:22:05,224]  INFO - EventProcessorDeployer Execution plan is deployed successfully and in active state  : carbon.super_resource_10KPerMin_default
11:52:05.252 [docker-java-stream--653004835] INFO  o.w.a.t.CustomAPIMContainer - [customHeader] STDOUT: [2025-05-07 06:22:05,224]  INFO - EventProcessorDeployer Execution Plan was undeployed successfully : carbon.super_resource_20KPerMin_default.siddhiql
11:52:05.423 [docker-java-stream--653004835] INFO  o.w.a.t.CustomAPIMContainer - [customHeader] STDOUT: [2025-05-07 06:22:05,397]  INFO - EventJunction Producer added to the junction. Stream:org.wso2.throttle.globalThrottle.stream:1.0.0
11:52:05.423 [docker-java-stream--653004835] INFO  o.w.a.t.CustomAPIMContainer - [customHeader] STDOUT: [2025-05-07 06:22:05,404]  INFO - EventJunction Consumer added to the junction. Stream:org.wso2.throttle.processed.request.stream:1.0.0
11:52:05.424 [docker-java-stream--653004835] INFO  o.w.a.t.CustomAPIMContainer - [customHeader] STDOUT: [2025-05-07 06:22:05,404]  INFO - EventProcessorDeployer Execution plan is deployed successfully and in active state  : carbon.super_resource_20KPerMin_default
11:52:05.426 [docker-java-stream--653004835] INFO  o.w.a.t.CustomAPIMContainer - [customHeader] STDOUT: [2025-05-07 06:22:05,405]  INFO - EventProcessorDeployer Execution Plan was undeployed successfully : carbon.super_resource_50KPerMin_defualt.siddhiql
11:52:05.585 [docker-java-stream--653004835] INFO  o.w.a.t.CustomAPIMContainer - [customHeader] STDOUT: [2025-05-07 06:22:05,566]  WARN - AppDeployerServiceComponent Waiting for required OSGi services: org.wso2.carbon.application.deployer.synapse.service.SynapseAppDeployerService,org.wso2.carbon.mediation.initializer.services.SynapseEnvironmentService,
11:52:05.739 [docker-java-stream--653004835] INFO  o.w.a.t.CustomAPIMContainer - [customHeader] STDOUT: [2025-05-07 06:22:05,718]  WARN - StartupFinalizerServiceComponent Waiting for required OSGi services: org.wso2.carbon.application.deployer.service.CappDeploymentService,org.wso2.carbon.server.admin.common.IServerAdmin,org.wso2.carbon.throttling.agent.ThrottlingAgent,
11:52:05.820 [docker-java-stream--653004835] INFO  o.w.a.t.CustomAPIMContainer - [customHeader] STDOUT: [2025-05-07 06:22:05,789]  INFO - EventJunction Producer added to the junction. Stream:org.wso2.throttle.globalThrottle.stream:1.0.0
11:52:05.821 [docker-java-stream--653004835] INFO  o.w.a.t.CustomAPIMContainer - [customHeader] STDOUT: [2025-05-07 06:22:05,790]  INFO - EventJunction Consumer added to the junction. Stream:org.wso2.throttle.processed.request.stream:1.0.0
11:52:05.826 [docker-java-stream--653004835] INFO  o.w.a.t.CustomAPIMContainer - [customHeader] STDOUT: [2025-05-07 06:22:05,790]  INFO - EventProcessorDeployer Execution plan is deployed successfully and in active state  : carbon.super_resource_50KPerMin_default
11:52:05.827 [docker-java-stream--653004835] INFO  o.w.a.t.CustomAPIMContainer - [customHeader] STDOUT: [2025-05-07 06:22:05,790]  INFO - EventProcessorDeployer Execution Plan was undeployed successfully : carbon.super_sub_Bronze.siddhiql
11:52:06.026 [docker-java-stream--653004835] INFO  o.w.a.t.CustomAPIMContainer - [customHeader] STDOUT: [2025-05-07 06:22:06,006]  INFO - EventJunction Producer added to the junction. Stream:org.wso2.throttle.globalThrottle.stream:1.0.0
11:52:06.028 [docker-java-stream--653004835] INFO  o.w.a.t.CustomAPIMContainer - [customHeader] STDOUT: [2025-05-07 06:22:06,006]  INFO - EventJunction Consumer added to the junction. Stream:org.wso2.throttle.processed.request.stream:1.0.0
11:52:06.029 [docker-java-stream--653004835] INFO  o.w.a.t.CustomAPIMContainer - [customHeader] STDOUT: [2025-05-07 06:22:06,006]  INFO - EventProcessorDeployer Execution plan is deployed successfully and in active state  : carbon.super_sub_Bronze
11:52:06.030 [docker-java-stream--653004835] INFO  o.w.a.t.CustomAPIMContainer - [customHeader] STDOUT: [2025-05-07 06:22:06,006]  INFO - EventProcessorDeployer Execution Plan was undeployed successfully : carbon.super_sub_Gold.siddhiql
11:52:06.220 [docker-java-stream--653004835] INFO  o.w.a.t.CustomAPIMContainer - [customHeader] STDOUT: [2025-05-07 06:22:06,200]  INFO - EventJunction Producer added to the junction. Stream:org.wso2.throttle.globalThrottle.stream:1.0.0
11:52:06.222 [docker-java-stream--653004835] INFO  o.w.a.t.CustomAPIMContainer - [customHeader] STDOUT: [2025-05-07 06:22:06,200]  INFO - EventJunction Consumer added to the junction. Stream:org.wso2.throttle.processed.request.stream:1.0.0
11:52:06.231 [docker-java-stream--653004835] INFO  o.w.a.t.CustomAPIMContainer - [customHeader] STDOUT: [2025-05-07 06:22:06,200]  INFO - EventProcessorDeployer Execution plan is deployed successfully and in active state  : carbon.super_sub_Gold
11:52:06.232 [docker-java-stream--653004835] INFO  o.w.a.t.CustomAPIMContainer - [customHeader] STDOUT: [2025-05-07 06:22:06,201]  INFO - EventProcessorDeployer Execution Plan was undeployed successfully : carbon.super_sub_Silver.siddhiql
11:52:06.395 [docker-java-stream--653004835] INFO  o.w.a.t.CustomAPIMContainer - [customHeader] STDOUT: [2025-05-07 06:22:06,375]  INFO - EventJunction Producer added to the junction. Stream:org.wso2.throttle.globalThrottle.stream:1.0.0
11:52:06.403 [docker-java-stream--653004835] INFO  o.w.a.t.CustomAPIMContainer - [customHeader] STDOUT: [2025-05-07 06:22:06,377]  INFO - EventJunction Consumer added to the junction. Stream:org.wso2.throttle.processed.request.stream:1.0.0
11:52:06.403 [docker-java-stream--653004835] INFO  o.w.a.t.CustomAPIMContainer - [customHeader] STDOUT: [2025-05-07 06:22:06,377]  INFO - EventProcessorDeployer Execution plan is deployed successfully and in active state  : carbon.super_sub_Silver
11:52:06.403 [docker-java-stream--653004835] INFO  o.w.a.t.CustomAPIMContainer - [customHeader] STDOUT: [2025-05-07 06:22:06,378]  INFO - EventProcessorDeployer Execution Plan was undeployed successfully : carbon.super_sub_Unauthenticated.siddhiql
11:52:07.199 [docker-java-stream--653004835] INFO  o.w.a.t.CustomAPIMContainer - [customHeader] STDOUT: [2025-05-07 06:22:07,170]  INFO - EventJunction Producer added to the junction. Stream:org.wso2.throttle.globalThrottle.stream:1.0.0
11:52:07.201 [docker-java-stream--653004835] INFO  o.w.a.t.CustomAPIMContainer - [customHeader] STDOUT: [2025-05-07 06:22:07,171]  INFO - EventJunction Consumer added to the junction. Stream:org.wso2.throttle.processed.request.stream:1.0.0
11:52:07.204 [docker-java-stream--653004835] INFO  o.w.a.t.CustomAPIMContainer - [customHeader] STDOUT: [2025-05-07 06:22:07,171]  INFO - EventProcessorDeployer Execution plan is deployed successfully and in active state  : carbon.super_sub_Unauthenticated
11:52:07.208 [docker-java-stream--653004835] INFO  o.w.a.t.CustomAPIMContainer - [customHeader] STDOUT: [2025-05-07 06:22:07,171]  INFO - EventStreamDeployer Stream definition is deployed successfully  : org.wso2.throttle.processed.request.stream:1.0.0
11:52:07.209 [docker-java-stream--653004835] INFO  o.w.a.t.CustomAPIMContainer - [customHeader] STDOUT: [2025-05-07 06:22:07,175]  INFO - EventReceiverDeployer Event Receiver undeployed successfully: throttleEventReceiver.xml
11:52:07.240 [docker-java-stream--653004835] INFO  o.w.a.t.CustomAPIMContainer - [customHeader] STDOUT: [2025-05-07 06:22:07,213]  INFO - InputAdapterRuntime Connecting receiver throttleEventReceiver
11:52:07.243 [docker-java-stream--653004835] INFO  o.w.a.t.CustomAPIMContainer - [customHeader] STDOUT: [2025-05-07 06:22:07,218]  INFO - EventJunction Producer added to the junction. Stream:org.wso2.throttle.request.stream:1.0.0
11:52:07.244 [docker-java-stream--653004835] INFO  o.w.a.t.CustomAPIMContainer - [customHeader] STDOUT: [2025-05-07 06:22:07,218]  INFO - EventReceiverDeployer Event Receiver configuration successfully deployed and in active state: throttleEventReceiver
11:52:07.244 [docker-java-stream--653004835] INFO  o.w.a.t.CustomAPIMContainer - [customHeader] STDOUT: [2025-05-07 06:22:07,218]  INFO - EventReceiverDeployer Event Receiver undeployed successfully: throttleWSO2EventReceiver.xml
11:52:07.252 [docker-java-stream--653004835] INFO  o.w.a.t.CustomAPIMContainer - [customHeader] STDOUT: [2025-05-07 06:22:07,232]  INFO - InputAdapterRuntime Connecting receiver throttleWSO2EventReceiver
11:52:07.269 [docker-java-stream--653004835] INFO  o.w.a.t.CustomAPIMContainer - [customHeader] STDOUT: [2025-05-07 06:22:07,243]  INFO - EventJunction Producer added to the junction. Stream:org.wso2.throttle.request.stream:1.0.0
11:52:07.270 [docker-java-stream--653004835] INFO  o.w.a.t.CustomAPIMContainer - [customHeader] STDOUT: [2025-05-07 06:22:07,244]  INFO - EventReceiverDeployer Event Receiver configuration successfully deployed and in active state: throttleWSO2EventReceiver
11:52:07.272 [docker-java-stream--653004835] INFO  o.w.a.t.CustomAPIMContainer - [customHeader] STDOUT: [2025-05-07 06:22:07,244]  INFO - EventProcessorDeployer Execution Plan was undeployed successfully : RequestPreProcessorExecutionPlan.siddhiql
11:52:07.313 [docker-java-stream--653004835] INFO  o.w.a.t.CustomAPIMContainer - [customHeader] STDOUT: [2025-05-07 06:22:07,294]  INFO - EventJunction Producer added to the junction. Stream:org.wso2.throttle.processed.request.stream:1.0.0
11:52:07.317 [docker-java-stream--653004835] INFO  o.w.a.t.CustomAPIMContainer - [customHeader] STDOUT: [2025-05-07 06:22:07,296]  INFO - EventJunction Consumer added to the junction. Stream:org.wso2.throttle.request.stream:1.0.0
11:52:07.319 [docker-java-stream--653004835] INFO  o.w.a.t.CustomAPIMContainer - [customHeader] STDOUT: [2025-05-07 06:22:07,298]  INFO - EventProcessorDeployer Execution plan is deployed successfully and in active state  : requestPreProcessorExecutionPlan
11:52:07.322 [docker-java-stream--653004835] INFO  o.w.a.t.CustomAPIMContainer - [customHeader] STDOUT: [2025-05-07 06:22:07,301]  INFO - EventStreamDeployer Stream definition is deployed successfully  : org.wso2.throttle.request.stream:1.0.0
11:52:28.680 [docker-java-stream--653004835] INFO  o.w.a.t.CustomAPIMContainer - [customHeader] STDOUT: [2025-05-07 06:22:28,659]  INFO - TomcatGenericWebappsDeployer Deployed webapp: StandardEngine[Catalina].StandardHost[localhost].StandardContext[/accountrecoveryendpoint].File[/opt/repository/deployment/server/webapps/accountrecoveryendpoint]
11:52:34.466 [docker-java-stream--653004835] INFO  o.w.a.t.CustomAPIMContainer - [customHeader] STDOUT: [2025-05-07 06:22:34,445]  INFO - TomcatGenericWebappsDeployer Deployed webapp: StandardEngine[Catalina].StandardHost[localhost].StandardContext[/admin].File[/opt/repository/deployment/server/webapps/admin]
11:52:36.272 [docker-java-stream--653004835] INFO  o.w.a.t.CustomAPIMContainer - [customHeader] STDOUT: [2025-05-07 06:22:36,251]  INFO - TomcatGenericWebappsDeployer Deployed webapp: StandardEngine[Catalina].StandardHost[localhost].StandardContext[/am/sample/calculator/v1].File[/opt/repository/deployment/server/webapps/am#sample#calculator#v1.war]
11:52:37.985 [docker-java-stream--653004835] INFO  o.w.a.t.CustomAPIMContainer - [customHeader] STDOUT: [2025-05-07 06:22:37,964]  INFO - TomcatGenericWebappsDeployer Deployed webapp: StandardEngine[Catalina].StandardHost[localhost].StandardContext[/am/sample/pizzashack/v1].File[/opt/repository/deployment/server/webapps/am#sample#pizzashack#v1.war]
11:52:46.789 [docker-java-stream--653004835] INFO  o.w.a.t.CustomAPIMContainer - [customHeader] STDOUT: [2025-05-07 06:22:46,768]  INFO - TomcatGenericWebappsDeployer Deployed webapp: StandardEngine[Catalina].StandardHost[localhost].StandardContext[/api/am/admin].File[/opt/repository/deployment/server/webapps/api#am#admin.war]
11:52:51.363 [docker-java-stream--653004835] INFO  o.w.a.t.CustomAPIMContainer - [customHeader] STDOUT: [2025-05-07 06:22:51,340]  INFO - TomcatGenericWebappsDeployer Deployed webapp: StandardEngine[Catalina].StandardHost[localhost].StandardContext[/api/am/devops/v0].File[/opt/repository/deployment/server/webapps/api#am#devops#v0.war]
11:52:57.029 [docker-java-stream--653004835] INFO  o.w.a.t.CustomAPIMContainer - [customHeader] STDOUT: [2025-05-07 06:22:57,006]  INFO - TomcatGenericWebappsDeployer Deployed webapp: StandardEngine[Catalina].StandardHost[localhost].StandardContext[/api/am/devportal].File[/opt/repository/deployment/server/webapps/api#am#devportal.war]
11:53:01.323 [docker-java-stream--653004835] INFO  o.w.a.t.CustomAPIMContainer - [customHeader] STDOUT: [2025-05-07 06:23:01,302]  INFO - TomcatGenericWebappsDeployer Deployed webapp: StandardEngine[Catalina].StandardHost[localhost].StandardContext[/api/am/gateway/v2].File[/opt/repository/deployment/server/webapps/api#am#gateway#v2.war]
11:53:05.582 [docker-java-stream--653004835] INFO  o.w.a.t.CustomAPIMContainer - [customHeader] STDOUT: [2025-05-07 06:23:05,561]  WARN - AppDeployerServiceComponent Waiting for required OSGi services: org.wso2.carbon.application.deployer.synapse.service.SynapseAppDeployerService,org.wso2.carbon.mediation.initializer.services.SynapseEnvironmentService,
11:53:05.646 [docker-java-stream--653004835] INFO  o.w.a.t.CustomAPIMContainer - [customHeader] STDOUT: [2025-05-07 06:23:05,625]  INFO - TomcatGenericWebappsDeployer Deployed webapp: StandardEngine[Catalina].StandardHost[localhost].StandardContext[/api/am/governance].File[/opt/repository/deployment/server/webapps/api#am#governance.war]
11:53:05.739 [docker-java-stream--653004835] INFO  o.w.a.t.CustomAPIMContainer - [customHeader] STDOUT: [2025-05-07 06:23:05,718]  WARN - StartupFinalizerServiceComponent Waiting for required OSGi services: org.wso2.carbon.application.deployer.service.CappDeploymentService,org.wso2.carbon.server.admin.common.IServerAdmin,org.wso2.carbon.throttling.agent.ThrottlingAgent,
11:53:11.526 [docker-java-stream--653004835] INFO  o.w.a.t.CustomAPIMContainer - [customHeader] STDOUT: [2025-05-07 06:23:11,503]  INFO - TomcatGenericWebappsDeployer Deployed webapp: StandardEngine[Catalina].StandardHost[localhost].StandardContext[/api/am/publisher].File[/opt/repository/deployment/server/webapps/api#am#publisher.war]
11:53:15.554 [docker-java-stream--653004835] INFO  o.w.a.t.CustomAPIMContainer - [customHeader] STDOUT: [2025-05-07 06:23:15,531]  INFO - TomcatGenericWebappsDeployer Deployed webapp: StandardEngine[Catalina].StandardHost[localhost].StandardContext[/api/am/service-catalog/v1].File[/opt/repository/deployment/server/webapps/api#am#service-catalog#v1.war]
11:53:20.627 [docker-java-stream--653004835] INFO  o.w.a.t.CustomAPIMContainer - [customHeader] STDOUT: [2025-05-07 06:23:20,606]  INFO - TomcatGenericWebappsDeployer Deployed webapp: StandardEngine[Catalina].StandardHost[localhost].StandardContext[/api/identity/auth/v1.1].File[/opt/repository/deployment/server/webapps/api#identity#auth#v1.1.war]
11:53:24.514 [docker-java-stream--653004835] INFO  o.w.a.t.CustomAPIMContainer - [customHeader] STDOUT: [2025-05-07 06:23:24,486]  INFO - TomcatGenericWebappsDeployer Deployed webapp: StandardEngine[Catalina].StandardHost[localhost].StandardContext[/api/identity/consent-mgt/v1.0].File[/opt/repository/deployment/server/webapps/api#identity#consent-mgt#v1.0.war]
11:53:28.008 [docker-java-stream--653004835] INFO  o.w.a.t.CustomAPIMContainer - [customHeader] STDOUT: [2025-05-07 06:23:27,986]  INFO - TomcatGenericWebappsDeployer Deployed webapp: StandardEngine[Catalina].StandardHost[localhost].StandardContext[/api/identity/oauth2/dcr/v1.1].File[/opt/repository/deployment/server/webapps/api#identity#oauth2#dcr#v1.1.war]
11:53:30.704 [docker-java-stream--653004835] INFO  o.w.a.t.CustomAPIMContainer - [customHeader] STDOUT: [2025-05-07 06:23:30,682]  INFO - TomcatGenericWebappsDeployer Deployed webapp: StandardEngine[Catalina].StandardHost[localhost].StandardContext[/api/identity/oauth2/v1.0].File[/opt/repository/deployment/server/webapps/api#identity#oauth2#v1.0.war]
11:53:34.898 [docker-java-stream--653004835] INFO  o.w.a.t.CustomAPIMContainer - [customHeader] STDOUT: [2025-05-07 06:23:34,874]  INFO - TomcatGenericWebappsDeployer Deployed webapp: StandardEngine[Catalina].StandardHost[localhost].StandardContext[/api/identity/recovery/v0.9].File[/opt/repository/deployment/server/webapps/api#identity#recovery#v0.9.war]
11:53:38.684 [docker-java-stream--653004835] INFO  o.w.a.t.CustomAPIMContainer - [customHeader] STDOUT: [2025-05-07 06:23:38,661]  INFO - TomcatGenericWebappsDeployer Deployed webapp: StandardEngine[Catalina].StandardHost[localhost].StandardContext[/api/identity/user/v1.0].File[/opt/repository/deployment/server/webapps/api#identity#user#v1.0.war]
11:53:55.693 [docker-java-stream--653004835] INFO  o.w.a.t.CustomAPIMContainer - [customHeader] STDOUT: [2025-05-07 06:23:55,672]  INFO - TomcatGenericWebappsDeployer Deployed webapp: StandardEngine[Catalina].StandardHost[localhost].StandardContext[/authenticationendpoint].File[/opt/repository/deployment/server/webapps/authenticationendpoint]
11:53:59.766 [docker-java-stream--653004835] INFO  o.w.a.t.CustomAPIMContainer - [customHeader] STDOUT: [2025-05-07 06:23:59,743]  INFO - TomcatGenericWebappsDeployer Deployed webapp: StandardEngine[Catalina].StandardHost[localhost].StandardContext[/client-registration/v0.17].File[/opt/repository/deployment/server/webapps/client-registration#v0.17.war]
11:54:03.596 [docker-java-stream--653004835] INFO  o.w.a.t.CustomAPIMContainer - [customHeader] STDOUT: [2025-05-07 06:24:03,573]  INFO - TomcatGenericWebappsDeployer Deployed webapp: StandardEngine[Catalina].StandardHost[localhost].StandardContext[/devportal].File[/opt/repository/deployment/server/webapps/devportal]
11:54:05.583 [docker-java-stream--653004835] INFO  o.w.a.t.CustomAPIMContainer - [customHeader] STDOUT: [2025-05-07 06:24:05,560]  WARN - AppDeployerServiceComponent Waiting for required OSGi services: org.wso2.carbon.application.deployer.synapse.service.SynapseAppDeployerService,org.wso2.carbon.mediation.initializer.services.SynapseEnvironmentService,
11:54:05.740 [docker-java-stream--653004835] INFO  o.w.a.t.CustomAPIMContainer - [customHeader] STDOUT: [2025-05-07 06:24:05,718]  WARN - StartupFinalizerServiceComponent Waiting for required OSGi services: org.wso2.carbon.application.deployer.service.CappDeploymentService,org.wso2.carbon.server.admin.common.IServerAdmin,org.wso2.carbon.throttling.agent.ThrottlingAgent,
11:54:06.558 [docker-java-stream--653004835] INFO  o.w.a.t.CustomAPIMContainer - [customHeader] STDOUT: [2025-05-07 06:24:06,535]  INFO - TomcatGenericWebappsDeployer Deployed webapp: StandardEngine[Catalina].StandardHost[localhost].StandardContext[/internal/data/v1].File[/opt/repository/deployment/server/webapps/internal#data#v1.war]
11:54:09.655 [docker-java-stream--653004835] INFO  o.w.a.t.CustomAPIMContainer - [customHeader] STDOUT: [2025-05-07 06:24:09,632]  INFO - TomcatGenericWebappsDeployer Deployed webapp: StandardEngine[Catalina].StandardHost[localhost].StandardContext[/keymanager-operations].File[/opt/repository/deployment/server/webapps/keymanager-operations.war]
11:54:14.576 [docker-java-stream--653004835] INFO  o.w.a.t.CustomAPIMContainer - [customHeader] STDOUT: [2025-05-07 06:24:14,553]  INFO - TomcatGenericWebappsDeployer Deployed webapp: StandardEngine[Catalina].StandardHost[localhost].StandardContext[/oauth2].File[/opt/repository/deployment/server/webapps/oauth2.war]
11:54:17.842 [docker-java-stream--653004835] INFO  o.w.a.t.CustomAPIMContainer - [customHeader] STDOUT: [2025-05-07 06:24:17,820]  INFO - TomcatGenericWebappsDeployer Deployed webapp: StandardEngine[Catalina].StandardHost[localhost].StandardContext[/publisher].File[/opt/repository/deployment/server/webapps/publisher]
11:54:17.846 [docker-java-stream--653004835] INFO  o.w.a.t.CustomAPIMContainer - [customHeader] STDOUT: [2025-05-07 06:24:17,824]  INFO - Axis2SynapseController Deploying the Synapse service...
11:54:17.856 [docker-java-stream--653004835] INFO  o.w.a.t.CustomAPIMContainer - [customHeader] STDOUT: [2025-05-07 06:24:17,833]  INFO - Axis2SynapseController Deploying Proxy services...
11:54:17.856 [docker-java-stream--653004835] INFO  o.w.a.t.CustomAPIMContainer - [customHeader] STDOUT: [2025-05-07 06:24:17,833]  INFO - Axis2SynapseController Deploying EventSources...
11:54:18.030 [docker-java-stream--653004835] INFO  o.w.a.t.CustomAPIMContainer - [customHeader] STDOUT: [2025-05-07 06:24:18,007]  INFO - InboundEndpoint Initializing Inbound Endpoint: WebSocketInboundEndpoint
11:54:19.464 [docker-java-stream--653004835] INFO  o.w.a.t.CustomAPIMContainer - [customHeader] STDOUT: [2025-05-07 06:24:19,438]  INFO - WebsocketEndpointManager Netty Listener starting on port 9099
11:54:19.464 [docker-java-stream--653004835] INFO  o.w.a.t.CustomAPIMContainer - [customHeader] STDOUT: [2025-05-07 06:24:19,438]  INFO - InboundEndpoint Initializing Inbound Endpoint: SecureWebSocketEP
11:54:19.501 [docker-java-stream--653004835] INFO  o.w.a.t.CustomAPIMContainer - [customHeader] STDOUT: [2025-05-07 06:24:19,479]  INFO - WebsocketEndpointManager Netty SSL Listener starting on port 8099
11:54:19.508 [docker-java-stream--653004835] INFO  o.w.a.t.CustomAPIMContainer - [customHeader] STDOUT: [2025-05-07 06:24:19,484]  INFO - InboundEndpoint Initializing Inbound Endpoint: WebhookServer
11:54:19.791 [docker-java-stream--653004835] INFO  o.w.a.t.CustomAPIMContainer - [customHeader] STDOUT: [2025-05-07 06:24:19,769]  INFO - PassThroughListeningIOReactorManager Pass-through WebhookServer Listener started on 0.0.0.0:9021
11:54:19.795 [docker-java-stream--653004835] INFO  o.w.a.t.CustomAPIMContainer - [customHeader] STDOUT: [2025-05-07 06:24:19,774]  INFO - InboundEndpoint Initializing Inbound Endpoint: SecureWebhookServer
11:54:20.002 [docker-java-stream--653004835] INFO  o.w.a.t.CustomAPIMContainer - [customHeader] STDOUT: [2025-05-07 06:24:19,980]  INFO - PassThroughListeningIOReactorManager Pass-through SecureWebhookServer Listener started on 0.0.0.0:8021
11:54:20.015 [docker-java-stream--653004835] INFO  o.w.a.t.CustomAPIMContainer - [customHeader] STDOUT: [2025-05-07 06:24:19,992]  INFO - ServerManager Server ready for processing...
11:54:23.080 [docker-java-stream--653004835] INFO  o.w.a.t.CustomAPIMContainer - [customHeader] STDOUT: [2025-05-07 06:24:23,057]  INFO - JMSConnectionFactory JMS ConnectionFactory : Siddhi-JMS-Consumer initialized
11:54:23.083 [docker-java-stream--653004835] INFO  o.w.a.t.CustomAPIMContainer - [customHeader] STDOUT: [2025-05-07 06:24:23,060]  INFO - JMSConnectionFactory JMS ConnectionFactory : Siddhi-JMS-Consumer initialized
11:54:23.387 [docker-java-stream--653004835] INFO  o.w.a.t.CustomAPIMContainer - [customHeader] STDOUT: [2025-05-07 06:24:23,364]  INFO - WebsocketEndpointManager Netty Listener already started on port 8099
11:54:23.388 [docker-java-stream--653004835] INFO  o.w.a.t.CustomAPIMContainer - [customHeader] STDOUT: [2025-05-07 06:24:23,365]  INFO - HTTPEndpointManager Listener is already started for port : 8021
11:54:23.389 [docker-java-stream--653004835] INFO  o.w.a.t.CustomAPIMContainer - [customHeader] STDOUT: [2025-05-07 06:24:23,365]  INFO - WebsocketEndpointManager Netty Listener already started on port 9099
11:54:23.391 [docker-java-stream--653004835] INFO  o.w.a.t.CustomAPIMContainer - [customHeader] STDOUT: [2025-05-07 06:24:23,365]  INFO - HTTPEndpointManager Listener is already started for port : 9021
11:54:24.110 [docker-java-stream--653004835] INFO  o.w.a.t.CustomAPIMContainer - [customHeader] STDOUT: [2025-05-07 06:24:24,088]  INFO - QpidServiceComponent Activating Andes Message Broker Engine...
11:54:25.262 [docker-java-stream--653004835] INFO  o.w.a.t.CustomAPIMContainer - [customHeader] STDOUT: [Broker] BRK-1001 : Startup : Version: 0.11 Build: 90784:90849
11:54:25.356 [docker-java-stream--653004835] INFO  o.w.a.t.CustomAPIMContainer - [customHeader] STDOUT: [Broker] MNG-1001 : Startup
11:54:25.356 [docker-java-stream--653004835] INFO  o.w.a.t.CustomAPIMContainer - [customHeader] STDOUT: [Broker] MNG-1004 : Ready : Using the platform JMX Agent
11:54:27.517 [docker-java-stream--653004835] INFO  o.w.a.t.CustomAPIMContainer - [customHeader] STDOUT: [Broker] BRK-1002 : Starting : Listening on TCP port 5672
11:54:27.538 [docker-java-stream--653004835] INFO  o.w.a.t.CustomAPIMContainer - [customHeader] STDOUT: [2025-05-07 06:24:27,514]  INFO - listening [Broker] BRK-1002 : Starting : Listening on TCP port 5672
11:54:27.638 [docker-java-stream--653004835] INFO  o.w.a.t.CustomAPIMContainer - [customHeader] STDOUT: [Broker] BRK-1002 : Starting : Listening on TCP/SSL port 8672
11:54:27.638 [docker-java-stream--653004835] INFO  o.w.a.t.CustomAPIMContainer - [customHeader] STDOUT: [2025-05-07 06:24:27,606]  INFO - listening [Broker] BRK-1002 : Starting : Listening on TCP/SSL port 8672
11:54:27.649 [docker-java-stream--653004835] INFO  o.w.a.t.CustomAPIMContainer - [customHeader] STDOUT: [Broker] BRK-1004 : Qpid Broker Ready
11:54:27.996 [docker-java-stream--653004835] INFO  o.w.a.t.CustomAPIMContainer - [customHeader] STDOUT: [Broker] [vh(/carbon)/qu(deadletterchannel)] QUE-1001 : Create : Owner: admin Durable
11:54:28.052 [docker-java-stream--653004835] INFO  o.w.a.t.CustomAPIMContainer - [customHeader] STDOUT: [2025-05-07 06:24:28,027]  INFO - QpidServiceComponent AMQP Host Address : 0.0.0.0 Port : 5672
11:54:28.053 [docker-java-stream--653004835] INFO  o.w.a.t.CustomAPIMContainer - [customHeader] STDOUT: [2025-05-07 06:24:28,028]  INFO - QpidServiceComponent Successfully connected to AMQP server on port 5672
11:54:28.078 [docker-java-stream--653004835] INFO  o.w.a.t.CustomAPIMContainer - [customHeader] STDOUT: [2025-05-07 06:24:28,049]  INFO - QpidServiceComponent WSO2 Message Broker is started.
11:54:28.883 [docker-java-stream--653004835] INFO  o.w.a.t.CustomAPIMContainer - [customHeader] STDOUT: [2025-05-07 06:24:28,859]  INFO - BinaryDataReceiver Started Binary SSL Transport on port : 9711
11:54:28.889 [docker-java-stream--653004835] INFO  o.w.a.t.CustomAPIMContainer - [customHeader] STDOUT: [2025-05-07 06:24:28,863]  INFO - BinaryDataReceiver Started Binary TCP Transport on port : 9611
11:54:29.318 [docker-java-stream--653004835] INFO  o.w.a.t.CustomAPIMContainer - [customHeader] STDOUT: [2025-05-07 06:24:29,296]  INFO - ThriftServerStartupObserver  Thrift Data Receiver is disabled.
11:54:29.851 [docker-java-stream--653004835] INFO  o.w.a.t.CustomAPIMContainer - [customHeader] STDOUT: [2025-05-07 06:24:29,828]  INFO - PassThroughHttpListener Starting Pass-through HTTP Listener...
11:54:29.878 [docker-java-stream--653004835] INFO  o.w.a.t.CustomAPIMContainer - [customHeader] STDOUT: [2025-05-07 06:24:29,856]  INFO - PassThroughListeningIOReactorManager Pass-through HTTP Listener started on 0.0.0.0:8280
11:54:29.885 [docker-java-stream--653004835] INFO  o.w.a.t.CustomAPIMContainer - [customHeader] STDOUT: [2025-05-07 06:24:29,858]  INFO - PassThroughHttpMultiSSLListener Starting Pass-through HTTPS Listener...
11:54:29.922 [docker-java-stream--653004835] INFO  o.w.a.t.CustomAPIMContainer - [customHeader] STDOUT: [2025-05-07 06:24:29,897]  INFO - PassThroughListeningIOReactorManager Pass-through HTTPS Listener started on 0.0.0.0:8243
11:54:30.319 [main] INFO  tc.openjdk:11-jre-slim - Container openjdk:11-jre-slim started in PT7M11.765770996S
11:54:30.525 [docker-java-stream--653004835] INFO  o.w.a.t.CustomAPIMContainer - [customHeader] STDOUT: [2025-05-07 06:24:30,502]  INFO - certificate Connector [https-jsse-nio-9443], TLS virtual host [_default_], certificate type [UNDEFINED] configured from keystore [/opt/repository/resources/security/wso2carbon.jks] using alias [wso2carbon] with trust store [/opt/repository/resources/security/client-truststore.jks]
Contents of the copied deployment.toml inside the container:
[server]
hostname = "localhost"
#offset=0
base_path = "${carbon.protocol}://${carbon.host}:${carbon.management.port}"
#discard_empty_caches = false
server_role = "default"

[super_admin]
username = "admin"
password = "admin"
create_admin_account = true

[user_store]
type = "database_unique_id"

[database.apim_db]
type = "h2"
url = "jdbc:h2:./repository/database/WSO2AM_DB;DB_CLOSE_ON_EXIT=FALSE"
username = "wso2carbon"
password = "wso2carbon"

[database.shared_db]
type = "h2"
url = "jdbc:h2:./repository/database/WSO2SHARED_DB;DB_CLOSE_ON_EXIT=FALSE"
username = "wso2carbon"
password = "wso2carbon"

[keystore.tls]
file_name =  "wso2carbon.jks"
type =  "JKS"
password =  "wso2carbon"
alias =  "wso2carbon"
key_password =  "wso2carbon"

#[keystore.listener_profile]
#bind_address = "0.0.0.0"

#[keystore.primary]
#file_name =  "wso2carbon.jks"
#type =  "JKS"
#password =  "wso2carbon"
#alias =  "wso2carbon"
#key_password =  "wso2carbon"

#[keystore.internal]
#file_name =  "wso2carbon.jks"
#type =  "JKS"
#password =  "wso2carbon"
#alias =  "wso2carbon"
#key_password =  "wso2carbon"

[apim]
gateway_type = "Regular,APK,AWS"

[[apim.gateway.environment]]
name = "Default"
type = "hybrid"
gateway_type = "Regular"
provider = "wso2"
display_in_api_console = true
description = "This is a hybrid gateway that handles both production and sandbox token traffic."
show_as_token_endpoint_url = true
service_url = "https://localhost:${mgt.transport.https.port}/services/"
username= "${admin.username}"
password= "${admin.password}"
ws_endpoint = "ws://localhost:9099"
wss_endpoint = "wss://localhost:8099"
http_endpoint = "http://localhost:${http.nio.port}"
https_endpoint = "https://localhost:${https.nio.port}"
websub_event_receiver_http_endpoint = "http://localhost:9021"
websub_event_receiver_https_endpoint = "https://localhost:8021"

[apim.sync_runtime_artifacts.gateway]
gateway_labels =["Default"]

#[apim.cache.gateway_token]
#enable = true
#expiry_time = "900s"

#[apim.cache.resource]
#enable = true
#expiry_time = "900s"

#[apim.cache.km_token]
#enable = false
#expiry_time = "15m"

#[apim.cache.recent_apis]
#enable = false

#[apim.cache.scopes]
#enable = true

#[apim.cache.publisher_roles]
#enable = true

#[apim.cache.jwt_claim]
#enable = true
#expiry_time = "15m"

#[apim.cache.tags]
#expiry_time = "2m"

[apim.analytics]
enable = false
auth_token = ""

[apim.ai]
enable = true
key = ""

[apim.key_manager]
enable_lightweight_apikey_generation = true
#service_url = "https://localhost:${mgt.transport.https.port}/services/"
#username = "$ref{super_admin.username}"
#password = "$ref{super_admin.password}"
#pool.init_idle_capacity = 50
#pool.max_idle = 100
#key_validation_handler_type = "default"
#key_validation_handler_type = "custom"
#key_validation_handler_impl = "org.wso2.carbon.apimgt.keymgt.handlers.DefaultKeyValidationHandler"

#[apim.idp]
#server_url = "https://localhost:${mgt.transport.https.port}"
#authorize_endpoint = "https://localhost:${mgt.transport.https.port}/oauth2/authorize"
#oidc_logout_endpoint = "https://localhost:${mgt.transport.https.port}/oidc/logout"
#oidc_check_session_endpoint = "https://localhost:${mgt.transport.https.port}/oidc/checksession"

#[apim.jwt]
#enable = true
#encoding = "base64" # base64,base64url
#generator_impl = "org.wso2.carbon.apimgt.keymgt.token.JWTGenerator"
#claim_dialect = "http://wso2.org/claims"
#convert_dialect = false
#header = "X-JWT-Assertion"
#signing_algorithm = "SHA256withRSA"
#enable_user_claims = true
#claims_extractor_impl = "org.wso2.carbon.apimgt.impl.token.ExtendedDefaultClaimsRetriever"
#use_sha256_hash = false

[apim.oauth_config]
auth_header = "Test-Custom-Header"

#[apim.oauth_config]
#enable_outbound_auth_header = false
#auth_header = "Authorization"
#revoke_endpoint = "https://localhost:${https.nio.port}/revoke"
#enable_token_encryption = false
#enable_token_hashing = false

#[apim.devportal]
#url = "https://localhost:${mgt.transport.https.port}/devportal"
#enable_application_sharing = false
#if application_sharing_type, application_sharing_impl both defined priority goes to application_sharing_impl
#application_sharing_type = "default" #changed type, saml, default #todo: check the new config for rest api
#application_sharing_impl = "org.wso2.carbon.apimgt.impl.SAMLGroupIDExtractorImpl"
#display_multiple_versions = false
#display_deprecated_apis = false
#enable_comments = true
#enable_ratings = true
#enable_forum = true
#enable_anonymous_mode=true
#enable_cross_tenant_subscriptions = true
#default_reserved_username = "apim_reserved_user"

#[apim.publisher]
#enable_portal_configuration_only_mode = false

[apim.cors]
allow_origins = "*"
allow_methods = ["GET","PUT","POST","DELETE","PATCH","OPTIONS"]
allow_headers = ["authorization","Access-Control-Allow-Origin","Content-Type","SOAPAction","apikey","Internal-Key"]
allow_credentials = false

#[apim.throttling]
#enable_data_publishing = true
#enable_policy_deploy = true
#enable_blacklist_condition = true
#enable_persistence = true
#throttle_decision_endpoints = ["tcp://localhost:5672","tcp://localhost:5672"]

#[apim.throttling.blacklist_condition]
#start_delay = "5m"
#period = "1h"

#[apim.throttling.jms]
#start_delay = "5m"

#[apim.throttling.event_sync]
#hostName = "0.0.0.0"
#port = 11224

#[apim.throttling.event_management]
#hostName = "0.0.0.0"
#port = 10005

#[[apim.throttling.url_group]]
#traffic_manager_urls = ["tcp://localhost:9611","tcp://localhost:9611"]
#traffic_manager_auth_urls = ["ssl://localhost:9711","ssl://localhost:9711"]
#type = "loadbalance"

#[[apim.throttling.url_group]]
#traffic_manager_urls = ["tcp://localhost:9611","tcp://localhost:9611"]
#traffic_manager_auth_urls = ["ssl://localhost:9711","ssl://localhost:9711"]
#type = "failover"

#[apim.workflow]
#enable = false
#service_url = "https://localhost:9445/bpmn"
#username = "$ref{super_admin.username}"
#password = "$ref{super_admin.password}"
#callback_endpoint = "https://localhost:${mgt.transport.https.port}/api/am/admin/v0.17/workflows/update-workflow-status"
#token_endpoint = "https://localhost:${https.nio.port}/token"
#client_registration_endpoint = "https://localhost:${mgt.transport.https.port}/client-registration/v0.17/register"
#client_registration_username = "$ref{super_admin.username}"
#client_registration_password = "$ref{super_admin.password}"

#data bridge config
#[transport.receiver]
#type = "binary"
#worker_threads = 10
#session_timeout = "30m"
#keystore.file_name = "$ref{keystore.tls.file_name}"
#keystore.password = "$ref{keystore.tls.password}"
#tcp_port = 9611
#ssl_port = 9711
#ssl_receiver_thread_pool_size = 100
#tcp_receiver_thread_pool_size = 100
#ssl_enabled_protocols = ["TLSv1","TLSv1.1","TLSv1.2"]
#ciphers = ["SSL_RSA_WITH_RC4_128_MD5","SSL_RSA_WITH_RC4_128_SHA"]

#[apim.notification]
#from_address = "APIM.com"
#username = "APIM"
#password = "APIM+123"
#hostname = "localhost"
#port = 3025
#enable_start_tls = false
#enable_authentication = true

#[apim.token.revocation]
#notifier_impl = "org.wso2.carbon.apimgt.notification.TokenRevocationNotifierImpl"
#enable_realtime_notifier = true
#realtime_notifier.ttl = 5000
#enable_persistent_notifier = true
#persistent_notifier.hostname = "https://localhost:2379/v2/keys/jti/"
#persistent_notifier.ttl = 5000
#persistent_notifier.username = "root"
#persistent_notifier.password = "root"

[[event_handler]]
name="userPostSelfRegistration"
subscriptions=["POST_ADD_USER"]

[service_provider]
sp_name_regex = "^[\\sa-zA-Z0-9._-]*$"

[database.local]
url = "jdbc:h2:./repository/database/WSO2CARBON_DB;DB_CLOSE_ON_EXIT=FALSE"

[[event_listener]]
id = "token_revocation"
type = "org.wso2.carbon.identity.core.handler.AbstractIdentityHandler"
name = "org.wso2.is.notification.ApimOauthEventInterceptor"
order = 1
[event_listener.properties]
notification_endpoint = "https://localhost:${mgt.transport.https.port}/internal/data/v1/notify"
username = "${admin.username}"
password = "${admin.password}"
'header.X-WSO2-KEY-MANAGER' = "default"

[oauth.grant_type.token_exchange]
enable = true
allow_refresh_tokens = true
iat_validity_period = "1h"

#[apim.transaction_counter]
#enable = true
#server_id = "Gateway1"
#producer_counting_thread_pool_size = 10
#producer_scheduled_interval = 10
#max_transaction_count_per_record = 20
#min_transaction_count_per_record = 5
#record_queue_size = 1000
#publisher_scheduled_interval = 5
#publisher_max_batch_size = 100
#publisher_max_retries = 3
#store_impl = "org.wso2.integration.transaction.counter.store.TransactionRecordStoreImpl"
#service_url = "https://localhost:8080/transactions/records"
#service_username = "admin"
#service_password = "admin"

  &amp#27;[32mAnd &amp#27;[0m&amp#27;[32mI have initialized the Custom API Manager container with label &amp#27;[0m&amp#27;[32m&amp#27;[1m"customHeader"&amp#27;[0m&amp#27;[32m and deployment toml file path at &amp#27;[0m&amp#27;[32m&amp#27;[1m"/home/abisherk/Internship/InternProject/apim-test-framework-testcontainers/tests-integration/cucumber-tests/src/test/resources/features/customHeaderTest/deployment.toml"&amp#27;[0m &amp#27;[90m# org.wso2.am.integration.cucumbertests.stepdefinitions.ContainorIntitialisationStepDefinitions.initializeCustomAPIMContainer(java.lang.String,java.lang.String)&amp#27;[0m
11:54:31.395 [docker-java-stream--653004835] INFO  o.w.a.t.CustomAPIMContainer - [customHeader] STDOUT: [2025-05-07 06:24:31,368]  INFO - TaskServiceImpl Task service starting in STANDALONE mode...
11:54:31.908 [docker-java-stream--653004835] INFO  o.w.a.t.CustomAPIMContainer - [customHeader] STDOUT: [2025-05-07 06:24:31,885]  INFO - RegistryEventingServiceComponent Successfully Initialized Eventing on Registry
11:54:33.739 [docker-java-stream--653004835] INFO  o.w.a.t.CustomAPIMContainer - [customHeader] STDOUT: [2025-05-07 06:24:33,716]  INFO - JMXServerManager JMX Service URL  : service:jmx:rmi://localhost:11111/jndi/rmi://localhost:9999/jmxrmi
11:54:35.402 [docker-java-stream--653004835] INFO  o.w.a.t.CustomAPIMContainer - [customHeader] STDOUT: [2025-05-07 06:24:35,378]  INFO - APIMGovernanceUtil Adding default ruleset: OWASP Top 10
11:54:40.883 [docker-java-stream--653004835] INFO  o.w.a.t.CustomAPIMContainer - [customHeader] STDOUT: [2025-05-07 06:24:40,860]  INFO - APIMGovernanceUtil Adding default ruleset: WSO2 API Management Guidelines
11:54:41.580 [docker-java-stream--653004835] INFO  o.w.a.t.CustomAPIMContainer - [customHeader] STDOUT: [2025-05-07 06:24:41,557]  INFO - APIMGovernanceUtil Adding default ruleset: WSO2 REST API Design Guidelines
11:54:42.457 [docker-java-stream--653004835] INFO  o.w.a.t.CustomAPIMContainer - [customHeader] STDOUT: [2025-05-07 06:24:42,434]  INFO - APIMGovernanceUtil Adding default policy: WSO2 API Management Best Practices
11:54:42.623 [docker-java-stream--653004835] INFO  o.w.a.t.CustomAPIMContainer - [customHeader] STDOUT: [2025-05-07 06:24:42,599]  INFO - JMSTransportHandler Starting jms topic consumer thread for the notification topic...
11:54:45.113 [docker-java-stream--653004835] INFO  o.w.a.t.CustomAPIMContainer - [customHeader] STDOUT: [2025-05-07 06:24:45,090]  INFO - DataBridge user admin connected
11:54:45.839 [docker-java-stream--653004835] INFO  o.w.a.t.CustomAPIMContainer - [customHeader] STDOUT: [2025-05-07 06:24:45,816]  INFO - JMSTransportHandler Starting jms topic consumer thread for the notification topic...
11:54:45.984 [docker-java-stream--653004835] INFO  o.w.a.t.CustomAPIMContainer - [customHeader] STDOUT: [2025-05-07 06:24:45,944]  INFO - JMSTransportHandler Starting jms topic consumer thread for the keyManager topic...
11:54:46.020 [docker-java-stream--653004835] INFO  o.w.a.t.CustomAPIMContainer - [customHeader] STDOUT: [2025-05-07 06:24:45,997]  INFO - JMSTransportHandler Starting jms topic consumer thread for the notification topic...
11:54:47.690 [docker-java-stream--653004835] INFO  o.w.a.t.CustomAPIMContainer - [customHeader] STDOUT: [2025-05-07 06:24:47,665]  INFO - JMSListener Connection successfully created towards the JMS provider for the listener: Siddhi-JMS-Consumer#notification. The connected JMS provider is AMQConnection: | Host: 172.23.0.3 | Port: 5672 | Virtual Host: carbon | Client ID: clientid | Active session count: 0
11:54:47.709 [docker-java-stream--653004835] INFO  o.w.a.t.CustomAPIMContainer - [customHeader] STDOUT: [2025-05-07 06:24:47,665]  INFO - JMSListener Connection successfully created towards the JMS provider for the listener: Siddhi-JMS-Consumer#keyManager. The connected JMS provider is AMQConnection: | Host: 172.23.0.3 | Port: 5672 | Virtual Host: carbon | Client ID: clientid | Active session count: 0
11:54:47.711 [docker-java-stream--653004835] INFO  o.w.a.t.CustomAPIMContainer - [customHeader] STDOUT: [2025-05-07 06:24:47,665]  INFO - JMSListener Connection attempt: 1 for JMS Provider for listener: Siddhi-JMS-Consumer#notification was successful!
11:54:47.712 [docker-java-stream--653004835] INFO  o.w.a.t.CustomAPIMContainer - [customHeader] STDOUT: [2025-05-07 06:24:47,665]  INFO - JMSListener Connection attempt: 1 for JMS Provider for listener: Siddhi-JMS-Consumer#keyManager was successful!
11:54:47.718 [docker-java-stream--653004835] INFO  o.w.a.t.CustomAPIMContainer - [customHeader] STDOUT: [2025-05-07 06:24:47,677]  INFO - JMSListener Connection successfully created towards the JMS provider for the listener: Siddhi-JMS-Consumer#notification. The connected JMS provider is AMQConnection: | Host: 172.23.0.3 | Port: 5672 | Virtual Host: carbon | Client ID: clientid | Active session count: 0
11:54:47.719 [docker-java-stream--653004835] INFO  o.w.a.t.CustomAPIMContainer - [customHeader] STDOUT: [2025-05-07 06:24:47,677]  INFO - JMSListener Connection attempt: 1 for JMS Provider for listener: Siddhi-JMS-Consumer#notification was successful!
11:54:47.722 [docker-java-stream--653004835] INFO  o.w.a.t.CustomAPIMContainer - [customHeader] STDOUT: [2025-05-07 06:24:47,681]  INFO - JMSListener Connection successfully created towards the JMS provider for the listener: Siddhi-JMS-Consumer#notification. The connected JMS provider is AMQConnection: | Host: 172.23.0.3 | Port: 5672 | Virtual Host: carbon | Client ID: clientid | Active session count: 0
11:54:47.732 [docker-java-stream--653004835] INFO  o.w.a.t.CustomAPIMContainer - [customHeader] STDOUT: [2025-05-07 06:24:47,681]  INFO - JMSListener Connection attempt: 1 for JMS Provider for listener: Siddhi-JMS-Consumer#notification was successful!
11:54:47.773 [docker-java-stream--653004835] INFO  o.w.a.t.CustomAPIMContainer - [customHeader] STDOUT: [2025-05-07 06:24:47,750]  INFO - JMSTaskManager Task manager for Siddhi-JMS-Consumer [re-]initialized
11:54:47.781 [docker-java-stream--653004835] INFO  o.w.a.t.CustomAPIMContainer - [customHeader] STDOUT: [2025-05-07 06:24:47,756]  INFO - JMSTaskManager Task manager for Siddhi-JMS-Consumer [re-]initialized
11:54:47.800 [docker-java-stream--653004835] INFO  o.w.a.t.CustomAPIMContainer - [customHeader] STDOUT: [2025-05-07 06:24:47,760]  INFO - JMSTaskManager Task manager for Siddhi-JMS-Consumer [re-]initialized
11:54:47.819 [docker-java-stream--653004835] INFO  o.w.a.t.CustomAPIMContainer - [customHeader] STDOUT: [2025-05-07 06:24:47,773]  INFO - JMSTaskManager Task manager for Siddhi-JMS-Consumer [re-]initialized
11:54:48.273 [docker-java-stream--653004835] INFO  o.w.a.t.CustomAPIMContainer - [customHeader] STDOUT: [2025-05-07 06:24:48,249]  INFO - JMSConnectionFactory JMS ConnectionFactory : notificationJMSPublisher initialized
11:54:48.849 [docker-java-stream--653004835] INFO  o.w.a.t.CustomAPIMContainer - [customHeader] STDOUT: [2025-05-07 06:24:48,826]  INFO - EventProcessorConfigurationFilesystemInvoker carbon.super_sub_Silver.siddhiql is deleted from the file system
11:54:48.859 [docker-java-stream--653004835] INFO  o.w.a.t.CustomAPIMContainer - [customHeader] STDOUT: [2025-05-07 06:24:48,836]  INFO - EventProcessorDeployer Execution Plan was undeployed successfully : carbon.super_sub_Silver.siddhiql
11:54:48.888 [docker-java-stream--653004835] INFO  o.w.a.t.CustomAPIMContainer - [customHeader] STDOUT: [2025-05-07 06:24:48,864]  INFO - EventProcessorConfigurationFilesystemInvoker carbon.super_resource_50KPerMin_defualt.siddhiql is deleted from the file system
11:54:48.890 [docker-java-stream--653004835] INFO  o.w.a.t.CustomAPIMContainer - [customHeader] STDOUT: [2025-05-07 06:24:48,865]  INFO - EventProcessorDeployer Execution Plan was undeployed successfully : carbon.super_resource_50KPerMin_defualt.siddhiql
11:54:48.899 [docker-java-stream--653004835] INFO  o.w.a.t.CustomAPIMContainer - [customHeader] STDOUT: [2025-05-07 06:24:48,876]  INFO - EventProcessorConfigurationFilesystemInvoker carbon.super_sub_Bronze.siddhiql is deleted from the file system
11:54:48.907 [docker-java-stream--653004835] INFO  o.w.a.t.CustomAPIMContainer - [customHeader] STDOUT: [2025-05-07 06:24:48,884]  INFO - EventProcessorDeployer Execution Plan was undeployed successfully : carbon.super_sub_Bronze.siddhiql
11:54:48.917 [docker-java-stream--653004835] INFO  o.w.a.t.CustomAPIMContainer - [customHeader] STDOUT: [2025-05-07 06:24:48,894]  INFO - EventProcessorConfigurationFilesystemInvoker carbon.super_resource_20KPerMin_default.siddhiql is deleted from the file system
11:54:48.942 [docker-java-stream--653004835] INFO  o.w.a.t.CustomAPIMContainer - [customHeader] STDOUT: [2025-05-07 06:24:48,896]  INFO - EventProcessorDeployer Execution Plan was undeployed successfully : carbon.super_resource_20KPerMin_default.siddhiql
11:54:48.948 [docker-java-stream--653004835] INFO  o.w.a.t.CustomAPIMContainer - [customHeader] STDOUT: [2025-05-07 06:24:48,924]  INFO - EventProcessorConfigurationFilesystemInvoker carbon.super_sub_Unauthenticated.siddhiql is deleted from the file system
11:54:48.949 [docker-java-stream--653004835] INFO  o.w.a.t.CustomAPIMContainer - [customHeader] STDOUT: [2025-05-07 06:24:48,925]  INFO - EventProcessorDeployer Execution Plan was undeployed successfully : carbon.super_sub_Unauthenticated.siddhiql
11:54:48.973 [docker-java-stream--653004835] INFO  o.w.a.t.CustomAPIMContainer - [customHeader] STDOUT: [2025-05-07 06:24:48,949]  INFO - EventProcessorConfigurationFilesystemInvoker carbon.super_resource_10KPerMin_default.siddhiql is deleted from the file system
11:54:48.975 [docker-java-stream--653004835] INFO  o.w.a.t.CustomAPIMContainer - [customHeader] STDOUT: [2025-05-07 06:24:48,952]  INFO - EventProcessorDeployer Execution Plan was undeployed successfully : carbon.super_resource_10KPerMin_default.siddhiql
11:54:49.027 [docker-java-stream--653004835] INFO  o.w.a.t.CustomAPIMContainer - [customHeader] STDOUT: [2025-05-07 06:24:48,963]  INFO - EventProcessorConfigurationFilesystemInvoker carbon.super_sub_Gold.siddhiql is deleted from the file system
11:54:49.032 [docker-java-stream--653004835] INFO  o.w.a.t.CustomAPIMContainer - [customHeader] STDOUT: [2025-05-07 06:24:48,963]  INFO - EventProcessorDeployer Execution Plan was undeployed successfully : carbon.super_sub_Gold.siddhiql
11:54:49.095 [docker-java-stream--653004835] INFO  o.w.a.t.CustomAPIMContainer - [customHeader] STDOUT: [2025-05-07 06:24:49,012]  INFO - EventProcessorConfigurationFilesystemInvoker carbon.super_app_10PerMin.siddhiql is deleted from the file system
11:54:49.095 [docker-java-stream--653004835] INFO  o.w.a.t.CustomAPIMContainer - [customHeader] STDOUT: [2025-05-07 06:24:49,012]  INFO - EventProcessorDeployer Execution Plan was undeployed successfully : carbon.super_app_10PerMin.siddhiql
11:54:49.095 [docker-java-stream--653004835] INFO  o.w.a.t.CustomAPIMContainer - [customHeader] STDOUT: [2025-05-07 06:24:49,029]  INFO - EventProcessorConfigurationFilesystemInvoker carbon.super_app_20PerMin.siddhiql is deleted from the file system
11:54:49.095 [docker-java-stream--653004835] INFO  o.w.a.t.CustomAPIMContainer - [customHeader] STDOUT: [2025-05-07 06:24:49,029]  INFO - EventProcessorDeployer Execution Plan was undeployed successfully : carbon.super_app_20PerMin.siddhiql
11:54:49.095 [docker-java-stream--653004835] INFO  o.w.a.t.CustomAPIMContainer - [customHeader] STDOUT: [2025-05-07 06:24:49,058]  INFO - EventProcessorConfigurationFilesystemInvoker carbon.super_app_50PerMin.siddhiql is deleted from the file system
11:54:49.095 [docker-java-stream--653004835] INFO  o.w.a.t.CustomAPIMContainer - [customHeader] STDOUT: [2025-05-07 06:24:49,058]  INFO - EventProcessorDeployer Execution Plan was undeployed successfully : carbon.super_app_50PerMin.siddhiql
11:54:49.178 [docker-java-stream--653004835] INFO  o.w.a.t.CustomAPIMContainer - [customHeader] STDOUT: [2025-05-07 06:24:49,153]  INFO - JMSConnectionFactory JMS ConnectionFactory : cacheInvalidationJMSPublisher initialized
11:54:49.780 [docker-java-stream--653004835] INFO  o.w.a.t.CustomAPIMContainer - [customHeader] STDOUT: [2025-05-07 06:24:49,755]  INFO - JMSConnectionFactory JMS ConnectionFactory : keymgtEventJMSEventPublisher initialized
11:54:49.798 [docker-java-stream--653004835] INFO  o.w.a.t.CustomAPIMContainer - [customHeader] STDOUT: [2025-05-07 06:24:49,774]  INFO - InMemoryAPIDeployer Deploying synapse artifacts of _JwksEndpoint_
11:54:50.223 [docker-java-stream--653004835] INFO  o.w.a.t.CustomAPIMContainer - [customHeader] STDOUT: [2025-05-07 06:24:50,199]  INFO - JMSTransportHandler Starting jms topic consumer thread for the throttleData topic...
11:54:50.253 [docker-java-stream--653004835] INFO  o.w.a.t.CustomAPIMContainer - [customHeader] STDOUT: [2025-05-07 06:24:50,224]  INFO - JMSTransportHandler Starting jms topic consumer thread for the tokenRevocation topic...
11:54:50.277 [docker-java-stream--653004835] INFO  o.w.a.t.CustomAPIMContainer - [customHeader] STDOUT: [2025-05-07 06:24:50,254]  INFO - JMSTransportHandler Starting jms topic consumer thread for the cacheInvalidation topic...
11:54:50.472 [docker-java-stream--653004835] INFO  o.w.a.t.CustomAPIMContainer - [customHeader] STDOUT: [2025-05-07 06:24:50,419]  INFO - JMSTransportHandler Starting jms topic consumer thread for the notification topic...
11:54:50.474 [docker-java-stream--653004835] INFO  o.w.a.t.CustomAPIMContainer - [customHeader] STDOUT: [2025-05-07 06:24:50,425]  INFO - JMSTransportHandler Starting jms topic consumer thread for the throttleData topic...
11:54:50.475 [docker-java-stream--653004835] INFO  o.w.a.t.CustomAPIMContainer - [customHeader] STDOUT: [2025-05-07 06:24:50,429]  INFO - JMSTransportHandler Starting jms topic consumer thread for the asyncWebhooksData topic...
11:54:50.518 [docker-java-stream--653004835] INFO  o.w.a.t.CustomAPIMContainer - [customHeader] STDOUT: [2025-05-07 06:24:50,495]  INFO - API {api:_JwksEndpoint_} Initializing API: _JwksEndpoint_
11:54:50.657 [docker-java-stream--653004835] INFO  o.w.a.t.CustomAPIMContainer - [customHeader] STDOUT: [2025-05-07 06:24:50,634]  INFO - DependencyTracker API : _JwksEndpoint_ was added to the Synapse configuration successfully
11:54:50.765 [docker-java-stream--653004835] INFO  o.w.a.t.CustomAPIMContainer - [customHeader] STDOUT: [2025-05-07 06:24:50,741]  INFO - InMemoryAPIDeployer Deploying synapse artifacts of _HealthCheckAPI_
11:54:50.777 [docker-java-stream--653004835] INFO  o.w.a.t.CustomAPIMContainer - [customHeader] STDOUT: [2025-05-07 06:24:50,754]  WARN - JMSListener Polling tasks on destination : notification of type topic for listener Siddhi-JMS-Consumer#notification have not yet started after 3 seconds ..
11:54:50.784 [docker-java-stream--653004835] INFO  o.w.a.t.CustomAPIMContainer - [customHeader] STDOUT: [2025-05-07 06:24:50,760]  WARN - JMSListener Polling tasks on destination : keyManager of type topic for listener Siddhi-JMS-Consumer#keyManager have not yet started after 3 seconds ..
11:54:50.801 [docker-java-stream--653004835] INFO  o.w.a.t.CustomAPIMContainer - [customHeader] STDOUT: [2025-05-07 06:24:50,773]  WARN - JMSListener Polling tasks on destination : notification of type topic for listener Siddhi-JMS-Consumer#notification have not yet started after 3 seconds ..
11:54:50.805 [docker-java-stream--653004835] INFO  o.w.a.t.CustomAPIMContainer - [customHeader] STDOUT: [2025-05-07 06:24:50,777]  WARN - JMSListener Polling tasks on destination : notification of type topic for listener Siddhi-JMS-Consumer#notification have not yet started after 3 seconds ..
11:54:50.989 [docker-java-stream--653004835] INFO  o.w.a.t.CustomAPIMContainer - [customHeader] STDOUT: [2025-05-07 06:24:50,965]  INFO - API {api:_HealthCheckAPI_} Initializing API: _HealthCheckAPI_
11:54:51.003 [docker-java-stream--653004835] INFO  o.w.a.t.CustomAPIMContainer - [customHeader] STDOUT: [2025-05-07 06:24:50,981]  INFO - DataBridge user admin connected
11:54:51.052 [docker-java-stream--653004835] INFO  o.w.a.t.CustomAPIMContainer - [customHeader] STDOUT: [2025-05-07 06:24:51,029]  INFO - DependencyTracker API : _HealthCheckAPI_ was added to the Synapse configuration successfully
11:54:51.393 [docker-java-stream--653004835] INFO  o.w.a.t.CustomAPIMContainer - [customHeader] STDOUT: [2025-05-07 06:24:51,370]  INFO - StartupFinalizerServiceComponent Server           :  WSO2 API Manager-4.5.0
11:54:51.408 [docker-java-stream--653004835] INFO  o.w.a.t.CustomAPIMContainer - [customHeader] STDOUT: [2025-05-07 06:24:51,382]  INFO - StartupFinalizerServiceComponent WSO2 Carbon started in 382 sec
11:54:51.611 [docker-java-stream--653004835] INFO  o.w.a.t.CustomAPIMContainer - [customHeader] STDOUT: [2025-05-07 06:24:51,588]  INFO - DependencyTracker Local entry : ga-config-key was added to the Synapse configuration successfully
11:54:52.056 [docker-java-stream--653004835] INFO  o.w.a.t.CustomAPIMContainer - [customHeader] STDOUT: [2025-05-07 06:24:52,027]  INFO - EventProcessorConfigurationFilesystemInvoker Execution plan: carbon.super_sub_Gold saved in the filesystem
11:54:52.462 [docker-java-stream--653004835] INFO  o.w.a.t.CustomAPIMContainer - [customHeader] STDOUT: [2025-05-07 06:24:52,432]  INFO - RuntimeArtifactGeneratorUtil No API Artifacts
11:54:52.624 [docker-java-stream--653004835] INFO  o.w.a.t.CustomAPIMContainer - [customHeader] STDOUT: [2025-05-07 06:24:52,555]  INFO - JMSListener Connection successfully created towards the JMS provider for the listener: Siddhi-JMS-Consumer#cacheInvalidation. The connected JMS provider is AMQConnection: | Host: 172.23.0.3 | Port: 5672 | Virtual Host: carbon | Client ID: clientid | Active session count: 0
11:54:52.625 [docker-java-stream--653004835] INFO  o.w.a.t.CustomAPIMContainer - [customHeader] STDOUT: [2025-05-07 06:24:52,555]  INFO - JMSListener Connection attempt: 1 for JMS Provider for listener: Siddhi-JMS-Consumer#cacheInvalidation was successful!
11:54:52.626 [docker-java-stream--653004835] INFO  o.w.a.t.CustomAPIMContainer - [customHeader] STDOUT: [2025-05-07 06:24:52,563]  INFO - JMSTaskManager Task manager for Siddhi-JMS-Consumer [re-]initialized
11:54:52.641 [docker-java-stream--653004835] INFO  o.w.a.t.CustomAPIMContainer - [customHeader] STDOUT: [2025-05-07 06:24:52,617]  INFO - JMSListener Connection successfully created towards the JMS provider for the listener: Siddhi-JMS-Consumer#tokenRevocation. The connected JMS provider is AMQConnection: | Host: 172.23.0.3 | Port: 5672 | Virtual Host: carbon | Client ID: clientid | Active session count: 0
11:54:52.642 [docker-java-stream--653004835] INFO  o.w.a.t.CustomAPIMContainer - [customHeader] STDOUT: [2025-05-07 06:24:52,617]  INFO - JMSListener Connection attempt: 1 for JMS Provider for listener: Siddhi-JMS-Consumer#tokenRevocation was successful!
11:54:52.647 [docker-java-stream--653004835] INFO  o.w.a.t.CustomAPIMContainer - [customHeader] STDOUT: [2025-05-07 06:24:52,624]  INFO - JMSListener Connection successfully created towards the JMS provider for the listener: Siddhi-JMS-Consumer#throttleData. The connected JMS provider is AMQConnection: | Host: 172.23.0.3 | Port: 5672 | Virtual Host: carbon | Client ID: clientid | Active session count: 0
11:54:52.648 [docker-java-stream--653004835] INFO  o.w.a.t.CustomAPIMContainer - [customHeader] STDOUT: [2025-05-07 06:24:52,624]  INFO - JMSListener Connection attempt: 1 for JMS Provider for listener: Siddhi-JMS-Consumer#throttleData was successful!
11:54:52.663 [docker-java-stream--653004835] INFO  o.w.a.t.CustomAPIMContainer - [customHeader] STDOUT: [2025-05-07 06:24:52,633]  INFO - GatewayStartupListener Synapse Artifacts deployed Successfully in the Gateway
11:54:52.667 [docker-java-stream--653004835] INFO  o.w.a.t.CustomAPIMContainer - [customHeader] STDOUT: [2025-05-07 06:24:52,637]  INFO - JMSTaskManager Task manager for Siddhi-JMS-Consumer [re-]initialized
11:54:52.702 [docker-java-stream--653004835] INFO  o.w.a.t.CustomAPIMContainer - [customHeader] STDOUT: [2025-05-07 06:24:52,651]  INFO - JMSTaskManager Task manager for Siddhi-JMS-Consumer [re-]initialized
11:54:52.705 [docker-java-stream--653004835] INFO  o.w.a.t.CustomAPIMContainer - [customHeader] STDOUT: [2025-05-07 06:24:52,682]  INFO - JMSListener Connection successfully created towards the JMS provider for the listener: Siddhi-JMS-Consumer#asyncWebhooksData. The connected JMS provider is AMQConnection: | Host: 172.23.0.3 | Port: 5672 | Virtual Host: carbon | Client ID: clientid | Active session count: 0
11:54:52.707 [docker-java-stream--653004835] INFO  o.w.a.t.CustomAPIMContainer - [customHeader] STDOUT: [2025-05-07 06:24:52,682]  INFO - JMSListener Connection attempt: 1 for JMS Provider for listener: Siddhi-JMS-Consumer#asyncWebhooksData was successful!
11:54:52.727 [docker-java-stream--653004835] INFO  o.w.a.t.CustomAPIMContainer - [customHeader] STDOUT: [2025-05-07 06:24:52,691]  INFO - JMSListener Connection successfully created towards the JMS provider for the listener: Siddhi-JMS-Consumer#notification. The connected JMS provider is AMQConnection: | Host: 172.23.0.3 | Port: 5672 | Virtual Host: carbon | Client ID: clientid | Active session count: 0
11:54:52.730 [docker-java-stream--653004835] INFO  o.w.a.t.CustomAPIMContainer - [customHeader] STDOUT: [2025-05-07 06:24:52,691]  INFO - JMSListener Connection attempt: 1 for JMS Provider for listener: Siddhi-JMS-Consumer#notification was successful!
11:54:52.730 [docker-java-stream--653004835] INFO  o.w.a.t.CustomAPIMContainer - [customHeader] STDOUT: [2025-05-07 06:24:52,703]  INFO - JMSTaskManager Task manager for Siddhi-JMS-Consumer [re-]initialized
11:54:52.730 [docker-java-stream--653004835] INFO  o.w.a.t.CustomAPIMContainer - [customHeader] STDOUT: [2025-05-07 06:24:52,704]  INFO - JMSTaskManager Task manager for Siddhi-JMS-Consumer [re-]initialized
11:54:52.806 [docker-java-stream--653004835] INFO  o.w.a.t.CustomAPIMContainer - [customHeader] STDOUT: [2025-05-07 06:24:52,782]  INFO - JMSListener Connection successfully created towards the JMS provider for the listener: Siddhi-JMS-Consumer#throttleData. The connected JMS provider is AMQConnection: | Host: 172.23.0.3 | Port: 5672 | Virtual Host: carbon | Client ID: clientid | Active session count: 0
11:54:52.809 [docker-java-stream--653004835] INFO  o.w.a.t.CustomAPIMContainer - [customHeader] STDOUT: [2025-05-07 06:24:52,782]  INFO - JMSListener Connection attempt: 1 for JMS Provider for listener: Siddhi-JMS-Consumer#throttleData was successful!
11:54:52.859 [docker-java-stream--653004835] INFO  o.w.a.t.CustomAPIMContainer - [customHeader] STDOUT: [2025-05-07 06:24:52,834]  INFO - JMSTaskManager Task manager for Siddhi-JMS-Consumer [re-]initialized
11:54:53.050 [docker-java-stream--653004835] INFO  o.w.a.t.CustomAPIMContainer - [customHeader] STDOUT: [2025-05-07 06:24:53,022]  INFO - EventJunction Producer added to the junction. Stream:org.wso2.throttle.globalThrottle.stream:1.0.0
11:54:53.050 [docker-java-stream--653004835] INFO  o.w.a.t.CustomAPIMContainer - [customHeader] STDOUT: [2025-05-07 06:24:53,022]  INFO - EventJunction Consumer added to the junction. Stream:org.wso2.throttle.processed.request.stream:1.0.0
11:54:53.052 [docker-java-stream--653004835] INFO  o.w.a.t.CustomAPIMContainer - [customHeader] STDOUT: [2025-05-07 06:24:53,023]  INFO - EventProcessorDeployer Execution plan is deployed successfully and in active state  : carbon.super_sub_Gold
11:54:53.133 [docker-java-stream--653004835] INFO  o.w.a.t.CustomAPIMContainer - [customHeader] STDOUT: [2025-05-07 06:24:53,087]  INFO - EventProcessorConfigurationFilesystemInvoker Execution plan: carbon.super_sub_Silver saved in the filesystem
11:54:53.936 [docker-java-stream--653004835] INFO  o.w.a.t.CustomAPIMContainer - [customHeader] STDOUT: [2025-05-07 06:24:53,912]  INFO - EventJunction Producer added to the junction. Stream:org.wso2.throttle.globalThrottle.stream:1.0.0
11:54:53.937 [docker-java-stream--653004835] INFO  o.w.a.t.CustomAPIMContainer - [customHeader] STDOUT: [2025-05-07 06:24:53,913]  INFO - EventJunction Consumer added to the junction. Stream:org.wso2.throttle.processed.request.stream:1.0.0
11:54:53.938 [docker-java-stream--653004835] INFO  o.w.a.t.CustomAPIMContainer - [customHeader] STDOUT: [2025-05-07 06:24:53,913]  INFO - EventProcessorDeployer Execution plan is deployed successfully and in active state  : carbon.super_sub_Silver
11:54:54.296 [docker-java-stream--653004835] INFO  o.w.a.t.CustomAPIMContainer - [customHeader] STDOUT: [2025-05-07 06:24:54,271]  INFO - EventProcessorConfigurationFilesystemInvoker Execution plan: carbon.super_sub_Bronze saved in the filesystem
11:54:55.240 [docker-java-stream--653004835] INFO  o.w.a.t.CustomAPIMContainer - [customHeader] STDOUT: [2025-05-07 06:24:55,216]  INFO - EventJunction Producer added to the junction. Stream:org.wso2.throttle.globalThrottle.stream:1.0.0
11:54:55.242 [docker-java-stream--653004835] INFO  o.w.a.t.CustomAPIMContainer - [customHeader] STDOUT: [2025-05-07 06:24:55,216]  INFO - EventJunction Consumer added to the junction. Stream:org.wso2.throttle.processed.request.stream:1.0.0
11:54:55.242 [docker-java-stream--653004835] INFO  o.w.a.t.CustomAPIMContainer - [customHeader] STDOUT: [2025-05-07 06:24:55,216]  INFO - EventProcessorDeployer Execution plan is deployed successfully and in active state  : carbon.super_sub_Bronze
11:54:55.607 [docker-java-stream--653004835] INFO  o.w.a.t.CustomAPIMContainer - [customHeader] STDOUT: [2025-05-07 06:24:55,584]  WARN - JMSListener Polling tasks on destination : cacheInvalidation of type topic for listener Siddhi-JMS-Consumer#cacheInvalidation have not yet started after 3 seconds ..
11:54:55.667 [docker-java-stream--653004835] INFO  o.w.a.t.CustomAPIMContainer - [customHeader] STDOUT: [2025-05-07 06:24:55,643]  WARN - JMSListener Polling tasks on destination : tokenRevocation of type topic for listener Siddhi-JMS-Consumer#tokenRevocation have not yet started after 3 seconds ..
11:54:55.683 [docker-java-stream--653004835] INFO  o.w.a.t.CustomAPIMContainer - [customHeader] STDOUT: [2025-05-07 06:24:55,657]  WARN - JMSListener Polling tasks on destination : throttleData of type topic for listener Siddhi-JMS-Consumer#throttleData have not yet started after 3 seconds ..
11:54:55.741 [docker-java-stream--653004835] INFO  o.w.a.t.CustomAPIMContainer - [customHeader] STDOUT: [2025-05-07 06:24:55,715]  WARN - JMSListener Polling tasks on destination : asyncWebhooksData of type topic for listener Siddhi-JMS-Consumer#asyncWebhooksData have not yet started after 3 seconds ..
11:54:55.741 [docker-java-stream--653004835] INFO  o.w.a.t.CustomAPIMContainer - [customHeader] STDOUT: [2025-05-07 06:24:55,717]  WARN - JMSListener Polling tasks on destination : notification of type topic for listener Siddhi-JMS-Consumer#notification have not yet started after 3 seconds ..
11:54:55.850 [docker-java-stream--653004835] INFO  o.w.a.t.CustomAPIMContainer - [customHeader] STDOUT: [2025-05-07 06:24:55,827]  INFO - EventProcessorConfigurationFilesystemInvoker Execution plan: carbon.super_sub_Unauthenticated saved in the filesystem
11:54:55.893 [docker-java-stream--653004835] INFO  o.w.a.t.CustomAPIMContainer - [customHeader] STDOUT: [2025-05-07 06:24:55,870]  WARN - JMSListener Polling tasks on destination : throttleData of type topic for listener Siddhi-JMS-Consumer#throttleData have not yet started after 3 seconds ..
11:54:56.407 [docker-java-stream--653004835] INFO  o.w.a.t.CustomAPIMContainer - [customHeader] STDOUT: [2025-05-07 06:24:56,358]  INFO - EventJunction Producer added to the junction. Stream:org.wso2.throttle.globalThrottle.stream:1.0.0
11:54:56.407 [docker-java-stream--653004835] INFO  o.w.a.t.CustomAPIMContainer - [customHeader] STDOUT: [2025-05-07 06:24:56,358]  INFO - EventJunction Consumer added to the junction. Stream:org.wso2.throttle.processed.request.stream:1.0.0
11:54:56.407 [docker-java-stream--653004835] INFO  o.w.a.t.CustomAPIMContainer - [customHeader] STDOUT: [2025-05-07 06:24:56,359]  INFO - EventProcessorDeployer Execution plan is deployed successfully and in active state  : carbon.super_sub_Unauthenticated
11:54:56.541 [docker-java-stream--653004835] INFO  o.w.a.t.CustomAPIMContainer - [customHeader] STDOUT: [2025-05-07 06:24:56,517]  INFO - EventProcessorConfigurationFilesystemInvoker Execution plan: carbon.super_sub_DefaultSubscriptionless saved in the filesystem
11:54:56.982 [docker-java-stream--653004835] INFO  o.w.a.t.CustomAPIMContainer - [customHeader] STDOUT: [2025-05-07 06:24:56,959]  INFO - EventJunction Producer added to the junction. Stream:org.wso2.throttle.globalThrottle.stream:1.0.0
11:54:56.983 [docker-java-stream--653004835] INFO  o.w.a.t.CustomAPIMContainer - [customHeader] STDOUT: [2025-05-07 06:24:56,959]  INFO - EventJunction Consumer added to the junction. Stream:org.wso2.throttle.processed.request.stream:1.0.0
11:54:56.983 [docker-java-stream--653004835] INFO  o.w.a.t.CustomAPIMContainer - [customHeader] STDOUT: [2025-05-07 06:24:56,960]  INFO - EventProcessorDeployer Execution plan is deployed successfully and in active state  : carbon.super_sub_DefaultSubscriptionless
11:54:57.187 [docker-java-stream--653004835] INFO  o.w.a.t.CustomAPIMContainer - [customHeader] STDOUT: [2025-05-07 06:24:57,161]  INFO - EventProcessorConfigurationFilesystemInvoker Execution plan: carbon.super_sub_AsyncGold saved in the filesystem
11:54:57.419 [docker-java-stream--653004835] INFO  o.w.a.t.CustomAPIMContainer - [customHeader] STDOUT: [2025-05-07 06:24:57,396]  INFO - EventJunction Producer added to the junction. Stream:org.wso2.throttle.globalThrottle.stream:1.0.0
11:54:57.432 [docker-java-stream--653004835] INFO  o.w.a.t.CustomAPIMContainer - [customHeader] STDOUT: [2025-05-07 06:24:57,407]  INFO - EventJunction Consumer added to the junction. Stream:org.wso2.throttle.processed.request.stream:1.0.0
11:54:57.433 [docker-java-stream--653004835] INFO  o.w.a.t.CustomAPIMContainer - [customHeader] STDOUT: [2025-05-07 06:24:57,408]  INFO - EventProcessorDeployer Execution plan is deployed successfully and in active state  : carbon.super_sub_AsyncGold
11:54:57.543 [docker-java-stream--653004835] INFO  o.w.a.t.CustomAPIMContainer - [customHeader] STDOUT: [2025-05-07 06:24:57,520]  INFO - EventProcessorConfigurationFilesystemInvoker Execution plan: carbon.super_sub_AsyncSilver saved in the filesystem
11:54:57.741 [docker-java-stream--653004835] INFO  o.w.a.t.CustomAPIMContainer - [customHeader] STDOUT: [2025-05-07 06:24:57,716]  INFO - EventJunction Producer added to the junction. Stream:org.wso2.throttle.globalThrottle.stream:1.0.0
11:54:57.744 [docker-java-stream--653004835] INFO  o.w.a.t.CustomAPIMContainer - [customHeader] STDOUT: [2025-05-07 06:24:57,722]  INFO - EventJunction Consumer added to the junction. Stream:org.wso2.throttle.processed.request.stream:1.0.0
11:54:57.763 [docker-java-stream--653004835] INFO  o.w.a.t.CustomAPIMContainer - [customHeader] STDOUT: [2025-05-07 06:24:57,729]  INFO - EventProcessorDeployer Execution plan is deployed successfully and in active state  : carbon.super_sub_AsyncSilver
11:54:57.921 [docker-java-stream--653004835] INFO  o.w.a.t.CustomAPIMContainer - [customHeader] STDOUT: [2025-05-07 06:24:57,898]  INFO - EventProcessorConfigurationFilesystemInvoker Execution plan: carbon.super_sub_AsyncBronze saved in the filesystem
11:54:58.132 [docker-java-stream--653004835] INFO  o.w.a.t.CustomAPIMContainer - [customHeader] STDOUT: [2025-05-07 06:24:58,107]  INFO - EventJunction Producer added to the junction. Stream:org.wso2.throttle.globalThrottle.stream:1.0.0
11:54:58.133 [docker-java-stream--653004835] INFO  o.w.a.t.CustomAPIMContainer - [customHeader] STDOUT: [2025-05-07 06:24:58,107]  INFO - EventJunction Consumer added to the junction. Stream:org.wso2.throttle.processed.request.stream:1.0.0
11:54:58.135 [docker-java-stream--653004835] INFO  o.w.a.t.CustomAPIMContainer - [customHeader] STDOUT: [2025-05-07 06:24:58,107]  INFO - EventProcessorDeployer Execution plan is deployed successfully and in active state  : carbon.super_sub_AsyncBronze
11:54:58.378 [docker-java-stream--653004835] INFO  o.w.a.t.CustomAPIMContainer - [customHeader] STDOUT: [2025-05-07 06:24:58,353]  INFO - EventProcessorConfigurationFilesystemInvoker Execution plan: carbon.super_sub_AsyncDefaultSubscriptionless saved in the filesystem
11:54:58.887 [docker-java-stream--653004835] INFO  o.w.a.t.CustomAPIMContainer - [customHeader] STDOUT: [2025-05-07 06:24:58,863]  INFO - EventJunction Producer added to the junction. Stream:org.wso2.throttle.globalThrottle.stream:1.0.0
11:54:58.890 [docker-java-stream--653004835] INFO  o.w.a.t.CustomAPIMContainer - [customHeader] STDOUT: [2025-05-07 06:24:58,865]  INFO - EventJunction Consumer added to the junction. Stream:org.wso2.throttle.processed.request.stream:1.0.0
11:54:58.890 [docker-java-stream--653004835] INFO  o.w.a.t.CustomAPIMContainer - [customHeader] STDOUT: [2025-05-07 06:24:58,866]  INFO - EventProcessorDeployer Execution plan is deployed successfully and in active state  : carbon.super_sub_AsyncDefaultSubscriptionless
11:54:59.135 [docker-java-stream--653004835] INFO  o.w.a.t.CustomAPIMContainer - [customHeader] STDOUT: [2025-05-07 06:24:59,112]  INFO - EventProcessorConfigurationFilesystemInvoker Execution plan: carbon.super_sub_AIGold saved in the filesystem
11:54:59.278 [docker-java-stream--653004835] INFO  o.w.a.t.CustomAPIMContainer - [customHeader] STDOUT: [2025-05-07 06:24:59,255]  INFO - GatewayStartupListener Gateway policy artifacts deployed Successfully in the Gateway
11:54:59.496 [docker-java-stream--653004835] INFO  o.w.a.t.CustomAPIMContainer - [customHeader] STDOUT: [2025-05-07 06:24:59,473]  INFO - EventJunction Producer added to the junction. Stream:org.wso2.throttle.globalThrottle.stream:1.0.0
11:54:59.504 [docker-java-stream--653004835] INFO  o.w.a.t.CustomAPIMContainer - [customHeader] STDOUT: [2025-05-07 06:24:59,475]  INFO - EventJunction Consumer added to the junction. Stream:org.wso2.throttle.processed.request.stream:1.0.0
11:54:59.511 [docker-java-stream--653004835] INFO  o.w.a.t.CustomAPIMContainer - [customHeader] STDOUT: [2025-05-07 06:24:59,478]  WARN - KeyManagerHolder Key Manager Resident Key Manager already initialized in tenant carbon.super
11:54:59.512 [docker-java-stream--653004835] INFO  o.w.a.t.CustomAPIMContainer - [customHeader] STDOUT: [2025-05-07 06:24:59,478]  INFO - EventProcessorDeployer Execution plan is deployed successfully and in active state  : carbon.super_sub_AIGold
11:54:59.634 [docker-java-stream--653004835] INFO  o.w.a.t.CustomAPIMContainer - [customHeader] STDOUT: [2025-05-07 06:24:59,596]  INFO - EventProcessorConfigurationFilesystemInvoker Execution plan: carbon.super_sub_AISilver saved in the filesystem
11:55:00.050 [docker-java-stream--653004835] INFO  o.w.a.t.CustomAPIMContainer - [customHeader] STDOUT: [2025-05-07 06:25:00,027]  INFO - EventJunction Producer added to the junction. Stream:org.wso2.throttle.globalThrottle.stream:1.0.0
11:55:00.060 [docker-java-stream--653004835] INFO  o.w.a.t.CustomAPIMContainer - [customHeader] STDOUT: [2025-05-07 06:25:00,034]  INFO - EventJunction Consumer added to the junction. Stream:org.wso2.throttle.processed.request.stream:1.0.0
11:55:00.061 [docker-java-stream--653004835] INFO  o.w.a.t.CustomAPIMContainer - [customHeader] STDOUT: [2025-05-07 06:25:00,035]  INFO - EventProcessorDeployer Execution plan is deployed successfully and in active state  : carbon.super_sub_AISilver
11:55:00.161 [docker-java-stream--653004835] INFO  o.w.a.t.CustomAPIMContainer - [customHeader] STDOUT: [2025-05-07 06:25:00,138]  INFO - EventProcessorConfigurationFilesystemInvoker Execution plan: carbon.super_sub_AIBronze saved in the filesystem
11:55:00.425 [docker-java-stream--653004835] INFO  o.w.a.t.CustomAPIMContainer - [customHeader] STDOUT: [2025-05-07 06:25:00,399]  INFO - EventJunction Producer added to the junction. Stream:org.wso2.throttle.globalThrottle.stream:1.0.0
11:55:00.446 [docker-java-stream--653004835] INFO  o.w.a.t.CustomAPIMContainer - [customHeader] STDOUT: [2025-05-07 06:25:00,416]  INFO - EventJunction Consumer added to the junction. Stream:org.wso2.throttle.processed.request.stream:1.0.0
11:55:00.451 [docker-java-stream--653004835] INFO  o.w.a.t.CustomAPIMContainer - [customHeader] STDOUT: [2025-05-07 06:25:00,416]  INFO - EventProcessorDeployer Execution plan is deployed successfully and in active state  : carbon.super_sub_AIBronze
11:55:00.581 [docker-java-stream--653004835] INFO  o.w.a.t.CustomAPIMContainer - [customHeader] STDOUT: [2025-05-07 06:25:00,559]  INFO - EventProcessorConfigurationFilesystemInvoker Execution plan: carbon.super_sub_AsyncWHGold saved in the filesystem
11:55:00.841 [docker-java-stream--653004835] INFO  o.w.a.t.CustomAPIMContainer - [customHeader] STDOUT: [2025-05-07 06:25:00,819]  INFO - EventJunction Producer added to the junction. Stream:org.wso2.throttle.globalThrottle.stream:1.0.0
11:55:00.842 [docker-java-stream--653004835] INFO  o.w.a.t.CustomAPIMContainer - [customHeader] STDOUT: [2025-05-07 06:25:00,819]  INFO - EventJunction Consumer added to the junction. Stream:org.wso2.throttle.processed.request.stream:1.0.0
11:55:00.843 [docker-java-stream--653004835] INFO  o.w.a.t.CustomAPIMContainer - [customHeader] STDOUT: [2025-05-07 06:25:00,819]  INFO - EventProcessorDeployer Execution plan is deployed successfully and in active state  : carbon.super_sub_AsyncWHGold
11:55:00.913 [docker-java-stream--653004835] INFO  o.w.a.t.CustomAPIMContainer - [customHeader] STDOUT: [2025-05-07 06:25:00,890]  INFO - EventProcessorConfigurationFilesystemInvoker Execution plan: carbon.super_sub_AsyncWHSilver saved in the filesystem
11:55:01.102 [docker-java-stream--653004835] INFO  o.w.a.t.CustomAPIMContainer - [customHeader] STDOUT: [2025-05-07 06:25:01,079]  INFO - EventJunction Producer added to the junction. Stream:org.wso2.throttle.globalThrottle.stream:1.0.0
11:55:01.102 [docker-java-stream--653004835] INFO  o.w.a.t.CustomAPIMContainer - [customHeader] STDOUT: [2025-05-07 06:25:01,079]  INFO - EventJunction Consumer added to the junction. Stream:org.wso2.throttle.processed.request.stream:1.0.0
11:55:01.103 [docker-java-stream--653004835] INFO  o.w.a.t.CustomAPIMContainer - [customHeader] STDOUT: [2025-05-07 06:25:01,079]  INFO - EventProcessorDeployer Execution plan is deployed successfully and in active state  : carbon.super_sub_AsyncWHSilver
11:55:01.190 [docker-java-stream--653004835] INFO  o.w.a.t.CustomAPIMContainer - [customHeader] STDOUT: [2025-05-07 06:25:01,167]  INFO - EventProcessorConfigurationFilesystemInvoker Execution plan: carbon.super_sub_AsyncWHBronze saved in the filesystem
11:55:01.307 [docker-java-stream--653004835] INFO  o.w.a.t.CustomAPIMContainer - [customHeader] STDOUT: [2025-05-07 06:25:01,280]  INFO - EventJunction Producer added to the junction. Stream:org.wso2.throttle.globalThrottle.stream:1.0.0
11:55:01.327 [docker-java-stream--653004835] INFO  o.w.a.t.CustomAPIMContainer - [customHeader] STDOUT: [2025-05-07 06:25:01,300]  INFO - EventJunction Consumer added to the junction. Stream:org.wso2.throttle.processed.request.stream:1.0.0
11:55:01.328 [docker-java-stream--653004835] INFO  o.w.a.t.CustomAPIMContainer - [customHeader] STDOUT: [2025-05-07 06:25:01,301]  INFO - EventProcessorDeployer Execution plan is deployed successfully and in active state  : carbon.super_sub_AsyncWHBronze
11:55:01.423 [docker-java-stream--653004835] INFO  o.w.a.t.CustomAPIMContainer - [customHeader] STDOUT: [2025-05-07 06:25:01,400]  INFO - EventProcessorConfigurationFilesystemInvoker Execution plan: carbon.super_app_50PerMin saved in the filesystem
11:55:01.630 [docker-java-stream--653004835] INFO  o.w.a.t.CustomAPIMContainer - [customHeader] STDOUT: [2025-05-07 06:25:01,599]  INFO - EventJunction Producer added to the junction. Stream:org.wso2.throttle.globalThrottle.stream:1.0.0
11:55:01.631 [docker-java-stream--653004835] INFO  o.w.a.t.CustomAPIMContainer - [customHeader] STDOUT: [2025-05-07 06:25:01,600]  INFO - EventJunction Consumer added to the junction. Stream:org.wso2.throttle.processed.request.stream:1.0.0
11:55:01.633 [docker-java-stream--653004835] INFO  o.w.a.t.CustomAPIMContainer - [customHeader] STDOUT: [2025-05-07 06:25:01,600]  INFO - EventProcessorDeployer Execution plan is deployed successfully and in active state  : carbon.super_app_50PerMin
11:55:01.679 [docker-java-stream--653004835] INFO  o.w.a.t.CustomAPIMContainer - [customHeader] STDOUT: [2025-05-07 06:25:01,657]  INFO - EventProcessorConfigurationFilesystemInvoker Execution plan: carbon.super_app_20PerMin saved in the filesystem
11:55:02.062 [docker-java-stream--653004835] INFO  o.w.a.t.CustomAPIMContainer - [customHeader] STDOUT: [2025-05-07 06:25:02,037]  INFO - EventJunction Producer added to the junction. Stream:org.wso2.throttle.globalThrottle.stream:1.0.0
11:55:02.062 [docker-java-stream--653004835] INFO  o.w.a.t.CustomAPIMContainer - [customHeader] STDOUT: [2025-05-07 06:25:02,037]  INFO - EventJunction Consumer added to the junction. Stream:org.wso2.throttle.processed.request.stream:1.0.0
11:55:02.062 [docker-java-stream--653004835] INFO  o.w.a.t.CustomAPIMContainer - [customHeader] STDOUT: [2025-05-07 06:25:02,037]  INFO - EventProcessorDeployer Execution plan is deployed successfully and in active state  : carbon.super_app_20PerMin
11:55:02.134 [docker-java-stream--653004835] INFO  o.w.a.t.CustomAPIMContainer - [customHeader] STDOUT: [2025-05-07 06:25:02,110]  INFO - EventProcessorConfigurationFilesystemInvoker Execution plan: carbon.super_app_10PerMin saved in the filesystem
11:55:02.446 [docker-java-stream--653004835] INFO  o.w.a.t.CustomAPIMContainer - [customHeader] STDOUT: [2025-05-07 06:25:02,419]  INFO - EventJunction Producer added to the junction. Stream:org.wso2.throttle.globalThrottle.stream:1.0.0
11:55:02.450 [docker-java-stream--653004835] INFO  o.w.a.t.CustomAPIMContainer - [customHeader] STDOUT: [2025-05-07 06:25:02,427]  INFO - EventJunction Consumer added to the junction. Stream:org.wso2.throttle.processed.request.stream:1.0.0
11:55:02.452 [docker-java-stream--653004835] INFO  o.w.a.t.CustomAPIMContainer - [customHeader] STDOUT: [2025-05-07 06:25:02,429]  INFO - EventProcessorDeployer Execution plan is deployed successfully and in active state  : carbon.super_app_10PerMin
11:55:02.643 [docker-java-stream--653004835] INFO  o.w.a.t.CustomAPIMContainer - [customHeader] STDOUT: [2025-05-07 06:25:02,620]  INFO - EventProcessorConfigurationFilesystemInvoker Execution plan: carbon.super_resource_50KPerMin_default saved in the filesystem
11:55:02.908 [docker-java-stream--653004835] INFO  o.w.a.t.CustomAPIMContainer - [customHeader] STDOUT: [2025-05-07 06:25:02,885]  INFO - EventJunction Producer added to the junction. Stream:org.wso2.throttle.globalThrottle.stream:1.1.0
11:55:02.908 [docker-java-stream--653004835] INFO  o.w.a.t.CustomAPIMContainer - [customHeader] STDOUT: [2025-05-07 06:25:02,885]  INFO - EventJunction Consumer added to the junction. Stream:org.wso2.throttle.processed.request.stream:1.0.0
11:55:02.910 [docker-java-stream--653004835] INFO  o.w.a.t.CustomAPIMContainer - [customHeader] STDOUT: [2025-05-07 06:25:02,885]  INFO - EventProcessorDeployer Execution plan is deployed successfully and in active state  : carbon.super_resource_50KPerMin_default
11:55:03.016 [docker-java-stream--653004835] INFO  o.w.a.t.CustomAPIMContainer - [customHeader] STDOUT: [2025-05-07 06:25:02,991]  INFO - CarbonUIServiceComponent Mgt Console URL  : https://localhost:9443/carbon/
11:55:03.023 [docker-java-stream--653004835] INFO  o.w.a.t.CustomAPIMContainer - [customHeader] STDOUT: [2025-05-07 06:25:02,992]  INFO - CarbonUIServiceComponent API Developer Portal Default Context : https://localhost:9443/devportal
11:55:03.033 [docker-java-stream--653004835] INFO  o.w.a.t.CustomAPIMContainer - [customHeader] STDOUT: [2025-05-07 06:25:03,000]  INFO - CarbonUIServiceComponent API Publisher Default Context : https://localhost:9443/publisher
11:55:03.107 [docker-java-stream--653004835] INFO  o.w.a.t.CustomAPIMContainer - [customHeader] STDOUT: [2025-05-07 06:25:03,082]  INFO - EventProcessorConfigurationFilesystemInvoker Execution plan: carbon.super_resource_20KPerMin_default saved in the filesystem
11:55:03.420 [docker-java-stream--653004835] INFO  o.w.a.t.CustomAPIMContainer - [customHeader] STDOUT: [2025-05-07 06:25:03,397]  INFO - EventJunction Producer added to the junction. Stream:org.wso2.throttle.globalThrottle.stream:1.1.0
11:55:03.422 [docker-java-stream--653004835] INFO  o.w.a.t.CustomAPIMContainer - [customHeader] STDOUT: [2025-05-07 06:25:03,398]  INFO - EventJunction Consumer added to the junction. Stream:org.wso2.throttle.processed.request.stream:1.0.0
11:55:03.423 [docker-java-stream--653004835] INFO  o.w.a.t.CustomAPIMContainer - [customHeader] STDOUT: [2025-05-07 06:25:03,398]  INFO - EventProcessorDeployer Execution plan is deployed successfully and in active state  : carbon.super_resource_20KPerMin_default
  &amp#27;[32mAnd &amp#27;[0m&amp#27;[32mI initialize the Store REST API client with username &amp#27;[0m&amp#27;[32m&amp#27;[1m"admin"&amp#27;[0m&amp#27;[32m, password &amp#27;[0m&amp#27;[32m&amp#27;[1m"admin"&amp#27;[0m&amp#27;[32m and tenant &amp#27;[0m&amp#27;[32m&amp#27;[1m"carbon.super"&amp#27;[0m&amp#27;[32m for container &amp#27;[0m&amp#27;[32m&amp#27;[1m"custom_header"&amp#27;[0m                                                                                                                                                    &amp#27;[90m# org.wso2.am.integration.cucumbertests.stepdefinitions.StoreStepDefinitions.i_initialize_store_client(java.lang.String,java.lang.String,java.lang.String,java.lang.String)&amp#27;[0m
11:55:03.593 [docker-java-stream--653004835] INFO  o.w.a.t.CustomAPIMContainer - [customHeader] STDOUT: [2025-05-07 06:25:03,570]  INFO - EventProcessorConfigurationFilesystemInvoker Execution plan: carbon.super_resource_10KPerMin_default saved in the filesystem
11:55:03.798 [docker-java-stream--653004835] INFO  o.w.a.t.CustomAPIMContainer - [customHeader] STDOUT: [2025-05-07 06:25:03,775]  INFO - EventJunction Producer added to the junction. Stream:org.wso2.throttle.globalThrottle.stream:1.1.0
11:55:03.799 [docker-java-stream--653004835] INFO  o.w.a.t.CustomAPIMContainer - [customHeader] STDOUT: [2025-05-07 06:25:03,776]  INFO - EventJunction Consumer added to the junction. Stream:org.wso2.throttle.processed.request.stream:1.0.0
11:55:03.807 [docker-java-stream--653004835] INFO  o.w.a.t.CustomAPIMContainer - [customHeader] STDOUT: [2025-05-07 06:25:03,783]  INFO - EventProcessorDeployer Execution plan is deployed successfully and in active state  : carbon.super_resource_10KPerMin_default
  &amp#27;[32mAnd &amp#27;[0m&amp#27;[32mI initialize the Publisher REST API client with username &amp#27;[0m&amp#27;[32m&amp#27;[1m"admin"&amp#27;[0m&amp#27;[32m, password &amp#27;[0m&amp#27;[32m&amp#27;[1m"admin"&amp#27;[0m&amp#27;[32m and tenant &amp#27;[0m&amp#27;[32m&amp#27;[1m"carbon.super"&amp#27;[0m&amp#27;[32m for container &amp#27;[0m&amp#27;[32m&amp#27;[1m"custom_header"&amp#27;[0m                                                                                                                                                &amp#27;[90m# org.wso2.am.integration.cucumbertests.stepdefinitions.PublisherStepDefinitions.i_initialize_publisher_client(java.lang.String,java.lang.String,java.lang.String,java.lang.String)&amp#27;[0m
--> GET https://localhost:32777/api/am/gateway/v2/applications?uuid=b4854980-0680-4fb4-9792-b8a30fe6280f&tenantDomain=carbon.super HTTP/1.1
Accept: application/json
Authorization: Basic YWRtaW46YWRtaW4=
User-Agent: Swagger-Codegen/1.0.0/java
--> END GET
<-- HTTP/1.1 200  (2796ms)
X-WSO2-TraceId: a77dcee8-4a17-429b-a60f-66a185e7e650
Date: Wed, 07 May 2025 06:25:13 GMT
Content-Type: application/json
Content-Length: 180
Keep-Alive: timeout=60
Connection: keep-alive
Server: WSO2 Carbon Server
OkHttp-Sent-Millis: 1746599112923
OkHttp-Received-Millis: 1746599115570

{"count":1,"list":[{"uuid":"b4854980-0680-4fb4-9792-b8a30fe6280f","id":2,"name":"Application1","subName":"admin","policy":"Unlimited","tokenType":"JWT","attributes":{},"keys":[]}]}
<-- END HTTP (180-byte body)
  &amp#27;[32mAnd &amp#27;[0m&amp#27;[32mI create an application named &amp#27;[0m&amp#27;[32m&amp#27;[1m"CustomHeaderApp"&amp#27;[0m&amp#27;[32m with throttling tier &amp#27;[0m&amp#27;[32m&amp#27;[1m"Unlimited"&amp#27;[0m                                                                                                                                                                                                          &amp#27;[90m# org.wso2.am.integration.cucumbertests.stepdefinitions.StoreStepDefinitions.i_create_application(java.lang.String,java.lang.String)&amp#27;[0m
  &amp#27;[32mAnd &amp#27;[0m&amp#27;[32mI create an API with name &amp#27;[0m&amp#27;[32m&amp#27;[1m"CustomAuthHeaderTestAPI1"&amp#27;[0m&amp#27;[32m, context &amp#27;[0m&amp#27;[32m&amp#27;[1m"customAuthHeaderTest1"&amp#27;[0m&amp#27;[32m and version &amp#27;[0m&amp#27;[32m&amp#27;[1m"1.0.0"&amp#27;[0m                                                                                                                                                                                 &amp#27;[90m# org.wso2.am.integration.cucumbertests.stepdefinitions.PublisherStepDefinitions.i_create_customer_service_api(java.lang.String,java.lang.String,java.lang.String)&amp#27;[0m
  &amp#27;[32mAnd &amp#27;[0m&amp#27;[32mI add &amp#27;[0m&amp#27;[32m&amp#27;[1m"/customers/123"&amp#27;[0m&amp#27;[32m operation without any scopes to the created API with id &amp#27;[0m&amp#27;[32m&amp#27;[1m"<createdApiId>"&amp#27;[0m                                                                                                                                                                                           &amp#27;[90m# org.wso2.am.integration.cucumbertests.stepdefinitions.PublisherStepDefinitions.i_add_operation_without_scopes_to_api(java.lang.String,java.lang.String)&amp#27;[0m
--> GET https://localhost:32777/api/am/gateway/v2/apis/c0c115c1-add7-402b-a4fe-38c81c8957ee?tenantDomain=carbon.super HTTP/1.1
Accept: application/json
Authorization: Basic YWRtaW46YWRtaW4=
User-Agent: Swagger-Codegen/1.0.0/java
--> END GET
<-- HTTP/1.1 404  (124ms)
X-WSO2-TraceId: 43a47676-2c62-4d11-b374-66dd23a51842
Date: Wed, 07 May 2025 06:25:31 GMT
Content-Length: 0
Keep-Alive: timeout=60
Connection: keep-alive
Server: WSO2 Carbon Server
OkHttp-Sent-Millis: 1746599130993
OkHttp-Received-Millis: 1746599131118
<-- END HTTP (0-byte body)
--> GET https://localhost:32777/api/am/gateway/v2/apis/c0c115c1-add7-402b-a4fe-38c81c8957ee?tenantDomain=carbon.super HTTP/1.1
Accept: application/json
Authorization: Basic YWRtaW46YWRtaW4=
User-Agent: Swagger-Codegen/1.0.0/java
--> END GET
<-- HTTP/1.1 404  (65ms)
X-WSO2-TraceId: 7fcc94ac-b2ee-448c-956e-ed4b099a91d8
Date: Wed, 07 May 2025 06:25:31 GMT
Content-Length: 0
Keep-Alive: timeout=60
Connection: keep-alive
Server: WSO2 Carbon Server
OkHttp-Sent-Millis: 1746599131622
OkHttp-Received-Millis: 1746599131686
<-- END HTTP (0-byte body)
--> GET https://localhost:32777/api/am/gateway/v2/apis/c0c115c1-add7-402b-a4fe-38c81c8957ee?tenantDomain=carbon.super HTTP/1.1
Accept: application/json
Authorization: Basic YWRtaW46YWRtaW4=
User-Agent: Swagger-Codegen/1.0.0/java
--> END GET
<-- HTTP/1.1 200  (92ms)
X-WSO2-TraceId: 0cc66579-95b8-4b9b-b48a-0eca7c393b0a
Date: Wed, 07 May 2025 06:25:32 GMT
Content-Type: application/json
Content-Length: 418
Keep-Alive: timeout=60
Connection: keep-alive
Server: WSO2 Carbon Server
OkHttp-Sent-Millis: 1746599132189
OkHttp-Received-Millis: 1746599132280

{"apiUUID":"c0c115c1-add7-402b-a4fe-38c81c8957ee","apiId":1,"provider":"admin","name":"CustomAuthHeaderTestAPI1","version":null,"context":"/customAuthHeaderTest1/1.0.0","policy":null,"apiType":"HTTP","isDefaultVersion":true,"status":"CREATED","urlMappings":[{"authScheme":"Application & Application User","throttlingPolicy":"Unlimited","httpMethod":"GET","urlPattern":"/customers/123","scopes":[]}],"subscripitons":[]}
<-- END HTTP (418-byte body)
11:55:37.054 [docker-java-stream--653004835] INFO  o.w.a.t.CustomAPIMContainer - [customHeader] STDOUT: [2025-05-07 06:25:37,030]  INFO - CommonUtil Creation of folder is successful. Directory Name : CustomAuthHeaderTestAPI1-1.0.0
11:55:37.066 [docker-java-stream--653004835] INFO  o.w.a.t.CustomAPIMContainer - [customHeader] STDOUT: [2025-05-07 06:25:37,033]  INFO - CommonUtil Creation of folder is successful. Directory Name : Definitions
11:55:39.118 [docker-java-stream--653004835] INFO  o.w.a.t.CustomAPIMContainer - [customHeader] STDOUT: [2025-05-07 06:25:39,094]  INFO - DependencyTracker Local entry : c0c115c1-add7-402b-a4fe-38c81c8957ee was added to the Synapse configuration successfully
11:55:39.136 [docker-java-stream--653004835] INFO  o.w.a.t.CustomAPIMContainer - [customHeader] STDOUT: [2025-05-07 06:25:39,112]  INFO - DependencyTracker Endpoint : CustomAuthHeaderTestAPI1--v1.0.0_APIproductionEndpoint was added to the Synapse configuration successfully
11:55:39.158 [docker-java-stream--653004835] INFO  o.w.a.t.CustomAPIMContainer - [customHeader] STDOUT: [2025-05-07 06:25:39,134]  INFO - DependencyTracker Endpoint : CustomAuthHeaderTestAPI1--v1.0.0_APIsandboxEndpoint was added to the Synapse configuration successfully
11:55:39.660 [docker-java-stream--653004835] INFO  o.w.a.t.CustomAPIMContainer - [customHeader] STDOUT: [2025-05-07 06:25:39,636]  INFO - API {api:CustomAuthHeaderTestAPI1:v1.0.0} Initializing API: CustomAuthHeaderTestAPI1:v1.0.0
11:55:39.745 [docker-java-stream--653004835] INFO  o.w.a.t.CustomAPIMContainer - [customHeader] STDOUT: [2025-05-07 06:25:39,716]  INFO - DependencyTracker API : CustomAuthHeaderTestAPI1:v1.0.0 was added to the Synapse configuration successfully
  &amp#27;[32mAnd &amp#27;[0m&amp#27;[32mI deploy a revision of the API with id &amp#27;[0m&amp#27;[32m&amp#27;[1m"<createdApiId>"&amp#27;[0m                                                                                                                                                                                                                                   &amp#27;[90m# org.wso2.am.integration.cucumbertests.stepdefinitions.PublisherStepDefinitions.i_deploy_revision(java.lang.String)&amp#27;[0m
  &amp#27;[32mAnd &amp#27;[0m&amp#27;[32mI publish the API with id &amp#27;[0m&amp#27;[32m&amp#27;[1m"<createdApiId>"&amp#27;[0m                                                                                                                                                                                                                                                &amp#27;[90m# org.wso2.am.integration.cucumbertests.stepdefinitions.PublisherStepDefinitions.i_publish_the_api(java.lang.String)&amp#27;[0m
--> GET https://localhost:32777/api/am/gateway/v2/subscriptions?apiUUID=c0c115c1-add7-402b-a4fe-38c81c8957ee&appUUID=b4854980-0680-4fb4-9792-b8a30fe6280f&tenantDomain=carbon.super HTTP/1.1
Accept: application/json
Authorization: Basic YWRtaW46YWRtaW4=
User-Agent: Swagger-Codegen/1.0.0/java
--> END GET
<-- HTTP/1.1 404  (41ms)
X-WSO2-TraceId: b38b5caa-9b9a-4653-b27a-414ddf9b347a
Date: Wed, 07 May 2025 06:25:44 GMT
Content-Length: 0
Keep-Alive: timeout=60
Connection: keep-alive
Server: WSO2 Carbon Server
OkHttp-Sent-Millis: 1746599144151
OkHttp-Received-Millis: 1746599144192
<-- END HTTP (0-byte body)
--> GET https://localhost:32777/api/am/gateway/v2/subscriptions?apiUUID=c0c115c1-add7-402b-a4fe-38c81c8957ee&appUUID=b4854980-0680-4fb4-9792-b8a30fe6280f&tenantDomain=carbon.super HTTP/1.1
Accept: application/json
Authorization: Basic YWRtaW46YWRtaW4=
User-Agent: Swagger-Codegen/1.0.0/java
--> END GET
<-- HTTP/1.1 200  (65ms)
X-WSO2-TraceId: f5e35957-b100-4b99-8347-e127725c6421
Date: Wed, 07 May 2025 06:25:49 GMT
Content-Type: application/json
Content-Length: 90
Keep-Alive: timeout=60
Connection: keep-alive
Server: WSO2 Carbon Server
OkHttp-Sent-Millis: 1746599149194
OkHttp-Received-Millis: 1746599149259

{"subscriptionId":1,"policyId":"Gold","apiId":1,"appId":2,"subscriptionState":"UNBLOCKED"}
<-- END HTTP (90-byte body)
  &amp#27;[32mAnd &amp#27;[0m&amp#27;[32mI subscribe to API &amp#27;[0m&amp#27;[32m&amp#27;[1m"<createdApiId>"&amp#27;[0m&amp#27;[32m using application &amp#27;[0m&amp#27;[32m&amp#27;[1m"<createdAppId>"&amp#27;[0m&amp#27;[32m with throttling policy &amp#27;[0m&amp#27;[32m&amp#27;[1m"Gold"&amp#27;[0m                                                                                                                                                                                      &amp#27;[90m# org.wso2.am.integration.cucumbertests.stepdefinitions.StoreStepDefinitions.i_subscribe_to_api(java.lang.String,java.lang.String,java.lang.String)&amp#27;[0m
--> GET https://localhost:32777/api/am/gateway/v2/applications?uuid=b4854980-0680-4fb4-9792-b8a30fe6280f&tenantDomain=carbon.super HTTP/1.1
Accept: application/json
Authorization: Basic YWRtaW46YWRtaW4=
User-Agent: Swagger-Codegen/1.0.0/java
--> END GET
<-- HTTP/1.1 200  (96ms)
X-WSO2-TraceId: ee3b1744-c135-4912-8e9d-abf848f82ce8
Date: Wed, 07 May 2025 06:25:53 GMT
Content-Type: application/json
Content-Length: 180
Keep-Alive: timeout=60
Connection: keep-alive
Server: WSO2 Carbon Server
OkHttp-Sent-Millis: 1746599153431
OkHttp-Received-Millis: 1746599153528

{"count":1,"list":[{"uuid":"b4854980-0680-4fb4-9792-b8a30fe6280f","id":2,"name":"Application1","subName":"admin","policy":"Unlimited","tokenType":"JWT","attributes":{},"keys":[]}]}
<-- END HTTP (180-byte body)
--> GET https://localhost:32777/api/am/gateway/v2/applications?uuid=b4854980-0680-4fb4-9792-b8a30fe6280f&tenantDomain=carbon.super HTTP/1.1
Accept: application/json
Authorization: Basic YWRtaW46YWRtaW4=
User-Agent: Swagger-Codegen/1.0.0/java
--> END GET
<-- HTTP/1.1 200  (30ms)
X-WSO2-TraceId: 31e79df7-cfb3-493d-a8b0-6768be5b9253
Date: Wed, 07 May 2025 06:25:54 GMT
Content-Type: application/json
Content-Length: 180
Keep-Alive: timeout=60
Connection: keep-alive
Server: WSO2 Carbon Server
OkHttp-Sent-Millis: 1746599154032
OkHttp-Received-Millis: 1746599154062

{"count":1,"list":[{"uuid":"b4854980-0680-4fb4-9792-b8a30fe6280f","id":2,"name":"Application1","subName":"admin","policy":"Unlimited","tokenType":"JWT","attributes":{},"keys":[]}]}
<-- END HTTP (180-byte body)
--> GET https://localhost:32777/api/am/gateway/v2/applications?uuid=b4854980-0680-4fb4-9792-b8a30fe6280f&tenantDomain=carbon.super HTTP/1.1
Accept: application/json
Authorization: Basic YWRtaW46YWRtaW4=
User-Agent: Swagger-Codegen/1.0.0/java
--> END GET
<-- HTTP/1.1 200  (76ms)
X-WSO2-TraceId: a6f38af1-9870-45b9-9d02-a56e0a347077
Date: Wed, 07 May 2025 06:25:54 GMT
Content-Type: application/json
Content-Length: 285
Keep-Alive: timeout=60
Connection: keep-alive
Server: WSO2 Carbon Server
OkHttp-Sent-Millis: 1746599154566
OkHttp-Received-Millis: 1746599154642

{"count":1,"list":[{"uuid":"b4854980-0680-4fb4-9792-b8a30fe6280f","id":2,"name":"Application1","subName":"admin","policy":"Unlimited","tokenType":"JWT","attributes":{},"keys":[{"consumerKey":"2uFqm7GRL1Fhh_znZMXRsKWeHlMa","keyType":"PRODUCTION","keyManager":"Resident Key Manager"}]}]}
<-- END HTTP (285-byte body)
  &amp#27;[32mWhen &amp#27;[0m&amp#27;[32mI generate client credentials for application id &amp#27;[0m&amp#27;[32m&amp#27;[1m"<createdAppId>"&amp#27;[0m&amp#27;[32m with key type &amp#27;[0m&amp#27;[32m&amp#27;[1m"PRODUCTION"&amp#27;[0m                                                                                                                                                                                             &amp#27;[90m# org.wso2.am.integration.cucumbertests.stepdefinitions.StoreStepDefinitions.i_generate_client_credentials(java.lang.String,java.lang.String)&amp#27;[0m
org.wso2.carbon.automation.test.utils.http.client.HttpResponse@78116659
  &amp#27;[32mAnd &amp#27;[0m&amp#27;[32mI request an access token using grant type &amp#27;[0m&amp#27;[32m&amp#27;[1m"client_credentials"&amp#27;[0m&amp#27;[32m without any scope&amp#27;[0m                                                                                                                                                                                                         &amp#27;[90m# org.wso2.am.integration.cucumbertests.stepdefinitions.StoreStepDefinitions.i_request_access_token(java.lang.String)&amp#27;[0m
11:55:55.608 [docker-java-stream--653004835] INFO  o.w.a.t.CustomAPIMContainer - [customHeader] STDOUT: [2025-05-07 06:25:55,584]  INFO - JMSConnectionFactory JMS ConnectionFactory : tokenRevocationJMSPublisher initialized
11:55:56.031 [docker-java-stream--653004835] INFO  o.w.a.t.CustomAPIMContainer - [customHeader] STDOUT: [2025-05-07 06:25:56,002]  WARN - AccessConfiguration Error loading properties from file: access-log.properties
11:55:56.049 [docker-java-stream--653004835] INFO  o.w.a.t.CustomAPIMContainer - [customHeader] STDOUT: [2025-05-07 06:25:56,025]  WARN - MiscellaneousUtil Error loading properties from a file at from the System defined location: access-log.properties
11:55:56.064 [docker-java-stream--653004835] INFO  o.w.a.t.CustomAPIMContainer - [customHeader] STDOUT: [2025-05-07 06:25:56,039]  WARN - MiscellaneousUtil Error loading properties from a file at from the System defined location: access-log.properties
11:55:57.198 [docker-java-stream--653004835] INFO  o.w.a.t.CustomAPIMContainer - [customHeader] STDOUT: [2025-05-07 06:25:57,174]  INFO - DefaultKeyValidationHandler org.wso2.carbon.apimgt.keymgt.handlers.DefaultKeyValidationHandler Initialised
11:55:57.330 [docker-java-stream--653004835] INFO  o.w.a.t.CustomAPIMContainer - [customHeader] STDOUT: [2025-05-07 06:25:57,305]  INFO - JMSConnectionFactory JMS ConnectionFactory : jmsEventPublisher initialized
11:55:57.485 [docker-java-stream--653004835] INFO  o.w.a.t.CustomAPIMContainer - [customHeader] STDOUT: [2025-05-07 06:25:57,456]  INFO - TimeoutHandler This engine will expire all callbacks after GLOBAL_TIMEOUT: 120 seconds, irrespective of the timeout action, after the specified or optional timeout
11:55:57.660 [docker-java-stream-1191643745] INFO  o.w.am.testcontainers.NodeAppServer - STDOUT: ----invoking getCustomer, Customer id is: 123
  &amp#27;[32mAnd &amp#27;[0m&amp#27;[32mI invoke API of ID &amp#27;[0m&amp#27;[32m&amp#27;[1m"<createdApiId>"&amp#27;[0m&amp#27;[32m with path &amp#27;[0m&amp#27;[32m&amp#27;[1m"/customers/123"&amp#27;[0m&amp#27;[32m and method GET using access token &amp#27;[0m&amp#27;[32m&amp#27;[1m"<generatedAccessToken>"&amp#27;[0m&amp#27;[32m and header &amp#27;[0m&amp#27;[32m&amp#27;[1m"Test-Custom-Header"&amp#27;[0m                                                                                                                                 &amp#27;[90m# org.wso2.am.integration.cucumbertests.stepdefinitions.APIInvocationStepDefinitions.invoke_api_with_custom_auth_header(java.lang.String,java.lang.String,java.lang.String,java.lang.String)&amp#27;[0m
  &amp#27;[32mThen &amp#27;[0m&amp#27;[32mthe API response status should be &amp#27;[0m&amp#27;[32m&amp#27;[1m200&amp#27;[0m                                                                                                                                                                                                                                                    &amp#27;[90m# org.wso2.am.integration.cucumbertests.stepdefinitions.APIInvocationStepDefinitions.the_api_response_status_should_be(int)&amp#27;[0m
11:55:58.254 [docker-java-stream--653004835] INFO  o.w.a.t.CustomAPIMContainer - [customHeader] STDOUT: [2025-05-07 06:25:58,230]  WARN - APIAuthenticationHandler API authentication failure due to Missing Credentials for requestURI=/customAuthHeaderTest1/1.0.0/customers/123
  &amp#27;[32mWhen &amp#27;[0m&amp#27;[32mI invoke API of ID &amp#27;[0m&amp#27;[32m&amp#27;[1m"<createdApiId>"&amp#27;[0m&amp#27;[32m with path &amp#27;[0m&amp#27;[32m&amp#27;[1m"/customers/123"&amp#27;[0m&amp#27;[32m and method GET using access token &amp#27;[0m&amp#27;[32m&amp#27;[1m"<generatedAccessToken>"&amp#27;[0m&amp#27;[32m and header &amp#27;[0m&amp#27;[32m&amp#27;[1m"Authorization"&amp#27;[0m                                                                                                                                     &amp#27;[90m# org.wso2.am.integration.cucumbertests.stepdefinitions.APIInvocationStepDefinitions.invoke_api_with_custom_auth_header(java.lang.String,java.lang.String,java.lang.String,java.lang.String)&amp#27;[0m
  &amp#27;[32mThen &amp#27;[0m&amp#27;[32mthe API response status should be &amp#27;[0m&amp#27;[32m&amp#27;[1m401&amp#27;[0m                                                                                                                                                                                                                                                    &amp#27;[90m# org.wso2.am.integration.cucumbertests.stepdefinitions.APIInvocationStepDefinitions.the_api_response_status_should_be(int)&amp#27;[0m
11:55:58.912 [docker-java-stream--653004835] INFO  o.w.a.t.CustomAPIMContainer - [customHeader] STDOUT: [2025-05-07 06:25:58,887]  WARN - APIUtil The configurations related to Api Key Generator Impl class in APIStore is missing in api-manager.xml. Hence returning the default value.
11:55:59.083 [docker-java-stream--653004835] INFO  o.w.a.t.CustomAPIMContainer - [customHeader] STDOUT: [2025-05-07 06:25:59,058]  WARN - APIUtil The configurations related to APIKey sign keystore in APIStore is missing in api-manager.xml. Hence returning the default value.
11:55:59.149 [docker-java-stream--653004835] INFO  o.w.a.t.CustomAPIMContainer - [customHeader] STDOUT: [2025-05-07 06:25:59,121]  WARN - APIUtil The configurations related to APIKey sign keystore in APIStore is missing in api-manager.xml. Hence returning the default value.
  &amp#27;[32mWhen &amp#27;[0m&amp#27;[32mI generate an API key for application &amp#27;[0m&amp#27;[32m&amp#27;[1m"<createdAppId>"&amp#27;[0m                                                                                                                                                                                                                                   &amp#27;[90m# org.wso2.am.integration.cucumbertests.stepdefinitions.StoreStepDefinitions.generate_api_key_for_app(java.lang.String)&amp#27;[0m
11:55:59.596 [docker-java-stream-1191643745] INFO  o.w.am.testcontainers.NodeAppServer - STDOUT: ----invoking getCustomer, Customer id is: 123
  &amp#27;[32mAnd &amp#27;[0m&amp#27;[32mI invoke API of ID &amp#27;[0m&amp#27;[32m&amp#27;[1m"<createdApiId>"&amp#27;[0m&amp#27;[32m with path &amp#27;[0m&amp#27;[32m&amp#27;[1m"/customers/123"&amp#27;[0m&amp#27;[32m and method GET using API key &amp#27;[0m&amp#27;[32m&amp#27;[1m"<generatedApiKey>"&amp#27;[0m&amp#27;[32m and header &amp#27;[0m&amp#27;[32m&amp#27;[1m"ApiKey"&amp#27;[0m                                                                                                                                                       &amp#27;[90m# org.wso2.am.integration.cucumbertests.stepdefinitions.APIInvocationStepDefinitions.invoke_api_with_api_key_header(java.lang.String,java.lang.String,java.lang.String,java.lang.String)&amp#27;[0m
  &amp#27;[32mThen &amp#27;[0m&amp#27;[32mthe API response status should be &amp#27;[0m&amp#27;[32m&amp#27;[1m200&amp#27;[0m                                                                                                                                                                                                                                                    &amp#27;[90m# org.wso2.am.integration.cucumbertests.stepdefinitions.APIInvocationStepDefinitions.the_api_response_status_should_be(int)&amp#27;[0m
11:55:59.844 [docker-java-stream--653004835] INFO  o.w.a.t.CustomAPIMContainer - [customHeader] STDOUT: [2025-05-07 06:25:59,820]  WARN - APIAuthenticationHandler API authentication failure due to Missing Credentials for requestURI=/customAuthHeaderTest1/1.0.0/customers/123
  &amp#27;[32mWhen &amp#27;[0m&amp#27;[32mI invoke API of ID &amp#27;[0m&amp#27;[32m&amp#27;[1m"<createdApiId>"&amp#27;[0m&amp#27;[32m with path &amp#27;[0m&amp#27;[32m&amp#27;[1m"/customers/123"&amp#27;[0m&amp#27;[32m and method GET using API key &amp#27;[0m&amp#27;[32m&amp#27;[1m"<generatedApiKey>"&amp#27;[0m&amp#27;[32m and header &amp#27;[0m&amp#27;[32m&amp#27;[1m"Custom-ApiKey-Header"&amp#27;[0m                                                                                                                                        &amp#27;[90m# org.wso2.am.integration.cucumbertests.stepdefinitions.APIInvocationStepDefinitions.invoke_api_with_api_key_header(java.lang.String,java.lang.String,java.lang.String,java.lang.String)&amp#27;[0m
  &amp#27;[32mThen &amp#27;[0m&amp#27;[32mthe API response status should be &amp#27;[0m&amp#27;[32m&amp#27;[1m401&amp#27;[0m                                                                                                                                                                                                                                                    &amp#27;[90m# org.wso2.am.integration.cucumbertests.stepdefinitions.APIInvocationStepDefinitions.the_api_response_status_should_be(int)&amp#27;[0m
  &amp#27;[32mWhen &amp#27;[0m&amp#27;[32mI update the API with id &amp#27;[0m&amp#27;[32m&amp#27;[1m"<createdApiId>"&amp#27;[0m&amp#27;[32m to use API key header &amp#27;[0m&amp#27;[32m&amp#27;[1m"Custom-ApiKey-Header"&amp#27;[0m                                                                                                                                                                                                   &amp#27;[90m# org.wso2.am.integration.cucumbertests.stepdefinitions.PublisherStepDefinitions.update_api_with_custom_api_key_header(java.lang.String,java.lang.String)&amp#27;[0m
--> GET https://localhost:32777/api/am/gateway/v2/apis/c0c115c1-add7-402b-a4fe-38c81c8957ee?tenantDomain=carbon.super HTTP/1.1
Accept: application/json
Authorization: Basic YWRtaW46YWRtaW4=
User-Agent: Swagger-Codegen/1.0.0/java
--> END GET
<-- HTTP/1.1 200  (84ms)
X-WSO2-TraceId: 0cbff479-3f13-4c54-b1ff-771c88ce4f42
Date: Wed, 07 May 2025 06:26:02 GMT
Content-Type: application/json
Content-Length: 807
Keep-Alive: timeout=60
Connection: keep-alive
Server: WSO2 Carbon Server
OkHttp-Sent-Millis: 1746599162334
OkHttp-Received-Millis: 1746599162418

{"apiUUID":"c0c115c1-add7-402b-a4fe-38c81c8957ee","apiId":1,"provider":"admin","name":"CustomAuthHeaderTestAPI1","version":null,"context":"/customAuthHeaderTest1/1.0.0","policy":null,"apiType":"HTTP","isDefaultVersion":true,"status":"PUBLISHED","urlMappings":[{"authScheme":"Application & Application User","throttlingPolicy":"Unlimited","httpMethod":"GET","urlPattern":"/customers/123","scopes":[]}],"subscripitons":[{"subscriptionUUID":"8140e25a-5b75-4941-b998-5483a4b16ed1","subscriptionPolicy":"Gold","status":"UNBLOCKED","application":{"uuid":"b4854980-0680-4fb4-9792-b8a30fe6280f","id":2,"name":"Application1","subName":"admin","policy":"Unlimited","tokenType":"JWT","attributes":{},"keys":[{"consumerKey":"2uFqm7GRL1Fhh_znZMXRsKWeHlMa","keyType":"PRODUCTION","keyManager":"Resident Key Manager"}]}}]}
<-- END HTTP (807-byte body)
11:56:08.149 [docker-java-stream--653004835] INFO  o.w.a.t.CustomAPIMContainer - [customHeader] STDOUT: [2025-05-07 06:26:08,125]  INFO - CommonUtil Creation of folder is successful. Directory Name : CustomAuthHeaderTestAPI1-1.0.0
11:56:08.152 [docker-java-stream--653004835] INFO  o.w.a.t.CustomAPIMContainer - [customHeader] STDOUT: [2025-05-07 06:26:08,127]  INFO - CommonUtil Creation of folder is successful. Directory Name : Definitions
11:56:09.042 [docker-java-stream--653004835] INFO  o.w.a.t.CustomAPIMContainer - [customHeader] STDOUT: [2025-05-07 06:26:09,012]  INFO - API {api:CustomAuthHeaderTestAPI1:v1.0.0} Destroying API: CustomAuthHeaderTestAPI1:v1.0.0
11:56:09.074 [docker-java-stream--653004835] INFO  o.w.a.t.CustomAPIMContainer - [customHeader] STDOUT: [2025-05-07 06:26:09,042]  INFO - DependencyTracker API : CustomAuthHeaderTestAPI1:v1.0.0 was removed from the Synapse configuration successfully
11:56:09.083 [docker-java-stream--653004835] INFO  o.w.a.t.CustomAPIMContainer - [customHeader] STDOUT: [2025-05-07 06:26:09,055]  INFO - DependencyTracker Local entry : c0c115c1-add7-402b-a4fe-38c81c8957ee was removed from the Synapse configuration successfully
11:56:09.093 [docker-java-stream--653004835] INFO  o.w.a.t.CustomAPIMContainer - [customHeader] STDOUT: [2025-05-07 06:26:09,062]  INFO - DependencyTracker Local entry : c0c115c1-add7-402b-a4fe-38c81c8957ee was added to the Synapse configuration successfully
11:56:09.109 [docker-java-stream--653004835] INFO  o.w.a.t.CustomAPIMContainer - [customHeader] STDOUT: [2025-05-07 06:26:09,084]  INFO - DependencyTracker Endpoint : CustomAuthHeaderTestAPI1--v1.0.0_APIproductionEndpoint was added to the Synapse configuration successfully
11:56:09.125 [docker-java-stream--653004835] INFO  o.w.a.t.CustomAPIMContainer - [customHeader] STDOUT: [2025-05-07 06:26:09,097]  INFO - DependencyTracker Endpoint : CustomAuthHeaderTestAPI1--v1.0.0_APIsandboxEndpoint was added to the Synapse configuration successfully
11:56:09.130 [docker-java-stream--653004835] INFO  o.w.a.t.CustomAPIMContainer - [customHeader] STDOUT: [2025-05-07 06:26:09,105]  INFO - API {api:CustomAuthHeaderTestAPI1:v1.0.0} Initializing API: CustomAuthHeaderTestAPI1:v1.0.0
11:56:09.131 [docker-java-stream--653004835] INFO  o.w.a.t.CustomAPIMContainer - [customHeader] STDOUT: [2025-05-07 06:26:09,106]  INFO - DependencyTracker API : CustomAuthHeaderTestAPI1:v1.0.0 was added to the Synapse configuration successfully
  &amp#27;[32mAnd &amp#27;[0m&amp#27;[32mI deploy a revision of the API with id &amp#27;[0m&amp#27;[32m&amp#27;[1m"<createdApiId>"&amp#27;[0m                                                                                                                                                                                                                                   &amp#27;[90m# org.wso2.am.integration.cucumbertests.stepdefinitions.PublisherStepDefinitions.i_deploy_revision(java.lang.String)&amp#27;[0m
11:56:12.494 [docker-java-stream--653004835] INFO  o.w.a.t.CustomAPIMContainer - [customHeader] STDOUT: [2025-05-07 06:26:12,469]  WARN - APIUtil The configurations related to Api Key Generator Impl class in APIStore is missing in api-manager.xml. Hence returning the default value.
11:56:12.494 [docker-java-stream--653004835] INFO  o.w.a.t.CustomAPIMContainer - [customHeader] STDOUT: [2025-05-07 06:26:12,470]  WARN - APIUtil The configurations related to APIKey sign keystore in APIStore is missing in api-manager.xml. Hence returning the default value.
11:56:12.495 [docker-java-stream--653004835] INFO  o.w.a.t.CustomAPIMContainer - [customHeader] STDOUT: [2025-05-07 06:26:12,472]  WARN - APIUtil The configurations related to APIKey sign keystore in APIStore is missing in api-manager.xml. Hence returning the default value.
  &amp#27;[32mAnd &amp#27;[0m&amp#27;[32mI generate an API key for application &amp#27;[0m&amp#27;[32m&amp#27;[1m"<createdAppId>"&amp#27;[0m                                                                                                                                                                                                                                    &amp#27;[90m# org.wso2.am.integration.cucumbertests.stepdefinitions.StoreStepDefinitions.generate_api_key_for_app(java.lang.String)&amp#27;[0m
11:56:12.906 [docker-java-stream-1191643745] INFO  o.w.am.testcontainers.NodeAppServer - STDOUT: ----invoking getCustomer, Customer id is: 123
  &amp#27;[32mAnd &amp#27;[0m&amp#27;[32mI invoke API of ID &amp#27;[0m&amp#27;[32m&amp#27;[1m"<createdApiId>"&amp#27;[0m&amp#27;[32m with path &amp#27;[0m&amp#27;[32m&amp#27;[1m"/customers/123"&amp#27;[0m&amp#27;[32m and method GET using API key &amp#27;[0m&amp#27;[32m&amp#27;[1m"<generatedApiKey>"&amp#27;[0m&amp#27;[32m and header &amp#27;[0m&amp#27;[32m&amp#27;[1m"Custom-ApiKey-Header"&amp#27;[0m                                                                                                                                         &amp#27;[90m# org.wso2.am.integration.cucumbertests.stepdefinitions.APIInvocationStepDefinitions.invoke_api_with_api_key_header(java.lang.String,java.lang.String,java.lang.String,java.lang.String)&amp#27;[0m
  &amp#27;[32mThen &amp#27;[0m&amp#27;[32mthe API response status should be &amp#27;[0m&amp#27;[32m&amp#27;[1m200&amp#27;[0m                                                                                                                                                                                                                                                    &amp#27;[90m# org.wso2.am.integration.cucumbertests.stepdefinitions.APIInvocationStepDefinitions.the_api_response_status_should_be(int)&amp#27;[0m
11:56:13.173 [docker-java-stream--653004835] INFO  o.w.a.t.CustomAPIMContainer - [customHeader] STDOUT: [2025-05-07 06:26:13,149]  WARN - APIAuthenticationHandler API authentication failure due to Missing Credentials for requestURI=/customAuthHeaderTest1/1.0.0/customers/123
  &amp#27;[32mWhen &amp#27;[0m&amp#27;[32mI invoke API of ID &amp#27;[0m&amp#27;[32m&amp#27;[1m"<createdApiId>"&amp#27;[0m&amp#27;[32m with path &amp#27;[0m&amp#27;[32m&amp#27;[1m"/customers/123"&amp#27;[0m&amp#27;[32m and method GET using API key &amp#27;[0m&amp#27;[32m&amp#27;[1m"<generatedApiKey>"&amp#27;[0m&amp#27;[32m and header &amp#27;[0m&amp#27;[32m&amp#27;[1m"ApiKey"&amp#27;[0m                                                                                                                                                      &amp#27;[90m# org.wso2.am.integration.cucumbertests.stepdefinitions.APIInvocationStepDefinitions.invoke_api_with_api_key_header(java.lang.String,java.lang.String,java.lang.String,java.lang.String)&amp#27;[0m
  &amp#27;[32mThen &amp#27;[0m&amp#27;[32mthe API response status should be &amp#27;[0m&amp#27;[32m&amp#27;[1m401&amp#27;[0m                                                                                                                                                                                                                                                    &amp#27;[90m# org.wso2.am.integration.cucumbertests.stepdefinitions.APIInvocationStepDefinitions.the_api_response_status_should_be(int)&amp#27;[0m
  &amp#27;[32mThen &amp#27;[0m&amp#27;[32mI stop the Custom API Manager container&amp#27;[0m                                                                                                                                                                                                                                                  &amp#27;[90m# org.wso2.am.integration.cucumbertests.stepdefinitions.ContainorIntitialisationStepDefinitions.endCustomAPIMContainer()&amp#27;[0m
  &amp#27;[32mThen &amp#27;[0m&amp#27;[32mI clear the context&amp#27;[0m                                                                                                                                                                                                                                                                      &amp#27;[90m# org.wso2.am.integration.cucumbertests.stepdefinitions.ContainorIntitialisationStepDefinitions.clearContext()&amp#27;[0m
]]></system-out>
    <system-err><![CDATA[May 07, 2025 11:55:04 AM okhttp3.internal.platform.Platform log
INFO: --> POST https://localhost:32777/api/am/devportal/v3/applications
May 07, 2025 11:55:04 AM okhttp3.internal.platform.Platform log
INFO: Content-Length: 124
May 07, 2025 11:55:04 AM okhttp3.internal.platform.Platform log
INFO: Accept: application/json
May 07, 2025 11:55:04 AM okhttp3.internal.platform.Platform log
INFO: Content-Type: application/json
May 07, 2025 11:55:04 AM okhttp3.internal.platform.Platform log
INFO: Authorization: Bearer fb374922-9b7f-31cb-b4bf-7a9d6b5e55b0
May 07, 2025 11:55:04 AM okhttp3.internal.platform.Platform log
INFO: User-Agent: OpenAPI-Generator/v3/java
May 07, 2025 11:55:04 AM okhttp3.internal.platform.Platform log
INFO: 
May 07, 2025 11:55:04 AM okhttp3.internal.platform.Platform log
INFO: {"name":"Application1","throttlingPolicy":"Unlimited","description":"This is new application","tokenType":"JWT","status":""}
May 07, 2025 11:55:04 AM okhttp3.internal.platform.Platform log
INFO: --> END POST (124-byte body)
May 07, 2025 11:55:11 AM okhttp3.internal.platform.Platform log
INFO: <-- 201 https://localhost:32777/api/am/devportal/v3/applications (7216ms)
May 07, 2025 11:55:11 AM okhttp3.internal.platform.Platform log
INFO: X-WSO2-TraceId: 4af4a6e9-3daf-4980-ab8f-463c66334eea
May 07, 2025 11:55:11 AM okhttp3.internal.platform.Platform log
INFO: Location: https://localhost:32777/api/am/devportal/applications/b4854980-0680-4fb4-9792-b8a30fe6280f
May 07, 2025 11:55:11 AM okhttp3.internal.platform.Platform log
INFO: X-Content-Type-Options: nosniff
May 07, 2025 11:55:11 AM okhttp3.internal.platform.Platform log
INFO: X-XSS-Protection: 1; mode=block
May 07, 2025 11:55:11 AM okhttp3.internal.platform.Platform log
INFO: Date: Wed, 07 May 2025 06:25:11 GMT
May 07, 2025 11:55:11 AM okhttp3.internal.platform.Platform log
INFO: Content-Type: application/json
May 07, 2025 11:55:11 AM okhttp3.internal.platform.Platform log
INFO: Content-Length: 389
May 07, 2025 11:55:11 AM okhttp3.internal.platform.Platform log
INFO: Keep-Alive: timeout=60
May 07, 2025 11:55:11 AM okhttp3.internal.platform.Platform log
INFO: Connection: keep-alive
May 07, 2025 11:55:11 AM okhttp3.internal.platform.Platform log
INFO: Server: WSO2 Carbon Server
May 07, 2025 11:55:11 AM okhttp3.internal.platform.Platform log
INFO: 
May 07, 2025 11:55:11 AM okhttp3.internal.platform.Platform log
INFO: {"applicationId":"b4854980-0680-4fb4-9792-b8a30fe6280f","name":"Application1","throttlingPolicy":"Unlimited","description":"This is new application","tokenType":"JWT","status":"APPROVED","groups":[],"subscriptionCount":0,"keys":[],"attributes":{},"subscriptionScopes":[],"owner":"admin","hashEnabled":null,"createdTime":"1746599111147","updatedTime":"1746599111147","visibility":"PRIVATE"}
May 07, 2025 11:55:11 AM okhttp3.internal.platform.Platform log
INFO: <-- END HTTP (389-byte body)
May 07, 2025 11:55:15 AM org.wso2.am.integration.test.impl.RestAPIStoreImpl waitUntilApplicationAvailableInGateway
INFO: Application Available in in memory == class ApplicationInfoDTO {
    uuid: b4854980-0680-4fb4-9792-b8a30fe6280f
    id: 2
    name: Application1
    subName: admin
    policy: Unlimited
    tokenType: JWT
    attributes: {}
    keys: []
}
May 07, 2025 11:55:15 AM okhttp3.internal.platform.Platform log
INFO: --> POST https://localhost:32777/api/am/publisher/v4/apis?openAPIVersion=v3
May 07, 2025 11:55:15 AM okhttp3.internal.platform.Platform log
INFO: Content-Length: 1084
May 07, 2025 11:55:15 AM okhttp3.internal.platform.Platform log
INFO: Accept: application/json
May 07, 2025 11:55:15 AM okhttp3.internal.platform.Platform log
INFO: Content-Type: application/json
May 07, 2025 11:55:15 AM okhttp3.internal.platform.Platform log
INFO: Authorization: Bearer 8af55216-5482-3576-9a41-48a686a6c168
May 07, 2025 11:55:15 AM okhttp3.internal.platform.Platform log
INFO: activityID: 
May 07, 2025 11:55:15 AM okhttp3.internal.platform.Platform log
INFO: User-Agent: OpenAPI-Generator/v4/java
May 07, 2025 11:55:15 AM okhttp3.internal.platform.Platform log
INFO: 
May 07, 2025 11:55:15 AM okhttp3.internal.platform.Platform log
INFO: {"name":"CustomAuthHeaderTestAPI1","description":"JAX-RS CustomerService API created for integration testing.","context":"customAuthHeaderTest1","version":"1.0.0","provider":"admin","cacheTimeout":100,"isDefaultVersion":true,"type":"HTTP","transport":["http","https"],"tags":["customer","order","service"],"policies":["Gold","Bronze"],"securityScheme":["oauth2","api_key"],"visibility":"PUBLIC","subscriptionAvailability":"CURRENT_TENANT","accessControl":"NONE","businessInformation":{},"corsConfiguration":{"corsConfigurationEnabled":false,"accessControlAllowCredentials":false},"endpointConfig":{"endpoint_type":"http","sandbox_endpoints":{"template_not_supported":false,"url":"http://nodebackend:8080/jaxrs_basic/services/customers/customerservice/"},"production_endpoints":{"template_not_supported":false,"url":"http://nodebackend:8080/jaxrs_basic/services/customers/customerservice/"}},"endpointImplementationType":"ENDPOINT","operations":[{"target":"/*","verb":"GET","authType":"Application \u0026 Application User","throttlingPolicy":"Unlimited"}],"gatewayType":"wso2/synapse"}
May 07, 2025 11:55:15 AM okhttp3.internal.platform.Platform log
INFO: --> END POST (1084-byte body)
May 07, 2025 11:55:26 AM okhttp3.internal.platform.Platform log
INFO: <-- 201 https://localhost:32777/api/am/publisher/v4/apis?openAPIVersion=v3 (10898ms)
May 07, 2025 11:55:26 AM okhttp3.internal.platform.Platform log
INFO: X-WSO2-TraceId: 6041e979-5f2d-4d5b-ad5c-b2b1c6508062
May 07, 2025 11:55:26 AM okhttp3.internal.platform.Platform log
INFO: Location: https://localhost:32777/api/am/publisher/apis/c0c115c1-add7-402b-a4fe-38c81c8957ee
May 07, 2025 11:55:26 AM okhttp3.internal.platform.Platform log
INFO: X-Content-Type-Options: nosniff
May 07, 2025 11:55:26 AM okhttp3.internal.platform.Platform log
INFO: X-XSS-Protection: 1; mode=block
May 07, 2025 11:55:26 AM okhttp3.internal.platform.Platform log
INFO: Date: Wed, 07 May 2025 06:25:26 GMT
May 07, 2025 11:55:26 AM okhttp3.internal.platform.Platform log
INFO: Vary: Accept-Encoding
May 07, 2025 11:55:26 AM okhttp3.internal.platform.Platform log
INFO: Content-Type: application/json
May 07, 2025 11:55:26 AM okhttp3.internal.platform.Platform log
INFO: Transfer-Encoding: chunked
May 07, 2025 11:55:26 AM okhttp3.internal.platform.Platform log
INFO: Keep-Alive: timeout=60
May 07, 2025 11:55:26 AM okhttp3.internal.platform.Platform log
INFO: Connection: keep-alive
May 07, 2025 11:55:26 AM okhttp3.internal.platform.Platform log
INFO: Server: WSO2 Carbon Server
May 07, 2025 11:55:26 AM okhttp3.internal.platform.Platform log
INFO: 
May 07, 2025 11:55:26 AM okhttp3.internal.platform.Platform log
INFO: {"id":"c0c115c1-add7-402b-a4fe-38c81c8957ee","name":"CustomAuthHeaderTestAPI1","description":"JAX-RS CustomerService API created for integration testing.","context":"/customAuthHeaderTest1","version":"1.0.0","provider":"admin","lifeCycleStatus":"CREATED","wsdlInfo":null,"wsdlUrl":null,"responseCachingEnabled":false,"cacheTimeout":100,"hasThumbnail":false,"isDefaultVersion":true,"isRevision":false,"revisionedApiId":null,"revisionId":0,"enableSchemaValidation":false,"enableSubscriberVerification":false,"type":"HTTP","audience":null,"audiences":["all"],"transport":["http","https"],"tags":["service","customer","order"],"policies":["Bronze","Gold"],"organizationPolicies":[],"apiThrottlingPolicy":null,"authorizationHeader":"Test-Custom-Header","apiKeyHeader":"ApiKey","securityScheme":["api_key","oauth_basic_auth_api_key_mandatory","oauth2"],"maxTps":null,"visibility":"PUBLIC","visibleRoles":[""],"visibleTenants":[],"visibleOrganizations":["carbon.super"],"mediationPolicies":[],"apiPolicies":null,"subscriptionAvailability":"CURRENT_TENANT","subscriptionAvailableTenants":[""],"additionalProperties":[],"additionalPropertiesMap":{},"monetization":null,"accessControl":"NONE","accessControlRoles":[],"businessInformation":{"businessOwner":null,"businessOwnerEmail":null,"technicalOwner":null,"technicalOwnerEmail":null},"corsConfiguration":{"corsConfigurationEnabled":false,"accessControlAllowOrigins":[],"accessControlAllowCredentials":false,"accessControlAllowHeaders":[],"accessControlAllowMethods":[]},"websubSubscriptionConfiguration":{"enable":false,"secret":"","signingAlgorithm":"SHA1","signatureHeader":"x-hub-signature"},"workflowStatus":null,"createdTime":"1746599125894","lastUpdatedTimestamp":null,"lastUpdatedTime":null,"endpointConfig":{"endpoint_type":"http","sandbox_endpoints":{"template_not_supported":false,"url":"http://nodebackend:8080/jaxrs_basic/services/customers/customerservice/"},"production_endpoints":{"template_not_supported":false,"url":"http://nodebackend:8080/jaxrs_basic/services/customers/customerservice/"}},"primaryProductionEndpointId":null,"primarySandboxEndpointId":null,"endpointImplementationType":"ENDPOINT","subtypeConfiguration":{"subtype":"DEFAULT","configuration":null},"scopes":[],"operations":[{"id":"","target":"/*","verb":"GET","authType":"Application & Application User","throttlingPolicy":"Unlimited","scopes":[],"usedProductIds":[],"amznResourceName":null,"amznResourceTimeout":null,"amznResourceContentEncode":null,"payloadSchema":null,"uriMapping":null,"operationPolicies":{"request":[],"response":[],"fault":[]}}],"threatProtectionPolicies":null,"categories":[],"keyManagers":["all"],"serviceInfo":null,"advertiseInfo":{"advertised":false,"apiExternalProductionEndpoint":null,"apiExternalSandboxEndpoint":null,"originalDevPortalUrl":null,"apiOwner":"admin","vendor":"WSO2"},"gatewayVendor":"wso2","gatewayType":"wso2/synapse","asyncTransportProtocols":[""],"egress":false}
May 07, 2025 11:55:26 AM okhttp3.internal.platform.Platform log
INFO: <-- END HTTP (2937-byte body)
May 07, 2025 11:55:26 AM okhttp3.internal.platform.Platform log
INFO: --> GET https://localhost:32777/api/am/publisher/v4/apis/c0c115c1-add7-402b-a4fe-38c81c8957ee
May 07, 2025 11:55:26 AM okhttp3.internal.platform.Platform log
INFO: Accept: application/json
May 07, 2025 11:55:26 AM okhttp3.internal.platform.Platform log
INFO: Content-Type: application/json
May 07, 2025 11:55:26 AM okhttp3.internal.platform.Platform log
INFO: Authorization: Bearer 8af55216-5482-3576-9a41-48a686a6c168
May 07, 2025 11:55:26 AM okhttp3.internal.platform.Platform log
INFO: activityID: 
May 07, 2025 11:55:26 AM okhttp3.internal.platform.Platform log
INFO: User-Agent: OpenAPI-Generator/v4/java
May 07, 2025 11:55:26 AM okhttp3.internal.platform.Platform log
INFO: --> END GET
May 07, 2025 11:55:26 AM okhttp3.internal.platform.Platform log
INFO: <-- 200 https://localhost:32777/api/am/publisher/v4/apis/c0c115c1-add7-402b-a4fe-38c81c8957ee (269ms)
May 07, 2025 11:55:26 AM okhttp3.internal.platform.Platform log
INFO: X-WSO2-TraceId: 2c6b0c92-44c2-48ba-9bd9-2f4395231ae9
May 07, 2025 11:55:26 AM okhttp3.internal.platform.Platform log
INFO: X-Content-Type-Options: nosniff
May 07, 2025 11:55:26 AM okhttp3.internal.platform.Platform log
INFO: X-XSS-Protection: 1; mode=block
May 07, 2025 11:55:26 AM okhttp3.internal.platform.Platform log
INFO: Date: Wed, 07 May 2025 06:25:26 GMT
May 07, 2025 11:55:26 AM okhttp3.internal.platform.Platform log
INFO: Vary: Accept-Encoding
May 07, 2025 11:55:26 AM okhttp3.internal.platform.Platform log
INFO: Content-Type: application/json
May 07, 2025 11:55:26 AM okhttp3.internal.platform.Platform log
INFO: Transfer-Encoding: chunked
May 07, 2025 11:55:26 AM okhttp3.internal.platform.Platform log
INFO: Keep-Alive: timeout=60
May 07, 2025 11:55:26 AM okhttp3.internal.platform.Platform log
INFO: Connection: keep-alive
May 07, 2025 11:55:26 AM okhttp3.internal.platform.Platform log
INFO: Server: WSO2 Carbon Server
May 07, 2025 11:55:26 AM okhttp3.internal.platform.Platform log
INFO: 
May 07, 2025 11:55:26 AM okhttp3.internal.platform.Platform log
INFO: {"id":"c0c115c1-add7-402b-a4fe-38c81c8957ee","name":"CustomAuthHeaderTestAPI1","description":"JAX-RS CustomerService API created for integration testing.","context":"/customAuthHeaderTest1","version":"1.0.0","provider":"admin","lifeCycleStatus":"CREATED","wsdlInfo":null,"wsdlUrl":null,"responseCachingEnabled":false,"cacheTimeout":100,"hasThumbnail":false,"isDefaultVersion":true,"isRevision":false,"revisionedApiId":null,"revisionId":0,"enableSchemaValidation":false,"enableSubscriberVerification":false,"type":"HTTP","audience":null,"audiences":["all"],"transport":["http","https"],"tags":["service","customer","order"],"policies":["Bronze","Gold"],"organizationPolicies":[],"apiThrottlingPolicy":null,"authorizationHeader":"Test-Custom-Header","apiKeyHeader":"ApiKey","securityScheme":["api_key","oauth_basic_auth_api_key_mandatory","oauth2"],"maxTps":null,"visibility":"PUBLIC","visibleRoles":[],"visibleTenants":[],"visibleOrganizations":["none"],"mediationPolicies":[],"apiPolicies":null,"subscriptionAvailability":"CURRENT_TENANT","subscriptionAvailableTenants":[],"additionalProperties":[],"additionalPropertiesMap":{},"monetization":null,"accessControl":"NONE","accessControlRoles":[],"businessInformation":{"businessOwner":null,"businessOwnerEmail":null,"technicalOwner":null,"technicalOwnerEmail":null},"corsConfiguration":{"corsConfigurationEnabled":false,"accessControlAllowOrigins":[],"accessControlAllowCredentials":false,"accessControlAllowHeaders":[],"accessControlAllowMethods":[]},"websubSubscriptionConfiguration":{"enable":false,"secret":"","signingAlgorithm":"SHA1","signatureHeader":"x-hub-signature"},"workflowStatus":null,"createdTime":"1746599125044","lastUpdatedTimestamp":"1746599125812","lastUpdatedTime":"2025-05-07 06:25:25.812","endpointConfig":{"endpoint_type":"http","sandbox_endpoints":{"template_not_supported":false,"url":"http://nodebackend:8080/jaxrs_basic/services/customers/customerservice/"},"production_endpoints":{"template_not_supported":false,"url":"http://nodebackend:8080/jaxrs_basic/services/customers/customerservice/"}},"primaryProductionEndpointId":null,"primarySandboxEndpointId":null,"endpointImplementationType":"ENDPOINT","subtypeConfiguration":{"subtype":"DEFAULT","configuration":null},"scopes":[],"operations":[{"id":"","target":"/*","verb":"GET","authType":"Application & Application User","throttlingPolicy":"Unlimited","scopes":[],"usedProductIds":[],"amznResourceName":null,"amznResourceTimeout":null,"amznResourceContentEncode":null,"payloadSchema":null,"uriMapping":null,"operationPolicies":{"request":[],"response":[],"fault":[]}}],"threatProtectionPolicies":null,"categories":[],"keyManagers":["all"],"serviceInfo":null,"advertiseInfo":{"advertised":false,"apiExternalProductionEndpoint":null,"apiExternalSandboxEndpoint":null,"originalDevPortalUrl":null,"apiOwner":"admin","vendor":"WSO2"},"gatewayVendor":"wso2","gatewayType":"wso2/synapse","asyncTransportProtocols":[],"egress":false}
May 07, 2025 11:55:26 AM okhttp3.internal.platform.Platform log
INFO: <-- END HTTP (2955-byte body)
May 07, 2025 11:55:27 AM okhttp3.internal.platform.Platform log
INFO: --> PUT https://localhost:32777/api/am/publisher/v4/apis/c0c115c1-add7-402b-a4fe-38c81c8957ee
May 07, 2025 11:55:27 AM okhttp3.internal.platform.Platform log
INFO: Content-Length: 2126
May 07, 2025 11:55:27 AM okhttp3.internal.platform.Platform log
INFO: Accept: application/json
May 07, 2025 11:55:27 AM okhttp3.internal.platform.Platform log
INFO: Content-Type: application/json
May 07, 2025 11:55:27 AM okhttp3.internal.platform.Platform log
INFO: Authorization: Bearer 8af55216-5482-3576-9a41-48a686a6c168
May 07, 2025 11:55:27 AM okhttp3.internal.platform.Platform log
INFO: activityID: 
May 07, 2025 11:55:27 AM okhttp3.internal.platform.Platform log
INFO: User-Agent: OpenAPI-Generator/v4/java
May 07, 2025 11:55:27 AM okhttp3.internal.platform.Platform log
INFO: 
May 07, 2025 11:55:27 AM okhttp3.internal.platform.Platform log
INFO: {"id":"c0c115c1-add7-402b-a4fe-38c81c8957ee","name":"CustomAuthHeaderTestAPI1","description":"JAX-RS CustomerService API created for integration testing.","context":"/customAuthHeaderTest1","version":"1.0.0","provider":"admin","lifeCycleStatus":"CREATED","responseCachingEnabled":false,"cacheTimeout":100,"hasThumbnail":false,"isDefaultVersion":true,"isRevision":false,"revisionId":0,"enableSchemaValidation":false,"enableSubscriberVerification":false,"type":"HTTP","audiences":["all"],"transport":["http","https"],"tags":["service","customer","order"],"policies":["Bronze","Gold"],"authorizationHeader":"Test-Custom-Header","apiKeyHeader":"ApiKey","securityScheme":["api_key","oauth_basic_auth_api_key_mandatory","oauth2"],"visibility":"PUBLIC","visibleRoles":[],"visibleTenants":[],"mediationPolicies":[],"subscriptionAvailability":"CURRENT_TENANT","subscriptionAvailableTenants":[],"additionalProperties":[],"additionalPropertiesMap":{},"accessControl":"NONE","accessControlRoles":[],"businessInformation":{},"corsConfiguration":{"corsConfigurationEnabled":false,"accessControlAllowOrigins":[],"accessControlAllowCredentials":false,"accessControlAllowHeaders":[],"accessControlAllowMethods":[]},"websubSubscriptionConfiguration":{"enable":false,"secret":"","signingAlgorithm":"SHA1","signatureHeader":"x-hub-signature"},"createdTime":"1746599125044","lastUpdatedTimestamp":"1746599125812","lastUpdatedTime":"2025-05-07 06:25:25.812","endpointConfig":{"endpoint_type":"http","sandbox_endpoints":{"template_not_supported":false,"url":"http://nodebackend:8080/jaxrs_basic/services/customers/customerservice/"},"production_endpoints":{"template_not_supported":false,"url":"http://nodebackend:8080/jaxrs_basic/services/customers/customerservice/"}},"endpointImplementationType":"ENDPOINT","scopes":[],"operations":[{"target":"/customers/123","verb":"GET","authType":"Application \u0026 Application User","throttlingPolicy":"Unlimited"}],"categories":[],"keyManagers":["all"],"advertiseInfo":{"advertised":false,"apiOwner":"admin","vendor":"WSO2"},"gatewayVendor":"wso2","gatewayType":"wso2/synapse","asyncTransportProtocols":[]}
May 07, 2025 11:55:27 AM okhttp3.internal.platform.Platform log
INFO: --> END PUT (2126-byte body)
May 07, 2025 11:55:29 AM okhttp3.internal.platform.Platform log
INFO: <-- 200 https://localhost:32777/api/am/publisher/v4/apis/c0c115c1-add7-402b-a4fe-38c81c8957ee (2086ms)
May 07, 2025 11:55:29 AM okhttp3.internal.platform.Platform log
INFO: X-WSO2-TraceId: b28f1fc6-6d03-4bd5-85a9-c7cb5d658dc4
May 07, 2025 11:55:29 AM okhttp3.internal.platform.Platform log
INFO: X-Content-Type-Options: nosniff
May 07, 2025 11:55:29 AM okhttp3.internal.platform.Platform log
INFO: X-XSS-Protection: 1; mode=block
May 07, 2025 11:55:29 AM okhttp3.internal.platform.Platform log
INFO: Date: Wed, 07 May 2025 06:25:29 GMT
May 07, 2025 11:55:29 AM okhttp3.internal.platform.Platform log
INFO: Vary: Accept-Encoding
May 07, 2025 11:55:29 AM okhttp3.internal.platform.Platform log
INFO: Content-Type: application/json
May 07, 2025 11:55:29 AM okhttp3.internal.platform.Platform log
INFO: Transfer-Encoding: chunked
May 07, 2025 11:55:29 AM okhttp3.internal.platform.Platform log
INFO: Keep-Alive: timeout=60
May 07, 2025 11:55:29 AM okhttp3.internal.platform.Platform log
INFO: Connection: keep-alive
May 07, 2025 11:55:29 AM okhttp3.internal.platform.Platform log
INFO: Server: WSO2 Carbon Server
May 07, 2025 11:55:29 AM okhttp3.internal.platform.Platform log
INFO: 
May 07, 2025 11:55:29 AM okhttp3.internal.platform.Platform log
INFO: {"id":"c0c115c1-add7-402b-a4fe-38c81c8957ee","name":"CustomAuthHeaderTestAPI1","description":"JAX-RS CustomerService API created for integration testing.","context":"/customAuthHeaderTest1","version":"1.0.0","provider":"admin","lifeCycleStatus":"CREATED","wsdlInfo":null,"wsdlUrl":null,"responseCachingEnabled":false,"cacheTimeout":100,"hasThumbnail":false,"isDefaultVersion":true,"isRevision":false,"revisionedApiId":null,"revisionId":0,"enableSchemaValidation":false,"enableSubscriberVerification":false,"type":"HTTP","audience":null,"audiences":["all"],"transport":["http","https"],"tags":["service","customer","order"],"policies":["Bronze","Gold"],"organizationPolicies":[],"apiThrottlingPolicy":null,"authorizationHeader":"Test-Custom-Header","apiKeyHeader":"ApiKey","securityScheme":["api_key","oauth_basic_auth_api_key_mandatory","oauth2"],"maxTps":null,"visibility":"PUBLIC","visibleRoles":[],"visibleTenants":[],"visibleOrganizations":["none"],"mediationPolicies":[],"apiPolicies":null,"subscriptionAvailability":"CURRENT_TENANT","subscriptionAvailableTenants":[],"additionalProperties":[],"additionalPropertiesMap":{},"monetization":null,"accessControl":"NONE","accessControlRoles":[],"businessInformation":{"businessOwner":null,"businessOwnerEmail":null,"technicalOwner":null,"technicalOwnerEmail":null},"corsConfiguration":{"corsConfigurationEnabled":false,"accessControlAllowOrigins":[],"accessControlAllowCredentials":false,"accessControlAllowHeaders":[],"accessControlAllowMethods":[]},"websubSubscriptionConfiguration":{"enable":false,"secret":"","signingAlgorithm":"SHA1","signatureHeader":"x-hub-signature"},"workflowStatus":null,"createdTime":"1746599125044","lastUpdatedTimestamp":"1746599128844","lastUpdatedTime":"2025-05-07 06:25:28.844","endpointConfig":{"endpoint_type":"http","sandbox_endpoints":{"template_not_supported":false,"url":"http://nodebackend:8080/jaxrs_basic/services/customers/customerservice/"},"production_endpoints":{"template_not_supported":false,"url":"http://nodebackend:8080/jaxrs_basic/services/customers/customerservice/"}},"primaryProductionEndpointId":null,"primarySandboxEndpointId":null,"endpointImplementationType":"ENDPOINT","subtypeConfiguration":{"subtype":"DEFAULT","configuration":null},"scopes":[],"operations":[{"id":"","target":"/customers/123","verb":"GET","authType":"Application & Application User","throttlingPolicy":"Unlimited","scopes":[],"usedProductIds":[],"amznResourceName":null,"amznResourceTimeout":null,"amznResourceContentEncode":null,"payloadSchema":null,"uriMapping":null,"operationPolicies":{"request":[],"response":[],"fault":[]}}],"threatProtectionPolicies":null,"categories":[],"keyManagers":["all"],"serviceInfo":null,"advertiseInfo":{"advertised":false,"apiExternalProductionEndpoint":null,"apiExternalSandboxEndpoint":null,"originalDevPortalUrl":null,"apiOwner":"admin","vendor":"WSO2"},"gatewayVendor":"wso2","gatewayType":"wso2/synapse","asyncTransportProtocols":[],"egress":false}
May 07, 2025 11:55:29 AM okhttp3.internal.platform.Platform log
INFO: <-- END HTTP (2967-byte body)
May 07, 2025 11:55:29 AM okhttp3.internal.platform.Platform log
INFO: --> POST https://localhost:32777/api/am/publisher/v4/apis/c0c115c1-add7-402b-a4fe-38c81c8957ee/revisions
May 07, 2025 11:55:29 AM okhttp3.internal.platform.Platform log
INFO: Content-Length: 33
May 07, 2025 11:55:29 AM okhttp3.internal.platform.Platform log
INFO: Accept: application/json
May 07, 2025 11:55:29 AM okhttp3.internal.platform.Platform log
INFO: Content-Type: application/json
May 07, 2025 11:55:29 AM okhttp3.internal.platform.Platform log
INFO: Authorization: Bearer 8af55216-5482-3576-9a41-48a686a6c168
May 07, 2025 11:55:29 AM okhttp3.internal.platform.Platform log
INFO: activityID: 
May 07, 2025 11:55:29 AM okhttp3.internal.platform.Platform log
INFO: User-Agent: OpenAPI-Generator/v4/java
May 07, 2025 11:55:29 AM okhttp3.internal.platform.Platform log
INFO: 
May 07, 2025 11:55:29 AM okhttp3.internal.platform.Platform log
INFO: {"description":"Test Revision 1"}
May 07, 2025 11:55:29 AM okhttp3.internal.platform.Platform log
INFO: --> END POST (33-byte body)
May 07, 2025 11:55:30 AM okhttp3.internal.platform.Platform log
INFO: <-- 201 https://localhost:32777/api/am/publisher/v4/apis/c0c115c1-add7-402b-a4fe-38c81c8957ee/revisions (1115ms)
May 07, 2025 11:55:30 AM okhttp3.internal.platform.Platform log
INFO: X-WSO2-TraceId: 582ab714-698c-4f86-b2a6-7bba6314ef41
May 07, 2025 11:55:30 AM okhttp3.internal.platform.Platform log
INFO: Location: https://localhost:32777/api/am/publisher/apis/c0c115c1-add7-402b-a4fe-38c81c8957ee/revisions/4545e7ab-0cb8-4d20-99d2-97a440650b96
May 07, 2025 11:55:30 AM okhttp3.internal.platform.Platform log
INFO: X-Content-Type-Options: nosniff
May 07, 2025 11:55:30 AM okhttp3.internal.platform.Platform log
INFO: X-XSS-Protection: 1; mode=block
May 07, 2025 11:55:30 AM okhttp3.internal.platform.Platform log
INFO: Date: Wed, 07 May 2025 06:25:30 GMT
May 07, 2025 11:55:30 AM okhttp3.internal.platform.Platform log
INFO: Content-Type: application/json
May 07, 2025 11:55:30 AM okhttp3.internal.platform.Platform log
INFO: Content-Length: 208
May 07, 2025 11:55:30 AM okhttp3.internal.platform.Platform log
INFO: Keep-Alive: timeout=60
May 07, 2025 11:55:30 AM okhttp3.internal.platform.Platform log
INFO: Connection: keep-alive
May 07, 2025 11:55:30 AM okhttp3.internal.platform.Platform log
INFO: Server: WSO2 Carbon Server
May 07, 2025 11:55:30 AM okhttp3.internal.platform.Platform log
INFO: 
May 07, 2025 11:55:30 AM okhttp3.internal.platform.Platform log
INFO: {"displayName":"Revision 1","id":"4545e7ab-0cb8-4d20-99d2-97a440650b96","description":"Test Revision 1","createdTime":1746599129000,"apiInfo":{"id":"c0c115c1-add7-402b-a4fe-38c81c8957ee"},"deploymentInfo":[]}
May 07, 2025 11:55:30 AM okhttp3.internal.platform.Platform log
INFO: <-- END HTTP (208-byte body)
May 07, 2025 11:55:30 AM okhttp3.internal.platform.Platform log
INFO: --> POST https://localhost:32777/api/am/publisher/v4/apis/c0c115c1-add7-402b-a4fe-38c81c8957ee/deploy-revision?revisionId=4545e7ab-0cb8-4d20-99d2-97a440650b96
May 07, 2025 11:55:30 AM okhttp3.internal.platform.Platform log
INFO: Content-Length: 85
May 07, 2025 11:55:30 AM okhttp3.internal.platform.Platform log
INFO: Accept: application/json
May 07, 2025 11:55:30 AM okhttp3.internal.platform.Platform log
INFO: Content-Type: application/json
May 07, 2025 11:55:30 AM okhttp3.internal.platform.Platform log
INFO: Authorization: Bearer 8af55216-5482-3576-9a41-48a686a6c168
May 07, 2025 11:55:30 AM okhttp3.internal.platform.Platform log
INFO: activityID: 
May 07, 2025 11:55:30 AM okhttp3.internal.platform.Platform log
INFO: User-Agent: OpenAPI-Generator/v4/java
May 07, 2025 11:55:30 AM okhttp3.internal.platform.Platform log
INFO: 
May 07, 2025 11:55:30 AM okhttp3.internal.platform.Platform log
INFO: [{"name":"Default","status":"CREATED","vhost":"localhost","displayOnDevportal":true}]
May 07, 2025 11:55:30 AM okhttp3.internal.platform.Platform log
INFO: --> END POST (85-byte body)
May 07, 2025 11:55:30 AM okhttp3.internal.platform.Platform log
INFO: <-- 201 https://localhost:32777/api/am/publisher/v4/apis/c0c115c1-add7-402b-a4fe-38c81c8957ee/deploy-revision?revisionId=4545e7ab-0cb8-4d20-99d2-97a440650b96 (537ms)
May 07, 2025 11:55:30 AM okhttp3.internal.platform.Platform log
INFO: X-WSO2-TraceId: a07fbe2f-8be7-46f2-820e-729bf67d7e01
May 07, 2025 11:55:30 AM okhttp3.internal.platform.Platform log
INFO: X-Content-Type-Options: nosniff
May 07, 2025 11:55:30 AM okhttp3.internal.platform.Platform log
INFO: X-XSS-Protection: 1; mode=block
May 07, 2025 11:55:30 AM okhttp3.internal.platform.Platform log
INFO: Date: Wed, 07 May 2025 06:25:30 GMT
May 07, 2025 11:55:30 AM okhttp3.internal.platform.Platform log
INFO: Content-Type: application/json
May 07, 2025 11:55:30 AM okhttp3.internal.platform.Platform log
INFO: Content-Length: 196
May 07, 2025 11:55:30 AM okhttp3.internal.platform.Platform log
INFO: Keep-Alive: timeout=60
May 07, 2025 11:55:30 AM okhttp3.internal.platform.Platform log
INFO: Connection: keep-alive
May 07, 2025 11:55:30 AM okhttp3.internal.platform.Platform log
INFO: Server: WSO2 Carbon Server
May 07, 2025 11:55:30 AM okhttp3.internal.platform.Platform log
INFO: 
May 07, 2025 11:55:30 AM okhttp3.internal.platform.Platform log
INFO: [{"revisionUuid":"4545e7ab-0cb8-4d20-99d2-97a440650b96","name":"Default","status":"APPROVED","vhost":"localhost","displayOnDevportal":true,"deployedTime":1746599130000,"successDeployedTime":null}]
May 07, 2025 11:55:30 AM okhttp3.internal.platform.Platform log
INFO: <-- END HTTP (196-byte body)
May 07, 2025 11:55:30 AM okhttp3.internal.platform.Platform log
INFO: --> GET https://localhost:32777/api/am/publisher/v4/apis/4545e7ab-0cb8-4d20-99d2-97a440650b96
May 07, 2025 11:55:30 AM okhttp3.internal.platform.Platform log
INFO: X-WSO2-Tenant: carbon.super
May 07, 2025 11:55:30 AM okhttp3.internal.platform.Platform log
INFO: Accept: application/json
May 07, 2025 11:55:30 AM okhttp3.internal.platform.Platform log
INFO: Content-Type: application/json
May 07, 2025 11:55:30 AM okhttp3.internal.platform.Platform log
INFO: Authorization: Bearer 8af55216-5482-3576-9a41-48a686a6c168
May 07, 2025 11:55:30 AM okhttp3.internal.platform.Platform log
INFO: activityID: 
May 07, 2025 11:55:30 AM okhttp3.internal.platform.Platform log
INFO: User-Agent: OpenAPI-Generator/v4/java
May 07, 2025 11:55:30 AM okhttp3.internal.platform.Platform log
INFO: --> END GET
May 07, 2025 11:55:30 AM okhttp3.internal.platform.Platform log
INFO: <-- 200 https://localhost:32777/api/am/publisher/v4/apis/4545e7ab-0cb8-4d20-99d2-97a440650b96 (125ms)
May 07, 2025 11:55:30 AM okhttp3.internal.platform.Platform log
INFO: X-WSO2-TraceId: 2ffb0331-cd30-40e4-a52d-ea49ae6ca9c2
May 07, 2025 11:55:30 AM okhttp3.internal.platform.Platform log
INFO: X-Content-Type-Options: nosniff
May 07, 2025 11:55:30 AM okhttp3.internal.platform.Platform log
INFO: X-XSS-Protection: 1; mode=block
May 07, 2025 11:55:30 AM okhttp3.internal.platform.Platform log
INFO: Date: Wed, 07 May 2025 06:25:30 GMT
May 07, 2025 11:55:30 AM okhttp3.internal.platform.Platform log
INFO: Vary: Accept-Encoding
May 07, 2025 11:55:30 AM okhttp3.internal.platform.Platform log
INFO: Content-Type: application/json
May 07, 2025 11:55:30 AM okhttp3.internal.platform.Platform log
INFO: Transfer-Encoding: chunked
May 07, 2025 11:55:30 AM okhttp3.internal.platform.Platform log
INFO: Keep-Alive: timeout=60
May 07, 2025 11:55:30 AM okhttp3.internal.platform.Platform log
INFO: Connection: keep-alive
May 07, 2025 11:55:30 AM okhttp3.internal.platform.Platform log
INFO: Server: WSO2 Carbon Server
May 07, 2025 11:55:30 AM okhttp3.internal.platform.Platform log
INFO: 
May 07, 2025 11:55:30 AM okhttp3.internal.platform.Platform log
INFO: {"id":"4545e7ab-0cb8-4d20-99d2-97a440650b96","name":"CustomAuthHeaderTestAPI1","description":"JAX-RS CustomerService API created for integration testing.","context":"/customAuthHeaderTest1","version":"1.0.0","provider":"admin","lifeCycleStatus":"CREATED","wsdlInfo":null,"wsdlUrl":null,"responseCachingEnabled":false,"cacheTimeout":100,"hasThumbnail":false,"isDefaultVersion":true,"isRevision":true,"revisionedApiId":"c0c115c1-add7-402b-a4fe-38c81c8957ee","revisionId":1,"enableSchemaValidation":false,"enableSubscriberVerification":false,"type":"HTTP","audience":null,"audiences":["all"],"transport":["http","https"],"tags":["service","customer","order"],"policies":["Bronze","Gold"],"organizationPolicies":[],"apiThrottlingPolicy":null,"authorizationHeader":"Test-Custom-Header","apiKeyHeader":"ApiKey","securityScheme":["api_key","oauth_basic_auth_api_key_mandatory","oauth2"],"maxTps":null,"visibility":"PUBLIC","visibleRoles":[],"visibleTenants":[],"visibleOrganizations":["none"],"mediationPolicies":[],"apiPolicies":null,"subscriptionAvailability":"CURRENT_TENANT","subscriptionAvailableTenants":[],"additionalProperties":[],"additionalPropertiesMap":{},"monetization":null,"accessControl":"NONE","accessControlRoles":[],"businessInformation":{"businessOwner":null,"businessOwnerEmail":null,"technicalOwner":null,"technicalOwnerEmail":null},"corsConfiguration":{"corsConfigurationEnabled":false,"accessControlAllowOrigins":[],"accessControlAllowCredentials":false,"accessControlAllowHeaders":[],"accessControlAllowMethods":[]},"websubSubscriptionConfiguration":{"enable":false,"secret":"","signingAlgorithm":"SHA1","signatureHeader":"x-hub-signature"},"workflowStatus":null,"createdTime":"1746599129423","lastUpdatedTimestamp":"1746599129423","lastUpdatedTime":"2025-05-07 06:25:29.423","endpointConfig":{"endpoint_type":"http","sandbox_endpoints":{"template_not_supported":false,"url":"http://nodebackend:8080/jaxrs_basic/services/customers/customerservice/"},"production_endpoints":{"template_not_supported":false,"url":"http://nodebackend:8080/jaxrs_basic/services/customers/customerservice/"}},"primaryProductionEndpointId":null,"primarySandboxEndpointId":null,"endpointImplementationType":"ENDPOINT","subtypeConfiguration":{"subtype":"DEFAULT","configuration":null},"scopes":[],"operations":[{"id":"","target":"/customers/123","verb":"GET","authType":"Application & Application User","throttlingPolicy":"Unlimited","scopes":[],"usedProductIds":[],"amznResourceName":null,"amznResourceTimeout":null,"amznResourceContentEncode":null,"payloadSchema":null,"uriMapping":null,"operationPolicies":{"request":[],"response":[],"fault":[]}}],"threatProtectionPolicies":null,"categories":[],"keyManagers":["all"],"serviceInfo":null,"advertiseInfo":{"advertised":false,"apiExternalProductionEndpoint":null,"apiExternalSandboxEndpoint":null,"originalDevPortalUrl":null,"apiOwner":"admin","vendor":"WSO2"},"gatewayVendor":"wso2","gatewayType":"wso2/synapse","asyncTransportProtocols":[],"egress":false}
May 07, 2025 11:55:30 AM okhttp3.internal.platform.Platform log
INFO: <-- END HTTP (3000-byte body)
May 07, 2025 11:55:42 AM okhttp3.internal.platform.Platform log
INFO: --> POST https://localhost:32777/api/am/publisher/v4/apis/change-lifecycle?action=Publish&apiId=c0c115c1-add7-402b-a4fe-38c81c8957ee
May 07, 2025 11:55:42 AM okhttp3.internal.platform.Platform log
INFO: Content-Length: 0
May 07, 2025 11:55:42 AM okhttp3.internal.platform.Platform log
INFO: Accept: application/json
May 07, 2025 11:55:42 AM okhttp3.internal.platform.Platform log
INFO: Content-Type: application/json
May 07, 2025 11:55:42 AM okhttp3.internal.platform.Platform log
INFO: Authorization: Bearer 8af55216-5482-3576-9a41-48a686a6c168
May 07, 2025 11:55:42 AM okhttp3.internal.platform.Platform log
INFO: activityID: 
May 07, 2025 11:55:42 AM okhttp3.internal.platform.Platform log
INFO: User-Agent: OpenAPI-Generator/v4/java
May 07, 2025 11:55:42 AM okhttp3.internal.platform.Platform log
INFO: 
May 07, 2025 11:55:42 AM okhttp3.internal.platform.Platform log
INFO: 
May 07, 2025 11:55:42 AM okhttp3.internal.platform.Platform log
INFO: --> END POST (0-byte body)
May 07, 2025 11:55:43 AM okhttp3.internal.platform.Platform log
INFO: <-- 200 https://localhost:32777/api/am/publisher/v4/apis/change-lifecycle?action=Publish&apiId=c0c115c1-add7-402b-a4fe-38c81c8957ee (1094ms)
May 07, 2025 11:55:43 AM okhttp3.internal.platform.Platform log
INFO: X-WSO2-TraceId: 7ad2e59d-ad9b-462b-801a-dcca953e278b
May 07, 2025 11:55:43 AM okhttp3.internal.platform.Platform log
INFO: X-Content-Type-Options: nosniff
May 07, 2025 11:55:43 AM okhttp3.internal.platform.Platform log
INFO: X-XSS-Protection: 1; mode=block
May 07, 2025 11:55:43 AM okhttp3.internal.platform.Platform log
INFO: Date: Wed, 07 May 2025 06:25:43 GMT
May 07, 2025 11:55:43 AM okhttp3.internal.platform.Platform log
INFO: Content-Type: application/json
May 07, 2025 11:55:43 AM okhttp3.internal.platform.Platform log
INFO: Content-Length: 298
May 07, 2025 11:55:43 AM okhttp3.internal.platform.Platform log
INFO: Keep-Alive: timeout=60
May 07, 2025 11:55:43 AM okhttp3.internal.platform.Platform log
INFO: Connection: keep-alive
May 07, 2025 11:55:43 AM okhttp3.internal.platform.Platform log
INFO: Server: WSO2 Carbon Server
May 07, 2025 11:55:43 AM okhttp3.internal.platform.Platform log
INFO: 
May 07, 2025 11:55:43 AM okhttp3.internal.platform.Platform log
INFO: {"workflowStatus":"APPROVED","jsonPayload":"","lifecycleState":{"state":"Published","checkItems":[],"availableTransitions":[{"event":"Block","targetState":""},{"event":"Deploy as a Prototype","targetState":""},{"event":"Demote to Created","targetState":""},{"event":"Deprecate","targetState":""}]}}
May 07, 2025 11:55:43 AM okhttp3.internal.platform.Platform log
INFO: <-- END HTTP (298-byte body)
May 07, 2025 11:55:43 AM okhttp3.internal.platform.Platform log
INFO: --> POST https://localhost:32777/api/am/devportal/v3/subscriptions
May 07, 2025 11:55:43 AM okhttp3.internal.platform.Platform log
INFO: Content-Length: 164
May 07, 2025 11:55:43 AM okhttp3.internal.platform.Platform log
INFO: X-WSO2-Tenant: carbon.super
May 07, 2025 11:55:43 AM okhttp3.internal.platform.Platform log
INFO: Accept: application/json
May 07, 2025 11:55:43 AM okhttp3.internal.platform.Platform log
INFO: Content-Type: application/json
May 07, 2025 11:55:43 AM okhttp3.internal.platform.Platform log
INFO: Authorization: Bearer fb374922-9b7f-31cb-b4bf-7a9d6b5e55b0
May 07, 2025 11:55:43 AM okhttp3.internal.platform.Platform log
INFO: User-Agent: OpenAPI-Generator/v3/java
May 07, 2025 11:55:43 AM okhttp3.internal.platform.Platform log
INFO: 
May 07, 2025 11:55:43 AM okhttp3.internal.platform.Platform log
INFO: {"applicationId":"b4854980-0680-4fb4-9792-b8a30fe6280f","apiId":"c0c115c1-add7-402b-a4fe-38c81c8957ee","throttlingPolicy":"Gold","requestedThrottlingPolicy":"Gold"}
May 07, 2025 11:55:43 AM okhttp3.internal.platform.Platform log
INFO: --> END POST (164-byte body)
May 07, 2025 11:55:44 AM okhttp3.internal.platform.Platform log
INFO: <-- 201 https://localhost:32777/api/am/devportal/v3/subscriptions (677ms)
May 07, 2025 11:55:44 AM okhttp3.internal.platform.Platform log
INFO: X-WSO2-TraceId: e91b604d-8497-4e53-982e-0d8a322c256a
May 07, 2025 11:55:44 AM okhttp3.internal.platform.Platform log
INFO: Location: https://localhost:32777/api/am/devportal/subscriptions/8140e25a-5b75-4941-b998-5483a4b16ed1
May 07, 2025 11:55:44 AM okhttp3.internal.platform.Platform log
INFO: X-Content-Type-Options: nosniff
May 07, 2025 11:55:44 AM okhttp3.internal.platform.Platform log
INFO: X-XSS-Protection: 1; mode=block
May 07, 2025 11:55:44 AM okhttp3.internal.platform.Platform log
INFO: Date: Wed, 07 May 2025 06:25:44 GMT
May 07, 2025 11:55:44 AM okhttp3.internal.platform.Platform log
INFO: Vary: Accept-Encoding
May 07, 2025 11:55:44 AM okhttp3.internal.platform.Platform log
INFO: Content-Type: application/json
May 07, 2025 11:55:44 AM okhttp3.internal.platform.Platform log
INFO: Transfer-Encoding: chunked
May 07, 2025 11:55:44 AM okhttp3.internal.platform.Platform log
INFO: Keep-Alive: timeout=60
May 07, 2025 11:55:44 AM okhttp3.internal.platform.Platform log
INFO: Connection: keep-alive
May 07, 2025 11:55:44 AM okhttp3.internal.platform.Platform log
INFO: Server: WSO2 Carbon Server
May 07, 2025 11:55:44 AM okhttp3.internal.platform.Platform log
INFO: 
May 07, 2025 11:55:44 AM okhttp3.internal.platform.Platform log
INFO: {"subscriptionId":"8140e25a-5b75-4941-b998-5483a4b16ed1","applicationId":"b4854980-0680-4fb4-9792-b8a30fe6280f","apiId":"c0c115c1-add7-402b-a4fe-38c81c8957ee","apiInfo":{"id":"c0c115c1-add7-402b-a4fe-38c81c8957ee","name":"CustomAuthHeaderTestAPI1","description":"JAX-RS CustomerService API created for integration testing.","context":"/customAuthHeaderTest1","version":"1.0.0","type":"HTTP","createdTime":"1746599125044","provider":"admin","lifeCycleStatus":"PUBLISHED","thumbnailUri":null,"avgRating":"0.0","throttlingPolicies":["Bronze","Gold"],"advertiseInfo":{"advertised":false,"apiExternalProductionEndpoint":null,"apiExternalSandboxEndpoint":null,"originalDevPortalUrl":null,"apiOwner":"admin","vendor":"WSO2"},"businessInformation":{"businessOwner":null,"businessOwnerEmail":null,"technicalOwner":null,"technicalOwnerEmail":null},"isSubscriptionAvailable":true,"monetizationLabel":"FREE","gatewayVendor":"wso2","additionalProperties":[],"monetizedInfo":false,"egress":false,"subtype":"DEFAULT"},"applicationInfo":{"applicationId":"b4854980-0680-4fb4-9792-b8a30fe6280f","name":"Application1","throttlingPolicy":"Unlimited","description":"This is new application","status":"APPROVED","groups":[],"subscriptionCount":1,"attributes":{},"owner":"admin","tokenType":"JWT","createdTime":"1746599111147","updatedTime":"1746599111147"},"throttlingPolicy":"Gold","requestedThrottlingPolicy":"Gold","status":"UNBLOCKED","redirectionParams":null}
May 07, 2025 11:55:44 AM okhttp3.internal.platform.Platform log
INFO: <-- END HTTP (1442-byte body)
May 07, 2025 11:55:49 AM org.wso2.am.integration.test.impl.RestAPIStoreImpl waitUntilSubscriptionAvailableInGateway
INFO: Subscription Available in in memory== class SubscriptionDTO {
    subscriptionId: 1
    policyId: Gold
    apiId: 1
    appId: 2
    subscriptionState: UNBLOCKED
}
May 07, 2025 11:55:49 AM okhttp3.internal.platform.Platform log
INFO: --> POST https://localhost:32777/api/am/devportal/v3/applications/b4854980-0680-4fb4-9792-b8a30fe6280f/generate-keys
May 07, 2025 11:55:49 AM okhttp3.internal.platform.Platform log
INFO: Content-Length: 148
May 07, 2025 11:55:49 AM okhttp3.internal.platform.Platform log
INFO: X-WSO2-Tenant: carbon.super
May 07, 2025 11:55:49 AM okhttp3.internal.platform.Platform log
INFO: Accept: application/json
May 07, 2025 11:55:49 AM okhttp3.internal.platform.Platform log
INFO: Content-Type: application/json
May 07, 2025 11:55:49 AM okhttp3.internal.platform.Platform log
INFO: Authorization: Bearer fb374922-9b7f-31cb-b4bf-7a9d6b5e55b0
May 07, 2025 11:55:49 AM okhttp3.internal.platform.Platform log
INFO: activityID: 
May 07, 2025 11:55:49 AM okhttp3.internal.platform.Platform log
INFO: User-Agent: OpenAPI-Generator/v3/java
May 07, 2025 11:55:49 AM okhttp3.internal.platform.Platform log
INFO: 
May 07, 2025 11:55:49 AM okhttp3.internal.platform.Platform log
INFO: {"keyType":"PRODUCTION","grantTypesToBeSupported":["client_credentials"],"callbackUrl":"https://localhost/callback","scopes":[],"validityTime":"-1"}
May 07, 2025 11:55:49 AM okhttp3.internal.platform.Platform log
INFO: --> END POST (148-byte body)
May 07, 2025 11:55:53 AM okhttp3.internal.platform.Platform log
INFO: <-- 200 https://localhost:32777/api/am/devportal/v3/applications/b4854980-0680-4fb4-9792-b8a30fe6280f/generate-keys (4128ms)
May 07, 2025 11:55:53 AM okhttp3.internal.platform.Platform log
INFO: X-WSO2-TraceId: 1e1b9591-a4dc-4023-af29-0d0ddbae9269
May 07, 2025 11:55:53 AM okhttp3.internal.platform.Platform log
INFO: X-Content-Type-Options: nosniff
May 07, 2025 11:55:53 AM okhttp3.internal.platform.Platform log
INFO: X-XSS-Protection: 1; mode=block
May 07, 2025 11:55:53 AM okhttp3.internal.platform.Platform log
INFO: Date: Wed, 07 May 2025 06:25:53 GMT
May 07, 2025 11:55:53 AM okhttp3.internal.platform.Platform log
INFO: Vary: Accept-Encoding
May 07, 2025 11:55:53 AM okhttp3.internal.platform.Platform log
INFO: Content-Type: application/json
May 07, 2025 11:55:53 AM okhttp3.internal.platform.Platform log
INFO: Transfer-Encoding: chunked
May 07, 2025 11:55:53 AM okhttp3.internal.platform.Platform log
INFO: Keep-Alive: timeout=60
May 07, 2025 11:55:53 AM okhttp3.internal.platform.Platform log
INFO: Connection: keep-alive
May 07, 2025 11:55:53 AM okhttp3.internal.platform.Platform log
INFO: Server: WSO2 Carbon Server
May 07, 2025 11:55:53 AM okhttp3.internal.platform.Platform log
INFO: 
May 07, 2025 11:55:53 AM okhttp3.internal.platform.Platform log
INFO: {"keyMappingId":"20184685-c061-4178-9cfe-06c5fe86daeb","keyManager":"Resident Key Manager","consumerKey":"2uFqm7GRL1Fhh_znZMXRsKWeHlMa","consumerSecret":"hk7OBIJyG47ZFewbtRolT_w8ceMa","supportedGrantTypes":["client_credentials"],"callbackUrl":"https://localhost/callback","keyState":"APPROVED","keyType":"PRODUCTION","mode":"CREATED","groupId":null,"token":{"accessToken":"eyJ4NXQiOiJNV1V4WW1Oa1pXSXdZVFEyTkRjeU1UVXdZelUxTlRReVlUbGpZekF5WmpNNU5EZ3haVFZrWkRGbE5tVmhORGt6WXpneVlqQXlNMk5pWlRBellqUTBZdyIsImtpZCI6Ik1XVXhZbU5rWldJd1lUUTJORGN5TVRVd1l6VTFOVFF5WVRsall6QXlaak01TkRneFpUVmtaREZsTm1WaE5Ea3pZemd5WWpBeU0yTmlaVEF6WWpRMFl3X1JTMjU2IiwidHlwIjoiYXQrand0IiwiYWxnIjoiUlMyNTYifQ.eyJzdWIiOiI2OTAxZmRmYi0wZGUyLTRkMzgtYWU3Mi1jMjBkZjEwOTU0NmIiLCJhdXQiOiJBUFBMSUNBVElPTiIsImF1ZCI6IjJ1RnFtN0dSTDFGaGhfem5aTVhSc0tXZUhsTWEiLCJuYmYiOjE3NDY1OTkxNTMsImF6cCI6IjJ1RnFtN0dSTDFGaGhfem5aTVhSc0tXZUhsTWEiLCJzY29wZSI6ImRlZmF1bHQiLCJpc3MiOiJodHRwczovL2xvY2FsaG9zdDo5NDQzL29hdXRoMi90b2tlbiIsImV4cCI6MTc0NjYwMjc1MywiaWF0IjoxNzQ2NTk5MTUzLCJqdGkiOiIyZjQ2MmYyYy1kYzdiLTQwNTgtYmIzOC1hOTcyNGQ1NWQxMmIiLCJjbGllbnRfaWQiOiIydUZxbTdHUkwxRmhoX3puWk1YUnNLV2VIbE1hIn0.euwc5kHFQiEPkHDTHshrNrqT8ft7TfGq52ilPNBtaptBRvvb9wVJldhMdHdCw0PcmLV9jLWdQ8MEEB3OT-Vm9RZE_espN7uCXkofD5MRfkupE0FZcs3ArYZjWJdFKlrlWkWBASXEjofJInc3TraHbrMJpkE3En8RvvJSAKpOy1yaieJ3gK2aXiIUxSdGpKbnMOfwoOFckmPM0JV87gNxjHxibj6asrUhw3FOTjMsMKYYOrxp1Ol6HxJKCVB_Sy01-beB9zJQ8NXgBghDk-yQB6CfX3l2q44tAVRLwWX1x_7Pzh9uvgWNjQa6pMrY0HKPX5D__i3GaqSj7veHTfCyZw","tokenScopes":["default"],"validityTime":3600},"additionalProperties":{"id_token_expiry_time":3600,"application_access_token_expiry_time":3600,"user_access_token_expiry_time":3600,"bypassClientCredentials":false,"pkceMandatory":false,"pkceSupportPlain":false,"refresh_token_expiry_time":86400}}
May 07, 2025 11:55:53 AM okhttp3.internal.platform.Platform log
INFO: <-- END HTTP (1770-byte body)
May 07, 2025 11:55:53 AM org.wso2.am.integration.test.impl.RestAPIStoreImpl waitUntilApplicationKeyMappingAvailableInGateway
INFO: Application Available in in-memory == class ApplicationInfoDTO {
    uuid: b4854980-0680-4fb4-9792-b8a30fe6280f
    id: 2
    name: Application1
    subName: admin
    policy: Unlimited
    tokenType: JWT
    attributes: {}
    keys: []
}
May 07, 2025 11:55:54 AM org.wso2.am.integration.test.impl.RestAPIStoreImpl waitUntilApplicationKeyMappingAvailableInGateway
INFO: Application Available in in-memory == class ApplicationInfoDTO {
    uuid: b4854980-0680-4fb4-9792-b8a30fe6280f
    id: 2
    name: Application1
    subName: admin
    policy: Unlimited
    tokenType: JWT
    attributes: {}
    keys: []
}
May 07, 2025 11:55:54 AM org.wso2.am.integration.test.impl.RestAPIStoreImpl waitUntilApplicationKeyMappingAvailableInGateway
INFO: Application Available in in-memory == class ApplicationInfoDTO {
    uuid: b4854980-0680-4fb4-9792-b8a30fe6280f
    id: 2
    name: Application1
    subName: admin
    policy: Unlimited
    tokenType: JWT
    attributes: {}
    keys: [class ApplicationKeyMappingDTO {
        consumerKey: 2uFqm7GRL1Fhh_znZMXRsKWeHlMa
        keyType: PRODUCTION
        keyManager: Resident Key Manager
    }]
}
May 07, 2025 11:55:55 AM okhttp3.internal.platform.Platform log
INFO: --> GET https://localhost:32777/api/am/devportal/v3/apis/c0c115c1-add7-402b-a4fe-38c81c8957ee
May 07, 2025 11:55:55 AM okhttp3.internal.platform.Platform log
INFO: Accept: application/json
May 07, 2025 11:55:55 AM okhttp3.internal.platform.Platform log
INFO: Content-Type: application/json
May 07, 2025 11:55:55 AM okhttp3.internal.platform.Platform log
INFO: Authorization: Bearer fb374922-9b7f-31cb-b4bf-7a9d6b5e55b0
May 07, 2025 11:55:55 AM okhttp3.internal.platform.Platform log
INFO: activityID: 
May 07, 2025 11:55:55 AM okhttp3.internal.platform.Platform log
INFO: User-Agent: OpenAPI-Generator/v3/java
May 07, 2025 11:55:55 AM okhttp3.internal.platform.Platform log
INFO: --> END GET
May 07, 2025 11:55:55 AM okhttp3.internal.platform.Platform log
INFO: <-- 200 https://localhost:32777/api/am/devportal/v3/apis/c0c115c1-add7-402b-a4fe-38c81c8957ee (504ms)
May 07, 2025 11:55:55 AM okhttp3.internal.platform.Platform log
INFO: X-WSO2-TraceId: 49580908-ea0a-4a43-a865-9d950ae551d9
May 07, 2025 11:55:55 AM okhttp3.internal.platform.Platform log
INFO: X-Content-Type-Options: nosniff
May 07, 2025 11:55:55 AM okhttp3.internal.platform.Platform log
INFO: X-XSS-Protection: 1; mode=block
May 07, 2025 11:55:55 AM okhttp3.internal.platform.Platform log
INFO: Date: Wed, 07 May 2025 06:25:55 GMT
May 07, 2025 11:55:55 AM okhttp3.internal.platform.Platform log
INFO: Vary: Accept-Encoding
May 07, 2025 11:55:55 AM okhttp3.internal.platform.Platform log
INFO: Content-Type: application/json
May 07, 2025 11:55:55 AM okhttp3.internal.platform.Platform log
INFO: Transfer-Encoding: chunked
May 07, 2025 11:55:55 AM okhttp3.internal.platform.Platform log
INFO: Keep-Alive: timeout=60
May 07, 2025 11:55:55 AM okhttp3.internal.platform.Platform log
INFO: Connection: keep-alive
May 07, 2025 11:55:55 AM okhttp3.internal.platform.Platform log
INFO: Server: WSO2 Carbon Server
May 07, 2025 11:55:55 AM okhttp3.internal.platform.Platform log
INFO: 
May 07, 2025 11:55:55 AM okhttp3.internal.platform.Platform log
INFO: {"id":"c0c115c1-add7-402b-a4fe-38c81c8957ee","name":"CustomAuthHeaderTestAPI1","description":"JAX-RS CustomerService API created for integration testing.","context":"/customAuthHeaderTest1/1.0.0","version":"1.0.0","provider":"admin","apiDefinition":"{\n  \"openapi\" : \"3.0.1\",\n  \"info\" : {\n    \"title\" : \"CustomAuthHeaderTestAPI1\",\n    \"description\" : \"JAX-RS CustomerService API created for integration testing.\",\n    \"version\" : \"1.0.0\"\n  },\n  \"servers\" : [ {\n    \"url\" : \"/\"\n  } ],\n  \"security\" : [ {\n    \"default\" : [ ]\n  } ],\n  \"paths\" : {\n    \"/customers/123\" : {\n      \"get\" : {\n        \"responses\" : {\n          \"200\" : {\n            \"description\" : \"OK\"\n          }\n        },\n        \"security\" : [ {\n          \"default\" : [ ]\n        } ],\n        \"x-auth-type\" : \"Application & Application User\",\n        \"x-throttling-tier\" : \"Unlimited\"\n      }\n    }\n  },\n  \"components\" : {\n    \"securitySchemes\" : {\n      \"default\" : {\n        \"type\" : \"oauth2\",\n        \"flows\" : {\n          \"implicit\" : {\n            \"authorizationUrl\" : \"https://test.com\",\n            \"scopes\" : { }\n          }\n        }\n      }\n    }\n  }\n}","wsdlUri":null,"lifeCycleStatus":"PUBLISHED","isDefaultVersion":true,"type":"HTTP","transport":["http","https"],"operations":[],"authorizationHeader":"Test-Custom-Header","apiKeyHeader":"ApiKey","securityScheme":["api_key","oauth_basic_auth_api_key_mandatory","oauth2"],"tags":["service","customer","order"],"tiers":[{"tierName":"Bronze","tierPlan":"FREE","monetizationAttributes":null},{"tierName":"Gold","tierPlan":"FREE","monetizationAttributes":null}],"hasThumbnail":false,"additionalProperties":[],"monetization":{"enabled":false},"endpointURLs":[{"environmentName":"Default","environmentDisplayName":"Default","environmentType":"hybrid","URLs":{"http":"http://localhost:8280/customAuthHeaderTest1/1.0.0","https":"https://localhost:8243/customAuthHeaderTest1/1.0.0","ws":null,"wss":null},"defaultVersionURLs":{"http":"http://localhost:8280/customAuthHeaderTest1","https":"https://localhost:8243/customAuthHeaderTest1","ws":null,"wss":null}}],"businessInformation":{"businessOwner":null,"businessOwnerEmail":null,"technicalOwner":null,"technicalOwnerEmail":null},"environmentList":["Default"],"scopes":[],"avgRating":"0.0","subscriptions":1,"advertiseInfo":{"advertised":false,"apiExternalProductionEndpoint":null,"apiExternalSandboxEndpoint":null,"originalDevPortalUrl":null,"apiOwner":"admin","vendor":"WSO2"},"isSubscriptionAvailable":true,"categories":[],"keyManagers":["all"],"createdTime":"2025-05-07 06:25:25.044","lastUpdatedTime":null,"gatewayVendor":"wso2","asyncTransportProtocols":[],"egress":false,"subtype":"DEFAULT"}
May 07, 2025 11:55:55 AM okhttp3.internal.platform.Platform log
INFO: <-- END HTTP (2778-byte body)
May 07, 2025 11:55:57 AM okhttp3.internal.platform.Platform log
INFO: --> GET https://localhost:32777/api/am/devportal/v3/apis/c0c115c1-add7-402b-a4fe-38c81c8957ee
May 07, 2025 11:55:57 AM okhttp3.internal.platform.Platform log
INFO: Accept: application/json
May 07, 2025 11:55:57 AM okhttp3.internal.platform.Platform log
INFO: Content-Type: application/json
May 07, 2025 11:55:57 AM okhttp3.internal.platform.Platform log
INFO: Authorization: Bearer fb374922-9b7f-31cb-b4bf-7a9d6b5e55b0
May 07, 2025 11:55:57 AM okhttp3.internal.platform.Platform log
INFO: activityID: 
May 07, 2025 11:55:57 AM okhttp3.internal.platform.Platform log
INFO: User-Agent: OpenAPI-Generator/v3/java
May 07, 2025 11:55:57 AM okhttp3.internal.platform.Platform log
INFO: --> END GET
May 07, 2025 11:55:58 AM okhttp3.internal.platform.Platform log
INFO: <-- 200 https://localhost:32777/api/am/devportal/v3/apis/c0c115c1-add7-402b-a4fe-38c81c8957ee (150ms)
May 07, 2025 11:55:58 AM okhttp3.internal.platform.Platform log
INFO: X-WSO2-TraceId: 26b4c4fb-4021-48c1-8e8f-df88726d9670
May 07, 2025 11:55:58 AM okhttp3.internal.platform.Platform log
INFO: X-Content-Type-Options: nosniff
May 07, 2025 11:55:58 AM okhttp3.internal.platform.Platform log
INFO: X-XSS-Protection: 1; mode=block
May 07, 2025 11:55:58 AM okhttp3.internal.platform.Platform log
INFO: Date: Wed, 07 May 2025 06:25:57 GMT
May 07, 2025 11:55:58 AM okhttp3.internal.platform.Platform log
INFO: Vary: Accept-Encoding
May 07, 2025 11:55:58 AM okhttp3.internal.platform.Platform log
INFO: Content-Type: application/json
May 07, 2025 11:55:58 AM okhttp3.internal.platform.Platform log
INFO: Transfer-Encoding: chunked
May 07, 2025 11:55:58 AM okhttp3.internal.platform.Platform log
INFO: Keep-Alive: timeout=60
May 07, 2025 11:55:58 AM okhttp3.internal.platform.Platform log
INFO: Connection: keep-alive
May 07, 2025 11:55:58 AM okhttp3.internal.platform.Platform log
INFO: Server: WSO2 Carbon Server
May 07, 2025 11:55:58 AM okhttp3.internal.platform.Platform log
INFO: 
May 07, 2025 11:55:58 AM okhttp3.internal.platform.Platform log
INFO: {"id":"c0c115c1-add7-402b-a4fe-38c81c8957ee","name":"CustomAuthHeaderTestAPI1","description":"JAX-RS CustomerService API created for integration testing.","context":"/customAuthHeaderTest1/1.0.0","version":"1.0.0","provider":"admin","apiDefinition":"{\n  \"openapi\" : \"3.0.1\",\n  \"info\" : {\n    \"title\" : \"CustomAuthHeaderTestAPI1\",\n    \"description\" : \"JAX-RS CustomerService API created for integration testing.\",\n    \"version\" : \"1.0.0\"\n  },\n  \"servers\" : [ {\n    \"url\" : \"/\"\n  } ],\n  \"security\" : [ {\n    \"default\" : [ ]\n  } ],\n  \"paths\" : {\n    \"/customers/123\" : {\n      \"get\" : {\n        \"responses\" : {\n          \"200\" : {\n            \"description\" : \"OK\"\n          }\n        },\n        \"security\" : [ {\n          \"default\" : [ ]\n        } ],\n        \"x-auth-type\" : \"Application & Application User\",\n        \"x-throttling-tier\" : \"Unlimited\"\n      }\n    }\n  },\n  \"components\" : {\n    \"securitySchemes\" : {\n      \"default\" : {\n        \"type\" : \"oauth2\",\n        \"flows\" : {\n          \"implicit\" : {\n            \"authorizationUrl\" : \"https://test.com\",\n            \"scopes\" : { }\n          }\n        }\n      }\n    }\n  }\n}","wsdlUri":null,"lifeCycleStatus":"PUBLISHED","isDefaultVersion":true,"type":"HTTP","transport":["http","https"],"operations":[],"authorizationHeader":"Test-Custom-Header","apiKeyHeader":"ApiKey","securityScheme":["api_key","oauth_basic_auth_api_key_mandatory","oauth2"],"tags":["service","customer","order"],"tiers":[{"tierName":"Bronze","tierPlan":"FREE","monetizationAttributes":null},{"tierName":"Gold","tierPlan":"FREE","monetizationAttributes":null}],"hasThumbnail":false,"additionalProperties":[],"monetization":{"enabled":false},"endpointURLs":[{"environmentName":"Default","environmentDisplayName":"Default","environmentType":"hybrid","URLs":{"http":"http://localhost:8280/customAuthHeaderTest1/1.0.0","https":"https://localhost:8243/customAuthHeaderTest1/1.0.0","ws":null,"wss":null},"defaultVersionURLs":{"http":"http://localhost:8280/customAuthHeaderTest1","https":"https://localhost:8243/customAuthHeaderTest1","ws":null,"wss":null}}],"businessInformation":{"businessOwner":null,"businessOwnerEmail":null,"technicalOwner":null,"technicalOwnerEmail":null},"environmentList":["Default"],"scopes":[],"avgRating":"0.0","subscriptions":1,"advertiseInfo":{"advertised":false,"apiExternalProductionEndpoint":null,"apiExternalSandboxEndpoint":null,"originalDevPortalUrl":null,"apiOwner":"admin","vendor":"WSO2"},"isSubscriptionAvailable":true,"categories":[],"keyManagers":["all"],"createdTime":"2025-05-07 06:25:25.044","lastUpdatedTime":null,"gatewayVendor":"wso2","asyncTransportProtocols":[],"egress":false,"subtype":"DEFAULT"}
May 07, 2025 11:55:58 AM okhttp3.internal.platform.Platform log
INFO: <-- END HTTP (2778-byte body)
May 07, 2025 11:55:58 AM okhttp3.internal.platform.Platform log
INFO: --> POST https://localhost:32777/api/am/devportal/v3/applications/b4854980-0680-4fb4-9792-b8a30fe6280f/api-keys/PRODUCTION/generate
May 07, 2025 11:55:58 AM okhttp3.internal.platform.Platform log
INFO: Content-Length: 47
May 07, 2025 11:55:58 AM okhttp3.internal.platform.Platform log
INFO: Accept: application/json
May 07, 2025 11:55:58 AM okhttp3.internal.platform.Platform log
INFO: Content-Type: application/json
May 07, 2025 11:55:58 AM okhttp3.internal.platform.Platform log
INFO: Authorization: Bearer fb374922-9b7f-31cb-b4bf-7a9d6b5e55b0
May 07, 2025 11:55:58 AM okhttp3.internal.platform.Platform log
INFO: activityID: 
May 07, 2025 11:55:58 AM okhttp3.internal.platform.Platform log
INFO: User-Agent: OpenAPI-Generator/v3/java
May 07, 2025 11:55:58 AM okhttp3.internal.platform.Platform log
INFO: 
May 07, 2025 11:55:58 AM okhttp3.internal.platform.Platform log
INFO: {"validityPeriod":-1,"additionalProperties":{}}
May 07, 2025 11:55:58 AM okhttp3.internal.platform.Platform log
INFO: --> END POST (47-byte body)
May 07, 2025 11:55:59 AM okhttp3.internal.platform.Platform log
INFO: <-- 200 https://localhost:32777/api/am/devportal/v3/applications/b4854980-0680-4fb4-9792-b8a30fe6280f/api-keys/PRODUCTION/generate (769ms)
May 07, 2025 11:55:59 AM okhttp3.internal.platform.Platform log
INFO: X-WSO2-TraceId: 5f6f00f5-61b5-4e03-bed7-cd9d69926a95
May 07, 2025 11:55:59 AM okhttp3.internal.platform.Platform log
INFO: X-Content-Type-Options: nosniff
May 07, 2025 11:55:59 AM okhttp3.internal.platform.Platform log
INFO: X-XSS-Protection: 1; mode=block
May 07, 2025 11:55:59 AM okhttp3.internal.platform.Platform log
INFO: Date: Wed, 07 May 2025 06:25:59 GMT
May 07, 2025 11:55:59 AM okhttp3.internal.platform.Platform log
INFO: Content-Type: application/json
May 07, 2025 11:55:59 AM okhttp3.internal.platform.Platform log
INFO: Content-Length: 933
May 07, 2025 11:55:59 AM okhttp3.internal.platform.Platform log
INFO: Keep-Alive: timeout=60
May 07, 2025 11:55:59 AM okhttp3.internal.platform.Platform log
INFO: Connection: keep-alive
May 07, 2025 11:55:59 AM okhttp3.internal.platform.Platform log
INFO: Server: WSO2 Carbon Server
May 07, 2025 11:55:59 AM okhttp3.internal.platform.Platform log
INFO: 
May 07, 2025 11:55:59 AM okhttp3.internal.platform.Platform log
INFO: {"apikey":"eyJ4NXQjUzI1NiI6Ik1XVXhZbU5rWldJd1lUUTJORGN5TVRVd1l6VTFOVFF5WVRsall6QXlaak01TkRneFpUVmtaREZsTm1WaE5Ea3pZemd5WWpBeU0yTmlaVEF6WWpRMFl3PT0iLCJraWQiOiJnYXRld2F5X2NlcnRpZmljYXRlX2FsaWFzIiwidHlwIjoiSldUIiwiYWxnIjoiUlMyNTYifQ==.eyJzdWIiOiJhZG1pbkBjYXJib24uc3VwZXIiLCJhcHBsaWNhdGlvbiI6eyJpZCI6MiwidXVpZCI6ImI0ODU0OTgwLTA2ODAtNGZiNC05NzkyLWI4YTMwZmU2MjgwZiJ9LCJpc3MiOiJodHRwczpcL1wvbG9jYWxob3N0Ojk0NDNcL29hdXRoMlwvdG9rZW4iLCJrZXl0eXBlIjoiUFJPRFVDVElPTiIsInRva2VuX3R5cGUiOiJhcGlLZXkiLCJpYXQiOjE3NDY1OTkxNTksImp0aSI6ImM2MGMzZGJiLWY1MjYtNGUwZC05ZDk5LTQ3YjJhMjVjNDI5OSJ9.ex6e5MjSKWG8eU33QUXroHC57uodvPYlm0ZqRUgVBhVAyb06GdSqB9Qglp5bmg8hVGgjDQxflRzx_Z9j8Q7QTygLjFtiRQHlBoTAPR3unIdMsc9m-X76HNN4MKxXFvXSNooYDKsrckOi8-lRA4c88eRza0oGUFFCCUJ-SNB8oRkYe01lFQ-BwykKL5vGDlmEpcAj5o98ZsLG1cRDVjyvowceekN-_xcF_CvjKWiMp-erJcbh9ggh1N33T4aoe1dSovFck3Sc4QWxYOzW6f6k58BOWac2cgFGvGQcSgdq1C31uL69Kd7w_pxsvYcwZR60irYLJCV4Jw6wi2q2g2ZX4Q==","validityTime":-1}
May 07, 2025 11:55:59 AM okhttp3.internal.platform.Platform log
INFO: <-- END HTTP (933-byte body)
May 07, 2025 11:55:59 AM okhttp3.internal.platform.Platform log
INFO: --> GET https://localhost:32777/api/am/devportal/v3/apis/c0c115c1-add7-402b-a4fe-38c81c8957ee
May 07, 2025 11:55:59 AM okhttp3.internal.platform.Platform log
INFO: Accept: application/json
May 07, 2025 11:55:59 AM okhttp3.internal.platform.Platform log
INFO: Content-Type: application/json
May 07, 2025 11:55:59 AM okhttp3.internal.platform.Platform log
INFO: Authorization: Bearer fb374922-9b7f-31cb-b4bf-7a9d6b5e55b0
May 07, 2025 11:55:59 AM okhttp3.internal.platform.Platform log
INFO: activityID: 
May 07, 2025 11:55:59 AM okhttp3.internal.platform.Platform log
INFO: User-Agent: OpenAPI-Generator/v3/java
May 07, 2025 11:55:59 AM okhttp3.internal.platform.Platform log
INFO: --> END GET
May 07, 2025 11:55:59 AM okhttp3.internal.platform.Platform log
INFO: <-- 200 https://localhost:32777/api/am/devportal/v3/apis/c0c115c1-add7-402b-a4fe-38c81c8957ee (61ms)
May 07, 2025 11:55:59 AM okhttp3.internal.platform.Platform log
INFO: X-WSO2-TraceId: 1d93c136-816c-4d8c-9cd1-3eb74b9f4f27
May 07, 2025 11:55:59 AM okhttp3.internal.platform.Platform log
INFO: X-Content-Type-Options: nosniff
May 07, 2025 11:55:59 AM okhttp3.internal.platform.Platform log
INFO: X-XSS-Protection: 1; mode=block
May 07, 2025 11:55:59 AM okhttp3.internal.platform.Platform log
INFO: Date: Wed, 07 May 2025 06:25:59 GMT
May 07, 2025 11:55:59 AM okhttp3.internal.platform.Platform log
INFO: Vary: Accept-Encoding
May 07, 2025 11:55:59 AM okhttp3.internal.platform.Platform log
INFO: Content-Type: application/json
May 07, 2025 11:55:59 AM okhttp3.internal.platform.Platform log
INFO: Transfer-Encoding: chunked
May 07, 2025 11:55:59 AM okhttp3.internal.platform.Platform log
INFO: Keep-Alive: timeout=60
May 07, 2025 11:55:59 AM okhttp3.internal.platform.Platform log
INFO: Connection: keep-alive
May 07, 2025 11:55:59 AM okhttp3.internal.platform.Platform log
INFO: Server: WSO2 Carbon Server
May 07, 2025 11:55:59 AM okhttp3.internal.platform.Platform log
INFO: 
May 07, 2025 11:55:59 AM okhttp3.internal.platform.Platform log
INFO: {"id":"c0c115c1-add7-402b-a4fe-38c81c8957ee","name":"CustomAuthHeaderTestAPI1","description":"JAX-RS CustomerService API created for integration testing.","context":"/customAuthHeaderTest1/1.0.0","version":"1.0.0","provider":"admin","apiDefinition":"{\n  \"openapi\" : \"3.0.1\",\n  \"info\" : {\n    \"title\" : \"CustomAuthHeaderTestAPI1\",\n    \"description\" : \"JAX-RS CustomerService API created for integration testing.\",\n    \"version\" : \"1.0.0\"\n  },\n  \"servers\" : [ {\n    \"url\" : \"/\"\n  } ],\n  \"security\" : [ {\n    \"default\" : [ ]\n  } ],\n  \"paths\" : {\n    \"/customers/123\" : {\n      \"get\" : {\n        \"responses\" : {\n          \"200\" : {\n            \"description\" : \"OK\"\n          }\n        },\n        \"security\" : [ {\n          \"default\" : [ ]\n        } ],\n        \"x-auth-type\" : \"Application & Application User\",\n        \"x-throttling-tier\" : \"Unlimited\"\n      }\n    }\n  },\n  \"components\" : {\n    \"securitySchemes\" : {\n      \"default\" : {\n        \"type\" : \"oauth2\",\n        \"flows\" : {\n          \"implicit\" : {\n            \"authorizationUrl\" : \"https://test.com\",\n            \"scopes\" : { }\n          }\n        }\n      }\n    }\n  }\n}","wsdlUri":null,"lifeCycleStatus":"PUBLISHED","isDefaultVersion":true,"type":"HTTP","transport":["http","https"],"operations":[],"authorizationHeader":"Test-Custom-Header","apiKeyHeader":"ApiKey","securityScheme":["api_key","oauth_basic_auth_api_key_mandatory","oauth2"],"tags":["service","customer","order"],"tiers":[{"tierName":"Bronze","tierPlan":"FREE","monetizationAttributes":null},{"tierName":"Gold","tierPlan":"FREE","monetizationAttributes":null}],"hasThumbnail":false,"additionalProperties":[],"monetization":{"enabled":false},"endpointURLs":[{"environmentName":"Default","environmentDisplayName":"Default","environmentType":"hybrid","URLs":{"http":"http://localhost:8280/customAuthHeaderTest1/1.0.0","https":"https://localhost:8243/customAuthHeaderTest1/1.0.0","ws":null,"wss":null},"defaultVersionURLs":{"http":"http://localhost:8280/customAuthHeaderTest1","https":"https://localhost:8243/customAuthHeaderTest1","ws":null,"wss":null}}],"businessInformation":{"businessOwner":null,"businessOwnerEmail":null,"technicalOwner":null,"technicalOwnerEmail":null},"environmentList":["Default"],"scopes":[],"avgRating":"0.0","subscriptions":1,"advertiseInfo":{"advertised":false,"apiExternalProductionEndpoint":null,"apiExternalSandboxEndpoint":null,"originalDevPortalUrl":null,"apiOwner":"admin","vendor":"WSO2"},"isSubscriptionAvailable":true,"categories":[],"keyManagers":["all"],"createdTime":"2025-05-07 06:25:25.044","lastUpdatedTime":null,"gatewayVendor":"wso2","asyncTransportProtocols":[],"egress":false,"subtype":"DEFAULT"}
May 07, 2025 11:55:59 AM okhttp3.internal.platform.Platform log
INFO: <-- END HTTP (2778-byte body)
May 07, 2025 11:55:59 AM okhttp3.internal.platform.Platform log
INFO: --> GET https://localhost:32777/api/am/devportal/v3/apis/c0c115c1-add7-402b-a4fe-38c81c8957ee
May 07, 2025 11:55:59 AM okhttp3.internal.platform.Platform log
INFO: Accept: application/json
May 07, 2025 11:55:59 AM okhttp3.internal.platform.Platform log
INFO: Content-Type: application/json
May 07, 2025 11:55:59 AM okhttp3.internal.platform.Platform log
INFO: Authorization: Bearer fb374922-9b7f-31cb-b4bf-7a9d6b5e55b0
May 07, 2025 11:55:59 AM okhttp3.internal.platform.Platform log
INFO: activityID: 
May 07, 2025 11:55:59 AM okhttp3.internal.platform.Platform log
INFO: User-Agent: OpenAPI-Generator/v3/java
May 07, 2025 11:55:59 AM okhttp3.internal.platform.Platform log
INFO: --> END GET
May 07, 2025 11:55:59 AM okhttp3.internal.platform.Platform log
INFO: <-- 200 https://localhost:32777/api/am/devportal/v3/apis/c0c115c1-add7-402b-a4fe-38c81c8957ee (67ms)
May 07, 2025 11:55:59 AM okhttp3.internal.platform.Platform log
INFO: X-WSO2-TraceId: 50e44bf8-cba6-4379-97c3-98672ffb151f
May 07, 2025 11:55:59 AM okhttp3.internal.platform.Platform log
INFO: X-Content-Type-Options: nosniff
May 07, 2025 11:55:59 AM okhttp3.internal.platform.Platform log
INFO: X-XSS-Protection: 1; mode=block
May 07, 2025 11:55:59 AM okhttp3.internal.platform.Platform log
INFO: Date: Wed, 07 May 2025 06:25:59 GMT
May 07, 2025 11:55:59 AM okhttp3.internal.platform.Platform log
INFO: Vary: Accept-Encoding
May 07, 2025 11:55:59 AM okhttp3.internal.platform.Platform log
INFO: Content-Type: application/json
May 07, 2025 11:55:59 AM okhttp3.internal.platform.Platform log
INFO: Transfer-Encoding: chunked
May 07, 2025 11:55:59 AM okhttp3.internal.platform.Platform log
INFO: Keep-Alive: timeout=60
May 07, 2025 11:55:59 AM okhttp3.internal.platform.Platform log
INFO: Connection: keep-alive
May 07, 2025 11:55:59 AM okhttp3.internal.platform.Platform log
INFO: Server: WSO2 Carbon Server
May 07, 2025 11:55:59 AM okhttp3.internal.platform.Platform log
INFO: 
May 07, 2025 11:55:59 AM okhttp3.internal.platform.Platform log
INFO: {"id":"c0c115c1-add7-402b-a4fe-38c81c8957ee","name":"CustomAuthHeaderTestAPI1","description":"JAX-RS CustomerService API created for integration testing.","context":"/customAuthHeaderTest1/1.0.0","version":"1.0.0","provider":"admin","apiDefinition":"{\n  \"openapi\" : \"3.0.1\",\n  \"info\" : {\n    \"title\" : \"CustomAuthHeaderTestAPI1\",\n    \"description\" : \"JAX-RS CustomerService API created for integration testing.\",\n    \"version\" : \"1.0.0\"\n  },\n  \"servers\" : [ {\n    \"url\" : \"/\"\n  } ],\n  \"security\" : [ {\n    \"default\" : [ ]\n  } ],\n  \"paths\" : {\n    \"/customers/123\" : {\n      \"get\" : {\n        \"responses\" : {\n          \"200\" : {\n            \"description\" : \"OK\"\n          }\n        },\n        \"security\" : [ {\n          \"default\" : [ ]\n        } ],\n        \"x-auth-type\" : \"Application & Application User\",\n        \"x-throttling-tier\" : \"Unlimited\"\n      }\n    }\n  },\n  \"components\" : {\n    \"securitySchemes\" : {\n      \"default\" : {\n        \"type\" : \"oauth2\",\n        \"flows\" : {\n          \"implicit\" : {\n            \"authorizationUrl\" : \"https://test.com\",\n            \"scopes\" : { }\n          }\n        }\n      }\n    }\n  }\n}","wsdlUri":null,"lifeCycleStatus":"PUBLISHED","isDefaultVersion":true,"type":"HTTP","transport":["http","https"],"operations":[],"authorizationHeader":"Test-Custom-Header","apiKeyHeader":"ApiKey","securityScheme":["api_key","oauth_basic_auth_api_key_mandatory","oauth2"],"tags":["service","customer","order"],"tiers":[{"tierName":"Bronze","tierPlan":"FREE","monetizationAttributes":null},{"tierName":"Gold","tierPlan":"FREE","monetizationAttributes":null}],"hasThumbnail":false,"additionalProperties":[],"monetization":{"enabled":false},"endpointURLs":[{"environmentName":"Default","environmentDisplayName":"Default","environmentType":"hybrid","URLs":{"http":"http://localhost:8280/customAuthHeaderTest1/1.0.0","https":"https://localhost:8243/customAuthHeaderTest1/1.0.0","ws":null,"wss":null},"defaultVersionURLs":{"http":"http://localhost:8280/customAuthHeaderTest1","https":"https://localhost:8243/customAuthHeaderTest1","ws":null,"wss":null}}],"businessInformation":{"businessOwner":null,"businessOwnerEmail":null,"technicalOwner":null,"technicalOwnerEmail":null},"environmentList":["Default"],"scopes":[],"avgRating":"0.0","subscriptions":1,"advertiseInfo":{"advertised":false,"apiExternalProductionEndpoint":null,"apiExternalSandboxEndpoint":null,"originalDevPortalUrl":null,"apiOwner":"admin","vendor":"WSO2"},"isSubscriptionAvailable":true,"categories":[],"keyManagers":["all"],"createdTime":"2025-05-07 06:25:25.044","lastUpdatedTime":null,"gatewayVendor":"wso2","asyncTransportProtocols":[],"egress":false,"subtype":"DEFAULT"}
May 07, 2025 11:55:59 AM okhttp3.internal.platform.Platform log
INFO: <-- END HTTP (2778-byte body)
May 07, 2025 11:55:59 AM okhttp3.internal.platform.Platform log
INFO: --> GET https://localhost:32777/api/am/publisher/v4/apis/c0c115c1-add7-402b-a4fe-38c81c8957ee
May 07, 2025 11:55:59 AM okhttp3.internal.platform.Platform log
INFO: X-WSO2-Tenant: carbon.super
May 07, 2025 11:55:59 AM okhttp3.internal.platform.Platform log
INFO: Accept: application/json
May 07, 2025 11:55:59 AM okhttp3.internal.platform.Platform log
INFO: Content-Type: application/json
May 07, 2025 11:55:59 AM okhttp3.internal.platform.Platform log
INFO: Authorization: Bearer 8af55216-5482-3576-9a41-48a686a6c168
May 07, 2025 11:55:59 AM okhttp3.internal.platform.Platform log
INFO: activityID: 
May 07, 2025 11:55:59 AM okhttp3.internal.platform.Platform log
INFO: User-Agent: OpenAPI-Generator/v4/java
May 07, 2025 11:55:59 AM okhttp3.internal.platform.Platform log
INFO: --> END GET
May 07, 2025 11:56:00 AM okhttp3.internal.platform.Platform log
INFO: <-- 200 https://localhost:32777/api/am/publisher/v4/apis/c0c115c1-add7-402b-a4fe-38c81c8957ee (171ms)
May 07, 2025 11:56:00 AM okhttp3.internal.platform.Platform log
INFO: X-WSO2-TraceId: 34c158ce-524c-4636-8fba-a94aec5012c1
May 07, 2025 11:56:00 AM okhttp3.internal.platform.Platform log
INFO: X-Content-Type-Options: nosniff
May 07, 2025 11:56:00 AM okhttp3.internal.platform.Platform log
INFO: X-XSS-Protection: 1; mode=block
May 07, 2025 11:56:00 AM okhttp3.internal.platform.Platform log
INFO: Date: Wed, 07 May 2025 06:26:00 GMT
May 07, 2025 11:56:00 AM okhttp3.internal.platform.Platform log
INFO: Vary: Accept-Encoding
May 07, 2025 11:56:00 AM okhttp3.internal.platform.Platform log
INFO: Content-Type: application/json
May 07, 2025 11:56:00 AM okhttp3.internal.platform.Platform log
INFO: Transfer-Encoding: chunked
May 07, 2025 11:56:00 AM okhttp3.internal.platform.Platform log
INFO: Keep-Alive: timeout=60
May 07, 2025 11:56:00 AM okhttp3.internal.platform.Platform log
INFO: Connection: keep-alive
May 07, 2025 11:56:00 AM okhttp3.internal.platform.Platform log
INFO: Server: WSO2 Carbon Server
May 07, 2025 11:56:00 AM okhttp3.internal.platform.Platform log
INFO: 
May 07, 2025 11:56:00 AM okhttp3.internal.platform.Platform log
INFO: {"id":"c0c115c1-add7-402b-a4fe-38c81c8957ee","name":"CustomAuthHeaderTestAPI1","description":"JAX-RS CustomerService API created for integration testing.","context":"/customAuthHeaderTest1","version":"1.0.0","provider":"admin","lifeCycleStatus":"PUBLISHED","wsdlInfo":null,"wsdlUrl":null,"responseCachingEnabled":false,"cacheTimeout":100,"hasThumbnail":false,"isDefaultVersion":true,"isRevision":false,"revisionedApiId":null,"revisionId":0,"enableSchemaValidation":false,"enableSubscriberVerification":false,"type":"HTTP","audience":null,"audiences":["all"],"transport":["http","https"],"tags":["service","customer","order"],"policies":["Bronze","Gold"],"organizationPolicies":[],"apiThrottlingPolicy":null,"authorizationHeader":"Test-Custom-Header","apiKeyHeader":"ApiKey","securityScheme":["api_key","oauth_basic_auth_api_key_mandatory","oauth2"],"maxTps":null,"visibility":"PUBLIC","visibleRoles":[],"visibleTenants":[],"visibleOrganizations":["none"],"mediationPolicies":[],"apiPolicies":null,"subscriptionAvailability":"CURRENT_TENANT","subscriptionAvailableTenants":[],"additionalProperties":[],"additionalPropertiesMap":{},"monetization":null,"accessControl":"NONE","accessControlRoles":[],"businessInformation":{"businessOwner":null,"businessOwnerEmail":null,"technicalOwner":null,"technicalOwnerEmail":null},"corsConfiguration":{"corsConfigurationEnabled":false,"accessControlAllowOrigins":[],"accessControlAllowCredentials":false,"accessControlAllowHeaders":[],"accessControlAllowMethods":[]},"websubSubscriptionConfiguration":{"enable":false,"secret":"","signingAlgorithm":"SHA1","signatureHeader":"x-hub-signature"},"workflowStatus":null,"createdTime":"1746599125044","lastUpdatedTimestamp":"1746599143080","lastUpdatedTime":"2025-05-07 06:25:43.08","endpointConfig":{"endpoint_type":"http","sandbox_endpoints":{"template_not_supported":false,"url":"http://nodebackend:8080/jaxrs_basic/services/customers/customerservice/"},"production_endpoints":{"template_not_supported":false,"url":"http://nodebackend:8080/jaxrs_basic/services/customers/customerservice/"}},"primaryProductionEndpointId":null,"primarySandboxEndpointId":null,"endpointImplementationType":"ENDPOINT","subtypeConfiguration":{"subtype":"DEFAULT","configuration":null},"scopes":[],"operations":[{"id":"","target":"/customers/123","verb":"GET","authType":"Application & Application User","throttlingPolicy":"Unlimited","scopes":[],"usedProductIds":[],"amznResourceName":null,"amznResourceTimeout":null,"amznResourceContentEncode":null,"payloadSchema":null,"uriMapping":null,"operationPolicies":{"request":[],"response":[],"fault":[]}}],"threatProtectionPolicies":null,"categories":[],"keyManagers":["all"],"serviceInfo":null,"advertiseInfo":{"advertised":false,"apiExternalProductionEndpoint":null,"apiExternalSandboxEndpoint":null,"originalDevPortalUrl":null,"apiOwner":"admin","vendor":"WSO2"},"gatewayVendor":"wso2","gatewayType":"wso2/synapse","asyncTransportProtocols":[],"egress":false}
May 07, 2025 11:56:00 AM okhttp3.internal.platform.Platform log
INFO: <-- END HTTP (2968-byte body)
May 07, 2025 11:56:00 AM okhttp3.internal.platform.Platform log
INFO: --> PUT https://localhost:32777/api/am/publisher/v4/apis/c0c115c1-add7-402b-a4fe-38c81c8957ee
May 07, 2025 11:56:00 AM okhttp3.internal.platform.Platform log
INFO: Content-Length: 2241
May 07, 2025 11:56:00 AM okhttp3.internal.platform.Platform log
INFO: Accept: application/json
May 07, 2025 11:56:00 AM okhttp3.internal.platform.Platform log
INFO: Content-Type: application/json
May 07, 2025 11:56:00 AM okhttp3.internal.platform.Platform log
INFO: Authorization: Bearer 8af55216-5482-3576-9a41-48a686a6c168
May 07, 2025 11:56:00 AM okhttp3.internal.platform.Platform log
INFO: activityID: 
May 07, 2025 11:56:00 AM okhttp3.internal.platform.Platform log
INFO: User-Agent: OpenAPI-Generator/v4/java
May 07, 2025 11:56:00 AM okhttp3.internal.platform.Platform log
INFO: 
May 07, 2025 11:56:00 AM okhttp3.internal.platform.Platform log
INFO: {"id":"c0c115c1-add7-402b-a4fe-38c81c8957ee","name":"CustomAuthHeaderTestAPI1","description":"JAX-RS CustomerService API created for integration testing.","context":"/customAuthHeaderTest1","version":"1.0.0","provider":"admin","lifeCycleStatus":"PUBLISHED","responseCachingEnabled":false,"cacheTimeout":100,"hasThumbnail":false,"isDefaultVersion":true,"isRevision":false,"revisionId":0,"enableSchemaValidation":false,"enableSubscriberVerification":false,"type":"HTTP","audiences":["all"],"transport":["http","https"],"tags":["service","customer","order"],"policies":["Bronze","Gold"],"authorizationHeader":"Test-Custom-Header","apiKeyHeader":"Custom-ApiKey-Header","securityScheme":["api_key","oauth_basic_auth_api_key_mandatory","oauth2"],"visibility":"PUBLIC","visibleRoles":[],"visibleTenants":[],"mediationPolicies":[],"subscriptionAvailability":"CURRENT_TENANT","subscriptionAvailableTenants":[],"additionalProperties":[],"additionalPropertiesMap":{},"accessControl":"NONE","accessControlRoles":[],"businessInformation":{},"corsConfiguration":{"corsConfigurationEnabled":false,"accessControlAllowOrigins":[],"accessControlAllowCredentials":false,"accessControlAllowHeaders":[],"accessControlAllowMethods":[]},"websubSubscriptionConfiguration":{"enable":false,"secret":"","signingAlgorithm":"SHA1","signatureHeader":"x-hub-signature"},"createdTime":"1746599125044","lastUpdatedTimestamp":"1746599143080","lastUpdatedTime":"2025-05-07 06:25:43.08","endpointConfig":{"endpoint_type":"http","sandbox_endpoints":{"template_not_supported":false,"url":"http://nodebackend:8080/jaxrs_basic/services/customers/customerservice/"},"production_endpoints":{"template_not_supported":false,"url":"http://nodebackend:8080/jaxrs_basic/services/customers/customerservice/"}},"endpointImplementationType":"ENDPOINT","scopes":[],"operations":[{"id":"","target":"/customers/123","verb":"GET","authType":"Application \u0026 Application User","throttlingPolicy":"Unlimited","scopes":[],"usedProductIds":[],"operationPolicies":{"request":[],"response":[],"fault":[]}}],"categories":[],"keyManagers":["all"],"advertiseInfo":{"advertised":false,"apiOwner":"admin","vendor":"WSO2"},"gatewayVendor":"wso2","gatewayType":"wso2/synapse","asyncTransportProtocols":[]}
May 07, 2025 11:56:00 AM okhttp3.internal.platform.Platform log
INFO: --> END PUT (2241-byte body)
May 07, 2025 11:56:01 AM okhttp3.internal.platform.Platform log
INFO: <-- 200 https://localhost:32777/api/am/publisher/v4/apis/c0c115c1-add7-402b-a4fe-38c81c8957ee (1084ms)
May 07, 2025 11:56:01 AM okhttp3.internal.platform.Platform log
INFO: X-WSO2-TraceId: fe2814ec-2499-47fa-a442-c3a060837616
May 07, 2025 11:56:01 AM okhttp3.internal.platform.Platform log
INFO: X-Content-Type-Options: nosniff
May 07, 2025 11:56:01 AM okhttp3.internal.platform.Platform log
INFO: X-XSS-Protection: 1; mode=block
May 07, 2025 11:56:01 AM okhttp3.internal.platform.Platform log
INFO: Date: Wed, 07 May 2025 06:26:01 GMT
May 07, 2025 11:56:01 AM okhttp3.internal.platform.Platform log
INFO: Vary: Accept-Encoding
May 07, 2025 11:56:01 AM okhttp3.internal.platform.Platform log
INFO: Content-Type: application/json
May 07, 2025 11:56:01 AM okhttp3.internal.platform.Platform log
INFO: Transfer-Encoding: chunked
May 07, 2025 11:56:01 AM okhttp3.internal.platform.Platform log
INFO: Keep-Alive: timeout=60
May 07, 2025 11:56:01 AM okhttp3.internal.platform.Platform log
INFO: Connection: keep-alive
May 07, 2025 11:56:01 AM okhttp3.internal.platform.Platform log
INFO: Server: WSO2 Carbon Server
May 07, 2025 11:56:01 AM okhttp3.internal.platform.Platform log
INFO: 
May 07, 2025 11:56:01 AM okhttp3.internal.platform.Platform log
INFO: {"id":"c0c115c1-add7-402b-a4fe-38c81c8957ee","name":"CustomAuthHeaderTestAPI1","description":"JAX-RS CustomerService API created for integration testing.","context":"/customAuthHeaderTest1","version":"1.0.0","provider":"admin","lifeCycleStatus":"PUBLISHED","wsdlInfo":null,"wsdlUrl":null,"responseCachingEnabled":false,"cacheTimeout":100,"hasThumbnail":false,"isDefaultVersion":true,"isRevision":false,"revisionedApiId":null,"revisionId":0,"enableSchemaValidation":false,"enableSubscriberVerification":false,"type":"HTTP","audience":null,"audiences":["all"],"transport":["http","https"],"tags":["service","customer","order"],"policies":["Bronze","Gold"],"organizationPolicies":[],"apiThrottlingPolicy":null,"authorizationHeader":"Test-Custom-Header","apiKeyHeader":"Custom-ApiKey-Header","securityScheme":["api_key","oauth_basic_auth_api_key_mandatory","oauth2"],"maxTps":null,"visibility":"PUBLIC","visibleRoles":[],"visibleTenants":[],"visibleOrganizations":["none"],"mediationPolicies":[],"apiPolicies":null,"subscriptionAvailability":"CURRENT_TENANT","subscriptionAvailableTenants":[],"additionalProperties":[],"additionalPropertiesMap":{},"monetization":null,"accessControl":"NONE","accessControlRoles":[],"businessInformation":{"businessOwner":null,"businessOwnerEmail":null,"technicalOwner":null,"technicalOwnerEmail":null},"corsConfiguration":{"corsConfigurationEnabled":false,"accessControlAllowOrigins":[],"accessControlAllowCredentials":false,"accessControlAllowHeaders":[],"accessControlAllowMethods":[]},"websubSubscriptionConfiguration":{"enable":false,"secret":"","signingAlgorithm":"SHA1","signatureHeader":"x-hub-signature"},"workflowStatus":null,"createdTime":"1746599125044","lastUpdatedTimestamp":"1746599160824","lastUpdatedTime":"2025-05-07 06:26:00.824","endpointConfig":{"endpoint_type":"http","sandbox_endpoints":{"template_not_supported":false,"url":"http://nodebackend:8080/jaxrs_basic/services/customers/customerservice/"},"production_endpoints":{"template_not_supported":false,"url":"http://nodebackend:8080/jaxrs_basic/services/customers/customerservice/"}},"primaryProductionEndpointId":null,"primarySandboxEndpointId":null,"endpointImplementationType":"ENDPOINT","subtypeConfiguration":{"subtype":"DEFAULT","configuration":null},"scopes":[],"operations":[{"id":"","target":"/customers/123","verb":"GET","authType":"Application & Application User","throttlingPolicy":"Unlimited","scopes":[],"usedProductIds":[],"amznResourceName":null,"amznResourceTimeout":null,"amznResourceContentEncode":null,"payloadSchema":null,"uriMapping":null,"operationPolicies":{"request":[],"response":[],"fault":[]}}],"threatProtectionPolicies":null,"categories":[],"keyManagers":["all"],"serviceInfo":null,"advertiseInfo":{"advertised":false,"apiExternalProductionEndpoint":null,"apiExternalSandboxEndpoint":null,"originalDevPortalUrl":null,"apiOwner":"admin","vendor":"WSO2"},"gatewayVendor":"wso2","gatewayType":"wso2/synapse","asyncTransportProtocols":[],"egress":false}
May 07, 2025 11:56:01 AM okhttp3.internal.platform.Platform log
INFO: <-- END HTTP (2983-byte body)
May 07, 2025 11:56:01 AM okhttp3.internal.platform.Platform log
INFO: --> GET https://localhost:32777/api/am/publisher/v4/apis/c0c115c1-add7-402b-a4fe-38c81c8957ee
May 07, 2025 11:56:01 AM okhttp3.internal.platform.Platform log
INFO: X-WSO2-Tenant: carbon.super
May 07, 2025 11:56:01 AM okhttp3.internal.platform.Platform log
INFO: Accept: application/json
May 07, 2025 11:56:01 AM okhttp3.internal.platform.Platform log
INFO: Content-Type: application/json
May 07, 2025 11:56:01 AM okhttp3.internal.platform.Platform log
INFO: Authorization: Bearer 8af55216-5482-3576-9a41-48a686a6c168
May 07, 2025 11:56:01 AM okhttp3.internal.platform.Platform log
INFO: activityID: 
May 07, 2025 11:56:01 AM okhttp3.internal.platform.Platform log
INFO: User-Agent: OpenAPI-Generator/v4/java
May 07, 2025 11:56:01 AM okhttp3.internal.platform.Platform log
INFO: --> END GET
May 07, 2025 11:56:01 AM okhttp3.internal.platform.Platform log
INFO: <-- 200 https://localhost:32777/api/am/publisher/v4/apis/c0c115c1-add7-402b-a4fe-38c81c8957ee (86ms)
May 07, 2025 11:56:01 AM okhttp3.internal.platform.Platform log
INFO: X-WSO2-TraceId: 71b4000e-2d19-4574-94e3-7afaaa3ac4a8
May 07, 2025 11:56:01 AM okhttp3.internal.platform.Platform log
INFO: X-Content-Type-Options: nosniff
May 07, 2025 11:56:01 AM okhttp3.internal.platform.Platform log
INFO: X-XSS-Protection: 1; mode=block
May 07, 2025 11:56:01 AM okhttp3.internal.platform.Platform log
INFO: Date: Wed, 07 May 2025 06:26:01 GMT
May 07, 2025 11:56:01 AM okhttp3.internal.platform.Platform log
INFO: Vary: Accept-Encoding
May 07, 2025 11:56:01 AM okhttp3.internal.platform.Platform log
INFO: Content-Type: application/json
May 07, 2025 11:56:01 AM okhttp3.internal.platform.Platform log
INFO: Transfer-Encoding: chunked
May 07, 2025 11:56:01 AM okhttp3.internal.platform.Platform log
INFO: Keep-Alive: timeout=60
May 07, 2025 11:56:01 AM okhttp3.internal.platform.Platform log
INFO: Connection: keep-alive
May 07, 2025 11:56:01 AM okhttp3.internal.platform.Platform log
INFO: Server: WSO2 Carbon Server
May 07, 2025 11:56:01 AM okhttp3.internal.platform.Platform log
INFO: 
May 07, 2025 11:56:01 AM okhttp3.internal.platform.Platform log
INFO: {"id":"c0c115c1-add7-402b-a4fe-38c81c8957ee","name":"CustomAuthHeaderTestAPI1","description":"JAX-RS CustomerService API created for integration testing.","context":"/customAuthHeaderTest1","version":"1.0.0","provider":"admin","lifeCycleStatus":"PUBLISHED","wsdlInfo":null,"wsdlUrl":null,"responseCachingEnabled":false,"cacheTimeout":100,"hasThumbnail":false,"isDefaultVersion":true,"isRevision":false,"revisionedApiId":null,"revisionId":0,"enableSchemaValidation":false,"enableSubscriberVerification":false,"type":"HTTP","audience":null,"audiences":["all"],"transport":["http","https"],"tags":["service","customer","order"],"policies":["Bronze","Gold"],"organizationPolicies":[],"apiThrottlingPolicy":null,"authorizationHeader":"Test-Custom-Header","apiKeyHeader":"Custom-ApiKey-Header","securityScheme":["api_key","oauth_basic_auth_api_key_mandatory","oauth2"],"maxTps":null,"visibility":"PUBLIC","visibleRoles":[],"visibleTenants":[],"visibleOrganizations":["none"],"mediationPolicies":[],"apiPolicies":null,"subscriptionAvailability":"CURRENT_TENANT","subscriptionAvailableTenants":[],"additionalProperties":[],"additionalPropertiesMap":{},"monetization":null,"accessControl":"NONE","accessControlRoles":[],"businessInformation":{"businessOwner":null,"businessOwnerEmail":null,"technicalOwner":null,"technicalOwnerEmail":null},"corsConfiguration":{"corsConfigurationEnabled":false,"accessControlAllowOrigins":[],"accessControlAllowCredentials":false,"accessControlAllowHeaders":[],"accessControlAllowMethods":[]},"websubSubscriptionConfiguration":{"enable":false,"secret":"","signingAlgorithm":"SHA1","signatureHeader":"x-hub-signature"},"workflowStatus":null,"createdTime":"1746599125044","lastUpdatedTimestamp":"1746599160824","lastUpdatedTime":"2025-05-07 06:26:00.824","endpointConfig":{"endpoint_type":"http","sandbox_endpoints":{"template_not_supported":false,"url":"http://nodebackend:8080/jaxrs_basic/services/customers/customerservice/"},"production_endpoints":{"template_not_supported":false,"url":"http://nodebackend:8080/jaxrs_basic/services/customers/customerservice/"}},"primaryProductionEndpointId":null,"primarySandboxEndpointId":null,"endpointImplementationType":"ENDPOINT","subtypeConfiguration":{"subtype":"DEFAULT","configuration":null},"scopes":[],"operations":[{"id":"","target":"/customers/123","verb":"GET","authType":"Application & Application User","throttlingPolicy":"Unlimited","scopes":[],"usedProductIds":[],"amznResourceName":null,"amznResourceTimeout":null,"amznResourceContentEncode":null,"payloadSchema":null,"uriMapping":null,"operationPolicies":{"request":[],"response":[],"fault":[]}}],"threatProtectionPolicies":null,"categories":[],"keyManagers":["all"],"serviceInfo":null,"advertiseInfo":{"advertised":false,"apiExternalProductionEndpoint":null,"apiExternalSandboxEndpoint":null,"originalDevPortalUrl":null,"apiOwner":"admin","vendor":"WSO2"},"gatewayVendor":"wso2","gatewayType":"wso2/synapse","asyncTransportProtocols":[],"egress":false}
May 07, 2025 11:56:01 AM okhttp3.internal.platform.Platform log
INFO: <-- END HTTP (2983-byte body)
May 07, 2025 11:56:01 AM okhttp3.internal.platform.Platform log
INFO: --> POST https://localhost:32777/api/am/publisher/v4/apis/c0c115c1-add7-402b-a4fe-38c81c8957ee/revisions
May 07, 2025 11:56:01 AM okhttp3.internal.platform.Platform log
INFO: Content-Length: 33
May 07, 2025 11:56:01 AM okhttp3.internal.platform.Platform log
INFO: Accept: application/json
May 07, 2025 11:56:01 AM okhttp3.internal.platform.Platform log
INFO: Content-Type: application/json
May 07, 2025 11:56:01 AM okhttp3.internal.platform.Platform log
INFO: Authorization: Bearer 8af55216-5482-3576-9a41-48a686a6c168
May 07, 2025 11:56:01 AM okhttp3.internal.platform.Platform log
INFO: activityID: 
May 07, 2025 11:56:01 AM okhttp3.internal.platform.Platform log
INFO: User-Agent: OpenAPI-Generator/v4/java
May 07, 2025 11:56:01 AM okhttp3.internal.platform.Platform log
INFO: 
May 07, 2025 11:56:01 AM okhttp3.internal.platform.Platform log
INFO: {"description":"Test Revision 1"}
May 07, 2025 11:56:01 AM okhttp3.internal.platform.Platform log
INFO: --> END POST (33-byte body)
May 07, 2025 11:56:01 AM okhttp3.internal.platform.Platform log
INFO: <-- 201 https://localhost:32777/api/am/publisher/v4/apis/c0c115c1-add7-402b-a4fe-38c81c8957ee/revisions (603ms)
May 07, 2025 11:56:01 AM okhttp3.internal.platform.Platform log
INFO: X-WSO2-TraceId: 4c80fb97-752d-47ea-ade5-3f858849c847
May 07, 2025 11:56:01 AM okhttp3.internal.platform.Platform log
INFO: Location: https://localhost:32777/api/am/publisher/apis/c0c115c1-add7-402b-a4fe-38c81c8957ee/revisions/31947529-9868-4bbe-a8e1-0dddbc64eb47
May 07, 2025 11:56:01 AM okhttp3.internal.platform.Platform log
INFO: X-Content-Type-Options: nosniff
May 07, 2025 11:56:01 AM okhttp3.internal.platform.Platform log
INFO: X-XSS-Protection: 1; mode=block
May 07, 2025 11:56:01 AM okhttp3.internal.platform.Platform log
INFO: Date: Wed, 07 May 2025 06:26:01 GMT
May 07, 2025 11:56:01 AM okhttp3.internal.platform.Platform log
INFO: Content-Type: application/json
May 07, 2025 11:56:01 AM okhttp3.internal.platform.Platform log
INFO: Content-Length: 208
May 07, 2025 11:56:01 AM okhttp3.internal.platform.Platform log
INFO: Keep-Alive: timeout=60
May 07, 2025 11:56:01 AM okhttp3.internal.platform.Platform log
INFO: Connection: keep-alive
May 07, 2025 11:56:01 AM okhttp3.internal.platform.Platform log
INFO: Server: WSO2 Carbon Server
May 07, 2025 11:56:01 AM okhttp3.internal.platform.Platform log
INFO: 
May 07, 2025 11:56:01 AM okhttp3.internal.platform.Platform log
INFO: {"displayName":"Revision 2","id":"31947529-9868-4bbe-a8e1-0dddbc64eb47","description":"Test Revision 1","createdTime":1746599161000,"apiInfo":{"id":"c0c115c1-add7-402b-a4fe-38c81c8957ee"},"deploymentInfo":[]}
May 07, 2025 11:56:01 AM okhttp3.internal.platform.Platform log
INFO: <-- END HTTP (208-byte body)
May 07, 2025 11:56:01 AM okhttp3.internal.platform.Platform log
INFO: --> POST https://localhost:32777/api/am/publisher/v4/apis/c0c115c1-add7-402b-a4fe-38c81c8957ee/deploy-revision?revisionId=31947529-9868-4bbe-a8e1-0dddbc64eb47
May 07, 2025 11:56:01 AM okhttp3.internal.platform.Platform log
INFO: Content-Length: 85
May 07, 2025 11:56:01 AM okhttp3.internal.platform.Platform log
INFO: Accept: application/json
May 07, 2025 11:56:01 AM okhttp3.internal.platform.Platform log
INFO: Content-Type: application/json
May 07, 2025 11:56:01 AM okhttp3.internal.platform.Platform log
INFO: Authorization: Bearer 8af55216-5482-3576-9a41-48a686a6c168
May 07, 2025 11:56:01 AM okhttp3.internal.platform.Platform log
INFO: activityID: 
May 07, 2025 11:56:01 AM okhttp3.internal.platform.Platform log
INFO: User-Agent: OpenAPI-Generator/v4/java
May 07, 2025 11:56:01 AM okhttp3.internal.platform.Platform log
INFO: 
May 07, 2025 11:56:01 AM okhttp3.internal.platform.Platform log
INFO: [{"name":"Default","status":"CREATED","vhost":"localhost","displayOnDevportal":true}]
May 07, 2025 11:56:01 AM okhttp3.internal.platform.Platform log
INFO: --> END POST (85-byte body)
May 07, 2025 11:56:02 AM okhttp3.internal.platform.Platform log
INFO: <-- 201 https://localhost:32777/api/am/publisher/v4/apis/c0c115c1-add7-402b-a4fe-38c81c8957ee/deploy-revision?revisionId=31947529-9868-4bbe-a8e1-0dddbc64eb47 (328ms)
May 07, 2025 11:56:02 AM okhttp3.internal.platform.Platform log
INFO: X-WSO2-TraceId: 6d1d3755-726f-48cc-aa7d-f34dbec596e4
May 07, 2025 11:56:02 AM okhttp3.internal.platform.Platform log
INFO: X-Content-Type-Options: nosniff
May 07, 2025 11:56:02 AM okhttp3.internal.platform.Platform log
INFO: X-XSS-Protection: 1; mode=block
May 07, 2025 11:56:02 AM okhttp3.internal.platform.Platform log
INFO: Date: Wed, 07 May 2025 06:26:02 GMT
May 07, 2025 11:56:02 AM okhttp3.internal.platform.Platform log
INFO: Content-Type: application/json
May 07, 2025 11:56:02 AM okhttp3.internal.platform.Platform log
INFO: Content-Length: 196
May 07, 2025 11:56:02 AM okhttp3.internal.platform.Platform log
INFO: Keep-Alive: timeout=60
May 07, 2025 11:56:02 AM okhttp3.internal.platform.Platform log
INFO: Connection: keep-alive
May 07, 2025 11:56:02 AM okhttp3.internal.platform.Platform log
INFO: Server: WSO2 Carbon Server
May 07, 2025 11:56:02 AM okhttp3.internal.platform.Platform log
INFO: 
May 07, 2025 11:56:02 AM okhttp3.internal.platform.Platform log
INFO: [{"revisionUuid":"31947529-9868-4bbe-a8e1-0dddbc64eb47","name":"Default","status":"APPROVED","vhost":"localhost","displayOnDevportal":true,"deployedTime":1746599162000,"successDeployedTime":null}]
May 07, 2025 11:56:02 AM okhttp3.internal.platform.Platform log
INFO: <-- END HTTP (196-byte body)
May 07, 2025 11:56:02 AM okhttp3.internal.platform.Platform log
INFO: --> GET https://localhost:32777/api/am/publisher/v4/apis/31947529-9868-4bbe-a8e1-0dddbc64eb47
May 07, 2025 11:56:02 AM okhttp3.internal.platform.Platform log
INFO: X-WSO2-Tenant: carbon.super
May 07, 2025 11:56:02 AM okhttp3.internal.platform.Platform log
INFO: Accept: application/json
May 07, 2025 11:56:02 AM okhttp3.internal.platform.Platform log
INFO: Content-Type: application/json
May 07, 2025 11:56:02 AM okhttp3.internal.platform.Platform log
INFO: Authorization: Bearer 8af55216-5482-3576-9a41-48a686a6c168
May 07, 2025 11:56:02 AM okhttp3.internal.platform.Platform log
INFO: activityID: 
May 07, 2025 11:56:02 AM okhttp3.internal.platform.Platform log
INFO: User-Agent: OpenAPI-Generator/v4/java
May 07, 2025 11:56:02 AM okhttp3.internal.platform.Platform log
INFO: --> END GET
May 07, 2025 11:56:02 AM okhttp3.internal.platform.Platform log
INFO: <-- 200 https://localhost:32777/api/am/publisher/v4/apis/31947529-9868-4bbe-a8e1-0dddbc64eb47 (97ms)
May 07, 2025 11:56:02 AM okhttp3.internal.platform.Platform log
INFO: X-WSO2-TraceId: 36ee537b-d41e-443d-b619-a2ecf7973737
May 07, 2025 11:56:02 AM okhttp3.internal.platform.Platform log
INFO: X-Content-Type-Options: nosniff
May 07, 2025 11:56:02 AM okhttp3.internal.platform.Platform log
INFO: X-XSS-Protection: 1; mode=block
May 07, 2025 11:56:02 AM okhttp3.internal.platform.Platform log
INFO: Date: Wed, 07 May 2025 06:26:02 GMT
May 07, 2025 11:56:02 AM okhttp3.internal.platform.Platform log
INFO: Vary: Accept-Encoding
May 07, 2025 11:56:02 AM okhttp3.internal.platform.Platform log
INFO: Content-Type: application/json
May 07, 2025 11:56:02 AM okhttp3.internal.platform.Platform log
INFO: Transfer-Encoding: chunked
May 07, 2025 11:56:02 AM okhttp3.internal.platform.Platform log
INFO: Keep-Alive: timeout=60
May 07, 2025 11:56:02 AM okhttp3.internal.platform.Platform log
INFO: Connection: keep-alive
May 07, 2025 11:56:02 AM okhttp3.internal.platform.Platform log
INFO: Server: WSO2 Carbon Server
May 07, 2025 11:56:02 AM okhttp3.internal.platform.Platform log
INFO: 
May 07, 2025 11:56:02 AM okhttp3.internal.platform.Platform log
INFO: {"id":"31947529-9868-4bbe-a8e1-0dddbc64eb47","name":"CustomAuthHeaderTestAPI1","description":"JAX-RS CustomerService API created for integration testing.","context":"/customAuthHeaderTest1","version":"1.0.0","provider":"admin","lifeCycleStatus":"PUBLISHED","wsdlInfo":null,"wsdlUrl":null,"responseCachingEnabled":false,"cacheTimeout":100,"hasThumbnail":false,"isDefaultVersion":true,"isRevision":true,"revisionedApiId":"c0c115c1-add7-402b-a4fe-38c81c8957ee","revisionId":2,"enableSchemaValidation":false,"enableSubscriberVerification":false,"type":"HTTP","audience":null,"audiences":["all"],"transport":["http","https"],"tags":["service","customer","order"],"policies":["Bronze","Gold"],"organizationPolicies":[],"apiThrottlingPolicy":null,"authorizationHeader":"Test-Custom-Header","apiKeyHeader":"Custom-ApiKey-Header","securityScheme":["api_key","oauth_basic_auth_api_key_mandatory","oauth2"],"maxTps":null,"visibility":"PUBLIC","visibleRoles":[],"visibleTenants":[],"visibleOrganizations":["none"],"mediationPolicies":[],"apiPolicies":null,"subscriptionAvailability":"CURRENT_TENANT","subscriptionAvailableTenants":[],"additionalProperties":[],"additionalPropertiesMap":{},"monetization":null,"accessControl":"NONE","accessControlRoles":[],"businessInformation":{"businessOwner":null,"businessOwnerEmail":null,"technicalOwner":null,"technicalOwnerEmail":null},"corsConfiguration":{"corsConfigurationEnabled":false,"accessControlAllowOrigins":[],"accessControlAllowCredentials":false,"accessControlAllowHeaders":[],"accessControlAllowMethods":[]},"websubSubscriptionConfiguration":{"enable":false,"secret":"","signingAlgorithm":"SHA1","signatureHeader":"x-hub-signature"},"workflowStatus":null,"createdTime":"1746599161396","lastUpdatedTimestamp":"1746599161396","lastUpdatedTime":"2025-05-07 06:26:01.396","endpointConfig":{"endpoint_type":"http","sandbox_endpoints":{"template_not_supported":false,"url":"http://nodebackend:8080/jaxrs_basic/services/customers/customerservice/"},"production_endpoints":{"template_not_supported":false,"url":"http://nodebackend:8080/jaxrs_basic/services/customers/customerservice/"}},"primaryProductionEndpointId":null,"primarySandboxEndpointId":null,"endpointImplementationType":"ENDPOINT","subtypeConfiguration":{"subtype":"DEFAULT","configuration":null},"scopes":[],"operations":[{"id":"","target":"/customers/123","verb":"GET","authType":"Application & Application User","throttlingPolicy":"Unlimited","scopes":[],"usedProductIds":[],"amznResourceName":null,"amznResourceTimeout":null,"amznResourceContentEncode":null,"payloadSchema":null,"uriMapping":null,"operationPolicies":{"request":[],"response":[],"fault":[]}}],"threatProtectionPolicies":null,"categories":[],"keyManagers":["all"],"serviceInfo":null,"advertiseInfo":{"advertised":false,"apiExternalProductionEndpoint":null,"apiExternalSandboxEndpoint":null,"originalDevPortalUrl":null,"apiOwner":"admin","vendor":"WSO2"},"gatewayVendor":"wso2","gatewayType":"wso2/synapse","asyncTransportProtocols":[],"egress":false}
May 07, 2025 11:56:02 AM okhttp3.internal.platform.Platform log
INFO: <-- END HTTP (3016-byte body)
May 07, 2025 11:56:02 AM org.wso2.am.integration.test.impl.RestAPIPublisherImpl waitForDeployAPI
INFO: AAAAAAAAAA********************************************AAAAAAAAAA
May 07, 2025 11:56:02 AM org.wso2.am.integration.test.impl.RestAPIPublisherImpl waitForDeployAPI
INFO: context: /customAuthHeaderTest1 version: 1.0.0
May 07, 2025 11:56:12 AM okhttp3.internal.platform.Platform log
INFO: --> POST https://localhost:32777/api/am/devportal/v3/applications/b4854980-0680-4fb4-9792-b8a30fe6280f/api-keys/PRODUCTION/generate
May 07, 2025 11:56:12 AM okhttp3.internal.platform.Platform log
INFO: Content-Length: 47
May 07, 2025 11:56:12 AM okhttp3.internal.platform.Platform log
INFO: Accept: application/json
May 07, 2025 11:56:12 AM okhttp3.internal.platform.Platform log
INFO: Content-Type: application/json
May 07, 2025 11:56:12 AM okhttp3.internal.platform.Platform log
INFO: Authorization: Bearer fb374922-9b7f-31cb-b4bf-7a9d6b5e55b0
May 07, 2025 11:56:12 AM okhttp3.internal.platform.Platform log
INFO: activityID: 
May 07, 2025 11:56:12 AM okhttp3.internal.platform.Platform log
INFO: User-Agent: OpenAPI-Generator/v3/java
May 07, 2025 11:56:12 AM okhttp3.internal.platform.Platform log
INFO: 
May 07, 2025 11:56:12 AM okhttp3.internal.platform.Platform log
INFO: {"validityPeriod":-1,"additionalProperties":{}}
May 07, 2025 11:56:12 AM okhttp3.internal.platform.Platform log
INFO: --> END POST (47-byte body)
May 07, 2025 11:56:12 AM okhttp3.internal.platform.Platform log
INFO: <-- 200 https://localhost:32777/api/am/devportal/v3/applications/b4854980-0680-4fb4-9792-b8a30fe6280f/api-keys/PRODUCTION/generate (148ms)
May 07, 2025 11:56:12 AM okhttp3.internal.platform.Platform log
INFO: X-WSO2-TraceId: 9fdfceb9-0eb5-4444-9d83-30fc70ad8d29
May 07, 2025 11:56:12 AM okhttp3.internal.platform.Platform log
INFO: X-Content-Type-Options: nosniff
May 07, 2025 11:56:12 AM okhttp3.internal.platform.Platform log
INFO: X-XSS-Protection: 1; mode=block
May 07, 2025 11:56:12 AM okhttp3.internal.platform.Platform log
INFO: Date: Wed, 07 May 2025 06:26:12 GMT
May 07, 2025 11:56:12 AM okhttp3.internal.platform.Platform log
INFO: Content-Type: application/json
May 07, 2025 11:56:12 AM okhttp3.internal.platform.Platform log
INFO: Content-Length: 933
May 07, 2025 11:56:12 AM okhttp3.internal.platform.Platform log
INFO: Keep-Alive: timeout=60
May 07, 2025 11:56:12 AM okhttp3.internal.platform.Platform log
INFO: Connection: keep-alive
May 07, 2025 11:56:12 AM okhttp3.internal.platform.Platform log
INFO: Server: WSO2 Carbon Server
May 07, 2025 11:56:12 AM okhttp3.internal.platform.Platform log
INFO: 
May 07, 2025 11:56:12 AM okhttp3.internal.platform.Platform log
INFO: {"apikey":"eyJ4NXQjUzI1NiI6Ik1XVXhZbU5rWldJd1lUUTJORGN5TVRVd1l6VTFOVFF5WVRsall6QXlaak01TkRneFpUVmtaREZsTm1WaE5Ea3pZemd5WWpBeU0yTmlaVEF6WWpRMFl3PT0iLCJraWQiOiJnYXRld2F5X2NlcnRpZmljYXRlX2FsaWFzIiwidHlwIjoiSldUIiwiYWxnIjoiUlMyNTYifQ==.eyJzdWIiOiJhZG1pbkBjYXJib24uc3VwZXIiLCJhcHBsaWNhdGlvbiI6eyJpZCI6MiwidXVpZCI6ImI0ODU0OTgwLTA2ODAtNGZiNC05NzkyLWI4YTMwZmU2MjgwZiJ9LCJpc3MiOiJodHRwczpcL1wvbG9jYWxob3N0Ojk0NDNcL29hdXRoMlwvdG9rZW4iLCJrZXl0eXBlIjoiUFJPRFVDVElPTiIsInRva2VuX3R5cGUiOiJhcGlLZXkiLCJpYXQiOjE3NDY1OTkxNzIsImp0aSI6IjFmYmFmM2VmLTc2NzYtNDdhYi1hNzAzLWJjMjZkYjAxNzk5MyJ9.OEirRnyyy6DvjBwyQt16P4oHZlhERyCPhre2M5WYQrRIlucXoDcCAGi8_nMz8mQtrYdBPeUDkI_HC5cKKogR5PWzANPrRkLtdW7C3doe6Wlx2gZxLNZ8WsxLrK0vQxm8O3YBsbO29F8-1lc3nannWrbWmhJ8--7PQwQU-exikotAmqEW_t_9rgXCECdvRI69LM1S9qIeMGDcXbpRKAXD4fWMvvW_QGCchO5fWUN1FmFD9JWgvvGSuAXD6Xbtqh_LuXlE6ls0PokV93tmAILf1RcAvjggQrRrAyxX11dhi3pL_Wtsij8QDaKzvhpmTLpFs_3W0CVbSUtM5ckooNrqMw==","validityTime":-1}
May 07, 2025 11:56:12 AM okhttp3.internal.platform.Platform log
INFO: <-- END HTTP (933-byte body)
May 07, 2025 11:56:12 AM okhttp3.internal.platform.Platform log
INFO: --> GET https://localhost:32777/api/am/devportal/v3/apis/c0c115c1-add7-402b-a4fe-38c81c8957ee
May 07, 2025 11:56:12 AM okhttp3.internal.platform.Platform log
INFO: Accept: application/json
May 07, 2025 11:56:12 AM okhttp3.internal.platform.Platform log
INFO: Content-Type: application/json
May 07, 2025 11:56:12 AM okhttp3.internal.platform.Platform log
INFO: Authorization: Bearer fb374922-9b7f-31cb-b4bf-7a9d6b5e55b0
May 07, 2025 11:56:12 AM okhttp3.internal.platform.Platform log
INFO: activityID: 
May 07, 2025 11:56:12 AM okhttp3.internal.platform.Platform log
INFO: User-Agent: OpenAPI-Generator/v3/java
May 07, 2025 11:56:12 AM okhttp3.internal.platform.Platform log
INFO: --> END GET
May 07, 2025 11:56:12 AM okhttp3.internal.platform.Platform log
INFO: <-- 200 https://localhost:32777/api/am/devportal/v3/apis/c0c115c1-add7-402b-a4fe-38c81c8957ee (156ms)
May 07, 2025 11:56:12 AM okhttp3.internal.platform.Platform log
INFO: X-WSO2-TraceId: 482c89a0-a8a3-4cbd-b6a4-591c40009fbc
May 07, 2025 11:56:12 AM okhttp3.internal.platform.Platform log
INFO: X-Content-Type-Options: nosniff
May 07, 2025 11:56:12 AM okhttp3.internal.platform.Platform log
INFO: X-XSS-Protection: 1; mode=block
May 07, 2025 11:56:12 AM okhttp3.internal.platform.Platform log
INFO: Date: Wed, 07 May 2025 06:26:12 GMT
May 07, 2025 11:56:12 AM okhttp3.internal.platform.Platform log
INFO: Vary: Accept-Encoding
May 07, 2025 11:56:12 AM okhttp3.internal.platform.Platform log
INFO: Content-Type: application/json
May 07, 2025 11:56:12 AM okhttp3.internal.platform.Platform log
INFO: Transfer-Encoding: chunked
May 07, 2025 11:56:12 AM okhttp3.internal.platform.Platform log
INFO: Keep-Alive: timeout=60
May 07, 2025 11:56:12 AM okhttp3.internal.platform.Platform log
INFO: Connection: keep-alive
May 07, 2025 11:56:12 AM okhttp3.internal.platform.Platform log
INFO: Server: WSO2 Carbon Server
May 07, 2025 11:56:12 AM okhttp3.internal.platform.Platform log
INFO: 
May 07, 2025 11:56:12 AM okhttp3.internal.platform.Platform log
INFO: {"id":"c0c115c1-add7-402b-a4fe-38c81c8957ee","name":"CustomAuthHeaderTestAPI1","description":"JAX-RS CustomerService API created for integration testing.","context":"/customAuthHeaderTest1/1.0.0","version":"1.0.0","provider":"admin","apiDefinition":"{\n  \"openapi\" : \"3.0.1\",\n  \"info\" : {\n    \"title\" : \"CustomAuthHeaderTestAPI1\",\n    \"description\" : \"JAX-RS CustomerService API created for integration testing.\",\n    \"version\" : \"1.0.0\"\n  },\n  \"servers\" : [ {\n    \"url\" : \"/\"\n  } ],\n  \"security\" : [ {\n    \"default\" : [ ]\n  } ],\n  \"paths\" : {\n    \"/customers/123\" : {\n      \"get\" : {\n        \"responses\" : {\n          \"200\" : {\n            \"description\" : \"OK\"\n          }\n        },\n        \"security\" : [ {\n          \"default\" : [ ]\n        } ],\n        \"x-auth-type\" : \"Application & Application User\",\n        \"x-throttling-tier\" : \"Unlimited\"\n      }\n    }\n  },\n  \"components\" : {\n    \"securitySchemes\" : {\n      \"default\" : {\n        \"type\" : \"oauth2\",\n        \"flows\" : {\n          \"implicit\" : {\n            \"authorizationUrl\" : \"https://test.com\",\n            \"scopes\" : { }\n          }\n        }\n      }\n    }\n  }\n}","wsdlUri":null,"lifeCycleStatus":"PUBLISHED","isDefaultVersion":true,"type":"HTTP","transport":["http","https"],"operations":[],"authorizationHeader":"Test-Custom-Header","apiKeyHeader":"Custom-ApiKey-Header","securityScheme":["api_key","oauth_basic_auth_api_key_mandatory","oauth2"],"tags":["service","customer","order"],"tiers":[{"tierName":"Bronze","tierPlan":"FREE","monetizationAttributes":null},{"tierName":"Gold","tierPlan":"FREE","monetizationAttributes":null}],"hasThumbnail":false,"additionalProperties":[],"monetization":{"enabled":false},"endpointURLs":[{"environmentName":"Default","environmentDisplayName":"Default","environmentType":"hybrid","URLs":{"http":"http://localhost:8280/customAuthHeaderTest1/1.0.0","https":"https://localhost:8243/customAuthHeaderTest1/1.0.0","ws":null,"wss":null},"defaultVersionURLs":{"http":"http://localhost:8280/customAuthHeaderTest1","https":"https://localhost:8243/customAuthHeaderTest1","ws":null,"wss":null}}],"businessInformation":{"businessOwner":null,"businessOwnerEmail":null,"technicalOwner":null,"technicalOwnerEmail":null},"environmentList":["Default"],"scopes":[],"avgRating":"0.0","subscriptions":1,"advertiseInfo":{"advertised":false,"apiExternalProductionEndpoint":null,"apiExternalSandboxEndpoint":null,"originalDevPortalUrl":null,"apiOwner":"admin","vendor":"WSO2"},"isSubscriptionAvailable":true,"categories":[],"keyManagers":["all"],"createdTime":"2025-05-07 06:25:25.044","lastUpdatedTime":null,"gatewayVendor":"wso2","asyncTransportProtocols":[],"egress":false,"subtype":"DEFAULT"}
May 07, 2025 11:56:12 AM okhttp3.internal.platform.Platform log
INFO: <-- END HTTP (2792-byte body)
May 07, 2025 11:56:12 AM okhttp3.internal.platform.Platform log
INFO: --> GET https://localhost:32777/api/am/devportal/v3/apis/c0c115c1-add7-402b-a4fe-38c81c8957ee
May 07, 2025 11:56:12 AM okhttp3.internal.platform.Platform log
INFO: Accept: application/json
May 07, 2025 11:56:12 AM okhttp3.internal.platform.Platform log
INFO: Content-Type: application/json
May 07, 2025 11:56:12 AM okhttp3.internal.platform.Platform log
INFO: Authorization: Bearer fb374922-9b7f-31cb-b4bf-7a9d6b5e55b0
May 07, 2025 11:56:12 AM okhttp3.internal.platform.Platform log
INFO: activityID: 
May 07, 2025 11:56:12 AM okhttp3.internal.platform.Platform log
INFO: User-Agent: OpenAPI-Generator/v3/java
May 07, 2025 11:56:12 AM okhttp3.internal.platform.Platform log
INFO: --> END GET
May 07, 2025 11:56:13 AM okhttp3.internal.platform.Platform log
INFO: <-- 200 https://localhost:32777/api/am/devportal/v3/apis/c0c115c1-add7-402b-a4fe-38c81c8957ee (103ms)
May 07, 2025 11:56:13 AM okhttp3.internal.platform.Platform log
INFO: X-WSO2-TraceId: 92a2a8f6-69b7-4647-8d6a-fe857b0f46d4
May 07, 2025 11:56:13 AM okhttp3.internal.platform.Platform log
INFO: X-Content-Type-Options: nosniff
May 07, 2025 11:56:13 AM okhttp3.internal.platform.Platform log
INFO: X-XSS-Protection: 1; mode=block
May 07, 2025 11:56:13 AM okhttp3.internal.platform.Platform log
INFO: Date: Wed, 07 May 2025 06:26:13 GMT
May 07, 2025 11:56:13 AM okhttp3.internal.platform.Platform log
INFO: Vary: Accept-Encoding
May 07, 2025 11:56:13 AM okhttp3.internal.platform.Platform log
INFO: Content-Type: application/json
May 07, 2025 11:56:13 AM okhttp3.internal.platform.Platform log
INFO: Transfer-Encoding: chunked
May 07, 2025 11:56:13 AM okhttp3.internal.platform.Platform log
INFO: Keep-Alive: timeout=60
May 07, 2025 11:56:13 AM okhttp3.internal.platform.Platform log
INFO: Connection: keep-alive
May 07, 2025 11:56:13 AM okhttp3.internal.platform.Platform log
INFO: Server: WSO2 Carbon Server
May 07, 2025 11:56:13 AM okhttp3.internal.platform.Platform log
INFO: 
May 07, 2025 11:56:13 AM okhttp3.internal.platform.Platform log
INFO: {"id":"c0c115c1-add7-402b-a4fe-38c81c8957ee","name":"CustomAuthHeaderTestAPI1","description":"JAX-RS CustomerService API created for integration testing.","context":"/customAuthHeaderTest1/1.0.0","version":"1.0.0","provider":"admin","apiDefinition":"{\n  \"openapi\" : \"3.0.1\",\n  \"info\" : {\n    \"title\" : \"CustomAuthHeaderTestAPI1\",\n    \"description\" : \"JAX-RS CustomerService API created for integration testing.\",\n    \"version\" : \"1.0.0\"\n  },\n  \"servers\" : [ {\n    \"url\" : \"/\"\n  } ],\n  \"security\" : [ {\n    \"default\" : [ ]\n  } ],\n  \"paths\" : {\n    \"/customers/123\" : {\n      \"get\" : {\n        \"responses\" : {\n          \"200\" : {\n            \"description\" : \"OK\"\n          }\n        },\n        \"security\" : [ {\n          \"default\" : [ ]\n        } ],\n        \"x-auth-type\" : \"Application & Application User\",\n        \"x-throttling-tier\" : \"Unlimited\"\n      }\n    }\n  },\n  \"components\" : {\n    \"securitySchemes\" : {\n      \"default\" : {\n        \"type\" : \"oauth2\",\n        \"flows\" : {\n          \"implicit\" : {\n            \"authorizationUrl\" : \"https://test.com\",\n            \"scopes\" : { }\n          }\n        }\n      }\n    }\n  }\n}","wsdlUri":null,"lifeCycleStatus":"PUBLISHED","isDefaultVersion":true,"type":"HTTP","transport":["http","https"],"operations":[],"authorizationHeader":"Test-Custom-Header","apiKeyHeader":"Custom-ApiKey-Header","securityScheme":["api_key","oauth_basic_auth_api_key_mandatory","oauth2"],"tags":["service","customer","order"],"tiers":[{"tierName":"Bronze","tierPlan":"FREE","monetizationAttributes":null},{"tierName":"Gold","tierPlan":"FREE","monetizationAttributes":null}],"hasThumbnail":false,"additionalProperties":[],"monetization":{"enabled":false},"endpointURLs":[{"environmentName":"Default","environmentDisplayName":"Default","environmentType":"hybrid","URLs":{"http":"http://localhost:8280/customAuthHeaderTest1/1.0.0","https":"https://localhost:8243/customAuthHeaderTest1/1.0.0","ws":null,"wss":null},"defaultVersionURLs":{"http":"http://localhost:8280/customAuthHeaderTest1","https":"https://localhost:8243/customAuthHeaderTest1","ws":null,"wss":null}}],"businessInformation":{"businessOwner":null,"businessOwnerEmail":null,"technicalOwner":null,"technicalOwnerEmail":null},"environmentList":["Default"],"scopes":[],"avgRating":"0.0","subscriptions":1,"advertiseInfo":{"advertised":false,"apiExternalProductionEndpoint":null,"apiExternalSandboxEndpoint":null,"originalDevPortalUrl":null,"apiOwner":"admin","vendor":"WSO2"},"isSubscriptionAvailable":true,"categories":[],"keyManagers":["all"],"createdTime":"2025-05-07 06:25:25.044","lastUpdatedTime":null,"gatewayVendor":"wso2","asyncTransportProtocols":[],"egress":false,"subtype":"DEFAULT"}
May 07, 2025 11:56:13 AM okhttp3.internal.platform.Platform log
INFO: <-- END HTTP (2792-byte body)
]]></system-err>
  </testcase>
  <testcase name="runScenario[&quot;End-to-End API Lifecycle from Creation to Invocation&quot;, &quot;Optional[Complete API Lifecycle Management]&quot;](1)" classname="org.wso2.am.integration.cucumbertests.runners.testrunner" time="510.301">
    <system-out><![CDATA[
Scenario: End-to-End API Lifecycle from Creation to Invocation                                                                             &amp#27;[90m# src/test/resources/features/api_lifecycle_test.feature:9&amp#27;[0m
  &amp#27;[32mGiven &amp#27;[0m&amp#27;[32mI have initialized the NodeApp server container&amp#27;[0m                                                                                    &amp#27;[90m# org.wso2.am.integration.cucumbertests.stepdefinitions.ContainorIntitialisationStepDefinitions.initializeNodeAppServerContainer()&amp#27;[0m
11:56:15.626 [main] INFO  o.w.a.t.DefaultAPIMContainer - Initializing DefaultAPIMContainer...
11:56:15.626 [main] INFO  tc.openjdk:11-jre-slim - Creating container for image: openjdk:11-jre-slim
11:57:08.447 [main] INFO  tc.openjdk:11-jre-slim - Container openjdk:11-jre-slim is starting: d1f15af4ef5adc6573e882e1f2fe5320b4326f148a9129f09b76d7d1af690a70
11:57:09.836 [docker-java-stream--1209706978] INFO  o.w.a.t.DefaultAPIMContainer - STDOUT: JAVA_HOME environment variable is set to /usr/local/openjdk-11
11:57:09.838 [docker-java-stream--1209706978] INFO  o.w.a.t.DefaultAPIMContainer - STDOUT: CARBON_HOME environment variable is set to /opt
11:57:10.072 [docker-java-stream--1209706978] INFO  o.w.a.t.DefaultAPIMContainer - STDOUT: Using Java memory options: -Xms256m -Xmx1024m
11:57:18.031 [docker-java-stream--1209706978] INFO  o.w.a.t.DefaultAPIMContainer - STDOUT: [2025-05-07 06:27:17,975]  INFO {org.wso2.config.mapper.ConfigParser} - Initializing configurations with deployment configurations
11:58:16.326 [docker-java-stream--1209706978] INFO  o.w.a.t.DefaultAPIMContainer - STDOUT: [2025-05-07 06:28:16,293]  INFO - CarbonCoreActivator Starting WSO2 Carbon...
11:58:16.343 [docker-java-stream--1209706978] INFO  o.w.a.t.DefaultAPIMContainer - STDOUT: [2025-05-07 06:28:16,304]  INFO - CarbonCoreActivator Operating System : Linux 6.6.71-0-virt, amd64
11:58:16.344 [docker-java-stream--1209706978] INFO  o.w.a.t.DefaultAPIMContainer - STDOUT: [2025-05-07 06:28:16,304]  INFO - CarbonCoreActivator Java Home        : /usr/local/openjdk-11
11:58:16.346 [docker-java-stream--1209706978] INFO  o.w.a.t.DefaultAPIMContainer - STDOUT: [2025-05-07 06:28:16,304]  INFO - CarbonCoreActivator Java Version     : 11.0.16
11:58:16.347 [docker-java-stream--1209706978] INFO  o.w.a.t.DefaultAPIMContainer - STDOUT: [2025-05-07 06:28:16,304]  INFO - CarbonCoreActivator Java VM          : OpenJDK 64-Bit Server VM 11.0.16+8,Oracle Corporation
11:58:16.348 [docker-java-stream--1209706978] INFO  o.w.a.t.DefaultAPIMContainer - STDOUT: [2025-05-07 06:28:16,305]  INFO - CarbonCoreActivator Carbon Home      : /opt
11:58:16.349 [docker-java-stream--1209706978] INFO  o.w.a.t.DefaultAPIMContainer - STDOUT: [2025-05-07 06:28:16,305]  INFO - CarbonCoreActivator Java Temp Dir    : /opt/tmp
11:58:16.360 [docker-java-stream--1209706978] INFO  o.w.a.t.DefaultAPIMContainer - STDOUT: [2025-05-07 06:28:16,305]  INFO - CarbonCoreActivator User             : root, en-null, Etc/UTC
11:58:18.265 [docker-java-stream--1209706978] INFO  o.w.a.t.DefaultAPIMContainer - STDOUT: [2025-05-07 06:28:18,239]  INFO - DefaultCryptoProviderComponent 'CryptoService.Secret' property has not been set. 'org.wso2.carbon.crypto.provider.SymmetricKeyInternalCryptoProvider' won't be registered as an internal crypto provider. Please set the secret if the provider needs to be registered.
11:58:20.397 [docker-java-stream--1209706978] INFO  o.w.a.t.DefaultAPIMContainer - STDOUT: [2025-05-07 06:28:20,372]  INFO - KafkaEventAdapterServiceDS Successfully deployed the Kafka output event adaptor service
11:58:30.947 [docker-java-stream--1209706978] INFO  o.w.a.t.DefaultAPIMContainer - STDOUT: [2025-05-07 06:28:30,897]  INFO - ServiceComponent Eventing Hub ServiceComponent is activated
11:58:35.937 [docker-java-stream--1209706978] INFO  o.w.a.t.DefaultAPIMContainer - STDOUT: [2025-05-07 06:28:35,910]  WARN - Digester Match [Server/Service/Engine/Host/Valve] failed to set property [maxDays] to []
11:58:42.682 [docker-java-stream--1209706978] INFO  o.w.a.t.DefaultAPIMContainer - STDOUT: [2025-05-07 06:28:42,633]  INFO - ConsentManagerComponent ConsentManagerComponent is activated.
11:58:43.926 [docker-java-stream--1209706978] INFO  o.w.a.t.DefaultAPIMContainer - STDOUT: [2025-05-07 06:28:43,895]  INFO - BinaryDataReceiverServiceComponent Binary Data Receiver server activated
11:58:44.064 [docker-java-stream--1209706978] INFO  o.w.a.t.DefaultAPIMContainer - STDOUT: [2025-05-07 06:28:44,032]  INFO - DataBridgeDS Successfully deployed Agent Server 
11:58:48.225 [docker-java-stream--1209706978] INFO  o.w.a.t.DefaultAPIMContainer - STDOUT: [2025-05-07 06:28:48,198]  INFO - EmbeddedRegistryService Configured Registry in 1434ms
11:58:48.983 [docker-java-stream--1209706978] INFO  o.w.a.t.DefaultAPIMContainer - STDOUT: [2025-05-07 06:28:48,956]  INFO - EmbeddedRegistryService Connected to mount at configregistry in 121ms
11:58:48.990 [docker-java-stream--1209706978] INFO  o.w.a.t.DefaultAPIMContainer - STDOUT: [2025-05-07 06:28:48,963]  INFO - EmbeddedRegistryService Connected to mount at govregistry in 128ms
11:58:49.772 [docker-java-stream--1209706978] INFO  o.w.a.t.DefaultAPIMContainer - STDOUT: [2025-05-07 06:28:49,746]  INFO - EmbeddedRegistryService Connected to mount at configregistry in 2ms
11:58:49.775 [docker-java-stream--1209706978] INFO  o.w.a.t.DefaultAPIMContainer - STDOUT: [2025-05-07 06:28:49,746]  INFO - EmbeddedRegistryService Connected to mount at govregistry in 2ms
11:58:51.572 [docker-java-stream--1209706978] INFO  o.w.a.t.DefaultAPIMContainer - STDOUT: [2025-05-07 06:28:51,545]  INFO - RegistryCoreServiceComponent Registry Mode    : READ-WRITE
11:58:52.733 [docker-java-stream--1209706978] INFO  o.w.a.t.DefaultAPIMContainer - STDOUT: [2025-05-07 06:28:52,706]  INFO - JmxReporterBuilder Creating JMX reporter for Metrics with domain 'org.wso2.carbon.metrics'
11:58:52.776 [docker-java-stream--1209706978] INFO  o.w.a.t.DefaultAPIMContainer - STDOUT: [2025-05-07 06:28:52,750]  INFO - AbstractReporter Started JMX reporter for Metrics
11:59:09.849 [docker-java-stream--1209706978] INFO  o.w.a.t.DefaultAPIMContainer - STDOUT: [2025-05-07 06:29:09,822]  INFO - SolrClient Default Embedded Solr Server Initialized
11:59:11.372 [docker-java-stream--1209706978] INFO  o.w.a.t.DefaultAPIMContainer - STDOUT: [2025-05-07 06:29:11,325]  INFO - UserStoreMgtDSComponent Carbon UserStoreMgtDSComponent activated successfully.
11:59:20.962 [docker-java-stream--1209706978] INFO  o.w.a.t.DefaultAPIMContainer - STDOUT: [2025-05-07 06:29:20,935]  INFO - UserStoreConfigurationDeployer User Store Configuration Deployer initiated.
11:59:20.969 [docker-java-stream--1209706978] INFO  o.w.a.t.DefaultAPIMContainer - STDOUT: [2025-05-07 06:29:20,937]  INFO - UserStoreConfigurationDeployer User Store Configuration Deployer initiated.
11:59:21.592 [docker-java-stream--1209706978] INFO  o.w.a.t.DefaultAPIMContainer - STDOUT: [2025-05-07 06:29:21,564]  INFO - WebsocketTransportSender WSS Sender started
11:59:21.615 [docker-java-stream--1209706978] INFO  o.w.a.t.DefaultAPIMContainer - STDOUT: [2025-05-07 06:29:21,583]  INFO - PassThroughHttpSender Initializing Pass-through HTTP/S Sender...
11:59:21.915 [docker-java-stream--1209706978] INFO  o.w.a.t.DefaultAPIMContainer - STDOUT: [2025-05-07 06:29:21,888]  INFO - PassThroughHttpSender Pass-through HTTP Sender started...
11:59:21.917 [docker-java-stream--1209706978] INFO  o.w.a.t.DefaultAPIMContainer - STDOUT: [2025-05-07 06:29:21,888]  INFO - PassThroughHttpSSLSender Initializing Pass-through HTTP/S Sender...
11:59:22.261 [docker-java-stream--1209706978] INFO  o.w.a.t.DefaultAPIMContainer - STDOUT: [2025-05-07 06:29:22,232]  INFO - ClientConnFactoryBuilder customSSLProfiles configuration is loaded from path: /opt/repository/resources/security/sslprofiles.xml
11:59:22.264 [docker-java-stream--1209706978] INFO  o.w.a.t.DefaultAPIMContainer - STDOUT: [2025-05-07 06:29:22,234]  INFO - ClientConnFactoryBuilder HTTPS Loading custom SSL profiles for the HTTPS sender
11:59:22.458 [docker-java-stream--1209706978] INFO  o.w.a.t.DefaultAPIMContainer - STDOUT: [2025-05-07 06:29:22,425]  INFO - ClientConnFactoryBuilder HTTPS Custom SSL profiles initialized for 1 servers
11:59:22.469 [docker-java-stream--1209706978] INFO  o.w.a.t.DefaultAPIMContainer - STDOUT: [2025-05-07 06:29:22,440]  INFO - PassThroughHttpSSLSender Pass-through HTTPS Sender started...
11:59:22.489 [docker-java-stream--1209706978] INFO  o.w.a.t.DefaultAPIMContainer - STDOUT: [2025-05-07 06:29:22,460]  INFO - WebsocketTransportSender WS Sender started
11:59:22.580 [docker-java-stream--1209706978] INFO  o.w.a.t.DefaultAPIMContainer - STDOUT: [2025-05-07 06:29:22,547]  INFO - PassThroughHttpListener Initializing Pass-through HTTP/S Listener...
11:59:22.727 [docker-java-stream--1209706978] INFO  o.w.a.t.DefaultAPIMContainer - STDOUT: [2025-05-07 06:29:22,699]  INFO - PassThroughHttpMultiSSLListener Initializing Pass-through HTTP/S Listener...
11:59:22.998 [docker-java-stream--1209706978] INFO  o.w.a.t.DefaultAPIMContainer - STDOUT: [2025-05-07 06:29:22,970]  INFO - ServerConnFactoryBuilder SSLProfile configuration is loaded from path: /opt/repository/resources/security/listenerprofiles.xml
11:59:24.161 [docker-java-stream--1209706978] INFO  o.w.a.t.DefaultAPIMContainer - STDOUT: [2025-05-07 06:29:24,134]  INFO - DeploymentInterceptor Deploying Axis2 service: AdminAdvisoryManagementService {super-tenant}
11:59:28.396 [docker-java-stream--1209706978] INFO  o.w.a.t.DefaultAPIMContainer - STDOUT: [2025-05-07 06:29:28,368]  INFO - DeploymentInterceptor Deploying Axis2 service: I18nEmailMgtConfigService {super-tenant}
11:59:36.135 [docker-java-stream--1209706978] INFO  o.w.a.t.DefaultAPIMContainer - STDOUT: [2025-05-07 06:29:36,107]  INFO - DeploymentInterceptor Deploying Axis2 service: AccountCredentialMgtConfigService {super-tenant}
11:59:36.148 [docker-java-stream--1209706978] INFO  o.w.a.t.DefaultAPIMContainer - STDOUT: [2025-05-07 06:29:36,118]  INFO - DeploymentInterceptor Deploying Axis2 service: UserIdentityManagementAdminService {super-tenant}
11:59:36.160 [docker-java-stream--1209706978] INFO  o.w.a.t.DefaultAPIMContainer - STDOUT: [2025-05-07 06:29:36,120]  INFO - DeploymentInterceptor Deploying Axis2 service: UserInformationRecoveryService {super-tenant}
11:59:39.141 [docker-java-stream--1209706978] INFO  o.w.a.t.DefaultAPIMContainer - STDOUT: [2025-05-07 06:29:39,114]  WARN - DefaultSchemaGenerator We don't support method overloading. Ignoring [addRemoteServerConfig]
11:59:39.144 [docker-java-stream--1209706978] INFO  o.w.a.t.DefaultAPIMContainer - STDOUT: [2025-05-07 06:29:39,117]  WARN - DefaultSchemaGenerator We don't support method overloading. Ignoring [resetRemoteServerConfig]
11:59:41.513 [docker-java-stream--1209706978] INFO  o.w.a.t.DefaultAPIMContainer - STDOUT: [2025-05-07 06:29:41,485]  WARN - DefaultSchemaGenerator We don't support method overloading. Ignoring [searchByAttribute]
11:59:46.744 [docker-java-stream--1209706978] INFO  o.w.a.t.DefaultAPIMContainer - STDOUT: [2025-05-07 06:29:46,717]  INFO - CarbonServerManager Repository       : /opt/repository/deployment/server/
11:59:46.803 [docker-java-stream--1209706978] INFO  o.w.a.t.DefaultAPIMContainer - STDOUT: [2025-05-07 06:29:46,774]  INFO - KafkaEventAdapterServiceHolder Kafka input event adaptor waiting for dependent configurations to load
11:59:46.894 [docker-java-stream--1209706978] INFO  o.w.a.t.DefaultAPIMContainer - STDOUT: [2025-05-07 06:29:46,865]  INFO - QueueManagerServiceDS Successfully created the queue manager service
11:59:46.934 [docker-java-stream--1209706978] INFO  o.w.a.t.DefaultAPIMContainer - STDOUT: [2025-05-07 06:29:46,904]  INFO - SubscriptionManagerServiceDS Successfully created the subscription manager service
11:59:47.204 [docker-java-stream--1209706978] INFO  o.w.a.t.DefaultAPIMContainer - STDOUT: [2025-05-07 06:29:47,176]  INFO - PersistenceManagerComponent Activating PersistenceManagerComponent 
11:59:47.365 [docker-java-stream--1209706978] INFO  o.w.a.t.DefaultAPIMContainer - STDOUT: [2025-05-07 06:29:47,337]  INFO - TenantLoadingConfig Using tenant lazy loading policy...
11:59:47.464 [docker-java-stream--1209706978] INFO  o.w.a.t.DefaultAPIMContainer - STDOUT: [2025-05-07 06:29:47,437]  INFO - PermissionUpdater Permission cache updated for tenant -1234
12:00:00.971 [docker-java-stream--1209706978] INFO  o.w.a.t.DefaultAPIMContainer - STDOUT: [2025-05-07 06:30:00,943]  INFO - SchemaBuilder XACML policy schema loaded successfully.
12:00:01.918 [docker-java-stream--1209706978] INFO  o.w.a.t.DefaultAPIMContainer - STDOUT: [2025-05-07 06:30:01,889]  INFO - UserStoreMgtDSComponent Claim manager set for class org.wso2.carbon.user.core.common.DefaultRealm
12:00:02.000 [docker-java-stream--1209706978] INFO  o.w.a.t.DefaultAPIMContainer - STDOUT: [2025-05-07 06:30:01,972]  INFO - UserStoreMgtDSComponent Claim manager set for class org.wso2.carbon.user.core.jdbc.UniqueIDJDBCUserStoreManager
12:00:02.805 [docker-java-stream--1209706978] INFO  o.w.a.t.DefaultAPIMContainer - STDOUT: [2025-05-07 06:30:02,777]  WARN - ApplicationManagementServiceComponent Templates directory not found at /opt/repository/resources/identity/authntemplates
12:00:05.252 [docker-java-stream--1209706978] INFO  o.w.a.t.DefaultAPIMContainer - STDOUT: [2025-05-07 06:30:05,215]  WARN - AuthenticationValveServiceComponent File invalid_tenant_domain_response.html not found. The default content will be used as the error page content.
12:00:05.432 [docker-java-stream--1209706978] INFO  o.w.a.t.DefaultAPIMContainer - STDOUT: [2025-05-07 06:30:05,402]  WARN - AuthenticationServiceComponent 
12:00:05.433 [docker-java-stream--1209706978] INFO  o.w.a.t.DefaultAPIMContainer - STDOUT: 
12:00:05.433 [docker-java-stream--1209706978] INFO  o.w.a.t.DefaultAPIMContainer - STDOUT: ##################################  ALERT  ##################################
12:00:05.433 [docker-java-stream--1209706978] INFO  o.w.a.t.DefaultAPIMContainer - STDOUT: [WARNING]: Internal authentication is utilizing default credentials,
12:00:05.433 [docker-java-stream--1209706978] INFO  o.w.a.t.DefaultAPIMContainer - STDOUT: which may expose the environment to potential security risks.
12:00:05.433 [docker-java-stream--1209706978] INFO  o.w.a.t.DefaultAPIMContainer - STDOUT: If this is a production environment, change the credentials immediately.
12:00:05.433 [docker-java-stream--1209706978] INFO  o.w.a.t.DefaultAPIMContainer - STDOUT: Please refer to the WSO2 security advisory: https://security.docs.wso2.com/en/latest/security-announcements/security-advisories/2023/WSO2-2023-2617/
12:00:05.433 [docker-java-stream--1209706978] INFO  o.w.a.t.DefaultAPIMContainer - STDOUT: #############################################################################
12:00:05.433 [docker-java-stream--1209706978] INFO  o.w.a.t.DefaultAPIMContainer - STDOUT: 
12:00:05.493 [docker-java-stream--1209706978] INFO  o.w.a.t.DefaultAPIMContainer - STDOUT: [2025-05-07 06:30:05,462]  INFO - TenantAssociationServiceComponent Organization management related TenantAssociationManagementListener registered successfully.
12:00:07.856 [docker-java-stream--1209706978] INFO  o.w.a.t.DefaultAPIMContainer - STDOUT: [2025-05-07 06:30:07,828]  INFO - AuthAPIServiceComponent Auth API Service Component  is activated.
12:00:14.075 [docker-java-stream--1209706978] INFO  o.w.a.t.DefaultAPIMContainer - STDOUT: [2025-05-07 06:30:14,047]  INFO - APIUtil Common operation policy xmlValidator_v1 was added to the organization carbon.super successfully
12:00:14.119 [docker-java-stream--1209706978] INFO  o.w.a.t.DefaultAPIMContainer - STDOUT: [2025-05-07 06:30:14,092]  INFO - APIUtil Common operation policy modelRoundRobin_v1 was added to the organization carbon.super successfully
12:00:14.151 [docker-java-stream--1209706978] INFO  o.w.a.t.DefaultAPIMContainer - STDOUT: [2025-05-07 06:30:14,123]  INFO - APIUtil Common operation policy addLogMessage_v1 was added to the organization carbon.super successfully
12:00:14.179 [docker-java-stream--1209706978] INFO  o.w.a.t.DefaultAPIMContainer - STDOUT: [2025-05-07 06:30:14,149]  INFO - APIUtil Common operation policy debugResponseFlow_v1 was added to the organization carbon.super successfully
12:00:14.202 [docker-java-stream--1209706978] INFO  o.w.a.t.DefaultAPIMContainer - STDOUT: [2025-05-07 06:30:14,174]  INFO - APIUtil Common operation policy xmlToJson_v1 was added to the organization carbon.super successfully
12:00:14.246 [docker-java-stream--1209706978] INFO  o.w.a.t.DefaultAPIMContainer - STDOUT: [2025-05-07 06:30:14,214]  INFO - APIUtil Common operation policy addQueryParam_v1 was added to the organization carbon.super successfully
12:00:14.308 [docker-java-stream--1209706978] INFO  o.w.a.t.DefaultAPIMContainer - STDOUT: [2025-05-07 06:30:14,280]  INFO - APIUtil Common operation policy modelWeightedRoundRobin_v1 was added to the organization carbon.super successfully
12:00:14.412 [docker-java-stream--1209706978] INFO  o.w.a.t.DefaultAPIMContainer - STDOUT: [2025-05-07 06:30:14,302]  INFO - APIUtil Common operation policy rewriteResourcePath_v3 was added to the organization carbon.super successfully
12:00:14.454 [docker-java-stream--1209706978] INFO  o.w.a.t.DefaultAPIMContainer - STDOUT: [2025-05-07 06:30:14,425]  INFO - APIUtil Common operation policy opaPolicy_v1 was added to the organization carbon.super successfully
12:00:14.490 [docker-java-stream--1209706978] INFO  o.w.a.t.DefaultAPIMContainer - STDOUT: [2025-05-07 06:30:14,462]  INFO - APIUtil Common operation policy addHeader_v2 was added to the organization carbon.super successfully
12:00:14.529 [docker-java-stream--1209706978] INFO  o.w.a.t.DefaultAPIMContainer - STDOUT: [2025-05-07 06:30:14,500]  INFO - APIUtil Common operation policy debugJsonFault_v1 was added to the organization carbon.super successfully
12:00:14.561 [docker-java-stream--1209706978] INFO  o.w.a.t.DefaultAPIMContainer - STDOUT: [2025-05-07 06:30:14,531]  INFO - APIUtil Common operation policy regexPolicy_v1 was added to the organization carbon.super successfully
12:00:14.587 [docker-java-stream--1209706978] INFO  o.w.a.t.DefaultAPIMContainer - STDOUT: [2025-05-07 06:30:14,558]  INFO - APIUtil Common operation policy removeHeader_v1 was added to the organization carbon.super successfully
12:00:14.615 [docker-java-stream--1209706978] INFO  o.w.a.t.DefaultAPIMContainer - STDOUT: [2025-05-07 06:30:14,587]  INFO - APIUtil Common operation policy setToHeader_v1 was added to the organization carbon.super successfully
12:00:14.636 [docker-java-stream--1209706978] INFO  o.w.a.t.DefaultAPIMContainer - STDOUT: [2025-05-07 06:30:14,609]  INFO - APIUtil Common operation policy awsOAuth2_v1 was added to the organization carbon.super successfully
12:00:14.661 [docker-java-stream--1209706978] INFO  o.w.a.t.DefaultAPIMContainer - STDOUT: [2025-05-07 06:30:14,631]  INFO - APIUtil Common operation policy apkMirrorRequest_v1 was added to the organization carbon.super successfully
12:00:14.690 [docker-java-stream--1209706978] INFO  o.w.a.t.DefaultAPIMContainer - STDOUT: [2025-05-07 06:30:14,661]  INFO - APIUtil Common operation policy modelFailover_v1 was added to the organization carbon.super successfully
12:00:14.725 [docker-java-stream--1209706978] INFO  o.w.a.t.DefaultAPIMContainer - STDOUT: [2025-05-07 06:30:14,698]  INFO - APIUtil Common operation policy revokeOneTimeToken_v1 was added to the organization carbon.super successfully
12:00:14.746 [docker-java-stream--1209706978] INFO  o.w.a.t.DefaultAPIMContainer - STDOUT: [2025-05-07 06:30:14,718]  INFO - APIUtil Common operation policy jsonToXML_v1 was added to the organization carbon.super successfully
12:00:14.767 [docker-java-stream--1209706978] INFO  o.w.a.t.DefaultAPIMContainer - STDOUT: [2025-05-07 06:30:14,738]  INFO - APIUtil Common operation policy apkAddHeader_v1 was added to the organization carbon.super successfully
12:00:14.789 [docker-java-stream--1209706978] INFO  o.w.a.t.DefaultAPIMContainer - STDOUT: [2025-05-07 06:30:14,761]  INFO - APIUtil Common operation policy apkRedirectRequest_v1 was added to the organization carbon.super successfully
12:00:14.820 [docker-java-stream--1209706978] INFO  o.w.a.t.DefaultAPIMContainer - STDOUT: [2025-05-07 06:30:14,791]  INFO - APIUtil Common operation policy apkRemoveHeader_v1 was added to the organization carbon.super successfully
12:00:14.848 [docker-java-stream--1209706978] INFO  o.w.a.t.DefaultAPIMContainer - STDOUT: [2025-05-07 06:30:14,817]  INFO - APIUtil Common operation policy apkCallInterceptorService_v1 was added to the organization carbon.super successfully
12:00:14.866 [docker-java-stream--1209706978] INFO  o.w.a.t.DefaultAPIMContainer - STDOUT: [2025-05-07 06:30:14,838]  INFO - APIUtil Common operation policy debugRequestFlow_v1 was added to the organization carbon.super successfully
12:00:14.899 [docker-java-stream--1209706978] INFO  o.w.a.t.DefaultAPIMContainer - STDOUT: [2025-05-07 06:30:14,871]  INFO - APIUtil Common operation policy disableChunking_v1 was added to the organization carbon.super successfully
12:00:14.914 [docker-java-stream--1209706978] INFO  o.w.a.t.DefaultAPIMContainer - STDOUT: [2025-05-07 06:30:14,884]  INFO - APIUtil Common operation policy jsonValidator_v1 was added to the organization carbon.super successfully
12:00:14.930 [docker-java-stream--1209706978] INFO  o.w.a.t.DefaultAPIMContainer - STDOUT: [2025-05-07 06:30:14,901]  INFO - APIUtil Common operation policy jwtClaimBasedAccessValidator_v1 was added to the organization carbon.super successfully
12:00:14.947 [docker-java-stream--1209706978] INFO  o.w.a.t.DefaultAPIMContainer - STDOUT: [2025-05-07 06:30:14,920]  INFO - APIUtil Common operation policy backEndJWT_v1 was added to the organization carbon.super successfully
12:00:14.969 [docker-java-stream--1209706978] INFO  o.w.a.t.DefaultAPIMContainer - STDOUT: [2025-05-07 06:30:14,941]  INFO - APIUtil Common operation policy jsonFault_v1 was added to the organization carbon.super successfully
12:00:14.989 [docker-java-stream--1209706978] INFO  o.w.a.t.DefaultAPIMContainer - STDOUT: [2025-05-07 06:30:14,953]  INFO - APIUtil Common operation policy changeHTTPMethod_v1 was added to the organization carbon.super successfully
12:00:14.999 [docker-java-stream--1209706978] INFO  o.w.a.t.DefaultAPIMContainer - STDOUT: [2025-05-07 06:30:14,965]  INFO - APIUtil Common operation policy preserveAcceptHeader_v1 was added to the organization carbon.super successfully
12:00:15.013 [docker-java-stream--1209706978] INFO  o.w.a.t.DefaultAPIMContainer - STDOUT: [2025-05-07 06:30:14,978]  INFO - APIUtil Common operation policy applyAcceptHeader_v1 was added to the organization carbon.super successfully
12:00:15.266 [docker-java-stream--1209706978] INFO  o.w.a.t.DefaultAPIMContainer - STDOUT: [2025-05-07 06:30:15,238]  INFO - JMSConnectionFactory JMS ConnectionFactory : Siddhi-JMS-Consumer initialized
12:00:15.301 [docker-java-stream--1209706978] INFO  o.w.a.t.DefaultAPIMContainer - STDOUT: [2025-05-07 06:30:15,267]  INFO - ComplianceEvaluationScheduler Initializing Evaluation Request Scheduler...
12:00:15.651 [docker-java-stream--1209706978] INFO  o.w.a.t.DefaultAPIMContainer - STDOUT: [2025-05-07 06:30:15,620]  INFO - JMSConnectionFactory JMS ConnectionFactory : Siddhi-JMS-Consumer initialized
12:00:16.002 [docker-java-stream--1209706978] INFO  o.w.a.t.DefaultAPIMContainer - STDOUT: [2025-05-07 06:30:15,974]  INFO - JMSConnectionFactory JMS ConnectionFactory : Siddhi-JMS-Consumer initialized
12:00:16.403 [docker-java-stream--1209706978] INFO  o.w.a.t.DefaultAPIMContainer - STDOUT: [2025-05-07 06:30:16,372]  INFO - CorrelationConfigDAO Correlation Components [http, jdbc, ldap, synapse, method-calls]
12:00:16.746 [docker-java-stream--1209706978] INFO  o.w.a.t.DefaultAPIMContainer - STDOUT: [2025-05-07 06:30:16,718]  INFO - OAuthServerConfiguration The default OAuth token issuer will be used. No custom token generator is set.
12:00:16.746 [docker-java-stream--1209706978] INFO  o.w.a.t.DefaultAPIMContainer - STDOUT: [2025-05-07 06:30:16,719]  INFO - OAuthServerConfiguration An instance of org.wso2.carbon.identity.oauth2.token.OauthTokenIssuerImpl is created for Identity OAuth token generation.
12:00:23.114 [docker-java-stream--1209706978] INFO  o.w.a.t.DefaultAPIMContainer - STDOUT: [2025-05-07 06:30:23,084]  WARN - IdentityEventServiceComponent Properties for OrganizationCreationHandler is not configured. This event handler will not be activated
12:00:23.736 [docker-java-stream--1209706978] INFO  o.w.a.t.DefaultAPIMContainer - STDOUT: [2025-05-07 06:30:23,708]  INFO - SessionDataStore Thread pool size for temporary authentication context data delete task: 20
12:00:26.817 [docker-java-stream--1209706978] INFO  o.w.a.t.DefaultAPIMContainer - STDOUT: [2025-05-07 06:30:26,789]  INFO - CarbonEventManagementService Starting polling event receivers
12:00:37.565 [docker-java-stream--1209706978] INFO  o.w.a.t.DefaultAPIMContainer - STDOUT: [2025-05-07 06:30:37,534]  INFO - ServiceBusInitializer Starting ESB...
12:00:37.695 [docker-java-stream--1209706978] INFO  o.w.a.t.DefaultAPIMContainer - STDOUT: [2025-05-07 06:30:37,667]  INFO - ServiceBusInitializer Initializing Apache Synapse...
12:00:37.773 [docker-java-stream--1209706978] INFO  o.w.a.t.DefaultAPIMContainer - STDOUT: [2025-05-07 06:30:37,744]  INFO - SynapseControllerFactory Using Synapse home : /opt/.
12:00:37.773 [docker-java-stream--1209706978] INFO  o.w.a.t.DefaultAPIMContainer - STDOUT: [2025-05-07 06:30:37,745]  INFO - SynapseControllerFactory Using synapse.xml location : /opt/././repository/deployment/server/synapse-configs/default
12:00:37.774 [docker-java-stream--1209706978] INFO  o.w.a.t.DefaultAPIMContainer - STDOUT: [2025-05-07 06:30:37,745]  INFO - SynapseControllerFactory Using server name : localhost
12:00:37.990 [docker-java-stream--1209706978] INFO  o.w.a.t.DefaultAPIMContainer - STDOUT: [2025-05-07 06:30:37,962]  INFO - SynapseControllerFactory The timeout handler will run every : 15s
12:00:38.083 [docker-java-stream--1209706978] INFO  o.w.a.t.DefaultAPIMContainer - STDOUT: [2025-05-07 06:30:38,055]  INFO - Axis2SynapseController Initializing Synapse at : Wed May 07 06:30:38 UTC 2025
12:00:38.137 [docker-java-stream--1209706978] INFO  o.w.a.t.DefaultAPIMContainer - STDOUT: [2025-05-07 06:30:38,108]  INFO - CarbonSynapseController Loading the mediation configuration from the file system
12:00:38.151 [docker-java-stream--1209706978] INFO  o.w.a.t.DefaultAPIMContainer - STDOUT: [2025-05-07 06:30:38,122]  INFO - MultiXMLConfigurationBuilder Building synapse configuration from the synapse artifact repository at : ././repository/deployment/server/synapse-configs/default
12:00:38.160 [docker-java-stream--1209706978] INFO  o.w.a.t.DefaultAPIMContainer - STDOUT: [2025-05-07 06:30:38,128]  INFO - XMLConfigurationBuilder Generating the Synapse configuration model by parsing the XML configuration
12:00:38.810 [docker-java-stream--1209706978] INFO  o.w.a.t.DefaultAPIMContainer - STDOUT: [2025-05-07 06:30:38,780]  INFO - DependencyTracker Sequence : _api_blocked_sequence_ was added to the Synapse configuration successfully
12:00:38.929 [docker-java-stream--1209706978] INFO  o.w.a.t.DefaultAPIMContainer - STDOUT: [2025-05-07 06:30:38,901]  INFO - DependencyTracker Sequence : _token_fault_ was added to the Synapse configuration successfully
12:00:39.004 [docker-java-stream--1209706978] INFO  o.w.a.t.DefaultAPIMContainer - STDOUT: [2025-05-07 06:30:38,975]  INFO - DependencyTracker Sequence : _graphql_failure_handler was added to the Synapse configuration successfully
12:00:39.011 [docker-java-stream--1209706978] INFO  o.w.a.t.DefaultAPIMContainer - STDOUT: [2025-05-07 06:30:38,980]  INFO - DependencyTracker Sequence : _resource_mismatch_handler_ was added to the Synapse configuration successfully
12:00:39.134 [docker-java-stream--1209706978] INFO  o.w.a.t.DefaultAPIMContainer - STDOUT: [2025-05-07 06:30:39,105]  INFO - DependencyTracker Sequence : dispatchSeq was added to the Synapse configuration successfully
12:00:39.211 [docker-java-stream--1209706978] INFO  o.w.a.t.DefaultAPIMContainer - STDOUT: [2025-05-07 06:30:39,183]  INFO - DependencyTracker Sequence : _backend_failure_handler_ was added to the Synapse configuration successfully
12:00:39.216 [docker-java-stream--1209706978] INFO  o.w.a.t.DefaultAPIMContainer - STDOUT: [2025-05-07 06:30:39,189]  INFO - DependencyTracker Sequence : _production_key_error_ was added to the Synapse configuration successfully
12:00:39.330 [docker-java-stream--1209706978] INFO  o.w.a.t.DefaultAPIMContainer - STDOUT: [2025-05-07 06:30:39,300]  INFO - DependencyTracker Sequence : webhooksFaultSequence was added to the Synapse configuration successfully
12:00:39.389 [docker-java-stream--1209706978] INFO  o.w.a.t.DefaultAPIMContainer - STDOUT: [2025-05-07 06:30:39,361]  INFO - DependencyTracker Sequence : _opa_policy_failure_handler_ was added to the Synapse configuration successfully
12:00:39.426 [docker-java-stream--1209706978] INFO  o.w.a.t.DefaultAPIMContainer - STDOUT: [2025-05-07 06:30:39,399]  INFO - DependencyTracker Sequence : _build_ was added to the Synapse configuration successfully
12:00:39.460 [docker-java-stream--1209706978] INFO  o.w.a.t.DefaultAPIMContainer - STDOUT: [2025-05-07 06:30:39,429]  INFO - DependencyTracker Sequence : _cors_request_handler_ was added to the Synapse configuration successfully
12:00:39.512 [docker-java-stream--1209706978] INFO  o.w.a.t.DefaultAPIMContainer - STDOUT: [2025-05-07 06:30:39,484]  INFO - DependencyTracker Sequence : _threat_fault_ was added to the Synapse configuration successfully
12:00:39.552 [docker-java-stream--1209706978] INFO  o.w.a.t.DefaultAPIMContainer - STDOUT: [2025-05-07 06:30:39,524]  INFO - DependencyTracker Sequence : fault was added to the Synapse configuration successfully
12:00:39.558 [docker-java-stream--1209706978] INFO  o.w.a.t.DefaultAPIMContainer - STDOUT: [2025-05-07 06:30:39,529]  INFO - DependencyTracker Sequence : _sandbox_key_error_ was added to the Synapse configuration successfully
12:00:39.694 [docker-java-stream--1209706978] INFO  o.w.a.t.DefaultAPIMContainer - STDOUT: [2025-05-07 06:30:39,666]  INFO - DependencyTracker Sequence : main was added to the Synapse configuration successfully
12:00:39.698 [docker-java-stream--1209706978] INFO  o.w.a.t.DefaultAPIMContainer - STDOUT: [2025-05-07 06:30:39,671]  INFO - DependencyTracker Sequence : outDispatchSeq was added to the Synapse configuration successfully
12:00:39.759 [docker-java-stream--1209706978] INFO  o.w.a.t.DefaultAPIMContainer - STDOUT: [2025-05-07 06:30:39,732]  INFO - DependencyTracker Sequence : _throttle_out_handler_ was added to the Synapse configuration successfully
12:00:39.809 [docker-java-stream--1209706978] INFO  o.w.a.t.DefaultAPIMContainer - STDOUT: [2025-05-07 06:30:39,778]  INFO - DependencyTracker Sequence : _auth_failure_handler_ was added to the Synapse configuration successfully
12:00:39.827 [docker-java-stream--1209706978] INFO  o.w.a.t.DefaultAPIMContainer - STDOUT: [2025-05-07 06:30:39,797]  INFO - DependencyTracker Inbound Endpoint : SecureWebhookServer was added to the Synapse configuration successfully
12:00:39.843 [docker-java-stream--1209706978] INFO  o.w.a.t.DefaultAPIMContainer - STDOUT: [2025-05-07 06:30:39,807]  INFO - DependencyTracker Inbound Endpoint : SecureWebSocketEP was added to the Synapse configuration successfully
12:00:39.844 [docker-java-stream--1209706978] INFO  o.w.a.t.DefaultAPIMContainer - STDOUT: [2025-05-07 06:30:39,809]  INFO - DependencyTracker Inbound Endpoint : WebSocketInboundEndpoint was added to the Synapse configuration successfully
12:00:39.845 [docker-java-stream--1209706978] INFO  o.w.a.t.DefaultAPIMContainer - STDOUT: [2025-05-07 06:30:39,811]  INFO - DependencyTracker Inbound Endpoint : WebhookServer was added to the Synapse configuration successfully
12:00:39.846 [docker-java-stream--1209706978] INFO  o.w.a.t.DefaultAPIMContainer - STDOUT: [2025-05-07 06:30:39,812]  INFO - SynapseConfigurationBuilder Loaded Synapse configuration from the artifact repository at : ././repository/deployment/server/synapse-configs/default
12:00:39.853 [docker-java-stream--1209706978] INFO  o.w.a.t.DefaultAPIMContainer - STDOUT: [2025-05-07 06:30:39,826]  INFO - DependencyTracker Local entry : SERVER_HOST was added to the Synapse configuration successfully
12:00:39.867 [docker-java-stream--1209706978] INFO  o.w.a.t.DefaultAPIMContainer - STDOUT: [2025-05-07 06:30:39,828]  INFO - DependencyTracker Local entry : SERVER_IP was added to the Synapse configuration successfully
12:00:40.109 [docker-java-stream--1209706978] INFO  o.w.a.t.DefaultAPIMContainer - STDOUT: [2025-05-07 06:30:40,082]  INFO - Axis2SynapseController Loading mediator extensions...
12:00:40.511 [docker-java-stream--1209706978] INFO  o.w.a.t.DefaultAPIMContainer - STDOUT: [2025-05-07 06:30:40,484]  INFO - DeploymentInterceptor Deploying Axis2 service: echo {super-tenant}
12:00:40.607 [docker-java-stream--1209706978] INFO  o.w.a.t.DefaultAPIMContainer - STDOUT: [2025-05-07 06:30:40,579]  INFO - DeploymentInterceptor Deploying Axis2 service: Version {super-tenant}
12:00:40.638 [docker-java-stream--1209706978] INFO  o.w.a.t.DefaultAPIMContainer - STDOUT: [2025-05-07 06:30:40,610]  INFO - EventPublisherDeployer Event Publisher deployment held back and in inactive state :EmailPublisher.xml, Stream validation exception : Stream id_gov_notify_stream:1.0.0 does not exist
12:00:40.642 [docker-java-stream--1209706978] INFO  o.w.a.t.DefaultAPIMContainer - STDOUT: [2025-05-07 06:30:40,614]  INFO - EventPublisherDeployer Event Publisher deployment held back and in inactive state :HTTP-recommendationEventPublisher.xml, Stream validation exception : Stream org.wso2.apimgt.recommendation.event.stream:1.0.0 does not exist
12:00:40.645 [docker-java-stream--1209706978] INFO  o.w.a.t.DefaultAPIMContainer - STDOUT: [2025-05-07 06:30:40,618]  INFO - EventPublisherDeployer Event Publisher deployment held back and in inactive state :asyncWebhooksEventPublisher.xml, Stream validation exception : Stream org.wso2.apimgt.webhooks.request.stream:1.0.0 does not exist
12:00:40.657 [docker-java-stream--1209706978] INFO  o.w.a.t.DefaultAPIMContainer - STDOUT: [2025-05-07 06:30:40,626]  INFO - EventPublisherDeployer Event Publisher deployment held back and in inactive state :asyncWebhooksEventPublisher2.xml, Stream validation exception : Stream org.wso2.apimgt.webhooks.request.stream:1.0.0 does not exist
12:00:40.660 [docker-java-stream--1209706978] INFO  o.w.a.t.DefaultAPIMContainer - STDOUT: [2025-05-07 06:30:40,632]  INFO - EventPublisherDeployer Event Publisher deployment held back and in inactive state :asyncWebhooksEventPublisher_1.0.0.xml, Stream validation exception : Stream org.wso2.apimgt.webhooks.request.stream:1.0.0 does not exist
12:00:40.671 [docker-java-stream--1209706978] INFO  o.w.a.t.DefaultAPIMContainer - STDOUT: [2025-05-07 06:30:40,642]  INFO - EventPublisherDeployer Event Publisher deployment held back and in inactive state :asyncWebhooksEventPublisher_1.0.0_2.xml, Stream validation exception : Stream org.wso2.apimgt.webhooks.request.stream:1.0.0 does not exist
12:00:40.686 [docker-java-stream--1209706978] INFO  o.w.a.t.DefaultAPIMContainer - STDOUT: [2025-05-07 06:30:40,650]  INFO - EventPublisherDeployer Event Publisher deployment held back and in inactive state :blockingEventJMSPublisher.xml, Stream validation exception : Stream org.wso2.blocking.request.stream:1.0.0 does not exist
12:00:40.687 [docker-java-stream--1209706978] INFO  o.w.a.t.DefaultAPIMContainer - STDOUT: [2025-05-07 06:30:40,659]  INFO - EventPublisherDeployer Event Publisher deployment held back and in inactive state :cacheInvalidationEventJMSPublisher.xml, Stream validation exception : Stream org.wso2.apimgt.cache.invalidation.stream:1.0.0 does not exist
12:00:40.694 [docker-java-stream--1209706978] INFO  o.w.a.t.DefaultAPIMContainer - STDOUT: [2025-05-07 06:30:40,666]  INFO - EventPublisherDeployer Event Publisher deployment held back and in inactive state :globalCacheInvalidationJMSPublisher.xml, Stream validation exception : Stream cache.invalidation.stream:1.0.0 does not exist
12:00:40.704 [docker-java-stream--1209706978] INFO  o.w.a.t.DefaultAPIMContainer - STDOUT: [2025-05-07 06:30:40,677]  INFO - EventPublisherDeployer Event Publisher deployment held back and in inactive state :jmsEventPublisher.xml, Stream validation exception : Stream org.wso2.throttle.globalThrottle.stream:1.0.0 does not exist
12:00:40.715 [docker-java-stream--1209706978] INFO  o.w.a.t.DefaultAPIMContainer - STDOUT: [2025-05-07 06:30:40,688]  INFO - EventPublisherDeployer Event Publisher deployment held back and in inactive state :jmsEventPublisher2.xml, Stream validation exception : Stream org.wso2.throttle.globalThrottle.stream:1.0.0 does not exist
12:00:40.724 [docker-java-stream--1209706978] INFO  o.w.a.t.DefaultAPIMContainer - STDOUT: [2025-05-07 06:30:40,696]  INFO - EventPublisherDeployer Event Publisher deployment held back and in inactive state :jmsEventPublisher_1.10.0.xml, Stream validation exception : Stream org.wso2.throttle.globalThrottle.stream:1.1.0 does not exist
12:00:40.734 [docker-java-stream--1209706978] INFO  o.w.a.t.DefaultAPIMContainer - STDOUT: [2025-05-07 06:30:40,706]  INFO - EventPublisherDeployer Event Publisher deployment held back and in inactive state :jmsEventPublisher_1.10.0_2.xml, Stream validation exception : Stream org.wso2.throttle.globalThrottle.stream:1.1.0 does not exist
12:00:40.739 [docker-java-stream--1209706978] INFO  o.w.a.t.DefaultAPIMContainer - STDOUT: [2025-05-07 06:30:40,710]  INFO - EventPublisherDeployer Event Publisher deployment held back and in inactive state :keymgtEventJMSEventPublisher.xml, Stream validation exception : Stream org.wso2.apimgt.keymgt.stream:1.0.0 does not exist
12:00:40.743 [docker-java-stream--1209706978] INFO  o.w.a.t.DefaultAPIMContainer - STDOUT: [2025-05-07 06:30:40,714]  INFO - EventPublisherDeployer Event Publisher deployment held back and in inactive state :notificationEventJMSPublisher.xml, Stream validation exception : Stream org.wso2.apimgt.notification.stream:1.0.0 does not exist
12:00:40.752 [docker-java-stream--1209706978] INFO  o.w.a.t.DefaultAPIMContainer - STDOUT: [2025-05-07 06:30:40,725]  INFO - EventPublisherDeployer Event Publisher deployment held back and in inactive state :tokenRevokeEventJMSPublisher.xml, Stream validation exception : Stream org.wso2.apimgt.token.revocation.stream:1.0.0 does not exist
12:00:40.758 [docker-java-stream--1209706978] INFO  o.w.a.t.DefaultAPIMContainer - STDOUT: [2025-05-07 06:30:40,729]  INFO - EventPublisherDeployer Event Publisher deployment held back and in inactive state :tokenRevokeEventJMSPublisher_2.xml, Stream validation exception : Stream org.wso2.apimgt.token.revocation.stream:1.0.0 does not exist
12:00:40.784 [docker-java-stream--1209706978] INFO  o.w.a.t.DefaultAPIMContainer - STDOUT: [2025-05-07 06:30:40,757]  INFO - EventReceiverDeployer Event receiver deployment held back and in inactive state: blockingWso2EventReceiver.xml, Stream validation exception: Stream org.wso2.blocking.request.stream:1.0.0 does not exist
12:00:40.794 [docker-java-stream--1209706978] INFO  o.w.a.t.DefaultAPIMContainer - STDOUT: [2025-05-07 06:30:40,763]  INFO - EventReceiverDeployer Event receiver deployment held back and in inactive state: cacheInvalidationRequestReceiver.xml, Stream validation exception: Stream cache.invalidation.stream:1.0.0 does not exist
12:00:40.794 [docker-java-stream--1209706978] INFO  o.w.a.t.DefaultAPIMContainer - STDOUT: [2025-05-07 06:30:40,766]  INFO - EventReceiverDeployer Event receiver deployment held back and in inactive state: cacheInvalidationWso2EventReceiver.xml, Stream validation exception: Stream org.wso2.apimgt.cache.invalidation.stream:1.0.0 does not exist
12:00:40.798 [docker-java-stream--1209706978] INFO  o.w.a.t.DefaultAPIMContainer - STDOUT: [2025-05-07 06:30:40,770]  INFO - EventReceiverDeployer Event receiver deployment held back and in inactive state: keyMgtWso2EventReceiver.xml, Stream validation exception: Stream org.wso2.apimgt.keymgt.stream:1.0.0 does not exist
12:00:40.805 [docker-java-stream--1209706978] INFO  o.w.a.t.DefaultAPIMContainer - STDOUT: [2025-05-07 06:30:40,777]  INFO - EventReceiverDeployer Event receiver deployment held back and in inactive state: notificationsWSO2EventReceiver.xml, Stream validation exception: Stream org.wso2.apimgt.notification.stream:1.0.0 does not exist
12:00:40.811 [docker-java-stream--1209706978] INFO  o.w.a.t.DefaultAPIMContainer - STDOUT: [2025-05-07 06:30:40,783]  INFO - EventReceiverDeployer Event receiver deployment held back and in inactive state: recommendationWso2EventReceiver.xml, Stream validation exception: Stream org.wso2.apimgt.recommendation.event.stream:1.0.0 does not exist
12:00:40.821 [docker-java-stream--1209706978] INFO  o.w.a.t.DefaultAPIMContainer - STDOUT: [2025-05-07 06:30:40,793]  INFO - EventReceiverDeployer Event receiver deployment held back and in inactive state: throttleEventReceiver.xml, Stream validation exception: Stream org.wso2.throttle.request.stream:1.0.0 does not exist
12:00:40.835 [docker-java-stream--1209706978] INFO  o.w.a.t.DefaultAPIMContainer - STDOUT: [2025-05-07 06:30:40,804]  INFO - EventReceiverDeployer Event receiver deployment held back and in inactive state: throttleWSO2EventReceiver.xml, Stream validation exception: Stream org.wso2.throttle.request.stream:1.0.0 does not exist
12:00:40.839 [docker-java-stream--1209706978] INFO  o.w.a.t.DefaultAPIMContainer - STDOUT: [2025-05-07 06:30:40,812]  INFO - EventReceiverDeployer Event receiver deployment held back and in inactive state: tokenRevocationWso2EventReceiver.xml, Stream validation exception: Stream org.wso2.apimgt.token.revocation.stream:1.0.0 does not exist
12:00:43.089 [docker-java-stream--1209706978] INFO  o.w.a.t.DefaultAPIMContainer - STDOUT: [2025-05-07 06:30:43,062]  INFO - EventPublisherDeployer Event Publisher undeployed successfully : globalCacheInvalidationJMSPublisher.xml
12:00:43.110 [docker-java-stream--1209706978] INFO  o.w.a.t.DefaultAPIMContainer - STDOUT: [2025-05-07 06:30:43,083]  INFO - EventJunction WSO2EventConsumer added to the junction. Stream:cache.invalidation.stream:1.0.0
12:00:43.238 [docker-java-stream--1209706978] INFO  o.w.a.t.DefaultAPIMContainer - STDOUT: [2025-05-07 06:30:43,211]  INFO - EventPublisherDeployer Event Publisher configuration successfully deployed and in active state : globalCacheInvalidationJMSPublisher
12:00:43.294 [docker-java-stream--1209706978] INFO  o.w.a.t.DefaultAPIMContainer - STDOUT: [2025-05-07 06:30:43,264]  INFO - EventReceiverDeployer Event Receiver undeployed successfully: cacheInvalidationRequestReceiver.xml
12:00:43.315 [docker-java-stream--1209706978] INFO  o.w.a.t.DefaultAPIMContainer - STDOUT: [2025-05-07 06:30:43,288]  INFO - InputAdapterRuntime Connecting receiver cacheInvalidationRequestReceiver
12:00:43.318 [docker-java-stream--1209706978] INFO  o.w.a.t.DefaultAPIMContainer - STDOUT: [2025-05-07 06:30:43,292]  INFO - EventJunction Producer added to the junction. Stream:cache.invalidation.stream:1.0.0
12:00:43.323 [docker-java-stream--1209706978] INFO  o.w.a.t.DefaultAPIMContainer - STDOUT: [2025-05-07 06:30:43,295]  INFO - EventReceiverDeployer Event Receiver configuration successfully deployed and in active state: cacheInvalidationRequestReceiver
12:00:43.328 [docker-java-stream--1209706978] INFO  o.w.a.t.DefaultAPIMContainer - STDOUT: [2025-05-07 06:30:43,295]  INFO - EventStreamDeployer Stream definition is deployed successfully  : cache.invalidation.stream:1.0.0
12:00:43.332 [docker-java-stream--1209706978] INFO  o.w.a.t.DefaultAPIMContainer - STDOUT: [2025-05-07 06:30:43,305]  INFO - EventPublisherDeployer Event Publisher undeployed successfully : EmailPublisher.xml
12:00:43.364 [docker-java-stream--1209706978] INFO  o.w.a.t.DefaultAPIMContainer - STDOUT: [2025-05-07 06:30:43,337]  INFO - EventJunction WSO2EventConsumer added to the junction. Stream:id_gov_notify_stream:1.0.0
12:00:43.378 [docker-java-stream--1209706978] INFO  o.w.a.t.DefaultAPIMContainer - STDOUT: [2025-05-07 06:30:43,350]  INFO - EventPublisherDeployer Event Publisher configuration successfully deployed and in active state : EmailPublisher
12:00:43.386 [docker-java-stream--1209706978] INFO  o.w.a.t.DefaultAPIMContainer - STDOUT: [2025-05-07 06:30:43,353]  INFO - EventStreamDeployer Stream definition is deployed successfully  : id_gov_notify_stream:1.0.0
12:00:43.388 [docker-java-stream--1209706978] INFO  o.w.a.t.DefaultAPIMContainer - STDOUT: [2025-05-07 06:30:43,356]  INFO - EventPublisherDeployer Event Publisher undeployed successfully : cacheInvalidationEventJMSPublisher.xml
12:00:43.404 [docker-java-stream--1209706978] INFO  o.w.a.t.DefaultAPIMContainer - STDOUT: [2025-05-07 06:30:43,376]  INFO - EventJunction WSO2EventConsumer added to the junction. Stream:org.wso2.apimgt.cache.invalidation.stream:1.0.0
12:00:43.409 [docker-java-stream--1209706978] INFO  o.w.a.t.DefaultAPIMContainer - STDOUT: [2025-05-07 06:30:43,381]  INFO - EventPublisherDeployer Event Publisher configuration successfully deployed and in active state : cacheInvalidationJMSPublisher
12:00:43.417 [docker-java-stream--1209706978] INFO  o.w.a.t.DefaultAPIMContainer - STDOUT: [2025-05-07 06:30:43,383]  INFO - EventReceiverDeployer Event Receiver undeployed successfully: cacheInvalidationWso2EventReceiver.xml
12:00:43.420 [docker-java-stream--1209706978] INFO  o.w.a.t.DefaultAPIMContainer - STDOUT: [2025-05-07 06:30:43,390]  INFO - InputAdapterRuntime Connecting receiver cacheInvalidationWso2EventReceiver
12:00:43.421 [docker-java-stream--1209706978] INFO  o.w.a.t.DefaultAPIMContainer - STDOUT: [2025-05-07 06:30:43,390]  INFO - EventJunction Producer added to the junction. Stream:org.wso2.apimgt.cache.invalidation.stream:1.0.0
12:00:43.423 [docker-java-stream--1209706978] INFO  o.w.a.t.DefaultAPIMContainer - STDOUT: [2025-05-07 06:30:43,390]  INFO - EventReceiverDeployer Event Receiver configuration successfully deployed and in active state: cacheInvalidationWso2EventReceiver
12:00:43.427 [docker-java-stream--1209706978] INFO  o.w.a.t.DefaultAPIMContainer - STDOUT: [2025-05-07 06:30:43,398]  INFO - EventStreamDeployer Stream definition is deployed successfully  : org.wso2.apimgt.cache.invalidation.stream:1.0.0
12:00:43.439 [docker-java-stream--1209706978] INFO  o.w.a.t.DefaultAPIMContainer - STDOUT: [2025-05-07 06:30:43,411]  INFO - EventPublisherDeployer Event Publisher undeployed successfully : keymgtEventJMSEventPublisher.xml
12:00:43.443 [docker-java-stream--1209706978] INFO  o.w.a.t.DefaultAPIMContainer - STDOUT: [2025-05-07 06:30:43,416]  INFO - EventJunction WSO2EventConsumer added to the junction. Stream:org.wso2.apimgt.keymgt.stream:1.0.0
12:00:43.447 [docker-java-stream--1209706978] INFO  o.w.a.t.DefaultAPIMContainer - STDOUT: [2025-05-07 06:30:43,416]  INFO - EventPublisherDeployer Event Publisher configuration successfully deployed and in active state : keymgtEventJMSEventPublisher
12:00:43.450 [docker-java-stream--1209706978] INFO  o.w.a.t.DefaultAPIMContainer - STDOUT: [2025-05-07 06:30:43,416]  INFO - EventReceiverDeployer Event Receiver undeployed successfully: keyMgtWso2EventReceiver.xml
12:00:43.451 [docker-java-stream--1209706978] INFO  o.w.a.t.DefaultAPIMContainer - STDOUT: [2025-05-07 06:30:43,424]  INFO - InputAdapterRuntime Connecting receiver keyMgtWso2EventReceiver
12:00:43.457 [docker-java-stream--1209706978] INFO  o.w.a.t.DefaultAPIMContainer - STDOUT: [2025-05-07 06:30:43,424]  INFO - EventJunction Producer added to the junction. Stream:org.wso2.apimgt.keymgt.stream:1.0.0
12:00:43.457 [docker-java-stream--1209706978] INFO  o.w.a.t.DefaultAPIMContainer - STDOUT: [2025-05-07 06:30:43,426]  INFO - EventReceiverDeployer Event Receiver configuration successfully deployed and in active state: keyMgtWso2EventReceiver
12:00:43.457 [docker-java-stream--1209706978] INFO  o.w.a.t.DefaultAPIMContainer - STDOUT: [2025-05-07 06:30:43,426]  INFO - EventStreamDeployer Stream definition is deployed successfully  : org.wso2.apimgt.keymgt.stream:1.0.0
12:00:43.467 [docker-java-stream--1209706978] INFO  o.w.a.t.DefaultAPIMContainer - STDOUT: [2025-05-07 06:30:43,437]  INFO - EventPublisherDeployer Event Publisher undeployed successfully : notificationEventJMSPublisher.xml
12:00:43.472 [docker-java-stream--1209706978] INFO  o.w.a.t.DefaultAPIMContainer - STDOUT: [2025-05-07 06:30:43,444]  INFO - EventJunction WSO2EventConsumer added to the junction. Stream:org.wso2.apimgt.notification.stream:1.0.0
12:00:43.479 [docker-java-stream--1209706978] INFO  o.w.a.t.DefaultAPIMContainer - STDOUT: [2025-05-07 06:30:43,444]  INFO - EventPublisherDeployer Event Publisher configuration successfully deployed and in active state : notificationJMSPublisher
12:00:43.482 [docker-java-stream--1209706978] INFO  o.w.a.t.DefaultAPIMContainer - STDOUT: [2025-05-07 06:30:43,444]  INFO - EventReceiverDeployer Event Receiver undeployed successfully: notificationsWSO2EventReceiver.xml
12:00:43.489 [docker-java-stream--1209706978] INFO  o.w.a.t.DefaultAPIMContainer - STDOUT: [2025-05-07 06:30:43,454]  INFO - InputAdapterRuntime Connecting receiver notificationsWSO2EventReceiver
12:00:43.492 [docker-java-stream--1209706978] INFO  o.w.a.t.DefaultAPIMContainer - STDOUT: [2025-05-07 06:30:43,455]  INFO - EventJunction Producer added to the junction. Stream:org.wso2.apimgt.notification.stream:1.0.0
12:00:43.494 [docker-java-stream--1209706978] INFO  o.w.a.t.DefaultAPIMContainer - STDOUT: [2025-05-07 06:30:43,455]  INFO - EventReceiverDeployer Event Receiver configuration successfully deployed and in active state: notificationsWSO2EventReceiver
12:00:43.496 [docker-java-stream--1209706978] INFO  o.w.a.t.DefaultAPIMContainer - STDOUT: [2025-05-07 06:30:43,456]  INFO - EventStreamDeployer Stream definition is deployed successfully  : org.wso2.apimgt.notification.stream:1.0.0
12:00:43.507 [docker-java-stream--1209706978] INFO  o.w.a.t.DefaultAPIMContainer - STDOUT: [2025-05-07 06:30:43,457]  INFO - EventPublisherDeployer Event Publisher undeployed successfully : HTTP-recommendationEventPublisher.xml
12:00:43.510 [docker-java-stream--1209706978] INFO  o.w.a.t.DefaultAPIMContainer - STDOUT: [2025-05-07 06:30:43,472]  INFO - EventJunction WSO2EventConsumer added to the junction. Stream:org.wso2.apimgt.recommendation.event.stream:1.0.0
12:00:43.526 [docker-java-stream--1209706978] INFO  o.w.a.t.DefaultAPIMContainer - STDOUT: [2025-05-07 06:30:43,497]  INFO - EventPublisherDeployer Event Publisher configuration successfully deployed and in active state : HTTP-recommendationEventPublisher
12:00:43.528 [docker-java-stream--1209706978] INFO  o.w.a.t.DefaultAPIMContainer - STDOUT: [2025-05-07 06:30:43,498]  INFO - EventReceiverDeployer Event Receiver undeployed successfully: recommendationWso2EventReceiver.xml
12:00:43.535 [docker-java-stream--1209706978] INFO  o.w.a.t.DefaultAPIMContainer - STDOUT: [2025-05-07 06:30:43,506]  INFO - InputAdapterRuntime Connecting receiver recommendationWso2EventReceiver
12:00:43.538 [docker-java-stream--1209706978] INFO  o.w.a.t.DefaultAPIMContainer - STDOUT: [2025-05-07 06:30:43,508]  INFO - EventJunction Producer added to the junction. Stream:org.wso2.apimgt.recommendation.event.stream:1.0.0
12:00:43.540 [docker-java-stream--1209706978] INFO  o.w.a.t.DefaultAPIMContainer - STDOUT: [2025-05-07 06:30:43,508]  INFO - EventReceiverDeployer Event Receiver configuration successfully deployed and in active state: recommendationWso2EventReceiver
12:00:43.543 [docker-java-stream--1209706978] INFO  o.w.a.t.DefaultAPIMContainer - STDOUT: [2025-05-07 06:30:43,509]  INFO - EventStreamDeployer Stream definition is deployed successfully  : org.wso2.apimgt.recommendation.event.stream:1.0.0
12:00:43.549 [docker-java-stream--1209706978] INFO  o.w.a.t.DefaultAPIMContainer - STDOUT: [2025-05-07 06:30:43,520]  INFO - EventPublisherDeployer Event Publisher undeployed successfully : tokenRevokeEventJMSPublisher.xml
12:00:43.561 [docker-java-stream--1209706978] INFO  o.w.a.t.DefaultAPIMContainer - STDOUT: [2025-05-07 06:30:43,534]  INFO - EventJunction WSO2EventConsumer added to the junction. Stream:org.wso2.apimgt.token.revocation.stream:1.0.0
12:00:43.563 [docker-java-stream--1209706978] INFO  o.w.a.t.DefaultAPIMContainer - STDOUT: [2025-05-07 06:30:43,534]  INFO - EventPublisherDeployer Event Publisher configuration successfully deployed and in active state : tokenRevocationJMSPublisher
12:00:43.565 [docker-java-stream--1209706978] INFO  o.w.a.t.DefaultAPIMContainer - STDOUT: [2025-05-07 06:30:43,534]  INFO - EventPublisherDeployer Event Publisher undeployed successfully : tokenRevokeEventJMSPublisher_2.xml
12:00:43.577 [docker-java-stream--1209706978] INFO  o.w.a.t.DefaultAPIMContainer - STDOUT: [2025-05-07 06:30:43,543]  INFO - EventJunction WSO2EventConsumer added to the junction. Stream:org.wso2.apimgt.token.revocation.stream:1.0.0
12:00:43.590 [docker-java-stream--1209706978] INFO  o.w.a.t.DefaultAPIMContainer - STDOUT: [2025-05-07 06:30:43,544]  INFO - EventPublisherDeployer Event Publisher configuration successfully deployed and in active state : tokenRevocationJMSPublisher2
12:00:43.593 [docker-java-stream--1209706978] INFO  o.w.a.t.DefaultAPIMContainer - STDOUT: [2025-05-07 06:30:43,544]  INFO - EventReceiverDeployer Event Receiver undeployed successfully: tokenRevocationWso2EventReceiver.xml
12:00:43.595 [docker-java-stream--1209706978] INFO  o.w.a.t.DefaultAPIMContainer - STDOUT: [2025-05-07 06:30:43,552]  INFO - InputAdapterRuntime Connecting receiver tokenRevocationWso2EventReceiver
12:00:43.597 [docker-java-stream--1209706978] INFO  o.w.a.t.DefaultAPIMContainer - STDOUT: [2025-05-07 06:30:43,552]  INFO - EventJunction Producer added to the junction. Stream:org.wso2.apimgt.token.revocation.stream:1.0.0
12:00:43.599 [docker-java-stream--1209706978] INFO  o.w.a.t.DefaultAPIMContainer - STDOUT: [2025-05-07 06:30:43,553]  INFO - EventReceiverDeployer Event Receiver configuration successfully deployed and in active state: tokenRevocationWso2EventReceiver
12:00:43.602 [docker-java-stream--1209706978] INFO  o.w.a.t.DefaultAPIMContainer - STDOUT: [2025-05-07 06:30:43,554]  INFO - EventStreamDeployer Stream definition is deployed successfully  : org.wso2.apimgt.token.revocation.stream:1.0.0
12:00:43.604 [docker-java-stream--1209706978] INFO  o.w.a.t.DefaultAPIMContainer - STDOUT: [2025-05-07 06:30:43,565]  INFO - EventPublisherDeployer Event Publisher undeployed successfully : asyncWebhooksEventPublisher.xml
12:00:43.606 [docker-java-stream--1209706978] INFO  o.w.a.t.DefaultAPIMContainer - STDOUT: [2025-05-07 06:30:43,576]  INFO - EventJunction WSO2EventConsumer added to the junction. Stream:org.wso2.apimgt.webhooks.request.stream:1.0.0
12:00:43.608 [docker-java-stream--1209706978] INFO  o.w.a.t.DefaultAPIMContainer - STDOUT: [2025-05-07 06:30:43,577]  INFO - EventPublisherDeployer Event Publisher configuration successfully deployed and in active state : asyncWebhooksEventPublisher
12:00:43.611 [docker-java-stream--1209706978] INFO  o.w.a.t.DefaultAPIMContainer - STDOUT: [2025-05-07 06:30:43,577]  INFO - EventPublisherDeployer Event Publisher undeployed successfully : asyncWebhooksEventPublisher2.xml
12:00:43.642 [docker-java-stream--1209706978] INFO  o.w.a.t.DefaultAPIMContainer - STDOUT: [2025-05-07 06:30:43,615]  INFO - EventJunction WSO2EventConsumer added to the junction. Stream:org.wso2.apimgt.webhooks.request.stream:1.0.0
12:00:43.651 [docker-java-stream--1209706978] INFO  o.w.a.t.DefaultAPIMContainer - STDOUT: [2025-05-07 06:30:43,615]  INFO - EventPublisherDeployer Event Publisher configuration successfully deployed and in active state : asyncWebhooksEventPublisher2
12:00:43.652 [docker-java-stream--1209706978] INFO  o.w.a.t.DefaultAPIMContainer - STDOUT: [2025-05-07 06:30:43,617]  INFO - EventPublisherDeployer Event Publisher undeployed successfully : asyncWebhooksEventPublisher_1.0.0.xml
12:00:43.654 [docker-java-stream--1209706978] INFO  o.w.a.t.DefaultAPIMContainer - STDOUT: [2025-05-07 06:30:43,622]  INFO - EventJunction WSO2EventConsumer added to the junction. Stream:org.wso2.apimgt.webhooks.request.stream:1.0.0
12:00:43.657 [docker-java-stream--1209706978] INFO  o.w.a.t.DefaultAPIMContainer - STDOUT: [2025-05-07 06:30:43,622]  INFO - EventPublisherDeployer Event Publisher configuration successfully deployed and in active state : asyncWebhooksEventPublisher-1.0.0
12:00:43.660 [docker-java-stream--1209706978] INFO  o.w.a.t.DefaultAPIMContainer - STDOUT: [2025-05-07 06:30:43,623]  INFO - EventPublisherDeployer Event Publisher undeployed successfully : asyncWebhooksEventPublisher_1.0.0_2.xml
12:00:43.664 [docker-java-stream--1209706978] INFO  o.w.a.t.DefaultAPIMContainer - STDOUT: [2025-05-07 06:30:43,631]  INFO - EventJunction WSO2EventConsumer added to the junction. Stream:org.wso2.apimgt.webhooks.request.stream:1.0.0
12:00:43.670 [docker-java-stream--1209706978] INFO  o.w.a.t.DefaultAPIMContainer - STDOUT: [2025-05-07 06:30:43,632]  INFO - EventPublisherDeployer Event Publisher configuration successfully deployed and in active state : asyncWebhooksEventPublisher-1.0.0-2
12:00:43.671 [docker-java-stream--1209706978] INFO  o.w.a.t.DefaultAPIMContainer - STDOUT: [2025-05-07 06:30:43,633]  INFO - EventStreamDeployer Stream definition is deployed successfully  : org.wso2.apimgt.webhooks.request.stream:1.0.0
12:00:43.672 [docker-java-stream--1209706978] INFO  o.w.a.t.DefaultAPIMContainer - STDOUT: [2025-05-07 06:30:43,637]  INFO - EventPublisherDeployer Event Publisher undeployed successfully : blockingEventJMSPublisher.xml
12:00:43.676 [docker-java-stream--1209706978] INFO  o.w.a.t.DefaultAPIMContainer - STDOUT: [2025-05-07 06:30:43,642]  INFO - EventJunction WSO2EventConsumer added to the junction. Stream:org.wso2.blocking.request.stream:1.0.0
12:00:43.680 [docker-java-stream--1209706978] INFO  o.w.a.t.DefaultAPIMContainer - STDOUT: [2025-05-07 06:30:43,643]  INFO - EventPublisherDeployer Event Publisher configuration successfully deployed and in active state : blockingEventJMSPublisher
12:00:43.682 [docker-java-stream--1209706978] INFO  o.w.a.t.DefaultAPIMContainer - STDOUT: [2025-05-07 06:30:43,643]  INFO - EventReceiverDeployer Event Receiver undeployed successfully: blockingWso2EventReceiver.xml
12:00:43.683 [docker-java-stream--1209706978] INFO  o.w.a.t.DefaultAPIMContainer - STDOUT: [2025-05-07 06:30:43,656]  INFO - InputAdapterRuntime Connecting receiver blockingWso2EventReceiver
12:00:43.686 [docker-java-stream--1209706978] INFO  o.w.a.t.DefaultAPIMContainer - STDOUT: [2025-05-07 06:30:43,657]  INFO - EventJunction Producer added to the junction. Stream:org.wso2.blocking.request.stream:1.0.0
12:00:43.690 [docker-java-stream--1209706978] INFO  o.w.a.t.DefaultAPIMContainer - STDOUT: [2025-05-07 06:30:43,657]  INFO - EventReceiverDeployer Event Receiver configuration successfully deployed and in active state: blockingWso2EventReceiver
12:00:43.695 [docker-java-stream--1209706978] INFO  o.w.a.t.DefaultAPIMContainer - STDOUT: [2025-05-07 06:30:43,661]  INFO - EventStreamDeployer Stream definition is deployed successfully  : org.wso2.blocking.request.stream:1.0.0
12:00:43.698 [docker-java-stream--1209706978] INFO  o.w.a.t.DefaultAPIMContainer - STDOUT: [2025-05-07 06:30:43,671]  INFO - EventStreamDeployer Stream definition is deployed successfully  : org.wso2.botDetectionData.request.stream:1.0.0
12:00:43.709 [docker-java-stream--1209706978] INFO  o.w.a.t.DefaultAPIMContainer - STDOUT: [2025-05-07 06:30:43,677]  INFO - EventPublisherDeployer Event Publisher undeployed successfully : jmsEventPublisher.xml
12:00:43.724 [docker-java-stream--1209706978] INFO  o.w.a.t.DefaultAPIMContainer - STDOUT: [2025-05-07 06:30:43,695]  INFO - EventJunction WSO2EventConsumer added to the junction. Stream:org.wso2.throttle.globalThrottle.stream:1.0.0
12:00:43.725 [docker-java-stream--1209706978] INFO  o.w.a.t.DefaultAPIMContainer - STDOUT: [2025-05-07 06:30:43,696]  INFO - EventPublisherDeployer Event Publisher configuration successfully deployed and in active state : jmsEventPublisher
12:00:43.725 [docker-java-stream--1209706978] INFO  o.w.a.t.DefaultAPIMContainer - STDOUT: [2025-05-07 06:30:43,696]  INFO - EventPublisherDeployer Event Publisher undeployed successfully : jmsEventPublisher2.xml
12:00:43.734 [docker-java-stream--1209706978] INFO  o.w.a.t.DefaultAPIMContainer - STDOUT: [2025-05-07 06:30:43,706]  INFO - EventJunction WSO2EventConsumer added to the junction. Stream:org.wso2.throttle.globalThrottle.stream:1.0.0
12:00:43.735 [docker-java-stream--1209706978] INFO  o.w.a.t.DefaultAPIMContainer - STDOUT: [2025-05-07 06:30:43,707]  INFO - EventPublisherDeployer Event Publisher configuration successfully deployed and in active state : jmsEventPublisher2
12:00:43.834 [docker-java-stream--1209706978] INFO  o.w.a.t.DefaultAPIMContainer - STDOUT: [2025-05-07 06:30:43,794]  INFO - EventProcessorDeployer Execution Plan was undeployed successfully : carbon.super_app_10PerMin.siddhiql
12:00:43.888 [docker-java-stream--1209706978] INFO  o.w.a.t.DefaultAPIMContainer - STDOUT: [2025-05-07 06:30:43,860]  INFO - EventProcessorDeployer Execution Plan was undeployed successfully : carbon.super_app_20PerMin.siddhiql
12:00:43.926 [docker-java-stream--1209706978] INFO  o.w.a.t.DefaultAPIMContainer - STDOUT: [2025-05-07 06:30:43,899]  INFO - EventProcessorDeployer Execution Plan was undeployed successfully : carbon.super_app_50PerMin.siddhiql
12:00:43.959 [docker-java-stream--1209706978] INFO  o.w.a.t.DefaultAPIMContainer - STDOUT: [2025-05-07 06:30:43,928]  INFO - EventProcessorDeployer Execution Plan was undeployed successfully : carbon.super_resource_10KPerMin_default.siddhiql
12:00:43.986 [docker-java-stream--1209706978] INFO  o.w.a.t.DefaultAPIMContainer - STDOUT: [2025-05-07 06:30:43,958]  INFO - EventProcessorDeployer Execution Plan was undeployed successfully : carbon.super_resource_20KPerMin_default.siddhiql
12:00:44.024 [docker-java-stream--1209706978] INFO  o.w.a.t.DefaultAPIMContainer - STDOUT: [2025-05-07 06:30:43,997]  INFO - EventProcessorDeployer Execution Plan was undeployed successfully : carbon.super_resource_50KPerMin_defualt.siddhiql
12:00:44.074 [docker-java-stream--1209706978] INFO  o.w.a.t.DefaultAPIMContainer - STDOUT: [2025-05-07 06:30:44,047]  INFO - EventProcessorDeployer Execution Plan was undeployed successfully : carbon.super_sub_Bronze.siddhiql
12:00:44.130 [docker-java-stream--1209706978] INFO  o.w.a.t.DefaultAPIMContainer - STDOUT: [2025-05-07 06:30:44,100]  INFO - EventProcessorDeployer Execution Plan was undeployed successfully : carbon.super_sub_Gold.siddhiql
12:00:44.174 [docker-java-stream--1209706978] INFO  o.w.a.t.DefaultAPIMContainer - STDOUT: [2025-05-07 06:30:44,146]  INFO - EventProcessorDeployer Execution Plan was undeployed successfully : carbon.super_sub_Silver.siddhiql
12:00:44.243 [docker-java-stream--1209706978] INFO  o.w.a.t.DefaultAPIMContainer - STDOUT: [2025-05-07 06:30:44,214]  INFO - EventProcessorDeployer Execution Plan was undeployed successfully : carbon.super_sub_Unauthenticated.siddhiql
12:00:44.299 [docker-java-stream--1209706978] INFO  o.w.a.t.DefaultAPIMContainer - STDOUT: [2025-05-07 06:30:44,269]  INFO - EventStreamDeployer Stream definition is deployed successfully  : org.wso2.throttle.globalThrottle.stream:1.0.0
12:00:44.309 [docker-java-stream--1209706978] INFO  o.w.a.t.DefaultAPIMContainer - STDOUT: [2025-05-07 06:30:44,273]  INFO - EventPublisherDeployer Event Publisher undeployed successfully : jmsEventPublisher_1.10.0.xml
12:00:44.315 [docker-java-stream--1209706978] INFO  o.w.a.t.DefaultAPIMContainer - STDOUT: [2025-05-07 06:30:44,277]  INFO - EventJunction WSO2EventConsumer added to the junction. Stream:org.wso2.throttle.globalThrottle.stream:1.1.0
12:00:44.315 [docker-java-stream--1209706978] INFO  o.w.a.t.DefaultAPIMContainer - STDOUT: [2025-05-07 06:30:44,278]  INFO - EventPublisherDeployer Event Publisher configuration successfully deployed and in active state : jmsEventPublisher-1.0.0
12:00:44.315 [docker-java-stream--1209706978] INFO  o.w.a.t.DefaultAPIMContainer - STDOUT: [2025-05-07 06:30:44,278]  INFO - EventPublisherDeployer Event Publisher undeployed successfully : jmsEventPublisher_1.10.0_2.xml
12:00:44.315 [docker-java-stream--1209706978] INFO  o.w.a.t.DefaultAPIMContainer - STDOUT: [2025-05-07 06:30:44,282]  INFO - EventJunction WSO2EventConsumer added to the junction. Stream:org.wso2.throttle.globalThrottle.stream:1.1.0
12:00:44.315 [docker-java-stream--1209706978] INFO  o.w.a.t.DefaultAPIMContainer - STDOUT: [2025-05-07 06:30:44,282]  INFO - EventPublisherDeployer Event Publisher configuration successfully deployed and in active state : jmsEventPublisher-1.0.0-2
12:00:44.315 [docker-java-stream--1209706978] INFO  o.w.a.t.DefaultAPIMContainer - STDOUT: [2025-05-07 06:30:44,283]  INFO - EventStreamDeployer Stream definition is deployed successfully  : org.wso2.throttle.globalThrottle.stream:1.1.0
12:00:44.328 [docker-java-stream--1209706978] INFO  o.w.a.t.DefaultAPIMContainer - STDOUT: [2025-05-07 06:30:44,295]  INFO - EventProcessorDeployer Execution Plan was undeployed successfully : RequestPreProcessorExecutionPlan.siddhiql
12:00:44.333 [docker-java-stream--1209706978] INFO  o.w.a.t.DefaultAPIMContainer - STDOUT: [2025-05-07 06:30:44,303]  INFO - EventProcessorDeployer Execution Plan was undeployed successfully : carbon.super_app_10PerMin.siddhiql
12:00:45.419 [docker-java-stream--1209706978] INFO  o.w.a.t.DefaultAPIMContainer - STDOUT: [2025-05-07 06:30:45,392]  INFO - EventJunction Producer added to the junction. Stream:org.wso2.throttle.globalThrottle.stream:1.0.0
12:00:45.425 [docker-java-stream--1209706978] INFO  o.w.a.t.DefaultAPIMContainer - STDOUT: [2025-05-07 06:30:45,398]  INFO - EventJunction Consumer added to the junction. Stream:org.wso2.throttle.processed.request.stream:1.0.0
12:00:45.428 [docker-java-stream--1209706978] INFO  o.w.a.t.DefaultAPIMContainer - STDOUT: [2025-05-07 06:30:45,399]  INFO - EventProcessorDeployer Execution plan is deployed successfully and in active state  : carbon.super_app_10PerMin
12:00:45.428 [docker-java-stream--1209706978] INFO  o.w.a.t.DefaultAPIMContainer - STDOUT: [2025-05-07 06:30:45,399]  INFO - EventProcessorDeployer Execution Plan was undeployed successfully : carbon.super_app_20PerMin.siddhiql
12:00:45.606 [docker-java-stream--1209706978] INFO  o.w.a.t.DefaultAPIMContainer - STDOUT: [2025-05-07 06:30:45,578]  INFO - EventJunction Producer added to the junction. Stream:org.wso2.throttle.globalThrottle.stream:1.0.0
12:00:45.611 [docker-java-stream--1209706978] INFO  o.w.a.t.DefaultAPIMContainer - STDOUT: [2025-05-07 06:30:45,578]  INFO - EventJunction Consumer added to the junction. Stream:org.wso2.throttle.processed.request.stream:1.0.0
12:00:45.617 [docker-java-stream--1209706978] INFO  o.w.a.t.DefaultAPIMContainer - STDOUT: [2025-05-07 06:30:45,578]  INFO - EventProcessorDeployer Execution plan is deployed successfully and in active state  : carbon.super_app_20PerMin
12:00:45.617 [docker-java-stream--1209706978] INFO  o.w.a.t.DefaultAPIMContainer - STDOUT: [2025-05-07 06:30:45,578]  INFO - EventProcessorDeployer Execution Plan was undeployed successfully : carbon.super_app_50PerMin.siddhiql
12:00:45.874 [docker-java-stream--1209706978] INFO  o.w.a.t.DefaultAPIMContainer - STDOUT: [2025-05-07 06:30:45,847]  INFO - EventJunction Producer added to the junction. Stream:org.wso2.throttle.globalThrottle.stream:1.0.0
12:00:45.878 [docker-java-stream--1209706978] INFO  o.w.a.t.DefaultAPIMContainer - STDOUT: [2025-05-07 06:30:45,847]  INFO - EventJunction Consumer added to the junction. Stream:org.wso2.throttle.processed.request.stream:1.0.0
12:00:45.880 [docker-java-stream--1209706978] INFO  o.w.a.t.DefaultAPIMContainer - STDOUT: [2025-05-07 06:30:45,847]  INFO - EventProcessorDeployer Execution plan is deployed successfully and in active state  : carbon.super_app_50PerMin
12:00:45.880 [docker-java-stream--1209706978] INFO  o.w.a.t.DefaultAPIMContainer - STDOUT: [2025-05-07 06:30:45,847]  INFO - EventProcessorDeployer Execution Plan was undeployed successfully : carbon.super_resource_10KPerMin_default.siddhiql
12:00:46.299 [docker-java-stream--1209706978] INFO  o.w.a.t.DefaultAPIMContainer - STDOUT: [2025-05-07 06:30:46,272]  INFO - EventJunction Producer added to the junction. Stream:org.wso2.throttle.globalThrottle.stream:1.0.0
12:00:46.302 [docker-java-stream--1209706978] INFO  o.w.a.t.DefaultAPIMContainer - STDOUT: [2025-05-07 06:30:46,275]  INFO - EventJunction Consumer added to the junction. Stream:org.wso2.throttle.processed.request.stream:1.0.0
12:00:46.305 [docker-java-stream--1209706978] INFO  o.w.a.t.DefaultAPIMContainer - STDOUT: [2025-05-07 06:30:46,277]  INFO - EventProcessorDeployer Execution plan is deployed successfully and in active state  : carbon.super_resource_10KPerMin_default
12:00:46.306 [docker-java-stream--1209706978] INFO  o.w.a.t.DefaultAPIMContainer - STDOUT: [2025-05-07 06:30:46,280]  INFO - EventProcessorDeployer Execution Plan was undeployed successfully : carbon.super_resource_20KPerMin_default.siddhiql
12:00:46.692 [docker-java-stream--1209706978] INFO  o.w.a.t.DefaultAPIMContainer - STDOUT: [2025-05-07 06:30:46,665]  INFO - EventJunction Producer added to the junction. Stream:org.wso2.throttle.globalThrottle.stream:1.0.0
12:00:46.701 [docker-java-stream--1209706978] INFO  o.w.a.t.DefaultAPIMContainer - STDOUT: [2025-05-07 06:30:46,674]  INFO - EventJunction Consumer added to the junction. Stream:org.wso2.throttle.processed.request.stream:1.0.0
12:00:46.708 [docker-java-stream--1209706978] INFO  o.w.a.t.DefaultAPIMContainer - STDOUT: [2025-05-07 06:30:46,677]  INFO - EventProcessorDeployer Execution plan is deployed successfully and in active state  : carbon.super_resource_20KPerMin_default
12:00:46.711 [docker-java-stream--1209706978] INFO  o.w.a.t.DefaultAPIMContainer - STDOUT: [2025-05-07 06:30:46,680]  INFO - EventProcessorDeployer Execution Plan was undeployed successfully : carbon.super_resource_50KPerMin_defualt.siddhiql
12:00:47.232 [docker-java-stream--1209706978] INFO  o.w.a.t.DefaultAPIMContainer - STDOUT: [2025-05-07 06:30:47,204]  INFO - EventJunction Producer added to the junction. Stream:org.wso2.throttle.globalThrottle.stream:1.0.0
12:00:47.242 [docker-java-stream--1209706978] INFO  o.w.a.t.DefaultAPIMContainer - STDOUT: [2025-05-07 06:30:47,209]  INFO - EventJunction Consumer added to the junction. Stream:org.wso2.throttle.processed.request.stream:1.0.0
12:00:47.244 [docker-java-stream--1209706978] INFO  o.w.a.t.DefaultAPIMContainer - STDOUT: [2025-05-07 06:30:47,209]  INFO - EventProcessorDeployer Execution plan is deployed successfully and in active state  : carbon.super_resource_50KPerMin_default
12:00:47.244 [docker-java-stream--1209706978] INFO  o.w.a.t.DefaultAPIMContainer - STDOUT: [2025-05-07 06:30:47,209]  INFO - EventProcessorDeployer Execution Plan was undeployed successfully : carbon.super_sub_Bronze.siddhiql
12:00:47.252 [docker-java-stream--1209706978] INFO  o.w.a.t.DefaultAPIMContainer - STDOUT: [2025-05-07 06:30:47,224]  WARN - AppDeployerServiceComponent Waiting for required OSGi services: org.wso2.carbon.application.deployer.synapse.service.SynapseAppDeployerService,org.wso2.carbon.mediation.initializer.services.SynapseEnvironmentService,
12:00:47.376 [docker-java-stream--1209706978] INFO  o.w.a.t.DefaultAPIMContainer - STDOUT: [2025-05-07 06:30:47,350]  WARN - StartupFinalizerServiceComponent Waiting for required OSGi services: org.wso2.carbon.application.deployer.service.CappDeploymentService,org.wso2.carbon.server.admin.common.IServerAdmin,org.wso2.carbon.throttling.agent.ThrottlingAgent,
12:00:47.605 [docker-java-stream--1209706978] INFO  o.w.a.t.DefaultAPIMContainer - STDOUT: [2025-05-07 06:30:47,577]  INFO - EventJunction Producer added to the junction. Stream:org.wso2.throttle.globalThrottle.stream:1.0.0
12:00:47.609 [docker-java-stream--1209706978] INFO  o.w.a.t.DefaultAPIMContainer - STDOUT: [2025-05-07 06:30:47,578]  INFO - EventJunction Consumer added to the junction. Stream:org.wso2.throttle.processed.request.stream:1.0.0
12:00:47.610 [docker-java-stream--1209706978] INFO  o.w.a.t.DefaultAPIMContainer - STDOUT: [2025-05-07 06:30:47,579]  INFO - EventProcessorDeployer Execution plan is deployed successfully and in active state  : carbon.super_sub_Bronze
12:00:47.610 [docker-java-stream--1209706978] INFO  o.w.a.t.DefaultAPIMContainer - STDOUT: [2025-05-07 06:30:47,579]  INFO - EventProcessorDeployer Execution Plan was undeployed successfully : carbon.super_sub_Gold.siddhiql
12:00:47.926 [docker-java-stream--1209706978] INFO  o.w.a.t.DefaultAPIMContainer - STDOUT: [2025-05-07 06:30:47,899]  INFO - EventJunction Producer added to the junction. Stream:org.wso2.throttle.globalThrottle.stream:1.0.0
12:00:47.928 [docker-java-stream--1209706978] INFO  o.w.a.t.DefaultAPIMContainer - STDOUT: [2025-05-07 06:30:47,900]  INFO - EventJunction Consumer added to the junction. Stream:org.wso2.throttle.processed.request.stream:1.0.0
12:00:47.928 [docker-java-stream--1209706978] INFO  o.w.a.t.DefaultAPIMContainer - STDOUT: [2025-05-07 06:30:47,901]  INFO - EventProcessorDeployer Execution plan is deployed successfully and in active state  : carbon.super_sub_Gold
12:00:47.929 [docker-java-stream--1209706978] INFO  o.w.a.t.DefaultAPIMContainer - STDOUT: [2025-05-07 06:30:47,902]  INFO - EventProcessorDeployer Execution Plan was undeployed successfully : carbon.super_sub_Silver.siddhiql
12:00:48.639 [docker-java-stream--1209706978] INFO  o.w.a.t.DefaultAPIMContainer - STDOUT: [2025-05-07 06:30:48,609]  INFO - EventJunction Producer added to the junction. Stream:org.wso2.throttle.globalThrottle.stream:1.0.0
12:00:48.639 [docker-java-stream--1209706978] INFO  o.w.a.t.DefaultAPIMContainer - STDOUT: [2025-05-07 06:30:48,611]  INFO - EventJunction Consumer added to the junction. Stream:org.wso2.throttle.processed.request.stream:1.0.0
12:00:48.640 [docker-java-stream--1209706978] INFO  o.w.a.t.DefaultAPIMContainer - STDOUT: [2025-05-07 06:30:48,612]  INFO - EventProcessorDeployer Execution plan is deployed successfully and in active state  : carbon.super_sub_Silver
12:00:48.648 [docker-java-stream--1209706978] INFO  o.w.a.t.DefaultAPIMContainer - STDOUT: [2025-05-07 06:30:48,613]  INFO - EventProcessorDeployer Execution Plan was undeployed successfully : carbon.super_sub_Unauthenticated.siddhiql
12:00:48.959 [docker-java-stream--1209706978] INFO  o.w.a.t.DefaultAPIMContainer - STDOUT: [2025-05-07 06:30:48,930]  INFO - EventJunction Producer added to the junction. Stream:org.wso2.throttle.globalThrottle.stream:1.0.0
12:00:48.959 [docker-java-stream--1209706978] INFO  o.w.a.t.DefaultAPIMContainer - STDOUT: [2025-05-07 06:30:48,931]  INFO - EventJunction Consumer added to the junction. Stream:org.wso2.throttle.processed.request.stream:1.0.0
12:00:48.959 [docker-java-stream--1209706978] INFO  o.w.a.t.DefaultAPIMContainer - STDOUT: [2025-05-07 06:30:48,931]  INFO - EventProcessorDeployer Execution plan is deployed successfully and in active state  : carbon.super_sub_Unauthenticated
12:00:48.959 [docker-java-stream--1209706978] INFO  o.w.a.t.DefaultAPIMContainer - STDOUT: [2025-05-07 06:30:48,931]  INFO - EventStreamDeployer Stream definition is deployed successfully  : org.wso2.throttle.processed.request.stream:1.0.0
12:00:48.974 [docker-java-stream--1209706978] INFO  o.w.a.t.DefaultAPIMContainer - STDOUT: [2025-05-07 06:30:48,942]  INFO - EventReceiverDeployer Event Receiver undeployed successfully: throttleEventReceiver.xml
12:00:49.032 [docker-java-stream--1209706978] INFO  o.w.a.t.DefaultAPIMContainer - STDOUT: [2025-05-07 06:30:49,005]  INFO - InputAdapterRuntime Connecting receiver throttleEventReceiver
12:00:49.045 [docker-java-stream--1209706978] INFO  o.w.a.t.DefaultAPIMContainer - STDOUT: [2025-05-07 06:30:49,017]  INFO - EventJunction Producer added to the junction. Stream:org.wso2.throttle.request.stream:1.0.0
12:00:49.049 [docker-java-stream--1209706978] INFO  o.w.a.t.DefaultAPIMContainer - STDOUT: [2025-05-07 06:30:49,018]  INFO - EventReceiverDeployer Event Receiver configuration successfully deployed and in active state: throttleEventReceiver
12:00:49.049 [docker-java-stream--1209706978] INFO  o.w.a.t.DefaultAPIMContainer - STDOUT: [2025-05-07 06:30:49,018]  INFO - EventReceiverDeployer Event Receiver undeployed successfully: throttleWSO2EventReceiver.xml
12:00:49.072 [docker-java-stream--1209706978] INFO  o.w.a.t.DefaultAPIMContainer - STDOUT: [2025-05-07 06:30:49,044]  INFO - InputAdapterRuntime Connecting receiver throttleWSO2EventReceiver
12:00:49.073 [docker-java-stream--1209706978] INFO  o.w.a.t.DefaultAPIMContainer - STDOUT: [2025-05-07 06:30:49,044]  INFO - EventJunction Producer added to the junction. Stream:org.wso2.throttle.request.stream:1.0.0
12:00:49.073 [docker-java-stream--1209706978] INFO  o.w.a.t.DefaultAPIMContainer - STDOUT: [2025-05-07 06:30:49,044]  INFO - EventReceiverDeployer Event Receiver configuration successfully deployed and in active state: throttleWSO2EventReceiver
12:00:49.074 [docker-java-stream--1209706978] INFO  o.w.a.t.DefaultAPIMContainer - STDOUT: [2025-05-07 06:30:49,044]  INFO - EventProcessorDeployer Execution Plan was undeployed successfully : RequestPreProcessorExecutionPlan.siddhiql
12:00:49.146 [docker-java-stream--1209706978] INFO  o.w.a.t.DefaultAPIMContainer - STDOUT: [2025-05-07 06:30:49,119]  INFO - EventJunction Producer added to the junction. Stream:org.wso2.throttle.processed.request.stream:1.0.0
12:00:49.151 [docker-java-stream--1209706978] INFO  o.w.a.t.DefaultAPIMContainer - STDOUT: [2025-05-07 06:30:49,124]  INFO - EventJunction Consumer added to the junction. Stream:org.wso2.throttle.request.stream:1.0.0
12:00:49.155 [docker-java-stream--1209706978] INFO  o.w.a.t.DefaultAPIMContainer - STDOUT: [2025-05-07 06:30:49,127]  INFO - EventProcessorDeployer Execution plan is deployed successfully and in active state  : requestPreProcessorExecutionPlan
12:00:49.160 [docker-java-stream--1209706978] INFO  o.w.a.t.DefaultAPIMContainer - STDOUT: [2025-05-07 06:30:49,130]  INFO - EventStreamDeployer Stream definition is deployed successfully  : org.wso2.throttle.request.stream:1.0.0
12:01:10.850 [docker-java-stream--1209706978] INFO  o.w.a.t.DefaultAPIMContainer - STDOUT: [2025-05-07 06:31:10,824]  INFO - TomcatGenericWebappsDeployer Deployed webapp: StandardEngine[Catalina].StandardHost[localhost].StandardContext[/accountrecoveryendpoint].File[/opt/repository/deployment/server/webapps/accountrecoveryendpoint]
12:01:15.749 [docker-java-stream--1209706978] INFO  o.w.a.t.DefaultAPIMContainer - STDOUT: [2025-05-07 06:31:15,723]  INFO - TomcatGenericWebappsDeployer Deployed webapp: StandardEngine[Catalina].StandardHost[localhost].StandardContext[/admin].File[/opt/repository/deployment/server/webapps/admin]
12:01:17.721 [docker-java-stream--1209706978] INFO  o.w.a.t.DefaultAPIMContainer - STDOUT: [2025-05-07 06:31:17,694]  INFO - TomcatGenericWebappsDeployer Deployed webapp: StandardEngine[Catalina].StandardHost[localhost].StandardContext[/am/sample/calculator/v1].File[/opt/repository/deployment/server/webapps/am#sample#calculator#v1.war]
12:01:19.479 [docker-java-stream--1209706978] INFO  o.w.a.t.DefaultAPIMContainer - STDOUT: [2025-05-07 06:31:19,453]  INFO - TomcatGenericWebappsDeployer Deployed webapp: StandardEngine[Catalina].StandardHost[localhost].StandardContext[/am/sample/pizzashack/v1].File[/opt/repository/deployment/server/webapps/am#sample#pizzashack#v1.war]
12:01:28.171 [docker-java-stream--1209706978] INFO  o.w.a.t.DefaultAPIMContainer - STDOUT: [2025-05-07 06:31:28,146]  INFO - TomcatGenericWebappsDeployer Deployed webapp: StandardEngine[Catalina].StandardHost[localhost].StandardContext[/api/am/admin].File[/opt/repository/deployment/server/webapps/api#am#admin.war]
12:01:32.811 [docker-java-stream--1209706978] INFO  o.w.a.t.DefaultAPIMContainer - STDOUT: [2025-05-07 06:31:32,785]  INFO - TomcatGenericWebappsDeployer Deployed webapp: StandardEngine[Catalina].StandardHost[localhost].StandardContext[/api/am/devops/v0].File[/opt/repository/deployment/server/webapps/api#am#devops#v0.war]
12:01:38.541 [docker-java-stream--1209706978] INFO  o.w.a.t.DefaultAPIMContainer - STDOUT: [2025-05-07 06:31:38,516]  INFO - TomcatGenericWebappsDeployer Deployed webapp: StandardEngine[Catalina].StandardHost[localhost].StandardContext[/api/am/devportal].File[/opt/repository/deployment/server/webapps/api#am#devportal.war]
12:01:42.795 [docker-java-stream--1209706978] INFO  o.w.a.t.DefaultAPIMContainer - STDOUT: [2025-05-07 06:31:42,770]  INFO - TomcatGenericWebappsDeployer Deployed webapp: StandardEngine[Catalina].StandardHost[localhost].StandardContext[/api/am/gateway/v2].File[/opt/repository/deployment/server/webapps/api#am#gateway#v2.war]
12:01:47.249 [docker-java-stream--1209706978] INFO  o.w.a.t.DefaultAPIMContainer - STDOUT: [2025-05-07 06:31:47,224]  WARN - AppDeployerServiceComponent Waiting for required OSGi services: org.wso2.carbon.application.deployer.synapse.service.SynapseAppDeployerService,org.wso2.carbon.mediation.initializer.services.SynapseEnvironmentService,
12:01:47.375 [docker-java-stream--1209706978] INFO  o.w.a.t.DefaultAPIMContainer - STDOUT: [2025-05-07 06:31:47,350]  WARN - StartupFinalizerServiceComponent Waiting for required OSGi services: org.wso2.carbon.application.deployer.service.CappDeploymentService,org.wso2.carbon.server.admin.common.IServerAdmin,org.wso2.carbon.throttling.agent.ThrottlingAgent,
12:01:48.357 [docker-java-stream--1209706978] INFO  o.w.a.t.DefaultAPIMContainer - STDOUT: [2025-05-07 06:31:48,330]  INFO - TomcatGenericWebappsDeployer Deployed webapp: StandardEngine[Catalina].StandardHost[localhost].StandardContext[/api/am/governance].File[/opt/repository/deployment/server/webapps/api#am#governance.war]
12:01:55.442 [docker-java-stream--1209706978] INFO  o.w.a.t.DefaultAPIMContainer - STDOUT: [2025-05-07 06:31:55,414]  INFO - TomcatGenericWebappsDeployer Deployed webapp: StandardEngine[Catalina].StandardHost[localhost].StandardContext[/api/am/publisher].File[/opt/repository/deployment/server/webapps/api#am#publisher.war]
12:01:59.541 [docker-java-stream--1209706978] INFO  o.w.a.t.DefaultAPIMContainer - STDOUT: [2025-05-07 06:31:59,513]  INFO - TomcatGenericWebappsDeployer Deployed webapp: StandardEngine[Catalina].StandardHost[localhost].StandardContext[/api/am/service-catalog/v1].File[/opt/repository/deployment/server/webapps/api#am#service-catalog#v1.war]
12:02:02.498 [docker-java-stream--1209706978] INFO  o.w.a.t.DefaultAPIMContainer - STDOUT: [2025-05-07 06:32:02,473]  INFO - TomcatGenericWebappsDeployer Deployed webapp: StandardEngine[Catalina].StandardHost[localhost].StandardContext[/api/identity/auth/v1.1].File[/opt/repository/deployment/server/webapps/api#identity#auth#v1.1.war]
12:02:05.457 [docker-java-stream--1209706978] INFO  o.w.a.t.DefaultAPIMContainer - STDOUT: [2025-05-07 06:32:05,433]  INFO - TomcatGenericWebappsDeployer Deployed webapp: StandardEngine[Catalina].StandardHost[localhost].StandardContext[/api/identity/consent-mgt/v1.0].File[/opt/repository/deployment/server/webapps/api#identity#consent-mgt#v1.0.war]
12:02:08.846 [docker-java-stream--1209706978] INFO  o.w.a.t.DefaultAPIMContainer - STDOUT: [2025-05-07 06:32:08,821]  INFO - TomcatGenericWebappsDeployer Deployed webapp: StandardEngine[Catalina].StandardHost[localhost].StandardContext[/api/identity/oauth2/dcr/v1.1].File[/opt/repository/deployment/server/webapps/api#identity#oauth2#dcr#v1.1.war]
12:02:11.644 [docker-java-stream--1209706978] INFO  o.w.a.t.DefaultAPIMContainer - STDOUT: [2025-05-07 06:32:11,620]  INFO - TomcatGenericWebappsDeployer Deployed webapp: StandardEngine[Catalina].StandardHost[localhost].StandardContext[/api/identity/oauth2/v1.0].File[/opt/repository/deployment/server/webapps/api#identity#oauth2#v1.0.war]
12:02:14.569 [docker-java-stream--1209706978] INFO  o.w.a.t.DefaultAPIMContainer - STDOUT: [2025-05-07 06:32:14,543]  INFO - TomcatGenericWebappsDeployer Deployed webapp: StandardEngine[Catalina].StandardHost[localhost].StandardContext[/api/identity/recovery/v0.9].File[/opt/repository/deployment/server/webapps/api#identity#recovery#v0.9.war]
12:02:17.635 [docker-java-stream--1209706978] INFO  o.w.a.t.DefaultAPIMContainer - STDOUT: [2025-05-07 06:32:17,611]  INFO - TomcatGenericWebappsDeployer Deployed webapp: StandardEngine[Catalina].StandardHost[localhost].StandardContext[/api/identity/user/v1.0].File[/opt/repository/deployment/server/webapps/api#identity#user#v1.0.war]
12:02:33.042 [docker-java-stream--1209706978] INFO  o.w.a.t.DefaultAPIMContainer - STDOUT: [2025-05-07 06:32:33,017]  INFO - TomcatGenericWebappsDeployer Deployed webapp: StandardEngine[Catalina].StandardHost[localhost].StandardContext[/authenticationendpoint].File[/opt/repository/deployment/server/webapps/authenticationendpoint]
12:02:36.640 [docker-java-stream--1209706978] INFO  o.w.a.t.DefaultAPIMContainer - STDOUT: [2025-05-07 06:32:36,617]  INFO - TomcatGenericWebappsDeployer Deployed webapp: StandardEngine[Catalina].StandardHost[localhost].StandardContext[/client-registration/v0.17].File[/opt/repository/deployment/server/webapps/client-registration#v0.17.war]
12:02:40.879 [docker-java-stream--1209706978] INFO  o.w.a.t.DefaultAPIMContainer - STDOUT: [2025-05-07 06:32:40,856]  INFO - TomcatGenericWebappsDeployer Deployed webapp: StandardEngine[Catalina].StandardHost[localhost].StandardContext[/devportal].File[/opt/repository/deployment/server/webapps/devportal]
12:02:45.003 [docker-java-stream--1209706978] INFO  o.w.a.t.DefaultAPIMContainer - STDOUT: [2025-05-07 06:32:44,979]  INFO - TomcatGenericWebappsDeployer Deployed webapp: StandardEngine[Catalina].StandardHost[localhost].StandardContext[/internal/data/v1].File[/opt/repository/deployment/server/webapps/internal#data#v1.war]
12:02:47.248 [docker-java-stream--1209706978] INFO  o.w.a.t.DefaultAPIMContainer - STDOUT: [2025-05-07 06:32:47,224]  WARN - AppDeployerServiceComponent Waiting for required OSGi services: org.wso2.carbon.application.deployer.synapse.service.SynapseAppDeployerService,org.wso2.carbon.mediation.initializer.services.SynapseEnvironmentService,
12:02:47.374 [docker-java-stream--1209706978] INFO  o.w.a.t.DefaultAPIMContainer - STDOUT: [2025-05-07 06:32:47,350]  WARN - StartupFinalizerServiceComponent Waiting for required OSGi services: org.wso2.carbon.application.deployer.service.CappDeploymentService,org.wso2.carbon.server.admin.common.IServerAdmin,org.wso2.carbon.throttling.agent.ThrottlingAgent,
12:02:48.767 [docker-java-stream--1209706978] INFO  o.w.a.t.DefaultAPIMContainer - STDOUT: [2025-05-07 06:32:48,744]  INFO - TomcatGenericWebappsDeployer Deployed webapp: StandardEngine[Catalina].StandardHost[localhost].StandardContext[/keymanager-operations].File[/opt/repository/deployment/server/webapps/keymanager-operations.war]
12:02:56.722 [docker-java-stream--1209706978] INFO  o.w.a.t.DefaultAPIMContainer - STDOUT: [2025-05-07 06:32:56,698]  INFO - TomcatGenericWebappsDeployer Deployed webapp: StandardEngine[Catalina].StandardHost[localhost].StandardContext[/oauth2].File[/opt/repository/deployment/server/webapps/oauth2.war]
12:03:00.103 [docker-java-stream--1209706978] INFO  o.w.a.t.DefaultAPIMContainer - STDOUT: [2025-05-07 06:33:00,081]  INFO - TomcatGenericWebappsDeployer Deployed webapp: StandardEngine[Catalina].StandardHost[localhost].StandardContext[/publisher].File[/opt/repository/deployment/server/webapps/publisher]
12:03:00.114 [docker-java-stream--1209706978] INFO  o.w.a.t.DefaultAPIMContainer - STDOUT: [2025-05-07 06:33:00,091]  INFO - Axis2SynapseController Deploying the Synapse service...
12:03:00.123 [docker-java-stream--1209706978] INFO  o.w.a.t.DefaultAPIMContainer - STDOUT: [2025-05-07 06:33:00,100]  INFO - Axis2SynapseController Deploying Proxy services...
12:03:00.126 [docker-java-stream--1209706978] INFO  o.w.a.t.DefaultAPIMContainer - STDOUT: [2025-05-07 06:33:00,103]  INFO - Axis2SynapseController Deploying EventSources...
12:03:00.294 [docker-java-stream--1209706978] INFO  o.w.a.t.DefaultAPIMContainer - STDOUT: [2025-05-07 06:33:00,272]  INFO - InboundEndpoint Initializing Inbound Endpoint: WebSocketInboundEndpoint
12:03:01.617 [docker-java-stream--1209706978] INFO  o.w.a.t.DefaultAPIMContainer - STDOUT: [2025-05-07 06:33:01,586]  INFO - WebsocketEndpointManager Netty Listener starting on port 9099
12:03:01.617 [docker-java-stream--1209706978] INFO  o.w.a.t.DefaultAPIMContainer - STDOUT: [2025-05-07 06:33:01,587]  INFO - InboundEndpoint Initializing Inbound Endpoint: SecureWebSocketEP
12:03:01.657 [docker-java-stream--1209706978] INFO  o.w.a.t.DefaultAPIMContainer - STDOUT: [2025-05-07 06:33:01,631]  INFO - WebsocketEndpointManager Netty SSL Listener starting on port 8099
12:03:01.657 [docker-java-stream--1209706978] INFO  o.w.a.t.DefaultAPIMContainer - STDOUT: [2025-05-07 06:33:01,631]  INFO - InboundEndpoint Initializing Inbound Endpoint: WebhookServer
12:03:01.896 [docker-java-stream--1209706978] INFO  o.w.a.t.DefaultAPIMContainer - STDOUT: [2025-05-07 06:33:01,871]  INFO - PassThroughListeningIOReactorManager Pass-through WebhookServer Listener started on 0.0.0.0:9021
12:03:01.896 [docker-java-stream--1209706978] INFO  o.w.a.t.DefaultAPIMContainer - STDOUT: [2025-05-07 06:33:01,871]  INFO - InboundEndpoint Initializing Inbound Endpoint: SecureWebhookServer
12:03:02.133 [docker-java-stream--1209706978] INFO  o.w.a.t.DefaultAPIMContainer - STDOUT: [2025-05-07 06:33:02,111]  INFO - PassThroughListeningIOReactorManager Pass-through SecureWebhookServer Listener started on 0.0.0.0:8021
12:03:02.144 [docker-java-stream--1209706978] INFO  o.w.a.t.DefaultAPIMContainer - STDOUT: [2025-05-07 06:33:02,121]  INFO - ServerManager Server ready for processing...
12:03:05.228 [docker-java-stream--1209706978] INFO  o.w.a.t.DefaultAPIMContainer - STDOUT: [2025-05-07 06:33:05,205]  INFO - JMSConnectionFactory JMS ConnectionFactory : Siddhi-JMS-Consumer initialized
12:03:05.237 [docker-java-stream--1209706978] INFO  o.w.a.t.DefaultAPIMContainer - STDOUT: [2025-05-07 06:33:05,208]  INFO - JMSConnectionFactory JMS ConnectionFactory : Siddhi-JMS-Consumer initialized
12:03:05.515 [docker-java-stream--1209706978] INFO  o.w.a.t.DefaultAPIMContainer - STDOUT: [2025-05-07 06:33:05,492]  INFO - WebsocketEndpointManager Netty Listener already started on port 8099
12:03:05.516 [docker-java-stream--1209706978] INFO  o.w.a.t.DefaultAPIMContainer - STDOUT: [2025-05-07 06:33:05,493]  INFO - HTTPEndpointManager Listener is already started for port : 8021
12:03:05.516 [docker-java-stream--1209706978] INFO  o.w.a.t.DefaultAPIMContainer - STDOUT: [2025-05-07 06:33:05,494]  INFO - WebsocketEndpointManager Netty Listener already started on port 9099
12:03:05.516 [docker-java-stream--1209706978] INFO  o.w.a.t.DefaultAPIMContainer - STDOUT: [2025-05-07 06:33:05,495]  INFO - HTTPEndpointManager Listener is already started for port : 9021
12:03:06.288 [docker-java-stream--1209706978] INFO  o.w.a.t.DefaultAPIMContainer - STDOUT: [2025-05-07 06:33:06,266]  INFO - QpidServiceComponent Activating Andes Message Broker Engine...
12:03:07.140 [docker-java-stream--1209706978] INFO  o.w.a.t.DefaultAPIMContainer - STDOUT: [Broker] BRK-1001 : Startup : Version: 0.11 Build: 90784:90849
12:03:07.238 [docker-java-stream--1209706978] INFO  o.w.a.t.DefaultAPIMContainer - STDOUT: [Broker] MNG-1001 : Startup
12:03:07.239 [docker-java-stream--1209706978] INFO  o.w.a.t.DefaultAPIMContainer - STDOUT: [Broker] MNG-1004 : Ready : Using the platform JMX Agent
12:03:09.930 [docker-java-stream--1209706978] INFO  o.w.a.t.DefaultAPIMContainer - STDOUT: [Broker] BRK-1002 : Starting : Listening on TCP port 5672
12:03:09.939 [docker-java-stream--1209706978] INFO  o.w.a.t.DefaultAPIMContainer - STDOUT: [2025-05-07 06:33:09,916]  INFO - listening [Broker] BRK-1002 : Starting : Listening on TCP port 5672
12:03:09.988 [docker-java-stream--1209706978] INFO  o.w.a.t.DefaultAPIMContainer - STDOUT: [Broker] BRK-1002 : Starting : Listening on TCP/SSL port 8672
12:03:09.990 [docker-java-stream--1209706978] INFO  o.w.a.t.DefaultAPIMContainer - STDOUT: [Broker] BRK-1004 : Qpid Broker Ready
12:03:09.994 [docker-java-stream--1209706978] INFO  o.w.a.t.DefaultAPIMContainer - STDOUT: [2025-05-07 06:33:09,968]  INFO - listening [Broker] BRK-1002 : Starting : Listening on TCP/SSL port 8672
12:03:10.515 [docker-java-stream--1209706978] INFO  o.w.a.t.DefaultAPIMContainer - STDOUT: [Broker] [vh(/carbon)/qu(deadletterchannel)] QUE-1001 : Create : Owner: admin Durable
12:03:10.641 [docker-java-stream--1209706978] INFO  o.w.a.t.DefaultAPIMContainer - STDOUT: [2025-05-07 06:33:10,615]  INFO - QpidServiceComponent AMQP Host Address : 0.0.0.0 Port : 5672
12:03:10.644 [docker-java-stream--1209706978] INFO  o.w.a.t.DefaultAPIMContainer - STDOUT: [2025-05-07 06:33:10,615]  INFO - QpidServiceComponent Successfully connected to AMQP server on port 5672
12:03:10.644 [docker-java-stream--1209706978] INFO  o.w.a.t.DefaultAPIMContainer - STDOUT: [2025-05-07 06:33:10,618]  INFO - QpidServiceComponent WSO2 Message Broker is started.
12:03:13.297 [docker-java-stream--1209706978] INFO  o.w.a.t.DefaultAPIMContainer - STDOUT: [2025-05-07 06:33:13,275]  INFO - BinaryDataReceiver Started Binary SSL Transport on port : 9711
12:03:13.309 [docker-java-stream--1209706978] INFO  o.w.a.t.DefaultAPIMContainer - STDOUT: [2025-05-07 06:33:13,286]  INFO - BinaryDataReceiver Started Binary TCP Transport on port : 9611
12:03:14.491 [docker-java-stream--1209706978] INFO  o.w.a.t.DefaultAPIMContainer - STDOUT: [2025-05-07 06:33:14,469]  INFO - ThriftServerStartupObserver  Thrift Data Receiver is disabled.
12:03:15.112 [docker-java-stream--1209706978] INFO  o.w.a.t.DefaultAPIMContainer - STDOUT: [2025-05-07 06:33:15,086]  INFO - PassThroughHttpListener Starting Pass-through HTTP Listener...
12:03:15.229 [docker-java-stream--1209706978] INFO  o.w.a.t.DefaultAPIMContainer - STDOUT: [2025-05-07 06:33:15,197]  INFO - PassThroughListeningIOReactorManager Pass-through HTTP Listener started on 0.0.0.0:8280
12:03:15.253 [docker-java-stream--1209706978] INFO  o.w.a.t.DefaultAPIMContainer - STDOUT: [2025-05-07 06:33:15,224]  INFO - PassThroughHttpMultiSSLListener Starting Pass-through HTTPS Listener...
12:03:15.281 [docker-java-stream--1209706978] INFO  o.w.a.t.DefaultAPIMContainer - STDOUT: [2025-05-07 06:33:15,258]  INFO - PassThroughListeningIOReactorManager Pass-through HTTPS Listener started on 0.0.0.0:8243
12:03:15.860 [main] INFO  tc.openjdk:11-jre-slim - Container openjdk:11-jre-slim started in PT7M0.233731576S
12:03:15.860 [main] INFO  o.w.a.t.DefaultAPIMContainer - DefaultAPIMContainer successfully initialized
  &amp#27;[32mAnd &amp#27;[0m&amp#27;[32mI have initialized the Default API Manager container&amp#27;[0m                                                                                 &amp#27;[90m# org.wso2.am.integration.cucumbertests.stepdefinitions.ContainorIntitialisationStepDefinitions.initializeDefaultAPIMContainer()&amp#27;[0m
12:03:15.978 [docker-java-stream--1209706978] INFO  o.w.a.t.DefaultAPIMContainer - STDOUT: [2025-05-07 06:33:15,956]  INFO - certificate Connector [https-jsse-nio-9443], TLS virtual host [_default_], certificate type [UNDEFINED] configured from keystore [/opt/repository/resources/security/wso2carbon.jks] using alias [wso2carbon] with trust store [/opt/repository/resources/security/client-truststore.jks]
12:03:17.429 [docker-java-stream--1209706978] INFO  o.w.a.t.DefaultAPIMContainer - STDOUT: [2025-05-07 06:33:17,407]  INFO - TaskServiceImpl Task service starting in STANDALONE mode...
12:03:18.616 [docker-java-stream--1209706978] INFO  o.w.a.t.DefaultAPIMContainer - STDOUT: [2025-05-07 06:33:18,594]  INFO - RegistryEventingServiceComponent Successfully Initialized Eventing on Registry
12:03:20.424 [docker-java-stream--1209706978] INFO  o.w.a.t.DefaultAPIMContainer - STDOUT: [2025-05-07 06:33:20,389]  INFO - JMXServerManager JMX Service URL  : service:jmx:rmi://localhost:11111/jndi/rmi://localhost:9999/jmxrmi
12:03:23.096 [docker-java-stream--1209706978] INFO  o.w.a.t.DefaultAPIMContainer - STDOUT: [2025-05-07 06:33:23,074]  INFO - APIMGovernanceUtil Adding default ruleset: OWASP Top 10
12:03:28.060 [docker-java-stream--1209706978] INFO  o.w.a.t.DefaultAPIMContainer - STDOUT: [2025-05-07 06:33:28,037]  INFO - APIMGovernanceUtil Adding default ruleset: WSO2 API Management Guidelines
12:03:28.914 [docker-java-stream--1209706978] INFO  o.w.a.t.DefaultAPIMContainer - STDOUT: [2025-05-07 06:33:28,892]  INFO - APIMGovernanceUtil Adding default ruleset: WSO2 REST API Design Guidelines
12:03:29.505 [docker-java-stream--1209706978] INFO  o.w.a.t.DefaultAPIMContainer - STDOUT: [2025-05-07 06:33:29,482]  INFO - APIMGovernanceUtil Adding default policy: WSO2 API Management Best Practices
12:03:29.713 [docker-java-stream--1209706978] INFO  o.w.a.t.DefaultAPIMContainer - STDOUT: [2025-05-07 06:33:29,689]  INFO - JMSTransportHandler Starting jms topic consumer thread for the notification topic...
12:03:31.915 [docker-java-stream--1209706978] INFO  o.w.a.t.DefaultAPIMContainer - STDOUT: [2025-05-07 06:33:31,890]  INFO - DataBridge user admin connected
12:03:32.637 [docker-java-stream--1209706978] INFO  o.w.a.t.DefaultAPIMContainer - STDOUT: [2025-05-07 06:33:32,616]  INFO - JMSTransportHandler Starting jms topic consumer thread for the notification topic...
12:03:32.663 [docker-java-stream--1209706978] INFO  o.w.a.t.DefaultAPIMContainer - STDOUT: [2025-05-07 06:33:32,641]  INFO - JMSTransportHandler Starting jms topic consumer thread for the keyManager topic...
12:03:32.810 [docker-java-stream--1209706978] INFO  o.w.a.t.DefaultAPIMContainer - STDOUT: [2025-05-07 06:33:32,788]  INFO - JMSTransportHandler Starting jms topic consumer thread for the notification topic...
12:03:34.278 [docker-java-stream--1209706978] INFO  o.w.a.t.DefaultAPIMContainer - STDOUT: [2025-05-07 06:33:34,256]  INFO - JMSListener Connection successfully created towards the JMS provider for the listener: Siddhi-JMS-Consumer#notification. The connected JMS provider is AMQConnection: | Host: 172.23.0.3 | Port: 5672 | Virtual Host: carbon | Client ID: clientid | Active session count: 0
12:03:34.288 [docker-java-stream--1209706978] INFO  o.w.a.t.DefaultAPIMContainer - STDOUT: [2025-05-07 06:33:34,262]  INFO - JMSListener Connection attempt: 1 for JMS Provider for listener: Siddhi-JMS-Consumer#notification was successful!
12:03:34.294 [docker-java-stream--1209706978] INFO  o.w.a.t.DefaultAPIMContainer - STDOUT: [2025-05-07 06:33:34,260]  INFO - JMSListener Connection successfully created towards the JMS provider for the listener: Siddhi-JMS-Consumer#notification. The connected JMS provider is AMQConnection: | Host: 172.23.0.3 | Port: 5672 | Virtual Host: carbon | Client ID: clientid | Active session count: 0
12:03:34.304 [docker-java-stream--1209706978] INFO  o.w.a.t.DefaultAPIMContainer - STDOUT: [2025-05-07 06:33:34,260]  INFO - JMSListener Connection successfully created towards the JMS provider for the listener: Siddhi-JMS-Consumer#keyManager. The connected JMS provider is AMQConnection: | Host: 172.23.0.3 | Port: 5672 | Virtual Host: carbon | Client ID: clientid | Active session count: 0
12:03:34.305 [docker-java-stream--1209706978] INFO  o.w.a.t.DefaultAPIMContainer - STDOUT: [2025-05-07 06:33:34,260]  INFO - JMSListener Connection attempt: 1 for JMS Provider for listener: Siddhi-JMS-Consumer#keyManager was successful!
12:03:34.306 [docker-java-stream--1209706978] INFO  o.w.a.t.DefaultAPIMContainer - STDOUT: [2025-05-07 06:33:34,260]  INFO - JMSListener Connection attempt: 1 for JMS Provider for listener: Siddhi-JMS-Consumer#notification was successful!
12:03:34.306 [docker-java-stream--1209706978] INFO  o.w.a.t.DefaultAPIMContainer - STDOUT: [2025-05-07 06:33:34,267]  INFO - JMSListener Connection successfully created towards the JMS provider for the listener: Siddhi-JMS-Consumer#notification. The connected JMS provider is AMQConnection: | Host: 172.23.0.3 | Port: 5672 | Virtual Host: carbon | Client ID: clientid | Active session count: 0
12:03:34.306 [docker-java-stream--1209706978] INFO  o.w.a.t.DefaultAPIMContainer - STDOUT: [2025-05-07 06:33:34,274]  INFO - JMSListener Connection attempt: 1 for JMS Provider for listener: Siddhi-JMS-Consumer#notification was successful!
12:03:34.356 [docker-java-stream--1209706978] INFO  o.w.a.t.DefaultAPIMContainer - STDOUT: [2025-05-07 06:33:34,334]  INFO - JMSTaskManager Task manager for Siddhi-JMS-Consumer [re-]initialized
12:03:34.361 [docker-java-stream--1209706978] INFO  o.w.a.t.DefaultAPIMContainer - STDOUT: [2025-05-07 06:33:34,339]  INFO - JMSTaskManager Task manager for Siddhi-JMS-Consumer [re-]initialized
12:03:34.362 [docker-java-stream--1209706978] INFO  o.w.a.t.DefaultAPIMContainer - STDOUT: [2025-05-07 06:33:34,341]  INFO - JMSTaskManager Task manager for Siddhi-JMS-Consumer [re-]initialized
12:03:34.366 [docker-java-stream--1209706978] INFO  o.w.a.t.DefaultAPIMContainer - STDOUT: [2025-05-07 06:33:34,343]  INFO - JMSTaskManager Task manager for Siddhi-JMS-Consumer [re-]initialized
12:03:34.890 [docker-java-stream--1209706978] INFO  o.w.a.t.DefaultAPIMContainer - STDOUT: [2025-05-07 06:33:34,869]  INFO - EventProcessorConfigurationFilesystemInvoker carbon.super_sub_Silver.siddhiql is deleted from the file system
12:03:34.912 [docker-java-stream--1209706978] INFO  o.w.a.t.DefaultAPIMContainer - STDOUT: [2025-05-07 06:33:34,886]  INFO - EventProcessorDeployer Execution Plan was undeployed successfully : carbon.super_sub_Silver.siddhiql
12:03:34.936 [docker-java-stream--1209706978] INFO  o.w.a.t.DefaultAPIMContainer - STDOUT: [2025-05-07 06:33:34,912]  INFO - EventProcessorConfigurationFilesystemInvoker carbon.super_resource_50KPerMin_defualt.siddhiql is deleted from the file system
12:03:34.955 [docker-java-stream--1209706978] INFO  o.w.a.t.DefaultAPIMContainer - STDOUT: [2025-05-07 06:33:34,912]  INFO - EventProcessorDeployer Execution Plan was undeployed successfully : carbon.super_resource_50KPerMin_defualt.siddhiql
12:03:34.985 [docker-java-stream--1209706978] INFO  o.w.a.t.DefaultAPIMContainer - STDOUT: [2025-05-07 06:33:34,929]  INFO - EventProcessorConfigurationFilesystemInvoker carbon.super_sub_Bronze.siddhiql is deleted from the file system
12:03:34.986 [docker-java-stream--1209706978] INFO  o.w.a.t.DefaultAPIMContainer - STDOUT: [2025-05-07 06:33:34,929]  INFO - EventProcessorDeployer Execution Plan was undeployed successfully : carbon.super_sub_Bronze.siddhiql
12:03:35.023 [docker-java-stream--1209706978] INFO  o.w.a.t.DefaultAPIMContainer - STDOUT: [2025-05-07 06:33:34,959]  INFO - EventProcessorConfigurationFilesystemInvoker carbon.super_resource_20KPerMin_default.siddhiql is deleted from the file system
12:03:35.024 [docker-java-stream--1209706978] INFO  o.w.a.t.DefaultAPIMContainer - STDOUT: [2025-05-07 06:33:34,959]  INFO - EventProcessorDeployer Execution Plan was undeployed successfully : carbon.super_resource_20KPerMin_default.siddhiql
12:03:35.025 [docker-java-stream--1209706978] INFO  o.w.a.t.DefaultAPIMContainer - STDOUT: [2025-05-07 06:33:34,995]  INFO - EventProcessorConfigurationFilesystemInvoker carbon.super_sub_Unauthenticated.siddhiql is deleted from the file system
12:03:35.026 [docker-java-stream--1209706978] INFO  o.w.a.t.DefaultAPIMContainer - STDOUT: [2025-05-07 06:33:34,995]  INFO - EventProcessorDeployer Execution Plan was undeployed successfully : carbon.super_sub_Unauthenticated.siddhiql
12:03:35.078 [docker-java-stream--1209706978] INFO  o.w.a.t.DefaultAPIMContainer - STDOUT: [2025-05-07 06:33:35,055]  INFO - EventProcessorConfigurationFilesystemInvoker carbon.super_resource_10KPerMin_default.siddhiql is deleted from the file system
12:03:35.105 [docker-java-stream--1209706978] INFO  o.w.a.t.DefaultAPIMContainer - STDOUT: [2025-05-07 06:33:35,084]  INFO - EventProcessorDeployer Execution Plan was undeployed successfully : carbon.super_resource_10KPerMin_default.siddhiql
12:03:35.126 [docker-java-stream--1209706978] INFO  o.w.a.t.DefaultAPIMContainer - STDOUT: [2025-05-07 06:33:35,104]  INFO - EventProcessorConfigurationFilesystemInvoker carbon.super_sub_Gold.siddhiql is deleted from the file system
12:03:35.143 [docker-java-stream--1209706978] INFO  o.w.a.t.DefaultAPIMContainer - STDOUT: [2025-05-07 06:33:35,104]  INFO - EventProcessorDeployer Execution Plan was undeployed successfully : carbon.super_sub_Gold.siddhiql
12:03:35.147 [docker-java-stream--1209706978] INFO  o.w.a.t.DefaultAPIMContainer - STDOUT: [2025-05-07 06:33:35,126]  INFO - EventProcessorConfigurationFilesystemInvoker carbon.super_app_10PerMin.siddhiql is deleted from the file system
12:03:35.149 [docker-java-stream--1209706978] INFO  o.w.a.t.DefaultAPIMContainer - STDOUT: [2025-05-07 06:33:35,126]  INFO - EventProcessorDeployer Execution Plan was undeployed successfully : carbon.super_app_10PerMin.siddhiql
12:03:35.174 [docker-java-stream--1209706978] INFO  o.w.a.t.DefaultAPIMContainer - STDOUT: [2025-05-07 06:33:35,150]  INFO - EventProcessorConfigurationFilesystemInvoker carbon.super_app_20PerMin.siddhiql is deleted from the file system
12:03:35.191 [docker-java-stream--1209706978] INFO  o.w.a.t.DefaultAPIMContainer - STDOUT: [2025-05-07 06:33:35,154]  INFO - EventProcessorDeployer Execution Plan was undeployed successfully : carbon.super_app_20PerMin.siddhiql
12:03:35.195 [docker-java-stream--1209706978] INFO  o.w.a.t.DefaultAPIMContainer - STDOUT: [2025-05-07 06:33:35,165]  INFO - EventProcessorConfigurationFilesystemInvoker carbon.super_app_50PerMin.siddhiql is deleted from the file system
12:03:35.196 [docker-java-stream--1209706978] INFO  o.w.a.t.DefaultAPIMContainer - STDOUT: [2025-05-07 06:33:35,165]  INFO - EventProcessorDeployer Execution Plan was undeployed successfully : carbon.super_app_50PerMin.siddhiql
12:03:36.508 [docker-java-stream--1209706978] INFO  o.w.a.t.DefaultAPIMContainer - STDOUT: [2025-05-07 06:33:36,478]  INFO - InMemoryAPIDeployer Deploying synapse artifacts of _JwksEndpoint_
12:03:36.667 [docker-java-stream--1209706978] INFO  o.w.a.t.DefaultAPIMContainer - STDOUT: [2025-05-07 06:33:36,645]  INFO - JMSConnectionFactory JMS ConnectionFactory : keymgtEventJMSEventPublisher initialized
12:03:36.668 [docker-java-stream--1209706978] INFO  o.w.a.t.DefaultAPIMContainer - STDOUT: [2025-05-07 06:33:36,645]  INFO - JMSConnectionFactory JMS ConnectionFactory : cacheInvalidationJMSPublisher initialized
12:03:36.715 [docker-java-stream--1209706978] INFO  o.w.a.t.DefaultAPIMContainer - STDOUT: [2025-05-07 06:33:36,679]  INFO - JMSConnectionFactory JMS ConnectionFactory : notificationJMSPublisher initialized
12:03:36.971 [docker-java-stream--1209706978] INFO  o.w.a.t.DefaultAPIMContainer - STDOUT: [2025-05-07 06:33:36,947]  INFO - JMSTransportHandler Starting jms topic consumer thread for the throttleData topic...
12:03:37.043 [docker-java-stream--1209706978] INFO  o.w.a.t.DefaultAPIMContainer - STDOUT: [2025-05-07 06:33:37,017]  INFO - JMSTransportHandler Starting jms topic consumer thread for the tokenRevocation topic...
12:03:37.105 [docker-java-stream--1209706978] INFO  o.w.a.t.DefaultAPIMContainer - STDOUT: [2025-05-07 06:33:37,077]  INFO - JMSTransportHandler Starting jms topic consumer thread for the cacheInvalidation topic...
12:03:37.259 [docker-java-stream--1209706978] INFO  o.w.a.t.DefaultAPIMContainer - STDOUT: [2025-05-07 06:33:37,224]  INFO - JMSTransportHandler Starting jms topic consumer thread for the notification topic...
12:03:37.260 [docker-java-stream--1209706978] INFO  o.w.a.t.DefaultAPIMContainer - STDOUT: [2025-05-07 06:33:37,228]  INFO - JMSTransportHandler Starting jms topic consumer thread for the throttleData topic...
12:03:37.298 [docker-java-stream--1209706978] INFO  o.w.a.t.DefaultAPIMContainer - STDOUT: [2025-05-07 06:33:37,276]  INFO - JMSTransportHandler Starting jms topic consumer thread for the asyncWebhooksData topic...
12:03:37.316 [docker-java-stream--1209706978] INFO  o.w.a.t.DefaultAPIMContainer - STDOUT: [2025-05-07 06:33:37,294]  INFO - API {api:_JwksEndpoint_} Initializing API: _JwksEndpoint_
12:03:37.367 [docker-java-stream--1209706978] INFO  o.w.a.t.DefaultAPIMContainer - STDOUT: [2025-05-07 06:33:37,342]  WARN - JMSListener Polling tasks on destination : keyManager of type topic for listener Siddhi-JMS-Consumer#keyManager have not yet started after 3 seconds ..
12:03:37.368 [docker-java-stream--1209706978] INFO  o.w.a.t.DefaultAPIMContainer - STDOUT: [2025-05-07 06:33:37,343]  WARN - JMSListener Polling tasks on destination : notification of type topic for listener Siddhi-JMS-Consumer#notification have not yet started after 3 seconds ..
12:03:37.368 [docker-java-stream--1209706978] INFO  o.w.a.t.DefaultAPIMContainer - STDOUT: [2025-05-07 06:33:37,344]  WARN - JMSListener Polling tasks on destination : notification of type topic for listener Siddhi-JMS-Consumer#notification have not yet started after 3 seconds ..
12:03:37.371 [docker-java-stream--1209706978] INFO  o.w.a.t.DefaultAPIMContainer - STDOUT: [2025-05-07 06:33:37,348]  WARN - JMSListener Polling tasks on destination : notification of type topic for listener Siddhi-JMS-Consumer#notification have not yet started after 3 seconds ..
12:03:37.601 [docker-java-stream--1209706978] INFO  o.w.a.t.DefaultAPIMContainer - STDOUT: [2025-05-07 06:33:37,580]  INFO - DependencyTracker API : _JwksEndpoint_ was added to the Synapse configuration successfully
12:03:37.936 [docker-java-stream--1209706978] INFO  o.w.a.t.DefaultAPIMContainer - STDOUT: [2025-05-07 06:33:37,907]  INFO - InMemoryAPIDeployer Deploying synapse artifacts of _HealthCheckAPI_
12:03:38.019 [docker-java-stream--1209706978] INFO  o.w.a.t.DefaultAPIMContainer - STDOUT: [2025-05-07 06:33:37,972]  INFO - DataBridge user admin connected
12:03:38.047 [docker-java-stream--1209706978] INFO  o.w.a.t.DefaultAPIMContainer - STDOUT: [2025-05-07 06:33:38,023]  INFO - API {api:_HealthCheckAPI_} Initializing API: _HealthCheckAPI_
12:03:38.049 [docker-java-stream--1209706978] INFO  o.w.a.t.DefaultAPIMContainer - STDOUT: [2025-05-07 06:33:38,024]  INFO - DependencyTracker API : _HealthCheckAPI_ was added to the Synapse configuration successfully
12:03:38.613 [docker-java-stream--1209706978] INFO  o.w.a.t.DefaultAPIMContainer - STDOUT: [2025-05-07 06:33:38,592]  INFO - StartupFinalizerServiceComponent Server           :  WSO2 API Manager-4.5.0
12:03:38.690 [docker-java-stream--1209706978] INFO  o.w.a.t.DefaultAPIMContainer - STDOUT: [2025-05-07 06:33:38,668]  INFO - StartupFinalizerServiceComponent WSO2 Carbon started in 384 sec
12:03:39.201 [docker-java-stream--1209706978] INFO  o.w.a.t.DefaultAPIMContainer - STDOUT: [2025-05-07 06:33:39,179]  INFO - EventProcessorConfigurationFilesystemInvoker Execution plan: carbon.super_sub_Gold saved in the filesystem
12:03:39.584 [docker-java-stream--1209706978] INFO  o.w.a.t.DefaultAPIMContainer - STDOUT: [2025-05-07 06:33:39,563]  INFO - JMSListener Connection successfully created towards the JMS provider for the listener: Siddhi-JMS-Consumer#notification. The connected JMS provider is AMQConnection: | Host: 172.23.0.3 | Port: 5672 | Virtual Host: carbon | Client ID: clientid | Active session count: 0
12:03:39.585 [docker-java-stream--1209706978] INFO  o.w.a.t.DefaultAPIMContainer - STDOUT: [2025-05-07 06:33:39,563]  INFO - JMSListener Connection attempt: 1 for JMS Provider for listener: Siddhi-JMS-Consumer#notification was successful!
12:03:39.588 [docker-java-stream--1209706978] INFO  o.w.a.t.DefaultAPIMContainer - STDOUT: [2025-05-07 06:33:39,566]  INFO - JMSTaskManager Task manager for Siddhi-JMS-Consumer [re-]initialized
12:03:39.778 [docker-java-stream--1209706978] INFO  o.w.a.t.DefaultAPIMContainer - STDOUT: [2025-05-07 06:33:39,755]  INFO - JMSListener Connection successfully created towards the JMS provider for the listener: Siddhi-JMS-Consumer#cacheInvalidation. The connected JMS provider is AMQConnection: | Host: 172.23.0.3 | Port: 5672 | Virtual Host: carbon | Client ID: clientid | Active session count: 0
12:03:39.780 [docker-java-stream--1209706978] INFO  o.w.a.t.DefaultAPIMContainer - STDOUT: [2025-05-07 06:33:39,755]  INFO - JMSListener Connection attempt: 1 for JMS Provider for listener: Siddhi-JMS-Consumer#cacheInvalidation was successful!
12:03:39.780 [docker-java-stream--1209706978] INFO  o.w.a.t.DefaultAPIMContainer - STDOUT: [2025-05-07 06:33:39,757]  INFO - JMSTaskManager Task manager for Siddhi-JMS-Consumer [re-]initialized
12:03:39.852 [docker-java-stream--1209706978] INFO  o.w.a.t.DefaultAPIMContainer - STDOUT: [2025-05-07 06:33:39,826]  INFO - JMSListener Connection successfully created towards the JMS provider for the listener: Siddhi-JMS-Consumer#throttleData. The connected JMS provider is AMQConnection: | Host: 172.23.0.3 | Port: 5672 | Virtual Host: carbon | Client ID: clientid | Active session count: 0
12:03:39.856 [docker-java-stream--1209706978] INFO  o.w.a.t.DefaultAPIMContainer - STDOUT: [2025-05-07 06:33:39,826]  INFO - JMSListener Connection attempt: 1 for JMS Provider for listener: Siddhi-JMS-Consumer#throttleData was successful!
12:03:39.875 [docker-java-stream--1209706978] INFO  o.w.a.t.DefaultAPIMContainer - STDOUT: [2025-05-07 06:33:39,850]  INFO - JMSTaskManager Task manager for Siddhi-JMS-Consumer [re-]initialized
12:03:40.004 [docker-java-stream--1209706978] INFO  o.w.a.t.DefaultAPIMContainer - STDOUT: [2025-05-07 06:33:39,982]  INFO - JMSListener Connection successfully created towards the JMS provider for the listener: Siddhi-JMS-Consumer#tokenRevocation. The connected JMS provider is AMQConnection: | Host: 172.23.0.3 | Port: 5672 | Virtual Host: carbon | Client ID: clientid | Active session count: 0
12:03:40.006 [docker-java-stream--1209706978] INFO  o.w.a.t.DefaultAPIMContainer - STDOUT: [2025-05-07 06:33:39,982]  INFO - JMSListener Connection attempt: 1 for JMS Provider for listener: Siddhi-JMS-Consumer#tokenRevocation was successful!
12:03:40.036 [docker-java-stream--1209706978] INFO  o.w.a.t.DefaultAPIMContainer - STDOUT: [2025-05-07 06:33:40,015]  INFO - JMSTaskManager Task manager for Siddhi-JMS-Consumer [re-]initialized
12:03:40.753 [docker-java-stream--1209706978] INFO  o.w.a.t.DefaultAPIMContainer - STDOUT: [2025-05-07 06:33:40,732]  INFO - JMSListener Connection successfully created towards the JMS provider for the listener: Siddhi-JMS-Consumer#asyncWebhooksData. The connected JMS provider is AMQConnection: | Host: 172.23.0.3 | Port: 5672 | Virtual Host: carbon | Client ID: clientid | Active session count: 0
12:03:40.755 [docker-java-stream--1209706978] INFO  o.w.a.t.DefaultAPIMContainer - STDOUT: [2025-05-07 06:33:40,732]  INFO - JMSListener Connection attempt: 1 for JMS Provider for listener: Siddhi-JMS-Consumer#asyncWebhooksData was successful!
12:03:40.761 [docker-java-stream--1209706978] INFO  o.w.a.t.DefaultAPIMContainer - STDOUT: [2025-05-07 06:33:40,740]  INFO - JMSListener Connection successfully created towards the JMS provider for the listener: Siddhi-JMS-Consumer#throttleData. The connected JMS provider is AMQConnection: | Host: 172.23.0.3 | Port: 5672 | Virtual Host: carbon | Client ID: clientid | Active session count: 0
12:03:40.762 [docker-java-stream--1209706978] INFO  o.w.a.t.DefaultAPIMContainer - STDOUT: [2025-05-07 06:33:40,740]  INFO - JMSListener Connection attempt: 1 for JMS Provider for listener: Siddhi-JMS-Consumer#throttleData was successful!
12:03:40.780 [docker-java-stream--1209706978] INFO  o.w.a.t.DefaultAPIMContainer - STDOUT: [2025-05-07 06:33:40,748]  INFO - JMSTaskManager Task manager for Siddhi-JMS-Consumer [re-]initialized
12:03:40.810 [docker-java-stream--1209706978] INFO  o.w.a.t.DefaultAPIMContainer - STDOUT: [2025-05-07 06:33:40,789]  INFO - JMSTaskManager Task manager for Siddhi-JMS-Consumer [re-]initialized
12:03:41.131 [docker-java-stream--1209706978] INFO  o.w.a.t.DefaultAPIMContainer - STDOUT: [2025-05-07 06:33:41,094]  INFO - EventJunction Producer added to the junction. Stream:org.wso2.throttle.globalThrottle.stream:1.0.0
12:03:41.132 [docker-java-stream--1209706978] INFO  o.w.a.t.DefaultAPIMContainer - STDOUT: [2025-05-07 06:33:41,094]  INFO - EventJunction Consumer added to the junction. Stream:org.wso2.throttle.processed.request.stream:1.0.0
12:03:41.145 [docker-java-stream--1209706978] INFO  o.w.a.t.DefaultAPIMContainer - STDOUT: [2025-05-07 06:33:41,094]  INFO - EventProcessorDeployer Execution plan is deployed successfully and in active state  : carbon.super_sub_Gold
12:03:41.604 [docker-java-stream--1209706978] INFO  o.w.a.t.DefaultAPIMContainer - STDOUT: [2025-05-07 06:33:41,581]  INFO - EventProcessorConfigurationFilesystemInvoker Execution plan: carbon.super_sub_Silver saved in the filesystem
12:03:42.201 [docker-java-stream--1209706978] INFO  o.w.a.t.DefaultAPIMContainer - STDOUT: [2025-05-07 06:33:42,172]  INFO - RuntimeArtifactGeneratorUtil No API Artifacts
12:03:42.601 [docker-java-stream--1209706978] INFO  o.w.a.t.DefaultAPIMContainer - STDOUT: [2025-05-07 06:33:42,580]  INFO - EventJunction Producer added to the junction. Stream:org.wso2.throttle.globalThrottle.stream:1.0.0
12:03:42.602 [docker-java-stream--1209706978] INFO  o.w.a.t.DefaultAPIMContainer - STDOUT: [2025-05-07 06:33:42,579]  WARN - JMSListener Polling tasks on destination : notification of type topic for listener Siddhi-JMS-Consumer#notification have not yet started after 3 seconds ..
12:03:42.612 [docker-java-stream--1209706978] INFO  o.w.a.t.DefaultAPIMContainer - STDOUT: [2025-05-07 06:33:42,591]  INFO - EventJunction Consumer added to the junction. Stream:org.wso2.throttle.processed.request.stream:1.0.0
12:03:42.613 [docker-java-stream--1209706978] INFO  o.w.a.t.DefaultAPIMContainer - STDOUT: [2025-05-07 06:33:42,591]  INFO - EventProcessorDeployer Execution plan is deployed successfully and in active state  : carbon.super_sub_Silver
12:03:42.790 [docker-java-stream--1209706978] INFO  o.w.a.t.DefaultAPIMContainer - STDOUT: [2025-05-07 06:33:42,758]  WARN - JMSListener Polling tasks on destination : cacheInvalidation of type topic for listener Siddhi-JMS-Consumer#cacheInvalidation have not yet started after 3 seconds ..
12:03:42.906 [docker-java-stream--1209706978] INFO  o.w.a.t.DefaultAPIMContainer - STDOUT: [2025-05-07 06:33:42,864]  WARN - JMSListener Polling tasks on destination : throttleData of type topic for listener Siddhi-JMS-Consumer#throttleData have not yet started after 3 seconds ..
12:03:43.073 [docker-java-stream--1209706978] INFO  o.w.a.t.DefaultAPIMContainer - STDOUT: [2025-05-07 06:33:43,044]  WARN - JMSListener Polling tasks on destination : tokenRevocation of type topic for listener Siddhi-JMS-Consumer#tokenRevocation have not yet started after 3 seconds ..
12:03:43.082 [docker-java-stream--1209706978] INFO  o.w.a.t.DefaultAPIMContainer - STDOUT: [2025-05-07 06:33:43,060]  INFO - EventProcessorConfigurationFilesystemInvoker Execution plan: carbon.super_sub_Bronze saved in the filesystem
12:03:43.542 [docker-java-stream--1209706978] INFO  o.w.a.t.DefaultAPIMContainer - STDOUT: [2025-05-07 06:33:43,522]  INFO - GatewayStartupListener Synapse Artifacts deployed Successfully in the Gateway
12:03:43.633 [docker-java-stream--1209706978] INFO  o.w.a.t.DefaultAPIMContainer - STDOUT: [2025-05-07 06:33:43,608]  INFO - EventJunction Producer added to the junction. Stream:org.wso2.throttle.globalThrottle.stream:1.0.0
12:03:43.633 [docker-java-stream--1209706978] INFO  o.w.a.t.DefaultAPIMContainer - STDOUT: [2025-05-07 06:33:43,609]  INFO - EventJunction Consumer added to the junction. Stream:org.wso2.throttle.processed.request.stream:1.0.0
12:03:43.633 [docker-java-stream--1209706978] INFO  o.w.a.t.DefaultAPIMContainer - STDOUT: [2025-05-07 06:33:43,612]  INFO - EventProcessorDeployer Execution plan is deployed successfully and in active state  : carbon.super_sub_Bronze
12:03:43.808 [docker-java-stream--1209706978] INFO  o.w.a.t.DefaultAPIMContainer - STDOUT: [2025-05-07 06:33:43,785]  WARN - JMSListener Polling tasks on destination : asyncWebhooksData of type topic for listener Siddhi-JMS-Consumer#asyncWebhooksData have not yet started after 3 seconds ..
12:03:43.828 [docker-java-stream--1209706978] INFO  o.w.a.t.DefaultAPIMContainer - STDOUT: [2025-05-07 06:33:43,807]  WARN - JMSListener Polling tasks on destination : throttleData of type topic for listener Siddhi-JMS-Consumer#throttleData have not yet started after 3 seconds ..
12:03:43.986 [docker-java-stream--1209706978] INFO  o.w.a.t.DefaultAPIMContainer - STDOUT: [2025-05-07 06:33:43,946]  INFO - DependencyTracker Local entry : ga-config-key was added to the Synapse configuration successfully
12:03:44.162 [docker-java-stream--1209706978] INFO  o.w.a.t.DefaultAPIMContainer - STDOUT: [2025-05-07 06:33:44,139]  INFO - EventProcessorConfigurationFilesystemInvoker Execution plan: carbon.super_sub_Unauthenticated saved in the filesystem
12:03:44.982 [docker-java-stream--1209706978] INFO  o.w.a.t.DefaultAPIMContainer - STDOUT: [2025-05-07 06:33:44,962]  INFO - EventJunction Producer added to the junction. Stream:org.wso2.throttle.globalThrottle.stream:1.0.0
12:03:44.984 [docker-java-stream--1209706978] INFO  o.w.a.t.DefaultAPIMContainer - STDOUT: [2025-05-07 06:33:44,962]  INFO - EventJunction Consumer added to the junction. Stream:org.wso2.throttle.processed.request.stream:1.0.0
12:03:44.986 [docker-java-stream--1209706978] INFO  o.w.a.t.DefaultAPIMContainer - STDOUT: [2025-05-07 06:33:44,962]  INFO - EventProcessorDeployer Execution plan is deployed successfully and in active state  : carbon.super_sub_Unauthenticated
12:03:45.292 [docker-java-stream--1209706978] INFO  o.w.a.t.DefaultAPIMContainer - STDOUT: [2025-05-07 06:33:45,271]  INFO - EventProcessorConfigurationFilesystemInvoker Execution plan: carbon.super_sub_DefaultSubscriptionless saved in the filesystem
12:03:45.747 [docker-java-stream--1209706978] INFO  o.w.a.t.DefaultAPIMContainer - STDOUT: [2025-05-07 06:33:45,721]  INFO - EventJunction Producer added to the junction. Stream:org.wso2.throttle.globalThrottle.stream:1.0.0
12:03:45.747 [docker-java-stream--1209706978] INFO  o.w.a.t.DefaultAPIMContainer - STDOUT: [2025-05-07 06:33:45,721]  INFO - EventJunction Consumer added to the junction. Stream:org.wso2.throttle.processed.request.stream:1.0.0
12:03:45.747 [docker-java-stream--1209706978] INFO  o.w.a.t.DefaultAPIMContainer - STDOUT: [2025-05-07 06:33:45,721]  INFO - EventProcessorDeployer Execution plan is deployed successfully and in active state  : carbon.super_sub_DefaultSubscriptionless
12:03:45.907 [docker-java-stream--1209706978] INFO  o.w.a.t.DefaultAPIMContainer - STDOUT: [2025-05-07 06:33:45,886]  INFO - GatewayStartupListener Gateway policy artifacts deployed Successfully in the Gateway
12:03:46.139 [docker-java-stream--1209706978] INFO  o.w.a.t.DefaultAPIMContainer - STDOUT: [2025-05-07 06:33:46,100]  INFO - EventProcessorConfigurationFilesystemInvoker Execution plan: carbon.super_sub_AsyncGold saved in the filesystem
12:03:46.418 [docker-java-stream--1209706978] INFO  o.w.a.t.DefaultAPIMContainer - STDOUT: [2025-05-07 06:33:46,397]  INFO - EventJunction Producer added to the junction. Stream:org.wso2.throttle.globalThrottle.stream:1.0.0
12:03:46.418 [docker-java-stream--1209706978] INFO  o.w.a.t.DefaultAPIMContainer - STDOUT: [2025-05-07 06:33:46,397]  INFO - EventJunction Consumer added to the junction. Stream:org.wso2.throttle.processed.request.stream:1.0.0
12:03:46.419 [docker-java-stream--1209706978] INFO  o.w.a.t.DefaultAPIMContainer - STDOUT: [2025-05-07 06:33:46,397]  INFO - EventProcessorDeployer Execution plan is deployed successfully and in active state  : carbon.super_sub_AsyncGold
12:03:46.482 [docker-java-stream--1209706978] INFO  o.w.a.t.DefaultAPIMContainer - STDOUT: [2025-05-07 06:33:46,458]  INFO - EventProcessorConfigurationFilesystemInvoker Execution plan: carbon.super_sub_AsyncSilver saved in the filesystem
12:03:46.831 [docker-java-stream--1209706978] INFO  o.w.a.t.DefaultAPIMContainer - STDOUT: [2025-05-07 06:33:46,809]  WARN - KeyManagerHolder Key Manager Resident Key Manager already initialized in tenant carbon.super
12:03:46.974 [docker-java-stream--1209706978] INFO  o.w.a.t.DefaultAPIMContainer - STDOUT: [2025-05-07 06:33:46,941]  INFO - EventJunction Producer added to the junction. Stream:org.wso2.throttle.globalThrottle.stream:1.0.0
12:03:46.974 [docker-java-stream--1209706978] INFO  o.w.a.t.DefaultAPIMContainer - STDOUT: [2025-05-07 06:33:46,942]  INFO - EventJunction Consumer added to the junction. Stream:org.wso2.throttle.processed.request.stream:1.0.0
12:03:46.974 [docker-java-stream--1209706978] INFO  o.w.a.t.DefaultAPIMContainer - STDOUT: [2025-05-07 06:33:46,942]  INFO - EventProcessorDeployer Execution plan is deployed successfully and in active state  : carbon.super_sub_AsyncSilver
12:03:47.163 [docker-java-stream--1209706978] INFO  o.w.a.t.DefaultAPIMContainer - STDOUT: [2025-05-07 06:33:47,134]  INFO - EventProcessorConfigurationFilesystemInvoker Execution plan: carbon.super_sub_AsyncBronze saved in the filesystem
12:03:47.496 [docker-java-stream--1209706978] INFO  o.w.a.t.DefaultAPIMContainer - STDOUT: [2025-05-07 06:33:47,475]  INFO - EventJunction Producer added to the junction. Stream:org.wso2.throttle.globalThrottle.stream:1.0.0
12:03:47.497 [docker-java-stream--1209706978] INFO  o.w.a.t.DefaultAPIMContainer - STDOUT: [2025-05-07 06:33:47,475]  INFO - EventJunction Consumer added to the junction. Stream:org.wso2.throttle.processed.request.stream:1.0.0
12:03:47.499 [docker-java-stream--1209706978] INFO  o.w.a.t.DefaultAPIMContainer - STDOUT: [2025-05-07 06:33:47,475]  INFO - EventProcessorDeployer Execution plan is deployed successfully and in active state  : carbon.super_sub_AsyncBronze
12:03:47.649 [docker-java-stream--1209706978] INFO  o.w.a.t.DefaultAPIMContainer - STDOUT: [2025-05-07 06:33:47,626]  INFO - EventProcessorConfigurationFilesystemInvoker Execution plan: carbon.super_sub_AsyncDefaultSubscriptionless saved in the filesystem
12:03:47.828 [docker-java-stream--1209706978] INFO  o.w.a.t.DefaultAPIMContainer - STDOUT: [2025-05-07 06:33:47,807]  INFO - EventJunction Producer added to the junction. Stream:org.wso2.throttle.globalThrottle.stream:1.0.0
12:03:47.836 [docker-java-stream--1209706978] INFO  o.w.a.t.DefaultAPIMContainer - STDOUT: [2025-05-07 06:33:47,812]  INFO - EventJunction Consumer added to the junction. Stream:org.wso2.throttle.processed.request.stream:1.0.0
12:03:47.840 [docker-java-stream--1209706978] INFO  o.w.a.t.DefaultAPIMContainer - STDOUT: [2025-05-07 06:33:47,812]  INFO - EventProcessorDeployer Execution plan is deployed successfully and in active state  : carbon.super_sub_AsyncDefaultSubscriptionless
12:03:48.059 [docker-java-stream--1209706978] INFO  o.w.a.t.DefaultAPIMContainer - STDOUT: [2025-05-07 06:33:48,036]  INFO - EventProcessorConfigurationFilesystemInvoker Execution plan: carbon.super_sub_AIGold saved in the filesystem
12:03:48.379 [docker-java-stream--1209706978] INFO  o.w.a.t.DefaultAPIMContainer - STDOUT: [2025-05-07 06:33:48,358]  INFO - EventJunction Producer added to the junction. Stream:org.wso2.throttle.globalThrottle.stream:1.0.0
12:03:48.381 [docker-java-stream--1209706978] INFO  o.w.a.t.DefaultAPIMContainer - STDOUT: [2025-05-07 06:33:48,358]  INFO - EventJunction Consumer added to the junction. Stream:org.wso2.throttle.processed.request.stream:1.0.0
12:03:48.384 [docker-java-stream--1209706978] INFO  o.w.a.t.DefaultAPIMContainer - STDOUT: [2025-05-07 06:33:48,361]  INFO - EventProcessorDeployer Execution plan is deployed successfully and in active state  : carbon.super_sub_AIGold
12:03:48.518 [docker-java-stream--1209706978] INFO  o.w.a.t.DefaultAPIMContainer - STDOUT: [2025-05-07 06:33:48,497]  INFO - EventProcessorConfigurationFilesystemInvoker Execution plan: carbon.super_sub_AISilver saved in the filesystem
12:03:48.757 [docker-java-stream--1209706978] INFO  o.w.a.t.DefaultAPIMContainer - STDOUT: [2025-05-07 06:33:48,736]  INFO - EventJunction Producer added to the junction. Stream:org.wso2.throttle.globalThrottle.stream:1.0.0
12:03:48.759 [docker-java-stream--1209706978] INFO  o.w.a.t.DefaultAPIMContainer - STDOUT: [2025-05-07 06:33:48,737]  INFO - EventJunction Consumer added to the junction. Stream:org.wso2.throttle.processed.request.stream:1.0.0
12:03:48.761 [docker-java-stream--1209706978] INFO  o.w.a.t.DefaultAPIMContainer - STDOUT: [2025-05-07 06:33:48,737]  INFO - EventProcessorDeployer Execution plan is deployed successfully and in active state  : carbon.super_sub_AISilver
12:03:48.903 [docker-java-stream--1209706978] INFO  o.w.a.t.DefaultAPIMContainer - STDOUT: [2025-05-07 06:33:48,882]  INFO - EventProcessorConfigurationFilesystemInvoker Execution plan: carbon.super_sub_AIBronze saved in the filesystem
12:03:49.163 [docker-java-stream--1209706978] INFO  o.w.a.t.DefaultAPIMContainer - STDOUT: [2025-05-07 06:33:49,142]  INFO - EventJunction Producer added to the junction. Stream:org.wso2.throttle.globalThrottle.stream:1.0.0
12:03:49.173 [docker-java-stream--1209706978] INFO  o.w.a.t.DefaultAPIMContainer - STDOUT: [2025-05-07 06:33:49,142]  INFO - EventJunction Consumer added to the junction. Stream:org.wso2.throttle.processed.request.stream:1.0.0
12:03:49.174 [docker-java-stream--1209706978] INFO  o.w.a.t.DefaultAPIMContainer - STDOUT: [2025-05-07 06:33:49,142]  INFO - EventProcessorDeployer Execution plan is deployed successfully and in active state  : carbon.super_sub_AIBronze
12:03:49.288 [docker-java-stream--1209706978] INFO  o.w.a.t.DefaultAPIMContainer - STDOUT: [2025-05-07 06:33:49,267]  INFO - EventProcessorConfigurationFilesystemInvoker Execution plan: carbon.super_sub_AsyncWHGold saved in the filesystem
12:03:49.466 [docker-java-stream--1209706978] INFO  o.w.a.t.DefaultAPIMContainer - STDOUT: [2025-05-07 06:33:49,441]  INFO - EventJunction Producer added to the junction. Stream:org.wso2.throttle.globalThrottle.stream:1.0.0
12:03:49.467 [docker-java-stream--1209706978] INFO  o.w.a.t.DefaultAPIMContainer - STDOUT: [2025-05-07 06:33:49,442]  INFO - EventJunction Consumer added to the junction. Stream:org.wso2.throttle.processed.request.stream:1.0.0
12:03:49.468 [docker-java-stream--1209706978] INFO  o.w.a.t.DefaultAPIMContainer - STDOUT: [2025-05-07 06:33:49,444]  INFO - EventProcessorDeployer Execution plan is deployed successfully and in active state  : carbon.super_sub_AsyncWHGold
12:03:49.569 [docker-java-stream--1209706978] INFO  o.w.a.t.DefaultAPIMContainer - STDOUT: [2025-05-07 06:33:49,547]  INFO - EventProcessorConfigurationFilesystemInvoker Execution plan: carbon.super_sub_AsyncWHSilver saved in the filesystem
12:03:49.955 [docker-java-stream--1209706978] INFO  o.w.a.t.DefaultAPIMContainer - STDOUT: [2025-05-07 06:33:49,935]  INFO - EventJunction Producer added to the junction. Stream:org.wso2.throttle.globalThrottle.stream:1.0.0
12:03:49.961 [docker-java-stream--1209706978] INFO  o.w.a.t.DefaultAPIMContainer - STDOUT: [2025-05-07 06:33:49,940]  INFO - EventJunction Consumer added to the junction. Stream:org.wso2.throttle.processed.request.stream:1.0.0
12:03:49.962 [docker-java-stream--1209706978] INFO  o.w.a.t.DefaultAPIMContainer - STDOUT: [2025-05-07 06:33:49,941]  INFO - EventProcessorDeployer Execution plan is deployed successfully and in active state  : carbon.super_sub_AsyncWHSilver
12:03:50.037 [docker-java-stream--1209706978] INFO  o.w.a.t.DefaultAPIMContainer - STDOUT: [2025-05-07 06:33:50,017]  INFO - EventProcessorConfigurationFilesystemInvoker Execution plan: carbon.super_sub_AsyncWHBronze saved in the filesystem
  &amp#27;[32mAnd &amp#27;[0m&amp#27;[32mI initialize the Publisher REST API client with username &amp#27;[0m&amp#27;[32m&amp#27;[1m"admin"&amp#27;[0m&amp#27;[32m, password &amp#27;[0m&amp#27;[32m&amp#27;[1m"admin"&amp#27;[0m&amp#27;[32m and tenant &amp#27;[0m&amp#27;[32m&amp#27;[1m"carbon.super"&amp#27;[0m&amp#27;[32m for container &amp#27;[0m&amp#27;[32m&amp#27;[1m"default"&amp#27;[0m &amp#27;[90m# org.wso2.am.integration.cucumbertests.stepdefinitions.PublisherStepDefinitions.i_initialize_publisher_client(java.lang.String,java.lang.String,java.lang.String,java.lang.String)&amp#27;[0m
12:03:50.300 [docker-java-stream--1209706978] INFO  o.w.a.t.DefaultAPIMContainer - STDOUT: [2025-05-07 06:33:50,279]  INFO - EventJunction Producer added to the junction. Stream:org.wso2.throttle.globalThrottle.stream:1.0.0
12:03:50.303 [docker-java-stream--1209706978] INFO  o.w.a.t.DefaultAPIMContainer - STDOUT: [2025-05-07 06:33:50,282]  INFO - EventJunction Consumer added to the junction. Stream:org.wso2.throttle.processed.request.stream:1.0.0
12:03:50.305 [docker-java-stream--1209706978] INFO  o.w.a.t.DefaultAPIMContainer - STDOUT: [2025-05-07 06:33:50,284]  INFO - EventProcessorDeployer Execution plan is deployed successfully and in active state  : carbon.super_sub_AsyncWHBronze
12:03:50.431 [docker-java-stream--1209706978] INFO  o.w.a.t.DefaultAPIMContainer - STDOUT: [2025-05-07 06:33:50,405]  INFO - EventProcessorConfigurationFilesystemInvoker Execution plan: carbon.super_app_50PerMin saved in the filesystem
12:03:50.594 [docker-java-stream--1209706978] INFO  o.w.a.t.DefaultAPIMContainer - STDOUT: [2025-05-07 06:33:50,573]  INFO - CarbonUIServiceComponent Mgt Console URL  : https://localhost:9443/carbon/
12:03:50.602 [docker-java-stream--1209706978] INFO  o.w.a.t.DefaultAPIMContainer - STDOUT: [2025-05-07 06:33:50,581]  INFO - CarbonUIServiceComponent API Developer Portal Default Context : https://localhost:9443/devportal
12:03:50.611 [docker-java-stream--1209706978] INFO  o.w.a.t.DefaultAPIMContainer - STDOUT: [2025-05-07 06:33:50,587]  INFO - CarbonUIServiceComponent API Publisher Default Context : https://localhost:9443/publisher
12:03:50.775 [docker-java-stream--1209706978] INFO  o.w.a.t.DefaultAPIMContainer - STDOUT: [2025-05-07 06:33:50,749]  INFO - EventJunction Producer added to the junction. Stream:org.wso2.throttle.globalThrottle.stream:1.0.0
12:03:50.775 [docker-java-stream--1209706978] INFO  o.w.a.t.DefaultAPIMContainer - STDOUT: [2025-05-07 06:33:50,750]  INFO - EventJunction Consumer added to the junction. Stream:org.wso2.throttle.processed.request.stream:1.0.0
12:03:50.779 [docker-java-stream--1209706978] INFO  o.w.a.t.DefaultAPIMContainer - STDOUT: [2025-05-07 06:33:50,750]  INFO - EventProcessorDeployer Execution plan is deployed successfully and in active state  : carbon.super_app_50PerMin
12:03:50.893 [docker-java-stream--1209706978] INFO  o.w.a.t.DefaultAPIMContainer - STDOUT: [2025-05-07 06:33:50,872]  INFO - EventProcessorConfigurationFilesystemInvoker Execution plan: carbon.super_app_20PerMin saved in the filesystem
12:03:51.243 [docker-java-stream--1209706978] INFO  o.w.a.t.DefaultAPIMContainer - STDOUT: [2025-05-07 06:33:51,222]  INFO - EventJunction Producer added to the junction. Stream:org.wso2.throttle.globalThrottle.stream:1.0.0
12:03:51.246 [docker-java-stream--1209706978] INFO  o.w.a.t.DefaultAPIMContainer - STDOUT: [2025-05-07 06:33:51,225]  INFO - EventJunction Consumer added to the junction. Stream:org.wso2.throttle.processed.request.stream:1.0.0
12:03:51.254 [docker-java-stream--1209706978] INFO  o.w.a.t.DefaultAPIMContainer - STDOUT: [2025-05-07 06:33:51,234]  INFO - EventProcessorDeployer Execution plan is deployed successfully and in active state  : carbon.super_app_20PerMin
12:03:51.360 [docker-java-stream--1209706978] INFO  o.w.a.t.DefaultAPIMContainer - STDOUT: [2025-05-07 06:33:51,337]  INFO - EventProcessorConfigurationFilesystemInvoker Execution plan: carbon.super_app_10PerMin saved in the filesystem
  &amp#27;[32mAnd &amp#27;[0m&amp#27;[32mI initialize the Store REST API client with username &amp#27;[0m&amp#27;[32m&amp#27;[1m"admin"&amp#27;[0m&amp#27;[32m, password &amp#27;[0m&amp#27;[32m&amp#27;[1m"admin"&amp#27;[0m&amp#27;[32m and tenant &amp#27;[0m&amp#27;[32m&amp#27;[1m"carbon.super"&amp#27;[0m&amp#27;[32m for container &amp#27;[0m&amp#27;[32m&amp#27;[1m"default"&amp#27;[0m     &amp#27;[90m# org.wso2.am.integration.cucumbertests.stepdefinitions.StoreStepDefinitions.i_initialize_store_client(java.lang.String,java.lang.String,java.lang.String,java.lang.String)&amp#27;[0m
12:03:51.601 [docker-java-stream--1209706978] INFO  o.w.a.t.DefaultAPIMContainer - STDOUT: [2025-05-07 06:33:51,580]  INFO - EventJunction Producer added to the junction. Stream:org.wso2.throttle.globalThrottle.stream:1.0.0
12:03:51.602 [docker-java-stream--1209706978] INFO  o.w.a.t.DefaultAPIMContainer - STDOUT: [2025-05-07 06:33:51,580]  INFO - EventJunction Consumer added to the junction. Stream:org.wso2.throttle.processed.request.stream:1.0.0
12:03:51.603 [docker-java-stream--1209706978] INFO  o.w.a.t.DefaultAPIMContainer - STDOUT: [2025-05-07 06:33:51,580]  INFO - EventProcessorDeployer Execution plan is deployed successfully and in active state  : carbon.super_app_10PerMin
12:03:51.691 [docker-java-stream--1209706978] INFO  o.w.a.t.DefaultAPIMContainer - STDOUT: [2025-05-07 06:33:51,670]  INFO - EventProcessorConfigurationFilesystemInvoker Execution plan: carbon.super_resource_50KPerMin_default saved in the filesystem
12:03:51.924 [docker-java-stream--1209706978] INFO  o.w.a.t.DefaultAPIMContainer - STDOUT: [2025-05-07 06:33:51,903]  INFO - EventJunction Producer added to the junction. Stream:org.wso2.throttle.globalThrottle.stream:1.1.0
12:03:51.942 [docker-java-stream--1209706978] INFO  o.w.a.t.DefaultAPIMContainer - STDOUT: [2025-05-07 06:33:51,914]  INFO - EventJunction Consumer added to the junction. Stream:org.wso2.throttle.processed.request.stream:1.0.0
12:03:51.942 [docker-java-stream--1209706978] INFO  o.w.a.t.DefaultAPIMContainer - STDOUT: [2025-05-07 06:33:51,914]  INFO - EventProcessorDeployer Execution plan is deployed successfully and in active state  : carbon.super_resource_50KPerMin_default
12:03:52.041 [docker-java-stream--1209706978] INFO  o.w.a.t.DefaultAPIMContainer - STDOUT: [2025-05-07 06:33:52,020]  INFO - EventProcessorConfigurationFilesystemInvoker Execution plan: carbon.super_resource_20KPerMin_default saved in the filesystem
12:03:52.186 [docker-java-stream--1209706978] INFO  o.w.a.t.DefaultAPIMContainer - STDOUT: [2025-05-07 06:33:52,165]  INFO - EventJunction Producer added to the junction. Stream:org.wso2.throttle.globalThrottle.stream:1.1.0
12:03:52.187 [docker-java-stream--1209706978] INFO  o.w.a.t.DefaultAPIMContainer - STDOUT: [2025-05-07 06:33:52,166]  INFO - EventJunction Consumer added to the junction. Stream:org.wso2.throttle.processed.request.stream:1.0.0
12:03:52.189 [docker-java-stream--1209706978] INFO  o.w.a.t.DefaultAPIMContainer - STDOUT: [2025-05-07 06:33:52,166]  INFO - EventProcessorDeployer Execution plan is deployed successfully and in active state  : carbon.super_resource_20KPerMin_default
12:03:52.293 [docker-java-stream--1209706978] INFO  o.w.a.t.DefaultAPIMContainer - STDOUT: [2025-05-07 06:33:52,272]  INFO - EventProcessorConfigurationFilesystemInvoker Execution plan: carbon.super_resource_10KPerMin_default saved in the filesystem
12:03:52.442 [docker-java-stream--1209706978] INFO  o.w.a.t.DefaultAPIMContainer - STDOUT: [2025-05-07 06:33:52,421]  INFO - EventJunction Producer added to the junction. Stream:org.wso2.throttle.globalThrottle.stream:1.1.0
12:03:52.443 [docker-java-stream--1209706978] INFO  o.w.a.t.DefaultAPIMContainer - STDOUT: [2025-05-07 06:33:52,422]  INFO - EventJunction Consumer added to the junction. Stream:org.wso2.throttle.processed.request.stream:1.0.0
12:03:52.444 [docker-java-stream--1209706978] INFO  o.w.a.t.DefaultAPIMContainer - STDOUT: [2025-05-07 06:33:52,422]  INFO - EventProcessorDeployer Execution plan is deployed successfully and in active state  : carbon.super_resource_10KPerMin_default
  &amp#27;[32mWhen &amp#27;[0m&amp#27;[32mI create an API with name &amp#27;[0m&amp#27;[32m&amp#27;[1m"JaxrsAPI"&amp#27;[0m&amp#27;[32m, context &amp#27;[0m&amp#27;[32m&amp#27;[1m"/jaxrs"&amp#27;[0m&amp#27;[32m and version &amp#27;[0m&amp#27;[32m&amp#27;[1m"1.0.0"&amp#27;[0m                                                          &amp#27;[90m# org.wso2.am.integration.cucumbertests.stepdefinitions.PublisherStepDefinitions.i_create_customer_service_api(java.lang.String,java.lang.String,java.lang.String)&amp#27;[0m
  &amp#27;[32mAnd &amp#27;[0m&amp#27;[32mI add &amp#27;[0m&amp#27;[32m&amp#27;[1m"/customers/{id}"&amp#27;[0m&amp#27;[32m operation without any scopes to the created API with id &amp#27;[0m&amp#27;[32m&amp#27;[1m"<createdApiId>"&amp#27;[0m                                     &amp#27;[90m# org.wso2.am.integration.cucumbertests.stepdefinitions.PublisherStepDefinitions.i_add_operation_without_scopes_to_api(java.lang.String,java.lang.String)&amp#27;[0m
--> GET https://localhost:32781/api/am/gateway/v2/apis/4909ae8f-e7eb-4715-a1fd-b463318cdc93?tenantDomain=carbon.super HTTP/1.1
Accept: application/json
Authorization: Basic YWRtaW46YWRtaW4=
User-Agent: Swagger-Codegen/1.0.0/java
--> END GET
<-- HTTP/1.1 404  (1037ms)
X-WSO2-TraceId: f5cf5294-0a9b-454f-93db-9ad2a78abc0f
Date: Wed, 07 May 2025 06:34:09 GMT
Content-Length: 0
Keep-Alive: timeout=60
Connection: keep-alive
Server: WSO2 Carbon Server
OkHttp-Sent-Millis: 1746599649102
OkHttp-Received-Millis: 1746599650039
<-- END HTTP (0-byte body)
--> GET https://localhost:32781/api/am/gateway/v2/apis/4909ae8f-e7eb-4715-a1fd-b463318cdc93?tenantDomain=carbon.super HTTP/1.1
Accept: application/json
Authorization: Basic YWRtaW46YWRtaW4=
User-Agent: Swagger-Codegen/1.0.0/java
--> END GET
<-- HTTP/1.1 200  (2510ms)
X-WSO2-TraceId: a971c3d8-79b2-4fc9-9c73-52352e0e13b4
Date: Wed, 07 May 2025 06:34:10 GMT
Content-Type: application/json
Content-Length: 387
Keep-Alive: timeout=60
Connection: keep-alive
Server: WSO2 Carbon Server
OkHttp-Sent-Millis: 1746599650541
OkHttp-Received-Millis: 1746599653051

{"apiUUID":"4909ae8f-e7eb-4715-a1fd-b463318cdc93","apiId":1,"provider":"admin","name":"JaxrsAPI","version":null,"context":"/jaxrs/1.0.0","policy":null,"apiType":"HTTP","isDefaultVersion":true,"status":"CREATED","urlMappings":[{"authScheme":"Application & Application User","throttlingPolicy":"Unlimited","httpMethod":"GET","urlPattern":"/customers/{id}","scopes":[]}],"subscripitons":[]}
<-- END HTTP (387-byte body)
12:04:15.200 [docker-java-stream--1209706978] INFO  o.w.a.t.DefaultAPIMContainer - STDOUT: [2025-05-07 06:34:15,178]  INFO - CommonUtil Creation of folder is successful. Directory Name : JaxrsAPI-1.0.0
12:04:15.202 [docker-java-stream--1209706978] INFO  o.w.a.t.DefaultAPIMContainer - STDOUT: [2025-05-07 06:34:15,179]  INFO - CommonUtil Creation of folder is successful. Directory Name : Definitions
12:04:17.838 [docker-java-stream--1209706978] INFO  o.w.a.t.DefaultAPIMContainer - STDOUT: [2025-05-07 06:34:17,818]  INFO - DependencyTracker Local entry : 4909ae8f-e7eb-4715-a1fd-b463318cdc93 was added to the Synapse configuration successfully
12:04:17.864 [docker-java-stream--1209706978] INFO  o.w.a.t.DefaultAPIMContainer - STDOUT: [2025-05-07 06:34:17,844]  INFO - DependencyTracker Endpoint : JaxrsAPI--v1.0.0_APIproductionEndpoint was added to the Synapse configuration successfully
12:04:17.872 [docker-java-stream--1209706978] INFO  o.w.a.t.DefaultAPIMContainer - STDOUT: [2025-05-07 06:34:17,852]  INFO - DependencyTracker Endpoint : JaxrsAPI--v1.0.0_APIsandboxEndpoint was added to the Synapse configuration successfully
12:04:18.389 [docker-java-stream--1209706978] INFO  o.w.a.t.DefaultAPIMContainer - STDOUT: [2025-05-07 06:34:18,368]  INFO - API {api:JaxrsAPI:v1.0.0} Initializing API: JaxrsAPI:v1.0.0
12:04:18.480 [docker-java-stream--1209706978] INFO  o.w.a.t.DefaultAPIMContainer - STDOUT: [2025-05-07 06:34:18,459]  INFO - DependencyTracker API : JaxrsAPI:v1.0.0 was added to the Synapse configuration successfully
  &amp#27;[32mAnd &amp#27;[0m&amp#27;[32mI deploy a revision of the API with id &amp#27;[0m&amp#27;[32m&amp#27;[1m"<createdApiId>"&amp#27;[0m                                                                              &amp#27;[90m# org.wso2.am.integration.cucumbertests.stepdefinitions.PublisherStepDefinitions.i_deploy_revision(java.lang.String)&amp#27;[0m
  &amp#27;[32mThen &amp#27;[0m&amp#27;[32mI should be able to retrieve the API with id &amp#27;[0m&amp#27;[32m&amp#27;[1m"<createdApiId>"&amp#27;[0m                                                                       &amp#27;[90m# org.wso2.am.integration.cucumbertests.stepdefinitions.PublisherStepDefinitions.i_should_be_able_to_retrieve_the_api(java.lang.String)&amp#27;[0m
  &amp#27;[32mWhen &amp#27;[0m&amp#27;[32mI publish the API with id &amp#27;[0m&amp#27;[32m&amp#27;[1m"<createdApiId>"&amp#27;[0m                                                                                          &amp#27;[90m# org.wso2.am.integration.cucumbertests.stepdefinitions.PublisherStepDefinitions.i_publish_the_api(java.lang.String)&amp#27;[0m
  &amp#27;[32mThen &amp#27;[0m&amp#27;[32mThe lifecycle status of API &amp#27;[0m&amp#27;[32m&amp#27;[1m"<createdApiId>"&amp#27;[0m&amp#27;[32m should be &amp#27;[0m&amp#27;[32m&amp#27;[1m"Published"&amp#27;[0m                                                                  &amp#27;[90m# org.wso2.am.integration.cucumbertests.stepdefinitions.PublisherStepDefinitions.the_lifecycle_status_should_be(java.lang.String,java.lang.String)&amp#27;[0m
--> GET https://localhost:32781/api/am/gateway/v2/applications?uuid=b47ae7ff-3e01-47bb-904b-5d068fcb3855&tenantDomain=carbon.super HTTP/1.1
Accept: application/json
Authorization: Basic YWRtaW46YWRtaW4=
User-Agent: Swagger-Codegen/1.0.0/java
--> END GET
<-- HTTP/1.1 200  (147ms)
X-WSO2-TraceId: 11bbe0d2-6d6e-4d1e-a986-62e353274cd9
Date: Wed, 07 May 2025 06:34:30 GMT
Content-Type: application/json
Content-Length: 180
Keep-Alive: timeout=60
Connection: keep-alive
Server: WSO2 Carbon Server
OkHttp-Sent-Millis: 1746599670689
OkHttp-Received-Millis: 1746599670836

{"count":1,"list":[{"uuid":"b47ae7ff-3e01-47bb-904b-5d068fcb3855","id":2,"name":"Application1","subName":"admin","policy":"Unlimited","tokenType":"JWT","attributes":{},"keys":[]}]}
<-- END HTTP (180-byte body)
  &amp#27;[32mWhen &amp#27;[0m&amp#27;[32mI create an application named &amp#27;[0m&amp#27;[32m&amp#27;[1m"CustomerApp"&amp#27;[0m&amp#27;[32m with throttling tier &amp#27;[0m&amp#27;[32m&amp#27;[1m"Unlimited"&amp#27;[0m                                                        &amp#27;[90m# org.wso2.am.integration.cucumbertests.stepdefinitions.StoreStepDefinitions.i_create_application(java.lang.String,java.lang.String)&amp#27;[0m
  &amp#27;[32mThen &amp#27;[0m&amp#27;[32mI should be able to retrieve the application with id &amp#27;[0m&amp#27;[32m&amp#27;[1m"<createdAppId>"&amp#27;[0m                                                               &amp#27;[90m# org.wso2.am.integration.cucumbertests.stepdefinitions.StoreStepDefinitions.i_should_be_able_to_retrieve_application(java.lang.String)&amp#27;[0m
--> GET https://localhost:32781/api/am/gateway/v2/subscriptions?apiUUID=4909ae8f-e7eb-4715-a1fd-b463318cdc93&appUUID=b47ae7ff-3e01-47bb-904b-5d068fcb3855&tenantDomain=carbon.super HTTP/1.1
Accept: application/json
Authorization: Basic YWRtaW46YWRtaW4=
User-Agent: Swagger-Codegen/1.0.0/java
--> END GET
<-- HTTP/1.1 404  (87ms)
X-WSO2-TraceId: ed8cc63e-ba89-4740-a42f-a6e6b7d2e587
Date: Wed, 07 May 2025 06:34:31 GMT
Content-Length: 0
Keep-Alive: timeout=60
Connection: keep-alive
Server: WSO2 Carbon Server
OkHttp-Sent-Millis: 1746599671445
OkHttp-Received-Millis: 1746599671532
<-- END HTTP (0-byte body)
--> GET https://localhost:32781/api/am/gateway/v2/subscriptions?apiUUID=4909ae8f-e7eb-4715-a1fd-b463318cdc93&appUUID=b47ae7ff-3e01-47bb-904b-5d068fcb3855&tenantDomain=carbon.super HTTP/1.1
Accept: application/json
Authorization: Basic YWRtaW46YWRtaW4=
User-Agent: Swagger-Codegen/1.0.0/java
--> END GET
<-- HTTP/1.1 200  (57ms)
X-WSO2-TraceId: a8487fe2-35a1-45c5-a581-31fa5caf9a7a
Date: Wed, 07 May 2025 06:34:36 GMT
Content-Type: application/json
Content-Length: 92
Keep-Alive: timeout=60
Connection: keep-alive
Server: WSO2 Carbon Server
OkHttp-Sent-Millis: 1746599676534
OkHttp-Received-Millis: 1746599676591

{"subscriptionId":1,"policyId":"Bronze","apiId":1,"appId":2,"subscriptionState":"UNBLOCKED"}
<-- END HTTP (92-byte body)
  &amp#27;[32mWhen &amp#27;[0m&amp#27;[32mI subscribe to API &amp#27;[0m&amp#27;[32m&amp#27;[1m"<createdApiId>"&amp#27;[0m&amp#27;[32m using application &amp#27;[0m&amp#27;[32m&amp#27;[1m"<createdAppId>"&amp#27;[0m&amp#27;[32m with throttling policy &amp#27;[0m&amp#27;[32m&amp#27;[1m"Bronze"&amp#27;[0m                              &amp#27;[90m# org.wso2.am.integration.cucumbertests.stepdefinitions.StoreStepDefinitions.i_subscribe_to_api(java.lang.String,java.lang.String,java.lang.String)&amp#27;[0m
  &amp#27;[32mThen &amp#27;[0m&amp#27;[32mI should be able to retrieve the subscription for Api &amp#27;[0m&amp#27;[32m&amp#27;[1m"<createdApiId>"&amp#27;[0m&amp#27;[32m by Application &amp#27;[0m&amp#27;[32m&amp#27;[1m"<createdAppId>"&amp#27;[0m                              &amp#27;[90m# org.wso2.am.integration.cucumbertests.stepdefinitions.StoreStepDefinitions.i_should_be_able_to_retrieve_subscription(java.lang.String,java.lang.String)&amp#27;[0m
--> GET https://localhost:32781/api/am/gateway/v2/applications?uuid=b47ae7ff-3e01-47bb-904b-5d068fcb3855&tenantDomain=carbon.super HTTP/1.1
Accept: application/json
Authorization: Basic YWRtaW46YWRtaW4=
User-Agent: Swagger-Codegen/1.0.0/java
--> END GET
<-- HTTP/1.1 200  (68ms)
X-WSO2-TraceId: 90008fdb-f978-4d7b-afa9-66e7b62323cf
Date: Wed, 07 May 2025 06:34:40 GMT
Content-Type: application/json
Content-Length: 180
Keep-Alive: timeout=60
Connection: keep-alive
Server: WSO2 Carbon Server
OkHttp-Sent-Millis: 1746599680941
OkHttp-Received-Millis: 1746599681009

{"count":1,"list":[{"uuid":"b47ae7ff-3e01-47bb-904b-5d068fcb3855","id":2,"name":"Application1","subName":"admin","policy":"Unlimited","tokenType":"JWT","attributes":{},"keys":[]}]}
<-- END HTTP (180-byte body)
--> GET https://localhost:32781/api/am/gateway/v2/applications?uuid=b47ae7ff-3e01-47bb-904b-5d068fcb3855&tenantDomain=carbon.super HTTP/1.1
Accept: application/json
Authorization: Basic YWRtaW46YWRtaW4=
User-Agent: Swagger-Codegen/1.0.0/java
--> END GET
<-- HTTP/1.1 200  (58ms)
X-WSO2-TraceId: e92eff66-a888-4b0d-90c3-316f3a5e6d91
Date: Wed, 07 May 2025 06:34:41 GMT
Content-Type: application/json
Content-Length: 180
Keep-Alive: timeout=60
Connection: keep-alive
Server: WSO2 Carbon Server
OkHttp-Sent-Millis: 1746599681512
OkHttp-Received-Millis: 1746599681570

{"count":1,"list":[{"uuid":"b47ae7ff-3e01-47bb-904b-5d068fcb3855","id":2,"name":"Application1","subName":"admin","policy":"Unlimited","tokenType":"JWT","attributes":{},"keys":[]}]}
<-- END HTTP (180-byte body)
--> GET https://localhost:32781/api/am/gateway/v2/applications?uuid=b47ae7ff-3e01-47bb-904b-5d068fcb3855&tenantDomain=carbon.super HTTP/1.1
Accept: application/json
Authorization: Basic YWRtaW46YWRtaW4=
User-Agent: Swagger-Codegen/1.0.0/java
--> END GET
<-- HTTP/1.1 200  (56ms)
X-WSO2-TraceId: 086afdb6-5325-45af-9e1c-26bcb2acffac
Date: Wed, 07 May 2025 06:34:42 GMT
Content-Type: application/json
Content-Length: 285
Keep-Alive: timeout=60
Connection: keep-alive
Server: WSO2 Carbon Server
OkHttp-Sent-Millis: 1746599682073
OkHttp-Received-Millis: 1746599682129

{"count":1,"list":[{"uuid":"b47ae7ff-3e01-47bb-904b-5d068fcb3855","id":2,"name":"Application1","subName":"admin","policy":"Unlimited","tokenType":"JWT","attributes":{},"keys":[{"consumerKey":"qcsloSwuMhxU4MJWw23hoqoLE8Ma","keyType":"PRODUCTION","keyManager":"Resident Key Manager"}]}]}
<-- END HTTP (285-byte body)
  &amp#27;[32mWhen &amp#27;[0m&amp#27;[32mI generate client credentials for application id &amp#27;[0m&amp#27;[32m&amp#27;[1m"<createdAppId>"&amp#27;[0m&amp#27;[32m with key type &amp#27;[0m&amp#27;[32m&amp#27;[1m"PRODUCTION"&amp#27;[0m                                        &amp#27;[90m# org.wso2.am.integration.cucumbertests.stepdefinitions.StoreStepDefinitions.i_generate_client_credentials(java.lang.String,java.lang.String)&amp#27;[0m
org.wso2.carbon.automation.test.utils.http.client.HttpResponse@6ddc67d0
  &amp#27;[32mAnd &amp#27;[0m&amp#27;[32mI request an access token using grant type &amp#27;[0m&amp#27;[32m&amp#27;[1m"client_credentials"&amp#27;[0m&amp#27;[32m without any scope&amp#27;[0m                                                    &amp#27;[90m# org.wso2.am.integration.cucumbertests.stepdefinitions.StoreStepDefinitions.i_request_access_token(java.lang.String)&amp#27;[0m
12:04:43.445 [docker-java-stream--1209706978] INFO  o.w.a.t.DefaultAPIMContainer - STDOUT: [2025-05-07 06:34:43,425]  INFO - JMSConnectionFactory JMS ConnectionFactory : tokenRevocationJMSPublisher initialized
12:04:43.987 [docker-java-stream--1209706978] INFO  o.w.a.t.DefaultAPIMContainer - STDOUT: [2025-05-07 06:34:43,967]  WARN - AccessConfiguration Error loading properties from file: access-log.properties
12:04:44.012 [docker-java-stream--1209706978] INFO  o.w.a.t.DefaultAPIMContainer - STDOUT: [2025-05-07 06:34:43,987]  WARN - MiscellaneousUtil Error loading properties from a file at from the System defined location: access-log.properties
12:04:44.043 [docker-java-stream--1209706978] INFO  o.w.a.t.DefaultAPIMContainer - STDOUT: [2025-05-07 06:34:44,023]  WARN - MiscellaneousUtil Error loading properties from a file at from the System defined location: access-log.properties
12:04:45.190 [docker-java-stream--1209706978] INFO  o.w.a.t.DefaultAPIMContainer - STDOUT: [2025-05-07 06:34:45,170]  INFO - DefaultKeyValidationHandler org.wso2.carbon.apimgt.keymgt.handlers.DefaultKeyValidationHandler Initialised
12:04:45.285 [docker-java-stream--1209706978] INFO  o.w.a.t.DefaultAPIMContainer - STDOUT: [2025-05-07 06:34:45,266]  INFO - JMSConnectionFactory JMS ConnectionFactory : jmsEventPublisher initialized
12:04:45.435 [docker-java-stream--1209706978] INFO  o.w.a.t.DefaultAPIMContainer - STDOUT: [2025-05-07 06:34:45,415]  INFO - TimeoutHandler This engine will expire all callbacks after GLOBAL_TIMEOUT: 120 seconds, irrespective of the timeout action, after the specified or optional timeout
12:04:45.654 [docker-java-stream-1191643745] INFO  o.w.am.testcontainers.NodeAppServer - STDOUT: ----invoking getCustomer, Customer id is: 123
  &amp#27;[32mAnd &amp#27;[0m&amp#27;[32mI invoke API of ID &amp#27;[0m&amp#27;[32m&amp#27;[1m"<createdApiId>"&amp#27;[0m&amp#27;[32m with path &amp#27;[0m&amp#27;[32m&amp#27;[1m"/customers/123/"&amp#27;[0m&amp#27;[32m and method GET using access token &amp#27;[0m&amp#27;[32m&amp#27;[1m"<generatedAccessToken>"&amp#27;[0m           &amp#27;[90m# org.wso2.am.integration.cucumbertests.stepdefinitions.APIInvocationStepDefinitions.i_invoke_api_with_accessToken(java.lang.String,java.lang.String,java.lang.String)&amp#27;[0m
  &amp#27;[32mThen &amp#27;[0m&amp#27;[32mthe API response status should be &amp#27;[0m&amp#27;[32m&amp#27;[1m200&amp#27;[0m                                                                                               &amp#27;[90m# org.wso2.am.integration.cucumbertests.stepdefinitions.APIInvocationStepDefinitions.the_api_response_status_should_be(int)&amp#27;[0m
]]></system-out>
    <system-err><![CDATA[&amp#27;[32m&amp#27;[1m┌───────────────────────────────────────────────────────────────────────────────────┐&amp#27;[0m
&amp#27;[32m&amp#27;[1m│&amp#27;[0m Share your Cucumber Report with your team at &amp#27;[36m&amp#27;[1m&amp#27;[4mhttps://reports.cucumber.io&amp#27;[0m          &amp#27;[32m&amp#27;[1m│&amp#27;[0m
&amp#27;[32m&amp#27;[1m│&amp#27;[0m Activate publishing with one of the following:                                    &amp#27;[32m&amp#27;[1m│&amp#27;[0m
&amp#27;[32m&amp#27;[1m│&amp#27;[0m                                                                                   &amp#27;[32m&amp#27;[1m│&amp#27;[0m
&amp#27;[32m&amp#27;[1m│&amp#27;[0m src/test/resources/cucumber.properties:          &amp#27;[36mcucumber.publish.enabled&amp#27;[0m=&amp#27;[36mtrue&amp#27;[0m    &amp#27;[32m&amp#27;[1m│&amp#27;[0m
&amp#27;[32m&amp#27;[1m│&amp#27;[0m src/test/resources/junit-platform.properties:    &amp#27;[36mcucumber.publish.enabled&amp#27;[0m=&amp#27;[36mtrue&amp#27;[0m    &amp#27;[32m&amp#27;[1m│&amp#27;[0m
&amp#27;[32m&amp#27;[1m│&amp#27;[0m Environment variable:                            &amp#27;[36mCUCUMBER_PUBLISH_ENABLED&amp#27;[0m=&amp#27;[36mtrue&amp#27;[0m    &amp#27;[32m&amp#27;[1m│&amp#27;[0m
&amp#27;[32m&amp#27;[1m│&amp#27;[0m JUnit:                                           &amp#27;[36m@CucumberOptions&amp#27;[0m(publish = &amp#27;[36mtrue&amp#27;[0m) &amp#27;[32m&amp#27;[1m│&amp#27;[0m
&amp#27;[32m&amp#27;[1m│&amp#27;[0m                                                                                   &amp#27;[32m&amp#27;[1m│&amp#27;[0m
&amp#27;[32m&amp#27;[1m│&amp#27;[0m More information at &amp#27;[36mhttps://cucumber.io/docs/cucumber/environment-variables/&amp#27;[0m      &amp#27;[32m&amp#27;[1m│&amp#27;[0m
&amp#27;[32m&amp#27;[1m│&amp#27;[0m                                                                                   &amp#27;[32m&amp#27;[1m│&amp#27;[0m
&amp#27;[32m&amp#27;[1m│&amp#27;[0m Disable this message with one of the following:                                   &amp#27;[32m&amp#27;[1m│&amp#27;[0m
&amp#27;[32m&amp#27;[1m│&amp#27;[0m                                                                                   &amp#27;[32m&amp#27;[1m│&amp#27;[0m
&amp#27;[32m&amp#27;[1m│&amp#27;[0m src/test/resources/cucumber.properties:          &amp#27;[36mcucumber.publish.quiet&amp#27;[0m=&amp#27;[36mtrue&amp#27;[0m      &amp#27;[32m&amp#27;[1m│&amp#27;[0m
&amp#27;[32m&amp#27;[1m│&amp#27;[0m src/test/resources/junit-platform.properties:    &amp#27;[36mcucumber.publish.quiet&amp#27;[0m=&amp#27;[36mtrue&amp#27;[0m      &amp#27;[32m&amp#27;[1m│&amp#27;[0m
&amp#27;[32m&amp#27;[1m└───────────────────────────────────────────────────────────────────────────────────┘&amp#27;[0m
May 07, 2025 12:03:51 PM okhttp3.internal.platform.Platform log
INFO: --> POST https://localhost:32781/api/am/publisher/v4/apis?openAPIVersion=v3
May 07, 2025 12:03:51 PM okhttp3.internal.platform.Platform log
INFO: Content-Length: 1053
May 07, 2025 12:03:51 PM okhttp3.internal.platform.Platform log
INFO: Accept: application/json
May 07, 2025 12:03:51 PM okhttp3.internal.platform.Platform log
INFO: Content-Type: application/json
May 07, 2025 12:03:51 PM okhttp3.internal.platform.Platform log
INFO: Authorization: Bearer fa5f461d-4b09-3513-983b-1679c19e20d2
May 07, 2025 12:03:51 PM okhttp3.internal.platform.Platform log
INFO: activityID: 
May 07, 2025 12:03:51 PM okhttp3.internal.platform.Platform log
INFO: User-Agent: OpenAPI-Generator/v4/java
May 07, 2025 12:03:51 PM okhttp3.internal.platform.Platform log
INFO: 
May 07, 2025 12:03:51 PM okhttp3.internal.platform.Platform log
INFO: {"name":"JaxrsAPI","description":"JAX-RS CustomerService API created for integration testing.","context":"/jaxrs","version":"1.0.0","provider":"admin","cacheTimeout":100,"isDefaultVersion":true,"type":"HTTP","transport":["http","https"],"tags":["customer","order","service"],"policies":["Gold","Bronze"],"securityScheme":["oauth2","api_key"],"visibility":"PUBLIC","subscriptionAvailability":"CURRENT_TENANT","accessControl":"NONE","businessInformation":{},"corsConfiguration":{"corsConfigurationEnabled":false,"accessControlAllowCredentials":false},"endpointConfig":{"endpoint_type":"http","sandbox_endpoints":{"template_not_supported":false,"url":"http://nodebackend:8080/jaxrs_basic/services/customers/customerservice/"},"production_endpoints":{"template_not_supported":false,"url":"http://nodebackend:8080/jaxrs_basic/services/customers/customerservice/"}},"endpointImplementationType":"ENDPOINT","operations":[{"target":"/*","verb":"GET","authType":"Application \u0026 Application User","throttlingPolicy":"Unlimited"}],"gatewayType":"wso2/synapse"}
May 07, 2025 12:03:51 PM okhttp3.internal.platform.Platform log
INFO: --> END POST (1053-byte body)
May 07, 2025 12:04:04 PM okhttp3.internal.platform.Platform log
INFO: <-- 201 https://localhost:32781/api/am/publisher/v4/apis?openAPIVersion=v3 (13149ms)
May 07, 2025 12:04:04 PM okhttp3.internal.platform.Platform log
INFO: X-WSO2-TraceId: f4ffbf50-da7b-477e-b5de-58a2c4417c54
May 07, 2025 12:04:04 PM okhttp3.internal.platform.Platform log
INFO: Location: https://localhost:32781/api/am/publisher/apis/4909ae8f-e7eb-4715-a1fd-b463318cdc93
May 07, 2025 12:04:04 PM okhttp3.internal.platform.Platform log
INFO: X-Content-Type-Options: nosniff
May 07, 2025 12:04:04 PM okhttp3.internal.platform.Platform log
INFO: X-XSS-Protection: 1; mode=block
May 07, 2025 12:04:04 PM okhttp3.internal.platform.Platform log
INFO: Date: Wed, 07 May 2025 06:34:04 GMT
May 07, 2025 12:04:04 PM okhttp3.internal.platform.Platform log
INFO: Vary: Accept-Encoding
May 07, 2025 12:04:04 PM okhttp3.internal.platform.Platform log
INFO: Content-Type: application/json
May 07, 2025 12:04:04 PM okhttp3.internal.platform.Platform log
INFO: Transfer-Encoding: chunked
May 07, 2025 12:04:04 PM okhttp3.internal.platform.Platform log
INFO: Keep-Alive: timeout=60
May 07, 2025 12:04:04 PM okhttp3.internal.platform.Platform log
INFO: Connection: keep-alive
May 07, 2025 12:04:04 PM okhttp3.internal.platform.Platform log
INFO: Server: WSO2 Carbon Server
May 07, 2025 12:04:04 PM okhttp3.internal.platform.Platform log
INFO: 
May 07, 2025 12:04:04 PM okhttp3.internal.platform.Platform log
INFO: {"id":"4909ae8f-e7eb-4715-a1fd-b463318cdc93","name":"JaxrsAPI","description":"JAX-RS CustomerService API created for integration testing.","context":"/jaxrs","version":"1.0.0","provider":"admin","lifeCycleStatus":"CREATED","wsdlInfo":null,"wsdlUrl":null,"responseCachingEnabled":false,"cacheTimeout":100,"hasThumbnail":false,"isDefaultVersion":true,"isRevision":false,"revisionedApiId":null,"revisionId":0,"enableSchemaValidation":false,"enableSubscriberVerification":false,"type":"HTTP","audience":null,"audiences":["all"],"transport":["http","https"],"tags":["service","customer","order"],"policies":["Bronze","Gold"],"organizationPolicies":[],"apiThrottlingPolicy":null,"authorizationHeader":"Authorization","apiKeyHeader":"ApiKey","securityScheme":["api_key","oauth_basic_auth_api_key_mandatory","oauth2"],"maxTps":null,"visibility":"PUBLIC","visibleRoles":[""],"visibleTenants":[],"visibleOrganizations":["carbon.super"],"mediationPolicies":[],"apiPolicies":null,"subscriptionAvailability":"CURRENT_TENANT","subscriptionAvailableTenants":[""],"additionalProperties":[],"additionalPropertiesMap":{},"monetization":null,"accessControl":"NONE","accessControlRoles":[],"businessInformation":{"businessOwner":null,"businessOwnerEmail":null,"technicalOwner":null,"technicalOwnerEmail":null},"corsConfiguration":{"corsConfigurationEnabled":false,"accessControlAllowOrigins":[],"accessControlAllowCredentials":false,"accessControlAllowHeaders":[],"accessControlAllowMethods":[]},"websubSubscriptionConfiguration":{"enable":false,"secret":"","signingAlgorithm":"SHA1","signatureHeader":"x-hub-signature"},"workflowStatus":null,"createdTime":"1746599643687","lastUpdatedTimestamp":null,"lastUpdatedTime":null,"endpointConfig":{"endpoint_type":"http","sandbox_endpoints":{"template_not_supported":false,"url":"http://nodebackend:8080/jaxrs_basic/services/customers/customerservice/"},"production_endpoints":{"template_not_supported":false,"url":"http://nodebackend:8080/jaxrs_basic/services/customers/customerservice/"}},"primaryProductionEndpointId":null,"primarySandboxEndpointId":null,"endpointImplementationType":"ENDPOINT","subtypeConfiguration":{"subtype":"DEFAULT","configuration":null},"scopes":[],"operations":[{"id":"","target":"/*","verb":"GET","authType":"Application & Application User","throttlingPolicy":"Unlimited","scopes":[],"usedProductIds":[],"amznResourceName":null,"amznResourceTimeout":null,"amznResourceContentEncode":null,"payloadSchema":null,"uriMapping":null,"operationPolicies":{"request":[],"response":[],"fault":[]}}],"threatProtectionPolicies":null,"categories":[],"keyManagers":["all"],"serviceInfo":null,"advertiseInfo":{"advertised":false,"apiExternalProductionEndpoint":null,"apiExternalSandboxEndpoint":null,"originalDevPortalUrl":null,"apiOwner":"admin","vendor":"WSO2"},"gatewayVendor":"wso2","gatewayType":"wso2/synapse","asyncTransportProtocols":[""],"egress":false}
May 07, 2025 12:04:04 PM okhttp3.internal.platform.Platform log
INFO: <-- END HTTP (2900-byte body)
May 07, 2025 12:04:04 PM okhttp3.internal.platform.Platform log
INFO: --> GET https://localhost:32781/api/am/publisher/v4/apis/4909ae8f-e7eb-4715-a1fd-b463318cdc93
May 07, 2025 12:04:04 PM okhttp3.internal.platform.Platform log
INFO: Accept: application/json
May 07, 2025 12:04:04 PM okhttp3.internal.platform.Platform log
INFO: Content-Type: application/json
May 07, 2025 12:04:04 PM okhttp3.internal.platform.Platform log
INFO: Authorization: Bearer fa5f461d-4b09-3513-983b-1679c19e20d2
May 07, 2025 12:04:04 PM okhttp3.internal.platform.Platform log
INFO: activityID: 
May 07, 2025 12:04:04 PM okhttp3.internal.platform.Platform log
INFO: User-Agent: OpenAPI-Generator/v4/java
May 07, 2025 12:04:04 PM okhttp3.internal.platform.Platform log
INFO: --> END GET
May 07, 2025 12:04:05 PM okhttp3.internal.platform.Platform log
INFO: <-- 200 https://localhost:32781/api/am/publisher/v4/apis/4909ae8f-e7eb-4715-a1fd-b463318cdc93 (424ms)
May 07, 2025 12:04:05 PM okhttp3.internal.platform.Platform log
INFO: X-WSO2-TraceId: 0f3e9680-e738-4cf4-b5e7-311048475557
May 07, 2025 12:04:05 PM okhttp3.internal.platform.Platform log
INFO: X-Content-Type-Options: nosniff
May 07, 2025 12:04:05 PM okhttp3.internal.platform.Platform log
INFO: X-XSS-Protection: 1; mode=block
May 07, 2025 12:04:05 PM okhttp3.internal.platform.Platform log
INFO: Date: Wed, 07 May 2025 06:34:04 GMT
May 07, 2025 12:04:05 PM okhttp3.internal.platform.Platform log
INFO: Vary: Accept-Encoding
May 07, 2025 12:04:05 PM okhttp3.internal.platform.Platform log
INFO: Content-Type: application/json
May 07, 2025 12:04:05 PM okhttp3.internal.platform.Platform log
INFO: Transfer-Encoding: chunked
May 07, 2025 12:04:05 PM okhttp3.internal.platform.Platform log
INFO: Keep-Alive: timeout=60
May 07, 2025 12:04:05 PM okhttp3.internal.platform.Platform log
INFO: Connection: keep-alive
May 07, 2025 12:04:05 PM okhttp3.internal.platform.Platform log
INFO: Server: WSO2 Carbon Server
May 07, 2025 12:04:05 PM okhttp3.internal.platform.Platform log
INFO: 
May 07, 2025 12:04:05 PM okhttp3.internal.platform.Platform log
INFO: {"id":"4909ae8f-e7eb-4715-a1fd-b463318cdc93","name":"JaxrsAPI","description":"JAX-RS CustomerService API created for integration testing.","context":"/jaxrs","version":"1.0.0","provider":"admin","lifeCycleStatus":"CREATED","wsdlInfo":null,"wsdlUrl":null,"responseCachingEnabled":false,"cacheTimeout":100,"hasThumbnail":false,"isDefaultVersion":true,"isRevision":false,"revisionedApiId":null,"revisionId":0,"enableSchemaValidation":false,"enableSubscriberVerification":false,"type":"HTTP","audience":null,"audiences":["all"],"transport":["http","https"],"tags":["service","customer","order"],"policies":["Bronze","Gold"],"organizationPolicies":[],"apiThrottlingPolicy":null,"authorizationHeader":"Authorization","apiKeyHeader":"ApiKey","securityScheme":["api_key","oauth_basic_auth_api_key_mandatory","oauth2"],"maxTps":null,"visibility":"PUBLIC","visibleRoles":[],"visibleTenants":[],"visibleOrganizations":["none"],"mediationPolicies":[],"apiPolicies":null,"subscriptionAvailability":"CURRENT_TENANT","subscriptionAvailableTenants":[],"additionalProperties":[],"additionalPropertiesMap":{},"monetization":null,"accessControl":"NONE","accessControlRoles":[],"businessInformation":{"businessOwner":null,"businessOwnerEmail":null,"technicalOwner":null,"technicalOwnerEmail":null},"corsConfiguration":{"corsConfigurationEnabled":false,"accessControlAllowOrigins":[],"accessControlAllowCredentials":false,"accessControlAllowHeaders":[],"accessControlAllowMethods":[]},"websubSubscriptionConfiguration":{"enable":false,"secret":"","signingAlgorithm":"SHA1","signatureHeader":"x-hub-signature"},"workflowStatus":null,"createdTime":"1746599642926","lastUpdatedTimestamp":"1746599643562","lastUpdatedTime":"2025-05-07 06:34:03.562","endpointConfig":{"endpoint_type":"http","sandbox_endpoints":{"template_not_supported":false,"url":"http://nodebackend:8080/jaxrs_basic/services/customers/customerservice/"},"production_endpoints":{"template_not_supported":false,"url":"http://nodebackend:8080/jaxrs_basic/services/customers/customerservice/"}},"primaryProductionEndpointId":null,"primarySandboxEndpointId":null,"endpointImplementationType":"ENDPOINT","subtypeConfiguration":{"subtype":"DEFAULT","configuration":null},"scopes":[],"operations":[{"id":"","target":"/*","verb":"GET","authType":"Application & Application User","throttlingPolicy":"Unlimited","scopes":[],"usedProductIds":[],"amznResourceName":null,"amznResourceTimeout":null,"amznResourceContentEncode":null,"payloadSchema":null,"uriMapping":null,"operationPolicies":{"request":[],"response":[],"fault":[]}}],"threatProtectionPolicies":null,"categories":[],"keyManagers":["all"],"serviceInfo":null,"advertiseInfo":{"advertised":false,"apiExternalProductionEndpoint":null,"apiExternalSandboxEndpoint":null,"originalDevPortalUrl":null,"apiOwner":"admin","vendor":"WSO2"},"gatewayVendor":"wso2","gatewayType":"wso2/synapse","asyncTransportProtocols":[],"egress":false}
May 07, 2025 12:04:05 PM okhttp3.internal.platform.Platform log
INFO: <-- END HTTP (2918-byte body)
May 07, 2025 12:04:05 PM okhttp3.internal.platform.Platform log
INFO: --> PUT https://localhost:32781/api/am/publisher/v4/apis/4909ae8f-e7eb-4715-a1fd-b463318cdc93
May 07, 2025 12:04:05 PM okhttp3.internal.platform.Platform log
INFO: Content-Length: 2090
May 07, 2025 12:04:05 PM okhttp3.internal.platform.Platform log
INFO: Accept: application/json
May 07, 2025 12:04:05 PM okhttp3.internal.platform.Platform log
INFO: Content-Type: application/json
May 07, 2025 12:04:05 PM okhttp3.internal.platform.Platform log
INFO: Authorization: Bearer fa5f461d-4b09-3513-983b-1679c19e20d2
May 07, 2025 12:04:05 PM okhttp3.internal.platform.Platform log
INFO: activityID: 
May 07, 2025 12:04:05 PM okhttp3.internal.platform.Platform log
INFO: User-Agent: OpenAPI-Generator/v4/java
May 07, 2025 12:04:05 PM okhttp3.internal.platform.Platform log
INFO: 
May 07, 2025 12:04:05 PM okhttp3.internal.platform.Platform log
INFO: {"id":"4909ae8f-e7eb-4715-a1fd-b463318cdc93","name":"JaxrsAPI","description":"JAX-RS CustomerService API created for integration testing.","context":"/jaxrs","version":"1.0.0","provider":"admin","lifeCycleStatus":"CREATED","responseCachingEnabled":false,"cacheTimeout":100,"hasThumbnail":false,"isDefaultVersion":true,"isRevision":false,"revisionId":0,"enableSchemaValidation":false,"enableSubscriberVerification":false,"type":"HTTP","audiences":["all"],"transport":["http","https"],"tags":["service","customer","order"],"policies":["Bronze","Gold"],"authorizationHeader":"Authorization","apiKeyHeader":"ApiKey","securityScheme":["api_key","oauth_basic_auth_api_key_mandatory","oauth2"],"visibility":"PUBLIC","visibleRoles":[],"visibleTenants":[],"mediationPolicies":[],"subscriptionAvailability":"CURRENT_TENANT","subscriptionAvailableTenants":[],"additionalProperties":[],"additionalPropertiesMap":{},"accessControl":"NONE","accessControlRoles":[],"businessInformation":{},"corsConfiguration":{"corsConfigurationEnabled":false,"accessControlAllowOrigins":[],"accessControlAllowCredentials":false,"accessControlAllowHeaders":[],"accessControlAllowMethods":[]},"websubSubscriptionConfiguration":{"enable":false,"secret":"","signingAlgorithm":"SHA1","signatureHeader":"x-hub-signature"},"createdTime":"1746599642926","lastUpdatedTimestamp":"1746599643562","lastUpdatedTime":"2025-05-07 06:34:03.562","endpointConfig":{"endpoint_type":"http","sandbox_endpoints":{"template_not_supported":false,"url":"http://nodebackend:8080/jaxrs_basic/services/customers/customerservice/"},"production_endpoints":{"template_not_supported":false,"url":"http://nodebackend:8080/jaxrs_basic/services/customers/customerservice/"}},"endpointImplementationType":"ENDPOINT","scopes":[],"operations":[{"target":"/customers/{id}","verb":"GET","authType":"Application \u0026 Application User","throttlingPolicy":"Unlimited"}],"categories":[],"keyManagers":["all"],"advertiseInfo":{"advertised":false,"apiOwner":"admin","vendor":"WSO2"},"gatewayVendor":"wso2","gatewayType":"wso2/synapse","asyncTransportProtocols":[]}
May 07, 2025 12:04:05 PM okhttp3.internal.platform.Platform log
INFO: --> END PUT (2090-byte body)
May 07, 2025 12:04:07 PM okhttp3.internal.platform.Platform log
INFO: <-- 200 https://localhost:32781/api/am/publisher/v4/apis/4909ae8f-e7eb-4715-a1fd-b463318cdc93 (1944ms)
May 07, 2025 12:04:07 PM okhttp3.internal.platform.Platform log
INFO: X-WSO2-TraceId: e6f72ccb-4aa2-4a2b-9481-10b0ee652a06
May 07, 2025 12:04:07 PM okhttp3.internal.platform.Platform log
INFO: X-Content-Type-Options: nosniff
May 07, 2025 12:04:07 PM okhttp3.internal.platform.Platform log
INFO: X-XSS-Protection: 1; mode=block
May 07, 2025 12:04:07 PM okhttp3.internal.platform.Platform log
INFO: Date: Wed, 07 May 2025 06:34:06 GMT
May 07, 2025 12:04:07 PM okhttp3.internal.platform.Platform log
INFO: Vary: Accept-Encoding
May 07, 2025 12:04:07 PM okhttp3.internal.platform.Platform log
INFO: Content-Type: application/json
May 07, 2025 12:04:07 PM okhttp3.internal.platform.Platform log
INFO: Transfer-Encoding: chunked
May 07, 2025 12:04:07 PM okhttp3.internal.platform.Platform log
INFO: Keep-Alive: timeout=60
May 07, 2025 12:04:07 PM okhttp3.internal.platform.Platform log
INFO: Connection: keep-alive
May 07, 2025 12:04:07 PM okhttp3.internal.platform.Platform log
INFO: Server: WSO2 Carbon Server
May 07, 2025 12:04:07 PM okhttp3.internal.platform.Platform log
INFO: 
May 07, 2025 12:04:07 PM okhttp3.internal.platform.Platform log
INFO: {"id":"4909ae8f-e7eb-4715-a1fd-b463318cdc93","name":"JaxrsAPI","description":"JAX-RS CustomerService API created for integration testing.","context":"/jaxrs","version":"1.0.0","provider":"admin","lifeCycleStatus":"CREATED","wsdlInfo":null,"wsdlUrl":null,"responseCachingEnabled":false,"cacheTimeout":100,"hasThumbnail":false,"isDefaultVersion":true,"isRevision":false,"revisionedApiId":null,"revisionId":0,"enableSchemaValidation":false,"enableSubscriberVerification":false,"type":"HTTP","audience":null,"audiences":["all"],"transport":["http","https"],"tags":["service","customer","order"],"policies":["Bronze","Gold"],"organizationPolicies":[],"apiThrottlingPolicy":null,"authorizationHeader":"Authorization","apiKeyHeader":"ApiKey","securityScheme":["api_key","oauth_basic_auth_api_key_mandatory","oauth2"],"maxTps":null,"visibility":"PUBLIC","visibleRoles":[],"visibleTenants":[],"visibleOrganizations":["none"],"mediationPolicies":[],"apiPolicies":null,"subscriptionAvailability":"CURRENT_TENANT","subscriptionAvailableTenants":[],"additionalProperties":[],"additionalPropertiesMap":{},"monetization":null,"accessControl":"NONE","accessControlRoles":[],"businessInformation":{"businessOwner":null,"businessOwnerEmail":null,"technicalOwner":null,"technicalOwnerEmail":null},"corsConfiguration":{"corsConfigurationEnabled":false,"accessControlAllowOrigins":[],"accessControlAllowCredentials":false,"accessControlAllowHeaders":[],"accessControlAllowMethods":[]},"websubSubscriptionConfiguration":{"enable":false,"secret":"","signingAlgorithm":"SHA1","signatureHeader":"x-hub-signature"},"workflowStatus":null,"createdTime":"1746599642926","lastUpdatedTimestamp":"1746599646650","lastUpdatedTime":"2025-05-07 06:34:06.65","endpointConfig":{"endpoint_type":"http","sandbox_endpoints":{"template_not_supported":false,"url":"http://nodebackend:8080/jaxrs_basic/services/customers/customerservice/"},"production_endpoints":{"template_not_supported":false,"url":"http://nodebackend:8080/jaxrs_basic/services/customers/customerservice/"}},"primaryProductionEndpointId":null,"primarySandboxEndpointId":null,"endpointImplementationType":"ENDPOINT","subtypeConfiguration":{"subtype":"DEFAULT","configuration":null},"scopes":[],"operations":[{"id":"","target":"/customers/{id}","verb":"GET","authType":"Application & Application User","throttlingPolicy":"Unlimited","scopes":[],"usedProductIds":[],"amznResourceName":null,"amznResourceTimeout":null,"amznResourceContentEncode":null,"payloadSchema":null,"uriMapping":null,"operationPolicies":{"request":[],"response":[],"fault":[]}}],"threatProtectionPolicies":null,"categories":[],"keyManagers":["all"],"serviceInfo":null,"advertiseInfo":{"advertised":false,"apiExternalProductionEndpoint":null,"apiExternalSandboxEndpoint":null,"originalDevPortalUrl":null,"apiOwner":"admin","vendor":"WSO2"},"gatewayVendor":"wso2","gatewayType":"wso2/synapse","asyncTransportProtocols":[],"egress":false}
May 07, 2025 12:04:07 PM okhttp3.internal.platform.Platform log
INFO: <-- END HTTP (2930-byte body)
May 07, 2025 12:04:07 PM okhttp3.internal.platform.Platform log
INFO: --> POST https://localhost:32781/api/am/publisher/v4/apis/4909ae8f-e7eb-4715-a1fd-b463318cdc93/revisions
May 07, 2025 12:04:07 PM okhttp3.internal.platform.Platform log
INFO: Content-Length: 33
May 07, 2025 12:04:07 PM okhttp3.internal.platform.Platform log
INFO: Accept: application/json
May 07, 2025 12:04:07 PM okhttp3.internal.platform.Platform log
INFO: Content-Type: application/json
May 07, 2025 12:04:07 PM okhttp3.internal.platform.Platform log
INFO: Authorization: Bearer fa5f461d-4b09-3513-983b-1679c19e20d2
May 07, 2025 12:04:07 PM okhttp3.internal.platform.Platform log
INFO: activityID: 
May 07, 2025 12:04:07 PM okhttp3.internal.platform.Platform log
INFO: User-Agent: OpenAPI-Generator/v4/java
May 07, 2025 12:04:07 PM okhttp3.internal.platform.Platform log
INFO: 
May 07, 2025 12:04:07 PM okhttp3.internal.platform.Platform log
INFO: {"description":"Test Revision 1"}
May 07, 2025 12:04:07 PM okhttp3.internal.platform.Platform log
INFO: --> END POST (33-byte body)
May 07, 2025 12:04:08 PM okhttp3.internal.platform.Platform log
INFO: <-- 201 https://localhost:32781/api/am/publisher/v4/apis/4909ae8f-e7eb-4715-a1fd-b463318cdc93/revisions (1121ms)
May 07, 2025 12:04:08 PM okhttp3.internal.platform.Platform log
INFO: X-WSO2-TraceId: 7858f8d5-ca5c-44d6-9521-c4bd69616502
May 07, 2025 12:04:08 PM okhttp3.internal.platform.Platform log
INFO: Location: https://localhost:32781/api/am/publisher/apis/4909ae8f-e7eb-4715-a1fd-b463318cdc93/revisions/ae6d3898-a26c-494e-9b92-dd9602fba2e2
May 07, 2025 12:04:08 PM okhttp3.internal.platform.Platform log
INFO: X-Content-Type-Options: nosniff
May 07, 2025 12:04:08 PM okhttp3.internal.platform.Platform log
INFO: X-XSS-Protection: 1; mode=block
May 07, 2025 12:04:08 PM okhttp3.internal.platform.Platform log
INFO: Date: Wed, 07 May 2025 06:34:08 GMT
May 07, 2025 12:04:08 PM okhttp3.internal.platform.Platform log
INFO: Content-Type: application/json
May 07, 2025 12:04:08 PM okhttp3.internal.platform.Platform log
INFO: Content-Length: 208
May 07, 2025 12:04:08 PM okhttp3.internal.platform.Platform log
INFO: Keep-Alive: timeout=60
May 07, 2025 12:04:08 PM okhttp3.internal.platform.Platform log
INFO: Connection: keep-alive
May 07, 2025 12:04:08 PM okhttp3.internal.platform.Platform log
INFO: Server: WSO2 Carbon Server
May 07, 2025 12:04:08 PM okhttp3.internal.platform.Platform log
INFO: 
May 07, 2025 12:04:08 PM okhttp3.internal.platform.Platform log
INFO: {"displayName":"Revision 1","id":"ae6d3898-a26c-494e-9b92-dd9602fba2e2","description":"Test Revision 1","createdTime":1746599647000,"apiInfo":{"id":"4909ae8f-e7eb-4715-a1fd-b463318cdc93"},"deploymentInfo":[]}
May 07, 2025 12:04:08 PM okhttp3.internal.platform.Platform log
INFO: <-- END HTTP (208-byte body)
May 07, 2025 12:04:08 PM okhttp3.internal.platform.Platform log
INFO: --> POST https://localhost:32781/api/am/publisher/v4/apis/4909ae8f-e7eb-4715-a1fd-b463318cdc93/deploy-revision?revisionId=ae6d3898-a26c-494e-9b92-dd9602fba2e2
May 07, 2025 12:04:08 PM okhttp3.internal.platform.Platform log
INFO: Content-Length: 85
May 07, 2025 12:04:08 PM okhttp3.internal.platform.Platform log
INFO: Accept: application/json
May 07, 2025 12:04:08 PM okhttp3.internal.platform.Platform log
INFO: Content-Type: application/json
May 07, 2025 12:04:08 PM okhttp3.internal.platform.Platform log
INFO: Authorization: Bearer fa5f461d-4b09-3513-983b-1679c19e20d2
May 07, 2025 12:04:08 PM okhttp3.internal.platform.Platform log
INFO: activityID: 
May 07, 2025 12:04:08 PM okhttp3.internal.platform.Platform log
INFO: User-Agent: OpenAPI-Generator/v4/java
May 07, 2025 12:04:08 PM okhttp3.internal.platform.Platform log
INFO: 
May 07, 2025 12:04:08 PM okhttp3.internal.platform.Platform log
INFO: [{"name":"Default","status":"CREATED","vhost":"localhost","displayOnDevportal":true}]
May 07, 2025 12:04:08 PM okhttp3.internal.platform.Platform log
INFO: --> END POST (85-byte body)
May 07, 2025 12:04:08 PM okhttp3.internal.platform.Platform log
INFO: <-- 201 https://localhost:32781/api/am/publisher/v4/apis/4909ae8f-e7eb-4715-a1fd-b463318cdc93/deploy-revision?revisionId=ae6d3898-a26c-494e-9b92-dd9602fba2e2 (662ms)
May 07, 2025 12:04:08 PM okhttp3.internal.platform.Platform log
INFO: X-WSO2-TraceId: 0046ae0d-22b6-454e-90bf-30872dea7bad
May 07, 2025 12:04:08 PM okhttp3.internal.platform.Platform log
INFO: X-Content-Type-Options: nosniff
May 07, 2025 12:04:08 PM okhttp3.internal.platform.Platform log
INFO: X-XSS-Protection: 1; mode=block
May 07, 2025 12:04:08 PM okhttp3.internal.platform.Platform log
INFO: Date: Wed, 07 May 2025 06:34:08 GMT
May 07, 2025 12:04:08 PM okhttp3.internal.platform.Platform log
INFO: Content-Type: application/json
May 07, 2025 12:04:08 PM okhttp3.internal.platform.Platform log
INFO: Content-Length: 196
May 07, 2025 12:04:08 PM okhttp3.internal.platform.Platform log
INFO: Keep-Alive: timeout=60
May 07, 2025 12:04:08 PM okhttp3.internal.platform.Platform log
INFO: Connection: keep-alive
May 07, 2025 12:04:08 PM okhttp3.internal.platform.Platform log
INFO: Server: WSO2 Carbon Server
May 07, 2025 12:04:08 PM okhttp3.internal.platform.Platform log
INFO: 
May 07, 2025 12:04:08 PM okhttp3.internal.platform.Platform log
INFO: [{"revisionUuid":"ae6d3898-a26c-494e-9b92-dd9602fba2e2","name":"Default","status":"APPROVED","vhost":"localhost","displayOnDevportal":true,"deployedTime":1746599648000,"successDeployedTime":null}]
May 07, 2025 12:04:08 PM okhttp3.internal.platform.Platform log
INFO: <-- END HTTP (196-byte body)
May 07, 2025 12:04:08 PM okhttp3.internal.platform.Platform log
INFO: --> GET https://localhost:32781/api/am/publisher/v4/apis/ae6d3898-a26c-494e-9b92-dd9602fba2e2
May 07, 2025 12:04:08 PM okhttp3.internal.platform.Platform log
INFO: X-WSO2-Tenant: carbon.super
May 07, 2025 12:04:08 PM okhttp3.internal.platform.Platform log
INFO: Accept: application/json
May 07, 2025 12:04:08 PM okhttp3.internal.platform.Platform log
INFO: Content-Type: application/json
May 07, 2025 12:04:08 PM okhttp3.internal.platform.Platform log
INFO: Authorization: Bearer fa5f461d-4b09-3513-983b-1679c19e20d2
May 07, 2025 12:04:08 PM okhttp3.internal.platform.Platform log
INFO: activityID: 
May 07, 2025 12:04:08 PM okhttp3.internal.platform.Platform log
INFO: User-Agent: OpenAPI-Generator/v4/java
May 07, 2025 12:04:08 PM okhttp3.internal.platform.Platform log
INFO: --> END GET
May 07, 2025 12:04:08 PM okhttp3.internal.platform.Platform log
INFO: <-- 200 https://localhost:32781/api/am/publisher/v4/apis/ae6d3898-a26c-494e-9b92-dd9602fba2e2 (155ms)
May 07, 2025 12:04:08 PM okhttp3.internal.platform.Platform log
INFO: X-WSO2-TraceId: 1860b5ee-2f79-4a40-b031-d62f4ed0a2eb
May 07, 2025 12:04:08 PM okhttp3.internal.platform.Platform log
INFO: X-Content-Type-Options: nosniff
May 07, 2025 12:04:08 PM okhttp3.internal.platform.Platform log
INFO: X-XSS-Protection: 1; mode=block
May 07, 2025 12:04:08 PM okhttp3.internal.platform.Platform log
INFO: Date: Wed, 07 May 2025 06:34:08 GMT
May 07, 2025 12:04:08 PM okhttp3.internal.platform.Platform log
INFO: Vary: Accept-Encoding
May 07, 2025 12:04:08 PM okhttp3.internal.platform.Platform log
INFO: Content-Type: application/json
May 07, 2025 12:04:08 PM okhttp3.internal.platform.Platform log
INFO: Transfer-Encoding: chunked
May 07, 2025 12:04:08 PM okhttp3.internal.platform.Platform log
INFO: Keep-Alive: timeout=60
May 07, 2025 12:04:08 PM okhttp3.internal.platform.Platform log
INFO: Connection: keep-alive
May 07, 2025 12:04:08 PM okhttp3.internal.platform.Platform log
INFO: Server: WSO2 Carbon Server
May 07, 2025 12:04:08 PM okhttp3.internal.platform.Platform log
INFO: 
May 07, 2025 12:04:08 PM okhttp3.internal.platform.Platform log
INFO: {"id":"ae6d3898-a26c-494e-9b92-dd9602fba2e2","name":"JaxrsAPI","description":"JAX-RS CustomerService API created for integration testing.","context":"/jaxrs","version":"1.0.0","provider":"admin","lifeCycleStatus":"CREATED","wsdlInfo":null,"wsdlUrl":null,"responseCachingEnabled":false,"cacheTimeout":100,"hasThumbnail":false,"isDefaultVersion":true,"isRevision":true,"revisionedApiId":"4909ae8f-e7eb-4715-a1fd-b463318cdc93","revisionId":1,"enableSchemaValidation":false,"enableSubscriberVerification":false,"type":"HTTP","audience":null,"audiences":["all"],"transport":["http","https"],"tags":["service","customer","order"],"policies":["Bronze","Gold"],"organizationPolicies":[],"apiThrottlingPolicy":null,"authorizationHeader":"Authorization","apiKeyHeader":"ApiKey","securityScheme":["api_key","oauth_basic_auth_api_key_mandatory","oauth2"],"maxTps":null,"visibility":"PUBLIC","visibleRoles":[],"visibleTenants":[],"visibleOrganizations":["none"],"mediationPolicies":[],"apiPolicies":null,"subscriptionAvailability":"CURRENT_TENANT","subscriptionAvailableTenants":[],"additionalProperties":[],"additionalPropertiesMap":{},"monetization":null,"accessControl":"NONE","accessControlRoles":[],"businessInformation":{"businessOwner":null,"businessOwnerEmail":null,"technicalOwner":null,"technicalOwnerEmail":null},"corsConfiguration":{"corsConfigurationEnabled":false,"accessControlAllowOrigins":[],"accessControlAllowCredentials":false,"accessControlAllowHeaders":[],"accessControlAllowMethods":[]},"websubSubscriptionConfiguration":{"enable":false,"secret":"","signingAlgorithm":"SHA1","signatureHeader":"x-hub-signature"},"workflowStatus":null,"createdTime":"1746599647360","lastUpdatedTimestamp":"1746599647360","lastUpdatedTime":"2025-05-07 06:34:07.36","endpointConfig":{"endpoint_type":"http","sandbox_endpoints":{"template_not_supported":false,"url":"http://nodebackend:8080/jaxrs_basic/services/customers/customerservice/"},"production_endpoints":{"template_not_supported":false,"url":"http://nodebackend:8080/jaxrs_basic/services/customers/customerservice/"}},"primaryProductionEndpointId":null,"primarySandboxEndpointId":null,"endpointImplementationType":"ENDPOINT","subtypeConfiguration":{"subtype":"DEFAULT","configuration":null},"scopes":[],"operations":[{"id":"","target":"/customers/{id}","verb":"GET","authType":"Application & Application User","throttlingPolicy":"Unlimited","scopes":[],"usedProductIds":[],"amznResourceName":null,"amznResourceTimeout":null,"amznResourceContentEncode":null,"payloadSchema":null,"uriMapping":null,"operationPolicies":{"request":[],"response":[],"fault":[]}}],"threatProtectionPolicies":null,"categories":[],"keyManagers":["all"],"serviceInfo":null,"advertiseInfo":{"advertised":false,"apiExternalProductionEndpoint":null,"apiExternalSandboxEndpoint":null,"originalDevPortalUrl":null,"apiOwner":"admin","vendor":"WSO2"},"gatewayVendor":"wso2","gatewayType":"wso2/synapse","asyncTransportProtocols":[],"egress":false}
May 07, 2025 12:04:09 PM okhttp3.internal.platform.Platform log
INFO: <-- END HTTP (2963-byte body)
May 07, 2025 12:04:23 PM okhttp3.internal.platform.Platform log
INFO: --> GET https://localhost:32781/api/am/publisher/v4/apis/4909ae8f-e7eb-4715-a1fd-b463318cdc93
May 07, 2025 12:04:23 PM okhttp3.internal.platform.Platform log
INFO: Accept: application/json
May 07, 2025 12:04:23 PM okhttp3.internal.platform.Platform log
INFO: Content-Type: application/json
May 07, 2025 12:04:23 PM okhttp3.internal.platform.Platform log
INFO: Authorization: Bearer fa5f461d-4b09-3513-983b-1679c19e20d2
May 07, 2025 12:04:23 PM okhttp3.internal.platform.Platform log
INFO: activityID: 
May 07, 2025 12:04:23 PM okhttp3.internal.platform.Platform log
INFO: User-Agent: OpenAPI-Generator/v4/java
May 07, 2025 12:04:23 PM okhttp3.internal.platform.Platform log
INFO: --> END GET
May 07, 2025 12:04:23 PM okhttp3.internal.platform.Platform log
INFO: <-- 200 https://localhost:32781/api/am/publisher/v4/apis/4909ae8f-e7eb-4715-a1fd-b463318cdc93 (128ms)
May 07, 2025 12:04:23 PM okhttp3.internal.platform.Platform log
INFO: X-WSO2-TraceId: d1b150da-af1b-4d76-bc65-003e0fe51fc5
May 07, 2025 12:04:23 PM okhttp3.internal.platform.Platform log
INFO: X-Content-Type-Options: nosniff
May 07, 2025 12:04:23 PM okhttp3.internal.platform.Platform log
INFO: X-XSS-Protection: 1; mode=block
May 07, 2025 12:04:23 PM okhttp3.internal.platform.Platform log
INFO: Date: Wed, 07 May 2025 06:34:23 GMT
May 07, 2025 12:04:23 PM okhttp3.internal.platform.Platform log
INFO: Vary: Accept-Encoding
May 07, 2025 12:04:23 PM okhttp3.internal.platform.Platform log
INFO: Content-Type: application/json
May 07, 2025 12:04:23 PM okhttp3.internal.platform.Platform log
INFO: Transfer-Encoding: chunked
May 07, 2025 12:04:23 PM okhttp3.internal.platform.Platform log
INFO: Keep-Alive: timeout=60
May 07, 2025 12:04:23 PM okhttp3.internal.platform.Platform log
INFO: Connection: keep-alive
May 07, 2025 12:04:23 PM okhttp3.internal.platform.Platform log
INFO: Server: WSO2 Carbon Server
May 07, 2025 12:04:23 PM okhttp3.internal.platform.Platform log
INFO: 
May 07, 2025 12:04:23 PM okhttp3.internal.platform.Platform log
INFO: {"id":"4909ae8f-e7eb-4715-a1fd-b463318cdc93","name":"JaxrsAPI","description":"JAX-RS CustomerService API created for integration testing.","context":"/jaxrs","version":"1.0.0","provider":"admin","lifeCycleStatus":"CREATED","wsdlInfo":null,"wsdlUrl":null,"responseCachingEnabled":false,"cacheTimeout":100,"hasThumbnail":false,"isDefaultVersion":true,"isRevision":false,"revisionedApiId":null,"revisionId":0,"enableSchemaValidation":false,"enableSubscriberVerification":false,"type":"HTTP","audience":null,"audiences":["all"],"transport":["http","https"],"tags":["service","customer","order"],"policies":["Bronze","Gold"],"organizationPolicies":[],"apiThrottlingPolicy":null,"authorizationHeader":"Authorization","apiKeyHeader":"ApiKey","securityScheme":["api_key","oauth_basic_auth_api_key_mandatory","oauth2"],"maxTps":null,"visibility":"PUBLIC","visibleRoles":[],"visibleTenants":[],"visibleOrganizations":["none"],"mediationPolicies":[],"apiPolicies":null,"subscriptionAvailability":"CURRENT_TENANT","subscriptionAvailableTenants":[],"additionalProperties":[],"additionalPropertiesMap":{},"monetization":null,"accessControl":"NONE","accessControlRoles":[],"businessInformation":{"businessOwner":null,"businessOwnerEmail":null,"technicalOwner":null,"technicalOwnerEmail":null},"corsConfiguration":{"corsConfigurationEnabled":false,"accessControlAllowOrigins":[],"accessControlAllowCredentials":false,"accessControlAllowHeaders":[],"accessControlAllowMethods":[]},"websubSubscriptionConfiguration":{"enable":false,"secret":"","signingAlgorithm":"SHA1","signatureHeader":"x-hub-signature"},"workflowStatus":null,"createdTime":"1746599642926","lastUpdatedTimestamp":"1746599646650","lastUpdatedTime":"2025-05-07 06:34:06.65","endpointConfig":{"endpoint_type":"http","sandbox_endpoints":{"template_not_supported":false,"url":"http://nodebackend:8080/jaxrs_basic/services/customers/customerservice/"},"production_endpoints":{"template_not_supported":false,"url":"http://nodebackend:8080/jaxrs_basic/services/customers/customerservice/"}},"primaryProductionEndpointId":null,"primarySandboxEndpointId":null,"endpointImplementationType":"ENDPOINT","subtypeConfiguration":{"subtype":"DEFAULT","configuration":null},"scopes":[],"operations":[{"id":"","target":"/customers/{id}","verb":"GET","authType":"Application & Application User","throttlingPolicy":"Unlimited","scopes":[],"usedProductIds":[],"amznResourceName":null,"amznResourceTimeout":null,"amznResourceContentEncode":null,"payloadSchema":null,"uriMapping":null,"operationPolicies":{"request":[],"response":[],"fault":[]}}],"threatProtectionPolicies":null,"categories":[],"keyManagers":["all"],"serviceInfo":null,"advertiseInfo":{"advertised":false,"apiExternalProductionEndpoint":null,"apiExternalSandboxEndpoint":null,"originalDevPortalUrl":null,"apiOwner":"admin","vendor":"WSO2"},"gatewayVendor":"wso2","gatewayType":"wso2/synapse","asyncTransportProtocols":[],"egress":false}
May 07, 2025 12:04:23 PM okhttp3.internal.platform.Platform log
INFO: <-- END HTTP (2930-byte body)
May 07, 2025 12:04:23 PM okhttp3.internal.platform.Platform log
INFO: --> POST https://localhost:32781/api/am/publisher/v4/apis/change-lifecycle?action=Publish&apiId=4909ae8f-e7eb-4715-a1fd-b463318cdc93
May 07, 2025 12:04:23 PM okhttp3.internal.platform.Platform log
INFO: Content-Length: 0
May 07, 2025 12:04:23 PM okhttp3.internal.platform.Platform log
INFO: Accept: application/json
May 07, 2025 12:04:23 PM okhttp3.internal.platform.Platform log
INFO: Content-Type: application/json
May 07, 2025 12:04:23 PM okhttp3.internal.platform.Platform log
INFO: Authorization: Bearer fa5f461d-4b09-3513-983b-1679c19e20d2
May 07, 2025 12:04:23 PM okhttp3.internal.platform.Platform log
INFO: activityID: 
May 07, 2025 12:04:23 PM okhttp3.internal.platform.Platform log
INFO: User-Agent: OpenAPI-Generator/v4/java
May 07, 2025 12:04:23 PM okhttp3.internal.platform.Platform log
INFO: 
May 07, 2025 12:04:23 PM okhttp3.internal.platform.Platform log
INFO: 
May 07, 2025 12:04:23 PM okhttp3.internal.platform.Platform log
INFO: --> END POST (0-byte body)
May 07, 2025 12:04:24 PM okhttp3.internal.platform.Platform log
INFO: <-- 200 https://localhost:32781/api/am/publisher/v4/apis/change-lifecycle?action=Publish&apiId=4909ae8f-e7eb-4715-a1fd-b463318cdc93 (1166ms)
May 07, 2025 12:04:24 PM okhttp3.internal.platform.Platform log
INFO: X-WSO2-TraceId: b72650e5-4334-4d6c-bbe9-ff59d40c2dda
May 07, 2025 12:04:24 PM okhttp3.internal.platform.Platform log
INFO: X-Content-Type-Options: nosniff
May 07, 2025 12:04:24 PM okhttp3.internal.platform.Platform log
INFO: X-XSS-Protection: 1; mode=block
May 07, 2025 12:04:24 PM okhttp3.internal.platform.Platform log
INFO: Date: Wed, 07 May 2025 06:34:24 GMT
May 07, 2025 12:04:24 PM okhttp3.internal.platform.Platform log
INFO: Content-Type: application/json
May 07, 2025 12:04:24 PM okhttp3.internal.platform.Platform log
INFO: Content-Length: 298
May 07, 2025 12:04:24 PM okhttp3.internal.platform.Platform log
INFO: Keep-Alive: timeout=60
May 07, 2025 12:04:24 PM okhttp3.internal.platform.Platform log
INFO: Connection: keep-alive
May 07, 2025 12:04:24 PM okhttp3.internal.platform.Platform log
INFO: Server: WSO2 Carbon Server
May 07, 2025 12:04:24 PM okhttp3.internal.platform.Platform log
INFO: 
May 07, 2025 12:04:24 PM okhttp3.internal.platform.Platform log
INFO: {"workflowStatus":"APPROVED","jsonPayload":"","lifecycleState":{"state":"Published","checkItems":[],"availableTransitions":[{"event":"Block","targetState":""},{"event":"Deploy as a Prototype","targetState":""},{"event":"Demote to Created","targetState":""},{"event":"Deprecate","targetState":""}]}}
May 07, 2025 12:04:24 PM okhttp3.internal.platform.Platform log
INFO: <-- END HTTP (298-byte body)
May 07, 2025 12:04:24 PM okhttp3.internal.platform.Platform log
INFO: --> GET https://localhost:32781/api/am/publisher/v4/apis/4909ae8f-e7eb-4715-a1fd-b463318cdc93/lifecycle-state
May 07, 2025 12:04:24 PM okhttp3.internal.platform.Platform log
INFO: Accept: application/json
May 07, 2025 12:04:24 PM okhttp3.internal.platform.Platform log
INFO: Content-Type: application/json
May 07, 2025 12:04:24 PM okhttp3.internal.platform.Platform log
INFO: Authorization: Bearer fa5f461d-4b09-3513-983b-1679c19e20d2
May 07, 2025 12:04:24 PM okhttp3.internal.platform.Platform log
INFO: activityID: 
May 07, 2025 12:04:24 PM okhttp3.internal.platform.Platform log
INFO: User-Agent: OpenAPI-Generator/v4/java
May 07, 2025 12:04:24 PM okhttp3.internal.platform.Platform log
INFO: --> END GET
May 07, 2025 12:04:24 PM okhttp3.internal.platform.Platform log
INFO: <-- 200 https://localhost:32781/api/am/publisher/v4/apis/4909ae8f-e7eb-4715-a1fd-b463318cdc93/lifecycle-state (60ms)
May 07, 2025 12:04:24 PM okhttp3.internal.platform.Platform log
INFO: X-WSO2-TraceId: e1ea7dfd-c167-4f20-8c59-21439c2880e2
May 07, 2025 12:04:24 PM okhttp3.internal.platform.Platform log
INFO: X-Content-Type-Options: nosniff
May 07, 2025 12:04:24 PM okhttp3.internal.platform.Platform log
INFO: X-XSS-Protection: 1; mode=block
May 07, 2025 12:04:24 PM okhttp3.internal.platform.Platform log
INFO: Date: Wed, 07 May 2025 06:34:24 GMT
May 07, 2025 12:04:24 PM okhttp3.internal.platform.Platform log
INFO: Content-Type: application/json
May 07, 2025 12:04:24 PM okhttp3.internal.platform.Platform log
INFO: Content-Length: 234
May 07, 2025 12:04:24 PM okhttp3.internal.platform.Platform log
INFO: Keep-Alive: timeout=60
May 07, 2025 12:04:24 PM okhttp3.internal.platform.Platform log
INFO: Connection: keep-alive
May 07, 2025 12:04:24 PM okhttp3.internal.platform.Platform log
INFO: Server: WSO2 Carbon Server
May 07, 2025 12:04:24 PM okhttp3.internal.platform.Platform log
INFO: 
May 07, 2025 12:04:24 PM okhttp3.internal.platform.Platform log
INFO: {"state":"Published","checkItems":[],"availableTransitions":[{"event":"Block","targetState":""},{"event":"Deploy as a Prototype","targetState":""},{"event":"Demote to Created","targetState":""},{"event":"Deprecate","targetState":""}]}
May 07, 2025 12:04:24 PM okhttp3.internal.platform.Platform log
INFO: <-- END HTTP (234-byte body)
May 07, 2025 12:04:24 PM okhttp3.internal.platform.Platform log
INFO: --> POST https://localhost:32781/api/am/devportal/v3/applications
May 07, 2025 12:04:24 PM okhttp3.internal.platform.Platform log
INFO: Content-Length: 124
May 07, 2025 12:04:24 PM okhttp3.internal.platform.Platform log
INFO: Accept: application/json
May 07, 2025 12:04:24 PM okhttp3.internal.platform.Platform log
INFO: Content-Type: application/json
May 07, 2025 12:04:24 PM okhttp3.internal.platform.Platform log
INFO: Authorization: Bearer 4338f1cf-3342-3d5f-861d-dbc82a296318
May 07, 2025 12:04:24 PM okhttp3.internal.platform.Platform log
INFO: User-Agent: OpenAPI-Generator/v3/java
May 07, 2025 12:04:24 PM okhttp3.internal.platform.Platform log
INFO: 
May 07, 2025 12:04:24 PM okhttp3.internal.platform.Platform log
INFO: {"name":"Application1","throttlingPolicy":"Unlimited","description":"This is new application","tokenType":"JWT","status":""}
May 07, 2025 12:04:24 PM okhttp3.internal.platform.Platform log
INFO: --> END POST (124-byte body)
May 07, 2025 12:04:29 PM okhttp3.internal.platform.Platform log
INFO: <-- 201 https://localhost:32781/api/am/devportal/v3/applications (5219ms)
May 07, 2025 12:04:29 PM okhttp3.internal.platform.Platform log
INFO: X-WSO2-TraceId: bd93cd45-64ed-4886-9607-459b1ce24510
May 07, 2025 12:04:29 PM okhttp3.internal.platform.Platform log
INFO: Location: https://localhost:32781/api/am/devportal/applications/b47ae7ff-3e01-47bb-904b-5d068fcb3855
May 07, 2025 12:04:29 PM okhttp3.internal.platform.Platform log
INFO: X-Content-Type-Options: nosniff
May 07, 2025 12:04:29 PM okhttp3.internal.platform.Platform log
INFO: X-XSS-Protection: 1; mode=block
May 07, 2025 12:04:29 PM okhttp3.internal.platform.Platform log
INFO: Date: Wed, 07 May 2025 06:34:29 GMT
May 07, 2025 12:04:29 PM okhttp3.internal.platform.Platform log
INFO: Content-Type: application/json
May 07, 2025 12:04:29 PM okhttp3.internal.platform.Platform log
INFO: Content-Length: 389
May 07, 2025 12:04:29 PM okhttp3.internal.platform.Platform log
INFO: Keep-Alive: timeout=60
May 07, 2025 12:04:29 PM okhttp3.internal.platform.Platform log
INFO: Connection: keep-alive
May 07, 2025 12:04:29 PM okhttp3.internal.platform.Platform log
INFO: Server: WSO2 Carbon Server
May 07, 2025 12:04:29 PM okhttp3.internal.platform.Platform log
INFO: 
May 07, 2025 12:04:29 PM okhttp3.internal.platform.Platform log
INFO: {"applicationId":"b47ae7ff-3e01-47bb-904b-5d068fcb3855","name":"Application1","throttlingPolicy":"Unlimited","description":"This is new application","tokenType":"JWT","status":"APPROVED","groups":[],"subscriptionCount":0,"keys":[],"attributes":{},"subscriptionScopes":[],"owner":"admin","hashEnabled":null,"createdTime":"1746599669354","updatedTime":"1746599669354","visibility":"PRIVATE"}
May 07, 2025 12:04:29 PM okhttp3.internal.platform.Platform log
INFO: <-- END HTTP (389-byte body)
May 07, 2025 12:04:30 PM org.wso2.am.integration.test.impl.RestAPIStoreImpl waitUntilApplicationAvailableInGateway
INFO: Application Available in in memory == class ApplicationInfoDTO {
    uuid: b47ae7ff-3e01-47bb-904b-5d068fcb3855
    id: 2
    name: Application1
    subName: admin
    policy: Unlimited
    tokenType: JWT
    attributes: {}
    keys: []
}
May 07, 2025 12:04:30 PM okhttp3.internal.platform.Platform log
INFO: --> GET https://localhost:32781/api/am/devportal/v3/applications/b47ae7ff-3e01-47bb-904b-5d068fcb3855
May 07, 2025 12:04:30 PM okhttp3.internal.platform.Platform log
INFO: X-WSO2-Tenant: carbon.super
May 07, 2025 12:04:30 PM okhttp3.internal.platform.Platform log
INFO: Accept: application/json
May 07, 2025 12:04:30 PM okhttp3.internal.platform.Platform log
INFO: Content-Type: application/json
May 07, 2025 12:04:30 PM okhttp3.internal.platform.Platform log
INFO: Authorization: Bearer 4338f1cf-3342-3d5f-861d-dbc82a296318
May 07, 2025 12:04:30 PM okhttp3.internal.platform.Platform log
INFO: User-Agent: OpenAPI-Generator/v3/java
May 07, 2025 12:04:30 PM okhttp3.internal.platform.Platform log
INFO: --> END GET
May 07, 2025 12:04:30 PM okhttp3.internal.platform.Platform log
INFO: <-- 200 https://localhost:32781/api/am/devportal/v3/applications/b47ae7ff-3e01-47bb-904b-5d068fcb3855 (131ms)
May 07, 2025 12:04:30 PM okhttp3.internal.platform.Platform log
INFO: X-WSO2-TraceId: eb5b75d2-fbe2-4b0b-90e7-7b70785b0194
May 07, 2025 12:04:30 PM okhttp3.internal.platform.Platform log
INFO: X-Content-Type-Options: nosniff
May 07, 2025 12:04:30 PM okhttp3.internal.platform.Platform log
INFO: X-XSS-Protection: 1; mode=block
May 07, 2025 12:04:30 PM okhttp3.internal.platform.Platform log
INFO: Date: Wed, 07 May 2025 06:34:30 GMT
May 07, 2025 12:04:30 PM okhttp3.internal.platform.Platform log
INFO: Content-Type: application/json
May 07, 2025 12:04:30 PM okhttp3.internal.platform.Platform log
INFO: Content-Length: 390
May 07, 2025 12:04:30 PM okhttp3.internal.platform.Platform log
INFO: Keep-Alive: timeout=60
May 07, 2025 12:04:30 PM okhttp3.internal.platform.Platform log
INFO: Connection: keep-alive
May 07, 2025 12:04:30 PM okhttp3.internal.platform.Platform log
INFO: Server: WSO2 Carbon Server
May 07, 2025 12:04:30 PM okhttp3.internal.platform.Platform log
INFO: 
May 07, 2025 12:04:30 PM okhttp3.internal.platform.Platform log
INFO: {"applicationId":"b47ae7ff-3e01-47bb-904b-5d068fcb3855","name":"Application1","throttlingPolicy":"Unlimited","description":"This is new application","tokenType":"JWT","status":"APPROVED","groups":[],"subscriptionCount":0,"keys":[],"attributes":{},"subscriptionScopes":[],"owner":"admin","hashEnabled":false,"createdTime":"1746599669354","updatedTime":"1746599669354","visibility":"PRIVATE"}
May 07, 2025 12:04:30 PM okhttp3.internal.platform.Platform log
INFO: <-- END HTTP (390-byte body)
May 07, 2025 12:04:30 PM okhttp3.internal.platform.Platform log
INFO: --> POST https://localhost:32781/api/am/devportal/v3/subscriptions
May 07, 2025 12:04:30 PM okhttp3.internal.platform.Platform log
INFO: Content-Length: 168
May 07, 2025 12:04:30 PM okhttp3.internal.platform.Platform log
INFO: X-WSO2-Tenant: carbon.super
May 07, 2025 12:04:30 PM okhttp3.internal.platform.Platform log
INFO: Accept: application/json
May 07, 2025 12:04:30 PM okhttp3.internal.platform.Platform log
INFO: Content-Type: application/json
May 07, 2025 12:04:30 PM okhttp3.internal.platform.Platform log
INFO: Authorization: Bearer 4338f1cf-3342-3d5f-861d-dbc82a296318
May 07, 2025 12:04:30 PM okhttp3.internal.platform.Platform log
INFO: User-Agent: OpenAPI-Generator/v3/java
May 07, 2025 12:04:30 PM okhttp3.internal.platform.Platform log
INFO: 
May 07, 2025 12:04:30 PM okhttp3.internal.platform.Platform log
INFO: {"applicationId":"b47ae7ff-3e01-47bb-904b-5d068fcb3855","apiId":"4909ae8f-e7eb-4715-a1fd-b463318cdc93","throttlingPolicy":"Bronze","requestedThrottlingPolicy":"Bronze"}
May 07, 2025 12:04:30 PM okhttp3.internal.platform.Platform log
INFO: --> END POST (168-byte body)
May 07, 2025 12:04:31 PM okhttp3.internal.platform.Platform log
INFO: <-- 201 https://localhost:32781/api/am/devportal/v3/subscriptions (451ms)
May 07, 2025 12:04:31 PM okhttp3.internal.platform.Platform log
INFO: X-WSO2-TraceId: 00faf47c-0c5b-43fc-b0fe-6fa5a4cb5ede
May 07, 2025 12:04:31 PM okhttp3.internal.platform.Platform log
INFO: Location: https://localhost:32781/api/am/devportal/subscriptions/cb8f16f5-188c-48ae-8c76-7d88e7c38035
May 07, 2025 12:04:31 PM okhttp3.internal.platform.Platform log
INFO: X-Content-Type-Options: nosniff
May 07, 2025 12:04:31 PM okhttp3.internal.platform.Platform log
INFO: X-XSS-Protection: 1; mode=block
May 07, 2025 12:04:31 PM okhttp3.internal.platform.Platform log
INFO: Date: Wed, 07 May 2025 06:34:31 GMT
May 07, 2025 12:04:31 PM okhttp3.internal.platform.Platform log
INFO: Vary: Accept-Encoding
May 07, 2025 12:04:31 PM okhttp3.internal.platform.Platform log
INFO: Content-Type: application/json
May 07, 2025 12:04:31 PM okhttp3.internal.platform.Platform log
INFO: Transfer-Encoding: chunked
May 07, 2025 12:04:31 PM okhttp3.internal.platform.Platform log
INFO: Keep-Alive: timeout=60
May 07, 2025 12:04:31 PM okhttp3.internal.platform.Platform log
INFO: Connection: keep-alive
May 07, 2025 12:04:31 PM okhttp3.internal.platform.Platform log
INFO: Server: WSO2 Carbon Server
May 07, 2025 12:04:31 PM okhttp3.internal.platform.Platform log
INFO: 
May 07, 2025 12:04:31 PM okhttp3.internal.platform.Platform log
INFO: {"subscriptionId":"cb8f16f5-188c-48ae-8c76-7d88e7c38035","applicationId":"b47ae7ff-3e01-47bb-904b-5d068fcb3855","apiId":"4909ae8f-e7eb-4715-a1fd-b463318cdc93","apiInfo":{"id":"4909ae8f-e7eb-4715-a1fd-b463318cdc93","name":"JaxrsAPI","description":"JAX-RS CustomerService API created for integration testing.","context":"/jaxrs","version":"1.0.0","type":"HTTP","createdTime":"1746599642926","provider":"admin","lifeCycleStatus":"PUBLISHED","thumbnailUri":null,"avgRating":"0.0","throttlingPolicies":["Bronze","Gold"],"advertiseInfo":{"advertised":false,"apiExternalProductionEndpoint":null,"apiExternalSandboxEndpoint":null,"originalDevPortalUrl":null,"apiOwner":"admin","vendor":"WSO2"},"businessInformation":{"businessOwner":null,"businessOwnerEmail":null,"technicalOwner":null,"technicalOwnerEmail":null},"isSubscriptionAvailable":true,"monetizationLabel":"FREE","gatewayVendor":"wso2","additionalProperties":[],"monetizedInfo":false,"egress":false,"subtype":"DEFAULT"},"applicationInfo":{"applicationId":"b47ae7ff-3e01-47bb-904b-5d068fcb3855","name":"Application1","throttlingPolicy":"Unlimited","description":"This is new application","status":"APPROVED","groups":[],"subscriptionCount":1,"attributes":{},"owner":"admin","tokenType":"JWT","createdTime":"1746599669354","updatedTime":"1746599669354"},"throttlingPolicy":"Bronze","requestedThrottlingPolicy":"Bronze","status":"UNBLOCKED","redirectionParams":null}
May 07, 2025 12:04:31 PM okhttp3.internal.platform.Platform log
INFO: <-- END HTTP (1414-byte body)
May 07, 2025 12:04:36 PM org.wso2.am.integration.test.impl.RestAPIStoreImpl waitUntilSubscriptionAvailableInGateway
INFO: Subscription Available in in memory== class SubscriptionDTO {
    subscriptionId: 1
    policyId: Bronze
    apiId: 1
    appId: 2
    subscriptionState: UNBLOCKED
}
May 07, 2025 12:04:36 PM okhttp3.internal.platform.Platform log
INFO: --> GET https://localhost:32781/api/am/devportal/v3/subscriptions?apiId=4909ae8f-e7eb-4715-a1fd-b463318cdc93&applicationId=b47ae7ff-3e01-47bb-904b-5d068fcb3855
May 07, 2025 12:04:36 PM okhttp3.internal.platform.Platform log
INFO: X-WSO2-Tenant: carbon.super
May 07, 2025 12:04:36 PM okhttp3.internal.platform.Platform log
INFO: Accept: application/json
May 07, 2025 12:04:36 PM okhttp3.internal.platform.Platform log
INFO: Content-Type: application/json
May 07, 2025 12:04:36 PM okhttp3.internal.platform.Platform log
INFO: Authorization: Bearer 4338f1cf-3342-3d5f-861d-dbc82a296318
May 07, 2025 12:04:36 PM okhttp3.internal.platform.Platform log
INFO: User-Agent: OpenAPI-Generator/v3/java
May 07, 2025 12:04:36 PM okhttp3.internal.platform.Platform log
INFO: --> END GET
May 07, 2025 12:04:36 PM okhttp3.internal.platform.Platform log
INFO: <-- 200 https://localhost:32781/api/am/devportal/v3/subscriptions?apiId=4909ae8f-e7eb-4715-a1fd-b463318cdc93&applicationId=b47ae7ff-3e01-47bb-904b-5d068fcb3855 (171ms)
May 07, 2025 12:04:36 PM okhttp3.internal.platform.Platform log
INFO: X-WSO2-TraceId: d2e3fb1f-2bbc-40de-858b-66787978b21a
May 07, 2025 12:04:36 PM okhttp3.internal.platform.Platform log
INFO: X-Content-Type-Options: nosniff
May 07, 2025 12:04:36 PM okhttp3.internal.platform.Platform log
INFO: X-XSS-Protection: 1; mode=block
May 07, 2025 12:04:36 PM okhttp3.internal.platform.Platform log
INFO: Date: Wed, 07 May 2025 06:34:36 GMT
May 07, 2025 12:04:36 PM okhttp3.internal.platform.Platform log
INFO: Vary: Accept-Encoding
May 07, 2025 12:04:36 PM okhttp3.internal.platform.Platform log
INFO: Content-Type: application/json
May 07, 2025 12:04:36 PM okhttp3.internal.platform.Platform log
INFO: Transfer-Encoding: chunked
May 07, 2025 12:04:36 PM okhttp3.internal.platform.Platform log
INFO: Keep-Alive: timeout=60
May 07, 2025 12:04:36 PM okhttp3.internal.platform.Platform log
INFO: Connection: keep-alive
May 07, 2025 12:04:36 PM okhttp3.internal.platform.Platform log
INFO: Server: WSO2 Carbon Server
May 07, 2025 12:04:36 PM okhttp3.internal.platform.Platform log
INFO: 
May 07, 2025 12:04:36 PM okhttp3.internal.platform.Platform log
INFO: {"count":1,"list":[{"subscriptionId":"cb8f16f5-188c-48ae-8c76-7d88e7c38035","applicationId":"b47ae7ff-3e01-47bb-904b-5d068fcb3855","apiId":"4909ae8f-e7eb-4715-a1fd-b463318cdc93","apiInfo":{"id":"4909ae8f-e7eb-4715-a1fd-b463318cdc93","name":"JaxrsAPI","description":"JAX-RS CustomerService API created for integration testing.","context":"/jaxrs","version":"1.0.0","type":"HTTP","createdTime":"1746599642926","provider":"admin","lifeCycleStatus":"PUBLISHED","thumbnailUri":null,"avgRating":"0.0","throttlingPolicies":["Bronze","Gold"],"advertiseInfo":{"advertised":false,"apiExternalProductionEndpoint":null,"apiExternalSandboxEndpoint":null,"originalDevPortalUrl":null,"apiOwner":"admin","vendor":"WSO2"},"businessInformation":{"businessOwner":null,"businessOwnerEmail":null,"technicalOwner":null,"technicalOwnerEmail":null},"isSubscriptionAvailable":true,"monetizationLabel":"FREE","gatewayVendor":"wso2","additionalProperties":[],"monetizedInfo":false,"egress":false,"subtype":"DEFAULT"},"applicationInfo":{"applicationId":"b47ae7ff-3e01-47bb-904b-5d068fcb3855","name":"Application1","throttlingPolicy":"Unlimited","description":"This is new application","status":"APPROVED","groups":[],"subscriptionCount":0,"attributes":{},"owner":"admin","tokenType":"JWT","createdTime":"1746599669354","updatedTime":"1746599669354"},"throttlingPolicy":"Bronze","requestedThrottlingPolicy":"Bronze","status":"UNBLOCKED","redirectionParams":null}],"pagination":{"offset":0,"limit":25,"total":1,"next":"","previous":""}}
May 07, 2025 12:04:36 PM okhttp3.internal.platform.Platform log
INFO: <-- END HTTP (1506-byte body)
May 07, 2025 12:04:36 PM okhttp3.internal.platform.Platform log
INFO: --> POST https://localhost:32781/api/am/devportal/v3/applications/b47ae7ff-3e01-47bb-904b-5d068fcb3855/generate-keys
May 07, 2025 12:04:36 PM okhttp3.internal.platform.Platform log
INFO: Content-Length: 148
May 07, 2025 12:04:36 PM okhttp3.internal.platform.Platform log
INFO: X-WSO2-Tenant: carbon.super
May 07, 2025 12:04:36 PM okhttp3.internal.platform.Platform log
INFO: Accept: application/json
May 07, 2025 12:04:36 PM okhttp3.internal.platform.Platform log
INFO: Content-Type: application/json
May 07, 2025 12:04:36 PM okhttp3.internal.platform.Platform log
INFO: Authorization: Bearer 4338f1cf-3342-3d5f-861d-dbc82a296318
May 07, 2025 12:04:36 PM okhttp3.internal.platform.Platform log
INFO: activityID: 
May 07, 2025 12:04:36 PM okhttp3.internal.platform.Platform log
INFO: User-Agent: OpenAPI-Generator/v3/java
May 07, 2025 12:04:36 PM okhttp3.internal.platform.Platform log
INFO: 
May 07, 2025 12:04:36 PM okhttp3.internal.platform.Platform log
INFO: {"keyType":"PRODUCTION","grantTypesToBeSupported":["client_credentials"],"callbackUrl":"https://localhost/callback","scopes":[],"validityTime":"-1"}
May 07, 2025 12:04:36 PM okhttp3.internal.platform.Platform log
INFO: --> END POST (148-byte body)
May 07, 2025 12:04:40 PM okhttp3.internal.platform.Platform log
INFO: <-- 200 https://localhost:32781/api/am/devportal/v3/applications/b47ae7ff-3e01-47bb-904b-5d068fcb3855/generate-keys (4140ms)
May 07, 2025 12:04:40 PM okhttp3.internal.platform.Platform log
INFO: X-WSO2-TraceId: 1d908470-fd77-4af0-a126-b8ab1f1b4528
May 07, 2025 12:04:40 PM okhttp3.internal.platform.Platform log
INFO: X-Content-Type-Options: nosniff
May 07, 2025 12:04:40 PM okhttp3.internal.platform.Platform log
INFO: X-XSS-Protection: 1; mode=block
May 07, 2025 12:04:40 PM okhttp3.internal.platform.Platform log
INFO: Date: Wed, 07 May 2025 06:34:40 GMT
May 07, 2025 12:04:40 PM okhttp3.internal.platform.Platform log
INFO: Vary: Accept-Encoding
May 07, 2025 12:04:40 PM okhttp3.internal.platform.Platform log
INFO: Content-Type: application/json
May 07, 2025 12:04:40 PM okhttp3.internal.platform.Platform log
INFO: Transfer-Encoding: chunked
May 07, 2025 12:04:40 PM okhttp3.internal.platform.Platform log
INFO: Keep-Alive: timeout=60
May 07, 2025 12:04:40 PM okhttp3.internal.platform.Platform log
INFO: Connection: keep-alive
May 07, 2025 12:04:40 PM okhttp3.internal.platform.Platform log
INFO: Server: WSO2 Carbon Server
May 07, 2025 12:04:40 PM okhttp3.internal.platform.Platform log
INFO: 
May 07, 2025 12:04:40 PM okhttp3.internal.platform.Platform log
INFO: {"keyMappingId":"805b65a2-094c-45e5-a742-ff2962ee4785","keyManager":"Resident Key Manager","consumerKey":"qcsloSwuMhxU4MJWw23hoqoLE8Ma","consumerSecret":"qkQ6q6QgvsHuHWgtV8sQtHfjnlsa","supportedGrantTypes":["client_credentials"],"callbackUrl":"https://localhost/callback","keyState":"APPROVED","keyType":"PRODUCTION","mode":"CREATED","groupId":null,"token":{"accessToken":"eyJ4NXQiOiJNV1V4WW1Oa1pXSXdZVFEyTkRjeU1UVXdZelUxTlRReVlUbGpZekF5WmpNNU5EZ3haVFZrWkRGbE5tVmhORGt6WXpneVlqQXlNMk5pWlRBellqUTBZdyIsImtpZCI6Ik1XVXhZbU5rWldJd1lUUTJORGN5TVRVd1l6VTFOVFF5WVRsall6QXlaak01TkRneFpUVmtaREZsTm1WaE5Ea3pZemd5WWpBeU0yTmlaVEF6WWpRMFl3X1JTMjU2IiwidHlwIjoiYXQrand0IiwiYWxnIjoiUlMyNTYifQ.eyJzdWIiOiI4NjNkNzU5Mi0xZjU1LTRmZjUtOWRkYy0yYTcxNWQ1YTE4NjAiLCJhdXQiOiJBUFBMSUNBVElPTiIsImF1ZCI6InFjc2xvU3d1TWh4VTRNSld3MjNob3FvTEU4TWEiLCJuYmYiOjE3NDY1OTk2ODAsImF6cCI6InFjc2xvU3d1TWh4VTRNSld3MjNob3FvTEU4TWEiLCJzY29wZSI6ImRlZmF1bHQiLCJpc3MiOiJodHRwczovL2xvY2FsaG9zdDo5NDQzL29hdXRoMi90b2tlbiIsImV4cCI6MTc0NjYwMzI4MCwiaWF0IjoxNzQ2NTk5NjgwLCJqdGkiOiJlMDY0ZDhiOS1jMGIxLTQzYmEtOTU3YS1jNTAxNDUzN2NiNGYiLCJjbGllbnRfaWQiOiJxY3Nsb1N3dU1oeFU0TUpXdzIzaG9xb0xFOE1hIn0.Kj_Qv1Aw17Xzx-AW0fn8t4hykD7vM3OE6s6MnzP_4vXKe-tH8mHT4EKkXz1oBi4fgYXgLYmoBZUPm4gP-Hj0sGOL4thdiQgLTQqjYg_dmykgFm3gkMiWQB0RqGq9bM0lj7aOGE8-U-HGI4mbss4FesmV8GbdpPtazha4LWIhlJMLU1EfbfZ4X8DJr4kSSFqV6wrsFv0dS5Ed69utjyYoYt1eWUUsXurEeizSy1aNYhJMcShb53Xx813NJDKAKE6C8vaiKhsaEJrHYbRubeNHNUmKTETZQtYOMilEJtByOUGd1mw8S-WFNHCAgrc8wPPC5X34IDk0VSmdAr6HYAqHpg","tokenScopes":["default"],"validityTime":3600},"additionalProperties":{"id_token_expiry_time":3600,"application_access_token_expiry_time":3600,"user_access_token_expiry_time":3600,"bypassClientCredentials":false,"pkceMandatory":false,"pkceSupportPlain":false,"refresh_token_expiry_time":86400}}
May 07, 2025 12:04:40 PM okhttp3.internal.platform.Platform log
INFO: <-- END HTTP (1770-byte body)
May 07, 2025 12:04:41 PM org.wso2.am.integration.test.impl.RestAPIStoreImpl waitUntilApplicationKeyMappingAvailableInGateway
INFO: Application Available in in-memory == class ApplicationInfoDTO {
    uuid: b47ae7ff-3e01-47bb-904b-5d068fcb3855
    id: 2
    name: Application1
    subName: admin
    policy: Unlimited
    tokenType: JWT
    attributes: {}
    keys: []
}
May 07, 2025 12:04:41 PM org.wso2.am.integration.test.impl.RestAPIStoreImpl waitUntilApplicationKeyMappingAvailableInGateway
INFO: Application Available in in-memory == class ApplicationInfoDTO {
    uuid: b47ae7ff-3e01-47bb-904b-5d068fcb3855
    id: 2
    name: Application1
    subName: admin
    policy: Unlimited
    tokenType: JWT
    attributes: {}
    keys: []
}
May 07, 2025 12:04:42 PM org.wso2.am.integration.test.impl.RestAPIStoreImpl waitUntilApplicationKeyMappingAvailableInGateway
INFO: Application Available in in-memory == class ApplicationInfoDTO {
    uuid: b47ae7ff-3e01-47bb-904b-5d068fcb3855
    id: 2
    name: Application1
    subName: admin
    policy: Unlimited
    tokenType: JWT
    attributes: {}
    keys: [class ApplicationKeyMappingDTO {
        consumerKey: qcsloSwuMhxU4MJWw23hoqoLE8Ma
        keyType: PRODUCTION
        keyManager: Resident Key Manager
    }]
}
May 07, 2025 12:04:42 PM okhttp3.internal.platform.Platform log
INFO: --> GET https://localhost:32781/api/am/devportal/v3/apis/4909ae8f-e7eb-4715-a1fd-b463318cdc93
May 07, 2025 12:04:42 PM okhttp3.internal.platform.Platform log
INFO: Accept: application/json
May 07, 2025 12:04:42 PM okhttp3.internal.platform.Platform log
INFO: Content-Type: application/json
May 07, 2025 12:04:42 PM okhttp3.internal.platform.Platform log
INFO: Authorization: Bearer 4338f1cf-3342-3d5f-861d-dbc82a296318
May 07, 2025 12:04:42 PM okhttp3.internal.platform.Platform log
INFO: activityID: 
May 07, 2025 12:04:42 PM okhttp3.internal.platform.Platform log
INFO: User-Agent: OpenAPI-Generator/v3/java
May 07, 2025 12:04:42 PM okhttp3.internal.platform.Platform log
INFO: --> END GET
May 07, 2025 12:04:43 PM okhttp3.internal.platform.Platform log
INFO: <-- 200 https://localhost:32781/api/am/devportal/v3/apis/4909ae8f-e7eb-4715-a1fd-b463318cdc93 (1120ms)
May 07, 2025 12:04:43 PM okhttp3.internal.platform.Platform log
INFO: X-WSO2-TraceId: 556d7ec1-09a4-469e-b17d-bc39a6cd76c3
May 07, 2025 12:04:43 PM okhttp3.internal.platform.Platform log
INFO: X-Content-Type-Options: nosniff
May 07, 2025 12:04:43 PM okhttp3.internal.platform.Platform log
INFO: X-XSS-Protection: 1; mode=block
May 07, 2025 12:04:43 PM okhttp3.internal.platform.Platform log
INFO: Date: Wed, 07 May 2025 06:34:42 GMT
May 07, 2025 12:04:43 PM okhttp3.internal.platform.Platform log
INFO: Vary: Accept-Encoding
May 07, 2025 12:04:43 PM okhttp3.internal.platform.Platform log
INFO: Content-Type: application/json
May 07, 2025 12:04:43 PM okhttp3.internal.platform.Platform log
INFO: Transfer-Encoding: chunked
May 07, 2025 12:04:43 PM okhttp3.internal.platform.Platform log
INFO: Keep-Alive: timeout=60
May 07, 2025 12:04:43 PM okhttp3.internal.platform.Platform log
INFO: Connection: keep-alive
May 07, 2025 12:04:43 PM okhttp3.internal.platform.Platform log
INFO: Server: WSO2 Carbon Server
May 07, 2025 12:04:43 PM okhttp3.internal.platform.Platform log
INFO: 
May 07, 2025 12:04:43 PM okhttp3.internal.platform.Platform log
INFO: {"id":"4909ae8f-e7eb-4715-a1fd-b463318cdc93","name":"JaxrsAPI","description":"JAX-RS CustomerService API created for integration testing.","context":"/jaxrs/1.0.0","version":"1.0.0","provider":"admin","apiDefinition":"{\n  \"openapi\" : \"3.0.1\",\n  \"info\" : {\n    \"title\" : \"JaxrsAPI\",\n    \"description\" : \"JAX-RS CustomerService API created for integration testing.\",\n    \"version\" : \"1.0.0\"\n  },\n  \"servers\" : [ {\n    \"url\" : \"/\"\n  } ],\n  \"security\" : [ {\n    \"default\" : [ ]\n  } ],\n  \"paths\" : {\n    \"/customers/{id}\" : {\n      \"get\" : {\n        \"parameters\" : [ {\n          \"name\" : \"id\",\n          \"in\" : \"path\",\n          \"required\" : true,\n          \"schema\" : {\n            \"type\" : \"string\"\n          }\n        } ],\n        \"responses\" : {\n          \"200\" : {\n            \"description\" : \"OK\"\n          }\n        },\n        \"security\" : [ {\n          \"default\" : [ ]\n        } ],\n        \"x-auth-type\" : \"Application & Application User\",\n        \"x-throttling-tier\" : \"Unlimited\"\n      }\n    }\n  },\n  \"components\" : {\n    \"securitySchemes\" : {\n      \"default\" : {\n        \"type\" : \"oauth2\",\n        \"flows\" : {\n          \"implicit\" : {\n            \"authorizationUrl\" : \"https://test.com\",\n            \"scopes\" : { }\n          }\n        }\n      }\n    }\n  }\n}","wsdlUri":null,"lifeCycleStatus":"PUBLISHED","isDefaultVersion":true,"type":"HTTP","transport":["http","https"],"operations":[],"authorizationHeader":"Authorization","apiKeyHeader":"ApiKey","securityScheme":["api_key","oauth_basic_auth_api_key_mandatory","oauth2"],"tags":["service","customer","order"],"tiers":[{"tierName":"Bronze","tierPlan":"FREE","monetizationAttributes":null},{"tierName":"Gold","tierPlan":"FREE","monetizationAttributes":null}],"hasThumbnail":false,"additionalProperties":[],"monetization":{"enabled":false},"endpointURLs":[{"environmentName":"Default","environmentDisplayName":"Default","environmentType":"hybrid","URLs":{"http":"http://localhost:8280/jaxrs/1.0.0","https":"https://localhost:8243/jaxrs/1.0.0","ws":null,"wss":null},"defaultVersionURLs":{"http":"http://localhost:8280/jaxrs","https":"https://localhost:8243/jaxrs","ws":null,"wss":null}}],"businessInformation":{"businessOwner":null,"businessOwnerEmail":null,"technicalOwner":null,"technicalOwnerEmail":null},"environmentList":["Default"],"scopes":[],"avgRating":"0.0","subscriptions":1,"advertiseInfo":{"advertised":false,"apiExternalProductionEndpoint":null,"apiExternalSandboxEndpoint":null,"originalDevPortalUrl":null,"apiOwner":"admin","vendor":"WSO2"},"isSubscriptionAvailable":true,"categories":[],"keyManagers":["all"],"createdTime":"2025-05-07 06:34:02.926","lastUpdatedTime":null,"gatewayVendor":"wso2","asyncTransportProtocols":[],"egress":false,"subtype":"DEFAULT"}
May 07, 2025 12:04:43 PM okhttp3.internal.platform.Platform log
INFO: <-- END HTTP (2872-byte body)
]]></system-err>
  </testcase>
</testsuite>