<?xml version="1.0" encoding="UTF-8"?>
<testsuite xmlns:xsi="http://www.w3.org/2001/XMLSchema-instance" xsi:noNamespaceSchemaLocation="https://maven.apache.org/surefire/maven-surefire-plugin/xsd/surefire-test-report-3.0.xsd" version="3.0" name="TestSuite" time="1596.226" tests="2" errors="0" skipped="0" failures="0">
  <properties>
    <property name="java.specification.version" value="21"/>
    <property name="javax.net.ssl.trustStorePassword" value="changeit"/>
    <property name="sun.jnu.encoding" value="UTF-8"/>
    <property name="java.class.path" value="/home/abisherk/Internship/InternProject/apim-test-framework-testcontainers/tests-integration/cucumber-tests/target/test-classes:/home/abisherk/Internship/InternProject/apim-test-framework-testcontainers/tests-integration/cucumber-tests/target/classes:/home/abisherk/.m2/repository/io/cucumber/cucumber-java/7.0.0/cucumber-java-7.0.0.jar:/home/abisherk/.m2/repository/io/cucumber/cucumber-core/7.0.0/cucumber-core-7.0.0.jar:/home/abisherk/.m2/repository/io/cucumber/cucumber-gherkin/7.0.0/cucumber-gherkin-7.0.0.jar:/home/abisherk/.m2/repository/io/cucumber/cucumber-gherkin-messages/7.0.0/cucumber-gherkin-messages-7.0.0.jar:/home/abisherk/.m2/repository/io/cucumber/messages/17.1.1/messages-17.1.1.jar:/home/abisherk/.m2/repository/io/cucumber/tag-expressions/4.0.2/tag-expressions-4.0.2.jar:/home/abisherk/.m2/repository/io/cucumber/cucumber-expressions/13.0.1/cucumber-expressions-13.0.1.jar:/home/abisherk/.m2/repository/io/cucumber/datatable/7.0.0/datatable-7.0.0.jar:/home/abisherk/.m2/repository/io/cucumber/cucumber-plugin/7.0.0/cucumber-plugin-7.0.0.jar:/home/abisherk/.m2/repository/io/cucumber/docstring/7.0.0/docstring-7.0.0.jar:/home/abisherk/.m2/repository/io/cucumber/html-formatter/17.0.0/html-formatter-17.0.0.jar:/home/abisherk/.m2/repository/io/cucumber/create-meta/6.0.1/create-meta-6.0.1.jar:/home/abisherk/.m2/repository/org/apiguardian/apiguardian-api/1.1.2/apiguardian-api-1.1.2.jar:/home/abisherk/.m2/repository/io/cucumber/cucumber-testng/7.0.0/cucumber-testng-7.0.0.jar:/home/abisherk/.m2/repository/org/testng/testng/7.4.0/testng-7.4.0.jar:/home/abisherk/.m2/repository/com/beust/jcommander/1.78/jcommander-1.78.jar:/home/abisherk/.m2/repository/org/webjars/jquery/3.5.1/jquery-3.5.1.jar:/home/abisherk/Internship/InternProject/apim-test-framework-testcontainers/tests-common/testcontainers/target/classes:/home/abisherk/Internship/InternProject/apim-test-framework-testcontainers/tests-common/integration-test-utils/target/classes:/home/abisherk/.m2/repository/com/google/code/gson/gson/2.10.1/gson-2.10.1.jar:/home/abisherk/Internship/InternProject/apim-test-framework-testcontainers/tests-common/clients/publisher/target/classes:/home/abisherk/.m2/repository/io/swagger/swagger-annotations/1.5.22/swagger-annotations-1.5.22.jar:/home/abisherk/.m2/repository/com/squareup/okhttp3/logging-interceptor/4.9.0/logging-interceptor-4.9.0.jar:/home/abisherk/.m2/repository/org/jetbrains/kotlin/kotlin-stdlib-jdk8/1.4.10/kotlin-stdlib-jdk8-1.4.10.jar:/home/abisherk/.m2/repository/org/jetbrains/kotlin/kotlin-stdlib-jdk7/1.4.10/kotlin-stdlib-jdk7-1.4.10.jar:/home/abisherk/.m2/repository/io/gsonfire/gson-fire/1.8.3/gson-fire-1.8.3.jar:/home/abisherk/.m2/repository/org/apache/oltu/oauth2/org.apache.oltu.oauth2.client/1.0.1/org.apache.oltu.oauth2.client-1.0.1.jar:/home/abisherk/.m2/repository/org/apache/oltu/oauth2/org.apache.oltu.oauth2.common/1.0.1/org.apache.oltu.oauth2.common-1.0.1.jar:/home/abisherk/.m2/repository/org/json/json/20140107/json-20140107.jar:/home/abisherk/Internship/InternProject/apim-test-framework-testcontainers/tests-common/clients/admin/target/classes:/home/abisherk/Internship/InternProject/apim-test-framework-testcontainers/tests-common/clients/store/target/classes:/home/abisherk/.m2/repository/com/squareup/okhttp3/okhttp/4.9.0/okhttp-4.9.0.jar:/home/abisherk/.m2/repository/com/squareup/okio/okio/2.8.0/okio-2.8.0.jar:/home/abisherk/.m2/repository/org/jetbrains/kotlin/kotlin-stdlib-common/1.4.0/kotlin-stdlib-common-1.4.0.jar:/home/abisherk/.m2/repository/org/jetbrains/kotlin/kotlin-stdlib/1.4.10/kotlin-stdlib-1.4.10.jar:/home/abisherk/.m2/repository/org/apache/commons/commons-lang3/3.0/commons-lang3-3.0.jar:/home/abisherk/.m2/repository/org/apache/httpcomponents/httpclient/4.5.14/httpclient-4.5.14.jar:/home/abisherk/.m2/repository/org/apache/httpcomponents/httpcore/4.4.16/httpcore-4.4.16.jar:/home/abisherk/.m2/repository/commons-logging/commons-logging/1.2/commons-logging-1.2.jar:/home/abisherk/.m2/repository/commons-codec/commons-codec/1.11/commons-codec-1.11.jar:/home/abisherk/.m2/repository/commons-io/commons-io/2.18.0/commons-io-2.18.0.jar:/home/abisherk/Internship/InternProject/apim-test-framework-testcontainers/tests-common/clients/gateway/target/classes:/home/abisherk/.m2/repository/com/squareup/okhttp/logging-interceptor/2.7.5/logging-interceptor-2.7.5.jar:/home/abisherk/.m2/repository/com/squareup/okhttp/okhttp/2.7.5/okhttp-2.7.5.jar:/home/abisherk/.m2/repository/com/googlecode/json-simple/json-simple/1.1/json-simple-1.1.jar:/home/abisherk/.m2/repository/org/wso2/carbon/automation/org.wso2.carbon.automation.test.utils/4.4.12/org.wso2.carbon.automation.test.utils-4.4.12.jar:/home/abisherk/.m2/repository/org/seleniumhq/selenium/selenium-java/2.43.0/selenium-java-2.43.0.jar:/home/abisherk/.m2/repository/org/seleniumhq/selenium/selenium-chrome-driver/2.43.0/selenium-chrome-driver-2.43.0.jar:/home/abisherk/.m2/repository/org/seleniumhq/selenium/selenium-remote-driver/2.43.0/selenium-remote-driver-2.43.0.jar:/home/abisherk/.m2/repository/cglib/cglib-nodep/2.1_3/cglib-nodep-2.1_3.jar:/home/abisherk/.m2/repository/org/seleniumhq/selenium/selenium-api/2.43.0/selenium-api-2.43.0.jar:/home/abisherk/.m2/repository/com/google/guava/guava/15.0/guava-15.0.jar:/home/abisherk/.m2/repository/org/seleniumhq/selenium/selenium-htmlunit-driver/2.43.0/selenium-htmlunit-driver-2.43.0.jar:/home/abisherk/.m2/repository/net/sourceforge/htmlunit/htmlunit/2.15/htmlunit-2.15.jar:/home/abisherk/.m2/repository/xalan/xalan/2.7.1/xalan-2.7.1.jar:/home/abisherk/.m2/repository/xalan/serializer/2.7.1/serializer-2.7.1.jar:/home/abisherk/.m2/repository/net/sourceforge/htmlunit/htmlunit-core-js/2.15/htmlunit-core-js-2.15.jar:/home/abisherk/.m2/repository/net/sourceforge/nekohtml/nekohtml/1.9.21/nekohtml-1.9.21.jar:/home/abisherk/.m2/repository/net/sourceforge/cssparser/cssparser/0.9.14/cssparser-0.9.14.jar:/home/abisherk/.m2/repository/org/w3c/css/sac/1.3/sac-1.3.jar:/home/abisherk/.m2/repository/org/eclipse/jetty/jetty-websocket/8.1.15.v20140411/jetty-websocket-8.1.15.v20140411.jar:/home/abisherk/.m2/repository/org/eclipse/jetty/jetty-util/8.1.15.v20140411/jetty-util-8.1.15.v20140411.jar:/home/abisherk/.m2/repository/org/eclipse/jetty/jetty-io/8.1.15.v20140411/jetty-io-8.1.15.v20140411.jar:/home/abisherk/.m2/repository/org/eclipse/jetty/jetty-http/8.1.15.v20140411/jetty-http-8.1.15.v20140411.jar:/home/abisherk/.m2/repository/org/seleniumhq/selenium/selenium-firefox-driver/2.43.0/selenium-firefox-driver-2.43.0.jar:/home/abisherk/.m2/repository/org/apache/commons/commons-exec/1.1/commons-exec-1.1.jar:/home/abisherk/.m2/repository/org/seleniumhq/selenium/selenium-ie-driver/2.43.0/selenium-ie-driver-2.43.0.jar:/home/abisherk/.m2/repository/net/java/dev/jna/platform/3.4.0/platform-3.4.0.jar:/home/abisherk/.m2/repository/org/seleniumhq/selenium/selenium-safari-driver/2.43.0/selenium-safari-driver-2.43.0.jar:/home/abisherk/.m2/repository/org/seleniumhq/selenium/selenium-support/2.43.0/selenium-support-2.43.0.jar:/home/abisherk/.m2/repository/org/webbitserver/webbit/0.4.15/webbit-0.4.15.jar:/home/abisherk/.m2/repository/io/netty/netty/3.5.5.Final/netty-3.5.5.Final.jar:/home/abisherk/.m2/repository/org/apache/derby/derbynet/10.8.2.2/derbynet-10.8.2.2.jar:/home/abisherk/.m2/repository/org/apache/derby/derby/10.8.2.2/derby-10.8.2.2.jar:/home/abisherk/.m2/repository/org/wso2/carbon/automation/org.wso2.carbon.automation.engine/4.4.12/org.wso2.carbon.automation.engine-4.4.12.jar:/home/abisherk/.m2/repository/org/jacoco/org.jacoco.core/0.7.5.201505241946/org.jacoco.core-0.7.5.201505241946.jar:/home/abisherk/.m2/repository/org/ow2/asm/asm-debug-all/5.0.1/asm-debug-all-5.0.1.jar:/home/abisherk/.m2/repository/org/jacoco/org.jacoco.report/0.7.5.201505241946/org.jacoco.report-0.7.5.201505241946.jar:/home/abisherk/.m2/repository/org/codehaus/plexus/plexus-utils/3.0.22/plexus-utils-3.0.22.jar:/home/abisherk/.m2/repository/commons-collections/commons-collections/3.2.1/commons-collections-3.2.1.jar:/home/abisherk/.m2/repository/org/apache/axis2/wso2/axis2/1.6.1-wso2v37/axis2-1.6.1-wso2v37.jar:/home/abisherk/.m2/repository/org/apache/ws/commons/axiom/wso2/axiom/1.2.11-wso2v16/axiom-1.2.11-wso2v16.jar:/home/abisherk/.m2/repository/org/apache/geronimo/specs/wso2/geronimo-stax-api_1.0_spec/1.0.1.wso2v2/geronimo-stax-api_1.0_spec-1.0.1.wso2v2.jar:/home/abisherk/.m2/repository/org/apache/geronimo/specs/geronimo-stax-api_1.0_spec/1.0.1/geronimo-stax-api_1.0_spec-1.0.1.jar:/home/abisherk/.m2/repository/org/codehaus/woodstox/woodstox-core-asl/4.2.0/woodstox-core-asl-4.2.0.jar:/home/abisherk/.m2/repository/org/wso2/apache/httpcomponents/httpclient/4.3.1.wso2v1/httpclient-4.3.1.wso2v1.jar:/home/abisherk/.m2/repository/com/icegreen/greenmail/1.3.1b/greenmail-1.3.1b.jar:/home/abisherk/.m2/repository/javax/mail/mail/1.4/mail-1.4.jar:/home/abisherk/.m2/repository/javax/activation/activation/1.1/activation-1.1.jar:/home/abisherk/.m2/repository/org/wso2/carbon/apimgt/org.wso2.carbon.apimgt.api/9.31.94/org.wso2.carbon.apimgt.api-9.31.94.jar:/home/abisherk/.m2/repository/org/wso2/orbit/com/jayway/jsonpath/json-path/2.9.0.wso2v1/json-path-2.9.0.wso2v1.jar:/home/abisherk/.m2/repository/org/wso2/carbon/org.wso2.carbon.registry.api/4.9.28/org.wso2.carbon.registry.api-4.9.28.jar:/home/abisherk/.m2/repository/org/wso2/carbon/identity/framework/org.wso2.carbon.user.mgt.stub/5.25.724/org.wso2.carbon.user.mgt.stub-5.25.724.jar:/home/abisherk/.m2/repository/org/apache/axis2/wso2/axis2-client/1.6.1-wso2v40/axis2-client-1.6.1-wso2v40.jar:/home/abisherk/.m2/repository/org/apache/ws/commons/schema/wso2/XmlSchema/1.4.7.wso2v3/XmlSchema-1.4.7.wso2v3.jar:/home/abisherk/.m2/repository/org/wso2/orbit/org/apache/neethi/neethi/2.0.4.wso2v5/neethi-2.0.4.wso2v5.jar:/home/abisherk/.m2/repository/org/apache/axis2/wso2/axis2-json/1.6.1-wso2v40/axis2-json-1.6.1-wso2v40.jar:/home/abisherk/.m2/repository/org/apache/woden/wso2/woden/1.0.0.M8-wso2v1/woden-1.0.0.M8-wso2v1.jar:/home/abisherk/.m2/repository/wsdl4j/wso2/wsdl4j/1.6.2.wso2v2/wsdl4j-1.6.2.wso2v2.jar:/home/abisherk/.m2/repository/wsdl4j/wsdl4j/1.6.2/wsdl4j-1.6.2.jar:/home/abisherk/.m2/repository/org/apache/httpcomponents/wso2/httpcore/4.3.0.wso2v1/httpcore-4.3.0.wso2v1.jar:/home/abisherk/.m2/repository/commons-codec/wso2/commons-codec/1.3.0.wso2v1/commons-codec-1.3.0.wso2v1.jar:/home/abisherk/.m2/repository/org/wso2/orbit/javax/activation/activation/1.1.1.wso2v1/activation-1.1.1.wso2v1.jar:/home/abisherk/.m2/repository/org/wso2/carbon/org.wso2.carbon.user.api/4.5.2/org.wso2.carbon.user.api-4.5.2.jar:/home/abisherk/.m2/repository/org/wso2/orbit/graphQL/graphQL/19.11.wso2v1/graphQL-19.11.wso2v1.jar:/home/abisherk/.m2/repository/com/graphql-java/graphql-java/19.11/graphql-java-19.11.jar:/home/abisherk/.m2/repository/org/antlr/antlr4-runtime/4.9.3/antlr4-runtime-4.9.3.jar:/home/abisherk/.m2/repository/org/reactivestreams/reactive-streams/1.0.3/reactive-streams-1.0.3.jar:/home/abisherk/.m2/repository/com/graphql-java/java-dataloader/3.2.0/java-dataloader-3.2.0.jar:/home/abisherk/.m2/repository/org/wso2/carbon/org.wso2.carbon.utils/4.10.44/org.wso2.carbon.utils-4.10.44.jar:/home/abisherk/.m2/repository/org/wso2/orbit/org/bouncycastle/bcprov-jdk18on/1.78.1.wso2v1/bcprov-jdk18on-1.78.1.wso2v1.jar:/home/abisherk/.m2/repository/org/bouncycastle/bcprov-jdk18on/1.78.1/bcprov-jdk18on-1.78.1.jar:/home/abisherk/.m2/repository/org/wso2/carbon/org.wso2.carbon.bootstrap/4.10.44/org.wso2.carbon.bootstrap-4.10.44.jar:/home/abisherk/.m2/repository/wrapper/wrapper/3.2.3/wrapper-3.2.3.jar:/home/abisherk/.m2/repository/org/wso2/carbon/org.wso2.carbon.queuing/4.10.44/org.wso2.carbon.queuing-4.10.44.jar:/home/abisherk/.m2/repository/org/wso2/carbon/org.wso2.carbon.base/4.10.44/org.wso2.carbon.base-4.10.44.jar:/home/abisherk/.m2/repository/org/wso2/securevault/org.wso2.securevault/1.1.10/org.wso2.securevault-1.1.10.jar:/home/abisherk/.m2/repository/org/apache/ws/commons/axiom/axiom-api/1.2.11/axiom-api-1.2.11.jar:/home/abisherk/.m2/repository/org/apache/geronimo/specs/geronimo-activation_1.1_spec/1.0.2/geronimo-activation_1.1_spec-1.0.2.jar:/home/abisherk/.m2/repository/org/apache/geronimo/specs/geronimo-javamail_1.4_spec/1.6/geronimo-javamail_1.4_spec-1.6.jar:/home/abisherk/.m2/repository/org/apache/ws/commons/axiom/axiom-impl/1.2.11/axiom-impl-1.2.11.jar:/home/abisherk/.m2/repository/org/codehaus/woodstox/wstx-asl/3.2.9/wstx-asl-3.2.9.jar:/home/abisherk/.m2/repository/jline/jline/0.9.94/jline-0.9.94.jar:/home/abisherk/.m2/repository/commons-cli/commons-cli/1.0/commons-cli-1.0.jar:/home/abisherk/.m2/repository/commons-lang/commons-lang/1.0/commons-lang-1.0.jar:/home/abisherk/.m2/repository/org/wso2/carbon/org.wso2.carbon.securevault/4.10.44/org.wso2.carbon.securevault-4.10.44.jar:/home/abisherk/.m2/repository/org/wso2/eclipse/osgi/org.eclipse.osgi.services/3.5.100.v20160504-1419/org.eclipse.osgi.services-3.5.100.v20160504-1419.jar:/home/abisherk/.m2/repository/xml-apis/xml-apis/1.4.01/xml-apis-1.4.01.jar:/home/abisherk/.m2/repository/org/eclipse/platform/org.eclipse.osgi/3.14.0/org.eclipse.osgi-3.14.0.jar:/home/abisherk/.m2/repository/org/igniterealtime/smack/wso2/smack/3.0.4.wso2v1/smack-3.0.4.wso2v1.jar:/home/abisherk/.m2/repository/org/igniterealtime/smack/wso2/smackx/3.0.4.wso2v1/smackx-3.0.4.wso2v1.jar:/home/abisherk/.m2/repository/org/wso2/orbit/xerces/xercesImpl/2.12.2.wso2v1/xercesImpl-2.12.2.wso2v1.jar:/home/abisherk/.m2/repository/jaxen/jaxen/1.1.1/jaxen-1.1.1.jar:/home/abisherk/.m2/repository/jdom/jdom/1.0/jdom-1.0.jar:/home/abisherk/.m2/repository/xerces/xercesImpl/2.6.2/xercesImpl-2.6.2.jar:/home/abisherk/.m2/repository/xom/xom/1.0/xom-1.0.jar:/home/abisherk/.m2/repository/xerces/xmlParserAPIs/2.6.2/xmlParserAPIs-2.6.2.jar:/home/abisherk/.m2/repository/com/ibm/icu/icu4j/2.6.1/icu4j-2.6.1.jar:/home/abisherk/.m2/repository/org/wso2/orbit/commons-fileupload/commons-fileupload/1.5.0.wso2v2/commons-fileupload-1.5.0.wso2v2.jar:/home/abisherk/.m2/repository/org/apache/ant/wso2/ant/1.10.12.wso2v1/ant-1.10.12.wso2v1.jar:/home/abisherk/.m2/repository/org/apache/ant/ant/1.10.12/ant-1.10.12.jar:/home/abisherk/.m2/repository/org/apache/ant/ant-launcher/1.10.12/ant-launcher-1.10.12.jar:/home/abisherk/.m2/repository/org/eclipse/equinox/javax.servlet/3.0.0.v201112011016/javax.servlet-3.0.0.v201112011016.jar:/home/abisherk/.m2/repository/org/wso2/orbit/commons-httpclient/commons-httpclient/3.1.0.wso2v6/commons-httpclient-3.1.0.wso2v6.jar:/home/abisherk/.m2/repository/commons-lang/wso2/commons-lang/2.6.0.wso2v1/commons-lang-2.6.0.wso2v1.jar:/home/abisherk/.m2/repository/org/osgi/org.osgi.service.component.annotations/1.3.0/org.osgi.service.component.annotations-1.3.0.jar:/home/abisherk/.m2/repository/org/osgi/org.osgi.annotation/6.0.0/org.osgi.annotation-6.0.0.jar:/home/abisherk/.m2/repository/org/osgi/org.osgi.service.metatype.annotations/1.3.0/org.osgi.service.metatype.annotations-1.3.0.jar:/home/abisherk/.m2/repository/org/wso2/orbit/org/apache/httpcomponents/httpclient/4.5.13.wso2v1/httpclient-4.5.13.wso2v1.jar:/home/abisherk/.m2/repository/org/wso2/orbit/org/apache/commons/commons-lang3/3.4.0.wso2v1/commons-lang3-3.4.0.wso2v1.jar:/home/abisherk/.m2/repository/org/apache/geronimo/specs/geronimo-ws-metadata_2.0_spec/1.1.3/geronimo-ws-metadata_2.0_spec-1.1.3.jar:/home/abisherk/.m2/repository/io/cucumber/cucumber-picocontainer/7.22.0/cucumber-picocontainer-7.22.0.jar:/home/abisherk/.m2/repository/org/picocontainer/picocontainer/2.15.2/picocontainer-2.15.2.jar:/home/abisherk/.m2/repository/org/slf4j/slf4j-api/1.7.36/slf4j-api-1.7.36.jar:/home/abisherk/.m2/repository/ch/qos/logback/logback-classic/1.2.11/logback-classic-1.2.11.jar:/home/abisherk/.m2/repository/ch/qos/logback/logback-core/1.2.11/logback-core-1.2.11.jar:/home/abisherk/.m2/repository/org/testcontainers/testcontainers/1.20.4/testcontainers-1.20.4.jar:/home/abisherk/.m2/repository/junit/junit/4.13.2/junit-4.13.2.jar:/home/abisherk/.m2/repository/org/hamcrest/hamcrest-core/1.3/hamcrest-core-1.3.jar:/home/abisherk/.m2/repository/org/apache/commons/commons-compress/1.24.0/commons-compress-1.24.0.jar:/home/abisherk/.m2/repository/org/rnorth/duct-tape/duct-tape/1.0.8/duct-tape-1.0.8.jar:/home/abisherk/.m2/repository/org/jetbrains/annotations/17.0.0/annotations-17.0.0.jar:/home/abisherk/.m2/repository/com/github/docker-java/docker-java-api/3.4.0/docker-java-api-3.4.0.jar:/home/abisherk/.m2/repository/com/github/docker-java/docker-java-transport-zerodep/3.4.0/docker-java-transport-zerodep-3.4.0.jar:/home/abisherk/.m2/repository/com/github/docker-java/docker-java-transport/3.4.0/docker-java-transport-3.4.0.jar:/home/abisherk/.m2/repository/net/java/dev/jna/jna/5.13.0/jna-5.13.0.jar:/home/abisherk/.m2/repository/io/rest-assured/rest-assured/5.3.0/rest-assured-5.3.0.jar:/home/abisherk/.m2/repository/org/apache/groovy/groovy/4.0.6/groovy-4.0.6.jar:/home/abisherk/.m2/repository/org/apache/groovy/groovy-xml/4.0.6/groovy-xml-4.0.6.jar:/home/abisherk/.m2/repository/org/apache/httpcomponents/httpmime/4.5.13/httpmime-4.5.13.jar:/home/abisherk/.m2/repository/org/ccil/cowan/tagsoup/tagsoup/1.2.1/tagsoup-1.2.1.jar:/home/abisherk/.m2/repository/org/hamcrest/hamcrest/2.2/hamcrest-2.2.jar:/home/abisherk/.m2/repository/io/rest-assured/xml-path/5.4.0/xml-path-5.4.0.jar:/home/abisherk/.m2/repository/io/rest-assured/rest-assured-common/5.4.0/rest-assured-common-5.4.0.jar:/home/abisherk/.m2/repository/io/rest-assured/json-path/5.4.0/json-path-5.4.0.jar:/home/abisherk/.m2/repository/org/apache/groovy/groovy-json/4.0.16/groovy-json-4.0.16.jar:/home/abisherk/.m2/repository/com/fasterxml/jackson/core/jackson-databind/2.16.1/jackson-databind-2.16.1.jar:/home/abisherk/.m2/repository/com/fasterxml/jackson/core/jackson-annotations/2.16.1/jackson-annotations-2.16.1.jar:/home/abisherk/.m2/repository/com/fasterxml/jackson/core/jackson-core/2.16.1/jackson-core-2.16.1.jar:/home/abisherk/.m2/repository/jakarta/xml/ws/jakarta.xml.ws-api/4.0.2/jakarta.xml.ws-api-4.0.2.jar:/home/abisherk/.m2/repository/jakarta/xml/bind/jakarta.xml.bind-api/4.0.2/jakarta.xml.bind-api-4.0.2.jar:/home/abisherk/.m2/repository/jakarta/xml/soap/jakarta.xml.soap-api/3.0.2/jakarta.xml.soap-api-3.0.2.jar:/home/abisherk/.m2/repository/com/sun/xml/ws/jaxws-tools/4.0.3/jaxws-tools-4.0.3.jar:/home/abisherk/.m2/repository/com/sun/xml/bind/jaxb-xjc/4.0.5/jaxb-xjc-4.0.5.jar:/home/abisherk/.m2/repository/com/sun/xml/bind/jaxb-core/4.0.5/jaxb-core-4.0.5.jar:/home/abisherk/.m2/repository/com/sun/xml/bind/jaxb-jxc/4.0.5/jaxb-jxc-4.0.5.jar:/home/abisherk/.m2/repository/jakarta/activation/jakarta.activation-api/2.1.3/jakarta.activation-api-2.1.3.jar:/home/abisherk/.m2/repository/jakarta/annotation/jakarta.annotation-api/3.0.0/jakarta.annotation-api-3.0.0.jar:/home/abisherk/.m2/repository/com/sun/xml/ws/jaxws-rt/4.0.3/jaxws-rt-4.0.3.jar:/home/abisherk/.m2/repository/com/sun/xml/bind/jaxb-impl/4.0.5/jaxb-impl-4.0.5.jar:/home/abisherk/.m2/repository/org/glassfish/ha/ha-api/3.1.13/ha-api-3.1.13.jar:/home/abisherk/.m2/repository/org/glassfish/external/management-api/3.2.3/management-api-3.2.3.jar:/home/abisherk/.m2/repository/org/glassfish/gmbal/gmbal-api-only/4.0.3/gmbal-api-only-4.0.3.jar:/home/abisherk/.m2/repository/org/jvnet/staxex/stax-ex/2.1.0/stax-ex-2.1.0.jar:/home/abisherk/.m2/repository/com/sun/xml/stream/buffer/streambuffer/2.1.0/streambuffer-2.1.0.jar:/home/abisherk/.m2/repository/org/jvnet/mimepull/mimepull/1.10.0/mimepull-1.10.0.jar:/home/abisherk/.m2/repository/com/sun/xml/fastinfoset/FastInfoset/2.1.1/FastInfoset-2.1.1.jar:/home/abisherk/.m2/repository/jakarta/mail/jakarta.mail-api/2.1.3/jakarta.mail-api-2.1.3.jar:/home/abisherk/.m2/repository/org/eclipse/angus/angus-activation/2.0.2/angus-activation-2.0.2.jar:/home/abisherk/.m2/repository/org/eclipse/angus/angus-mail/2.0.3/angus-mail-2.0.3.jar:/home/abisherk/.m2/repository/com/sun/xml/messaging/saaj/saaj-impl/3.0.4/saaj-impl-3.0.4.jar:/home/abisherk/.m2/repository/com/fasterxml/woodstox/woodstox-core/7.0.0/woodstox-core-7.0.0.jar:/home/abisherk/.m2/repository/org/codehaus/woodstox/stax2-api/4.2.2/stax2-api-4.2.2.jar:/home/abisherk/.m2/repository/javax/ws/rs/javax.ws.rs-api/2.1.1/javax.ws.rs-api-2.1.1.jar:/home/abisherk/.m2/repository/javax/annotation/javax.annotation-api/1.3.2/javax.annotation-api-1.3.2.jar:/home/abisherk/.m2/repository/javax/xml/bind/jaxb-api/2.3.1/jaxb-api-2.3.1.jar:/home/abisherk/.m2/repository/javax/activation/javax.activation-api/1.2.0/javax.activation-api-1.2.0.jar:/home/abisherk/.m2/repository/org/glassfish/jaxb/jaxb-runtime/2.3.1/jaxb-runtime-2.3.1.jar:/home/abisherk/.m2/repository/org/glassfish/jaxb/txw2/2.3.1/txw2-2.3.1.jar:/home/abisherk/.m2/repository/com/sun/istack/istack-commons-runtime/3.0.7/istack-commons-runtime-3.0.7.jar:/home/abisherk/.m2/repository/com/google/code/findbugs/jsr305/3.0.2/jsr305-3.0.2.jar:"/>
    <property name="java.vm.vendor" value="Ubuntu"/>
    <property name="sun.arch.data.model" value="64"/>
    <property name="java.vendor.url" value="https://ubuntu.com/"/>
    <property name="user.timezone" value="Asia/Colombo"/>
    <property name="os.name" value="Linux"/>
    <property name="java.vm.specification.version" value="21"/>
    <property name="sun.java.launcher" value="SUN_STANDARD"/>
    <property name="user.country" value="US"/>
    <property name="testcontainers.reuse.enable" value="true"/>
    <property name="sun.boot.library.path" value="/usr/lib/jvm/java-21-openjdk-amd64/lib"/>
    <property name="sun.java.command" value="/home/abisherk/Internship/InternProject/apim-test-framework-testcontainers/tests-integration/cucumber-tests/target/surefire/surefirebooter-20250507073828688_7.jar /home/abisherk/Internship/InternProject/apim-test-framework-testcontainers/tests-integration/cucumber-tests/target/surefire 2025-05-07T07-37-13_957-jvmRun1 surefire-20250507073828688_5tmp surefire_1-20250507073828688_6tmp"/>
    <property name="jdk.debug" value="release"/>
    <property name="surefire.test.class.path" value="/home/abisherk/Internship/InternProject/apim-test-framework-testcontainers/tests-integration/cucumber-tests/target/test-classes:/home/abisherk/Internship/InternProject/apim-test-framework-testcontainers/tests-integration/cucumber-tests/target/classes:/home/abisherk/.m2/repository/io/cucumber/cucumber-java/7.0.0/cucumber-java-7.0.0.jar:/home/abisherk/.m2/repository/io/cucumber/cucumber-core/7.0.0/cucumber-core-7.0.0.jar:/home/abisherk/.m2/repository/io/cucumber/cucumber-gherkin/7.0.0/cucumber-gherkin-7.0.0.jar:/home/abisherk/.m2/repository/io/cucumber/cucumber-gherkin-messages/7.0.0/cucumber-gherkin-messages-7.0.0.jar:/home/abisherk/.m2/repository/io/cucumber/messages/17.1.1/messages-17.1.1.jar:/home/abisherk/.m2/repository/io/cucumber/tag-expressions/4.0.2/tag-expressions-4.0.2.jar:/home/abisherk/.m2/repository/io/cucumber/cucumber-expressions/13.0.1/cucumber-expressions-13.0.1.jar:/home/abisherk/.m2/repository/io/cucumber/datatable/7.0.0/datatable-7.0.0.jar:/home/abisherk/.m2/repository/io/cucumber/cucumber-plugin/7.0.0/cucumber-plugin-7.0.0.jar:/home/abisherk/.m2/repository/io/cucumber/docstring/7.0.0/docstring-7.0.0.jar:/home/abisherk/.m2/repository/io/cucumber/html-formatter/17.0.0/html-formatter-17.0.0.jar:/home/abisherk/.m2/repository/io/cucumber/create-meta/6.0.1/create-meta-6.0.1.jar:/home/abisherk/.m2/repository/org/apiguardian/apiguardian-api/1.1.2/apiguardian-api-1.1.2.jar:/home/abisherk/.m2/repository/io/cucumber/cucumber-testng/7.0.0/cucumber-testng-7.0.0.jar:/home/abisherk/.m2/repository/org/testng/testng/7.4.0/testng-7.4.0.jar:/home/abisherk/.m2/repository/com/beust/jcommander/1.78/jcommander-1.78.jar:/home/abisherk/.m2/repository/org/webjars/jquery/3.5.1/jquery-3.5.1.jar:/home/abisherk/Internship/InternProject/apim-test-framework-testcontainers/tests-common/testcontainers/target/classes:/home/abisherk/Internship/InternProject/apim-test-framework-testcontainers/tests-common/integration-test-utils/target/classes:/home/abisherk/.m2/repository/com/google/code/gson/gson/2.10.1/gson-2.10.1.jar:/home/abisherk/Internship/InternProject/apim-test-framework-testcontainers/tests-common/clients/publisher/target/classes:/home/abisherk/.m2/repository/io/swagger/swagger-annotations/1.5.22/swagger-annotations-1.5.22.jar:/home/abisherk/.m2/repository/com/squareup/okhttp3/logging-interceptor/4.9.0/logging-interceptor-4.9.0.jar:/home/abisherk/.m2/repository/org/jetbrains/kotlin/kotlin-stdlib-jdk8/1.4.10/kotlin-stdlib-jdk8-1.4.10.jar:/home/abisherk/.m2/repository/org/jetbrains/kotlin/kotlin-stdlib-jdk7/1.4.10/kotlin-stdlib-jdk7-1.4.10.jar:/home/abisherk/.m2/repository/io/gsonfire/gson-fire/1.8.3/gson-fire-1.8.3.jar:/home/abisherk/.m2/repository/org/apache/oltu/oauth2/org.apache.oltu.oauth2.client/1.0.1/org.apache.oltu.oauth2.client-1.0.1.jar:/home/abisherk/.m2/repository/org/apache/oltu/oauth2/org.apache.oltu.oauth2.common/1.0.1/org.apache.oltu.oauth2.common-1.0.1.jar:/home/abisherk/.m2/repository/org/json/json/20140107/json-20140107.jar:/home/abisherk/Internship/InternProject/apim-test-framework-testcontainers/tests-common/clients/admin/target/classes:/home/abisherk/Internship/InternProject/apim-test-framework-testcontainers/tests-common/clients/store/target/classes:/home/abisherk/.m2/repository/com/squareup/okhttp3/okhttp/4.9.0/okhttp-4.9.0.jar:/home/abisherk/.m2/repository/com/squareup/okio/okio/2.8.0/okio-2.8.0.jar:/home/abisherk/.m2/repository/org/jetbrains/kotlin/kotlin-stdlib-common/1.4.0/kotlin-stdlib-common-1.4.0.jar:/home/abisherk/.m2/repository/org/jetbrains/kotlin/kotlin-stdlib/1.4.10/kotlin-stdlib-1.4.10.jar:/home/abisherk/.m2/repository/org/apache/commons/commons-lang3/3.0/commons-lang3-3.0.jar:/home/abisherk/.m2/repository/org/apache/httpcomponents/httpclient/4.5.14/httpclient-4.5.14.jar:/home/abisherk/.m2/repository/org/apache/httpcomponents/httpcore/4.4.16/httpcore-4.4.16.jar:/home/abisherk/.m2/repository/commons-logging/commons-logging/1.2/commons-logging-1.2.jar:/home/abisherk/.m2/repository/commons-codec/commons-codec/1.11/commons-codec-1.11.jar:/home/abisherk/.m2/repository/commons-io/commons-io/2.18.0/commons-io-2.18.0.jar:/home/abisherk/Internship/InternProject/apim-test-framework-testcontainers/tests-common/clients/gateway/target/classes:/home/abisherk/.m2/repository/com/squareup/okhttp/logging-interceptor/2.7.5/logging-interceptor-2.7.5.jar:/home/abisherk/.m2/repository/com/squareup/okhttp/okhttp/2.7.5/okhttp-2.7.5.jar:/home/abisherk/.m2/repository/com/googlecode/json-simple/json-simple/1.1/json-simple-1.1.jar:/home/abisherk/.m2/repository/org/wso2/carbon/automation/org.wso2.carbon.automation.test.utils/4.4.12/org.wso2.carbon.automation.test.utils-4.4.12.jar:/home/abisherk/.m2/repository/org/seleniumhq/selenium/selenium-java/2.43.0/selenium-java-2.43.0.jar:/home/abisherk/.m2/repository/org/seleniumhq/selenium/selenium-chrome-driver/2.43.0/selenium-chrome-driver-2.43.0.jar:/home/abisherk/.m2/repository/org/seleniumhq/selenium/selenium-remote-driver/2.43.0/selenium-remote-driver-2.43.0.jar:/home/abisherk/.m2/repository/cglib/cglib-nodep/2.1_3/cglib-nodep-2.1_3.jar:/home/abisherk/.m2/repository/org/seleniumhq/selenium/selenium-api/2.43.0/selenium-api-2.43.0.jar:/home/abisherk/.m2/repository/com/google/guava/guava/15.0/guava-15.0.jar:/home/abisherk/.m2/repository/org/seleniumhq/selenium/selenium-htmlunit-driver/2.43.0/selenium-htmlunit-driver-2.43.0.jar:/home/abisherk/.m2/repository/net/sourceforge/htmlunit/htmlunit/2.15/htmlunit-2.15.jar:/home/abisherk/.m2/repository/xalan/xalan/2.7.1/xalan-2.7.1.jar:/home/abisherk/.m2/repository/xalan/serializer/2.7.1/serializer-2.7.1.jar:/home/abisherk/.m2/repository/net/sourceforge/htmlunit/htmlunit-core-js/2.15/htmlunit-core-js-2.15.jar:/home/abisherk/.m2/repository/net/sourceforge/nekohtml/nekohtml/1.9.21/nekohtml-1.9.21.jar:/home/abisherk/.m2/repository/net/sourceforge/cssparser/cssparser/0.9.14/cssparser-0.9.14.jar:/home/abisherk/.m2/repository/org/w3c/css/sac/1.3/sac-1.3.jar:/home/abisherk/.m2/repository/org/eclipse/jetty/jetty-websocket/8.1.15.v20140411/jetty-websocket-8.1.15.v20140411.jar:/home/abisherk/.m2/repository/org/eclipse/jetty/jetty-util/8.1.15.v20140411/jetty-util-8.1.15.v20140411.jar:/home/abisherk/.m2/repository/org/eclipse/jetty/jetty-io/8.1.15.v20140411/jetty-io-8.1.15.v20140411.jar:/home/abisherk/.m2/repository/org/eclipse/jetty/jetty-http/8.1.15.v20140411/jetty-http-8.1.15.v20140411.jar:/home/abisherk/.m2/repository/org/seleniumhq/selenium/selenium-firefox-driver/2.43.0/selenium-firefox-driver-2.43.0.jar:/home/abisherk/.m2/repository/org/apache/commons/commons-exec/1.1/commons-exec-1.1.jar:/home/abisherk/.m2/repository/org/seleniumhq/selenium/selenium-ie-driver/2.43.0/selenium-ie-driver-2.43.0.jar:/home/abisherk/.m2/repository/net/java/dev/jna/platform/3.4.0/platform-3.4.0.jar:/home/abisherk/.m2/repository/org/seleniumhq/selenium/selenium-safari-driver/2.43.0/selenium-safari-driver-2.43.0.jar:/home/abisherk/.m2/repository/org/seleniumhq/selenium/selenium-support/2.43.0/selenium-support-2.43.0.jar:/home/abisherk/.m2/repository/org/webbitserver/webbit/0.4.15/webbit-0.4.15.jar:/home/abisherk/.m2/repository/io/netty/netty/3.5.5.Final/netty-3.5.5.Final.jar:/home/abisherk/.m2/repository/org/apache/derby/derbynet/10.8.2.2/derbynet-10.8.2.2.jar:/home/abisherk/.m2/repository/org/apache/derby/derby/10.8.2.2/derby-10.8.2.2.jar:/home/abisherk/.m2/repository/org/wso2/carbon/automation/org.wso2.carbon.automation.engine/4.4.12/org.wso2.carbon.automation.engine-4.4.12.jar:/home/abisherk/.m2/repository/org/jacoco/org.jacoco.core/0.7.5.201505241946/org.jacoco.core-0.7.5.201505241946.jar:/home/abisherk/.m2/repository/org/ow2/asm/asm-debug-all/5.0.1/asm-debug-all-5.0.1.jar:/home/abisherk/.m2/repository/org/jacoco/org.jacoco.report/0.7.5.201505241946/org.jacoco.report-0.7.5.201505241946.jar:/home/abisherk/.m2/repository/org/codehaus/plexus/plexus-utils/3.0.22/plexus-utils-3.0.22.jar:/home/abisherk/.m2/repository/commons-collections/commons-collections/3.2.1/commons-collections-3.2.1.jar:/home/abisherk/.m2/repository/org/apache/axis2/wso2/axis2/1.6.1-wso2v37/axis2-1.6.1-wso2v37.jar:/home/abisherk/.m2/repository/org/apache/ws/commons/axiom/wso2/axiom/1.2.11-wso2v16/axiom-1.2.11-wso2v16.jar:/home/abisherk/.m2/repository/org/apache/geronimo/specs/wso2/geronimo-stax-api_1.0_spec/1.0.1.wso2v2/geronimo-stax-api_1.0_spec-1.0.1.wso2v2.jar:/home/abisherk/.m2/repository/org/apache/geronimo/specs/geronimo-stax-api_1.0_spec/1.0.1/geronimo-stax-api_1.0_spec-1.0.1.jar:/home/abisherk/.m2/repository/org/codehaus/woodstox/woodstox-core-asl/4.2.0/woodstox-core-asl-4.2.0.jar:/home/abisherk/.m2/repository/org/wso2/apache/httpcomponents/httpclient/4.3.1.wso2v1/httpclient-4.3.1.wso2v1.jar:/home/abisherk/.m2/repository/com/icegreen/greenmail/1.3.1b/greenmail-1.3.1b.jar:/home/abisherk/.m2/repository/javax/mail/mail/1.4/mail-1.4.jar:/home/abisherk/.m2/repository/javax/activation/activation/1.1/activation-1.1.jar:/home/abisherk/.m2/repository/org/wso2/carbon/apimgt/org.wso2.carbon.apimgt.api/9.31.94/org.wso2.carbon.apimgt.api-9.31.94.jar:/home/abisherk/.m2/repository/org/wso2/orbit/com/jayway/jsonpath/json-path/2.9.0.wso2v1/json-path-2.9.0.wso2v1.jar:/home/abisherk/.m2/repository/org/wso2/carbon/org.wso2.carbon.registry.api/4.9.28/org.wso2.carbon.registry.api-4.9.28.jar:/home/abisherk/.m2/repository/org/wso2/carbon/identity/framework/org.wso2.carbon.user.mgt.stub/5.25.724/org.wso2.carbon.user.mgt.stub-5.25.724.jar:/home/abisherk/.m2/repository/org/apache/axis2/wso2/axis2-client/1.6.1-wso2v40/axis2-client-1.6.1-wso2v40.jar:/home/abisherk/.m2/repository/org/apache/ws/commons/schema/wso2/XmlSchema/1.4.7.wso2v3/XmlSchema-1.4.7.wso2v3.jar:/home/abisherk/.m2/repository/org/wso2/orbit/org/apache/neethi/neethi/2.0.4.wso2v5/neethi-2.0.4.wso2v5.jar:/home/abisherk/.m2/repository/org/apache/axis2/wso2/axis2-json/1.6.1-wso2v40/axis2-json-1.6.1-wso2v40.jar:/home/abisherk/.m2/repository/org/apache/woden/wso2/woden/1.0.0.M8-wso2v1/woden-1.0.0.M8-wso2v1.jar:/home/abisherk/.m2/repository/wsdl4j/wso2/wsdl4j/1.6.2.wso2v2/wsdl4j-1.6.2.wso2v2.jar:/home/abisherk/.m2/repository/wsdl4j/wsdl4j/1.6.2/wsdl4j-1.6.2.jar:/home/abisherk/.m2/repository/org/apache/httpcomponents/wso2/httpcore/4.3.0.wso2v1/httpcore-4.3.0.wso2v1.jar:/home/abisherk/.m2/repository/commons-codec/wso2/commons-codec/1.3.0.wso2v1/commons-codec-1.3.0.wso2v1.jar:/home/abisherk/.m2/repository/org/wso2/orbit/javax/activation/activation/1.1.1.wso2v1/activation-1.1.1.wso2v1.jar:/home/abisherk/.m2/repository/org/wso2/carbon/org.wso2.carbon.user.api/4.5.2/org.wso2.carbon.user.api-4.5.2.jar:/home/abisherk/.m2/repository/org/wso2/orbit/graphQL/graphQL/19.11.wso2v1/graphQL-19.11.wso2v1.jar:/home/abisherk/.m2/repository/com/graphql-java/graphql-java/19.11/graphql-java-19.11.jar:/home/abisherk/.m2/repository/org/antlr/antlr4-runtime/4.9.3/antlr4-runtime-4.9.3.jar:/home/abisherk/.m2/repository/org/reactivestreams/reactive-streams/1.0.3/reactive-streams-1.0.3.jar:/home/abisherk/.m2/repository/com/graphql-java/java-dataloader/3.2.0/java-dataloader-3.2.0.jar:/home/abisherk/.m2/repository/org/wso2/carbon/org.wso2.carbon.utils/4.10.44/org.wso2.carbon.utils-4.10.44.jar:/home/abisherk/.m2/repository/org/wso2/orbit/org/bouncycastle/bcprov-jdk18on/1.78.1.wso2v1/bcprov-jdk18on-1.78.1.wso2v1.jar:/home/abisherk/.m2/repository/org/bouncycastle/bcprov-jdk18on/1.78.1/bcprov-jdk18on-1.78.1.jar:/home/abisherk/.m2/repository/org/wso2/carbon/org.wso2.carbon.bootstrap/4.10.44/org.wso2.carbon.bootstrap-4.10.44.jar:/home/abisherk/.m2/repository/wrapper/wrapper/3.2.3/wrapper-3.2.3.jar:/home/abisherk/.m2/repository/org/wso2/carbon/org.wso2.carbon.queuing/4.10.44/org.wso2.carbon.queuing-4.10.44.jar:/home/abisherk/.m2/repository/org/wso2/carbon/org.wso2.carbon.base/4.10.44/org.wso2.carbon.base-4.10.44.jar:/home/abisherk/.m2/repository/org/wso2/securevault/org.wso2.securevault/1.1.10/org.wso2.securevault-1.1.10.jar:/home/abisherk/.m2/repository/org/apache/ws/commons/axiom/axiom-api/1.2.11/axiom-api-1.2.11.jar:/home/abisherk/.m2/repository/org/apache/geronimo/specs/geronimo-activation_1.1_spec/1.0.2/geronimo-activation_1.1_spec-1.0.2.jar:/home/abisherk/.m2/repository/org/apache/geronimo/specs/geronimo-javamail_1.4_spec/1.6/geronimo-javamail_1.4_spec-1.6.jar:/home/abisherk/.m2/repository/org/apache/ws/commons/axiom/axiom-impl/1.2.11/axiom-impl-1.2.11.jar:/home/abisherk/.m2/repository/org/codehaus/woodstox/wstx-asl/3.2.9/wstx-asl-3.2.9.jar:/home/abisherk/.m2/repository/jline/jline/0.9.94/jline-0.9.94.jar:/home/abisherk/.m2/repository/commons-cli/commons-cli/1.0/commons-cli-1.0.jar:/home/abisherk/.m2/repository/commons-lang/commons-lang/1.0/commons-lang-1.0.jar:/home/abisherk/.m2/repository/org/wso2/carbon/org.wso2.carbon.securevault/4.10.44/org.wso2.carbon.securevault-4.10.44.jar:/home/abisherk/.m2/repository/org/wso2/eclipse/osgi/org.eclipse.osgi.services/3.5.100.v20160504-1419/org.eclipse.osgi.services-3.5.100.v20160504-1419.jar:/home/abisherk/.m2/repository/xml-apis/xml-apis/1.4.01/xml-apis-1.4.01.jar:/home/abisherk/.m2/repository/org/eclipse/platform/org.eclipse.osgi/3.14.0/org.eclipse.osgi-3.14.0.jar:/home/abisherk/.m2/repository/org/igniterealtime/smack/wso2/smack/3.0.4.wso2v1/smack-3.0.4.wso2v1.jar:/home/abisherk/.m2/repository/org/igniterealtime/smack/wso2/smackx/3.0.4.wso2v1/smackx-3.0.4.wso2v1.jar:/home/abisherk/.m2/repository/org/wso2/orbit/xerces/xercesImpl/2.12.2.wso2v1/xercesImpl-2.12.2.wso2v1.jar:/home/abisherk/.m2/repository/jaxen/jaxen/1.1.1/jaxen-1.1.1.jar:/home/abisherk/.m2/repository/jdom/jdom/1.0/jdom-1.0.jar:/home/abisherk/.m2/repository/xerces/xercesImpl/2.6.2/xercesImpl-2.6.2.jar:/home/abisherk/.m2/repository/xom/xom/1.0/xom-1.0.jar:/home/abisherk/.m2/repository/xerces/xmlParserAPIs/2.6.2/xmlParserAPIs-2.6.2.jar:/home/abisherk/.m2/repository/com/ibm/icu/icu4j/2.6.1/icu4j-2.6.1.jar:/home/abisherk/.m2/repository/org/wso2/orbit/commons-fileupload/commons-fileupload/1.5.0.wso2v2/commons-fileupload-1.5.0.wso2v2.jar:/home/abisherk/.m2/repository/org/apache/ant/wso2/ant/1.10.12.wso2v1/ant-1.10.12.wso2v1.jar:/home/abisherk/.m2/repository/org/apache/ant/ant/1.10.12/ant-1.10.12.jar:/home/abisherk/.m2/repository/org/apache/ant/ant-launcher/1.10.12/ant-launcher-1.10.12.jar:/home/abisherk/.m2/repository/org/eclipse/equinox/javax.servlet/3.0.0.v201112011016/javax.servlet-3.0.0.v201112011016.jar:/home/abisherk/.m2/repository/org/wso2/orbit/commons-httpclient/commons-httpclient/3.1.0.wso2v6/commons-httpclient-3.1.0.wso2v6.jar:/home/abisherk/.m2/repository/commons-lang/wso2/commons-lang/2.6.0.wso2v1/commons-lang-2.6.0.wso2v1.jar:/home/abisherk/.m2/repository/org/osgi/org.osgi.service.component.annotations/1.3.0/org.osgi.service.component.annotations-1.3.0.jar:/home/abisherk/.m2/repository/org/osgi/org.osgi.annotation/6.0.0/org.osgi.annotation-6.0.0.jar:/home/abisherk/.m2/repository/org/osgi/org.osgi.service.metatype.annotations/1.3.0/org.osgi.service.metatype.annotations-1.3.0.jar:/home/abisherk/.m2/repository/org/wso2/orbit/org/apache/httpcomponents/httpclient/4.5.13.wso2v1/httpclient-4.5.13.wso2v1.jar:/home/abisherk/.m2/repository/org/wso2/orbit/org/apache/commons/commons-lang3/3.4.0.wso2v1/commons-lang3-3.4.0.wso2v1.jar:/home/abisherk/.m2/repository/org/apache/geronimo/specs/geronimo-ws-metadata_2.0_spec/1.1.3/geronimo-ws-metadata_2.0_spec-1.1.3.jar:/home/abisherk/.m2/repository/io/cucumber/cucumber-picocontainer/7.22.0/cucumber-picocontainer-7.22.0.jar:/home/abisherk/.m2/repository/org/picocontainer/picocontainer/2.15.2/picocontainer-2.15.2.jar:/home/abisherk/.m2/repository/org/slf4j/slf4j-api/1.7.36/slf4j-api-1.7.36.jar:/home/abisherk/.m2/repository/ch/qos/logback/logback-classic/1.2.11/logback-classic-1.2.11.jar:/home/abisherk/.m2/repository/ch/qos/logback/logback-core/1.2.11/logback-core-1.2.11.jar:/home/abisherk/.m2/repository/org/testcontainers/testcontainers/1.20.4/testcontainers-1.20.4.jar:/home/abisherk/.m2/repository/junit/junit/4.13.2/junit-4.13.2.jar:/home/abisherk/.m2/repository/org/hamcrest/hamcrest-core/1.3/hamcrest-core-1.3.jar:/home/abisherk/.m2/repository/org/apache/commons/commons-compress/1.24.0/commons-compress-1.24.0.jar:/home/abisherk/.m2/repository/org/rnorth/duct-tape/duct-tape/1.0.8/duct-tape-1.0.8.jar:/home/abisherk/.m2/repository/org/jetbrains/annotations/17.0.0/annotations-17.0.0.jar:/home/abisherk/.m2/repository/com/github/docker-java/docker-java-api/3.4.0/docker-java-api-3.4.0.jar:/home/abisherk/.m2/repository/com/github/docker-java/docker-java-transport-zerodep/3.4.0/docker-java-transport-zerodep-3.4.0.jar:/home/abisherk/.m2/repository/com/github/docker-java/docker-java-transport/3.4.0/docker-java-transport-3.4.0.jar:/home/abisherk/.m2/repository/net/java/dev/jna/jna/5.13.0/jna-5.13.0.jar:/home/abisherk/.m2/repository/io/rest-assured/rest-assured/5.3.0/rest-assured-5.3.0.jar:/home/abisherk/.m2/repository/org/apache/groovy/groovy/4.0.6/groovy-4.0.6.jar:/home/abisherk/.m2/repository/org/apache/groovy/groovy-xml/4.0.6/groovy-xml-4.0.6.jar:/home/abisherk/.m2/repository/org/apache/httpcomponents/httpmime/4.5.13/httpmime-4.5.13.jar:/home/abisherk/.m2/repository/org/ccil/cowan/tagsoup/tagsoup/1.2.1/tagsoup-1.2.1.jar:/home/abisherk/.m2/repository/org/hamcrest/hamcrest/2.2/hamcrest-2.2.jar:/home/abisherk/.m2/repository/io/rest-assured/xml-path/5.4.0/xml-path-5.4.0.jar:/home/abisherk/.m2/repository/io/rest-assured/rest-assured-common/5.4.0/rest-assured-common-5.4.0.jar:/home/abisherk/.m2/repository/io/rest-assured/json-path/5.4.0/json-path-5.4.0.jar:/home/abisherk/.m2/repository/org/apache/groovy/groovy-json/4.0.16/groovy-json-4.0.16.jar:/home/abisherk/.m2/repository/com/fasterxml/jackson/core/jackson-databind/2.16.1/jackson-databind-2.16.1.jar:/home/abisherk/.m2/repository/com/fasterxml/jackson/core/jackson-annotations/2.16.1/jackson-annotations-2.16.1.jar:/home/abisherk/.m2/repository/com/fasterxml/jackson/core/jackson-core/2.16.1/jackson-core-2.16.1.jar:/home/abisherk/.m2/repository/jakarta/xml/ws/jakarta.xml.ws-api/4.0.2/jakarta.xml.ws-api-4.0.2.jar:/home/abisherk/.m2/repository/jakarta/xml/bind/jakarta.xml.bind-api/4.0.2/jakarta.xml.bind-api-4.0.2.jar:/home/abisherk/.m2/repository/jakarta/xml/soap/jakarta.xml.soap-api/3.0.2/jakarta.xml.soap-api-3.0.2.jar:/home/abisherk/.m2/repository/com/sun/xml/ws/jaxws-tools/4.0.3/jaxws-tools-4.0.3.jar:/home/abisherk/.m2/repository/com/sun/xml/bind/jaxb-xjc/4.0.5/jaxb-xjc-4.0.5.jar:/home/abisherk/.m2/repository/com/sun/xml/bind/jaxb-core/4.0.5/jaxb-core-4.0.5.jar:/home/abisherk/.m2/repository/com/sun/xml/bind/jaxb-jxc/4.0.5/jaxb-jxc-4.0.5.jar:/home/abisherk/.m2/repository/jakarta/activation/jakarta.activation-api/2.1.3/jakarta.activation-api-2.1.3.jar:/home/abisherk/.m2/repository/jakarta/annotation/jakarta.annotation-api/3.0.0/jakarta.annotation-api-3.0.0.jar:/home/abisherk/.m2/repository/com/sun/xml/ws/jaxws-rt/4.0.3/jaxws-rt-4.0.3.jar:/home/abisherk/.m2/repository/com/sun/xml/bind/jaxb-impl/4.0.5/jaxb-impl-4.0.5.jar:/home/abisherk/.m2/repository/org/glassfish/ha/ha-api/3.1.13/ha-api-3.1.13.jar:/home/abisherk/.m2/repository/org/glassfish/external/management-api/3.2.3/management-api-3.2.3.jar:/home/abisherk/.m2/repository/org/glassfish/gmbal/gmbal-api-only/4.0.3/gmbal-api-only-4.0.3.jar:/home/abisherk/.m2/repository/org/jvnet/staxex/stax-ex/2.1.0/stax-ex-2.1.0.jar:/home/abisherk/.m2/repository/com/sun/xml/stream/buffer/streambuffer/2.1.0/streambuffer-2.1.0.jar:/home/abisherk/.m2/repository/org/jvnet/mimepull/mimepull/1.10.0/mimepull-1.10.0.jar:/home/abisherk/.m2/repository/com/sun/xml/fastinfoset/FastInfoset/2.1.1/FastInfoset-2.1.1.jar:/home/abisherk/.m2/repository/jakarta/mail/jakarta.mail-api/2.1.3/jakarta.mail-api-2.1.3.jar:/home/abisherk/.m2/repository/org/eclipse/angus/angus-activation/2.0.2/angus-activation-2.0.2.jar:/home/abisherk/.m2/repository/org/eclipse/angus/angus-mail/2.0.3/angus-mail-2.0.3.jar:/home/abisherk/.m2/repository/com/sun/xml/messaging/saaj/saaj-impl/3.0.4/saaj-impl-3.0.4.jar:/home/abisherk/.m2/repository/com/fasterxml/woodstox/woodstox-core/7.0.0/woodstox-core-7.0.0.jar:/home/abisherk/.m2/repository/org/codehaus/woodstox/stax2-api/4.2.2/stax2-api-4.2.2.jar:/home/abisherk/.m2/repository/javax/ws/rs/javax.ws.rs-api/2.1.1/javax.ws.rs-api-2.1.1.jar:/home/abisherk/.m2/repository/javax/annotation/javax.annotation-api/1.3.2/javax.annotation-api-1.3.2.jar:/home/abisherk/.m2/repository/javax/xml/bind/jaxb-api/2.3.1/jaxb-api-2.3.1.jar:/home/abisherk/.m2/repository/javax/activation/javax.activation-api/1.2.0/javax.activation-api-1.2.0.jar:/home/abisherk/.m2/repository/org/glassfish/jaxb/jaxb-runtime/2.3.1/jaxb-runtime-2.3.1.jar:/home/abisherk/.m2/repository/org/glassfish/jaxb/txw2/2.3.1/txw2-2.3.1.jar:/home/abisherk/.m2/repository/com/sun/istack/istack-commons-runtime/3.0.7/istack-commons-runtime-3.0.7.jar:/home/abisherk/.m2/repository/com/google/code/findbugs/jsr305/3.0.2/jsr305-3.0.2.jar:"/>
    <property name="sun.cpu.endian" value="little"/>
    <property name="user.home" value="/home/abisherk"/>
    <property name="user.language" value="en"/>
    <property name="java.specification.vendor" value="Oracle Corporation"/>
    <property name="java.version.date" value="2025-01-21"/>
    <property name="java.home" value="/usr/lib/jvm/java-21-openjdk-amd64"/>
    <property name="file.separator" value="/"/>
    <property name="basedir" value="/home/abisherk/Internship/InternProject/apim-test-framework-testcontainers/tests-integration/cucumber-tests"/>
    <property name="java.vm.compressedOopsMode" value="Zero based"/>
    <property name="line.separator" value="&#10;"/>
    <property name="java.vm.specification.vendor" value="Oracle Corporation"/>
    <property name="java.specification.name" value="Java Platform API Specification"/>
    <property name="surefire.real.class.path" value="/home/abisherk/Internship/InternProject/apim-test-framework-testcontainers/tests-integration/cucumber-tests/target/surefire/surefirebooter-20250507073828688_7.jar"/>
    <property name="javax.net.ssl.trustStore" value="/home/abisherk/Internship/InternProject/apim-test-framework-testcontainers/truststore.jks"/>
    <property name="sun.management.compiler" value="HotSpot 64-Bit Tiered Compilers"/>
    <property name="java.runtime.version" value="21.0.6+7-Ubuntu-124.04.1"/>
    <property name="user.name" value="abisherk"/>
    <property name="stdout.encoding" value="UTF-8"/>
    <property name="path.separator" value=":"/>
    <property name="os.version" value="6.11.0-24-generic"/>
    <property name="java.runtime.name" value="OpenJDK Runtime Environment"/>
    <property name="file.encoding" value="UTF-8"/>
    <property name="java.vm.name" value="OpenJDK 64-Bit Server VM"/>
    <property name="localRepository" value="/home/abisherk/.m2/repository"/>
    <property name="java.vendor.url.bug" value="https://bugs.launchpad.net/ubuntu/+source/openjdk-21"/>
    <property name="java.io.tmpdir" value="/tmp"/>
    <property name="java.version" value="21.0.6"/>
    <property name="user.dir" value="/home/abisherk/Internship/InternProject/apim-test-framework-testcontainers/tests-integration/cucumber-tests"/>
    <property name="os.arch" value="amd64"/>
    <property name="java.vm.specification.name" value="Java Virtual Machine Specification"/>
    <property name="native.encoding" value="UTF-8"/>
    <property name="java.library.path" value="/usr/java/packages/lib:/usr/lib/x86_64-linux-gnu/jni:/lib/x86_64-linux-gnu:/usr/lib/x86_64-linux-gnu:/usr/lib/jni:/lib:/usr/lib"/>
    <property name="java.vm.info" value="mixed mode, sharing"/>
    <property name="stderr.encoding" value="UTF-8"/>
    <property name="java.vendor" value="Ubuntu"/>
    <property name="java.vm.version" value="21.0.6+7-Ubuntu-124.04.1"/>
    <property name="sun.io.unicode.encoding" value="UnicodeLittle"/>
    <property name="java.class.version" value="65.0"/>
    <property name="org.apache.http.wire.level" value="OFF"/>
  </properties>
  <testcase name="runScenario[&quot;Invoke API using system-wide custom auth header and custom API Key header&quot;, &quot;Optional[Custom Header Authorization and API Key Support]&quot;](1)" classname="org.wso2.am.integration.cucumbertests.runners.customHeaderTestRunner" time="947.746">
    <system-out><![CDATA[[TestNGContentHandler] [WARN] It is strongly recommended to add "<!DOCTYPE suite SYSTEM "https://testng.org/testng-1.0.dtd" >" at the top of the suite file [/home/abisherk/Internship/InternProject/apim-test-framework-testcontainers/tests-integration/cucumber-tests/src/test/resources/testng.xml] otherwise TestNG may fail or not work as expected.

Scenario: Invoke API using system-wide custom auth header and custom API Key header                                                                                                                                                                                                             &amp#27;[90m# src/test/resources/features/customHeaderTest/custom_header_test.feature:16&amp#27;[0m
07:38:33.226 [main] INFO  o.w.am.testcontainers.NodeAppServer - Initializing NodeAppServer...
07:38:33.340 [main] INFO  org.testcontainers.images.PullPolicy - Image pull policy will be performed by: DefaultPullPolicy()
07:38:33.354 [main] INFO  o.t.utility.ImageNameSubstitutor - Image name substitution will be performed by: DefaultImageNameSubstitutor (composite of 'ConfigurationFileImageNameSubstitutor' and 'PrefixingImageNameSubstitutor')
07:38:33.399 [main] INFO  o.testcontainers.DockerClientFactory - Testcontainers version: 1.20.4
07:38:34.066 [main] INFO  o.t.d.DockerClientProviderStrategy - Loaded org.testcontainers.dockerclient.UnixSocketClientProviderStrategy from ~/.testcontainers.properties, will try it first
07:38:35.179 [main] INFO  o.t.d.DockerClientProviderStrategy - Found Docker environment with local Unix socket (unix:///var/run/docker.sock)
07:38:35.183 [main] INFO  o.testcontainers.DockerClientFactory - Docker host IP address is localhost
07:38:35.241 [main] INFO  o.testcontainers.DockerClientFactory - Connected to docker: 
  Server Version: 26.1.5
  API Version: 1.45
  Operating System: Alpine Linux v3.20
  Total Memory: 3921 MB
07:38:35.360 [main] INFO  tc.testcontainers/ryuk:0.11.0 - Creating container for image: testcontainers/ryuk:0.11.0
07:38:35.445 [main] INFO  o.t.utility.RegistryAuthLocator - Credential helper/store (docker-credential-pass) does not have credentials for https://index.docker.io/v1/
07:38:35.858 [main] INFO  tc.testcontainers/ryuk:0.11.0 - Container testcontainers/ryuk:0.11.0 is starting: 86dde3e545d6df766f3ffbdcd3e77938e376e45aeee2ed88ce889b7b434a00dd
07:38:37.032 [main] INFO  tc.testcontainers/ryuk:0.11.0 - Container testcontainers/ryuk:0.11.0 started in PT1.672618373S
07:38:37.051 [testcontainers-ryuk] WARN  o.t.utility.RyukResourceReaper - Can not connect to Ryuk at localhost:32848
java.net.ConnectException: Connection refused
	at java.base/sun.nio.ch.Net.pollConnect(Native Method)
	at java.base/sun.nio.ch.Net.pollConnectNow(Net.java:682)
	at java.base/sun.nio.ch.NioSocketImpl.timedFinishConnect(NioSocketImpl.java:542)
	at java.base/sun.nio.ch.NioSocketImpl.connect(NioSocketImpl.java:592)
	at java.base/java.net.SocksSocketImpl.connect(SocksSocketImpl.java:327)
	at java.base/java.net.Socket.connect(Socket.java:751)
	at org.testcontainers.utility.RyukResourceReaper.lambda$null$0(RyukResourceReaper.java:92)
	at org.rnorth.ducttape.ratelimits.RateLimiter.doWhenReady(RateLimiter.java:27)
	at org.testcontainers.utility.RyukResourceReaper.lambda$maybeStart$1(RyukResourceReaper.java:88)
	at java.base/java.lang.Thread.run(Thread.java:1583)
07:38:37.304 [testcontainers-ryuk] WARN  o.t.utility.RyukResourceReaper - Can not connect to Ryuk at localhost:32848
java.net.ConnectException: Connection refused
	at java.base/sun.nio.ch.Net.pollConnect(Native Method)
	at java.base/sun.nio.ch.Net.pollConnectNow(Net.java:682)
	at java.base/sun.nio.ch.NioSocketImpl.timedFinishConnect(NioSocketImpl.java:542)
	at java.base/sun.nio.ch.NioSocketImpl.connect(NioSocketImpl.java:592)
	at java.base/java.net.SocksSocketImpl.connect(SocksSocketImpl.java:327)
	at java.base/java.net.Socket.connect(Socket.java:751)
	at org.testcontainers.utility.RyukResourceReaper.lambda$null$0(RyukResourceReaper.java:92)
	at org.rnorth.ducttape.ratelimits.RateLimiter.doWhenReady(RateLimiter.java:27)
	at org.testcontainers.utility.RyukResourceReaper.lambda$maybeStart$1(RyukResourceReaper.java:88)
	at java.base/java.lang.Thread.run(Thread.java:1583)
07:38:37.557 [testcontainers-ryuk] WARN  o.t.utility.RyukResourceReaper - Can not connect to Ryuk at localhost:32848
java.net.ConnectException: Connection refused
	at java.base/sun.nio.ch.Net.pollConnect(Native Method)
	at java.base/sun.nio.ch.Net.pollConnectNow(Net.java:682)
	at java.base/sun.nio.ch.NioSocketImpl.timedFinishConnect(NioSocketImpl.java:542)
	at java.base/sun.nio.ch.NioSocketImpl.connect(NioSocketImpl.java:592)
	at java.base/java.net.SocksSocketImpl.connect(SocksSocketImpl.java:327)
	at java.base/java.net.Socket.connect(Socket.java:751)
	at org.testcontainers.utility.RyukResourceReaper.lambda$null$0(RyukResourceReaper.java:92)
	at org.rnorth.ducttape.ratelimits.RateLimiter.doWhenReady(RateLimiter.java:27)
	at org.testcontainers.utility.RyukResourceReaper.lambda$maybeStart$1(RyukResourceReaper.java:88)
	at java.base/java.lang.Thread.run(Thread.java:1583)
07:38:37.809 [testcontainers-ryuk] WARN  o.t.utility.RyukResourceReaper - Can not connect to Ryuk at localhost:32848
java.net.ConnectException: Connection refused
	at java.base/sun.nio.ch.Net.pollConnect(Native Method)
	at java.base/sun.nio.ch.Net.pollConnectNow(Net.java:682)
	at java.base/sun.nio.ch.NioSocketImpl.timedFinishConnect(NioSocketImpl.java:542)
	at java.base/sun.nio.ch.NioSocketImpl.connect(NioSocketImpl.java:592)
	at java.base/java.net.SocksSocketImpl.connect(SocksSocketImpl.java:327)
	at java.base/java.net.Socket.connect(Socket.java:751)
	at org.testcontainers.utility.RyukResourceReaper.lambda$null$0(RyukResourceReaper.java:92)
	at org.rnorth.ducttape.ratelimits.RateLimiter.doWhenReady(RateLimiter.java:27)
	at org.testcontainers.utility.RyukResourceReaper.lambda$maybeStart$1(RyukResourceReaper.java:88)
	at java.base/java.lang.Thread.run(Thread.java:1583)
07:38:38.061 [testcontainers-ryuk] WARN  o.t.utility.RyukResourceReaper - Can not connect to Ryuk at localhost:32848
java.net.ConnectException: Connection refused
	at java.base/sun.nio.ch.Net.pollConnect(Native Method)
	at java.base/sun.nio.ch.Net.pollConnectNow(Net.java:682)
	at java.base/sun.nio.ch.NioSocketImpl.timedFinishConnect(NioSocketImpl.java:542)
	at java.base/sun.nio.ch.NioSocketImpl.connect(NioSocketImpl.java:592)
	at java.base/java.net.SocksSocketImpl.connect(SocksSocketImpl.java:327)
	at java.base/java.net.Socket.connect(Socket.java:751)
	at org.testcontainers.utility.RyukResourceReaper.lambda$null$0(RyukResourceReaper.java:92)
	at org.rnorth.ducttape.ratelimits.RateLimiter.doWhenReady(RateLimiter.java:27)
	at org.testcontainers.utility.RyukResourceReaper.lambda$maybeStart$1(RyukResourceReaper.java:88)
	at java.base/java.lang.Thread.run(Thread.java:1583)
07:38:38.314 [testcontainers-ryuk] WARN  o.t.utility.RyukResourceReaper - Can not connect to Ryuk at localhost:32848
java.net.ConnectException: Connection refused
	at java.base/sun.nio.ch.Net.pollConnect(Native Method)
	at java.base/sun.nio.ch.Net.pollConnectNow(Net.java:682)
	at java.base/sun.nio.ch.NioSocketImpl.timedFinishConnect(NioSocketImpl.java:542)
	at java.base/sun.nio.ch.NioSocketImpl.connect(NioSocketImpl.java:592)
	at java.base/java.net.SocksSocketImpl.connect(SocksSocketImpl.java:327)
	at java.base/java.net.Socket.connect(Socket.java:751)
	at org.testcontainers.utility.RyukResourceReaper.lambda$null$0(RyukResourceReaper.java:92)
	at org.rnorth.ducttape.ratelimits.RateLimiter.doWhenReady(RateLimiter.java:27)
	at org.testcontainers.utility.RyukResourceReaper.lambda$maybeStart$1(RyukResourceReaper.java:88)
	at java.base/java.lang.Thread.run(Thread.java:1583)
07:38:38.576 [main] INFO  o.t.utility.RyukResourceReaper - Ryuk started - will monitor and terminate Testcontainers containers on JVM exit
07:38:38.576 [main] INFO  o.testcontainers.DockerClientFactory - Checking the system...
07:38:38.578 [main] INFO  o.testcontainers.DockerClientFactory - ✔︎ Docker server version should be at least 1.6.0
07:38:38.625 [main] INFO  tc.node-customer-service:latest - Creating container for image: node-customer-service:latest
07:38:39.077 [main] INFO  tc.node-customer-service:latest - Container node-customer-service:latest is starting: 549fabec1e32332b7743adcd1f1dc36336eff10ecd17ab4f230ebd7451965c9c
07:38:43.124 [docker-java-stream-264831773] INFO  o.w.am.testcontainers.NodeAppServer - STDOUT: 
07:38:43.125 [docker-java-stream-264831773] INFO  o.w.am.testcontainers.NodeAppServer - STDOUT: > node-customer-service@1.0.0 start
07:38:43.125 [docker-java-stream-264831773] INFO  o.w.am.testcontainers.NodeAppServer - STDOUT: > node server.js
07:38:43.126 [docker-java-stream-264831773] INFO  o.w.am.testcontainers.NodeAppServer - STDOUT: 
07:38:44.094 [docker-java-stream-264831773] INFO  o.w.am.testcontainers.NodeAppServer - STDOUT: Customer Service API running at http://nodebackend:8080
07:38:44.205 [main] INFO  tc.node-customer-service:latest - Container node-customer-service:latest started in PT5.580841306S
07:38:44.206 [main] INFO  o.w.am.testcontainers.NodeAppServer - NodeAppServer successfully initialized
  &amp#27;[32mGiven &amp#27;[0m&amp#27;[32mI have initialized the NodeApp server container&amp#27;[0m                                                                                                                                                                                                                                         &amp#27;[90m# org.wso2.am.integration.cucumbertests.stepdefinitions.ContainorIntitialisationStepDefinitions.initializeNodeAppServerContainer()&amp#27;[0m
07:38:44.236 [main] INFO  tc.openjdk:11-jre-slim - Creating container for image: openjdk:11-jre-slim
07:39:34.045 [main] INFO  tc.openjdk:11-jre-slim - Container openjdk:11-jre-slim is starting: 4a025cac8a150b87f4ecfb1038e1e9f8b07baa523182ecd149c7734118b4ab0b
07:39:35.950 [docker-java-stream--679690411] INFO  o.w.a.t.CustomAPIMContainer - [customHeader] STDOUT: JAVA_HOME environment variable is set to /usr/local/openjdk-11
07:39:35.953 [docker-java-stream--679690411] INFO  o.w.a.t.CustomAPIMContainer - [customHeader] STDOUT: CARBON_HOME environment variable is set to /opt
07:39:36.155 [docker-java-stream--679690411] INFO  o.w.a.t.CustomAPIMContainer - [customHeader] STDOUT: Using Java memory options: -Xms256m -Xmx1024m
07:39:43.801 [docker-java-stream--679690411] INFO  o.w.a.t.CustomAPIMContainer - [customHeader] STDOUT: [2025-05-07 02:09:41,741]  INFO {org.wso2.config.mapper.ConfigParser} - Initializing configurations with deployment configurations
07:40:43.849 [docker-java-stream--679690411] INFO  o.w.a.t.CustomAPIMContainer - [customHeader] STDOUT: [2025-05-07 02:10:41,842]  INFO - CarbonCoreActivator Starting WSO2 Carbon...
07:40:43.854 [docker-java-stream--679690411] INFO  o.w.a.t.CustomAPIMContainer - [customHeader] STDOUT: [2025-05-07 02:10:41,850]  INFO - CarbonCoreActivator Operating System : Linux 6.6.71-0-virt, amd64
07:40:43.856 [docker-java-stream--679690411] INFO  o.w.a.t.CustomAPIMContainer - [customHeader] STDOUT: [2025-05-07 02:10:41,851]  INFO - CarbonCoreActivator Java Home        : /usr/local/openjdk-11
07:40:43.865 [docker-java-stream--679690411] INFO  o.w.a.t.CustomAPIMContainer - [customHeader] STDOUT: [2025-05-07 02:10:41,851]  INFO - CarbonCoreActivator Java Version     : 11.0.16
07:40:43.868 [docker-java-stream--679690411] INFO  o.w.a.t.CustomAPIMContainer - [customHeader] STDOUT: [2025-05-07 02:10:41,851]  INFO - CarbonCoreActivator Java VM          : OpenJDK 64-Bit Server VM 11.0.16+8,Oracle Corporation
07:40:43.870 [docker-java-stream--679690411] INFO  o.w.a.t.CustomAPIMContainer - [customHeader] STDOUT: [2025-05-07 02:10:41,851]  INFO - CarbonCoreActivator Carbon Home      : /opt
07:40:43.870 [docker-java-stream--679690411] INFO  o.w.a.t.CustomAPIMContainer - [customHeader] STDOUT: [2025-05-07 02:10:41,852]  INFO - CarbonCoreActivator Java Temp Dir    : /opt/tmp
07:40:43.870 [docker-java-stream--679690411] INFO  o.w.a.t.CustomAPIMContainer - [customHeader] STDOUT: [2025-05-07 02:10:41,852]  INFO - CarbonCoreActivator User             : root, en-null, Etc/UTC
07:40:45.771 [docker-java-stream--679690411] INFO  o.w.a.t.CustomAPIMContainer - [customHeader] STDOUT: [2025-05-07 02:10:43,782]  INFO - DefaultCryptoProviderComponent 'CryptoService.Secret' property has not been set. 'org.wso2.carbon.crypto.provider.SymmetricKeyInternalCryptoProvider' won't be registered as an internal crypto provider. Please set the secret if the provider needs to be registered.
07:40:48.405 [docker-java-stream--679690411] INFO  o.w.a.t.CustomAPIMContainer - [customHeader] STDOUT: [2025-05-07 02:10:46,411]  INFO - KafkaEventAdapterServiceDS Successfully deployed the Kafka output event adaptor service
07:41:02.565 [docker-java-stream--679690411] INFO  o.w.a.t.CustomAPIMContainer - [customHeader] STDOUT: [2025-05-07 02:11:00,570]  INFO - ServiceComponent Eventing Hub ServiceComponent is activated
07:41:07.462 [docker-java-stream--679690411] INFO  o.w.a.t.CustomAPIMContainer - [customHeader] STDOUT: [2025-05-07 02:11:05,469]  WARN - Digester Match [Server/Service/Engine/Host/Valve] failed to set property [maxDays] to []
07:41:16.490 [docker-java-stream--679690411] INFO  o.w.a.t.CustomAPIMContainer - [customHeader] STDOUT: [2025-05-07 02:11:14,502]  INFO - ConsentManagerComponent ConsentManagerComponent is activated.
07:41:17.767 [docker-java-stream--679690411] INFO  o.w.a.t.CustomAPIMContainer - [customHeader] STDOUT: [2025-05-07 02:11:15,733]  INFO - BinaryDataReceiverServiceComponent Binary Data Receiver server activated
07:41:17.871 [docker-java-stream--679690411] INFO  o.w.a.t.CustomAPIMContainer - [customHeader] STDOUT: [2025-05-07 02:11:15,883]  INFO - DataBridgeDS Successfully deployed Agent Server 
07:41:23.919 [docker-java-stream--679690411] INFO  o.w.a.t.CustomAPIMContainer - [customHeader] STDOUT: [2025-05-07 02:11:21,927]  INFO - EmbeddedRegistryService Configured Registry in 1987ms
07:41:24.406 [docker-java-stream--679690411] INFO  o.w.a.t.CustomAPIMContainer - [customHeader] STDOUT: [2025-05-07 02:11:22,418]  INFO - EmbeddedRegistryService Connected to mount at configregistry in 62ms
07:41:24.414 [docker-java-stream--679690411] INFO  o.w.a.t.CustomAPIMContainer - [customHeader] STDOUT: [2025-05-07 02:11:22,422]  INFO - EmbeddedRegistryService Connected to mount at govregistry in 63ms
07:41:25.495 [docker-java-stream--679690411] INFO  o.w.a.t.CustomAPIMContainer - [customHeader] STDOUT: [2025-05-07 02:11:23,464]  INFO - EmbeddedRegistryService Connected to mount at configregistry in 6ms
07:41:25.497 [docker-java-stream--679690411] INFO  o.w.a.t.CustomAPIMContainer - [customHeader] STDOUT: [2025-05-07 02:11:23,464]  INFO - EmbeddedRegistryService Connected to mount at govregistry in 7ms
07:41:27.924 [docker-java-stream--679690411] INFO  o.w.a.t.CustomAPIMContainer - [customHeader] STDOUT: [2025-05-07 02:11:25,936]  INFO - RegistryCoreServiceComponent Registry Mode    : READ-WRITE
07:41:29.802 [docker-java-stream--679690411] INFO  o.w.a.t.CustomAPIMContainer - [customHeader] STDOUT: [2025-05-07 02:11:27,814]  INFO - JmxReporterBuilder Creating JMX reporter for Metrics with domain 'org.wso2.carbon.metrics'
07:41:29.842 [docker-java-stream--679690411] INFO  o.w.a.t.CustomAPIMContainer - [customHeader] STDOUT: [2025-05-07 02:11:27,853]  INFO - AbstractReporter Started JMX reporter for Metrics
07:41:51.796 [docker-java-stream--679690411] INFO  o.w.a.t.CustomAPIMContainer - [customHeader] STDOUT: [2025-05-07 02:11:49,809]  INFO - SolrClient Default Embedded Solr Server Initialized
07:41:53.720 [docker-java-stream--679690411] INFO  o.w.a.t.CustomAPIMContainer - [customHeader] STDOUT: [2025-05-07 02:11:51,734]  INFO - UserStoreMgtDSComponent Carbon UserStoreMgtDSComponent activated successfully.
07:42:05.972 [docker-java-stream--679690411] INFO  o.w.a.t.CustomAPIMContainer - [customHeader] STDOUT: [2025-05-07 02:12:03,984]  INFO - UserStoreConfigurationDeployer User Store Configuration Deployer initiated.
07:42:05.979 [docker-java-stream--679690411] INFO  o.w.a.t.CustomAPIMContainer - [customHeader] STDOUT: [2025-05-07 02:12:03,985]  INFO - UserStoreConfigurationDeployer User Store Configuration Deployer initiated.
07:42:07.076 [docker-java-stream--679690411] INFO  o.w.a.t.CustomAPIMContainer - [customHeader] STDOUT: [2025-05-07 02:12:05,091]  INFO - WebsocketTransportSender WSS Sender started
07:42:07.119 [docker-java-stream--679690411] INFO  o.w.a.t.CustomAPIMContainer - [customHeader] STDOUT: [2025-05-07 02:12:05,131]  INFO - PassThroughHttpSender Initializing Pass-through HTTP/S Sender...
07:42:07.424 [docker-java-stream--679690411] INFO  o.w.a.t.CustomAPIMContainer - [customHeader] STDOUT: [2025-05-07 02:12:05,437]  INFO - PassThroughHttpSender Pass-through HTTP Sender started...
07:42:07.425 [docker-java-stream--679690411] INFO  o.w.a.t.CustomAPIMContainer - [customHeader] STDOUT: [2025-05-07 02:12:05,437]  INFO - PassThroughHttpSSLSender Initializing Pass-through HTTP/S Sender...
07:42:07.782 [docker-java-stream--679690411] INFO  o.w.a.t.CustomAPIMContainer - [customHeader] STDOUT: [2025-05-07 02:12:05,796]  INFO - ClientConnFactoryBuilder customSSLProfiles configuration is loaded from path: /opt/repository/resources/security/sslprofiles.xml
07:42:07.784 [docker-java-stream--679690411] INFO  o.w.a.t.CustomAPIMContainer - [customHeader] STDOUT: [2025-05-07 02:12:05,797]  INFO - ClientConnFactoryBuilder HTTPS Loading custom SSL profiles for the HTTPS sender
07:42:07.896 [docker-java-stream--679690411] INFO  o.w.a.t.CustomAPIMContainer - [customHeader] STDOUT: [2025-05-07 02:12:05,906]  INFO - ClientConnFactoryBuilder HTTPS Custom SSL profiles initialized for 1 servers
07:42:07.903 [docker-java-stream--679690411] INFO  o.w.a.t.CustomAPIMContainer - [customHeader] STDOUT: [2025-05-07 02:12:05,908]  INFO - PassThroughHttpSSLSender Pass-through HTTPS Sender started...
07:42:07.933 [docker-java-stream--679690411] INFO  o.w.a.t.CustomAPIMContainer - [customHeader] STDOUT: [2025-05-07 02:12:05,946]  INFO - WebsocketTransportSender WS Sender started
07:42:08.034 [docker-java-stream--679690411] INFO  o.w.a.t.CustomAPIMContainer - [customHeader] STDOUT: [2025-05-07 02:12:06,049]  INFO - PassThroughHttpListener Initializing Pass-through HTTP/S Listener...
07:42:08.165 [docker-java-stream--679690411] INFO  o.w.a.t.CustomAPIMContainer - [customHeader] STDOUT: [2025-05-07 02:12:06,179]  INFO - PassThroughHttpMultiSSLListener Initializing Pass-through HTTP/S Listener...
07:42:08.343 [docker-java-stream--679690411] INFO  o.w.a.t.CustomAPIMContainer - [customHeader] STDOUT: [2025-05-07 02:12:06,358]  INFO - ServerConnFactoryBuilder SSLProfile configuration is loaded from path: /opt/repository/resources/security/listenerprofiles.xml
07:42:09.819 [docker-java-stream--679690411] INFO  o.w.a.t.CustomAPIMContainer - [customHeader] STDOUT: [2025-05-07 02:12:07,833]  INFO - DeploymentInterceptor Deploying Axis2 service: AdminAdvisoryManagementService {super-tenant}
07:42:13.393 [docker-java-stream--679690411] INFO  o.w.a.t.CustomAPIMContainer - [customHeader] STDOUT: [2025-05-07 02:12:11,404]  INFO - DeploymentInterceptor Deploying Axis2 service: I18nEmailMgtConfigService {super-tenant}
07:42:19.853 [docker-java-stream--679690411] INFO  o.w.a.t.CustomAPIMContainer - [customHeader] STDOUT: [2025-05-07 02:12:17,869]  INFO - DeploymentInterceptor Deploying Axis2 service: AccountCredentialMgtConfigService {super-tenant}
07:42:19.873 [docker-java-stream--679690411] INFO  o.w.a.t.CustomAPIMContainer - [customHeader] STDOUT: [2025-05-07 02:12:17,871]  INFO - DeploymentInterceptor Deploying Axis2 service: UserIdentityManagementAdminService {super-tenant}
07:42:19.875 [docker-java-stream--679690411] INFO  o.w.a.t.CustomAPIMContainer - [customHeader] STDOUT: [2025-05-07 02:12:17,874]  INFO - DeploymentInterceptor Deploying Axis2 service: UserInformationRecoveryService {super-tenant}
07:42:22.958 [docker-java-stream--679690411] INFO  o.w.a.t.CustomAPIMContainer - [customHeader] STDOUT: [2025-05-07 02:12:20,972]  WARN - DefaultSchemaGenerator We don't support method overloading. Ignoring [addRemoteServerConfig]
07:42:22.973 [docker-java-stream--679690411] INFO  o.w.a.t.CustomAPIMContainer - [customHeader] STDOUT: [2025-05-07 02:12:20,987]  WARN - DefaultSchemaGenerator We don't support method overloading. Ignoring [resetRemoteServerConfig]
07:42:25.803 [docker-java-stream--679690411] INFO  o.w.a.t.CustomAPIMContainer - [customHeader] STDOUT: [2025-05-07 02:12:23,819]  WARN - DefaultSchemaGenerator We don't support method overloading. Ignoring [searchByAttribute]
07:42:37.965 [docker-java-stream--679690411] INFO  o.w.a.t.CustomAPIMContainer - [customHeader] STDOUT: [2025-05-07 02:12:35,981]  INFO - CarbonServerManager Repository       : /opt/repository/deployment/server/
07:42:38.016 [docker-java-stream--679690411] INFO  o.w.a.t.CustomAPIMContainer - [customHeader] STDOUT: [2025-05-07 02:12:36,031]  INFO - KafkaEventAdapterServiceHolder Kafka input event adaptor waiting for dependent configurations to load
07:42:38.235 [docker-java-stream--679690411] INFO  o.w.a.t.CustomAPIMContainer - [customHeader] STDOUT: [2025-05-07 02:12:36,247]  INFO - QueueManagerServiceDS Successfully created the queue manager service
07:42:38.295 [docker-java-stream--679690411] INFO  o.w.a.t.CustomAPIMContainer - [customHeader] STDOUT: [2025-05-07 02:12:36,310]  INFO - SubscriptionManagerServiceDS Successfully created the subscription manager service
07:42:38.597 [docker-java-stream--679690411] INFO  o.w.a.t.CustomAPIMContainer - [customHeader] STDOUT: [2025-05-07 02:12:36,613]  INFO - PersistenceManagerComponent Activating PersistenceManagerComponent 
07:42:39.031 [docker-java-stream--679690411] INFO  o.w.a.t.CustomAPIMContainer - [customHeader] STDOUT: [2025-05-07 02:12:37,041]  INFO - TenantLoadingConfig Using tenant lazy loading policy...
07:42:39.251 [docker-java-stream--679690411] INFO  o.w.a.t.CustomAPIMContainer - [customHeader] STDOUT: [2025-05-07 02:12:37,266]  INFO - PermissionUpdater Permission cache updated for tenant -1234
07:42:51.382 [docker-java-stream--679690411] INFO  o.w.a.t.CustomAPIMContainer - [customHeader] STDOUT: [2025-05-07 02:12:49,398]  INFO - UserStoreMgtDSComponent Claim manager set for class org.wso2.carbon.user.core.common.DefaultRealm
07:42:51.449 [docker-java-stream--679690411] INFO  o.w.a.t.CustomAPIMContainer - [customHeader] STDOUT: [2025-05-07 02:12:49,463]  INFO - UserStoreMgtDSComponent Claim manager set for class org.wso2.carbon.user.core.jdbc.UniqueIDJDBCUserStoreManager
07:42:51.711 [docker-java-stream--679690411] INFO  o.w.a.t.CustomAPIMContainer - [customHeader] STDOUT: [2025-05-07 02:12:49,727]  INFO - SchemaBuilder XACML policy schema loaded successfully.
07:42:51.969 [docker-java-stream--679690411] INFO  o.w.a.t.CustomAPIMContainer - [customHeader] STDOUT: [2025-05-07 02:12:49,984]  WARN - ApplicationManagementServiceComponent Templates directory not found at /opt/repository/resources/identity/authntemplates
07:42:53.534 [docker-java-stream--679690411] INFO  o.w.a.t.CustomAPIMContainer - [customHeader] STDOUT: [2025-05-07 02:12:51,543]  WARN - AuthenticationValveServiceComponent File invalid_tenant_domain_response.html not found. The default content will be used as the error page content.
07:42:53.745 [docker-java-stream--679690411] INFO  o.w.a.t.CustomAPIMContainer - [customHeader] STDOUT: [2025-05-07 02:12:51,762]  WARN - AuthenticationServiceComponent 
07:42:53.746 [docker-java-stream--679690411] INFO  o.w.a.t.CustomAPIMContainer - [customHeader] STDOUT: 
07:42:53.746 [docker-java-stream--679690411] INFO  o.w.a.t.CustomAPIMContainer - [customHeader] STDOUT: ##################################  ALERT  ##################################
07:42:53.746 [docker-java-stream--679690411] INFO  o.w.a.t.CustomAPIMContainer - [customHeader] STDOUT: [WARNING]: Internal authentication is utilizing default credentials,
07:42:53.747 [docker-java-stream--679690411] INFO  o.w.a.t.CustomAPIMContainer - [customHeader] STDOUT: which may expose the environment to potential security risks.
07:42:53.747 [docker-java-stream--679690411] INFO  o.w.a.t.CustomAPIMContainer - [customHeader] STDOUT: If this is a production environment, change the credentials immediately.
07:42:53.748 [docker-java-stream--679690411] INFO  o.w.a.t.CustomAPIMContainer - [customHeader] STDOUT: Please refer to the WSO2 security advisory: https://security.docs.wso2.com/en/latest/security-announcements/security-advisories/2023/WSO2-2023-2617/
07:42:53.749 [docker-java-stream--679690411] INFO  o.w.a.t.CustomAPIMContainer - [customHeader] STDOUT: #############################################################################
07:42:53.749 [docker-java-stream--679690411] INFO  o.w.a.t.CustomAPIMContainer - [customHeader] STDOUT: 
07:42:53.824 [docker-java-stream--679690411] INFO  o.w.a.t.CustomAPIMContainer - [customHeader] STDOUT: [2025-05-07 02:12:51,841]  INFO - TenantAssociationServiceComponent Organization management related TenantAssociationManagementListener registered successfully.
07:42:56.640 [docker-java-stream--679690411] INFO  o.w.a.t.CustomAPIMContainer - [customHeader] STDOUT: [2025-05-07 02:12:54,656]  INFO - AuthAPIServiceComponent Auth API Service Component  is activated.
07:43:02.785 [docker-java-stream--679690411] INFO  o.w.a.t.CustomAPIMContainer - [customHeader] STDOUT: [2025-05-07 02:13:00,800]  INFO - APIUtil Common operation policy xmlValidator_v1 was added to the organization carbon.super successfully
07:43:02.806 [docker-java-stream--679690411] INFO  o.w.a.t.CustomAPIMContainer - [customHeader] STDOUT: [2025-05-07 02:13:00,823]  INFO - APIUtil Common operation policy modelRoundRobin_v1 was added to the organization carbon.super successfully
07:43:02.817 [docker-java-stream--679690411] INFO  o.w.a.t.CustomAPIMContainer - [customHeader] STDOUT: [2025-05-07 02:13:00,833]  INFO - APIUtil Common operation policy addLogMessage_v1 was added to the organization carbon.super successfully
07:43:02.832 [docker-java-stream--679690411] INFO  o.w.a.t.CustomAPIMContainer - [customHeader] STDOUT: [2025-05-07 02:13:00,844]  INFO - APIUtil Common operation policy debugResponseFlow_v1 was added to the organization carbon.super successfully
07:43:02.839 [docker-java-stream--679690411] INFO  o.w.a.t.CustomAPIMContainer - [customHeader] STDOUT: [2025-05-07 02:13:00,854]  INFO - APIUtil Common operation policy xmlToJson_v1 was added to the organization carbon.super successfully
07:43:02.853 [docker-java-stream--679690411] INFO  o.w.a.t.CustomAPIMContainer - [customHeader] STDOUT: [2025-05-07 02:13:00,869]  INFO - APIUtil Common operation policy addQueryParam_v1 was added to the organization carbon.super successfully
07:43:02.880 [docker-java-stream--679690411] INFO  o.w.a.t.CustomAPIMContainer - [customHeader] STDOUT: [2025-05-07 02:13:00,896]  INFO - APIUtil Common operation policy modelWeightedRoundRobin_v1 was added to the organization carbon.super successfully
07:43:02.903 [docker-java-stream--679690411] INFO  o.w.a.t.CustomAPIMContainer - [customHeader] STDOUT: [2025-05-07 02:13:00,916]  INFO - APIUtil Common operation policy rewriteResourcePath_v3 was added to the organization carbon.super successfully
07:43:02.927 [docker-java-stream--679690411] INFO  o.w.a.t.CustomAPIMContainer - [customHeader] STDOUT: [2025-05-07 02:13:00,945]  INFO - APIUtil Common operation policy opaPolicy_v1 was added to the organization carbon.super successfully
07:43:02.940 [docker-java-stream--679690411] INFO  o.w.a.t.CustomAPIMContainer - [customHeader] STDOUT: [2025-05-07 02:13:00,957]  INFO - APIUtil Common operation policy addHeader_v2 was added to the organization carbon.super successfully
07:43:02.952 [docker-java-stream--679690411] INFO  o.w.a.t.CustomAPIMContainer - [customHeader] STDOUT: [2025-05-07 02:13:00,969]  INFO - APIUtil Common operation policy debugJsonFault_v1 was added to the organization carbon.super successfully
07:43:02.968 [docker-java-stream--679690411] INFO  o.w.a.t.CustomAPIMContainer - [customHeader] STDOUT: [2025-05-07 02:13:00,978]  INFO - APIUtil Common operation policy regexPolicy_v1 was added to the organization carbon.super successfully
07:43:02.972 [docker-java-stream--679690411] INFO  o.w.a.t.CustomAPIMContainer - [customHeader] STDOUT: [2025-05-07 02:13:00,990]  INFO - APIUtil Common operation policy removeHeader_v1 was added to the organization carbon.super successfully
07:43:02.984 [docker-java-stream--679690411] INFO  o.w.a.t.CustomAPIMContainer - [customHeader] STDOUT: [2025-05-07 02:13:01,000]  INFO - APIUtil Common operation policy setToHeader_v1 was added to the organization carbon.super successfully
07:43:02.999 [docker-java-stream--679690411] INFO  o.w.a.t.CustomAPIMContainer - [customHeader] STDOUT: [2025-05-07 02:13:01,013]  INFO - APIUtil Common operation policy awsOAuth2_v1 was added to the organization carbon.super successfully
07:43:03.015 [docker-java-stream--679690411] INFO  o.w.a.t.CustomAPIMContainer - [customHeader] STDOUT: [2025-05-07 02:13:01,027]  INFO - APIUtil Common operation policy apkMirrorRequest_v1 was added to the organization carbon.super successfully
07:43:03.027 [docker-java-stream--679690411] INFO  o.w.a.t.CustomAPIMContainer - [customHeader] STDOUT: [2025-05-07 02:13:01,041]  INFO - APIUtil Common operation policy modelFailover_v1 was added to the organization carbon.super successfully
07:43:03.037 [docker-java-stream--679690411] INFO  o.w.a.t.CustomAPIMContainer - [customHeader] STDOUT: [2025-05-07 02:13:01,051]  INFO - APIUtil Common operation policy revokeOneTimeToken_v1 was added to the organization carbon.super successfully
07:43:03.043 [docker-java-stream--679690411] INFO  o.w.a.t.CustomAPIMContainer - [customHeader] STDOUT: [2025-05-07 02:13:01,060]  INFO - APIUtil Common operation policy jsonToXML_v1 was added to the organization carbon.super successfully
07:43:03.053 [docker-java-stream--679690411] INFO  o.w.a.t.CustomAPIMContainer - [customHeader] STDOUT: [2025-05-07 02:13:01,070]  INFO - APIUtil Common operation policy apkAddHeader_v1 was added to the organization carbon.super successfully
07:43:03.062 [docker-java-stream--679690411] INFO  o.w.a.t.CustomAPIMContainer - [customHeader] STDOUT: [2025-05-07 02:13:01,078]  INFO - APIUtil Common operation policy apkRedirectRequest_v1 was added to the organization carbon.super successfully
07:43:03.073 [docker-java-stream--679690411] INFO  o.w.a.t.CustomAPIMContainer - [customHeader] STDOUT: [2025-05-07 02:13:01,087]  INFO - APIUtil Common operation policy apkRemoveHeader_v1 was added to the organization carbon.super successfully
07:43:03.080 [docker-java-stream--679690411] INFO  o.w.a.t.CustomAPIMContainer - [customHeader] STDOUT: [2025-05-07 02:13:01,096]  INFO - APIUtil Common operation policy apkCallInterceptorService_v1 was added to the organization carbon.super successfully
07:43:03.090 [docker-java-stream--679690411] INFO  o.w.a.t.CustomAPIMContainer - [customHeader] STDOUT: [2025-05-07 02:13:01,105]  INFO - APIUtil Common operation policy debugRequestFlow_v1 was added to the organization carbon.super successfully
07:43:03.102 [docker-java-stream--679690411] INFO  o.w.a.t.CustomAPIMContainer - [customHeader] STDOUT: [2025-05-07 02:13:01,115]  INFO - APIUtil Common operation policy disableChunking_v1 was added to the organization carbon.super successfully
07:43:03.128 [docker-java-stream--679690411] INFO  o.w.a.t.CustomAPIMContainer - [customHeader] STDOUT: [2025-05-07 02:13:01,144]  INFO - APIUtil Common operation policy jsonValidator_v1 was added to the organization carbon.super successfully
07:43:03.145 [docker-java-stream--679690411] INFO  o.w.a.t.CustomAPIMContainer - [customHeader] STDOUT: [2025-05-07 02:13:01,156]  INFO - APIUtil Common operation policy jwtClaimBasedAccessValidator_v1 was added to the organization carbon.super successfully
07:43:03.150 [docker-java-stream--679690411] INFO  o.w.a.t.CustomAPIMContainer - [customHeader] STDOUT: [2025-05-07 02:13:01,167]  INFO - APIUtil Common operation policy backEndJWT_v1 was added to the organization carbon.super successfully
07:43:03.168 [docker-java-stream--679690411] INFO  o.w.a.t.CustomAPIMContainer - [customHeader] STDOUT: [2025-05-07 02:13:01,180]  INFO - APIUtil Common operation policy jsonFault_v1 was added to the organization carbon.super successfully
07:43:03.173 [docker-java-stream--679690411] INFO  o.w.a.t.CustomAPIMContainer - [customHeader] STDOUT: [2025-05-07 02:13:01,191]  INFO - APIUtil Common operation policy changeHTTPMethod_v1 was added to the organization carbon.super successfully
07:43:03.191 [docker-java-stream--679690411] INFO  o.w.a.t.CustomAPIMContainer - [customHeader] STDOUT: [2025-05-07 02:13:01,201]  INFO - APIUtil Common operation policy preserveAcceptHeader_v1 was added to the organization carbon.super successfully
07:43:03.220 [docker-java-stream--679690411] INFO  o.w.a.t.CustomAPIMContainer - [customHeader] STDOUT: [2025-05-07 02:13:01,212]  INFO - APIUtil Common operation policy applyAcceptHeader_v1 was added to the organization carbon.super successfully
07:43:03.397 [docker-java-stream--679690411] INFO  o.w.a.t.CustomAPIMContainer - [customHeader] STDOUT: [2025-05-07 02:13:01,395]  INFO - JMSConnectionFactory JMS ConnectionFactory : Siddhi-JMS-Consumer initialized
07:43:03.424 [docker-java-stream--679690411] INFO  o.w.a.t.CustomAPIMContainer - [customHeader] STDOUT: [2025-05-07 02:13:01,441]  INFO - ComplianceEvaluationScheduler Initializing Evaluation Request Scheduler...
07:43:04.512 [docker-java-stream--679690411] INFO  o.w.a.t.CustomAPIMContainer - [customHeader] STDOUT: [2025-05-07 02:13:02,527]  INFO - JMSConnectionFactory JMS ConnectionFactory : Siddhi-JMS-Consumer initialized
07:43:04.958 [docker-java-stream--679690411] INFO  o.w.a.t.CustomAPIMContainer - [customHeader] STDOUT: [2025-05-07 02:13:02,976]  INFO - JMSConnectionFactory JMS ConnectionFactory : Siddhi-JMS-Consumer initialized
07:43:05.422 [docker-java-stream--679690411] INFO  o.w.a.t.CustomAPIMContainer - [customHeader] STDOUT: [2025-05-07 02:13:03,439]  INFO - CorrelationConfigDAO Correlation Components [http, jdbc, ldap, synapse, method-calls]
07:43:05.828 [docker-java-stream--679690411] INFO  o.w.a.t.CustomAPIMContainer - [customHeader] STDOUT: [2025-05-07 02:13:03,846]  INFO - OAuthServerConfiguration The default OAuth token issuer will be used. No custom token generator is set.
07:43:05.834 [docker-java-stream--679690411] INFO  o.w.a.t.CustomAPIMContainer - [customHeader] STDOUT: [2025-05-07 02:13:03,849]  INFO - OAuthServerConfiguration An instance of org.wso2.carbon.identity.oauth2.token.OauthTokenIssuerImpl is created for Identity OAuth token generation.
07:43:15.298 [docker-java-stream--679690411] INFO  o.w.a.t.CustomAPIMContainer - [customHeader] STDOUT: [2025-05-07 02:13:13,316]  WARN - IdentityEventServiceComponent Properties for OrganizationCreationHandler is not configured. This event handler will not be activated
07:43:16.329 [docker-java-stream--679690411] INFO  o.w.a.t.CustomAPIMContainer - [customHeader] STDOUT: [2025-05-07 02:13:14,348]  INFO - SessionDataStore Thread pool size for temporary authentication context data delete task: 20
07:43:18.024 [docker-java-stream--679690411] INFO  o.w.a.t.CustomAPIMContainer - [customHeader] STDOUT: [2025-05-07 02:13:16,042]  INFO - CarbonEventManagementService Starting polling event receivers
07:43:38.425 [docker-java-stream--679690411] INFO  o.w.a.t.CustomAPIMContainer - [customHeader] STDOUT: [2025-05-07 02:13:36,370]  INFO - ServiceBusInitializer Starting ESB...
07:43:38.570 [docker-java-stream--679690411] INFO  o.w.a.t.CustomAPIMContainer - [customHeader] STDOUT: [2025-05-07 02:13:36,586]  INFO - ServiceBusInitializer Initializing Apache Synapse...
07:43:38.863 [docker-java-stream--679690411] INFO  o.w.a.t.CustomAPIMContainer - [customHeader] STDOUT: [2025-05-07 02:13:36,860]  INFO - SynapseControllerFactory Using Synapse home : /opt/.
07:43:38.865 [docker-java-stream--679690411] INFO  o.w.a.t.CustomAPIMContainer - [customHeader] STDOUT: [2025-05-07 02:13:36,861]  INFO - SynapseControllerFactory Using synapse.xml location : /opt/././repository/deployment/server/synapse-configs/default
07:43:38.868 [docker-java-stream--679690411] INFO  o.w.a.t.CustomAPIMContainer - [customHeader] STDOUT: [2025-05-07 02:13:36,861]  INFO - SynapseControllerFactory Using server name : localhost
07:43:39.000 [docker-java-stream--679690411] INFO  o.w.a.t.CustomAPIMContainer - [customHeader] STDOUT: [2025-05-07 02:13:36,944]  WARN - AppDeployerServiceComponent Waiting for required OSGi services: org.wso2.carbon.application.deployer.synapse.service.SynapseAppDeployerService,org.wso2.carbon.mediation.initializer.services.SynapseEnvironmentService,
07:43:39.066 [docker-java-stream--679690411] INFO  o.w.a.t.CustomAPIMContainer - [customHeader] STDOUT: [2025-05-07 02:13:37,084]  WARN - StartupFinalizerServiceComponent Waiting for required OSGi services: org.wso2.carbon.application.deployer.service.CappDeploymentService,org.wso2.carbon.server.admin.common.IServerAdmin,org.wso2.carbon.throttling.agent.ThrottlingAgent,
07:43:39.197 [docker-java-stream--679690411] INFO  o.w.a.t.CustomAPIMContainer - [customHeader] STDOUT: [2025-05-07 02:13:37,209]  INFO - SynapseControllerFactory The timeout handler will run every : 15s
07:43:39.459 [docker-java-stream--679690411] INFO  o.w.a.t.CustomAPIMContainer - [customHeader] STDOUT: [2025-05-07 02:13:37,472]  INFO - Axis2SynapseController Initializing Synapse at : Wed May 07 02:13:37 UTC 2025
07:43:40.346 [docker-java-stream--679690411] INFO  o.w.a.t.CustomAPIMContainer - [customHeader] STDOUT: [2025-05-07 02:13:38,350]  INFO - CarbonSynapseController Loading the mediation configuration from the file system
07:43:40.399 [docker-java-stream--679690411] INFO  o.w.a.t.CustomAPIMContainer - [customHeader] STDOUT: [2025-05-07 02:13:38,413]  INFO - MultiXMLConfigurationBuilder Building synapse configuration from the synapse artifact repository at : ././repository/deployment/server/synapse-configs/default
07:43:40.409 [docker-java-stream--679690411] INFO  o.w.a.t.CustomAPIMContainer - [customHeader] STDOUT: [2025-05-07 02:13:38,427]  INFO - XMLConfigurationBuilder Generating the Synapse configuration model by parsing the XML configuration
07:43:46.760 [docker-java-stream--679690411] INFO  o.w.a.t.CustomAPIMContainer - [customHeader] STDOUT: [2025-05-07 02:13:44,766]  INFO - DependencyTracker Sequence : _api_blocked_sequence_ was added to the Synapse configuration successfully
07:43:47.052 [docker-java-stream--679690411] INFO  o.w.a.t.CustomAPIMContainer - [customHeader] STDOUT: [2025-05-07 02:13:45,059]  INFO - DependencyTracker Sequence : _token_fault_ was added to the Synapse configuration successfully
07:43:47.115 [docker-java-stream--679690411] INFO  o.w.a.t.CustomAPIMContainer - [customHeader] STDOUT: [2025-05-07 02:13:45,130]  INFO - DependencyTracker Sequence : _graphql_failure_handler was added to the Synapse configuration successfully
07:43:47.128 [docker-java-stream--679690411] INFO  o.w.a.t.CustomAPIMContainer - [customHeader] STDOUT: [2025-05-07 02:13:45,136]  INFO - DependencyTracker Sequence : _resource_mismatch_handler_ was added to the Synapse configuration successfully
07:43:47.498 [docker-java-stream--679690411] INFO  o.w.a.t.CustomAPIMContainer - [customHeader] STDOUT: [2025-05-07 02:13:45,490]  INFO - DependencyTracker Sequence : dispatchSeq was added to the Synapse configuration successfully
07:43:47.660 [docker-java-stream--679690411] INFO  o.w.a.t.CustomAPIMContainer - [customHeader] STDOUT: [2025-05-07 02:13:45,669]  INFO - DependencyTracker Sequence : _backend_failure_handler_ was added to the Synapse configuration successfully
07:43:47.676 [docker-java-stream--679690411] INFO  o.w.a.t.CustomAPIMContainer - [customHeader] STDOUT: [2025-05-07 02:13:45,672]  INFO - DependencyTracker Sequence : _production_key_error_ was added to the Synapse configuration successfully
07:43:48.116 [docker-java-stream--679690411] INFO  o.w.a.t.CustomAPIMContainer - [customHeader] STDOUT: [2025-05-07 02:13:46,127]  INFO - DependencyTracker Sequence : webhooksFaultSequence was added to the Synapse configuration successfully
07:43:49.070 [docker-java-stream--679690411] INFO  o.w.a.t.CustomAPIMContainer - [customHeader] STDOUT: [2025-05-07 02:13:47,063]  INFO - DependencyTracker Sequence : _opa_policy_failure_handler_ was added to the Synapse configuration successfully
07:43:49.206 [docker-java-stream--679690411] INFO  o.w.a.t.CustomAPIMContainer - [customHeader] STDOUT: [2025-05-07 02:13:47,223]  INFO - DependencyTracker Sequence : _build_ was added to the Synapse configuration successfully
07:43:49.596 [docker-java-stream--679690411] INFO  o.w.a.t.CustomAPIMContainer - [customHeader] STDOUT: [2025-05-07 02:13:47,609]  INFO - DependencyTracker Sequence : _cors_request_handler_ was added to the Synapse configuration successfully
07:43:51.659 [docker-java-stream--679690411] INFO  o.w.a.t.CustomAPIMContainer - [customHeader] STDOUT: [2025-05-07 02:13:49,676]  INFO - DependencyTracker Sequence : _threat_fault_ was added to the Synapse configuration successfully
07:43:51.719 [docker-java-stream--679690411] INFO  o.w.a.t.CustomAPIMContainer - [customHeader] STDOUT: [2025-05-07 02:13:49,733]  INFO - DependencyTracker Sequence : fault was added to the Synapse configuration successfully
07:43:51.734 [docker-java-stream--679690411] INFO  o.w.a.t.CustomAPIMContainer - [customHeader] STDOUT: [2025-05-07 02:13:49,736]  INFO - DependencyTracker Sequence : _sandbox_key_error_ was added to the Synapse configuration successfully
07:43:51.898 [docker-java-stream--679690411] INFO  o.w.a.t.CustomAPIMContainer - [customHeader] STDOUT: [2025-05-07 02:13:49,913]  INFO - DependencyTracker Sequence : main was added to the Synapse configuration successfully
07:43:51.913 [docker-java-stream--679690411] INFO  o.w.a.t.CustomAPIMContainer - [customHeader] STDOUT: [2025-05-07 02:13:49,915]  INFO - DependencyTracker Sequence : outDispatchSeq was added to the Synapse configuration successfully
07:43:51.993 [docker-java-stream--679690411] INFO  o.w.a.t.CustomAPIMContainer - [customHeader] STDOUT: [2025-05-07 02:13:50,008]  INFO - DependencyTracker Sequence : _throttle_out_handler_ was added to the Synapse configuration successfully
07:43:52.060 [docker-java-stream--679690411] INFO  o.w.a.t.CustomAPIMContainer - [customHeader] STDOUT: [2025-05-07 02:13:50,073]  INFO - DependencyTracker Sequence : _auth_failure_handler_ was added to the Synapse configuration successfully
07:43:52.092 [docker-java-stream--679690411] INFO  o.w.a.t.CustomAPIMContainer - [customHeader] STDOUT: [2025-05-07 02:13:50,102]  INFO - DependencyTracker Inbound Endpoint : SecureWebhookServer was added to the Synapse configuration successfully
07:43:52.118 [docker-java-stream--679690411] INFO  o.w.a.t.CustomAPIMContainer - [customHeader] STDOUT: [2025-05-07 02:13:50,113]  INFO - DependencyTracker Inbound Endpoint : SecureWebSocketEP was added to the Synapse configuration successfully
07:43:52.218 [docker-java-stream--679690411] INFO  o.w.a.t.CustomAPIMContainer - [customHeader] STDOUT: [2025-05-07 02:13:50,117]  INFO - DependencyTracker Inbound Endpoint : WebSocketInboundEndpoint was added to the Synapse configuration successfully
07:43:52.255 [docker-java-stream--679690411] INFO  o.w.a.t.CustomAPIMContainer - [customHeader] STDOUT: [2025-05-07 02:13:50,119]  INFO - DependencyTracker Inbound Endpoint : WebhookServer was added to the Synapse configuration successfully
07:43:52.256 [docker-java-stream--679690411] INFO  o.w.a.t.CustomAPIMContainer - [customHeader] STDOUT: [2025-05-07 02:13:50,120]  INFO - SynapseConfigurationBuilder Loaded Synapse configuration from the artifact repository at : ././repository/deployment/server/synapse-configs/default
07:43:52.263 [docker-java-stream--679690411] INFO  o.w.a.t.CustomAPIMContainer - [customHeader] STDOUT: [2025-05-07 02:13:50,199]  INFO - DependencyTracker Local entry : SERVER_HOST was added to the Synapse configuration successfully
07:43:52.272 [docker-java-stream--679690411] INFO  o.w.a.t.CustomAPIMContainer - [customHeader] STDOUT: [2025-05-07 02:13:50,200]  INFO - DependencyTracker Local entry : SERVER_IP was added to the Synapse configuration successfully
07:43:53.193 [docker-java-stream--679690411] INFO  o.w.a.t.CustomAPIMContainer - [customHeader] STDOUT: [2025-05-07 02:13:51,201]  INFO - Axis2SynapseController Loading mediator extensions...
07:43:54.505 [docker-java-stream--679690411] INFO  o.w.a.t.CustomAPIMContainer - [customHeader] STDOUT: [2025-05-07 02:13:52,518]  INFO - DeploymentInterceptor Deploying Axis2 service: echo {super-tenant}
07:43:54.630 [docker-java-stream--679690411] INFO  o.w.a.t.CustomAPIMContainer - [customHeader] STDOUT: [2025-05-07 02:13:52,642]  INFO - DeploymentInterceptor Deploying Axis2 service: Version {super-tenant}
07:43:54.698 [docker-java-stream--679690411] INFO  o.w.a.t.CustomAPIMContainer - [customHeader] STDOUT: [2025-05-07 02:13:52,706]  INFO - EventPublisherDeployer Event Publisher deployment held back and in inactive state :EmailPublisher.xml, Stream validation exception : Stream id_gov_notify_stream:1.0.0 does not exist
07:43:54.710 [docker-java-stream--679690411] INFO  o.w.a.t.CustomAPIMContainer - [customHeader] STDOUT: [2025-05-07 02:13:52,715]  INFO - EventPublisherDeployer Event Publisher deployment held back and in inactive state :HTTP-recommendationEventPublisher.xml, Stream validation exception : Stream org.wso2.apimgt.recommendation.event.stream:1.0.0 does not exist
07:43:54.740 [docker-java-stream--679690411] INFO  o.w.a.t.CustomAPIMContainer - [customHeader] STDOUT: [2025-05-07 02:13:52,720]  INFO - EventPublisherDeployer Event Publisher deployment held back and in inactive state :asyncWebhooksEventPublisher.xml, Stream validation exception : Stream org.wso2.apimgt.webhooks.request.stream:1.0.0 does not exist
07:43:54.754 [docker-java-stream--679690411] INFO  o.w.a.t.CustomAPIMContainer - [customHeader] STDOUT: [2025-05-07 02:13:52,727]  INFO - EventPublisherDeployer Event Publisher deployment held back and in inactive state :asyncWebhooksEventPublisher2.xml, Stream validation exception : Stream org.wso2.apimgt.webhooks.request.stream:1.0.0 does not exist
07:43:54.817 [docker-java-stream--679690411] INFO  o.w.a.t.CustomAPIMContainer - [customHeader] STDOUT: [2025-05-07 02:13:52,731]  INFO - EventPublisherDeployer Event Publisher deployment held back and in inactive state :asyncWebhooksEventPublisher_1.0.0.xml, Stream validation exception : Stream org.wso2.apimgt.webhooks.request.stream:1.0.0 does not exist
07:43:55.031 [docker-java-stream--679690411] INFO  o.w.a.t.CustomAPIMContainer - [customHeader] STDOUT: [2025-05-07 02:13:53,045]  INFO - EventPublisherDeployer Event Publisher deployment held back and in inactive state :asyncWebhooksEventPublisher_1.0.0_2.xml, Stream validation exception : Stream org.wso2.apimgt.webhooks.request.stream:1.0.0 does not exist
07:43:55.040 [docker-java-stream--679690411] INFO  o.w.a.t.CustomAPIMContainer - [customHeader] STDOUT: [2025-05-07 02:13:53,049]  INFO - EventPublisherDeployer Event Publisher deployment held back and in inactive state :blockingEventJMSPublisher.xml, Stream validation exception : Stream org.wso2.blocking.request.stream:1.0.0 does not exist
07:43:55.049 [docker-java-stream--679690411] INFO  o.w.a.t.CustomAPIMContainer - [customHeader] STDOUT: [2025-05-07 02:13:53,053]  INFO - EventPublisherDeployer Event Publisher deployment held back and in inactive state :cacheInvalidationEventJMSPublisher.xml, Stream validation exception : Stream org.wso2.apimgt.cache.invalidation.stream:1.0.0 does not exist
07:43:55.077 [docker-java-stream--679690411] INFO  o.w.a.t.CustomAPIMContainer - [customHeader] STDOUT: [2025-05-07 02:13:53,083]  INFO - EventPublisherDeployer Event Publisher deployment held back and in inactive state :globalCacheInvalidationJMSPublisher.xml, Stream validation exception : Stream cache.invalidation.stream:1.0.0 does not exist
07:43:55.123 [docker-java-stream--679690411] INFO  o.w.a.t.CustomAPIMContainer - [customHeader] STDOUT: [2025-05-07 02:13:53,122]  INFO - EventPublisherDeployer Event Publisher deployment held back and in inactive state :jmsEventPublisher.xml, Stream validation exception : Stream org.wso2.throttle.globalThrottle.stream:1.0.0 does not exist
07:43:55.216 [docker-java-stream--679690411] INFO  o.w.a.t.CustomAPIMContainer - [customHeader] STDOUT: [2025-05-07 02:13:53,231]  INFO - EventPublisherDeployer Event Publisher deployment held back and in inactive state :jmsEventPublisher2.xml, Stream validation exception : Stream org.wso2.throttle.globalThrottle.stream:1.0.0 does not exist
07:43:55.262 [docker-java-stream--679690411] INFO  o.w.a.t.CustomAPIMContainer - [customHeader] STDOUT: [2025-05-07 02:13:53,278]  INFO - EventPublisherDeployer Event Publisher deployment held back and in inactive state :jmsEventPublisher_1.10.0.xml, Stream validation exception : Stream org.wso2.throttle.globalThrottle.stream:1.1.0 does not exist
07:43:55.312 [docker-java-stream--679690411] INFO  o.w.a.t.CustomAPIMContainer - [customHeader] STDOUT: [2025-05-07 02:13:53,332]  INFO - EventPublisherDeployer Event Publisher deployment held back and in inactive state :jmsEventPublisher_1.10.0_2.xml, Stream validation exception : Stream org.wso2.throttle.globalThrottle.stream:1.1.0 does not exist
07:43:55.377 [docker-java-stream--679690411] INFO  o.w.a.t.CustomAPIMContainer - [customHeader] STDOUT: [2025-05-07 02:13:53,391]  INFO - EventPublisherDeployer Event Publisher deployment held back and in inactive state :keymgtEventJMSEventPublisher.xml, Stream validation exception : Stream org.wso2.apimgt.keymgt.stream:1.0.0 does not exist
07:43:55.470 [docker-java-stream--679690411] INFO  o.w.a.t.CustomAPIMContainer - [customHeader] STDOUT: [2025-05-07 02:13:53,471]  INFO - EventPublisherDeployer Event Publisher deployment held back and in inactive state :notificationEventJMSPublisher.xml, Stream validation exception : Stream org.wso2.apimgt.notification.stream:1.0.0 does not exist
07:43:55.490 [docker-java-stream--679690411] INFO  o.w.a.t.CustomAPIMContainer - [customHeader] STDOUT: [2025-05-07 02:13:53,506]  INFO - EventPublisherDeployer Event Publisher deployment held back and in inactive state :tokenRevokeEventJMSPublisher.xml, Stream validation exception : Stream org.wso2.apimgt.token.revocation.stream:1.0.0 does not exist
07:43:55.558 [docker-java-stream--679690411] INFO  o.w.a.t.CustomAPIMContainer - [customHeader] STDOUT: [2025-05-07 02:13:53,577]  INFO - EventPublisherDeployer Event Publisher deployment held back and in inactive state :tokenRevokeEventJMSPublisher_2.xml, Stream validation exception : Stream org.wso2.apimgt.token.revocation.stream:1.0.0 does not exist
07:43:55.987 [docker-java-stream--679690411] INFO  o.w.a.t.CustomAPIMContainer - [customHeader] STDOUT: [2025-05-07 02:13:54,001]  INFO - EventReceiverDeployer Event receiver deployment held back and in inactive state: blockingWso2EventReceiver.xml, Stream validation exception: Stream org.wso2.blocking.request.stream:1.0.0 does not exist
07:43:56.012 [docker-java-stream--679690411] INFO  o.w.a.t.CustomAPIMContainer - [customHeader] STDOUT: [2025-05-07 02:13:54,026]  INFO - EventReceiverDeployer Event receiver deployment held back and in inactive state: cacheInvalidationRequestReceiver.xml, Stream validation exception: Stream cache.invalidation.stream:1.0.0 does not exist
07:43:56.042 [docker-java-stream--679690411] INFO  o.w.a.t.CustomAPIMContainer - [customHeader] STDOUT: [2025-05-07 02:13:54,058]  INFO - EventReceiverDeployer Event receiver deployment held back and in inactive state: cacheInvalidationWso2EventReceiver.xml, Stream validation exception: Stream org.wso2.apimgt.cache.invalidation.stream:1.0.0 does not exist
07:43:56.062 [docker-java-stream--679690411] INFO  o.w.a.t.CustomAPIMContainer - [customHeader] STDOUT: [2025-05-07 02:13:54,081]  INFO - EventReceiverDeployer Event receiver deployment held back and in inactive state: keyMgtWso2EventReceiver.xml, Stream validation exception: Stream org.wso2.apimgt.keymgt.stream:1.0.0 does not exist
07:43:56.082 [docker-java-stream--679690411] INFO  o.w.a.t.CustomAPIMContainer - [customHeader] STDOUT: [2025-05-07 02:13:54,101]  INFO - EventReceiverDeployer Event receiver deployment held back and in inactive state: notificationsWSO2EventReceiver.xml, Stream validation exception: Stream org.wso2.apimgt.notification.stream:1.0.0 does not exist
07:43:56.112 [docker-java-stream--679690411] INFO  o.w.a.t.CustomAPIMContainer - [customHeader] STDOUT: [2025-05-07 02:13:54,129]  INFO - EventReceiverDeployer Event receiver deployment held back and in inactive state: recommendationWso2EventReceiver.xml, Stream validation exception: Stream org.wso2.apimgt.recommendation.event.stream:1.0.0 does not exist
07:43:56.169 [docker-java-stream--679690411] INFO  o.w.a.t.CustomAPIMContainer - [customHeader] STDOUT: [2025-05-07 02:13:54,182]  INFO - EventReceiverDeployer Event receiver deployment held back and in inactive state: throttleEventReceiver.xml, Stream validation exception: Stream org.wso2.throttle.request.stream:1.0.0 does not exist
07:43:56.200 [docker-java-stream--679690411] INFO  o.w.a.t.CustomAPIMContainer - [customHeader] STDOUT: [2025-05-07 02:13:54,216]  INFO - EventReceiverDeployer Event receiver deployment held back and in inactive state: throttleWSO2EventReceiver.xml, Stream validation exception: Stream org.wso2.throttle.request.stream:1.0.0 does not exist
07:43:56.211 [docker-java-stream--679690411] INFO  o.w.a.t.CustomAPIMContainer - [customHeader] STDOUT: [2025-05-07 02:13:54,229]  INFO - EventReceiverDeployer Event receiver deployment held back and in inactive state: tokenRevocationWso2EventReceiver.xml, Stream validation exception: Stream org.wso2.apimgt.token.revocation.stream:1.0.0 does not exist
07:43:58.371 [docker-java-stream--679690411] INFO  o.w.a.t.CustomAPIMContainer - [customHeader] STDOUT: [2025-05-07 02:13:56,312]  INFO - EventPublisherDeployer Event Publisher undeployed successfully : globalCacheInvalidationJMSPublisher.xml
07:43:58.376 [docker-java-stream--679690411] INFO  o.w.a.t.CustomAPIMContainer - [customHeader] STDOUT: [2025-05-07 02:13:56,390]  INFO - EventJunction WSO2EventConsumer added to the junction. Stream:cache.invalidation.stream:1.0.0
07:43:58.687 [docker-java-stream--679690411] INFO  o.w.a.t.CustomAPIMContainer - [customHeader] STDOUT: [2025-05-07 02:13:56,703]  INFO - EventPublisherDeployer Event Publisher configuration successfully deployed and in active state : globalCacheInvalidationJMSPublisher
07:43:58.823 [docker-java-stream--679690411] INFO  o.w.a.t.CustomAPIMContainer - [customHeader] STDOUT: [2025-05-07 02:13:56,841]  INFO - EventReceiverDeployer Event Receiver undeployed successfully: cacheInvalidationRequestReceiver.xml
07:43:58.913 [docker-java-stream--679690411] INFO  o.w.a.t.CustomAPIMContainer - [customHeader] STDOUT: [2025-05-07 02:13:56,933]  INFO - InputAdapterRuntime Connecting receiver cacheInvalidationRequestReceiver
07:43:58.941 [docker-java-stream--679690411] INFO  o.w.a.t.CustomAPIMContainer - [customHeader] STDOUT: [2025-05-07 02:13:56,955]  INFO - EventJunction Producer added to the junction. Stream:cache.invalidation.stream:1.0.0
07:43:58.958 [docker-java-stream--679690411] INFO  o.w.a.t.CustomAPIMContainer - [customHeader] STDOUT: [2025-05-07 02:13:56,967]  INFO - EventReceiverDeployer Event Receiver configuration successfully deployed and in active state: cacheInvalidationRequestReceiver
07:43:58.971 [docker-java-stream--679690411] INFO  o.w.a.t.CustomAPIMContainer - [customHeader] STDOUT: [2025-05-07 02:13:56,968]  INFO - EventStreamDeployer Stream definition is deployed successfully  : cache.invalidation.stream:1.0.0
07:43:58.988 [docker-java-stream--679690411] INFO  o.w.a.t.CustomAPIMContainer - [customHeader] STDOUT: [2025-05-07 02:13:56,972]  INFO - EventPublisherDeployer Event Publisher undeployed successfully : EmailPublisher.xml
07:43:59.184 [docker-java-stream--679690411] INFO  o.w.a.t.CustomAPIMContainer - [customHeader] STDOUT: [2025-05-07 02:13:57,201]  INFO - EventJunction WSO2EventConsumer added to the junction. Stream:id_gov_notify_stream:1.0.0
07:43:59.717 [docker-java-stream--679690411] INFO  o.w.a.t.CustomAPIMContainer - [customHeader] STDOUT: [2025-05-07 02:13:57,713]  INFO - EventPublisherDeployer Event Publisher configuration successfully deployed and in active state : EmailPublisher
07:43:59.717 [docker-java-stream--679690411] INFO  o.w.a.t.CustomAPIMContainer - [customHeader] STDOUT: [2025-05-07 02:13:57,714]  INFO - EventStreamDeployer Stream definition is deployed successfully  : id_gov_notify_stream:1.0.0
07:43:59.758 [docker-java-stream--679690411] INFO  o.w.a.t.CustomAPIMContainer - [customHeader] STDOUT: [2025-05-07 02:13:57,754]  INFO - EventPublisherDeployer Event Publisher undeployed successfully : cacheInvalidationEventJMSPublisher.xml
07:44:00.095 [docker-java-stream--679690411] INFO  o.w.a.t.CustomAPIMContainer - [customHeader] STDOUT: [2025-05-07 02:13:57,868]  INFO - EventJunction WSO2EventConsumer added to the junction. Stream:org.wso2.apimgt.cache.invalidation.stream:1.0.0
07:44:00.096 [docker-java-stream--679690411] INFO  o.w.a.t.CustomAPIMContainer - [customHeader] STDOUT: [2025-05-07 02:13:57,868]  INFO - EventPublisherDeployer Event Publisher configuration successfully deployed and in active state : cacheInvalidationJMSPublisher
07:44:00.097 [docker-java-stream--679690411] INFO  o.w.a.t.CustomAPIMContainer - [customHeader] STDOUT: [2025-05-07 02:13:57,869]  INFO - EventReceiverDeployer Event Receiver undeployed successfully: cacheInvalidationWso2EventReceiver.xml
07:44:00.097 [docker-java-stream--679690411] INFO  o.w.a.t.CustomAPIMContainer - [customHeader] STDOUT: [2025-05-07 02:13:57,872]  INFO - InputAdapterRuntime Connecting receiver cacheInvalidationWso2EventReceiver
07:44:00.097 [docker-java-stream--679690411] INFO  o.w.a.t.CustomAPIMContainer - [customHeader] STDOUT: [2025-05-07 02:13:57,872]  INFO - EventJunction Producer added to the junction. Stream:org.wso2.apimgt.cache.invalidation.stream:1.0.0
07:44:00.204 [docker-java-stream--679690411] INFO  o.w.a.t.CustomAPIMContainer - [customHeader] STDOUT: [2025-05-07 02:13:57,873]  INFO - EventReceiverDeployer Event Receiver configuration successfully deployed and in active state: cacheInvalidationWso2EventReceiver
07:44:00.208 [docker-java-stream--679690411] INFO  o.w.a.t.CustomAPIMContainer - [customHeader] STDOUT: [2025-05-07 02:13:57,873]  INFO - EventStreamDeployer Stream definition is deployed successfully  : org.wso2.apimgt.cache.invalidation.stream:1.0.0
07:44:00.211 [docker-java-stream--679690411] INFO  o.w.a.t.CustomAPIMContainer - [customHeader] STDOUT: [2025-05-07 02:13:57,890]  INFO - EventPublisherDeployer Event Publisher undeployed successfully : keymgtEventJMSEventPublisher.xml
07:44:00.212 [docker-java-stream--679690411] INFO  o.w.a.t.CustomAPIMContainer - [customHeader] STDOUT: [2025-05-07 02:13:57,894]  INFO - EventJunction WSO2EventConsumer added to the junction. Stream:org.wso2.apimgt.keymgt.stream:1.0.0
07:44:00.212 [docker-java-stream--679690411] INFO  o.w.a.t.CustomAPIMContainer - [customHeader] STDOUT: [2025-05-07 02:13:57,894]  INFO - EventPublisherDeployer Event Publisher configuration successfully deployed and in active state : keymgtEventJMSEventPublisher
07:44:00.212 [docker-java-stream--679690411] INFO  o.w.a.t.CustomAPIMContainer - [customHeader] STDOUT: [2025-05-07 02:13:57,894]  INFO - EventReceiverDeployer Event Receiver undeployed successfully: keyMgtWso2EventReceiver.xml
07:44:00.213 [docker-java-stream--679690411] INFO  o.w.a.t.CustomAPIMContainer - [customHeader] STDOUT: [2025-05-07 02:13:57,898]  INFO - InputAdapterRuntime Connecting receiver keyMgtWso2EventReceiver
07:44:00.213 [docker-java-stream--679690411] INFO  o.w.a.t.CustomAPIMContainer - [customHeader] STDOUT: [2025-05-07 02:13:57,898]  INFO - EventJunction Producer added to the junction. Stream:org.wso2.apimgt.keymgt.stream:1.0.0
07:44:00.213 [docker-java-stream--679690411] INFO  o.w.a.t.CustomAPIMContainer - [customHeader] STDOUT: [2025-05-07 02:13:57,898]  INFO - EventReceiverDeployer Event Receiver configuration successfully deployed and in active state: keyMgtWso2EventReceiver
07:44:00.214 [docker-java-stream--679690411] INFO  o.w.a.t.CustomAPIMContainer - [customHeader] STDOUT: [2025-05-07 02:13:57,898]  INFO - EventStreamDeployer Stream definition is deployed successfully  : org.wso2.apimgt.keymgt.stream:1.0.0
07:44:00.214 [docker-java-stream--679690411] INFO  o.w.a.t.CustomAPIMContainer - [customHeader] STDOUT: [2025-05-07 02:13:57,901]  INFO - EventPublisherDeployer Event Publisher undeployed successfully : notificationEventJMSPublisher.xml
07:44:00.221 [docker-java-stream--679690411] INFO  o.w.a.t.CustomAPIMContainer - [customHeader] STDOUT: [2025-05-07 02:13:57,905]  INFO - EventJunction WSO2EventConsumer added to the junction. Stream:org.wso2.apimgt.notification.stream:1.0.0
07:44:00.222 [docker-java-stream--679690411] INFO  o.w.a.t.CustomAPIMContainer - [customHeader] STDOUT: [2025-05-07 02:13:57,905]  INFO - EventPublisherDeployer Event Publisher configuration successfully deployed and in active state : notificationJMSPublisher
07:44:00.229 [docker-java-stream--679690411] INFO  o.w.a.t.CustomAPIMContainer - [customHeader] STDOUT: [2025-05-07 02:13:57,906]  INFO - EventReceiverDeployer Event Receiver undeployed successfully: notificationsWSO2EventReceiver.xml
07:44:00.229 [docker-java-stream--679690411] INFO  o.w.a.t.CustomAPIMContainer - [customHeader] STDOUT: [2025-05-07 02:13:57,910]  INFO - InputAdapterRuntime Connecting receiver notificationsWSO2EventReceiver
07:44:00.230 [docker-java-stream--679690411] INFO  o.w.a.t.CustomAPIMContainer - [customHeader] STDOUT: [2025-05-07 02:13:57,910]  INFO - EventJunction Producer added to the junction. Stream:org.wso2.apimgt.notification.stream:1.0.0
07:44:00.230 [docker-java-stream--679690411] INFO  o.w.a.t.CustomAPIMContainer - [customHeader] STDOUT: [2025-05-07 02:13:57,911]  INFO - EventReceiverDeployer Event Receiver configuration successfully deployed and in active state: notificationsWSO2EventReceiver
07:44:00.230 [docker-java-stream--679690411] INFO  o.w.a.t.CustomAPIMContainer - [customHeader] STDOUT: [2025-05-07 02:13:57,911]  INFO - EventStreamDeployer Stream definition is deployed successfully  : org.wso2.apimgt.notification.stream:1.0.0
07:44:00.230 [docker-java-stream--679690411] INFO  o.w.a.t.CustomAPIMContainer - [customHeader] STDOUT: [2025-05-07 02:13:57,913]  INFO - EventPublisherDeployer Event Publisher undeployed successfully : HTTP-recommendationEventPublisher.xml
07:44:00.231 [docker-java-stream--679690411] INFO  o.w.a.t.CustomAPIMContainer - [customHeader] STDOUT: [2025-05-07 02:13:57,917]  INFO - EventJunction WSO2EventConsumer added to the junction. Stream:org.wso2.apimgt.recommendation.event.stream:1.0.0
07:44:00.231 [docker-java-stream--679690411] INFO  o.w.a.t.CustomAPIMContainer - [customHeader] STDOUT: [2025-05-07 02:13:57,923]  INFO - EventPublisherDeployer Event Publisher configuration successfully deployed and in active state : HTTP-recommendationEventPublisher
07:44:00.231 [docker-java-stream--679690411] INFO  o.w.a.t.CustomAPIMContainer - [customHeader] STDOUT: [2025-05-07 02:13:57,923]  INFO - EventReceiverDeployer Event Receiver undeployed successfully: recommendationWso2EventReceiver.xml
07:44:00.232 [docker-java-stream--679690411] INFO  o.w.a.t.CustomAPIMContainer - [customHeader] STDOUT: [2025-05-07 02:13:57,927]  INFO - InputAdapterRuntime Connecting receiver recommendationWso2EventReceiver
07:44:00.232 [docker-java-stream--679690411] INFO  o.w.a.t.CustomAPIMContainer - [customHeader] STDOUT: [2025-05-07 02:13:57,927]  INFO - EventJunction Producer added to the junction. Stream:org.wso2.apimgt.recommendation.event.stream:1.0.0
07:44:00.237 [docker-java-stream--679690411] INFO  o.w.a.t.CustomAPIMContainer - [customHeader] STDOUT: [2025-05-07 02:13:57,927]  INFO - EventReceiverDeployer Event Receiver configuration successfully deployed and in active state: recommendationWso2EventReceiver
07:44:00.238 [docker-java-stream--679690411] INFO  o.w.a.t.CustomAPIMContainer - [customHeader] STDOUT: [2025-05-07 02:13:57,928]  INFO - EventStreamDeployer Stream definition is deployed successfully  : org.wso2.apimgt.recommendation.event.stream:1.0.0
07:44:00.238 [docker-java-stream--679690411] INFO  o.w.a.t.CustomAPIMContainer - [customHeader] STDOUT: [2025-05-07 02:13:57,931]  INFO - EventPublisherDeployer Event Publisher undeployed successfully : tokenRevokeEventJMSPublisher.xml
07:44:00.239 [docker-java-stream--679690411] INFO  o.w.a.t.CustomAPIMContainer - [customHeader] STDOUT: [2025-05-07 02:13:57,935]  INFO - EventJunction WSO2EventConsumer added to the junction. Stream:org.wso2.apimgt.token.revocation.stream:1.0.0
07:44:00.239 [docker-java-stream--679690411] INFO  o.w.a.t.CustomAPIMContainer - [customHeader] STDOUT: [2025-05-07 02:13:57,936]  INFO - EventPublisherDeployer Event Publisher configuration successfully deployed and in active state : tokenRevocationJMSPublisher
07:44:00.239 [docker-java-stream--679690411] INFO  o.w.a.t.CustomAPIMContainer - [customHeader] STDOUT: [2025-05-07 02:13:57,936]  INFO - EventPublisherDeployer Event Publisher undeployed successfully : tokenRevokeEventJMSPublisher_2.xml
07:44:00.239 [docker-java-stream--679690411] INFO  o.w.a.t.CustomAPIMContainer - [customHeader] STDOUT: [2025-05-07 02:13:57,940]  INFO - EventJunction WSO2EventConsumer added to the junction. Stream:org.wso2.apimgt.token.revocation.stream:1.0.0
07:44:00.240 [docker-java-stream--679690411] INFO  o.w.a.t.CustomAPIMContainer - [customHeader] STDOUT: [2025-05-07 02:13:57,940]  INFO - EventPublisherDeployer Event Publisher configuration successfully deployed and in active state : tokenRevocationJMSPublisher2
07:44:00.240 [docker-java-stream--679690411] INFO  o.w.a.t.CustomAPIMContainer - [customHeader] STDOUT: [2025-05-07 02:13:57,941]  INFO - EventReceiverDeployer Event Receiver undeployed successfully: tokenRevocationWso2EventReceiver.xml
07:44:00.240 [docker-java-stream--679690411] INFO  o.w.a.t.CustomAPIMContainer - [customHeader] STDOUT: [2025-05-07 02:13:57,944]  INFO - InputAdapterRuntime Connecting receiver tokenRevocationWso2EventReceiver
07:44:00.240 [docker-java-stream--679690411] INFO  o.w.a.t.CustomAPIMContainer - [customHeader] STDOUT: [2025-05-07 02:13:57,944]  INFO - EventJunction Producer added to the junction. Stream:org.wso2.apimgt.token.revocation.stream:1.0.0
07:44:00.241 [docker-java-stream--679690411] INFO  o.w.a.t.CustomAPIMContainer - [customHeader] STDOUT: [2025-05-07 02:13:57,944]  INFO - EventReceiverDeployer Event Receiver configuration successfully deployed and in active state: tokenRevocationWso2EventReceiver
07:44:00.250 [docker-java-stream--679690411] INFO  o.w.a.t.CustomAPIMContainer - [customHeader] STDOUT: [2025-05-07 02:13:57,944]  INFO - EventStreamDeployer Stream definition is deployed successfully  : org.wso2.apimgt.token.revocation.stream:1.0.0
07:44:00.251 [docker-java-stream--679690411] INFO  o.w.a.t.CustomAPIMContainer - [customHeader] STDOUT: [2025-05-07 02:13:57,951]  INFO - EventPublisherDeployer Event Publisher undeployed successfully : asyncWebhooksEventPublisher.xml
07:44:00.251 [docker-java-stream--679690411] INFO  o.w.a.t.CustomAPIMContainer - [customHeader] STDOUT: [2025-05-07 02:13:57,955]  INFO - EventJunction WSO2EventConsumer added to the junction. Stream:org.wso2.apimgt.webhooks.request.stream:1.0.0
07:44:00.251 [docker-java-stream--679690411] INFO  o.w.a.t.CustomAPIMContainer - [customHeader] STDOUT: [2025-05-07 02:13:57,956]  INFO - EventPublisherDeployer Event Publisher configuration successfully deployed and in active state : asyncWebhooksEventPublisher
07:44:00.251 [docker-java-stream--679690411] INFO  o.w.a.t.CustomAPIMContainer - [customHeader] STDOUT: [2025-05-07 02:13:57,956]  INFO - EventPublisherDeployer Event Publisher undeployed successfully : asyncWebhooksEventPublisher2.xml
07:44:00.252 [docker-java-stream--679690411] INFO  o.w.a.t.CustomAPIMContainer - [customHeader] STDOUT: [2025-05-07 02:13:57,960]  INFO - EventJunction WSO2EventConsumer added to the junction. Stream:org.wso2.apimgt.webhooks.request.stream:1.0.0
07:44:00.252 [docker-java-stream--679690411] INFO  o.w.a.t.CustomAPIMContainer - [customHeader] STDOUT: [2025-05-07 02:13:57,961]  INFO - EventPublisherDeployer Event Publisher configuration successfully deployed and in active state : asyncWebhooksEventPublisher2
07:44:00.252 [docker-java-stream--679690411] INFO  o.w.a.t.CustomAPIMContainer - [customHeader] STDOUT: [2025-05-07 02:13:57,961]  INFO - EventPublisherDeployer Event Publisher undeployed successfully : asyncWebhooksEventPublisher_1.0.0.xml
07:44:00.252 [docker-java-stream--679690411] INFO  o.w.a.t.CustomAPIMContainer - [customHeader] STDOUT: [2025-05-07 02:13:57,965]  INFO - EventJunction WSO2EventConsumer added to the junction. Stream:org.wso2.apimgt.webhooks.request.stream:1.0.0
07:44:00.253 [docker-java-stream--679690411] INFO  o.w.a.t.CustomAPIMContainer - [customHeader] STDOUT: [2025-05-07 02:13:57,966]  INFO - EventPublisherDeployer Event Publisher configuration successfully deployed and in active state : asyncWebhooksEventPublisher-1.0.0
07:44:00.253 [docker-java-stream--679690411] INFO  o.w.a.t.CustomAPIMContainer - [customHeader] STDOUT: [2025-05-07 02:13:57,966]  INFO - EventPublisherDeployer Event Publisher undeployed successfully : asyncWebhooksEventPublisher_1.0.0_2.xml
07:44:00.253 [docker-java-stream--679690411] INFO  o.w.a.t.CustomAPIMContainer - [customHeader] STDOUT: [2025-05-07 02:13:57,970]  INFO - EventJunction WSO2EventConsumer added to the junction. Stream:org.wso2.apimgt.webhooks.request.stream:1.0.0
07:44:00.255 [docker-java-stream--679690411] INFO  o.w.a.t.CustomAPIMContainer - [customHeader] STDOUT: [2025-05-07 02:13:57,971]  INFO - EventPublisherDeployer Event Publisher configuration successfully deployed and in active state : asyncWebhooksEventPublisher-1.0.0-2
07:44:00.256 [docker-java-stream--679690411] INFO  o.w.a.t.CustomAPIMContainer - [customHeader] STDOUT: [2025-05-07 02:13:57,971]  INFO - EventStreamDeployer Stream definition is deployed successfully  : org.wso2.apimgt.webhooks.request.stream:1.0.0
07:44:00.256 [docker-java-stream--679690411] INFO  o.w.a.t.CustomAPIMContainer - [customHeader] STDOUT: [2025-05-07 02:13:57,975]  INFO - EventPublisherDeployer Event Publisher undeployed successfully : blockingEventJMSPublisher.xml
07:44:00.256 [docker-java-stream--679690411] INFO  o.w.a.t.CustomAPIMContainer - [customHeader] STDOUT: [2025-05-07 02:13:57,979]  INFO - EventJunction WSO2EventConsumer added to the junction. Stream:org.wso2.blocking.request.stream:1.0.0
07:44:00.257 [docker-java-stream--679690411] INFO  o.w.a.t.CustomAPIMContainer - [customHeader] STDOUT: [2025-05-07 02:13:57,980]  INFO - EventPublisherDeployer Event Publisher configuration successfully deployed and in active state : blockingEventJMSPublisher
07:44:00.257 [docker-java-stream--679690411] INFO  o.w.a.t.CustomAPIMContainer - [customHeader] STDOUT: [2025-05-07 02:13:57,980]  INFO - EventReceiverDeployer Event Receiver undeployed successfully: blockingWso2EventReceiver.xml
07:44:00.257 [docker-java-stream--679690411] INFO  o.w.a.t.CustomAPIMContainer - [customHeader] STDOUT: [2025-05-07 02:13:57,983]  INFO - InputAdapterRuntime Connecting receiver blockingWso2EventReceiver
07:44:00.257 [docker-java-stream--679690411] INFO  o.w.a.t.CustomAPIMContainer - [customHeader] STDOUT: [2025-05-07 02:13:57,983]  INFO - EventJunction Producer added to the junction. Stream:org.wso2.blocking.request.stream:1.0.0
07:44:00.257 [docker-java-stream--679690411] INFO  o.w.a.t.CustomAPIMContainer - [customHeader] STDOUT: [2025-05-07 02:13:57,983]  INFO - EventReceiverDeployer Event Receiver configuration successfully deployed and in active state: blockingWso2EventReceiver
07:44:00.258 [docker-java-stream--679690411] INFO  o.w.a.t.CustomAPIMContainer - [customHeader] STDOUT: [2025-05-07 02:13:57,984]  INFO - EventStreamDeployer Stream definition is deployed successfully  : org.wso2.blocking.request.stream:1.0.0
07:44:00.258 [docker-java-stream--679690411] INFO  o.w.a.t.CustomAPIMContainer - [customHeader] STDOUT: [2025-05-07 02:13:57,987]  INFO - EventStreamDeployer Stream definition is deployed successfully  : org.wso2.botDetectionData.request.stream:1.0.0
07:44:00.258 [docker-java-stream--679690411] INFO  o.w.a.t.CustomAPIMContainer - [customHeader] STDOUT: [2025-05-07 02:13:57,990]  INFO - EventPublisherDeployer Event Publisher undeployed successfully : jmsEventPublisher.xml
07:44:00.259 [docker-java-stream--679690411] INFO  o.w.a.t.CustomAPIMContainer - [customHeader] STDOUT: [2025-05-07 02:13:57,993]  INFO - EventJunction WSO2EventConsumer added to the junction. Stream:org.wso2.throttle.globalThrottle.stream:1.0.0
07:44:00.264 [docker-java-stream--679690411] INFO  o.w.a.t.CustomAPIMContainer - [customHeader] STDOUT: [2025-05-07 02:13:57,994]  INFO - EventPublisherDeployer Event Publisher configuration successfully deployed and in active state : jmsEventPublisher
07:44:00.264 [docker-java-stream--679690411] INFO  o.w.a.t.CustomAPIMContainer - [customHeader] STDOUT: [2025-05-07 02:13:57,994]  INFO - EventPublisherDeployer Event Publisher undeployed successfully : jmsEventPublisher2.xml
07:44:00.264 [docker-java-stream--679690411] INFO  o.w.a.t.CustomAPIMContainer - [customHeader] STDOUT: [2025-05-07 02:13:57,998]  INFO - EventJunction WSO2EventConsumer added to the junction. Stream:org.wso2.throttle.globalThrottle.stream:1.0.0
07:44:00.265 [docker-java-stream--679690411] INFO  o.w.a.t.CustomAPIMContainer - [customHeader] STDOUT: [2025-05-07 02:13:57,999]  INFO - EventPublisherDeployer Event Publisher configuration successfully deployed and in active state : jmsEventPublisher2
07:44:00.265 [docker-java-stream--679690411] INFO  o.w.a.t.CustomAPIMContainer - [customHeader] STDOUT: [2025-05-07 02:13:58,076]  INFO - EventProcessorDeployer Execution Plan was undeployed successfully : carbon.super_app_10PerMin.siddhiql
07:44:00.265 [docker-java-stream--679690411] INFO  o.w.a.t.CustomAPIMContainer - [customHeader] STDOUT: [2025-05-07 02:13:58,114]  INFO - EventProcessorDeployer Execution Plan was undeployed successfully : carbon.super_app_20PerMin.siddhiql
07:44:00.559 [docker-java-stream--679690411] INFO  o.w.a.t.CustomAPIMContainer - [customHeader] STDOUT: [2025-05-07 02:13:58,566]  INFO - EventProcessorDeployer Execution Plan was undeployed successfully : carbon.super_app_50PerMin.siddhiql
07:44:00.825 [docker-java-stream--679690411] INFO  o.w.a.t.CustomAPIMContainer - [customHeader] STDOUT: [2025-05-07 02:13:58,843]  INFO - EventProcessorDeployer Execution Plan was undeployed successfully : carbon.super_resource_10KPerMin_default.siddhiql
07:44:00.928 [docker-java-stream--679690411] INFO  o.w.a.t.CustomAPIMContainer - [customHeader] STDOUT: [2025-05-07 02:13:58,948]  INFO - EventProcessorDeployer Execution Plan was undeployed successfully : carbon.super_resource_20KPerMin_default.siddhiql
07:44:00.994 [docker-java-stream--679690411] INFO  o.w.a.t.CustomAPIMContainer - [customHeader] STDOUT: [2025-05-07 02:13:59,012]  INFO - EventProcessorDeployer Execution Plan was undeployed successfully : carbon.super_resource_50KPerMin_defualt.siddhiql
07:44:01.153 [docker-java-stream--679690411] INFO  o.w.a.t.CustomAPIMContainer - [customHeader] STDOUT: [2025-05-07 02:13:59,161]  INFO - EventProcessorDeployer Execution Plan was undeployed successfully : carbon.super_sub_Bronze.siddhiql
07:44:01.230 [docker-java-stream--679690411] INFO  o.w.a.t.CustomAPIMContainer - [customHeader] STDOUT: [2025-05-07 02:13:59,249]  INFO - EventProcessorDeployer Execution Plan was undeployed successfully : carbon.super_sub_Gold.siddhiql
07:44:01.335 [docker-java-stream--679690411] INFO  o.w.a.t.CustomAPIMContainer - [customHeader] STDOUT: [2025-05-07 02:13:59,353]  INFO - EventProcessorDeployer Execution Plan was undeployed successfully : carbon.super_sub_Silver.siddhiql
07:44:01.456 [docker-java-stream--679690411] INFO  o.w.a.t.CustomAPIMContainer - [customHeader] STDOUT: [2025-05-07 02:13:59,468]  INFO - EventProcessorDeployer Execution Plan was undeployed successfully : carbon.super_sub_Unauthenticated.siddhiql
07:44:01.580 [docker-java-stream--679690411] INFO  o.w.a.t.CustomAPIMContainer - [customHeader] STDOUT: [2025-05-07 02:13:59,591]  INFO - EventStreamDeployer Stream definition is deployed successfully  : org.wso2.throttle.globalThrottle.stream:1.0.0
07:44:01.595 [docker-java-stream--679690411] INFO  o.w.a.t.CustomAPIMContainer - [customHeader] STDOUT: [2025-05-07 02:13:59,612]  INFO - EventPublisherDeployer Event Publisher undeployed successfully : jmsEventPublisher_1.10.0.xml
07:44:01.626 [docker-java-stream--679690411] INFO  o.w.a.t.CustomAPIMContainer - [customHeader] STDOUT: [2025-05-07 02:13:59,641]  INFO - EventJunction WSO2EventConsumer added to the junction. Stream:org.wso2.throttle.globalThrottle.stream:1.1.0
07:44:01.638 [docker-java-stream--679690411] INFO  o.w.a.t.CustomAPIMContainer - [customHeader] STDOUT: [2025-05-07 02:13:59,648]  INFO - EventPublisherDeployer Event Publisher configuration successfully deployed and in active state : jmsEventPublisher-1.0.0
07:44:01.641 [docker-java-stream--679690411] INFO  o.w.a.t.CustomAPIMContainer - [customHeader] STDOUT: [2025-05-07 02:13:59,649]  INFO - EventPublisherDeployer Event Publisher undeployed successfully : jmsEventPublisher_1.10.0_2.xml
07:44:01.658 [docker-java-stream--679690411] INFO  o.w.a.t.CustomAPIMContainer - [customHeader] STDOUT: [2025-05-07 02:13:59,677]  INFO - EventJunction WSO2EventConsumer added to the junction. Stream:org.wso2.throttle.globalThrottle.stream:1.1.0
07:44:01.665 [docker-java-stream--679690411] INFO  o.w.a.t.CustomAPIMContainer - [customHeader] STDOUT: [2025-05-07 02:13:59,682]  INFO - EventPublisherDeployer Event Publisher configuration successfully deployed and in active state : jmsEventPublisher-1.0.0-2
07:44:01.689 [docker-java-stream--679690411] INFO  o.w.a.t.CustomAPIMContainer - [customHeader] STDOUT: [2025-05-07 02:13:59,683]  INFO - EventStreamDeployer Stream definition is deployed successfully  : org.wso2.throttle.globalThrottle.stream:1.1.0
07:44:01.693 [docker-java-stream--679690411] INFO  o.w.a.t.CustomAPIMContainer - [customHeader] STDOUT: [2025-05-07 02:13:59,705]  INFO - EventProcessorDeployer Execution Plan was undeployed successfully : RequestPreProcessorExecutionPlan.siddhiql
07:44:01.725 [docker-java-stream--679690411] INFO  o.w.a.t.CustomAPIMContainer - [customHeader] STDOUT: [2025-05-07 02:13:59,742]  INFO - EventProcessorDeployer Execution Plan was undeployed successfully : carbon.super_app_10PerMin.siddhiql
07:44:02.988 [docker-java-stream--679690411] INFO  o.w.a.t.CustomAPIMContainer - [customHeader] STDOUT: [2025-05-07 02:14:01,007]  INFO - EventJunction Producer added to the junction. Stream:org.wso2.throttle.globalThrottle.stream:1.0.0
07:44:03.006 [docker-java-stream--679690411] INFO  o.w.a.t.CustomAPIMContainer - [customHeader] STDOUT: [2025-05-07 02:14:01,021]  INFO - EventJunction Consumer added to the junction. Stream:org.wso2.throttle.processed.request.stream:1.0.0
07:44:03.012 [docker-java-stream--679690411] INFO  o.w.a.t.CustomAPIMContainer - [customHeader] STDOUT: [2025-05-07 02:14:01,021]  INFO - EventProcessorDeployer Execution plan is deployed successfully and in active state  : carbon.super_app_10PerMin
07:44:03.014 [docker-java-stream--679690411] INFO  o.w.a.t.CustomAPIMContainer - [customHeader] STDOUT: [2025-05-07 02:14:01,024]  INFO - EventProcessorDeployer Execution Plan was undeployed successfully : carbon.super_app_20PerMin.siddhiql
07:44:04.230 [docker-java-stream--679690411] INFO  o.w.a.t.CustomAPIMContainer - [customHeader] STDOUT: [2025-05-07 02:14:02,236]  INFO - EventJunction Producer added to the junction. Stream:org.wso2.throttle.globalThrottle.stream:1.0.0
07:44:04.231 [docker-java-stream--679690411] INFO  o.w.a.t.CustomAPIMContainer - [customHeader] STDOUT: [2025-05-07 02:14:02,237]  INFO - EventJunction Consumer added to the junction. Stream:org.wso2.throttle.processed.request.stream:1.0.0
07:44:04.244 [docker-java-stream--679690411] INFO  o.w.a.t.CustomAPIMContainer - [customHeader] STDOUT: [2025-05-07 02:14:02,237]  INFO - EventProcessorDeployer Execution plan is deployed successfully and in active state  : carbon.super_app_20PerMin
07:44:04.255 [docker-java-stream--679690411] INFO  o.w.a.t.CustomAPIMContainer - [customHeader] STDOUT: [2025-05-07 02:14:02,237]  INFO - EventProcessorDeployer Execution Plan was undeployed successfully : carbon.super_app_50PerMin.siddhiql
07:44:04.612 [docker-java-stream--679690411] INFO  o.w.a.t.CustomAPIMContainer - [customHeader] STDOUT: [2025-05-07 02:14:02,629]  INFO - EventJunction Producer added to the junction. Stream:org.wso2.throttle.globalThrottle.stream:1.0.0
07:44:04.629 [docker-java-stream--679690411] INFO  o.w.a.t.CustomAPIMContainer - [customHeader] STDOUT: [2025-05-07 02:14:02,638]  INFO - EventJunction Consumer added to the junction. Stream:org.wso2.throttle.processed.request.stream:1.0.0
07:44:04.646 [docker-java-stream--679690411] INFO  o.w.a.t.CustomAPIMContainer - [customHeader] STDOUT: [2025-05-07 02:14:02,638]  INFO - EventProcessorDeployer Execution plan is deployed successfully and in active state  : carbon.super_app_50PerMin
07:44:04.650 [docker-java-stream--679690411] INFO  o.w.a.t.CustomAPIMContainer - [customHeader] STDOUT: [2025-05-07 02:14:02,639]  INFO - EventProcessorDeployer Execution Plan was undeployed successfully : carbon.super_resource_10KPerMin_default.siddhiql
07:44:04.866 [docker-java-stream--679690411] INFO  o.w.a.t.CustomAPIMContainer - [customHeader] STDOUT: [2025-05-07 02:14:02,883]  INFO - EventJunction Producer added to the junction. Stream:org.wso2.throttle.globalThrottle.stream:1.0.0
07:44:04.869 [docker-java-stream--679690411] INFO  o.w.a.t.CustomAPIMContainer - [customHeader] STDOUT: [2025-05-07 02:14:02,883]  INFO - EventJunction Consumer added to the junction. Stream:org.wso2.throttle.processed.request.stream:1.0.0
07:44:04.874 [docker-java-stream--679690411] INFO  o.w.a.t.CustomAPIMContainer - [customHeader] STDOUT: [2025-05-07 02:14:02,884]  INFO - EventProcessorDeployer Execution plan is deployed successfully and in active state  : carbon.super_resource_10KPerMin_default
07:44:04.880 [docker-java-stream--679690411] INFO  o.w.a.t.CustomAPIMContainer - [customHeader] STDOUT: [2025-05-07 02:14:02,884]  INFO - EventProcessorDeployer Execution Plan was undeployed successfully : carbon.super_resource_20KPerMin_default.siddhiql
07:44:04.986 [docker-java-stream--679690411] INFO  o.w.a.t.CustomAPIMContainer - [customHeader] STDOUT: [2025-05-07 02:14:02,996]  INFO - EventJunction Producer added to the junction. Stream:org.wso2.throttle.globalThrottle.stream:1.0.0
07:44:04.997 [docker-java-stream--679690411] INFO  o.w.a.t.CustomAPIMContainer - [customHeader] STDOUT: [2025-05-07 02:14:02,996]  INFO - EventJunction Consumer added to the junction. Stream:org.wso2.throttle.processed.request.stream:1.0.0
07:44:05.014 [docker-java-stream--679690411] INFO  o.w.a.t.CustomAPIMContainer - [customHeader] STDOUT: [2025-05-07 02:14:02,997]  INFO - EventProcessorDeployer Execution plan is deployed successfully and in active state  : carbon.super_resource_20KPerMin_default
07:44:05.022 [docker-java-stream--679690411] INFO  o.w.a.t.CustomAPIMContainer - [customHeader] STDOUT: [2025-05-07 02:14:02,997]  INFO - EventProcessorDeployer Execution Plan was undeployed successfully : carbon.super_resource_50KPerMin_defualt.siddhiql
07:44:05.121 [docker-java-stream--679690411] INFO  o.w.a.t.CustomAPIMContainer - [customHeader] STDOUT: [2025-05-07 02:14:03,140]  INFO - EventJunction Producer added to the junction. Stream:org.wso2.throttle.globalThrottle.stream:1.0.0
07:44:05.125 [docker-java-stream--679690411] INFO  o.w.a.t.CustomAPIMContainer - [customHeader] STDOUT: [2025-05-07 02:14:03,141]  INFO - EventJunction Consumer added to the junction. Stream:org.wso2.throttle.processed.request.stream:1.0.0
07:44:05.135 [docker-java-stream--679690411] INFO  o.w.a.t.CustomAPIMContainer - [customHeader] STDOUT: [2025-05-07 02:14:03,141]  INFO - EventProcessorDeployer Execution plan is deployed successfully and in active state  : carbon.super_resource_50KPerMin_default
07:44:05.136 [docker-java-stream--679690411] INFO  o.w.a.t.CustomAPIMContainer - [customHeader] STDOUT: [2025-05-07 02:14:03,141]  INFO - EventProcessorDeployer Execution Plan was undeployed successfully : carbon.super_sub_Bronze.siddhiql
07:44:05.232 [docker-java-stream--679690411] INFO  o.w.a.t.CustomAPIMContainer - [customHeader] STDOUT: [2025-05-07 02:14:03,250]  INFO - EventJunction Producer added to the junction. Stream:org.wso2.throttle.globalThrottle.stream:1.0.0
07:44:05.247 [docker-java-stream--679690411] INFO  o.w.a.t.CustomAPIMContainer - [customHeader] STDOUT: [2025-05-07 02:14:03,251]  INFO - EventJunction Consumer added to the junction. Stream:org.wso2.throttle.processed.request.stream:1.0.0
07:44:05.276 [docker-java-stream--679690411] INFO  o.w.a.t.CustomAPIMContainer - [customHeader] STDOUT: [2025-05-07 02:14:03,251]  INFO - EventProcessorDeployer Execution plan is deployed successfully and in active state  : carbon.super_sub_Bronze
07:44:05.276 [docker-java-stream--679690411] INFO  o.w.a.t.CustomAPIMContainer - [customHeader] STDOUT: [2025-05-07 02:14:03,251]  INFO - EventProcessorDeployer Execution Plan was undeployed successfully : carbon.super_sub_Gold.siddhiql
07:44:06.506 [docker-java-stream--679690411] INFO  o.w.a.t.CustomAPIMContainer - [customHeader] STDOUT: [2025-05-07 02:14:04,525]  INFO - EventJunction Producer added to the junction. Stream:org.wso2.throttle.globalThrottle.stream:1.0.0
07:44:06.569 [docker-java-stream--679690411] INFO  o.w.a.t.CustomAPIMContainer - [customHeader] STDOUT: [2025-05-07 02:14:04,560]  INFO - EventJunction Consumer added to the junction. Stream:org.wso2.throttle.processed.request.stream:1.0.0
07:44:06.612 [docker-java-stream--679690411] INFO  o.w.a.t.CustomAPIMContainer - [customHeader] STDOUT: [2025-05-07 02:14:04,560]  INFO - EventProcessorDeployer Execution plan is deployed successfully and in active state  : carbon.super_sub_Gold
07:44:06.617 [docker-java-stream--679690411] INFO  o.w.a.t.CustomAPIMContainer - [customHeader] STDOUT: [2025-05-07 02:14:04,560]  INFO - EventProcessorDeployer Execution Plan was undeployed successfully : carbon.super_sub_Silver.siddhiql
07:44:07.426 [docker-java-stream--679690411] INFO  o.w.a.t.CustomAPIMContainer - [customHeader] STDOUT: [2025-05-07 02:14:05,446]  INFO - EventJunction Producer added to the junction. Stream:org.wso2.throttle.globalThrottle.stream:1.0.0
07:44:07.442 [docker-java-stream--679690411] INFO  o.w.a.t.CustomAPIMContainer - [customHeader] STDOUT: [2025-05-07 02:14:05,460]  INFO - EventJunction Consumer added to the junction. Stream:org.wso2.throttle.processed.request.stream:1.0.0
07:44:07.444 [docker-java-stream--679690411] INFO  o.w.a.t.CustomAPIMContainer - [customHeader] STDOUT: [2025-05-07 02:14:05,461]  INFO - EventProcessorDeployer Execution plan is deployed successfully and in active state  : carbon.super_sub_Silver
07:44:07.452 [docker-java-stream--679690411] INFO  o.w.a.t.CustomAPIMContainer - [customHeader] STDOUT: [2025-05-07 02:14:05,461]  INFO - EventProcessorDeployer Execution Plan was undeployed successfully : carbon.super_sub_Unauthenticated.siddhiql
07:44:08.035 [docker-java-stream--679690411] INFO  o.w.a.t.CustomAPIMContainer - [customHeader] STDOUT: [2025-05-07 02:14:06,048]  INFO - EventJunction Producer added to the junction. Stream:org.wso2.throttle.globalThrottle.stream:1.0.0
07:44:08.041 [docker-java-stream--679690411] INFO  o.w.a.t.CustomAPIMContainer - [customHeader] STDOUT: [2025-05-07 02:14:06,053]  INFO - EventJunction Consumer added to the junction. Stream:org.wso2.throttle.processed.request.stream:1.0.0
07:44:08.049 [docker-java-stream--679690411] INFO  o.w.a.t.CustomAPIMContainer - [customHeader] STDOUT: [2025-05-07 02:14:06,057]  INFO - EventProcessorDeployer Execution plan is deployed successfully and in active state  : carbon.super_sub_Unauthenticated
07:44:08.072 [docker-java-stream--679690411] INFO  o.w.a.t.CustomAPIMContainer - [customHeader] STDOUT: [2025-05-07 02:14:06,057]  INFO - EventStreamDeployer Stream definition is deployed successfully  : org.wso2.throttle.processed.request.stream:1.0.0
07:44:08.075 [docker-java-stream--679690411] INFO  o.w.a.t.CustomAPIMContainer - [customHeader] STDOUT: [2025-05-07 02:14:06,066]  INFO - EventReceiverDeployer Event Receiver undeployed successfully: throttleEventReceiver.xml
07:44:08.224 [docker-java-stream--679690411] INFO  o.w.a.t.CustomAPIMContainer - [customHeader] STDOUT: [2025-05-07 02:14:06,218]  INFO - InputAdapterRuntime Connecting receiver throttleEventReceiver
07:44:08.292 [docker-java-stream--679690411] INFO  o.w.a.t.CustomAPIMContainer - [customHeader] STDOUT: [2025-05-07 02:14:06,301]  INFO - EventJunction Producer added to the junction. Stream:org.wso2.throttle.request.stream:1.0.0
07:44:08.301 [docker-java-stream--679690411] INFO  o.w.a.t.CustomAPIMContainer - [customHeader] STDOUT: [2025-05-07 02:14:06,315]  INFO - EventReceiverDeployer Event Receiver configuration successfully deployed and in active state: throttleEventReceiver
07:44:08.316 [docker-java-stream--679690411] INFO  o.w.a.t.CustomAPIMContainer - [customHeader] STDOUT: [2025-05-07 02:14:06,315]  INFO - EventReceiverDeployer Event Receiver undeployed successfully: throttleWSO2EventReceiver.xml
07:44:08.329 [docker-java-stream--679690411] INFO  o.w.a.t.CustomAPIMContainer - [customHeader] STDOUT: [2025-05-07 02:14:06,343]  INFO - InputAdapterRuntime Connecting receiver throttleWSO2EventReceiver
07:44:08.335 [docker-java-stream--679690411] INFO  o.w.a.t.CustomAPIMContainer - [customHeader] STDOUT: [2025-05-07 02:14:06,343]  INFO - EventJunction Producer added to the junction. Stream:org.wso2.throttle.request.stream:1.0.0
07:44:08.337 [docker-java-stream--679690411] INFO  o.w.a.t.CustomAPIMContainer - [customHeader] STDOUT: [2025-05-07 02:14:06,344]  INFO - EventReceiverDeployer Event Receiver configuration successfully deployed and in active state: throttleWSO2EventReceiver
07:44:08.346 [docker-java-stream--679690411] INFO  o.w.a.t.CustomAPIMContainer - [customHeader] STDOUT: [2025-05-07 02:14:06,344]  INFO - EventProcessorDeployer Execution Plan was undeployed successfully : RequestPreProcessorExecutionPlan.siddhiql
07:44:08.399 [docker-java-stream--679690411] INFO  o.w.a.t.CustomAPIMContainer - [customHeader] STDOUT: [2025-05-07 02:14:06,415]  INFO - EventJunction Producer added to the junction. Stream:org.wso2.throttle.processed.request.stream:1.0.0
07:44:08.415 [docker-java-stream--679690411] INFO  o.w.a.t.CustomAPIMContainer - [customHeader] STDOUT: [2025-05-07 02:14:06,427]  INFO - EventJunction Consumer added to the junction. Stream:org.wso2.throttle.request.stream:1.0.0
07:44:08.420 [docker-java-stream--679690411] INFO  o.w.a.t.CustomAPIMContainer - [customHeader] STDOUT: [2025-05-07 02:14:06,428]  INFO - EventProcessorDeployer Execution plan is deployed successfully and in active state  : requestPreProcessorExecutionPlan
07:44:08.426 [docker-java-stream--679690411] INFO  o.w.a.t.CustomAPIMContainer - [customHeader] STDOUT: [2025-05-07 02:14:06,428]  INFO - EventStreamDeployer Stream definition is deployed successfully  : org.wso2.throttle.request.stream:1.0.0
07:44:36.243 [docker-java-stream--679690411] INFO  o.w.a.t.CustomAPIMContainer - [customHeader] STDOUT: [2025-05-07 02:14:34,261]  INFO - TomcatGenericWebappsDeployer Deployed webapp: StandardEngine[Catalina].StandardHost[localhost].StandardContext[/accountrecoveryendpoint].File[/opt/repository/deployment/server/webapps/accountrecoveryendpoint]
07:44:38.800 [docker-java-stream--679690411] INFO  o.w.a.t.CustomAPIMContainer - [customHeader] STDOUT: [2025-05-07 02:14:36,821]  WARN - AppDeployerServiceComponent Waiting for required OSGi services: org.wso2.carbon.application.deployer.synapse.service.SynapseAppDeployerService,org.wso2.carbon.mediation.initializer.services.SynapseEnvironmentService,
07:44:39.065 [docker-java-stream--679690411] INFO  o.w.a.t.CustomAPIMContainer - [customHeader] STDOUT: [2025-05-07 02:14:37,087]  WARN - StartupFinalizerServiceComponent Waiting for required OSGi services: org.wso2.carbon.application.deployer.service.CappDeploymentService,org.wso2.carbon.server.admin.common.IServerAdmin,org.wso2.carbon.throttling.agent.ThrottlingAgent,
07:44:41.612 [docker-java-stream--679690411] INFO  o.w.a.t.CustomAPIMContainer - [customHeader] STDOUT: [2025-05-07 02:14:39,628]  INFO - TomcatGenericWebappsDeployer Deployed webapp: StandardEngine[Catalina].StandardHost[localhost].StandardContext[/admin].File[/opt/repository/deployment/server/webapps/admin]
07:44:43.194 [docker-java-stream--679690411] INFO  o.w.a.t.CustomAPIMContainer - [customHeader] STDOUT: [2025-05-07 02:14:41,216]  INFO - TomcatGenericWebappsDeployer Deployed webapp: StandardEngine[Catalina].StandardHost[localhost].StandardContext[/am/sample/calculator/v1].File[/opt/repository/deployment/server/webapps/am#sample#calculator#v1.war]
07:44:47.341 [docker-java-stream--679690411] INFO  o.w.a.t.CustomAPIMContainer - [customHeader] STDOUT: [2025-05-07 02:14:45,340]  INFO - TomcatGenericWebappsDeployer Deployed webapp: StandardEngine[Catalina].StandardHost[localhost].StandardContext[/am/sample/pizzashack/v1].File[/opt/repository/deployment/server/webapps/am#sample#pizzashack#v1.war]
07:45:00.809 [docker-java-stream--679690411] INFO  o.w.a.t.CustomAPIMContainer - [customHeader] STDOUT: [2025-05-07 02:14:58,825]  INFO - TomcatGenericWebappsDeployer Deployed webapp: StandardEngine[Catalina].StandardHost[localhost].StandardContext[/api/am/admin].File[/opt/repository/deployment/server/webapps/api#am#admin.war]
07:45:09.106 [docker-java-stream--679690411] INFO  o.w.a.t.CustomAPIMContainer - [customHeader] STDOUT: [2025-05-07 02:15:07,128]  INFO - TomcatGenericWebappsDeployer Deployed webapp: StandardEngine[Catalina].StandardHost[localhost].StandardContext[/api/am/devops/v0].File[/opt/repository/deployment/server/webapps/api#am#devops#v0.war]
07:45:18.282 [docker-java-stream--679690411] INFO  o.w.a.t.CustomAPIMContainer - [customHeader] STDOUT: [2025-05-07 02:15:16,302]  INFO - TomcatGenericWebappsDeployer Deployed webapp: StandardEngine[Catalina].StandardHost[localhost].StandardContext[/api/am/devportal].File[/opt/repository/deployment/server/webapps/api#am#devportal.war]
07:45:28.084 [docker-java-stream--679690411] INFO  o.w.a.t.CustomAPIMContainer - [customHeader] STDOUT: [2025-05-07 02:15:26,096]  INFO - TomcatGenericWebappsDeployer Deployed webapp: StandardEngine[Catalina].StandardHost[localhost].StandardContext[/api/am/gateway/v2].File[/opt/repository/deployment/server/webapps/api#am#gateway#v2.war]
07:45:38.801 [docker-java-stream--679690411] INFO  o.w.a.t.CustomAPIMContainer - [customHeader] STDOUT: [2025-05-07 02:15:36,817]  WARN - AppDeployerServiceComponent Waiting for required OSGi services: org.wso2.carbon.application.deployer.synapse.service.SynapseAppDeployerService,org.wso2.carbon.mediation.initializer.services.SynapseEnvironmentService,
07:45:39.063 [docker-java-stream--679690411] INFO  o.w.a.t.CustomAPIMContainer - [customHeader] STDOUT: [2025-05-07 02:15:37,086]  WARN - StartupFinalizerServiceComponent Waiting for required OSGi services: org.wso2.carbon.application.deployer.service.CappDeploymentService,org.wso2.carbon.server.admin.common.IServerAdmin,org.wso2.carbon.throttling.agent.ThrottlingAgent,
07:45:40.044 [docker-java-stream--679690411] INFO  o.w.a.t.CustomAPIMContainer - [customHeader] STDOUT: [2025-05-07 02:15:38,019]  INFO - TomcatGenericWebappsDeployer Deployed webapp: StandardEngine[Catalina].StandardHost[localhost].StandardContext[/api/am/governance].File[/opt/repository/deployment/server/webapps/api#am#governance.war]
07:45:59.470 [docker-java-stream--679690411] INFO  o.w.a.t.CustomAPIMContainer - [customHeader] STDOUT: [2025-05-07 02:15:57,479]  INFO - TomcatGenericWebappsDeployer Deployed webapp: StandardEngine[Catalina].StandardHost[localhost].StandardContext[/api/am/publisher].File[/opt/repository/deployment/server/webapps/api#am#publisher.war]
07:46:08.672 [docker-java-stream--679690411] INFO  o.w.a.t.CustomAPIMContainer - [customHeader] STDOUT: [2025-05-07 02:16:06,668]  INFO - TomcatGenericWebappsDeployer Deployed webapp: StandardEngine[Catalina].StandardHost[localhost].StandardContext[/api/am/service-catalog/v1].File[/opt/repository/deployment/server/webapps/api#am#service-catalog#v1.war]
07:46:15.548 [docker-java-stream--679690411] INFO  o.w.a.t.CustomAPIMContainer - [customHeader] STDOUT: [2025-05-07 02:16:13,570]  INFO - TomcatGenericWebappsDeployer Deployed webapp: StandardEngine[Catalina].StandardHost[localhost].StandardContext[/api/identity/auth/v1.1].File[/opt/repository/deployment/server/webapps/api#identity#auth#v1.1.war]
07:46:22.766 [docker-java-stream--679690411] INFO  o.w.a.t.CustomAPIMContainer - [customHeader] STDOUT: [2025-05-07 02:16:20,789]  INFO - TomcatGenericWebappsDeployer Deployed webapp: StandardEngine[Catalina].StandardHost[localhost].StandardContext[/api/identity/consent-mgt/v1.0].File[/opt/repository/deployment/server/webapps/api#identity#consent-mgt#v1.0.war]
07:46:28.210 [docker-java-stream--679690411] INFO  o.w.a.t.CustomAPIMContainer - [customHeader] STDOUT: [2025-05-07 02:16:26,220]  INFO - TomcatGenericWebappsDeployer Deployed webapp: StandardEngine[Catalina].StandardHost[localhost].StandardContext[/api/identity/oauth2/dcr/v1.1].File[/opt/repository/deployment/server/webapps/api#identity#oauth2#dcr#v1.1.war]
07:46:34.748 [docker-java-stream--679690411] INFO  o.w.a.t.CustomAPIMContainer - [customHeader] STDOUT: [2025-05-07 02:16:32,743]  INFO - TomcatGenericWebappsDeployer Deployed webapp: StandardEngine[Catalina].StandardHost[localhost].StandardContext[/api/identity/oauth2/v1.0].File[/opt/repository/deployment/server/webapps/api#identity#oauth2#v1.0.war]
07:46:38.791 [docker-java-stream--679690411] INFO  o.w.a.t.CustomAPIMContainer - [customHeader] STDOUT: [2025-05-07 02:16:36,817]  WARN - AppDeployerServiceComponent Waiting for required OSGi services: org.wso2.carbon.application.deployer.synapse.service.SynapseAppDeployerService,org.wso2.carbon.mediation.initializer.services.SynapseEnvironmentService,
07:46:39.064 [docker-java-stream--679690411] INFO  o.w.a.t.CustomAPIMContainer - [customHeader] STDOUT: [2025-05-07 02:16:37,088]  WARN - StartupFinalizerServiceComponent Waiting for required OSGi services: org.wso2.carbon.application.deployer.service.CappDeploymentService,org.wso2.carbon.server.admin.common.IServerAdmin,org.wso2.carbon.throttling.agent.ThrottlingAgent,
07:46:40.040 [docker-java-stream--679690411] INFO  o.w.a.t.CustomAPIMContainer - [customHeader] STDOUT: [2025-05-07 02:16:38,047]  INFO - TomcatGenericWebappsDeployer Deployed webapp: StandardEngine[Catalina].StandardHost[localhost].StandardContext[/api/identity/recovery/v0.9].File[/opt/repository/deployment/server/webapps/api#identity#recovery#v0.9.war]
07:46:45.558 [docker-java-stream--679690411] INFO  o.w.a.t.CustomAPIMContainer - [customHeader] STDOUT: [2025-05-07 02:16:43,584]  INFO - TomcatGenericWebappsDeployer Deployed webapp: StandardEngine[Catalina].StandardHost[localhost].StandardContext[/api/identity/user/v1.0].File[/opt/repository/deployment/server/webapps/api#identity#user#v1.0.war]
07:47:35.773 [docker-java-stream--679690411] INFO  o.w.a.t.CustomAPIMContainer - [customHeader] STDOUT: [2025-05-07 02:17:33,794]  INFO - TomcatGenericWebappsDeployer Deployed webapp: StandardEngine[Catalina].StandardHost[localhost].StandardContext[/authenticationendpoint].File[/opt/repository/deployment/server/webapps/authenticationendpoint]
07:47:38.828 [docker-java-stream--679690411] INFO  o.w.a.t.CustomAPIMContainer - [customHeader] STDOUT: [2025-05-07 02:17:36,852]  WARN - AppDeployerServiceComponent Waiting for required OSGi services: org.wso2.carbon.application.deployer.synapse.service.SynapseAppDeployerService,org.wso2.carbon.mediation.initializer.services.SynapseEnvironmentService,
07:47:39.063 [docker-java-stream--679690411] INFO  o.w.a.t.CustomAPIMContainer - [customHeader] STDOUT: [2025-05-07 02:17:37,084]  WARN - StartupFinalizerServiceComponent Waiting for required OSGi services: org.wso2.carbon.application.deployer.service.CappDeploymentService,org.wso2.carbon.server.admin.common.IServerAdmin,org.wso2.carbon.throttling.agent.ThrottlingAgent,
07:47:43.087 [docker-java-stream--679690411] INFO  o.w.a.t.CustomAPIMContainer - [customHeader] STDOUT: [2025-05-07 02:17:41,095]  INFO - TomcatGenericWebappsDeployer Deployed webapp: StandardEngine[Catalina].StandardHost[localhost].StandardContext[/client-registration/v0.17].File[/opt/repository/deployment/server/webapps/client-registration#v0.17.war]
07:47:54.077 [docker-java-stream--679690411] INFO  o.w.a.t.CustomAPIMContainer - [customHeader] STDOUT: [2025-05-07 02:17:52,082]  INFO - TomcatGenericWebappsDeployer Deployed webapp: StandardEngine[Catalina].StandardHost[localhost].StandardContext[/devportal].File[/opt/repository/deployment/server/webapps/devportal]
07:48:00.896 [docker-java-stream--679690411] INFO  o.w.a.t.CustomAPIMContainer - [customHeader] STDOUT: [2025-05-07 02:17:58,924]  INFO - TomcatGenericWebappsDeployer Deployed webapp: StandardEngine[Catalina].StandardHost[localhost].StandardContext[/internal/data/v1].File[/opt/repository/deployment/server/webapps/internal#data#v1.war]
07:48:12.078 [docker-java-stream--679690411] INFO  o.w.a.t.CustomAPIMContainer - [customHeader] STDOUT: [2025-05-07 02:18:10,061]  INFO - TomcatGenericWebappsDeployer Deployed webapp: StandardEngine[Catalina].StandardHost[localhost].StandardContext[/keymanager-operations].File[/opt/repository/deployment/server/webapps/keymanager-operations.war]
07:48:26.917 [docker-java-stream--679690411] INFO  o.w.a.t.CustomAPIMContainer - [customHeader] STDOUT: [2025-05-07 02:18:24,940]  INFO - TomcatGenericWebappsDeployer Deployed webapp: StandardEngine[Catalina].StandardHost[localhost].StandardContext[/oauth2].File[/opt/repository/deployment/server/webapps/oauth2.war]
07:48:32.207 [docker-java-stream--679690411] INFO  o.w.a.t.CustomAPIMContainer - [customHeader] STDOUT: [2025-05-07 02:18:30,232]  INFO - TomcatGenericWebappsDeployer Deployed webapp: StandardEngine[Catalina].StandardHost[localhost].StandardContext[/publisher].File[/opt/repository/deployment/server/webapps/publisher]
07:48:32.218 [docker-java-stream--679690411] INFO  o.w.a.t.CustomAPIMContainer - [customHeader] STDOUT: [2025-05-07 02:18:30,243]  INFO - Axis2SynapseController Deploying the Synapse service...
07:48:32.239 [docker-java-stream--679690411] INFO  o.w.a.t.CustomAPIMContainer - [customHeader] STDOUT: [2025-05-07 02:18:30,260]  INFO - Axis2SynapseController Deploying Proxy services...
07:48:32.246 [docker-java-stream--679690411] INFO  o.w.a.t.CustomAPIMContainer - [customHeader] STDOUT: [2025-05-07 02:18:30,260]  INFO - Axis2SynapseController Deploying EventSources...
07:48:32.498 [docker-java-stream--679690411] INFO  o.w.a.t.CustomAPIMContainer - [customHeader] STDOUT: [2025-05-07 02:18:30,515]  INFO - InboundEndpoint Initializing Inbound Endpoint: WebSocketInboundEndpoint
07:48:34.220 [docker-java-stream--679690411] INFO  o.w.a.t.CustomAPIMContainer - [customHeader] STDOUT: [2025-05-07 02:18:32,245]  INFO - WebsocketEndpointManager Netty Listener starting on port 9099
07:48:34.222 [docker-java-stream--679690411] INFO  o.w.a.t.CustomAPIMContainer - [customHeader] STDOUT: [2025-05-07 02:18:32,246]  INFO - InboundEndpoint Initializing Inbound Endpoint: SecureWebSocketEP
07:48:34.317 [docker-java-stream--679690411] INFO  o.w.a.t.CustomAPIMContainer - [customHeader] STDOUT: [2025-05-07 02:18:32,337]  INFO - WebsocketEndpointManager Netty SSL Listener starting on port 8099
07:48:34.326 [docker-java-stream--679690411] INFO  o.w.a.t.CustomAPIMContainer - [customHeader] STDOUT: [2025-05-07 02:18:32,338]  INFO - InboundEndpoint Initializing Inbound Endpoint: WebhookServer
07:48:34.838 [docker-java-stream--679690411] INFO  o.w.a.t.CustomAPIMContainer - [customHeader] STDOUT: [2025-05-07 02:18:32,859]  INFO - PassThroughListeningIOReactorManager Pass-through WebhookServer Listener started on 0.0.0.0:9021
07:48:34.842 [docker-java-stream--679690411] INFO  o.w.a.t.CustomAPIMContainer - [customHeader] STDOUT: [2025-05-07 02:18:32,859]  INFO - InboundEndpoint Initializing Inbound Endpoint: SecureWebhookServer
07:48:35.145 [docker-java-stream--679690411] INFO  o.w.a.t.CustomAPIMContainer - [customHeader] STDOUT: [2025-05-07 02:18:33,174]  INFO - PassThroughListeningIOReactorManager Pass-through SecureWebhookServer Listener started on 0.0.0.0:8021
07:48:35.170 [docker-java-stream--679690411] INFO  o.w.a.t.CustomAPIMContainer - [customHeader] STDOUT: [2025-05-07 02:18:33,185]  INFO - ServerManager Server ready for processing...
07:48:39.056 [docker-java-stream--679690411] INFO  o.w.a.t.CustomAPIMContainer - [customHeader] STDOUT: [2025-05-07 02:18:37,083]  WARN - StartupFinalizerServiceComponent Waiting for required OSGi services: org.wso2.carbon.server.admin.common.IServerAdmin,org.wso2.carbon.throttling.agent.ThrottlingAgent,
07:48:39.706 [docker-java-stream--679690411] INFO  o.w.a.t.CustomAPIMContainer - [customHeader] STDOUT: [2025-05-07 02:18:37,736]  INFO - JMSConnectionFactory JMS ConnectionFactory : Siddhi-JMS-Consumer initialized
07:48:39.716 [docker-java-stream--679690411] INFO  o.w.a.t.CustomAPIMContainer - [customHeader] STDOUT: [2025-05-07 02:18:37,744]  INFO - JMSConnectionFactory JMS ConnectionFactory : Siddhi-JMS-Consumer initialized
07:48:40.352 [docker-java-stream--679690411] INFO  o.w.a.t.CustomAPIMContainer - [customHeader] STDOUT: [2025-05-07 02:18:38,125]  INFO - WebsocketEndpointManager Netty Listener already started on port 8099
07:48:40.364 [docker-java-stream--679690411] INFO  o.w.a.t.CustomAPIMContainer - [customHeader] STDOUT: [2025-05-07 02:18:38,126]  INFO - HTTPEndpointManager Listener is already started for port : 8021
07:48:40.366 [docker-java-stream--679690411] INFO  o.w.a.t.CustomAPIMContainer - [customHeader] STDOUT: [2025-05-07 02:18:38,126]  INFO - WebsocketEndpointManager Netty Listener already started on port 9099
07:48:40.367 [docker-java-stream--679690411] INFO  o.w.a.t.CustomAPIMContainer - [customHeader] STDOUT: [2025-05-07 02:18:38,126]  INFO - HTTPEndpointManager Listener is already started for port : 9021
07:48:41.284 [docker-java-stream--679690411] INFO  o.w.a.t.CustomAPIMContainer - [customHeader] STDOUT: [2025-05-07 02:18:39,314]  INFO - QpidServiceComponent Activating Andes Message Broker Engine...
07:48:42.906 [docker-java-stream--679690411] INFO  o.w.a.t.CustomAPIMContainer - [customHeader] STDOUT: [Broker] BRK-1001 : Startup : Version: 0.11 Build: 90784:90849
07:48:43.152 [docker-java-stream--679690411] INFO  o.w.a.t.CustomAPIMContainer - [customHeader] STDOUT: [Broker] MNG-1001 : Startup
07:48:43.163 [docker-java-stream--679690411] INFO  o.w.a.t.CustomAPIMContainer - [customHeader] STDOUT: [Broker] MNG-1004 : Ready : Using the platform JMX Agent
07:48:50.420 [docker-java-stream--679690411] INFO  o.w.a.t.CustomAPIMContainer - [customHeader] STDOUT: [Broker] BRK-1002 : Starting : Listening on TCP port 5672
07:48:50.540 [docker-java-stream--679690411] INFO  o.w.a.t.CustomAPIMContainer - [customHeader] STDOUT: [2025-05-07 02:18:48,507]  INFO - listening [Broker] BRK-1002 : Starting : Listening on TCP port 5672
07:48:50.554 [docker-java-stream--679690411] INFO  o.w.a.t.CustomAPIMContainer - [customHeader] STDOUT: [Broker] BRK-1002 : Starting : Listening on TCP/SSL port 8672
07:48:50.555 [docker-java-stream--679690411] INFO  o.w.a.t.CustomAPIMContainer - [customHeader] STDOUT: [2025-05-07 02:18:48,574]  INFO - listening [Broker] BRK-1002 : Starting : Listening on TCP/SSL port 8672
07:48:50.555 [docker-java-stream--679690411] INFO  o.w.a.t.CustomAPIMContainer - [customHeader] STDOUT: [Broker] BRK-1004 : Qpid Broker Ready
07:48:51.796 [docker-java-stream--679690411] INFO  o.w.a.t.CustomAPIMContainer - [customHeader] STDOUT: [Broker] [vh(/carbon)/qu(deadletterchannel)] QUE-1001 : Create : Owner: admin Durable
07:48:52.005 [docker-java-stream--679690411] INFO  o.w.a.t.CustomAPIMContainer - [customHeader] STDOUT: [2025-05-07 02:18:50,023]  INFO - QpidServiceComponent AMQP Host Address : 0.0.0.0 Port : 5672
07:48:52.076 [docker-java-stream--679690411] INFO  o.w.a.t.CustomAPIMContainer - [customHeader] STDOUT: [2025-05-07 02:18:50,036]  INFO - QpidServiceComponent Successfully connected to AMQP server on port 5672
07:48:52.467 [docker-java-stream--679690411] INFO  o.w.a.t.CustomAPIMContainer - [customHeader] STDOUT: [2025-05-07 02:18:50,300]  INFO - QpidServiceComponent WSO2 Message Broker is started.
07:48:59.683 [docker-java-stream--679690411] INFO  o.w.a.t.CustomAPIMContainer - [customHeader] STDOUT: [2025-05-07 02:18:57,689]  INFO - BinaryDataReceiver Started Binary SSL Transport on port : 9711
07:48:59.702 [docker-java-stream--679690411] INFO  o.w.a.t.CustomAPIMContainer - [customHeader] STDOUT: [2025-05-07 02:18:57,731]  INFO - BinaryDataReceiver Started Binary TCP Transport on port : 9611
07:49:02.565 [docker-java-stream--679690411] INFO  o.w.a.t.CustomAPIMContainer - [customHeader] STDOUT: [2025-05-07 02:18:59,977]  INFO - ThriftServerStartupObserver  Thrift Data Receiver is disabled.
07:49:06.359 [docker-java-stream--679690411] INFO  o.w.a.t.CustomAPIMContainer - [customHeader] STDOUT: [2025-05-07 02:19:04,388]  INFO - PassThroughHttpListener Starting Pass-through HTTP Listener...
07:49:06.420 [docker-java-stream--679690411] INFO  o.w.a.t.CustomAPIMContainer - [customHeader] STDOUT: [2025-05-07 02:19:04,446]  INFO - PassThroughListeningIOReactorManager Pass-through HTTP Listener started on 0.0.0.0:8280
07:49:06.425 [docker-java-stream--679690411] INFO  o.w.a.t.CustomAPIMContainer - [customHeader] STDOUT: [2025-05-07 02:19:04,455]  INFO - PassThroughHttpMultiSSLListener Starting Pass-through HTTPS Listener...
07:49:06.586 [docker-java-stream--679690411] INFO  o.w.a.t.CustomAPIMContainer - [customHeader] STDOUT: [2025-05-07 02:19:04,606]  INFO - PassThroughListeningIOReactorManager Pass-through HTTPS Listener started on 0.0.0.0:8243
07:49:08.679 [main] INFO  tc.openjdk:11-jre-slim - Container openjdk:11-jre-slim started in PT10M24.44331905S
Contents of the copied deployment.toml inside the container:
[server]
hostname = "localhost"
#offset=0
base_path = "${carbon.protocol}://${carbon.host}:${carbon.management.port}"
#discard_empty_caches = false
server_role = "default"

[super_admin]
username = "admin"
password = "admin"
create_admin_account = true

[user_store]
type = "database_unique_id"

[database.apim_db]
type = "h2"
url = "jdbc:h2:./repository/database/WSO2AM_DB;DB_CLOSE_ON_EXIT=FALSE"
username = "wso2carbon"
password = "wso2carbon"

[database.shared_db]
type = "h2"
url = "jdbc:h2:./repository/database/WSO2SHARED_DB;DB_CLOSE_ON_EXIT=FALSE"
username = "wso2carbon"
password = "wso2carbon"

[keystore.tls]
file_name =  "wso2carbon.jks"
type =  "JKS"
password =  "wso2carbon"
alias =  "wso2carbon"
key_password =  "wso2carbon"

#[keystore.listener_profile]
#bind_address = "0.0.0.0"

#[keystore.primary]
#file_name =  "wso2carbon.jks"
#type =  "JKS"
#password =  "wso2carbon"
#alias =  "wso2carbon"
#key_password =  "wso2carbon"

#[keystore.internal]
#file_name =  "wso2carbon.jks"
#type =  "JKS"
#password =  "wso2carbon"
#alias =  "wso2carbon"
#key_password =  "wso2carbon"

[apim]
gateway_type = "Regular,APK,AWS"

[[apim.gateway.environment]]
name = "Default"
type = "hybrid"
gateway_type = "Regular"
provider = "wso2"
display_in_api_console = true
description = "This is a hybrid gateway that handles both production and sandbox token traffic."
show_as_token_endpoint_url = true
service_url = "https://localhost:${mgt.transport.https.port}/services/"
username= "${admin.username}"
password= "${admin.password}"
ws_endpoint = "ws://localhost:9099"
wss_endpoint = "wss://localhost:8099"
http_endpoint = "http://localhost:${http.nio.port}"
https_endpoint = "https://localhost:${https.nio.port}"
websub_event_receiver_http_endpoint = "http://localhost:9021"
websub_event_receiver_https_endpoint = "https://localhost:8021"

[apim.sync_runtime_artifacts.gateway]
gateway_labels =["Default"]

#[apim.cache.gateway_token]
#enable = true
#expiry_time = "900s"

#[apim.cache.resource]
#enable = true
#expiry_time = "900s"

#[apim.cache.km_token]
#enable = false
#expiry_time = "15m"

#[apim.cache.recent_apis]
#enable = false

#[apim.cache.scopes]
#enable = true

#[apim.cache.publisher_roles]
#enable = true

#[apim.cache.jwt_claim]
#enable = true
#expiry_time = "15m"

#[apim.cache.tags]
#expiry_time = "2m"

[apim.analytics]
enable = false
auth_token = ""

[apim.ai]
enable = true
key = ""

[apim.key_manager]
enable_lightweight_apikey_generation = true
#service_url = "https://localhost:${mgt.transport.https.port}/services/"
#username = "$ref{super_admin.username}"
#password = "$ref{super_admin.password}"
#pool.init_idle_capacity = 50
#pool.max_idle = 100
#key_validation_handler_type = "default"
#key_validation_handler_type = "custom"
#key_validation_handler_impl = "org.wso2.carbon.apimgt.keymgt.handlers.DefaultKeyValidationHandler"

#[apim.idp]
#server_url = "https://localhost:${mgt.transport.https.port}"
#authorize_endpoint = "https://localhost:${mgt.transport.https.port}/oauth2/authorize"
#oidc_logout_endpoint = "https://localhost:${mgt.transport.https.port}/oidc/logout"
#oidc_check_session_endpoint = "https://localhost:${mgt.transport.https.port}/oidc/checksession"

#[apim.jwt]
#enable = true
#encoding = "base64" # base64,base64url
#generator_impl = "org.wso2.carbon.apimgt.keymgt.token.JWTGenerator"
#claim_dialect = "http://wso2.org/claims"
#convert_dialect = false
#header = "X-JWT-Assertion"
#signing_algorithm = "SHA256withRSA"
#enable_user_claims = true
#claims_extractor_impl = "org.wso2.carbon.apimgt.impl.token.ExtendedDefaultClaimsRetriever"
#use_sha256_hash = false

[apim.oauth_config]
auth_header = "Test-Custom-Header"

#[apim.oauth_config]
#enable_outbound_auth_header = false
#auth_header = "Authorization"
#revoke_endpoint = "https://localhost:${https.nio.port}/revoke"
#enable_token_encryption = false
#enable_token_hashing = false

#[apim.devportal]
#url = "https://localhost:${mgt.transport.https.port}/devportal"
#enable_application_sharing = false
#if application_sharing_type, application_sharing_impl both defined priority goes to application_sharing_impl
#application_sharing_type = "default" #changed type, saml, default #todo: check the new config for rest api
#application_sharing_impl = "org.wso2.carbon.apimgt.impl.SAMLGroupIDExtractorImpl"
#display_multiple_versions = false
#display_deprecated_apis = false
#enable_comments = true
#enable_ratings = true
#enable_forum = true
#enable_anonymous_mode=true
#enable_cross_tenant_subscriptions = true
#default_reserved_username = "apim_reserved_user"

#[apim.publisher]
#enable_portal_configuration_only_mode = false

[apim.cors]
allow_origins = "*"
allow_methods = ["GET","PUT","POST","DELETE","PATCH","OPTIONS"]
allow_headers = ["authorization","Access-Control-Allow-Origin","Content-Type","SOAPAction","apikey","Internal-Key"]
allow_credentials = false

#[apim.throttling]
#enable_data_publishing = true
#enable_policy_deploy = true
#enable_blacklist_condition = true
#enable_persistence = true
#throttle_decision_endpoints = ["tcp://localhost:5672","tcp://localhost:5672"]

#[apim.throttling.blacklist_condition]
#start_delay = "5m"
#period = "1h"

#[apim.throttling.jms]
#start_delay = "5m"

#[apim.throttling.event_sync]
#hostName = "0.0.0.0"
#port = 11224

#[apim.throttling.event_management]
#hostName = "0.0.0.0"
#port = 10005

#[[apim.throttling.url_group]]
#traffic_manager_urls = ["tcp://localhost:9611","tcp://localhost:9611"]
#traffic_manager_auth_urls = ["ssl://localhost:9711","ssl://localhost:9711"]
#type = "loadbalance"

#[[apim.throttling.url_group]]
#traffic_manager_urls = ["tcp://localhost:9611","tcp://localhost:9611"]
#traffic_manager_auth_urls = ["ssl://localhost:9711","ssl://localhost:9711"]
#type = "failover"

#[apim.workflow]
#enable = false
#service_url = "https://localhost:9445/bpmn"
#username = "$ref{super_admin.username}"
#password = "$ref{super_admin.password}"
#callback_endpoint = "https://localhost:${mgt.transport.https.port}/api/am/admin/v0.17/workflows/update-workflow-status"
#token_endpoint = "https://localhost:${https.nio.port}/token"
#client_registration_endpoint = "https://localhost:${mgt.transport.https.port}/client-registration/v0.17/register"
#client_registration_username = "$ref{super_admin.username}"
#client_registration_password = "$ref{super_admin.password}"

#data bridge config
#[transport.receiver]
#type = "binary"
#worker_threads = 10
#session_timeout = "30m"
#keystore.file_name = "$ref{keystore.tls.file_name}"
#keystore.password = "$ref{keystore.tls.password}"
#tcp_port = 9611
#ssl_port = 9711
#ssl_receiver_thread_pool_size = 100
#tcp_receiver_thread_pool_size = 100
#ssl_enabled_protocols = ["TLSv1","TLSv1.1","TLSv1.2"]
#ciphers = ["SSL_RSA_WITH_RC4_128_MD5","SSL_RSA_WITH_RC4_128_SHA"]

#[apim.notification]
#from_address = "APIM.com"
#username = "APIM"
#password = "APIM+123"
#hostname = "localhost"
#port = 3025
#enable_start_tls = false
#enable_authentication = true

#[apim.token.revocation]
#notifier_impl = "org.wso2.carbon.apimgt.notification.TokenRevocationNotifierImpl"
#enable_realtime_notifier = true
#realtime_notifier.ttl = 5000
#enable_persistent_notifier = true
#persistent_notifier.hostname = "https://localhost:2379/v2/keys/jti/"
#persistent_notifier.ttl = 5000
#persistent_notifier.username = "root"
#persistent_notifier.password = "root"

[[event_handler]]
name="userPostSelfRegistration"
subscriptions=["POST_ADD_USER"]

[service_provider]
sp_name_regex = "^[\\sa-zA-Z0-9._-]*$"

[database.local]
url = "jdbc:h2:./repository/database/WSO2CARBON_DB;DB_CLOSE_ON_EXIT=FALSE"

[[event_listener]]
id = "token_revocation"
type = "org.wso2.carbon.identity.core.handler.AbstractIdentityHandler"
name = "org.wso2.is.notification.ApimOauthEventInterceptor"
order = 1
[event_listener.properties]
notification_endpoint = "https://localhost:${mgt.transport.https.port}/internal/data/v1/notify"
username = "${admin.username}"
password = "${admin.password}"
'header.X-WSO2-KEY-MANAGER' = "default"

[oauth.grant_type.token_exchange]
enable = true
allow_refresh_tokens = true
iat_validity_period = "1h"

#[apim.transaction_counter]
#enable = true
#server_id = "Gateway1"
#producer_counting_thread_pool_size = 10
#producer_scheduled_interval = 10
#max_transaction_count_per_record = 20
#min_transaction_count_per_record = 5
#record_queue_size = 1000
#publisher_scheduled_interval = 5
#publisher_max_batch_size = 100
#publisher_max_retries = 3
#store_impl = "org.wso2.integration.transaction.counter.store.TransactionRecordStoreImpl"
#service_url = "https://localhost:8080/transactions/records"
#service_username = "admin"
#service_password = "admin"

  &amp#27;[32mAnd &amp#27;[0m&amp#27;[32mI have initialized the Custom API Manager container with label &amp#27;[0m&amp#27;[32m&amp#27;[1m"customHeader"&amp#27;[0m&amp#27;[32m and deployment toml file path at &amp#27;[0m&amp#27;[32m&amp#27;[1m"/home/abisherk/Internship/InternProject/apim-test-framework-testcontainers/tests-integration/cucumber-tests/src/test/resources/features/customHeaderTest/deployment.toml"&amp#27;[0m &amp#27;[90m# org.wso2.am.integration.cucumbertests.stepdefinitions.ContainorIntitialisationStepDefinitions.initializeCustomAPIMContainer(java.lang.String,java.lang.String)&amp#27;[0m
07:49:10.390 [docker-java-stream--679690411] INFO  o.w.a.t.CustomAPIMContainer - [customHeader] STDOUT: [2025-05-07 02:19:08,221]  INFO - certificate Connector [https-jsse-nio-9443], TLS virtual host [_default_], certificate type [UNDEFINED] configured from keystore [/opt/repository/resources/security/wso2carbon.jks] using alias [wso2carbon] with trust store [/opt/repository/resources/security/client-truststore.jks]
07:49:17.949 [docker-java-stream--679690411] INFO  o.w.a.t.CustomAPIMContainer - [customHeader] STDOUT: [2025-05-07 02:19:15,971]  INFO - TaskServiceImpl Task service starting in STANDALONE mode...
07:49:20.498 [docker-java-stream--679690411] INFO  o.w.a.t.CustomAPIMContainer - [customHeader] STDOUT: [2025-05-07 02:19:18,524]  INFO - RegistryEventingServiceComponent Successfully Initialized Eventing on Registry
07:49:24.887 [docker-java-stream--679690411] INFO  o.w.a.t.CustomAPIMContainer - [customHeader] STDOUT: [2025-05-07 02:19:22,918]  INFO - JMXServerManager JMX Service URL  : service:jmx:rmi://localhost:11111/jndi/rmi://localhost:9999/jmxrmi
07:49:31.665 [docker-java-stream--679690411] INFO  o.w.a.t.CustomAPIMContainer - [customHeader] STDOUT: [2025-05-07 02:19:29,671]  INFO - APIMGovernanceUtil Adding default ruleset: OWASP Top 10
07:49:55.317 [docker-java-stream--679690411] INFO  o.w.a.t.CustomAPIMContainer - [customHeader] STDOUT: [2025-05-07 02:19:53,348]  INFO - APIMGovernanceUtil Adding default ruleset: WSO2 API Management Guidelines
07:49:57.133 [docker-java-stream--679690411] INFO  o.w.a.t.CustomAPIMContainer - [customHeader] STDOUT: [2025-05-07 02:19:54,873]  INFO - APIMGovernanceUtil Adding default ruleset: WSO2 REST API Design Guidelines
07:49:59.217 [docker-java-stream--679690411] INFO  o.w.a.t.CustomAPIMContainer - [customHeader] STDOUT: [2025-05-07 02:19:57,245]  INFO - APIMGovernanceUtil Adding default policy: WSO2 API Management Best Practices
07:50:00.722 [docker-java-stream--679690411] INFO  o.w.a.t.CustomAPIMContainer - [customHeader] STDOUT: [2025-05-07 02:19:58,755]  INFO - JMSTransportHandler Starting jms topic consumer thread for the notification topic...
07:50:08.294 [docker-java-stream--679690411] INFO  o.w.a.t.CustomAPIMContainer - [customHeader] STDOUT: [2025-05-07 02:20:06,325]  INFO - DataBridge user admin connected
07:50:11.281 [docker-java-stream--679690411] INFO  o.w.a.t.CustomAPIMContainer - [customHeader] STDOUT: [2025-05-07 02:20:09,306]  INFO - JMSTransportHandler Starting jms topic consumer thread for the notification topic...
07:50:11.580 [docker-java-stream--679690411] INFO  o.w.a.t.CustomAPIMContainer - [customHeader] STDOUT: [2025-05-07 02:20:09,519]  INFO - JMSTransportHandler Starting jms topic consumer thread for the keyManager topic...
07:50:11.690 [docker-java-stream--679690411] INFO  o.w.a.t.CustomAPIMContainer - [customHeader] STDOUT: [2025-05-07 02:20:09,688]  INFO - JMSTransportHandler Starting jms topic consumer thread for the notification topic...
07:50:13.180 [docker-java-stream--679690411] INFO  o.w.a.t.CustomAPIMContainer - [customHeader] STDOUT: [2025-05-07 02:20:11,216]  INFO - JMSConnectionFactory JMS ConnectionFactory : notificationJMSPublisher initialized
07:50:14.027 [docker-java-stream--679690411] INFO  o.w.a.t.CustomAPIMContainer - [customHeader] STDOUT: [2025-05-07 02:20:12,050]  INFO - JMSListener Connection successfully created towards the JMS provider for the listener: Siddhi-JMS-Consumer#keyManager. The connected JMS provider is AMQConnection: | Host: 192.168.32.3 | Port: 5672 | Virtual Host: carbon | Client ID: clientid | Active session count: 0
07:50:14.029 [docker-java-stream--679690411] INFO  o.w.a.t.CustomAPIMContainer - [customHeader] STDOUT: [2025-05-07 02:20:12,057]  INFO - JMSListener Connection attempt: 1 for JMS Provider for listener: Siddhi-JMS-Consumer#keyManager was successful!
07:50:14.820 [docker-java-stream--679690411] INFO  o.w.a.t.CustomAPIMContainer - [customHeader] STDOUT: [2025-05-07 02:20:12,717]  INFO - JMSTaskManager Task manager for Siddhi-JMS-Consumer [re-]initialized
07:50:14.822 [docker-java-stream--679690411] INFO  o.w.a.t.CustomAPIMContainer - [customHeader] STDOUT: [2025-05-07 02:20:12,815]  INFO - JMSListener Connection successfully created towards the JMS provider for the listener: Siddhi-JMS-Consumer#notification. The connected JMS provider is AMQConnection: | Host: 192.168.32.3 | Port: 5672 | Virtual Host: carbon | Client ID: clientid | Active session count: 0
07:50:14.827 [docker-java-stream--679690411] INFO  o.w.a.t.CustomAPIMContainer - [customHeader] STDOUT: [2025-05-07 02:20:12,815]  INFO - JMSListener Connection attempt: 1 for JMS Provider for listener: Siddhi-JMS-Consumer#notification was successful!
07:50:14.841 [docker-java-stream--679690411] INFO  o.w.a.t.CustomAPIMContainer - [customHeader] STDOUT: [2025-05-07 02:20:12,835]  INFO - JMSListener Connection successfully created towards the JMS provider for the listener: Siddhi-JMS-Consumer#notification. The connected JMS provider is AMQConnection: | Host: 192.168.32.3 | Port: 5672 | Virtual Host: carbon | Client ID: clientid | Active session count: 0
07:50:14.845 [docker-java-stream--679690411] INFO  o.w.a.t.CustomAPIMContainer - [customHeader] STDOUT: [2025-05-07 02:20:12,835]  INFO - JMSListener Connection attempt: 1 for JMS Provider for listener: Siddhi-JMS-Consumer#notification was successful!
07:50:14.888 [docker-java-stream--679690411] INFO  o.w.a.t.CustomAPIMContainer - [customHeader] STDOUT: [2025-05-07 02:20:12,855]  INFO - JMSTaskManager Task manager for Siddhi-JMS-Consumer [re-]initialized
07:50:14.895 [docker-java-stream--679690411] INFO  o.w.a.t.CustomAPIMContainer - [customHeader] STDOUT: [2025-05-07 02:20:12,874]  INFO - JMSConnectionFactory JMS ConnectionFactory : cacheInvalidationJMSPublisher initialized
07:50:14.907 [docker-java-stream--679690411] INFO  o.w.a.t.CustomAPIMContainer - [customHeader] STDOUT: [2025-05-07 02:20:12,881]  INFO - JMSTaskManager Task manager for Siddhi-JMS-Consumer [re-]initialized
07:50:15.104 [docker-java-stream--679690411] INFO  o.w.a.t.CustomAPIMContainer - [customHeader] STDOUT: [2025-05-07 02:20:13,039]  INFO - JMSListener Connection successfully created towards the JMS provider for the listener: Siddhi-JMS-Consumer#notification. The connected JMS provider is AMQConnection: | Host: 192.168.32.3 | Port: 5672 | Virtual Host: carbon | Client ID: clientid | Active session count: 0
07:50:15.109 [docker-java-stream--679690411] INFO  o.w.a.t.CustomAPIMContainer - [customHeader] STDOUT: [2025-05-07 02:20:13,041]  INFO - JMSListener Connection attempt: 1 for JMS Provider for listener: Siddhi-JMS-Consumer#notification was successful!
07:50:15.132 [docker-java-stream--679690411] INFO  o.w.a.t.CustomAPIMContainer - [customHeader] STDOUT: [2025-05-07 02:20:13,046]  INFO - JMSTaskManager Task manager for Siddhi-JMS-Consumer [re-]initialized
07:50:15.936 [docker-java-stream--679690411] INFO  o.w.a.t.CustomAPIMContainer - [customHeader] STDOUT: [2025-05-07 02:20:13,968]  INFO - InMemoryAPIDeployer Deploying synapse artifacts of _JwksEndpoint_
07:50:16.638 [docker-java-stream--679690411] INFO  o.w.a.t.CustomAPIMContainer - [customHeader] STDOUT: [2025-05-07 02:20:14,608]  INFO - JMSTransportHandler Starting jms topic consumer thread for the throttleData topic...
07:50:16.644 [docker-java-stream--679690411] INFO  o.w.a.t.CustomAPIMContainer - [customHeader] STDOUT: [2025-05-07 02:20:14,638]  INFO - JMSTransportHandler Starting jms topic consumer thread for the tokenRevocation topic...
07:50:17.395 [docker-java-stream--679690411] INFO  o.w.a.t.CustomAPIMContainer - [customHeader] STDOUT: [2025-05-07 02:20:15,171]  INFO - JMSTransportHandler Starting jms topic consumer thread for the cacheInvalidation topic...
07:50:17.663 [docker-java-stream--679690411] INFO  o.w.a.t.CustomAPIMContainer - [customHeader] STDOUT: [2025-05-07 02:20:15,229]  INFO - JMSTransportHandler Starting jms topic consumer thread for the notification topic...
07:50:17.878 [docker-java-stream--679690411] INFO  o.w.a.t.CustomAPIMContainer - [customHeader] STDOUT: [2025-05-07 02:20:15,254]  INFO - EventProcessorConfigurationFilesystemInvoker carbon.super_sub_Silver.siddhiql is deleted from the file system
07:50:18.012 [docker-java-stream--679690411] INFO  o.w.a.t.CustomAPIMContainer - [customHeader] STDOUT: [2025-05-07 02:20:15,276]  INFO - JMSTransportHandler Starting jms topic consumer thread for the throttleData topic...
07:50:18.024 [docker-java-stream--679690411] INFO  o.w.a.t.CustomAPIMContainer - [customHeader] STDOUT: [2025-05-07 02:20:15,279]  INFO - JMSTransportHandler Starting jms topic consumer thread for the asyncWebhooksData topic...
07:50:18.029 [docker-java-stream--679690411] INFO  o.w.a.t.CustomAPIMContainer - [customHeader] STDOUT: [2025-05-07 02:20:15,389]  INFO - EventProcessorDeployer Execution Plan was undeployed successfully : carbon.super_sub_Silver.siddhiql
07:50:18.059 [docker-java-stream--679690411] INFO  o.w.a.t.CustomAPIMContainer - [customHeader] STDOUT: [2025-05-07 02:20:15,862]  WARN - JMSListener Polling tasks on destination : notification of type topic for listener Siddhi-JMS-Consumer#notification have not yet started after 3 seconds ..
07:50:18.102 [docker-java-stream--679690411] INFO  o.w.a.t.CustomAPIMContainer - [customHeader] STDOUT: [2025-05-07 02:20:16,030]  INFO - EventProcessorConfigurationFilesystemInvoker carbon.super_resource_50KPerMin_defualt.siddhiql is deleted from the file system
07:50:18.112 [docker-java-stream--679690411] INFO  o.w.a.t.CustomAPIMContainer - [customHeader] STDOUT: [2025-05-07 02:20:16,030]  INFO - EventProcessorDeployer Execution Plan was undeployed successfully : carbon.super_resource_50KPerMin_defualt.siddhiql
07:50:18.113 [docker-java-stream--679690411] INFO  o.w.a.t.CustomAPIMContainer - [customHeader] STDOUT: [2025-05-07 02:20:16,051]  WARN - JMSListener Polling tasks on destination : notification of type topic for listener Siddhi-JMS-Consumer#notification have not yet started after 3 seconds ..
07:50:18.113 [docker-java-stream--679690411] INFO  o.w.a.t.CustomAPIMContainer - [customHeader] STDOUT: [2025-05-07 02:20:16,099]  WARN - JMSListener Polling tasks on destination : notification of type topic for listener Siddhi-JMS-Consumer#notification have not yet started after 3 seconds ..
07:50:18.312 [docker-java-stream--679690411] INFO  o.w.a.t.CustomAPIMContainer - [customHeader] STDOUT: [2025-05-07 02:20:16,101]  INFO - API {api:_JwksEndpoint_} Initializing API: _JwksEndpoint_
07:50:18.312 [docker-java-stream--679690411] INFO  o.w.a.t.CustomAPIMContainer - [customHeader] STDOUT: [2025-05-07 02:20:16,230]  WARN - JMSListener Polling tasks on destination : keyManager of type topic for listener Siddhi-JMS-Consumer#keyManager have not yet started after 3 seconds ..
07:50:18.523 [docker-java-stream--679690411] INFO  o.w.a.t.CustomAPIMContainer - [customHeader] STDOUT: [2025-05-07 02:20:16,555]  INFO - JMSConnectionFactory JMS ConnectionFactory : keymgtEventJMSEventPublisher initialized
07:50:19.350 [docker-java-stream--679690411] INFO  o.w.a.t.CustomAPIMContainer - [customHeader] STDOUT: [2025-05-07 02:20:17,372]  INFO - EventProcessorConfigurationFilesystemInvoker carbon.super_sub_Bronze.siddhiql is deleted from the file system
07:50:19.665 [docker-java-stream--679690411] INFO  o.w.a.t.CustomAPIMContainer - [customHeader] STDOUT: [2025-05-07 02:20:17,372]  INFO - EventProcessorDeployer Execution Plan was undeployed successfully : carbon.super_sub_Bronze.siddhiql
07:50:19.847 [docker-java-stream--679690411] INFO  o.w.a.t.CustomAPIMContainer - [customHeader] STDOUT: [2025-05-07 02:20:17,867]  INFO - DependencyTracker API : _JwksEndpoint_ was added to the Synapse configuration successfully
07:50:19.861 [docker-java-stream--679690411] INFO  o.w.a.t.CustomAPIMContainer - [customHeader] STDOUT: [2025-05-07 02:20:17,868]  INFO - EventProcessorConfigurationFilesystemInvoker carbon.super_resource_20KPerMin_default.siddhiql is deleted from the file system
07:50:19.944 [docker-java-stream--679690411] INFO  o.w.a.t.CustomAPIMContainer - [customHeader] STDOUT: [2025-05-07 02:20:17,869]  INFO - EventProcessorDeployer Execution Plan was undeployed successfully : carbon.super_resource_20KPerMin_default.siddhiql
07:50:20.031 [docker-java-stream--679690411] INFO  o.w.a.t.CustomAPIMContainer - [customHeader] STDOUT: [2025-05-07 02:20:18,027]  INFO - InMemoryAPIDeployer Deploying synapse artifacts of _HealthCheckAPI_
07:50:20.828 [docker-java-stream--679690411] INFO  o.w.a.t.CustomAPIMContainer - [customHeader] STDOUT: [2025-05-07 02:20:18,647]  INFO - EventProcessorConfigurationFilesystemInvoker carbon.super_sub_Unauthenticated.siddhiql is deleted from the file system
07:50:20.838 [docker-java-stream--679690411] INFO  o.w.a.t.CustomAPIMContainer - [customHeader] STDOUT: [2025-05-07 02:20:18,642]  INFO - API {api:_HealthCheckAPI_} Initializing API: _HealthCheckAPI_
07:50:20.943 [docker-java-stream--679690411] INFO  o.w.a.t.CustomAPIMContainer - [customHeader] STDOUT: [2025-05-07 02:20:18,667]  INFO - EventProcessorDeployer Execution Plan was undeployed successfully : carbon.super_sub_Unauthenticated.siddhiql
07:50:20.962 [docker-java-stream--679690411] INFO  o.w.a.t.CustomAPIMContainer - [customHeader] STDOUT: [2025-05-07 02:20:18,845]  INFO - DependencyTracker API : _HealthCheckAPI_ was added to the Synapse configuration successfully
07:50:21.388 [docker-java-stream--679690411] INFO  o.w.a.t.CustomAPIMContainer - [customHeader] STDOUT: [2025-05-07 02:20:19,416]  INFO - EventProcessorConfigurationFilesystemInvoker carbon.super_resource_10KPerMin_default.siddhiql is deleted from the file system
07:50:21.403 [docker-java-stream--679690411] INFO  o.w.a.t.CustomAPIMContainer - [customHeader] STDOUT: [2025-05-07 02:20:19,435]  INFO - EventProcessorDeployer Execution Plan was undeployed successfully : carbon.super_resource_10KPerMin_default.siddhiql
07:50:22.336 [docker-java-stream--679690411] INFO  o.w.a.t.CustomAPIMContainer - [customHeader] STDOUT: [2025-05-07 02:20:19,938]  INFO - DataBridge user admin connected
07:50:22.373 [docker-java-stream--679690411] INFO  o.w.a.t.CustomAPIMContainer - [customHeader] STDOUT: [2025-05-07 02:20:20,365]  INFO - EventProcessorConfigurationFilesystemInvoker carbon.super_sub_Gold.siddhiql is deleted from the file system
07:50:27.360 [docker-java-stream--679690411] INFO  o.w.a.t.CustomAPIMContainer - [customHeader] STDOUT: [2025-05-07 02:20:20,375]  INFO - EventProcessorDeployer Execution Plan was undeployed successfully : carbon.super_sub_Gold.siddhiql
07:50:27.479 [docker-java-stream--679690411] INFO  o.w.a.t.CustomAPIMContainer - [customHeader] STDOUT: [2025-05-07 02:20:20,438]  INFO - EventProcessorConfigurationFilesystemInvoker carbon.super_app_10PerMin.siddhiql is deleted from the file system
07:50:27.480 [docker-java-stream--679690411] INFO  o.w.a.t.CustomAPIMContainer - [customHeader] STDOUT: [2025-05-07 02:20:20,438]  INFO - EventProcessorDeployer Execution Plan was undeployed successfully : carbon.super_app_10PerMin.siddhiql
07:50:28.868 [docker-java-stream--679690411] INFO  o.w.a.t.CustomAPIMContainer - [customHeader] STDOUT: [2025-05-07 02:20:26,888]  INFO - EventProcessorConfigurationFilesystemInvoker carbon.super_app_20PerMin.siddhiql is deleted from the file system
07:50:28.868 [docker-java-stream--679690411] INFO  o.w.a.t.CustomAPIMContainer - [customHeader] STDOUT: [2025-05-07 02:20:26,889]  INFO - EventProcessorDeployer Execution Plan was undeployed successfully : carbon.super_app_20PerMin.siddhiql
07:50:31.174 [docker-java-stream--679690411] INFO  o.w.a.t.CustomAPIMContainer - [customHeader] STDOUT: [2025-05-07 02:20:29,061]  INFO - EventProcessorConfigurationFilesystemInvoker carbon.super_app_50PerMin.siddhiql is deleted from the file system
07:50:31.176 [docker-java-stream--679690411] INFO  o.w.a.t.CustomAPIMContainer - [customHeader] STDOUT: [2025-05-07 02:20:29,093]  INFO - EventProcessorDeployer Execution Plan was undeployed successfully : carbon.super_app_50PerMin.siddhiql
07:50:31.184 [docker-java-stream--679690411] INFO  o.w.a.t.CustomAPIMContainer - [customHeader] STDOUT: [2025-05-07 02:20:29,119]  INFO - StartupFinalizerServiceComponent Server           :  WSO2 API Manager-4.5.0
07:50:31.210 [docker-java-stream--679690411] INFO  o.w.a.t.CustomAPIMContainer - [customHeader] STDOUT: [2025-05-07 02:20:29,125]  INFO - StartupFinalizerServiceComponent WSO2 Carbon started in 650 sec
07:50:34.576 [docker-java-stream--679690411] INFO  o.w.a.t.CustomAPIMContainer - [customHeader] STDOUT: [2025-05-07 02:20:32,460]  INFO - DependencyTracker Local entry : ga-config-key was added to the Synapse configuration successfully
07:50:35.958 [docker-java-stream--679690411] INFO  o.w.a.t.CustomAPIMContainer - [customHeader] STDOUT: [2025-05-07 02:20:33,714]  INFO - JMSListener Connection successfully created towards the JMS provider for the listener: Siddhi-JMS-Consumer#tokenRevocation. The connected JMS provider is AMQConnection: | Host: 192.168.32.3 | Port: 5672 | Virtual Host: carbon | Client ID: clientid | Active session count: 0
07:50:35.970 [docker-java-stream--679690411] INFO  o.w.a.t.CustomAPIMContainer - [customHeader] STDOUT: [2025-05-07 02:20:33,987]  INFO - JMSListener Connection attempt: 1 for JMS Provider for listener: Siddhi-JMS-Consumer#tokenRevocation was successful!
07:50:36.997 [docker-java-stream--679690411] INFO  o.w.a.t.CustomAPIMContainer - [customHeader] STDOUT: [2025-05-07 02:20:34,058]  INFO - JMSTaskManager Task manager for Siddhi-JMS-Consumer [re-]initialized
07:50:37.057 [docker-java-stream--679690411] INFO  o.w.a.t.CustomAPIMContainer - [customHeader] STDOUT: [2025-05-07 02:20:35,080]  INFO - JMSListener Connection successfully created towards the JMS provider for the listener: Siddhi-JMS-Consumer#cacheInvalidation. The connected JMS provider is AMQConnection: | Host: 192.168.32.3 | Port: 5672 | Virtual Host: carbon | Client ID: clientid | Active session count: 0
07:50:37.066 [docker-java-stream--679690411] INFO  o.w.a.t.CustomAPIMContainer - [customHeader] STDOUT: [2025-05-07 02:20:35,081]  INFO - JMSListener Connection attempt: 1 for JMS Provider for listener: Siddhi-JMS-Consumer#cacheInvalidation was successful!
07:50:37.148 [docker-java-stream--679690411] INFO  o.w.a.t.CustomAPIMContainer - [customHeader] STDOUT: [2025-05-07 02:20:35,082]  INFO - JMSListener Connection successfully created towards the JMS provider for the listener: Siddhi-JMS-Consumer#throttleData. The connected JMS provider is AMQConnection: | Host: 192.168.32.3 | Port: 5672 | Virtual Host: carbon | Client ID: clientid | Active session count: 0
07:50:37.202 [docker-java-stream--679690411] INFO  o.w.a.t.CustomAPIMContainer - [customHeader] STDOUT: [2025-05-07 02:20:35,083]  INFO - JMSListener Connection attempt: 1 for JMS Provider for listener: Siddhi-JMS-Consumer#throttleData was successful!
07:50:37.208 [docker-java-stream--679690411] INFO  o.w.a.t.CustomAPIMContainer - [customHeader] STDOUT: [2025-05-07 02:20:35,084]  INFO - JMSListener Connection successfully created towards the JMS provider for the listener: Siddhi-JMS-Consumer#asyncWebhooksData. The connected JMS provider is AMQConnection: | Host: 192.168.32.3 | Port: 5672 | Virtual Host: carbon | Client ID: clientid | Active session count: 0
07:50:37.213 [docker-java-stream--679690411] INFO  o.w.a.t.CustomAPIMContainer - [customHeader] STDOUT: [2025-05-07 02:20:35,085]  INFO - JMSListener Connection attempt: 1 for JMS Provider for listener: Siddhi-JMS-Consumer#asyncWebhooksData was successful!
07:50:37.292 [docker-java-stream--679690411] INFO  o.w.a.t.CustomAPIMContainer - [customHeader] STDOUT: [2025-05-07 02:20:35,108]  INFO - JMSTaskManager Task manager for Siddhi-JMS-Consumer [re-]initialized
07:50:37.306 [docker-java-stream--679690411] INFO  o.w.a.t.CustomAPIMContainer - [customHeader] STDOUT: [2025-05-07 02:20:35,156]  INFO - JMSTaskManager Task manager for Siddhi-JMS-Consumer [re-]initialized
07:50:37.345 [docker-java-stream--679690411] INFO  o.w.a.t.CustomAPIMContainer - [customHeader] STDOUT: [2025-05-07 02:20:35,159]  INFO - JMSTaskManager Task manager for Siddhi-JMS-Consumer [re-]initialized
07:50:38.033 [docker-java-stream--679690411] INFO  o.w.a.t.CustomAPIMContainer - [customHeader] STDOUT: [2025-05-07 02:20:35,858]  INFO - RuntimeArtifactGeneratorUtil No API Artifacts
07:50:39.345 [docker-java-stream--679690411] INFO  o.w.a.t.CustomAPIMContainer - [customHeader] STDOUT: [2025-05-07 02:20:37,263]  WARN - JMSListener Polling tasks on destination : tokenRevocation of type topic for listener Siddhi-JMS-Consumer#tokenRevocation have not yet started after 3 seconds ..
07:50:40.582 [docker-java-stream--679690411] INFO  o.w.a.t.CustomAPIMContainer - [customHeader] STDOUT: [2025-05-07 02:20:38,284]  WARN - JMSListener Polling tasks on destination : asyncWebhooksData of type topic for listener Siddhi-JMS-Consumer#asyncWebhooksData have not yet started after 3 seconds ..
07:50:40.606 [docker-java-stream--679690411] INFO  o.w.a.t.CustomAPIMContainer - [customHeader] STDOUT: [2025-05-07 02:20:38,284]  WARN - JMSListener Polling tasks on destination : throttleData of type topic for listener Siddhi-JMS-Consumer#throttleData have not yet started after 3 seconds ..
07:50:40.730 [docker-java-stream--679690411] INFO  o.w.a.t.CustomAPIMContainer - [customHeader] STDOUT: [2025-05-07 02:20:38,636]  WARN - JMSListener Polling tasks on destination : cacheInvalidation of type topic for listener Siddhi-JMS-Consumer#cacheInvalidation have not yet started after 3 seconds ..
07:50:41.672 [docker-java-stream--679690411] INFO  o.w.a.t.CustomAPIMContainer - [customHeader] STDOUT: [2025-05-07 02:20:39,709]  INFO - JMSListener Connection successfully created towards the JMS provider for the listener: Siddhi-JMS-Consumer#notification. The connected JMS provider is AMQConnection: | Host: 192.168.32.3 | Port: 5672 | Virtual Host: carbon | Client ID: clientid | Active session count: 0
07:50:41.687 [docker-java-stream--679690411] INFO  o.w.a.t.CustomAPIMContainer - [customHeader] STDOUT: [2025-05-07 02:20:39,715]  INFO - JMSListener Connection attempt: 1 for JMS Provider for listener: Siddhi-JMS-Consumer#notification was successful!
07:50:41.699 [docker-java-stream--679690411] INFO  o.w.a.t.CustomAPIMContainer - [customHeader] STDOUT: [2025-05-07 02:20:39,727]  INFO - JMSTaskManager Task manager for Siddhi-JMS-Consumer [re-]initialized
07:50:44.013 [docker-java-stream--679690411] INFO  o.w.a.t.CustomAPIMContainer - [customHeader] STDOUT: [2025-05-07 02:20:42,035]  INFO - JMSListener Connection successfully created towards the JMS provider for the listener: Siddhi-JMS-Consumer#throttleData. The connected JMS provider is AMQConnection: | Host: 192.168.32.3 | Port: 5672 | Virtual Host: carbon | Client ID: clientid | Active session count: 0
07:50:44.018 [docker-java-stream--679690411] INFO  o.w.a.t.CustomAPIMContainer - [customHeader] STDOUT: [2025-05-07 02:20:42,036]  INFO - JMSListener Connection attempt: 1 for JMS Provider for listener: Siddhi-JMS-Consumer#throttleData was successful!
07:50:44.083 [docker-java-stream--679690411] INFO  o.w.a.t.CustomAPIMContainer - [customHeader] STDOUT: [2025-05-07 02:20:42,119]  INFO - JMSTaskManager Task manager for Siddhi-JMS-Consumer [re-]initialized
07:50:45.412 [docker-java-stream--679690411] INFO  o.w.a.t.CustomAPIMContainer - [customHeader] STDOUT: [2025-05-07 02:20:43,446]  WARN - JMSListener Polling tasks on destination : notification of type topic for listener Siddhi-JMS-Consumer#notification have not yet started after 3 seconds ..
07:50:47.204 [docker-java-stream--679690411] INFO  o.w.a.t.CustomAPIMContainer - [customHeader] STDOUT: [2025-05-07 02:20:45,233]  WARN - JMSListener Polling tasks on destination : throttleData of type topic for listener Siddhi-JMS-Consumer#throttleData have not yet started after 3 seconds ..
07:50:53.237 [docker-java-stream--679690411] INFO  o.w.a.t.CustomAPIMContainer - [customHeader] STDOUT: [2025-05-07 02:20:50,844]  INFO - GatewayStartupListener Synapse Artifacts deployed Successfully in the Gateway
07:50:58.623 [docker-java-stream--679690411] INFO  o.w.a.t.CustomAPIMContainer - [customHeader] STDOUT: [2025-05-07 02:20:56,439]  INFO - EventProcessorConfigurationFilesystemInvoker Execution plan: carbon.super_sub_Gold saved in the filesystem
07:50:59.319 [docker-java-stream--679690411] INFO  o.w.a.t.CustomAPIMContainer - [customHeader] STDOUT: [2025-05-07 02:20:56,821]  INFO - EventJunction Producer added to the junction. Stream:org.wso2.throttle.globalThrottle.stream:1.0.0
07:50:59.324 [docker-java-stream--679690411] INFO  o.w.a.t.CustomAPIMContainer - [customHeader] STDOUT: [2025-05-07 02:20:56,821]  INFO - EventJunction Consumer added to the junction. Stream:org.wso2.throttle.processed.request.stream:1.0.0
07:50:59.327 [docker-java-stream--679690411] INFO  o.w.a.t.CustomAPIMContainer - [customHeader] STDOUT: [2025-05-07 02:20:56,821]  INFO - EventProcessorDeployer Execution plan is deployed successfully and in active state  : carbon.super_sub_Gold
  &amp#27;[32mAnd &amp#27;[0m&amp#27;[32mI initialize the Store REST API client with username &amp#27;[0m&amp#27;[32m&amp#27;[1m"admin"&amp#27;[0m&amp#27;[32m, password &amp#27;[0m&amp#27;[32m&amp#27;[1m"admin"&amp#27;[0m&amp#27;[32m and tenant &amp#27;[0m&amp#27;[32m&amp#27;[1m"carbon.super"&amp#27;[0m&amp#27;[32m for container &amp#27;[0m&amp#27;[32m&amp#27;[1m"custom_header"&amp#27;[0m                                                                                                                                                    &amp#27;[90m# org.wso2.am.integration.cucumbertests.stepdefinitions.StoreStepDefinitions.i_initialize_store_client(java.lang.String,java.lang.String,java.lang.String,java.lang.String)&amp#27;[0m
07:51:01.958 [docker-java-stream--679690411] INFO  o.w.a.t.CustomAPIMContainer - [customHeader] STDOUT: [2025-05-07 02:20:59,795]  INFO - EventProcessorConfigurationFilesystemInvoker Execution plan: carbon.super_sub_Silver saved in the filesystem
07:51:05.213 [docker-java-stream--679690411] INFO  o.w.a.t.CustomAPIMContainer - [customHeader] STDOUT: [2025-05-07 02:21:03,242]  INFO - EventJunction Producer added to the junction. Stream:org.wso2.throttle.globalThrottle.stream:1.0.0
07:51:05.249 [docker-java-stream--679690411] INFO  o.w.a.t.CustomAPIMContainer - [customHeader] STDOUT: [2025-05-07 02:21:03,243]  INFO - EventJunction Consumer added to the junction. Stream:org.wso2.throttle.processed.request.stream:1.0.0
07:51:05.250 [docker-java-stream--679690411] INFO  o.w.a.t.CustomAPIMContainer - [customHeader] STDOUT: [2025-05-07 02:21:03,243]  INFO - EventProcessorDeployer Execution plan is deployed successfully and in active state  : carbon.super_sub_Silver
07:51:07.285 [docker-java-stream--679690411] INFO  o.w.a.t.CustomAPIMContainer - [customHeader] STDOUT: [2025-05-07 02:21:05,261]  INFO - EventProcessorConfigurationFilesystemInvoker Execution plan: carbon.super_sub_Bronze saved in the filesystem
07:51:08.550 [docker-java-stream--679690411] INFO  o.w.a.t.CustomAPIMContainer - [customHeader] STDOUT: [2025-05-07 02:21:06,583]  INFO - EventJunction Producer added to the junction. Stream:org.wso2.throttle.globalThrottle.stream:1.0.0
07:51:08.563 [docker-java-stream--679690411] INFO  o.w.a.t.CustomAPIMContainer - [customHeader] STDOUT: [2025-05-07 02:21:06,584]  INFO - EventJunction Consumer added to the junction. Stream:org.wso2.throttle.processed.request.stream:1.0.0
07:51:08.601 [docker-java-stream--679690411] INFO  o.w.a.t.CustomAPIMContainer - [customHeader] STDOUT: [2025-05-07 02:21:06,584]  INFO - EventProcessorDeployer Execution plan is deployed successfully and in active state  : carbon.super_sub_Bronze
07:51:09.654 [docker-java-stream--679690411] INFO  o.w.a.t.CustomAPIMContainer - [customHeader] STDOUT: [2025-05-07 02:21:07,654]  INFO - EventProcessorConfigurationFilesystemInvoker Execution plan: carbon.super_sub_Unauthenticated saved in the filesystem
07:51:11.046 [docker-java-stream--679690411] INFO  o.w.a.t.CustomAPIMContainer - [customHeader] STDOUT: [2025-05-07 02:21:08,994]  INFO - GatewayStartupListener Gateway policy artifacts deployed Successfully in the Gateway
07:51:14.245 [docker-java-stream--679690411] INFO  o.w.a.t.CustomAPIMContainer - [customHeader] STDOUT: [2025-05-07 02:21:12,142]  INFO - EventJunction Producer added to the junction. Stream:org.wso2.throttle.globalThrottle.stream:1.0.0
07:51:14.259 [docker-java-stream--679690411] INFO  o.w.a.t.CustomAPIMContainer - [customHeader] STDOUT: [2025-05-07 02:21:12,147]  INFO - EventJunction Consumer added to the junction. Stream:org.wso2.throttle.processed.request.stream:1.0.0
07:51:14.375 [docker-java-stream--679690411] INFO  o.w.a.t.CustomAPIMContainer - [customHeader] STDOUT: [2025-05-07 02:21:12,147]  INFO - EventProcessorDeployer Execution plan is deployed successfully and in active state  : carbon.super_sub_Unauthenticated
07:51:14.376 [docker-java-stream--679690411] INFO  o.w.a.t.CustomAPIMContainer - [customHeader] STDOUT: [2025-05-07 02:21:12,391]  INFO - EventProcessorConfigurationFilesystemInvoker Execution plan: carbon.super_sub_DefaultSubscriptionless saved in the filesystem
07:51:18.090 [docker-java-stream--679690411] INFO  o.w.a.t.CustomAPIMContainer - [customHeader] STDOUT: [2025-05-07 02:21:16,129]  INFO - EventJunction Producer added to the junction. Stream:org.wso2.throttle.globalThrottle.stream:1.0.0
07:51:18.095 [docker-java-stream--679690411] INFO  o.w.a.t.CustomAPIMContainer - [customHeader] STDOUT: [2025-05-07 02:21:16,135]  INFO - EventJunction Consumer added to the junction. Stream:org.wso2.throttle.processed.request.stream:1.0.0
07:51:18.105 [docker-java-stream--679690411] INFO  o.w.a.t.CustomAPIMContainer - [customHeader] STDOUT: [2025-05-07 02:21:16,142]  INFO - EventProcessorDeployer Execution plan is deployed successfully and in active state  : carbon.super_sub_DefaultSubscriptionless
07:51:20.421 [docker-java-stream--679690411] INFO  o.w.a.t.CustomAPIMContainer - [customHeader] STDOUT: [2025-05-07 02:21:18,274]  INFO - EventProcessorConfigurationFilesystemInvoker Execution plan: carbon.super_sub_AsyncGold saved in the filesystem
  &amp#27;[32mAnd &amp#27;[0m&amp#27;[32mI initialize the Publisher REST API client with username &amp#27;[0m&amp#27;[32m&amp#27;[1m"admin"&amp#27;[0m&amp#27;[32m, password &amp#27;[0m&amp#27;[32m&amp#27;[1m"admin"&amp#27;[0m&amp#27;[32m and tenant &amp#27;[0m&amp#27;[32m&amp#27;[1m"carbon.super"&amp#27;[0m&amp#27;[32m for container &amp#27;[0m&amp#27;[32m&amp#27;[1m"custom_header"&amp#27;[0m                                                                                                                                                &amp#27;[90m# org.wso2.am.integration.cucumbertests.stepdefinitions.PublisherStepDefinitions.i_initialize_publisher_client(java.lang.String,java.lang.String,java.lang.String,java.lang.String)&amp#27;[0m
07:51:28.597 [docker-java-stream--679690411] INFO  o.w.a.t.CustomAPIMContainer - [customHeader] STDOUT: [2025-05-07 02:21:25,254]  INFO - EventJunction Producer added to the junction. Stream:org.wso2.throttle.globalThrottle.stream:1.0.0
07:51:28.598 [docker-java-stream--679690411] INFO  o.w.a.t.CustomAPIMContainer - [customHeader] STDOUT: [2025-05-07 02:21:25,254]  INFO - EventJunction Consumer added to the junction. Stream:org.wso2.throttle.processed.request.stream:1.0.0
07:51:28.602 [docker-java-stream--679690411] INFO  o.w.a.t.CustomAPIMContainer - [customHeader] STDOUT: [2025-05-07 02:21:25,254]  INFO - EventProcessorDeployer Execution plan is deployed successfully and in active state  : carbon.super_sub_AsyncGold
07:51:28.607 [docker-java-stream--679690411] INFO  o.w.a.t.CustomAPIMContainer - [customHeader] STDOUT: [2025-05-07 02:21:25,423]  INFO - EventProcessorConfigurationFilesystemInvoker Execution plan: carbon.super_sub_AsyncSilver saved in the filesystem
07:51:28.608 [docker-java-stream--679690411] INFO  o.w.a.t.CustomAPIMContainer - [customHeader] STDOUT: [2025-05-07 02:21:25,770]  INFO - EventJunction Producer added to the junction. Stream:org.wso2.throttle.globalThrottle.stream:1.0.0
07:51:28.722 [docker-java-stream--679690411] INFO  o.w.a.t.CustomAPIMContainer - [customHeader] STDOUT: [2025-05-07 02:21:25,772]  INFO - EventJunction Consumer added to the junction. Stream:org.wso2.throttle.processed.request.stream:1.0.0
07:51:28.722 [docker-java-stream--679690411] INFO  o.w.a.t.CustomAPIMContainer - [customHeader] STDOUT: [2025-05-07 02:21:25,772]  INFO - EventProcessorDeployer Execution plan is deployed successfully and in active state  : carbon.super_sub_AsyncSilver
07:51:28.722 [docker-java-stream--679690411] INFO  o.w.a.t.CustomAPIMContainer - [customHeader] STDOUT: [2025-05-07 02:21:25,833]  INFO - EventProcessorConfigurationFilesystemInvoker Execution plan: carbon.super_sub_AsyncBronze saved in the filesystem
07:51:31.127 [docker-java-stream--679690411] INFO  o.w.a.t.CustomAPIMContainer - [customHeader] STDOUT: [2025-05-07 02:21:29,158]  INFO - EventJunction Producer added to the junction. Stream:org.wso2.throttle.globalThrottle.stream:1.0.0
07:51:31.220 [docker-java-stream--679690411] INFO  o.w.a.t.CustomAPIMContainer - [customHeader] STDOUT: [2025-05-07 02:21:29,176]  INFO - EventJunction Consumer added to the junction. Stream:org.wso2.throttle.processed.request.stream:1.0.0
07:51:31.227 [docker-java-stream--679690411] INFO  o.w.a.t.CustomAPIMContainer - [customHeader] STDOUT: [2025-05-07 02:21:29,193]  INFO - EventProcessorDeployer Execution plan is deployed successfully and in active state  : carbon.super_sub_AsyncBronze
07:51:33.715 [docker-java-stream--679690411] INFO  o.w.a.t.CustomAPIMContainer - [customHeader] STDOUT: [2025-05-07 02:21:30,733]  INFO - EventProcessorConfigurationFilesystemInvoker Execution plan: carbon.super_sub_AsyncDefaultSubscriptionless saved in the filesystem
07:51:33.716 [docker-java-stream--679690411] INFO  o.w.a.t.CustomAPIMContainer - [customHeader] STDOUT: [2025-05-07 02:21:30,848]  INFO - EventJunction Producer added to the junction. Stream:org.wso2.throttle.globalThrottle.stream:1.0.0
07:51:33.716 [docker-java-stream--679690411] INFO  o.w.a.t.CustomAPIMContainer - [customHeader] STDOUT: [2025-05-07 02:21:30,849]  INFO - EventJunction Consumer added to the junction. Stream:org.wso2.throttle.processed.request.stream:1.0.0
07:51:33.716 [docker-java-stream--679690411] INFO  o.w.a.t.CustomAPIMContainer - [customHeader] STDOUT: [2025-05-07 02:21:30,849]  INFO - EventProcessorDeployer Execution plan is deployed successfully and in active state  : carbon.super_sub_AsyncDefaultSubscriptionless
07:51:34.842 [docker-java-stream--679690411] INFO  o.w.a.t.CustomAPIMContainer - [customHeader] STDOUT: [2025-05-07 02:21:32,875]  INFO - EventProcessorConfigurationFilesystemInvoker Execution plan: carbon.super_sub_AIGold saved in the filesystem
07:51:37.249 [docker-java-stream--679690411] INFO  o.w.a.t.CustomAPIMContainer - [customHeader] STDOUT: [2025-05-07 02:21:35,160]  INFO - EventJunction Producer added to the junction. Stream:org.wso2.throttle.globalThrottle.stream:1.0.0
07:51:37.255 [docker-java-stream--679690411] INFO  o.w.a.t.CustomAPIMContainer - [customHeader] STDOUT: [2025-05-07 02:21:35,164]  INFO - EventJunction Consumer added to the junction. Stream:org.wso2.throttle.processed.request.stream:1.0.0
07:51:37.275 [docker-java-stream--679690411] INFO  o.w.a.t.CustomAPIMContainer - [customHeader] STDOUT: [2025-05-07 02:21:35,164]  INFO - EventProcessorDeployer Execution plan is deployed successfully and in active state  : carbon.super_sub_AIGold
07:51:37.285 [docker-java-stream--679690411] INFO  o.w.a.t.CustomAPIMContainer - [customHeader] STDOUT: [2025-05-07 02:21:35,287]  INFO - EventProcessorConfigurationFilesystemInvoker Execution plan: carbon.super_sub_AISilver saved in the filesystem
07:51:37.833 [docker-java-stream--679690411] INFO  o.w.a.t.CustomAPIMContainer - [customHeader] STDOUT: [2025-05-07 02:21:35,865]  INFO - EventJunction Producer added to the junction. Stream:org.wso2.throttle.globalThrottle.stream:1.0.0
07:51:37.847 [docker-java-stream--679690411] INFO  o.w.a.t.CustomAPIMContainer - [customHeader] STDOUT: [2025-05-07 02:21:35,866]  INFO - EventJunction Consumer added to the junction. Stream:org.wso2.throttle.processed.request.stream:1.0.0
07:51:37.888 [docker-java-stream--679690411] INFO  o.w.a.t.CustomAPIMContainer - [customHeader] STDOUT: [2025-05-07 02:21:35,866]  INFO - EventProcessorDeployer Execution plan is deployed successfully and in active state  : carbon.super_sub_AISilver
07:51:37.901 [docker-java-stream--679690411] INFO  o.w.a.t.CustomAPIMContainer - [customHeader] STDOUT: [2025-05-07 02:21:35,920]  INFO - EventProcessorConfigurationFilesystemInvoker Execution plan: carbon.super_sub_AIBronze saved in the filesystem
07:51:38.010 [docker-java-stream--679690411] INFO  o.w.a.t.CustomAPIMContainer - [customHeader] STDOUT: [2025-05-07 02:21:36,047]  INFO - EventJunction Producer added to the junction. Stream:org.wso2.throttle.globalThrottle.stream:1.0.0
07:51:38.019 [docker-java-stream--679690411] INFO  o.w.a.t.CustomAPIMContainer - [customHeader] STDOUT: [2025-05-07 02:21:36,047]  INFO - EventJunction Consumer added to the junction. Stream:org.wso2.throttle.processed.request.stream:1.0.0
07:51:38.031 [docker-java-stream--679690411] INFO  o.w.a.t.CustomAPIMContainer - [customHeader] STDOUT: [2025-05-07 02:21:36,052]  INFO - EventProcessorDeployer Execution plan is deployed successfully and in active state  : carbon.super_sub_AIBronze
07:51:42.499 [docker-java-stream--679690411] INFO  o.w.a.t.CustomAPIMContainer - [customHeader] STDOUT: [2025-05-07 02:21:36,226]  INFO - EventProcessorConfigurationFilesystemInvoker Execution plan: carbon.super_sub_AsyncWHGold saved in the filesystem
07:51:42.503 [docker-java-stream--679690411] INFO  o.w.a.t.CustomAPIMContainer - [customHeader] STDOUT: [2025-05-07 02:21:36,643]  INFO - EventJunction Producer added to the junction. Stream:org.wso2.throttle.globalThrottle.stream:1.0.0
07:51:42.504 [docker-java-stream--679690411] INFO  o.w.a.t.CustomAPIMContainer - [customHeader] STDOUT: [2025-05-07 02:21:36,644]  INFO - EventJunction Consumer added to the junction. Stream:org.wso2.throttle.processed.request.stream:1.0.0
07:51:43.648 [docker-java-stream--679690411] INFO  o.w.a.t.CustomAPIMContainer - [customHeader] STDOUT: [2025-05-07 02:21:36,644]  INFO - EventProcessorDeployer Execution plan is deployed successfully and in active state  : carbon.super_sub_AsyncWHGold
07:51:43.649 [docker-java-stream--679690411] INFO  o.w.a.t.CustomAPIMContainer - [customHeader] STDOUT: [2025-05-07 02:21:41,496]  INFO - EventProcessorConfigurationFilesystemInvoker Execution plan: carbon.super_sub_AsyncWHSilver saved in the filesystem
07:51:48.880 [docker-java-stream--679690411] INFO  o.w.a.t.CustomAPIMContainer - [customHeader] STDOUT: [2025-05-07 02:21:46,845]  INFO - EventJunction Producer added to the junction. Stream:org.wso2.throttle.globalThrottle.stream:1.0.0
07:51:48.885 [docker-java-stream--679690411] INFO  o.w.a.t.CustomAPIMContainer - [customHeader] STDOUT: [2025-05-07 02:21:46,846]  INFO - EventJunction Consumer added to the junction. Stream:org.wso2.throttle.processed.request.stream:1.0.0
07:51:48.891 [docker-java-stream--679690411] INFO  o.w.a.t.CustomAPIMContainer - [customHeader] STDOUT: [2025-05-07 02:21:46,846]  INFO - EventProcessorDeployer Execution plan is deployed successfully and in active state  : carbon.super_sub_AsyncWHSilver
07:51:48.902 [docker-java-stream--679690411] INFO  o.w.a.t.CustomAPIMContainer - [customHeader] STDOUT: [2025-05-07 02:21:46,882]  INFO - EventProcessorConfigurationFilesystemInvoker Execution plan: carbon.super_sub_AsyncWHBronze saved in the filesystem
07:51:49.083 [docker-java-stream--679690411] INFO  o.w.a.t.CustomAPIMContainer - [customHeader] STDOUT: [2025-05-07 02:21:47,111]  INFO - EventJunction Producer added to the junction. Stream:org.wso2.throttle.globalThrottle.stream:1.0.0
07:51:49.094 [docker-java-stream--679690411] INFO  o.w.a.t.CustomAPIMContainer - [customHeader] STDOUT: [2025-05-07 02:21:47,112]  INFO - EventJunction Consumer added to the junction. Stream:org.wso2.throttle.processed.request.stream:1.0.0
07:51:49.104 [docker-java-stream--679690411] INFO  o.w.a.t.CustomAPIMContainer - [customHeader] STDOUT: [2025-05-07 02:21:47,112]  INFO - EventProcessorDeployer Execution plan is deployed successfully and in active state  : carbon.super_sub_AsyncWHBronze
07:51:49.403 [docker-java-stream--679690411] INFO  o.w.a.t.CustomAPIMContainer - [customHeader] STDOUT: [2025-05-07 02:21:47,438]  INFO - CarbonUIServiceComponent Mgt Console URL  : https://localhost:9443/carbon/
07:51:49.404 [docker-java-stream--679690411] INFO  o.w.a.t.CustomAPIMContainer - [customHeader] STDOUT: [2025-05-07 02:21:47,439]  INFO - CarbonUIServiceComponent API Developer Portal Default Context : https://localhost:9443/devportal
07:51:49.425 [docker-java-stream--679690411] INFO  o.w.a.t.CustomAPIMContainer - [customHeader] STDOUT: [2025-05-07 02:21:47,439]  INFO - CarbonUIServiceComponent API Publisher Default Context : https://localhost:9443/publisher
07:51:49.459 [docker-java-stream--679690411] INFO  o.w.a.t.CustomAPIMContainer - [customHeader] STDOUT: [2025-05-07 02:21:47,479]  INFO - EventProcessorConfigurationFilesystemInvoker Execution plan: carbon.super_app_50PerMin saved in the filesystem
07:51:53.838 [docker-java-stream--679690411] INFO  o.w.a.t.CustomAPIMContainer - [customHeader] STDOUT: [2025-05-07 02:21:51,846]  INFO - EventJunction Producer added to the junction. Stream:org.wso2.throttle.globalThrottle.stream:1.0.0
07:51:53.885 [docker-java-stream--679690411] INFO  o.w.a.t.CustomAPIMContainer - [customHeader] STDOUT: [2025-05-07 02:21:51,865]  INFO - EventJunction Consumer added to the junction. Stream:org.wso2.throttle.processed.request.stream:1.0.0
07:51:53.929 [docker-java-stream--679690411] INFO  o.w.a.t.CustomAPIMContainer - [customHeader] STDOUT: [2025-05-07 02:21:51,966]  INFO - EventProcessorDeployer Execution plan is deployed successfully and in active state  : carbon.super_app_50PerMin
07:51:54.529 [docker-java-stream--679690411] INFO  o.w.a.t.CustomAPIMContainer - [customHeader] STDOUT: [2025-05-07 02:21:52,465]  INFO - EventProcessorConfigurationFilesystemInvoker Execution plan: carbon.super_app_20PerMin saved in the filesystem
07:52:00.963 [docker-java-stream--679690411] INFO  o.w.a.t.CustomAPIMContainer - [customHeader] STDOUT: [2025-05-07 02:21:58,986]  INFO - EventJunction Producer added to the junction. Stream:org.wso2.throttle.globalThrottle.stream:1.0.0
07:52:00.973 [docker-java-stream--679690411] INFO  o.w.a.t.CustomAPIMContainer - [customHeader] STDOUT: [2025-05-07 02:21:58,987]  INFO - EventJunction Consumer added to the junction. Stream:org.wso2.throttle.processed.request.stream:1.0.0
07:52:00.982 [docker-java-stream--679690411] INFO  o.w.a.t.CustomAPIMContainer - [customHeader] STDOUT: [2025-05-07 02:21:59,005]  INFO - EventProcessorDeployer Execution plan is deployed successfully and in active state  : carbon.super_app_20PerMin
07:52:01.407 [docker-java-stream--679690411] INFO  o.w.a.t.CustomAPIMContainer - [customHeader] STDOUT: [2025-05-07 02:21:59,423]  INFO - EventProcessorConfigurationFilesystemInvoker Execution plan: carbon.super_app_10PerMin saved in the filesystem
07:52:03.036 [docker-java-stream--679690411] INFO  o.w.a.t.CustomAPIMContainer - [customHeader] STDOUT: [2025-05-07 02:22:01,018]  INFO - EventJunction Producer added to the junction. Stream:org.wso2.throttle.globalThrottle.stream:1.0.0
07:52:03.039 [docker-java-stream--679690411] INFO  o.w.a.t.CustomAPIMContainer - [customHeader] STDOUT: [2025-05-07 02:22:01,019]  INFO - EventJunction Consumer added to the junction. Stream:org.wso2.throttle.processed.request.stream:1.0.0
07:52:03.039 [docker-java-stream--679690411] INFO  o.w.a.t.CustomAPIMContainer - [customHeader] STDOUT: [2025-05-07 02:22:01,019]  INFO - EventProcessorDeployer Execution plan is deployed successfully and in active state  : carbon.super_app_10PerMin
07:52:04.084 [docker-java-stream--679690411] INFO  o.w.a.t.CustomAPIMContainer - [customHeader] STDOUT: [2025-05-07 02:22:02,122]  INFO - EventProcessorConfigurationFilesystemInvoker Execution plan: carbon.super_resource_50KPerMin_default saved in the filesystem
07:52:05.370 [docker-java-stream--679690411] INFO  o.w.a.t.CustomAPIMContainer - [customHeader] STDOUT: [2025-05-07 02:22:03,408]  INFO - EventJunction Producer added to the junction. Stream:org.wso2.throttle.globalThrottle.stream:1.1.0
07:52:05.386 [docker-java-stream--679690411] INFO  o.w.a.t.CustomAPIMContainer - [customHeader] STDOUT: [2025-05-07 02:22:03,415]  INFO - EventJunction Consumer added to the junction. Stream:org.wso2.throttle.processed.request.stream:1.0.0
07:52:05.407 [docker-java-stream--679690411] INFO  o.w.a.t.CustomAPIMContainer - [customHeader] STDOUT: [2025-05-07 02:22:03,443]  INFO - EventProcessorDeployer Execution plan is deployed successfully and in active state  : carbon.super_resource_50KPerMin_default
07:52:07.182 [docker-java-stream--679690411] INFO  o.w.a.t.CustomAPIMContainer - [customHeader] STDOUT: [2025-05-07 02:22:05,205]  INFO - EventProcessorConfigurationFilesystemInvoker Execution plan: carbon.super_resource_20KPerMin_default saved in the filesystem
07:52:07.447 [docker-java-stream--679690411] INFO  o.w.a.t.CustomAPIMContainer - [customHeader] STDOUT: [2025-05-07 02:22:05,461]  INFO - EventJunction Producer added to the junction. Stream:org.wso2.throttle.globalThrottle.stream:1.1.0
07:52:07.520 [docker-java-stream--679690411] INFO  o.w.a.t.CustomAPIMContainer - [customHeader] STDOUT: [2025-05-07 02:22:05,462]  INFO - EventJunction Consumer added to the junction. Stream:org.wso2.throttle.processed.request.stream:1.0.0
07:52:07.520 [docker-java-stream--679690411] INFO  o.w.a.t.CustomAPIMContainer - [customHeader] STDOUT: [2025-05-07 02:22:05,462]  INFO - EventProcessorDeployer Execution plan is deployed successfully and in active state  : carbon.super_resource_20KPerMin_default
07:52:07.592 [docker-java-stream--679690411] INFO  o.w.a.t.CustomAPIMContainer - [customHeader] STDOUT: [2025-05-07 02:22:05,632]  INFO - EventProcessorConfigurationFilesystemInvoker Execution plan: carbon.super_resource_10KPerMin_default saved in the filesystem
07:52:07.855 [docker-java-stream--679690411] INFO  o.w.a.t.CustomAPIMContainer - [customHeader] STDOUT: [2025-05-07 02:22:05,885]  INFO - EventJunction Producer added to the junction. Stream:org.wso2.throttle.globalThrottle.stream:1.1.0
07:52:07.898 [docker-java-stream--679690411] INFO  o.w.a.t.CustomAPIMContainer - [customHeader] STDOUT: [2025-05-07 02:22:05,908]  INFO - EventJunction Consumer added to the junction. Stream:org.wso2.throttle.processed.request.stream:1.0.0
07:52:07.901 [docker-java-stream--679690411] INFO  o.w.a.t.CustomAPIMContainer - [customHeader] STDOUT: [2025-05-07 02:22:05,909]  INFO - EventProcessorDeployer Execution plan is deployed successfully and in active state  : carbon.super_resource_10KPerMin_default
07:52:08.367 [docker-java-stream--679690411] INFO  o.w.a.t.CustomAPIMContainer - [customHeader] STDOUT: [2025-05-07 02:22:06,186]  INFO - PassThroughHttpSSLSender PassThroughHttpSender reloading SSL Config..
07:52:08.418 [docker-java-stream--679690411] INFO  o.w.a.t.CustomAPIMContainer - [customHeader] STDOUT: [2025-05-07 02:22:06,378]  INFO - ClientConnFactoryBuilder customSSLProfiles configuration is loaded from path: /opt/repository/resources/security/sslprofiles.xml
07:52:08.715 [docker-java-stream--679690411] INFO  o.w.a.t.CustomAPIMContainer - [customHeader] STDOUT: [2025-05-07 02:22:06,379]  INFO - ClientConnFactoryBuilder HTTPS Loading custom SSL profiles for the HTTPS sender
07:52:09.189 [docker-java-stream--679690411] INFO  o.w.a.t.CustomAPIMContainer - [customHeader] STDOUT: [2025-05-07 02:22:07,184]  INFO - ClientConnFactoryBuilder HTTPS Custom SSL profiles initialized for 1 servers
07:52:09.201 [docker-java-stream--679690411] INFO  o.w.a.t.CustomAPIMContainer - [customHeader] STDOUT: [2025-05-07 02:22:07,185]  INFO - PassThroughHttpSSLSender Pass-through HTTPS Sender updated with Dynamic Configuration Updates ...
07:52:09.202 [docker-java-stream--679690411] INFO  o.w.a.t.CustomAPIMContainer - [customHeader] STDOUT: [2025-05-07 02:22:07,187]  INFO - PassThroughHttpMultiSSLListener PassThroughHttpListener reloading SSL Config..
07:52:09.454 [docker-java-stream--679690411] INFO  o.w.a.t.CustomAPIMContainer - [customHeader] STDOUT: [2025-05-07 02:22:07,492]  INFO - ServerConnFactoryBuilder SSLProfile configuration is loaded from path: /opt/repository/resources/security/listenerprofiles.xml
07:52:10.522 [docker-java-stream--679690411] INFO  o.w.a.t.CustomAPIMContainer - [customHeader] STDOUT: [2025-05-07 02:22:08,558]  INFO - PassThroughListeningIOReactorManager Pass-through HTTPS Listener started on 0.0.0.0:8243
07:52:10.531 [docker-java-stream--679690411] INFO  o.w.a.t.CustomAPIMContainer - [customHeader] STDOUT: [2025-05-07 02:22:08,570]  INFO - PassThroughHttpMultiSSLListener HTTPS Reloaded
--> GET https://localhost:32851/api/am/gateway/v2/applications?uuid=aca7b7d4-cc7d-4448-b9f5-31fc96adcad7&tenantDomain=carbon.super HTTP/1.1
Accept: application/json
Authorization: Basic YWRtaW46YWRtaW4=
User-Agent: Swagger-Codegen/1.0.0/java
--> END GET
<-- HTTP/1.1 200  (10467ms)
X-WSO2-TraceId: 03e577ad-45f4-4b58-bea7-0124f66fced9
Date: Wed, 07 May 2025 02:22:29 GMT
Content-Type: application/json
Content-Length: 180
Keep-Alive: timeout=60
Connection: keep-alive
Server: WSO2 Carbon Server
OkHttp-Sent-Millis: 1746584547271
OkHttp-Received-Millis: 1746584557458

{"count":1,"list":[{"uuid":"aca7b7d4-cc7d-4448-b9f5-31fc96adcad7","id":2,"name":"Application1","subName":"admin","policy":"Unlimited","tokenType":"JWT","attributes":{},"keys":[]}]}
<-- END HTTP (180-byte body)
  &amp#27;[32mAnd &amp#27;[0m&amp#27;[32mI create an application named &amp#27;[0m&amp#27;[32m&amp#27;[1m"CustomHeaderApp"&amp#27;[0m&amp#27;[32m with throttling tier &amp#27;[0m&amp#27;[32m&amp#27;[1m"Unlimited"&amp#27;[0m                                                                                                                                                                                                          &amp#27;[90m# org.wso2.am.integration.cucumbertests.stepdefinitions.StoreStepDefinitions.i_create_application(java.lang.String,java.lang.String)&amp#27;[0m
  &amp#27;[32mAnd &amp#27;[0m&amp#27;[32mI create an API with name &amp#27;[0m&amp#27;[32m&amp#27;[1m"CustomAuthHeaderTestAPI1"&amp#27;[0m&amp#27;[32m, context &amp#27;[0m&amp#27;[32m&amp#27;[1m"customAuthHeaderTest1"&amp#27;[0m&amp#27;[32m and version &amp#27;[0m&amp#27;[32m&amp#27;[1m"1.0.0"&amp#27;[0m                                                                                                                                                                                 &amp#27;[90m# org.wso2.am.integration.cucumbertests.stepdefinitions.PublisherStepDefinitions.i_create_customer_service_api(java.lang.String,java.lang.String,java.lang.String)&amp#27;[0m
  &amp#27;[32mAnd &amp#27;[0m&amp#27;[32mI add &amp#27;[0m&amp#27;[32m&amp#27;[1m"/customers/123"&amp#27;[0m&amp#27;[32m operation without any scopes to the created API with id &amp#27;[0m&amp#27;[32m&amp#27;[1m"<createdApiId>"&amp#27;[0m                                                                                                                                                                                           &amp#27;[90m# org.wso2.am.integration.cucumbertests.stepdefinitions.PublisherStepDefinitions.i_add_operation_without_scopes_to_api(java.lang.String,java.lang.String)&amp#27;[0m
--> GET https://localhost:32851/api/am/gateway/v2/apis/631d0d3c-f520-4af5-9410-adccf490146f?tenantDomain=carbon.super HTTP/1.1
Accept: application/json
Authorization: Basic YWRtaW46YWRtaW4=
User-Agent: Swagger-Codegen/1.0.0/java
--> END GET
<-- HTTP/1.1 404  (793ms)
X-WSO2-TraceId: 934efe32-1068-4c9a-9290-0f2a2716714b
Date: Wed, 07 May 2025 02:23:28 GMT
Content-Length: 0
Keep-Alive: timeout=60
Connection: keep-alive
Server: WSO2 Carbon Server
OkHttp-Sent-Millis: 1746584609188
OkHttp-Received-Millis: 1746584609981
<-- END HTTP (0-byte body)
--> GET https://localhost:32851/api/am/gateway/v2/apis/631d0d3c-f520-4af5-9410-adccf490146f?tenantDomain=carbon.super HTTP/1.1
Accept: application/json
Authorization: Basic YWRtaW46YWRtaW4=
User-Agent: Swagger-Codegen/1.0.0/java
--> END GET
<-- HTTP/1.1 200  (260ms)
X-WSO2-TraceId: 5fdc3882-dbf2-44a0-b73d-7524fac514aa
Date: Wed, 07 May 2025 02:23:28 GMT
Content-Type: application/json
Content-Length: 418
Keep-Alive: timeout=60
Connection: keep-alive
Server: WSO2 Carbon Server
OkHttp-Sent-Millis: 1746584610488
OkHttp-Received-Millis: 1746584610748

{"apiUUID":"631d0d3c-f520-4af5-9410-adccf490146f","apiId":1,"provider":"admin","name":"CustomAuthHeaderTestAPI1","version":null,"context":"/customAuthHeaderTest1/1.0.0","policy":null,"apiType":"HTTP","isDefaultVersion":true,"status":"CREATED","urlMappings":[{"authScheme":"Application & Application User","throttlingPolicy":"Unlimited","httpMethod":"GET","urlPattern":"/customers/123","scopes":[]}],"subscripitons":[]}
<-- END HTTP (418-byte body)
07:53:35.768 [docker-java-stream--679690411] INFO  o.w.a.t.CustomAPIMContainer - [customHeader] STDOUT: [2025-05-07 02:23:33,812]  INFO - CommonUtil Creation of folder is successful. Directory Name : CustomAuthHeaderTestAPI1-1.0.0
07:53:35.812 [docker-java-stream--679690411] INFO  o.w.a.t.CustomAPIMContainer - [customHeader] STDOUT: [2025-05-07 02:23:33,838]  INFO - CommonUtil Creation of folder is successful. Directory Name : Definitions
07:53:39.323 [docker-java-stream--679690411] INFO  o.w.a.t.CustomAPIMContainer - [customHeader] STDOUT: [2025-05-07 02:23:37,368]  INFO - DependencyTracker Local entry : 631d0d3c-f520-4af5-9410-adccf490146f was added to the Synapse configuration successfully
07:53:39.344 [docker-java-stream--679690411] INFO  o.w.a.t.CustomAPIMContainer - [customHeader] STDOUT: [2025-05-07 02:23:37,390]  INFO - DependencyTracker Endpoint : CustomAuthHeaderTestAPI1--v1.0.0_APIproductionEndpoint was added to the Synapse configuration successfully
07:53:39.363 [docker-java-stream--679690411] INFO  o.w.a.t.CustomAPIMContainer - [customHeader] STDOUT: [2025-05-07 02:23:37,405]  INFO - DependencyTracker Endpoint : CustomAuthHeaderTestAPI1--v1.0.0_APIsandboxEndpoint was added to the Synapse configuration successfully
07:53:40.537 [docker-java-stream--679690411] INFO  o.w.a.t.CustomAPIMContainer - [customHeader] STDOUT: [2025-05-07 02:23:38,582]  INFO - API {api:CustomAuthHeaderTestAPI1:v1.0.0} Initializing API: CustomAuthHeaderTestAPI1:v1.0.0
07:53:40.743 [docker-java-stream--679690411] INFO  o.w.a.t.CustomAPIMContainer - [customHeader] STDOUT: [2025-05-07 02:23:38,758]  INFO - DependencyTracker API : CustomAuthHeaderTestAPI1:v1.0.0 was added to the Synapse configuration successfully
  &amp#27;[32mAnd &amp#27;[0m&amp#27;[32mI deploy a revision of the API with id &amp#27;[0m&amp#27;[32m&amp#27;[1m"<createdApiId>"&amp#27;[0m                                                                                                                                                                                                                                   &amp#27;[90m# org.wso2.am.integration.cucumbertests.stepdefinitions.PublisherStepDefinitions.i_deploy_revision(java.lang.String)&amp#27;[0m
  &amp#27;[32mAnd &amp#27;[0m&amp#27;[32mI publish the API with id &amp#27;[0m&amp#27;[32m&amp#27;[1m"<createdApiId>"&amp#27;[0m                                                                                                                                                                                                                                                &amp#27;[90m# org.wso2.am.integration.cucumbertests.stepdefinitions.PublisherStepDefinitions.i_publish_the_api(java.lang.String)&amp#27;[0m
--> GET https://localhost:32851/api/am/gateway/v2/subscriptions?apiUUID=631d0d3c-f520-4af5-9410-adccf490146f&appUUID=aca7b7d4-cc7d-4448-b9f5-31fc96adcad7&tenantDomain=carbon.super HTTP/1.1
Accept: application/json
Authorization: Basic YWRtaW46YWRtaW4=
User-Agent: Swagger-Codegen/1.0.0/java
--> END GET
<-- HTTP/1.1 200  (218ms)
X-WSO2-TraceId: 81456d9a-9269-4857-afaf-1d23d162d75a
Date: Wed, 07 May 2025 02:23:42 GMT
Content-Type: application/json
Content-Length: 90
Keep-Alive: timeout=60
Connection: keep-alive
Server: WSO2 Carbon Server
OkHttp-Sent-Millis: 1746584624639
OkHttp-Received-Millis: 1746584624857

{"subscriptionId":1,"policyId":"Gold","apiId":1,"appId":2,"subscriptionState":"UNBLOCKED"}
<-- END HTTP (90-byte body)
  &amp#27;[32mAnd &amp#27;[0m&amp#27;[32mI subscribe to API &amp#27;[0m&amp#27;[32m&amp#27;[1m"<createdApiId>"&amp#27;[0m&amp#27;[32m using application &amp#27;[0m&amp#27;[32m&amp#27;[1m"<createdAppId>"&amp#27;[0m&amp#27;[32m with throttling policy &amp#27;[0m&amp#27;[32m&amp#27;[1m"Gold"&amp#27;[0m                                                                                                                                                                                      &amp#27;[90m# org.wso2.am.integration.cucumbertests.stepdefinitions.StoreStepDefinitions.i_subscribe_to_api(java.lang.String,java.lang.String,java.lang.String)&amp#27;[0m
--> GET https://localhost:32851/api/am/gateway/v2/applications?uuid=aca7b7d4-cc7d-4448-b9f5-31fc96adcad7&tenantDomain=carbon.super HTTP/1.1
Accept: application/json
Authorization: Basic YWRtaW46YWRtaW4=
User-Agent: Swagger-Codegen/1.0.0/java
--> END GET
<-- HTTP/1.1 200  (101ms)
X-WSO2-TraceId: 51811a3c-034c-4f9e-8a30-07eebd4fab6d
Date: Wed, 07 May 2025 02:23:48 GMT
Content-Type: application/json
Content-Length: 180
Keep-Alive: timeout=60
Connection: keep-alive
Server: WSO2 Carbon Server
OkHttp-Sent-Millis: 1746584630622
OkHttp-Received-Millis: 1746584630723

{"count":1,"list":[{"uuid":"aca7b7d4-cc7d-4448-b9f5-31fc96adcad7","id":2,"name":"Application1","subName":"admin","policy":"Unlimited","tokenType":"JWT","attributes":{},"keys":[]}]}
<-- END HTTP (180-byte body)
--> GET https://localhost:32851/api/am/gateway/v2/applications?uuid=aca7b7d4-cc7d-4448-b9f5-31fc96adcad7&tenantDomain=carbon.super HTTP/1.1
Accept: application/json
Authorization: Basic YWRtaW46YWRtaW4=
User-Agent: Swagger-Codegen/1.0.0/java
--> END GET
<-- HTTP/1.1 200  (38ms)
X-WSO2-TraceId: 1eea66dd-85f0-4362-aa6a-70e82227015d
Date: Wed, 07 May 2025 02:23:49 GMT
Content-Type: application/json
Content-Length: 285
Keep-Alive: timeout=60
Connection: keep-alive
Server: WSO2 Carbon Server
OkHttp-Sent-Millis: 1746584631230
OkHttp-Received-Millis: 1746584631268

{"count":1,"list":[{"uuid":"aca7b7d4-cc7d-4448-b9f5-31fc96adcad7","id":2,"name":"Application1","subName":"admin","policy":"Unlimited","tokenType":"JWT","attributes":{},"keys":[{"consumerKey":"2oajNPgRdIxk22OodLpkU0r3LY4a","keyType":"PRODUCTION","keyManager":"Resident Key Manager"}]}]}
<-- END HTTP (285-byte body)
  &amp#27;[32mWhen &amp#27;[0m&amp#27;[32mI generate client credentials for application id &amp#27;[0m&amp#27;[32m&amp#27;[1m"<createdAppId>"&amp#27;[0m&amp#27;[32m with key type &amp#27;[0m&amp#27;[32m&amp#27;[1m"PRODUCTION"&amp#27;[0m                                                                                                                                                                                             &amp#27;[90m# org.wso2.am.integration.cucumbertests.stepdefinitions.StoreStepDefinitions.i_generate_client_credentials(java.lang.String,java.lang.String)&amp#27;[0m
org.wso2.carbon.automation.test.utils.http.client.HttpResponse@675b18ff
  &amp#27;[32mAnd &amp#27;[0m&amp#27;[32mI request an access token using grant type &amp#27;[0m&amp#27;[32m&amp#27;[1m"client_credentials"&amp#27;[0m&amp#27;[32m without any scope&amp#27;[0m                                                                                                                                                                                                         &amp#27;[90m# org.wso2.am.integration.cucumbertests.stepdefinitions.StoreStepDefinitions.i_request_access_token(java.lang.String)&amp#27;[0m
07:53:52.510 [docker-java-stream--679690411] INFO  o.w.a.t.CustomAPIMContainer - [customHeader] STDOUT: [2025-05-07 02:23:50,543]  INFO - JMSConnectionFactory JMS ConnectionFactory : tokenRevocationJMSPublisher initialized
07:53:53.429 [docker-java-stream--679690411] INFO  o.w.a.t.CustomAPIMContainer - [customHeader] STDOUT: [2025-05-07 02:23:51,474]  WARN - AccessConfiguration Error loading properties from file: access-log.properties
07:53:53.441 [docker-java-stream--679690411] INFO  o.w.a.t.CustomAPIMContainer - [customHeader] STDOUT: [2025-05-07 02:23:51,486]  WARN - MiscellaneousUtil Error loading properties from a file at from the System defined location: access-log.properties
07:53:53.461 [docker-java-stream--679690411] INFO  o.w.a.t.CustomAPIMContainer - [customHeader] STDOUT: [2025-05-07 02:23:51,497]  WARN - MiscellaneousUtil Error loading properties from a file at from the System defined location: access-log.properties
07:53:56.534 [docker-java-stream--679690411] INFO  o.w.a.t.CustomAPIMContainer - [customHeader] STDOUT: [2025-05-07 02:23:54,557]  INFO - DefaultKeyValidationHandler org.wso2.carbon.apimgt.keymgt.handlers.DefaultKeyValidationHandler Initialised
07:53:56.654 [docker-java-stream--679690411] INFO  o.w.a.t.CustomAPIMContainer - [customHeader] STDOUT: [2025-05-07 02:23:54,698]  INFO - JMSConnectionFactory JMS ConnectionFactory : jmsEventPublisher initialized
07:53:56.755 [docker-java-stream--679690411] INFO  o.w.a.t.CustomAPIMContainer - [customHeader] STDOUT: [2025-05-07 02:23:54,800]  INFO - TimeoutHandler This engine will expire all callbacks after GLOBAL_TIMEOUT: 120 seconds, irrespective of the timeout action, after the specified or optional timeout
07:53:57.128 [docker-java-stream-264831773] INFO  o.w.am.testcontainers.NodeAppServer - STDOUT: ----invoking getCustomer, Customer id is: 123
  &amp#27;[32mAnd &amp#27;[0m&amp#27;[32mI invoke API of ID &amp#27;[0m&amp#27;[32m&amp#27;[1m"<createdApiId>"&amp#27;[0m&amp#27;[32m with path &amp#27;[0m&amp#27;[32m&amp#27;[1m"/customers/123"&amp#27;[0m&amp#27;[32m and method GET using access token &amp#27;[0m&amp#27;[32m&amp#27;[1m"<generatedAccessToken>"&amp#27;[0m&amp#27;[32m and header &amp#27;[0m&amp#27;[32m&amp#27;[1m"Test-Custom-Header"&amp#27;[0m                                                                                                                                 &amp#27;[90m# org.wso2.am.integration.cucumbertests.stepdefinitions.APIInvocationStepDefinitions.invoke_api_with_custom_auth_header(java.lang.String,java.lang.String,java.lang.String,java.lang.String)&amp#27;[0m
  &amp#27;[32mThen &amp#27;[0m&amp#27;[32mthe API response status should be &amp#27;[0m&amp#27;[32m&amp#27;[1m200&amp#27;[0m                                                                                                                                                                                                                                                    &amp#27;[90m# org.wso2.am.integration.cucumbertests.stepdefinitions.APIInvocationStepDefinitions.the_api_response_status_should_be(int)&amp#27;[0m
07:53:58.394 [docker-java-stream--679690411] INFO  o.w.a.t.CustomAPIMContainer - [customHeader] STDOUT: [2025-05-07 02:23:56,433]  WARN - APIAuthenticationHandler API authentication failure due to Missing Credentials for requestURI=/customAuthHeaderTest1/1.0.0/customers/123
  &amp#27;[32mWhen &amp#27;[0m&amp#27;[32mI invoke API of ID &amp#27;[0m&amp#27;[32m&amp#27;[1m"<createdApiId>"&amp#27;[0m&amp#27;[32m with path &amp#27;[0m&amp#27;[32m&amp#27;[1m"/customers/123"&amp#27;[0m&amp#27;[32m and method GET using access token &amp#27;[0m&amp#27;[32m&amp#27;[1m"<generatedAccessToken>"&amp#27;[0m&amp#27;[32m and header &amp#27;[0m&amp#27;[32m&amp#27;[1m"Authorization"&amp#27;[0m                                                                                                                                     &amp#27;[90m# org.wso2.am.integration.cucumbertests.stepdefinitions.APIInvocationStepDefinitions.invoke_api_with_custom_auth_header(java.lang.String,java.lang.String,java.lang.String,java.lang.String)&amp#27;[0m
  &amp#27;[32mThen &amp#27;[0m&amp#27;[32mthe API response status should be &amp#27;[0m&amp#27;[32m&amp#27;[1m401&amp#27;[0m                                                                                                                                                                                                                                                    &amp#27;[90m# org.wso2.am.integration.cucumbertests.stepdefinitions.APIInvocationStepDefinitions.the_api_response_status_should_be(int)&amp#27;[0m
07:53:59.984 [docker-java-stream--679690411] INFO  o.w.a.t.CustomAPIMContainer - [customHeader] STDOUT: [2025-05-07 02:23:58,028]  WARN - APIUtil The configurations related to Api Key Generator Impl class in APIStore is missing in api-manager.xml. Hence returning the default value.
07:54:00.198 [docker-java-stream--679690411] INFO  o.w.a.t.CustomAPIMContainer - [customHeader] STDOUT: [2025-05-07 02:23:58,239]  WARN - APIUtil The configurations related to APIKey sign keystore in APIStore is missing in api-manager.xml. Hence returning the default value.
07:54:00.368 [docker-java-stream--679690411] INFO  o.w.a.t.CustomAPIMContainer - [customHeader] STDOUT: [2025-05-07 02:23:58,412]  WARN - APIUtil The configurations related to APIKey sign keystore in APIStore is missing in api-manager.xml. Hence returning the default value.
  &amp#27;[32mWhen &amp#27;[0m&amp#27;[32mI generate an API key for application &amp#27;[0m&amp#27;[32m&amp#27;[1m"<createdAppId>"&amp#27;[0m                                                                                                                                                                                                                                   &amp#27;[90m# org.wso2.am.integration.cucumbertests.stepdefinitions.StoreStepDefinitions.generate_api_key_for_app(java.lang.String)&amp#27;[0m
07:54:01.397 [docker-java-stream-264831773] INFO  o.w.am.testcontainers.NodeAppServer - STDOUT: ----invoking getCustomer, Customer id is: 123
  &amp#27;[32mAnd &amp#27;[0m&amp#27;[32mI invoke API of ID &amp#27;[0m&amp#27;[32m&amp#27;[1m"<createdApiId>"&amp#27;[0m&amp#27;[32m with path &amp#27;[0m&amp#27;[32m&amp#27;[1m"/customers/123"&amp#27;[0m&amp#27;[32m and method GET using API key &amp#27;[0m&amp#27;[32m&amp#27;[1m"<generatedApiKey>"&amp#27;[0m&amp#27;[32m and header &amp#27;[0m&amp#27;[32m&amp#27;[1m"ApiKey"&amp#27;[0m                                                                                                                                                       &amp#27;[90m# org.wso2.am.integration.cucumbertests.stepdefinitions.APIInvocationStepDefinitions.invoke_api_with_api_key_header(java.lang.String,java.lang.String,java.lang.String,java.lang.String)&amp#27;[0m
  &amp#27;[32mThen &amp#27;[0m&amp#27;[32mthe API response status should be &amp#27;[0m&amp#27;[32m&amp#27;[1m200&amp#27;[0m                                                                                                                                                                                                                                                    &amp#27;[90m# org.wso2.am.integration.cucumbertests.stepdefinitions.APIInvocationStepDefinitions.the_api_response_status_should_be(int)&amp#27;[0m
07:54:01.793 [docker-java-stream--679690411] INFO  o.w.a.t.CustomAPIMContainer - [customHeader] STDOUT: [2025-05-07 02:23:59,834]  WARN - APIAuthenticationHandler API authentication failure due to Missing Credentials for requestURI=/customAuthHeaderTest1/1.0.0/customers/123
  &amp#27;[32mWhen &amp#27;[0m&amp#27;[32mI invoke API of ID &amp#27;[0m&amp#27;[32m&amp#27;[1m"<createdApiId>"&amp#27;[0m&amp#27;[32m with path &amp#27;[0m&amp#27;[32m&amp#27;[1m"/customers/123"&amp#27;[0m&amp#27;[32m and method GET using API key &amp#27;[0m&amp#27;[32m&amp#27;[1m"<generatedApiKey>"&amp#27;[0m&amp#27;[32m and header &amp#27;[0m&amp#27;[32m&amp#27;[1m"Custom-ApiKey-Header"&amp#27;[0m                                                                                                                                        &amp#27;[90m# org.wso2.am.integration.cucumbertests.stepdefinitions.APIInvocationStepDefinitions.invoke_api_with_api_key_header(java.lang.String,java.lang.String,java.lang.String,java.lang.String)&amp#27;[0m
  &amp#27;[32mThen &amp#27;[0m&amp#27;[32mthe API response status should be &amp#27;[0m&amp#27;[32m&amp#27;[1m401&amp#27;[0m                                                                                                                                                                                                                                                    &amp#27;[90m# org.wso2.am.integration.cucumbertests.stepdefinitions.APIInvocationStepDefinitions.the_api_response_status_should_be(int)&amp#27;[0m
  &amp#27;[32mWhen &amp#27;[0m&amp#27;[32mI update the API with id &amp#27;[0m&amp#27;[32m&amp#27;[1m"<createdApiId>"&amp#27;[0m&amp#27;[32m to use API key header &amp#27;[0m&amp#27;[32m&amp#27;[1m"Custom-ApiKey-Header"&amp#27;[0m                                                                                                                                                                                                   &amp#27;[90m# org.wso2.am.integration.cucumbertests.stepdefinitions.PublisherStepDefinitions.update_api_with_custom_api_key_header(java.lang.String,java.lang.String)&amp#27;[0m
--> GET https://localhost:32851/api/am/gateway/v2/apis/631d0d3c-f520-4af5-9410-adccf490146f?tenantDomain=carbon.super HTTP/1.1
Accept: application/json
Authorization: Basic YWRtaW46YWRtaW4=
User-Agent: Swagger-Codegen/1.0.0/java
--> END GET
<-- HTTP/1.1 200  (222ms)
X-WSO2-TraceId: 5fa0a2dc-35ae-4995-8f6a-38f8b5de52c5
Date: Wed, 07 May 2025 02:24:03 GMT
Content-Type: application/json
Content-Length: 807
Keep-Alive: timeout=60
Connection: keep-alive
Server: WSO2 Carbon Server
OkHttp-Sent-Millis: 1746584645687
OkHttp-Received-Millis: 1746584645909

{"apiUUID":"631d0d3c-f520-4af5-9410-adccf490146f","apiId":1,"provider":"admin","name":"CustomAuthHeaderTestAPI1","version":null,"context":"/customAuthHeaderTest1/1.0.0","policy":null,"apiType":"HTTP","isDefaultVersion":true,"status":"PUBLISHED","urlMappings":[{"authScheme":"Application & Application User","throttlingPolicy":"Unlimited","httpMethod":"GET","urlPattern":"/customers/123","scopes":[]}],"subscripitons":[{"subscriptionUUID":"3a304fdf-c53d-4134-bbf9-dae9a6e63c4a","subscriptionPolicy":"Gold","status":"UNBLOCKED","application":{"uuid":"aca7b7d4-cc7d-4448-b9f5-31fc96adcad7","id":2,"name":"Application1","subName":"admin","policy":"Unlimited","tokenType":"JWT","attributes":{},"keys":[{"consumerKey":"2oajNPgRdIxk22OodLpkU0r3LY4a","keyType":"PRODUCTION","keyManager":"Resident Key Manager"}]}}]}
<-- END HTTP (807-byte body)
07:54:12.518 [docker-java-stream--679690411] INFO  o.w.a.t.CustomAPIMContainer - [customHeader] STDOUT: [2025-05-07 02:24:10,559]  INFO - CommonUtil Creation of folder is successful. Directory Name : CustomAuthHeaderTestAPI1-1.0.0
07:54:12.520 [docker-java-stream--679690411] INFO  o.w.a.t.CustomAPIMContainer - [customHeader] STDOUT: [2025-05-07 02:24:10,562]  INFO - CommonUtil Creation of folder is successful. Directory Name : Definitions
07:54:14.086 [docker-java-stream--679690411] INFO  o.w.a.t.CustomAPIMContainer - [customHeader] STDOUT: [2025-05-07 02:24:12,127]  INFO - API {api:CustomAuthHeaderTestAPI1:v1.0.0} Destroying API: CustomAuthHeaderTestAPI1:v1.0.0
07:54:14.149 [docker-java-stream--679690411] INFO  o.w.a.t.CustomAPIMContainer - [customHeader] STDOUT: [2025-05-07 02:24:12,190]  INFO - DependencyTracker API : CustomAuthHeaderTestAPI1:v1.0.0 was removed from the Synapse configuration successfully
07:54:14.155 [docker-java-stream--679690411] INFO  o.w.a.t.CustomAPIMContainer - [customHeader] STDOUT: [2025-05-07 02:24:12,195]  INFO - DependencyTracker Local entry : 631d0d3c-f520-4af5-9410-adccf490146f was removed from the Synapse configuration successfully
07:54:14.164 [docker-java-stream--679690411] INFO  o.w.a.t.CustomAPIMContainer - [customHeader] STDOUT: [2025-05-07 02:24:12,203]  INFO - DependencyTracker Local entry : 631d0d3c-f520-4af5-9410-adccf490146f was added to the Synapse configuration successfully
07:54:14.172 [docker-java-stream--679690411] INFO  o.w.a.t.CustomAPIMContainer - [customHeader] STDOUT: [2025-05-07 02:24:12,213]  INFO - DependencyTracker Endpoint : CustomAuthHeaderTestAPI1--v1.0.0_APIproductionEndpoint was added to the Synapse configuration successfully
07:54:14.182 [docker-java-stream--679690411] INFO  o.w.a.t.CustomAPIMContainer - [customHeader] STDOUT: [2025-05-07 02:24:12,223]  INFO - DependencyTracker Endpoint : CustomAuthHeaderTestAPI1--v1.0.0_APIsandboxEndpoint was added to the Synapse configuration successfully
07:54:14.198 [docker-java-stream--679690411] INFO  o.w.a.t.CustomAPIMContainer - [customHeader] STDOUT: [2025-05-07 02:24:12,239]  INFO - API {api:CustomAuthHeaderTestAPI1:v1.0.0} Initializing API: CustomAuthHeaderTestAPI1:v1.0.0
07:54:14.203 [docker-java-stream--679690411] INFO  o.w.a.t.CustomAPIMContainer - [customHeader] STDOUT: [2025-05-07 02:24:12,243]  INFO - DependencyTracker API : CustomAuthHeaderTestAPI1:v1.0.0 was added to the Synapse configuration successfully
  &amp#27;[32mAnd &amp#27;[0m&amp#27;[32mI deploy a revision of the API with id &amp#27;[0m&amp#27;[32m&amp#27;[1m"<createdApiId>"&amp#27;[0m                                                                                                                                                                                                                                   &amp#27;[90m# org.wso2.am.integration.cucumbertests.stepdefinitions.PublisherStepDefinitions.i_deploy_revision(java.lang.String)&amp#27;[0m
07:54:16.111 [docker-java-stream--679690411] INFO  o.w.a.t.CustomAPIMContainer - [customHeader] STDOUT: [2025-05-07 02:24:14,152]  WARN - APIUtil The configurations related to Api Key Generator Impl class in APIStore is missing in api-manager.xml. Hence returning the default value.
07:54:16.112 [docker-java-stream--679690411] INFO  o.w.a.t.CustomAPIMContainer - [customHeader] STDOUT: [2025-05-07 02:24:14,153]  WARN - APIUtil The configurations related to APIKey sign keystore in APIStore is missing in api-manager.xml. Hence returning the default value.
07:54:16.118 [docker-java-stream--679690411] INFO  o.w.a.t.CustomAPIMContainer - [customHeader] STDOUT: [2025-05-07 02:24:14,153]  WARN - APIUtil The configurations related to APIKey sign keystore in APIStore is missing in api-manager.xml. Hence returning the default value.
  &amp#27;[32mAnd &amp#27;[0m&amp#27;[32mI generate an API key for application &amp#27;[0m&amp#27;[32m&amp#27;[1m"<createdAppId>"&amp#27;[0m                                                                                                                                                                                                                                    &amp#27;[90m# org.wso2.am.integration.cucumbertests.stepdefinitions.StoreStepDefinitions.generate_api_key_for_app(java.lang.String)&amp#27;[0m
07:54:16.695 [docker-java-stream-264831773] INFO  o.w.am.testcontainers.NodeAppServer - STDOUT: ----invoking getCustomer, Customer id is: 123
  &amp#27;[32mAnd &amp#27;[0m&amp#27;[32mI invoke API of ID &amp#27;[0m&amp#27;[32m&amp#27;[1m"<createdApiId>"&amp#27;[0m&amp#27;[32m with path &amp#27;[0m&amp#27;[32m&amp#27;[1m"/customers/123"&amp#27;[0m&amp#27;[32m and method GET using API key &amp#27;[0m&amp#27;[32m&amp#27;[1m"<generatedApiKey>"&amp#27;[0m&amp#27;[32m and header &amp#27;[0m&amp#27;[32m&amp#27;[1m"Custom-ApiKey-Header"&amp#27;[0m                                                                                                                                         &amp#27;[90m# org.wso2.am.integration.cucumbertests.stepdefinitions.APIInvocationStepDefinitions.invoke_api_with_api_key_header(java.lang.String,java.lang.String,java.lang.String,java.lang.String)&amp#27;[0m
  &amp#27;[32mThen &amp#27;[0m&amp#27;[32mthe API response status should be &amp#27;[0m&amp#27;[32m&amp#27;[1m200&amp#27;[0m                                                                                                                                                                                                                                                    &amp#27;[90m# org.wso2.am.integration.cucumbertests.stepdefinitions.APIInvocationStepDefinitions.the_api_response_status_should_be(int)&amp#27;[0m
07:54:17.156 [docker-java-stream--679690411] INFO  o.w.a.t.CustomAPIMContainer - [customHeader] STDOUT: [2025-05-07 02:24:15,190]  WARN - APIAuthenticationHandler API authentication failure due to Missing Credentials for requestURI=/customAuthHeaderTest1/1.0.0/customers/123
  &amp#27;[32mWhen &amp#27;[0m&amp#27;[32mI invoke API of ID &amp#27;[0m&amp#27;[32m&amp#27;[1m"<createdApiId>"&amp#27;[0m&amp#27;[32m with path &amp#27;[0m&amp#27;[32m&amp#27;[1m"/customers/123"&amp#27;[0m&amp#27;[32m and method GET using API key &amp#27;[0m&amp#27;[32m&amp#27;[1m"<generatedApiKey>"&amp#27;[0m&amp#27;[32m and header &amp#27;[0m&amp#27;[32m&amp#27;[1m"ApiKey"&amp#27;[0m                                                                                                                                                      &amp#27;[90m# org.wso2.am.integration.cucumbertests.stepdefinitions.APIInvocationStepDefinitions.invoke_api_with_api_key_header(java.lang.String,java.lang.String,java.lang.String,java.lang.String)&amp#27;[0m
  &amp#27;[32mThen &amp#27;[0m&amp#27;[32mthe API response status should be &amp#27;[0m&amp#27;[32m&amp#27;[1m401&amp#27;[0m                                                                                                                                                                                                                                                    &amp#27;[90m# org.wso2.am.integration.cucumbertests.stepdefinitions.APIInvocationStepDefinitions.the_api_response_status_should_be(int)&amp#27;[0m
  &amp#27;[32mThen &amp#27;[0m&amp#27;[32mI stop the Custom API Manager container&amp#27;[0m                                                                                                                                                                                                                                                  &amp#27;[90m# org.wso2.am.integration.cucumbertests.stepdefinitions.ContainorIntitialisationStepDefinitions.endCustomAPIMContainer()&amp#27;[0m
  &amp#27;[32mThen &amp#27;[0m&amp#27;[32mI clear the context&amp#27;[0m                                                                                                                                                                                                                                                                      &amp#27;[90m# org.wso2.am.integration.cucumbertests.stepdefinitions.ContainorIntitialisationStepDefinitions.clearContext()&amp#27;[0m
]]></system-out>
    <system-err><![CDATA[May 07, 2025 7:51:21 AM okhttp3.internal.platform.Platform log
INFO: --> POST https://localhost:32851/api/am/devportal/v3/applications
May 07, 2025 7:51:21 AM okhttp3.internal.platform.Platform log
INFO: Content-Length: 124
May 07, 2025 7:51:21 AM okhttp3.internal.platform.Platform log
INFO: Accept: application/json
May 07, 2025 7:51:21 AM okhttp3.internal.platform.Platform log
INFO: Content-Type: application/json
May 07, 2025 7:51:21 AM okhttp3.internal.platform.Platform log
INFO: Authorization: Bearer 71a71b6a-5bdc-33c2-9382-d10f8f6ba315
May 07, 2025 7:51:21 AM okhttp3.internal.platform.Platform log
INFO: User-Agent: OpenAPI-Generator/v3/java
May 07, 2025 7:51:21 AM okhttp3.internal.platform.Platform log
INFO: 
May 07, 2025 7:51:21 AM okhttp3.internal.platform.Platform log
INFO: {"name":"Application1","throttlingPolicy":"Unlimited","description":"This is new application","tokenType":"JWT","status":""}
May 07, 2025 7:51:21 AM okhttp3.internal.platform.Platform log
INFO: --> END POST (124-byte body)
May 07, 2025 7:52:25 AM okhttp3.internal.platform.Platform log
INFO: <-- 201 https://localhost:32851/api/am/devportal/v3/applications (64623ms)
May 07, 2025 7:52:25 AM okhttp3.internal.platform.Platform log
INFO: X-WSO2-TraceId: 29b00917-bd37-4200-9345-ca257a47b058
May 07, 2025 7:52:25 AM okhttp3.internal.platform.Platform log
INFO: Location: https://localhost:32851/api/am/devportal/applications/aca7b7d4-cc7d-4448-b9f5-31fc96adcad7
May 07, 2025 7:52:25 AM okhttp3.internal.platform.Platform log
INFO: X-Content-Type-Options: nosniff
May 07, 2025 7:52:25 AM okhttp3.internal.platform.Platform log
INFO: X-XSS-Protection: 1; mode=block
May 07, 2025 7:52:25 AM okhttp3.internal.platform.Platform log
INFO: Date: Wed, 07 May 2025 02:22:23 GMT
May 07, 2025 7:52:25 AM okhttp3.internal.platform.Platform log
INFO: Content-Type: application/json
May 07, 2025 7:52:25 AM okhttp3.internal.platform.Platform log
INFO: Content-Length: 389
May 07, 2025 7:52:25 AM okhttp3.internal.platform.Platform log
INFO: Keep-Alive: timeout=60
May 07, 2025 7:52:25 AM okhttp3.internal.platform.Platform log
INFO: Connection: keep-alive
May 07, 2025 7:52:25 AM okhttp3.internal.platform.Platform log
INFO: Server: WSO2 Carbon Server
May 07, 2025 7:52:25 AM okhttp3.internal.platform.Platform log
INFO: 
May 07, 2025 7:52:25 AM okhttp3.internal.platform.Platform log
INFO: {"applicationId":"aca7b7d4-cc7d-4448-b9f5-31fc96adcad7","name":"Application1","throttlingPolicy":"Unlimited","description":"This is new application","tokenType":"JWT","status":"APPROVED","groups":[],"subscriptionCount":0,"keys":[],"attributes":{},"subscriptionScopes":[],"owner":"admin","hashEnabled":null,"createdTime":"1746584542971","updatedTime":"1746584542971","visibility":"PRIVATE"}
May 07, 2025 7:52:25 AM okhttp3.internal.platform.Platform log
INFO: <-- END HTTP (389-byte body)
May 07, 2025 7:52:37 AM org.wso2.am.integration.test.impl.RestAPIStoreImpl waitUntilApplicationAvailableInGateway
INFO: Application Available in in memory == class ApplicationInfoDTO {
    uuid: aca7b7d4-cc7d-4448-b9f5-31fc96adcad7
    id: 2
    name: Application1
    subName: admin
    policy: Unlimited
    tokenType: JWT
    attributes: {}
    keys: []
}
May 07, 2025 7:52:37 AM okhttp3.internal.platform.Platform log
INFO: --> POST https://localhost:32851/api/am/publisher/v4/apis?openAPIVersion=v3
May 07, 2025 7:52:37 AM okhttp3.internal.platform.Platform log
INFO: Content-Length: 1084
May 07, 2025 7:52:37 AM okhttp3.internal.platform.Platform log
INFO: Accept: application/json
May 07, 2025 7:52:37 AM okhttp3.internal.platform.Platform log
INFO: Content-Type: application/json
May 07, 2025 7:52:37 AM okhttp3.internal.platform.Platform log
INFO: Authorization: Bearer f8709d5e-52e6-3753-81ae-80d89bc61cbe
May 07, 2025 7:52:37 AM okhttp3.internal.platform.Platform log
INFO: activityID: 
May 07, 2025 7:52:37 AM okhttp3.internal.platform.Platform log
INFO: User-Agent: OpenAPI-Generator/v4/java
May 07, 2025 7:52:37 AM okhttp3.internal.platform.Platform log
INFO: 
May 07, 2025 7:52:37 AM okhttp3.internal.platform.Platform log
INFO: {"name":"CustomAuthHeaderTestAPI1","description":"JAX-RS CustomerService API created for integration testing.","context":"customAuthHeaderTest1","version":"1.0.0","provider":"admin","cacheTimeout":100,"isDefaultVersion":true,"type":"HTTP","transport":["http","https"],"tags":["customer","order","service"],"policies":["Gold","Bronze"],"securityScheme":["oauth2","api_key"],"visibility":"PUBLIC","subscriptionAvailability":"CURRENT_TENANT","accessControl":"NONE","businessInformation":{},"corsConfiguration":{"corsConfigurationEnabled":false,"accessControlAllowCredentials":false},"endpointConfig":{"endpoint_type":"http","sandbox_endpoints":{"template_not_supported":false,"url":"http://nodebackend:8080/jaxrs_basic/services/customers/customerservice/"},"production_endpoints":{"template_not_supported":false,"url":"http://nodebackend:8080/jaxrs_basic/services/customers/customerservice/"}},"endpointImplementationType":"ENDPOINT","operations":[{"target":"/*","verb":"GET","authType":"Application \u0026 Application User","throttlingPolicy":"Unlimited"}],"gatewayType":"wso2/synapse"}
May 07, 2025 7:52:37 AM okhttp3.internal.platform.Platform log
INFO: --> END POST (1084-byte body)
May 07, 2025 7:53:18 AM okhttp3.internal.platform.Platform log
INFO: <-- 201 https://localhost:32851/api/am/publisher/v4/apis?openAPIVersion=v3 (40341ms)
May 07, 2025 7:53:18 AM okhttp3.internal.platform.Platform log
INFO: X-WSO2-TraceId: 141cab6e-9e3a-4f72-a5b2-0a7d233422cc
May 07, 2025 7:53:18 AM okhttp3.internal.platform.Platform log
INFO: Location: https://localhost:32851/api/am/publisher/apis/631d0d3c-f520-4af5-9410-adccf490146f
May 07, 2025 7:53:18 AM okhttp3.internal.platform.Platform log
INFO: X-Content-Type-Options: nosniff
May 07, 2025 7:53:18 AM okhttp3.internal.platform.Platform log
INFO: X-XSS-Protection: 1; mode=block
May 07, 2025 7:53:18 AM okhttp3.internal.platform.Platform log
INFO: Date: Wed, 07 May 2025 02:23:15 GMT
May 07, 2025 7:53:18 AM okhttp3.internal.platform.Platform log
INFO: Vary: Accept-Encoding
May 07, 2025 7:53:18 AM okhttp3.internal.platform.Platform log
INFO: Content-Type: application/json
May 07, 2025 7:53:18 AM okhttp3.internal.platform.Platform log
INFO: Transfer-Encoding: chunked
May 07, 2025 7:53:18 AM okhttp3.internal.platform.Platform log
INFO: Keep-Alive: timeout=60
May 07, 2025 7:53:18 AM okhttp3.internal.platform.Platform log
INFO: Connection: keep-alive
May 07, 2025 7:53:18 AM okhttp3.internal.platform.Platform log
INFO: Server: WSO2 Carbon Server
May 07, 2025 7:53:18 AM okhttp3.internal.platform.Platform log
INFO: 
May 07, 2025 7:53:18 AM okhttp3.internal.platform.Platform log
INFO: {"id":"631d0d3c-f520-4af5-9410-adccf490146f","name":"CustomAuthHeaderTestAPI1","description":"JAX-RS CustomerService API created for integration testing.","context":"/customAuthHeaderTest1","version":"1.0.0","provider":"admin","lifeCycleStatus":"CREATED","wsdlInfo":null,"wsdlUrl":null,"responseCachingEnabled":false,"cacheTimeout":100,"hasThumbnail":false,"isDefaultVersion":true,"isRevision":false,"revisionedApiId":null,"revisionId":0,"enableSchemaValidation":false,"enableSubscriberVerification":false,"type":"HTTP","audience":null,"audiences":["all"],"transport":["http","https"],"tags":["service","customer","order"],"policies":["Bronze","Gold"],"organizationPolicies":[],"apiThrottlingPolicy":null,"authorizationHeader":"Test-Custom-Header","apiKeyHeader":"ApiKey","securityScheme":["api_key","oauth_basic_auth_api_key_mandatory","oauth2"],"maxTps":null,"visibility":"PUBLIC","visibleRoles":[""],"visibleTenants":[],"visibleOrganizations":["carbon.super"],"mediationPolicies":[],"apiPolicies":null,"subscriptionAvailability":"CURRENT_TENANT","subscriptionAvailableTenants":[""],"additionalProperties":[],"additionalPropertiesMap":{},"monetization":null,"accessControl":"NONE","accessControlRoles":[],"businessInformation":{"businessOwner":null,"businessOwnerEmail":null,"technicalOwner":null,"technicalOwnerEmail":null},"corsConfiguration":{"corsConfigurationEnabled":false,"accessControlAllowOrigins":[],"accessControlAllowCredentials":false,"accessControlAllowHeaders":[],"accessControlAllowMethods":[]},"websubSubscriptionConfiguration":{"enable":false,"secret":"","signingAlgorithm":"SHA1","signatureHeader":"x-hub-signature"},"workflowStatus":null,"createdTime":"1746584594375","lastUpdatedTimestamp":null,"lastUpdatedTime":null,"endpointConfig":{"endpoint_type":"http","sandbox_endpoints":{"template_not_supported":false,"url":"http://nodebackend:8080/jaxrs_basic/services/customers/customerservice/"},"production_endpoints":{"template_not_supported":false,"url":"http://nodebackend:8080/jaxrs_basic/services/customers/customerservice/"}},"primaryProductionEndpointId":null,"primarySandboxEndpointId":null,"endpointImplementationType":"ENDPOINT","subtypeConfiguration":{"subtype":"DEFAULT","configuration":null},"scopes":[],"operations":[{"id":"","target":"/*","verb":"GET","authType":"Application & Application User","throttlingPolicy":"Unlimited","scopes":[],"usedProductIds":[],"amznResourceName":null,"amznResourceTimeout":null,"amznResourceContentEncode":null,"payloadSchema":null,"uriMapping":null,"operationPolicies":{"request":[],"response":[],"fault":[]}}],"threatProtectionPolicies":null,"categories":[],"keyManagers":["all"],"serviceInfo":null,"advertiseInfo":{"advertised":false,"apiExternalProductionEndpoint":null,"apiExternalSandboxEndpoint":null,"originalDevPortalUrl":null,"apiOwner":"admin","vendor":"WSO2"},"gatewayVendor":"wso2","gatewayType":"wso2/synapse","asyncTransportProtocols":[""],"egress":false}
May 07, 2025 7:53:18 AM okhttp3.internal.platform.Platform log
INFO: <-- END HTTP (2937-byte body)
May 07, 2025 7:53:18 AM okhttp3.internal.platform.Platform log
INFO: --> GET https://localhost:32851/api/am/publisher/v4/apis/631d0d3c-f520-4af5-9410-adccf490146f
May 07, 2025 7:53:18 AM okhttp3.internal.platform.Platform log
INFO: Accept: application/json
May 07, 2025 7:53:18 AM okhttp3.internal.platform.Platform log
INFO: Content-Type: application/json
May 07, 2025 7:53:18 AM okhttp3.internal.platform.Platform log
INFO: Authorization: Bearer f8709d5e-52e6-3753-81ae-80d89bc61cbe
May 07, 2025 7:53:18 AM okhttp3.internal.platform.Platform log
INFO: activityID: 
May 07, 2025 7:53:18 AM okhttp3.internal.platform.Platform log
INFO: User-Agent: OpenAPI-Generator/v4/java
May 07, 2025 7:53:18 AM okhttp3.internal.platform.Platform log
INFO: --> END GET
May 07, 2025 7:53:19 AM okhttp3.internal.platform.Platform log
INFO: <-- 200 https://localhost:32851/api/am/publisher/v4/apis/631d0d3c-f520-4af5-9410-adccf490146f (694ms)
May 07, 2025 7:53:19 AM okhttp3.internal.platform.Platform log
INFO: X-WSO2-TraceId: 3ac7b73d-d681-4a69-aa73-f198ecce7add
May 07, 2025 7:53:19 AM okhttp3.internal.platform.Platform log
INFO: X-Content-Type-Options: nosniff
May 07, 2025 7:53:19 AM okhttp3.internal.platform.Platform log
INFO: X-XSS-Protection: 1; mode=block
May 07, 2025 7:53:19 AM okhttp3.internal.platform.Platform log
INFO: Date: Wed, 07 May 2025 02:23:17 GMT
May 07, 2025 7:53:19 AM okhttp3.internal.platform.Platform log
INFO: Vary: Accept-Encoding
May 07, 2025 7:53:19 AM okhttp3.internal.platform.Platform log
INFO: Content-Type: application/json
May 07, 2025 7:53:19 AM okhttp3.internal.platform.Platform log
INFO: Transfer-Encoding: chunked
May 07, 2025 7:53:19 AM okhttp3.internal.platform.Platform log
INFO: Keep-Alive: timeout=60
May 07, 2025 7:53:19 AM okhttp3.internal.platform.Platform log
INFO: Connection: keep-alive
May 07, 2025 7:53:19 AM okhttp3.internal.platform.Platform log
INFO: Server: WSO2 Carbon Server
May 07, 2025 7:53:19 AM okhttp3.internal.platform.Platform log
INFO: 
May 07, 2025 7:53:19 AM okhttp3.internal.platform.Platform log
INFO: {"id":"631d0d3c-f520-4af5-9410-adccf490146f","name":"CustomAuthHeaderTestAPI1","description":"JAX-RS CustomerService API created for integration testing.","context":"/customAuthHeaderTest1","version":"1.0.0","provider":"admin","lifeCycleStatus":"CREATED","wsdlInfo":null,"wsdlUrl":null,"responseCachingEnabled":false,"cacheTimeout":100,"hasThumbnail":false,"isDefaultVersion":true,"isRevision":false,"revisionedApiId":null,"revisionId":0,"enableSchemaValidation":false,"enableSubscriberVerification":false,"type":"HTTP","audience":null,"audiences":["all"],"transport":["http","https"],"tags":["service","customer","order"],"policies":["Bronze","Gold"],"organizationPolicies":[],"apiThrottlingPolicy":null,"authorizationHeader":"Test-Custom-Header","apiKeyHeader":"ApiKey","securityScheme":["api_key","oauth_basic_auth_api_key_mandatory","oauth2"],"maxTps":null,"visibility":"PUBLIC","visibleRoles":[],"visibleTenants":[],"visibleOrganizations":["none"],"mediationPolicies":[],"apiPolicies":null,"subscriptionAvailability":"CURRENT_TENANT","subscriptionAvailableTenants":[],"additionalProperties":[],"additionalPropertiesMap":{},"monetization":null,"accessControl":"NONE","accessControlRoles":[],"businessInformation":{"businessOwner":null,"businessOwnerEmail":null,"technicalOwner":null,"technicalOwnerEmail":null},"corsConfiguration":{"corsConfigurationEnabled":false,"accessControlAllowOrigins":[],"accessControlAllowCredentials":false,"accessControlAllowHeaders":[],"accessControlAllowMethods":[]},"websubSubscriptionConfiguration":{"enable":false,"secret":"","signingAlgorithm":"SHA1","signatureHeader":"x-hub-signature"},"workflowStatus":null,"createdTime":"1746584590893","lastUpdatedTimestamp":"1746584593705","lastUpdatedTime":"2025-05-07 02:23:13.705","endpointConfig":{"endpoint_type":"http","sandbox_endpoints":{"template_not_supported":false,"url":"http://nodebackend:8080/jaxrs_basic/services/customers/customerservice/"},"production_endpoints":{"template_not_supported":false,"url":"http://nodebackend:8080/jaxrs_basic/services/customers/customerservice/"}},"primaryProductionEndpointId":null,"primarySandboxEndpointId":null,"endpointImplementationType":"ENDPOINT","subtypeConfiguration":{"subtype":"DEFAULT","configuration":null},"scopes":[],"operations":[{"id":"","target":"/*","verb":"GET","authType":"Application & Application User","throttlingPolicy":"Unlimited","scopes":[],"usedProductIds":[],"amznResourceName":null,"amznResourceTimeout":null,"amznResourceContentEncode":null,"payloadSchema":null,"uriMapping":null,"operationPolicies":{"request":[],"response":[],"fault":[]}}],"threatProtectionPolicies":null,"categories":[],"keyManagers":["all"],"serviceInfo":null,"advertiseInfo":{"advertised":false,"apiExternalProductionEndpoint":null,"apiExternalSandboxEndpoint":null,"originalDevPortalUrl":null,"apiOwner":"admin","vendor":"WSO2"},"gatewayVendor":"wso2","gatewayType":"wso2/synapse","asyncTransportProtocols":[],"egress":false}
May 07, 2025 7:53:19 AM okhttp3.internal.platform.Platform log
INFO: <-- END HTTP (2955-byte body)
May 07, 2025 7:53:19 AM okhttp3.internal.platform.Platform log
INFO: --> PUT https://localhost:32851/api/am/publisher/v4/apis/631d0d3c-f520-4af5-9410-adccf490146f
May 07, 2025 7:53:19 AM okhttp3.internal.platform.Platform log
INFO: Content-Length: 2126
May 07, 2025 7:53:19 AM okhttp3.internal.platform.Platform log
INFO: Accept: application/json
May 07, 2025 7:53:19 AM okhttp3.internal.platform.Platform log
INFO: Content-Type: application/json
May 07, 2025 7:53:19 AM okhttp3.internal.platform.Platform log
INFO: Authorization: Bearer f8709d5e-52e6-3753-81ae-80d89bc61cbe
May 07, 2025 7:53:19 AM okhttp3.internal.platform.Platform log
INFO: activityID: 
May 07, 2025 7:53:19 AM okhttp3.internal.platform.Platform log
INFO: User-Agent: OpenAPI-Generator/v4/java
May 07, 2025 7:53:19 AM okhttp3.internal.platform.Platform log
INFO: 
May 07, 2025 7:53:19 AM okhttp3.internal.platform.Platform log
INFO: {"id":"631d0d3c-f520-4af5-9410-adccf490146f","name":"CustomAuthHeaderTestAPI1","description":"JAX-RS CustomerService API created for integration testing.","context":"/customAuthHeaderTest1","version":"1.0.0","provider":"admin","lifeCycleStatus":"CREATED","responseCachingEnabled":false,"cacheTimeout":100,"hasThumbnail":false,"isDefaultVersion":true,"isRevision":false,"revisionId":0,"enableSchemaValidation":false,"enableSubscriberVerification":false,"type":"HTTP","audiences":["all"],"transport":["http","https"],"tags":["service","customer","order"],"policies":["Bronze","Gold"],"authorizationHeader":"Test-Custom-Header","apiKeyHeader":"ApiKey","securityScheme":["api_key","oauth_basic_auth_api_key_mandatory","oauth2"],"visibility":"PUBLIC","visibleRoles":[],"visibleTenants":[],"mediationPolicies":[],"subscriptionAvailability":"CURRENT_TENANT","subscriptionAvailableTenants":[],"additionalProperties":[],"additionalPropertiesMap":{},"accessControl":"NONE","accessControlRoles":[],"businessInformation":{},"corsConfiguration":{"corsConfigurationEnabled":false,"accessControlAllowOrigins":[],"accessControlAllowCredentials":false,"accessControlAllowHeaders":[],"accessControlAllowMethods":[]},"websubSubscriptionConfiguration":{"enable":false,"secret":"","signingAlgorithm":"SHA1","signatureHeader":"x-hub-signature"},"createdTime":"1746584590893","lastUpdatedTimestamp":"1746584593705","lastUpdatedTime":"2025-05-07 02:23:13.705","endpointConfig":{"endpoint_type":"http","sandbox_endpoints":{"template_not_supported":false,"url":"http://nodebackend:8080/jaxrs_basic/services/customers/customerservice/"},"production_endpoints":{"template_not_supported":false,"url":"http://nodebackend:8080/jaxrs_basic/services/customers/customerservice/"}},"endpointImplementationType":"ENDPOINT","scopes":[],"operations":[{"target":"/customers/123","verb":"GET","authType":"Application \u0026 Application User","throttlingPolicy":"Unlimited"}],"categories":[],"keyManagers":["all"],"advertiseInfo":{"advertised":false,"apiOwner":"admin","vendor":"WSO2"},"gatewayVendor":"wso2","gatewayType":"wso2/synapse","asyncTransportProtocols":[]}
May 07, 2025 7:53:19 AM okhttp3.internal.platform.Platform log
INFO: --> END PUT (2126-byte body)
May 07, 2025 7:53:23 AM okhttp3.internal.platform.Platform log
INFO: <-- 200 https://localhost:32851/api/am/publisher/v4/apis/631d0d3c-f520-4af5-9410-adccf490146f (3944ms)
May 07, 2025 7:53:23 AM okhttp3.internal.platform.Platform log
INFO: X-WSO2-TraceId: 07d5b620-6962-4588-acd7-00c55a2cb4bc
May 07, 2025 7:53:23 AM okhttp3.internal.platform.Platform log
INFO: X-Content-Type-Options: nosniff
May 07, 2025 7:53:23 AM okhttp3.internal.platform.Platform log
INFO: X-XSS-Protection: 1; mode=block
May 07, 2025 7:53:23 AM okhttp3.internal.platform.Platform log
INFO: Date: Wed, 07 May 2025 02:23:21 GMT
May 07, 2025 7:53:23 AM okhttp3.internal.platform.Platform log
INFO: Vary: Accept-Encoding
May 07, 2025 7:53:23 AM okhttp3.internal.platform.Platform log
INFO: Content-Type: application/json
May 07, 2025 7:53:23 AM okhttp3.internal.platform.Platform log
INFO: Transfer-Encoding: chunked
May 07, 2025 7:53:23 AM okhttp3.internal.platform.Platform log
INFO: Keep-Alive: timeout=60
May 07, 2025 7:53:23 AM okhttp3.internal.platform.Platform log
INFO: Connection: keep-alive
May 07, 2025 7:53:23 AM okhttp3.internal.platform.Platform log
INFO: Server: WSO2 Carbon Server
May 07, 2025 7:53:23 AM okhttp3.internal.platform.Platform log
INFO: 
May 07, 2025 7:53:23 AM okhttp3.internal.platform.Platform log
INFO: {"id":"631d0d3c-f520-4af5-9410-adccf490146f","name":"CustomAuthHeaderTestAPI1","description":"JAX-RS CustomerService API created for integration testing.","context":"/customAuthHeaderTest1","version":"1.0.0","provider":"admin","lifeCycleStatus":"CREATED","wsdlInfo":null,"wsdlUrl":null,"responseCachingEnabled":false,"cacheTimeout":100,"hasThumbnail":false,"isDefaultVersion":true,"isRevision":false,"revisionedApiId":null,"revisionId":0,"enableSchemaValidation":false,"enableSubscriberVerification":false,"type":"HTTP","audience":null,"audiences":["all"],"transport":["http","https"],"tags":["service","customer","order"],"policies":["Bronze","Gold"],"organizationPolicies":[],"apiThrottlingPolicy":null,"authorizationHeader":"Test-Custom-Header","apiKeyHeader":"ApiKey","securityScheme":["api_key","oauth_basic_auth_api_key_mandatory","oauth2"],"maxTps":null,"visibility":"PUBLIC","visibleRoles":[],"visibleTenants":[],"visibleOrganizations":["none"],"mediationPolicies":[],"apiPolicies":null,"subscriptionAvailability":"CURRENT_TENANT","subscriptionAvailableTenants":[],"additionalProperties":[],"additionalPropertiesMap":{},"monetization":null,"accessControl":"NONE","accessControlRoles":[],"businessInformation":{"businessOwner":null,"businessOwnerEmail":null,"technicalOwner":null,"technicalOwnerEmail":null},"corsConfiguration":{"corsConfigurationEnabled":false,"accessControlAllowOrigins":[],"accessControlAllowCredentials":false,"accessControlAllowHeaders":[],"accessControlAllowMethods":[]},"websubSubscriptionConfiguration":{"enable":false,"secret":"","signingAlgorithm":"SHA1","signatureHeader":"x-hub-signature"},"workflowStatus":null,"createdTime":"1746584590893","lastUpdatedTimestamp":"1746584600693","lastUpdatedTime":"2025-05-07 02:23:20.693","endpointConfig":{"endpoint_type":"http","sandbox_endpoints":{"template_not_supported":false,"url":"http://nodebackend:8080/jaxrs_basic/services/customers/customerservice/"},"production_endpoints":{"template_not_supported":false,"url":"http://nodebackend:8080/jaxrs_basic/services/customers/customerservice/"}},"primaryProductionEndpointId":null,"primarySandboxEndpointId":null,"endpointImplementationType":"ENDPOINT","subtypeConfiguration":{"subtype":"DEFAULT","configuration":null},"scopes":[],"operations":[{"id":"","target":"/customers/123","verb":"GET","authType":"Application & Application User","throttlingPolicy":"Unlimited","scopes":[],"usedProductIds":[],"amznResourceName":null,"amznResourceTimeout":null,"amznResourceContentEncode":null,"payloadSchema":null,"uriMapping":null,"operationPolicies":{"request":[],"response":[],"fault":[]}}],"threatProtectionPolicies":null,"categories":[],"keyManagers":["all"],"serviceInfo":null,"advertiseInfo":{"advertised":false,"apiExternalProductionEndpoint":null,"apiExternalSandboxEndpoint":null,"originalDevPortalUrl":null,"apiOwner":"admin","vendor":"WSO2"},"gatewayVendor":"wso2","gatewayType":"wso2/synapse","asyncTransportProtocols":[],"egress":false}
May 07, 2025 7:53:23 AM okhttp3.internal.platform.Platform log
INFO: <-- END HTTP (2967-byte body)
May 07, 2025 7:53:23 AM okhttp3.internal.platform.Platform log
INFO: --> POST https://localhost:32851/api/am/publisher/v4/apis/631d0d3c-f520-4af5-9410-adccf490146f/revisions
May 07, 2025 7:53:23 AM okhttp3.internal.platform.Platform log
INFO: Content-Length: 33
May 07, 2025 7:53:23 AM okhttp3.internal.platform.Platform log
INFO: Accept: application/json
May 07, 2025 7:53:23 AM okhttp3.internal.platform.Platform log
INFO: Content-Type: application/json
May 07, 2025 7:53:23 AM okhttp3.internal.platform.Platform log
INFO: Authorization: Bearer f8709d5e-52e6-3753-81ae-80d89bc61cbe
May 07, 2025 7:53:23 AM okhttp3.internal.platform.Platform log
INFO: activityID: 
May 07, 2025 7:53:23 AM okhttp3.internal.platform.Platform log
INFO: User-Agent: OpenAPI-Generator/v4/java
May 07, 2025 7:53:23 AM okhttp3.internal.platform.Platform log
INFO: 
May 07, 2025 7:53:23 AM okhttp3.internal.platform.Platform log
INFO: {"description":"Test Revision 1"}
May 07, 2025 7:53:23 AM okhttp3.internal.platform.Platform log
INFO: --> END POST (33-byte body)
May 07, 2025 7:53:26 AM okhttp3.internal.platform.Platform log
INFO: <-- 201 https://localhost:32851/api/am/publisher/v4/apis/631d0d3c-f520-4af5-9410-adccf490146f/revisions (3027ms)
May 07, 2025 7:53:26 AM okhttp3.internal.platform.Platform log
INFO: X-WSO2-TraceId: 2d1ac011-6ab4-4b5c-b1f7-cce20e05a6af
May 07, 2025 7:53:26 AM okhttp3.internal.platform.Platform log
INFO: Location: https://localhost:32851/api/am/publisher/apis/631d0d3c-f520-4af5-9410-adccf490146f/revisions/7ec6f777-c5c9-4ac0-922d-e3e213fb2f54
May 07, 2025 7:53:26 AM okhttp3.internal.platform.Platform log
INFO: X-Content-Type-Options: nosniff
May 07, 2025 7:53:26 AM okhttp3.internal.platform.Platform log
INFO: X-XSS-Protection: 1; mode=block
May 07, 2025 7:53:26 AM okhttp3.internal.platform.Platform log
INFO: Date: Wed, 07 May 2025 02:23:24 GMT
May 07, 2025 7:53:26 AM okhttp3.internal.platform.Platform log
INFO: Content-Type: application/json
May 07, 2025 7:53:26 AM okhttp3.internal.platform.Platform log
INFO: Content-Length: 208
May 07, 2025 7:53:26 AM okhttp3.internal.platform.Platform log
INFO: Keep-Alive: timeout=60
May 07, 2025 7:53:26 AM okhttp3.internal.platform.Platform log
INFO: Connection: keep-alive
May 07, 2025 7:53:26 AM okhttp3.internal.platform.Platform log
INFO: Server: WSO2 Carbon Server
May 07, 2025 7:53:26 AM okhttp3.internal.platform.Platform log
INFO: 
May 07, 2025 7:53:26 AM okhttp3.internal.platform.Platform log
INFO: {"displayName":"Revision 1","id":"7ec6f777-c5c9-4ac0-922d-e3e213fb2f54","description":"Test Revision 1","createdTime":1746584602000,"apiInfo":{"id":"631d0d3c-f520-4af5-9410-adccf490146f"},"deploymentInfo":[]}
May 07, 2025 7:53:26 AM okhttp3.internal.platform.Platform log
INFO: <-- END HTTP (208-byte body)
May 07, 2025 7:53:26 AM okhttp3.internal.platform.Platform log
INFO: --> POST https://localhost:32851/api/am/publisher/v4/apis/631d0d3c-f520-4af5-9410-adccf490146f/deploy-revision?revisionId=7ec6f777-c5c9-4ac0-922d-e3e213fb2f54
May 07, 2025 7:53:26 AM okhttp3.internal.platform.Platform log
INFO: Content-Length: 85
May 07, 2025 7:53:26 AM okhttp3.internal.platform.Platform log
INFO: Accept: application/json
May 07, 2025 7:53:26 AM okhttp3.internal.platform.Platform log
INFO: Content-Type: application/json
May 07, 2025 7:53:26 AM okhttp3.internal.platform.Platform log
INFO: Authorization: Bearer f8709d5e-52e6-3753-81ae-80d89bc61cbe
May 07, 2025 7:53:26 AM okhttp3.internal.platform.Platform log
INFO: activityID: 
May 07, 2025 7:53:26 AM okhttp3.internal.platform.Platform log
INFO: User-Agent: OpenAPI-Generator/v4/java
May 07, 2025 7:53:26 AM okhttp3.internal.platform.Platform log
INFO: 
May 07, 2025 7:53:26 AM okhttp3.internal.platform.Platform log
INFO: [{"name":"Default","status":"CREATED","vhost":"localhost","displayOnDevportal":true}]
May 07, 2025 7:53:26 AM okhttp3.internal.platform.Platform log
INFO: --> END POST (85-byte body)
May 07, 2025 7:53:28 AM okhttp3.internal.platform.Platform log
INFO: <-- 201 https://localhost:32851/api/am/publisher/v4/apis/631d0d3c-f520-4af5-9410-adccf490146f/deploy-revision?revisionId=7ec6f777-c5c9-4ac0-922d-e3e213fb2f54 (2392ms)
May 07, 2025 7:53:28 AM okhttp3.internal.platform.Platform log
INFO: X-WSO2-TraceId: b6c5e653-cca2-4c92-aa0a-040649fe6d4b
May 07, 2025 7:53:28 AM okhttp3.internal.platform.Platform log
INFO: X-Content-Type-Options: nosniff
May 07, 2025 7:53:28 AM okhttp3.internal.platform.Platform log
INFO: X-XSS-Protection: 1; mode=block
May 07, 2025 7:53:28 AM okhttp3.internal.platform.Platform log
INFO: Date: Wed, 07 May 2025 02:23:26 GMT
May 07, 2025 7:53:28 AM okhttp3.internal.platform.Platform log
INFO: Content-Type: application/json
May 07, 2025 7:53:28 AM okhttp3.internal.platform.Platform log
INFO: Content-Length: 196
May 07, 2025 7:53:28 AM okhttp3.internal.platform.Platform log
INFO: Keep-Alive: timeout=60
May 07, 2025 7:53:28 AM okhttp3.internal.platform.Platform log
INFO: Connection: keep-alive
May 07, 2025 7:53:28 AM okhttp3.internal.platform.Platform log
INFO: Server: WSO2 Carbon Server
May 07, 2025 7:53:28 AM okhttp3.internal.platform.Platform log
INFO: 
May 07, 2025 7:53:28 AM okhttp3.internal.platform.Platform log
INFO: [{"revisionUuid":"7ec6f777-c5c9-4ac0-922d-e3e213fb2f54","name":"Default","status":"APPROVED","vhost":"localhost","displayOnDevportal":true,"deployedTime":1746584606000,"successDeployedTime":null}]
May 07, 2025 7:53:28 AM okhttp3.internal.platform.Platform log
INFO: <-- END HTTP (196-byte body)
May 07, 2025 7:53:28 AM okhttp3.internal.platform.Platform log
INFO: --> GET https://localhost:32851/api/am/publisher/v4/apis/7ec6f777-c5c9-4ac0-922d-e3e213fb2f54
May 07, 2025 7:53:28 AM okhttp3.internal.platform.Platform log
INFO: X-WSO2-Tenant: carbon.super
May 07, 2025 7:53:28 AM okhttp3.internal.platform.Platform log
INFO: Accept: application/json
May 07, 2025 7:53:28 AM okhttp3.internal.platform.Platform log
INFO: Content-Type: application/json
May 07, 2025 7:53:28 AM okhttp3.internal.platform.Platform log
INFO: Authorization: Bearer f8709d5e-52e6-3753-81ae-80d89bc61cbe
May 07, 2025 7:53:28 AM okhttp3.internal.platform.Platform log
INFO: activityID: 
May 07, 2025 7:53:28 AM okhttp3.internal.platform.Platform log
INFO: User-Agent: OpenAPI-Generator/v4/java
May 07, 2025 7:53:28 AM okhttp3.internal.platform.Platform log
INFO: --> END GET
May 07, 2025 7:53:29 AM okhttp3.internal.platform.Platform log
INFO: <-- 200 https://localhost:32851/api/am/publisher/v4/apis/7ec6f777-c5c9-4ac0-922d-e3e213fb2f54 (278ms)
May 07, 2025 7:53:29 AM okhttp3.internal.platform.Platform log
INFO: X-WSO2-TraceId: e853654f-4855-4789-be45-9a10fd9a3384
May 07, 2025 7:53:29 AM okhttp3.internal.platform.Platform log
INFO: X-Content-Type-Options: nosniff
May 07, 2025 7:53:29 AM okhttp3.internal.platform.Platform log
INFO: X-XSS-Protection: 1; mode=block
May 07, 2025 7:53:29 AM okhttp3.internal.platform.Platform log
INFO: Date: Wed, 07 May 2025 02:23:27 GMT
May 07, 2025 7:53:29 AM okhttp3.internal.platform.Platform log
INFO: Vary: Accept-Encoding
May 07, 2025 7:53:29 AM okhttp3.internal.platform.Platform log
INFO: Content-Type: application/json
May 07, 2025 7:53:29 AM okhttp3.internal.platform.Platform log
INFO: Transfer-Encoding: chunked
May 07, 2025 7:53:29 AM okhttp3.internal.platform.Platform log
INFO: Keep-Alive: timeout=60
May 07, 2025 7:53:29 AM okhttp3.internal.platform.Platform log
INFO: Connection: keep-alive
May 07, 2025 7:53:29 AM okhttp3.internal.platform.Platform log
INFO: Server: WSO2 Carbon Server
May 07, 2025 7:53:29 AM okhttp3.internal.platform.Platform log
INFO: 
May 07, 2025 7:53:29 AM okhttp3.internal.platform.Platform log
INFO: {"id":"7ec6f777-c5c9-4ac0-922d-e3e213fb2f54","name":"CustomAuthHeaderTestAPI1","description":"JAX-RS CustomerService API created for integration testing.","context":"/customAuthHeaderTest1","version":"1.0.0","provider":"admin","lifeCycleStatus":"CREATED","wsdlInfo":null,"wsdlUrl":null,"responseCachingEnabled":false,"cacheTimeout":100,"hasThumbnail":false,"isDefaultVersion":true,"isRevision":true,"revisionedApiId":"631d0d3c-f520-4af5-9410-adccf490146f","revisionId":1,"enableSchemaValidation":false,"enableSubscriberVerification":false,"type":"HTTP","audience":null,"audiences":["all"],"transport":["http","https"],"tags":["service","customer","order"],"policies":["Bronze","Gold"],"organizationPolicies":[],"apiThrottlingPolicy":null,"authorizationHeader":"Test-Custom-Header","apiKeyHeader":"ApiKey","securityScheme":["api_key","oauth_basic_auth_api_key_mandatory","oauth2"],"maxTps":null,"visibility":"PUBLIC","visibleRoles":[],"visibleTenants":[],"visibleOrganizations":["none"],"mediationPolicies":[],"apiPolicies":null,"subscriptionAvailability":"CURRENT_TENANT","subscriptionAvailableTenants":[],"additionalProperties":[],"additionalPropertiesMap":{},"monetization":null,"accessControl":"NONE","accessControlRoles":[],"businessInformation":{"businessOwner":null,"businessOwnerEmail":null,"technicalOwner":null,"technicalOwnerEmail":null},"corsConfiguration":{"corsConfigurationEnabled":false,"accessControlAllowOrigins":[],"accessControlAllowCredentials":false,"accessControlAllowHeaders":[],"accessControlAllowMethods":[]},"websubSubscriptionConfiguration":{"enable":false,"secret":"","signingAlgorithm":"SHA1","signatureHeader":"x-hub-signature"},"workflowStatus":null,"createdTime":"1746584602325","lastUpdatedTimestamp":"1746584602325","lastUpdatedTime":"2025-05-07 02:23:22.325","endpointConfig":{"endpoint_type":"http","sandbox_endpoints":{"template_not_supported":false,"url":"http://nodebackend:8080/jaxrs_basic/services/customers/customerservice/"},"production_endpoints":{"template_not_supported":false,"url":"http://nodebackend:8080/jaxrs_basic/services/customers/customerservice/"}},"primaryProductionEndpointId":null,"primarySandboxEndpointId":null,"endpointImplementationType":"ENDPOINT","subtypeConfiguration":{"subtype":"DEFAULT","configuration":null},"scopes":[],"operations":[{"id":"","target":"/customers/123","verb":"GET","authType":"Application & Application User","throttlingPolicy":"Unlimited","scopes":[],"usedProductIds":[],"amznResourceName":null,"amznResourceTimeout":null,"amznResourceContentEncode":null,"payloadSchema":null,"uriMapping":null,"operationPolicies":{"request":[],"response":[],"fault":[]}}],"threatProtectionPolicies":null,"categories":[],"keyManagers":["all"],"serviceInfo":null,"advertiseInfo":{"advertised":false,"apiExternalProductionEndpoint":null,"apiExternalSandboxEndpoint":null,"originalDevPortalUrl":null,"apiOwner":"admin","vendor":"WSO2"},"gatewayVendor":"wso2","gatewayType":"wso2/synapse","asyncTransportProtocols":[],"egress":false}
May 07, 2025 7:53:29 AM okhttp3.internal.platform.Platform log
INFO: <-- END HTTP (3000-byte body)
May 07, 2025 7:53:40 AM okhttp3.internal.platform.Platform log
INFO: --> POST https://localhost:32851/api/am/publisher/v4/apis/change-lifecycle?action=Publish&apiId=631d0d3c-f520-4af5-9410-adccf490146f
May 07, 2025 7:53:40 AM okhttp3.internal.platform.Platform log
INFO: Content-Length: 0
May 07, 2025 7:53:40 AM okhttp3.internal.platform.Platform log
INFO: Accept: application/json
May 07, 2025 7:53:40 AM okhttp3.internal.platform.Platform log
INFO: Content-Type: application/json
May 07, 2025 7:53:40 AM okhttp3.internal.platform.Platform log
INFO: Authorization: Bearer f8709d5e-52e6-3753-81ae-80d89bc61cbe
May 07, 2025 7:53:40 AM okhttp3.internal.platform.Platform log
INFO: activityID: 
May 07, 2025 7:53:40 AM okhttp3.internal.platform.Platform log
INFO: User-Agent: OpenAPI-Generator/v4/java
May 07, 2025 7:53:40 AM okhttp3.internal.platform.Platform log
INFO: 
May 07, 2025 7:53:40 AM okhttp3.internal.platform.Platform log
INFO: 
May 07, 2025 7:53:40 AM okhttp3.internal.platform.Platform log
INFO: --> END POST (0-byte body)
May 07, 2025 7:53:42 AM okhttp3.internal.platform.Platform log
INFO: <-- 200 https://localhost:32851/api/am/publisher/v4/apis/change-lifecycle?action=Publish&apiId=631d0d3c-f520-4af5-9410-adccf490146f (1918ms)
May 07, 2025 7:53:42 AM okhttp3.internal.platform.Platform log
INFO: X-WSO2-TraceId: 0f513d01-f462-4d18-a8af-d53a32b12b79
May 07, 2025 7:53:42 AM okhttp3.internal.platform.Platform log
INFO: X-Content-Type-Options: nosniff
May 07, 2025 7:53:42 AM okhttp3.internal.platform.Platform log
INFO: X-XSS-Protection: 1; mode=block
May 07, 2025 7:53:42 AM okhttp3.internal.platform.Platform log
INFO: Date: Wed, 07 May 2025 02:23:40 GMT
May 07, 2025 7:53:42 AM okhttp3.internal.platform.Platform log
INFO: Content-Type: application/json
May 07, 2025 7:53:42 AM okhttp3.internal.platform.Platform log
INFO: Content-Length: 298
May 07, 2025 7:53:42 AM okhttp3.internal.platform.Platform log
INFO: Keep-Alive: timeout=60
May 07, 2025 7:53:42 AM okhttp3.internal.platform.Platform log
INFO: Connection: keep-alive
May 07, 2025 7:53:42 AM okhttp3.internal.platform.Platform log
INFO: Server: WSO2 Carbon Server
May 07, 2025 7:53:42 AM okhttp3.internal.platform.Platform log
INFO: 
May 07, 2025 7:53:42 AM okhttp3.internal.platform.Platform log
INFO: {"workflowStatus":"APPROVED","jsonPayload":"","lifecycleState":{"state":"Published","checkItems":[],"availableTransitions":[{"event":"Block","targetState":""},{"event":"Deploy as a Prototype","targetState":""},{"event":"Demote to Created","targetState":""},{"event":"Deprecate","targetState":""}]}}
May 07, 2025 7:53:42 AM okhttp3.internal.platform.Platform log
INFO: <-- END HTTP (298-byte body)
May 07, 2025 7:53:42 AM okhttp3.internal.platform.Platform log
INFO: --> POST https://localhost:32851/api/am/devportal/v3/subscriptions
May 07, 2025 7:53:42 AM okhttp3.internal.platform.Platform log
INFO: Content-Length: 164
May 07, 2025 7:53:42 AM okhttp3.internal.platform.Platform log
INFO: X-WSO2-Tenant: carbon.super
May 07, 2025 7:53:42 AM okhttp3.internal.platform.Platform log
INFO: Accept: application/json
May 07, 2025 7:53:42 AM okhttp3.internal.platform.Platform log
INFO: Content-Type: application/json
May 07, 2025 7:53:42 AM okhttp3.internal.platform.Platform log
INFO: Authorization: Bearer 71a71b6a-5bdc-33c2-9382-d10f8f6ba315
May 07, 2025 7:53:42 AM okhttp3.internal.platform.Platform log
INFO: User-Agent: OpenAPI-Generator/v3/java
May 07, 2025 7:53:42 AM okhttp3.internal.platform.Platform log
INFO: 
May 07, 2025 7:53:42 AM okhttp3.internal.platform.Platform log
INFO: {"applicationId":"aca7b7d4-cc7d-4448-b9f5-31fc96adcad7","apiId":"631d0d3c-f520-4af5-9410-adccf490146f","throttlingPolicy":"Gold","requestedThrottlingPolicy":"Gold"}
May 07, 2025 7:53:42 AM okhttp3.internal.platform.Platform log
INFO: --> END POST (164-byte body)
May 07, 2025 7:53:44 AM okhttp3.internal.platform.Platform log
INFO: <-- 201 https://localhost:32851/api/am/devportal/v3/subscriptions (1842ms)
May 07, 2025 7:53:44 AM okhttp3.internal.platform.Platform log
INFO: X-WSO2-TraceId: e68ed3a6-1687-479e-923c-4af3f280041b
May 07, 2025 7:53:44 AM okhttp3.internal.platform.Platform log
INFO: Location: https://localhost:32851/api/am/devportal/subscriptions/3a304fdf-c53d-4134-bbf9-dae9a6e63c4a
May 07, 2025 7:53:44 AM okhttp3.internal.platform.Platform log
INFO: X-Content-Type-Options: nosniff
May 07, 2025 7:53:44 AM okhttp3.internal.platform.Platform log
INFO: X-XSS-Protection: 1; mode=block
May 07, 2025 7:53:44 AM okhttp3.internal.platform.Platform log
INFO: Date: Wed, 07 May 2025 02:23:42 GMT
May 07, 2025 7:53:44 AM okhttp3.internal.platform.Platform log
INFO: Vary: Accept-Encoding
May 07, 2025 7:53:44 AM okhttp3.internal.platform.Platform log
INFO: Content-Type: application/json
May 07, 2025 7:53:44 AM okhttp3.internal.platform.Platform log
INFO: Transfer-Encoding: chunked
May 07, 2025 7:53:44 AM okhttp3.internal.platform.Platform log
INFO: Keep-Alive: timeout=60
May 07, 2025 7:53:44 AM okhttp3.internal.platform.Platform log
INFO: Connection: keep-alive
May 07, 2025 7:53:44 AM okhttp3.internal.platform.Platform log
INFO: Server: WSO2 Carbon Server
May 07, 2025 7:53:44 AM okhttp3.internal.platform.Platform log
INFO: 
May 07, 2025 7:53:44 AM okhttp3.internal.platform.Platform log
INFO: {"subscriptionId":"3a304fdf-c53d-4134-bbf9-dae9a6e63c4a","applicationId":"aca7b7d4-cc7d-4448-b9f5-31fc96adcad7","apiId":"631d0d3c-f520-4af5-9410-adccf490146f","apiInfo":{"id":"631d0d3c-f520-4af5-9410-adccf490146f","name":"CustomAuthHeaderTestAPI1","description":"JAX-RS CustomerService API created for integration testing.","context":"/customAuthHeaderTest1","version":"1.0.0","type":"HTTP","createdTime":"1746584590893","provider":"admin","lifeCycleStatus":"PUBLISHED","thumbnailUri":null,"avgRating":"0.0","throttlingPolicies":["Bronze","Gold"],"advertiseInfo":{"advertised":false,"apiExternalProductionEndpoint":null,"apiExternalSandboxEndpoint":null,"originalDevPortalUrl":null,"apiOwner":"admin","vendor":"WSO2"},"businessInformation":{"businessOwner":null,"businessOwnerEmail":null,"technicalOwner":null,"technicalOwnerEmail":null},"isSubscriptionAvailable":true,"monetizationLabel":"FREE","gatewayVendor":"wso2","additionalProperties":[],"monetizedInfo":false,"egress":false,"subtype":"DEFAULT"},"applicationInfo":{"applicationId":"aca7b7d4-cc7d-4448-b9f5-31fc96adcad7","name":"Application1","throttlingPolicy":"Unlimited","description":"This is new application","status":"APPROVED","groups":[],"subscriptionCount":1,"attributes":{},"owner":"admin","tokenType":"JWT","createdTime":"1746584542971","updatedTime":"1746584542971"},"throttlingPolicy":"Gold","requestedThrottlingPolicy":"Gold","status":"UNBLOCKED","redirectionParams":null}
May 07, 2025 7:53:44 AM okhttp3.internal.platform.Platform log
INFO: <-- END HTTP (1442-byte body)
May 07, 2025 7:53:44 AM org.wso2.am.integration.test.impl.RestAPIStoreImpl waitUntilSubscriptionAvailableInGateway
INFO: Subscription Available in in memory == class SubscriptionDTO {
    subscriptionId: 1
    policyId: Gold
    apiId: 1
    appId: 2
    subscriptionState: UNBLOCKED
}
May 07, 2025 7:53:44 AM okhttp3.internal.platform.Platform log
INFO: --> POST https://localhost:32851/api/am/devportal/v3/applications/aca7b7d4-cc7d-4448-b9f5-31fc96adcad7/generate-keys
May 07, 2025 7:53:44 AM okhttp3.internal.platform.Platform log
INFO: Content-Length: 148
May 07, 2025 7:53:44 AM okhttp3.internal.platform.Platform log
INFO: X-WSO2-Tenant: carbon.super
May 07, 2025 7:53:44 AM okhttp3.internal.platform.Platform log
INFO: Accept: application/json
May 07, 2025 7:53:44 AM okhttp3.internal.platform.Platform log
INFO: Content-Type: application/json
May 07, 2025 7:53:44 AM okhttp3.internal.platform.Platform log
INFO: Authorization: Bearer 71a71b6a-5bdc-33c2-9382-d10f8f6ba315
May 07, 2025 7:53:44 AM okhttp3.internal.platform.Platform log
INFO: activityID: 
May 07, 2025 7:53:44 AM okhttp3.internal.platform.Platform log
INFO: User-Agent: OpenAPI-Generator/v3/java
May 07, 2025 7:53:44 AM okhttp3.internal.platform.Platform log
INFO: 
May 07, 2025 7:53:44 AM okhttp3.internal.platform.Platform log
INFO: {"keyType":"PRODUCTION","grantTypesToBeSupported":["client_credentials"],"callbackUrl":"https://localhost/callback","scopes":[],"validityTime":"-1"}
May 07, 2025 7:53:44 AM okhttp3.internal.platform.Platform log
INFO: --> END POST (148-byte body)
May 07, 2025 7:53:50 AM okhttp3.internal.platform.Platform log
INFO: <-- 200 https://localhost:32851/api/am/devportal/v3/applications/aca7b7d4-cc7d-4448-b9f5-31fc96adcad7/generate-keys (5641ms)
May 07, 2025 7:53:50 AM okhttp3.internal.platform.Platform log
INFO: X-WSO2-TraceId: 4e29abc4-ea2a-4537-83e8-4df40124204e
May 07, 2025 7:53:50 AM okhttp3.internal.platform.Platform log
INFO: X-Content-Type-Options: nosniff
May 07, 2025 7:53:50 AM okhttp3.internal.platform.Platform log
INFO: X-XSS-Protection: 1; mode=block
May 07, 2025 7:53:50 AM okhttp3.internal.platform.Platform log
INFO: Date: Wed, 07 May 2025 02:23:48 GMT
May 07, 2025 7:53:50 AM okhttp3.internal.platform.Platform log
INFO: Vary: Accept-Encoding
May 07, 2025 7:53:50 AM okhttp3.internal.platform.Platform log
INFO: Content-Type: application/json
May 07, 2025 7:53:50 AM okhttp3.internal.platform.Platform log
INFO: Transfer-Encoding: chunked
May 07, 2025 7:53:50 AM okhttp3.internal.platform.Platform log
INFO: Keep-Alive: timeout=60
May 07, 2025 7:53:50 AM okhttp3.internal.platform.Platform log
INFO: Connection: keep-alive
May 07, 2025 7:53:50 AM okhttp3.internal.platform.Platform log
INFO: Server: WSO2 Carbon Server
May 07, 2025 7:53:50 AM okhttp3.internal.platform.Platform log
INFO: 
May 07, 2025 7:53:50 AM okhttp3.internal.platform.Platform log
INFO: {"keyMappingId":"6c2d5994-49e4-47b4-9b8e-a0bb55c40110","keyManager":"Resident Key Manager","consumerKey":"2oajNPgRdIxk22OodLpkU0r3LY4a","consumerSecret":"l1c8XaQeK2zgYyuafox86vNuPhoa","supportedGrantTypes":["client_credentials"],"callbackUrl":"https://localhost/callback","keyState":"APPROVED","keyType":"PRODUCTION","mode":"CREATED","groupId":null,"token":{"accessToken":"eyJ4NXQiOiJNV1V4WW1Oa1pXSXdZVFEyTkRjeU1UVXdZelUxTlRReVlUbGpZekF5WmpNNU5EZ3haVFZrWkRGbE5tVmhORGt6WXpneVlqQXlNMk5pWlRBellqUTBZdyIsImtpZCI6Ik1XVXhZbU5rWldJd1lUUTJORGN5TVRVd1l6VTFOVFF5WVRsall6QXlaak01TkRneFpUVmtaREZsTm1WaE5Ea3pZemd5WWpBeU0yTmlaVEF6WWpRMFl3X1JTMjU2IiwidHlwIjoiYXQrand0IiwiYWxnIjoiUlMyNTYifQ.eyJzdWIiOiI0N2YwYzVhNi1mZjc0LTQ4NTctYTE4Yi1hODAwNjAzY2EyMWEiLCJhdXQiOiJBUFBMSUNBVElPTiIsImF1ZCI6IjJvYWpOUGdSZEl4azIyT29kTHBrVTByM0xZNGEiLCJuYmYiOjE3NDY1ODQ2MjgsImF6cCI6IjJvYWpOUGdSZEl4azIyT29kTHBrVTByM0xZNGEiLCJzY29wZSI6ImRlZmF1bHQiLCJpc3MiOiJodHRwczovL2xvY2FsaG9zdDo5NDQzL29hdXRoMi90b2tlbiIsImV4cCI6MTc0NjU4ODIyOCwiaWF0IjoxNzQ2NTg0NjI4LCJqdGkiOiJjYWI2MzVjMi02OTU5LTQyMzctYjgzOC0yN2RjNWExMjViZWQiLCJjbGllbnRfaWQiOiIyb2FqTlBnUmRJeGsyMk9vZExwa1UwcjNMWTRhIn0.kkUdjgDFtr8B5cj5boHvJa4n4MRkB5njJhnzgY1gg6quyG5XjKzPG8olEfv_d0-eKb5lWSQg4PHgyno8SeUmnz6MQgaocDnDPYjBvn7rM0pUBQzudyoJm3QshR-VWl1vgvQuO8C0-sIAvB-i2Fzcj_lZpv0zhYg40qfPfuxj_JGDb4BazxB86Lmgp3VGufyr-U6zmYHebNMBDdjTVtnFqPF0ugWwA_h65AbLAc_Cdygr77ptYZ77D7vWrZ_f-DGDC3TjyT2sjVNcbf0mEEzvFuBxdIM3aGrY60QG0xDeLXf2CZFylG91FTDqoigaKkopVoHd0bdE-48Y6pmhMbwmDQ","tokenScopes":["default"],"validityTime":3600},"additionalProperties":{"id_token_expiry_time":3600,"application_access_token_expiry_time":3600,"user_access_token_expiry_time":3600,"bypassClientCredentials":false,"pkceMandatory":false,"pkceSupportPlain":false,"refresh_token_expiry_time":86400}}
May 07, 2025 7:53:50 AM okhttp3.internal.platform.Platform log
INFO: <-- END HTTP (1770-byte body)
May 07, 2025 7:53:50 AM org.wso2.am.integration.test.impl.RestAPIStoreImpl waitUntilApplicationKeyMappingAvailableInGateway
INFO: Application Available in in-memory == class ApplicationInfoDTO {
    uuid: aca7b7d4-cc7d-4448-b9f5-31fc96adcad7
    id: 2
    name: Application1
    subName: admin
    policy: Unlimited
    tokenType: JWT
    attributes: {}
    keys: []
}
May 07, 2025 7:53:51 AM org.wso2.am.integration.test.impl.RestAPIStoreImpl waitUntilApplicationKeyMappingAvailableInGateway
INFO: Application Available in in-memory == class ApplicationInfoDTO {
    uuid: aca7b7d4-cc7d-4448-b9f5-31fc96adcad7
    id: 2
    name: Application1
    subName: admin
    policy: Unlimited
    tokenType: JWT
    attributes: {}
    keys: [class ApplicationKeyMappingDTO {
        consumerKey: 2oajNPgRdIxk22OodLpkU0r3LY4a
        keyType: PRODUCTION
        keyManager: Resident Key Manager
    }]
}
May 07, 2025 7:53:51 AM okhttp3.internal.platform.Platform log
INFO: --> GET https://localhost:32851/api/am/devportal/v3/apis/631d0d3c-f520-4af5-9410-adccf490146f
May 07, 2025 7:53:51 AM okhttp3.internal.platform.Platform log
INFO: Accept: application/json
May 07, 2025 7:53:51 AM okhttp3.internal.platform.Platform log
INFO: Content-Type: application/json
May 07, 2025 7:53:51 AM okhttp3.internal.platform.Platform log
INFO: Authorization: Bearer 71a71b6a-5bdc-33c2-9382-d10f8f6ba315
May 07, 2025 7:53:51 AM okhttp3.internal.platform.Platform log
INFO: activityID: 
May 07, 2025 7:53:51 AM okhttp3.internal.platform.Platform log
INFO: User-Agent: OpenAPI-Generator/v3/java
May 07, 2025 7:53:51 AM okhttp3.internal.platform.Platform log
INFO: --> END GET
May 07, 2025 7:53:52 AM okhttp3.internal.platform.Platform log
INFO: <-- 200 https://localhost:32851/api/am/devportal/v3/apis/631d0d3c-f520-4af5-9410-adccf490146f (718ms)
May 07, 2025 7:53:52 AM okhttp3.internal.platform.Platform log
INFO: X-WSO2-TraceId: 14193303-2a2e-4b71-9257-cb98305c554b
May 07, 2025 7:53:52 AM okhttp3.internal.platform.Platform log
INFO: X-Content-Type-Options: nosniff
May 07, 2025 7:53:52 AM okhttp3.internal.platform.Platform log
INFO: X-XSS-Protection: 1; mode=block
May 07, 2025 7:53:52 AM okhttp3.internal.platform.Platform log
INFO: Date: Wed, 07 May 2025 02:23:50 GMT
May 07, 2025 7:53:52 AM okhttp3.internal.platform.Platform log
INFO: Vary: Accept-Encoding
May 07, 2025 7:53:52 AM okhttp3.internal.platform.Platform log
INFO: Content-Type: application/json
May 07, 2025 7:53:52 AM okhttp3.internal.platform.Platform log
INFO: Transfer-Encoding: chunked
May 07, 2025 7:53:52 AM okhttp3.internal.platform.Platform log
INFO: Keep-Alive: timeout=60
May 07, 2025 7:53:52 AM okhttp3.internal.platform.Platform log
INFO: Connection: keep-alive
May 07, 2025 7:53:52 AM okhttp3.internal.platform.Platform log
INFO: Server: WSO2 Carbon Server
May 07, 2025 7:53:52 AM okhttp3.internal.platform.Platform log
INFO: 
May 07, 2025 7:53:52 AM okhttp3.internal.platform.Platform log
INFO: {"id":"631d0d3c-f520-4af5-9410-adccf490146f","name":"CustomAuthHeaderTestAPI1","description":"JAX-RS CustomerService API created for integration testing.","context":"/customAuthHeaderTest1/1.0.0","version":"1.0.0","provider":"admin","apiDefinition":"{\n  \"openapi\" : \"3.0.1\",\n  \"info\" : {\n    \"title\" : \"CustomAuthHeaderTestAPI1\",\n    \"description\" : \"JAX-RS CustomerService API created for integration testing.\",\n    \"version\" : \"1.0.0\"\n  },\n  \"servers\" : [ {\n    \"url\" : \"/\"\n  } ],\n  \"security\" : [ {\n    \"default\" : [ ]\n  } ],\n  \"paths\" : {\n    \"/customers/123\" : {\n      \"get\" : {\n        \"responses\" : {\n          \"200\" : {\n            \"description\" : \"OK\"\n          }\n        },\n        \"security\" : [ {\n          \"default\" : [ ]\n        } ],\n        \"x-auth-type\" : \"Application & Application User\",\n        \"x-throttling-tier\" : \"Unlimited\"\n      }\n    }\n  },\n  \"components\" : {\n    \"securitySchemes\" : {\n      \"default\" : {\n        \"type\" : \"oauth2\",\n        \"flows\" : {\n          \"implicit\" : {\n            \"authorizationUrl\" : \"https://test.com\",\n            \"scopes\" : { }\n          }\n        }\n      }\n    }\n  }\n}","wsdlUri":null,"lifeCycleStatus":"PUBLISHED","isDefaultVersion":true,"type":"HTTP","transport":["http","https"],"operations":[],"authorizationHeader":"Test-Custom-Header","apiKeyHeader":"ApiKey","securityScheme":["api_key","oauth_basic_auth_api_key_mandatory","oauth2"],"tags":["service","customer","order"],"tiers":[{"tierName":"Bronze","tierPlan":"FREE","monetizationAttributes":null},{"tierName":"Gold","tierPlan":"FREE","monetizationAttributes":null}],"hasThumbnail":false,"additionalProperties":[],"monetization":{"enabled":false},"endpointURLs":[{"environmentName":"Default","environmentDisplayName":"Default","environmentType":"hybrid","URLs":{"http":"http://localhost:8280/customAuthHeaderTest1/1.0.0","https":"https://localhost:8243/customAuthHeaderTest1/1.0.0","ws":null,"wss":null},"defaultVersionURLs":{"http":"http://localhost:8280/customAuthHeaderTest1","https":"https://localhost:8243/customAuthHeaderTest1","ws":null,"wss":null}}],"businessInformation":{"businessOwner":null,"businessOwnerEmail":null,"technicalOwner":null,"technicalOwnerEmail":null},"environmentList":["Default"],"scopes":[],"avgRating":"0.0","subscriptions":1,"advertiseInfo":{"advertised":false,"apiExternalProductionEndpoint":null,"apiExternalSandboxEndpoint":null,"originalDevPortalUrl":null,"apiOwner":"admin","vendor":"WSO2"},"isSubscriptionAvailable":true,"categories":[],"keyManagers":["all"],"createdTime":"2025-05-07 02:23:10.893","lastUpdatedTime":null,"gatewayVendor":"wso2","asyncTransportProtocols":[],"egress":false,"subtype":"DEFAULT"}
May 07, 2025 7:53:52 AM okhttp3.internal.platform.Platform log
INFO: <-- END HTTP (2778-byte body)
May 07, 2025 7:53:57 AM okhttp3.internal.platform.Platform log
INFO: --> GET https://localhost:32851/api/am/devportal/v3/apis/631d0d3c-f520-4af5-9410-adccf490146f
May 07, 2025 7:53:57 AM okhttp3.internal.platform.Platform log
INFO: Accept: application/json
May 07, 2025 7:53:57 AM okhttp3.internal.platform.Platform log
INFO: Content-Type: application/json
May 07, 2025 7:53:57 AM okhttp3.internal.platform.Platform log
INFO: Authorization: Bearer 71a71b6a-5bdc-33c2-9382-d10f8f6ba315
May 07, 2025 7:53:57 AM okhttp3.internal.platform.Platform log
INFO: activityID: 
May 07, 2025 7:53:57 AM okhttp3.internal.platform.Platform log
INFO: User-Agent: OpenAPI-Generator/v3/java
May 07, 2025 7:53:57 AM okhttp3.internal.platform.Platform log
INFO: --> END GET
May 07, 2025 7:53:57 AM okhttp3.internal.platform.Platform log
INFO: <-- 200 https://localhost:32851/api/am/devportal/v3/apis/631d0d3c-f520-4af5-9410-adccf490146f (296ms)
May 07, 2025 7:53:57 AM okhttp3.internal.platform.Platform log
INFO: X-WSO2-TraceId: 4edd0f11-4364-40e9-8b95-0630851e5d2f
May 07, 2025 7:53:57 AM okhttp3.internal.platform.Platform log
INFO: X-Content-Type-Options: nosniff
May 07, 2025 7:53:57 AM okhttp3.internal.platform.Platform log
INFO: X-XSS-Protection: 1; mode=block
May 07, 2025 7:53:57 AM okhttp3.internal.platform.Platform log
INFO: Date: Wed, 07 May 2025 02:23:55 GMT
May 07, 2025 7:53:57 AM okhttp3.internal.platform.Platform log
INFO: Vary: Accept-Encoding
May 07, 2025 7:53:57 AM okhttp3.internal.platform.Platform log
INFO: Content-Type: application/json
May 07, 2025 7:53:57 AM okhttp3.internal.platform.Platform log
INFO: Transfer-Encoding: chunked
May 07, 2025 7:53:57 AM okhttp3.internal.platform.Platform log
INFO: Keep-Alive: timeout=60
May 07, 2025 7:53:57 AM okhttp3.internal.platform.Platform log
INFO: Connection: keep-alive
May 07, 2025 7:53:57 AM okhttp3.internal.platform.Platform log
INFO: Server: WSO2 Carbon Server
May 07, 2025 7:53:57 AM okhttp3.internal.platform.Platform log
INFO: 
May 07, 2025 7:53:57 AM okhttp3.internal.platform.Platform log
INFO: {"id":"631d0d3c-f520-4af5-9410-adccf490146f","name":"CustomAuthHeaderTestAPI1","description":"JAX-RS CustomerService API created for integration testing.","context":"/customAuthHeaderTest1/1.0.0","version":"1.0.0","provider":"admin","apiDefinition":"{\n  \"openapi\" : \"3.0.1\",\n  \"info\" : {\n    \"title\" : \"CustomAuthHeaderTestAPI1\",\n    \"description\" : \"JAX-RS CustomerService API created for integration testing.\",\n    \"version\" : \"1.0.0\"\n  },\n  \"servers\" : [ {\n    \"url\" : \"/\"\n  } ],\n  \"security\" : [ {\n    \"default\" : [ ]\n  } ],\n  \"paths\" : {\n    \"/customers/123\" : {\n      \"get\" : {\n        \"responses\" : {\n          \"200\" : {\n            \"description\" : \"OK\"\n          }\n        },\n        \"security\" : [ {\n          \"default\" : [ ]\n        } ],\n        \"x-auth-type\" : \"Application & Application User\",\n        \"x-throttling-tier\" : \"Unlimited\"\n      }\n    }\n  },\n  \"components\" : {\n    \"securitySchemes\" : {\n      \"default\" : {\n        \"type\" : \"oauth2\",\n        \"flows\" : {\n          \"implicit\" : {\n            \"authorizationUrl\" : \"https://test.com\",\n            \"scopes\" : { }\n          }\n        }\n      }\n    }\n  }\n}","wsdlUri":null,"lifeCycleStatus":"PUBLISHED","isDefaultVersion":true,"type":"HTTP","transport":["http","https"],"operations":[],"authorizationHeader":"Test-Custom-Header","apiKeyHeader":"ApiKey","securityScheme":["api_key","oauth_basic_auth_api_key_mandatory","oauth2"],"tags":["service","customer","order"],"tiers":[{"tierName":"Bronze","tierPlan":"FREE","monetizationAttributes":null},{"tierName":"Gold","tierPlan":"FREE","monetizationAttributes":null}],"hasThumbnail":false,"additionalProperties":[],"monetization":{"enabled":false},"endpointURLs":[{"environmentName":"Default","environmentDisplayName":"Default","environmentType":"hybrid","URLs":{"http":"http://localhost:8280/customAuthHeaderTest1/1.0.0","https":"https://localhost:8243/customAuthHeaderTest1/1.0.0","ws":null,"wss":null},"defaultVersionURLs":{"http":"http://localhost:8280/customAuthHeaderTest1","https":"https://localhost:8243/customAuthHeaderTest1","ws":null,"wss":null}}],"businessInformation":{"businessOwner":null,"businessOwnerEmail":null,"technicalOwner":null,"technicalOwnerEmail":null},"environmentList":["Default"],"scopes":[],"avgRating":"0.0","subscriptions":1,"advertiseInfo":{"advertised":false,"apiExternalProductionEndpoint":null,"apiExternalSandboxEndpoint":null,"originalDevPortalUrl":null,"apiOwner":"admin","vendor":"WSO2"},"isSubscriptionAvailable":true,"categories":[],"keyManagers":["all"],"createdTime":"2025-05-07 02:23:10.893","lastUpdatedTime":null,"gatewayVendor":"wso2","asyncTransportProtocols":[],"egress":false,"subtype":"DEFAULT"}
May 07, 2025 7:53:57 AM okhttp3.internal.platform.Platform log
INFO: <-- END HTTP (2778-byte body)
May 07, 2025 7:53:58 AM okhttp3.internal.platform.Platform log
INFO: --> POST https://localhost:32851/api/am/devportal/v3/applications/aca7b7d4-cc7d-4448-b9f5-31fc96adcad7/api-keys/PRODUCTION/generate
May 07, 2025 7:53:58 AM okhttp3.internal.platform.Platform log
INFO: Content-Length: 47
May 07, 2025 7:53:58 AM okhttp3.internal.platform.Platform log
INFO: Accept: application/json
May 07, 2025 7:53:58 AM okhttp3.internal.platform.Platform log
INFO: Content-Type: application/json
May 07, 2025 7:53:58 AM okhttp3.internal.platform.Platform log
INFO: Authorization: Bearer 71a71b6a-5bdc-33c2-9382-d10f8f6ba315
May 07, 2025 7:53:58 AM okhttp3.internal.platform.Platform log
INFO: activityID: 
May 07, 2025 7:53:58 AM okhttp3.internal.platform.Platform log
INFO: User-Agent: OpenAPI-Generator/v3/java
May 07, 2025 7:53:58 AM okhttp3.internal.platform.Platform log
INFO: 
May 07, 2025 7:53:58 AM okhttp3.internal.platform.Platform log
INFO: {"validityPeriod":-1,"additionalProperties":{}}
May 07, 2025 7:53:58 AM okhttp3.internal.platform.Platform log
INFO: --> END POST (47-byte body)
May 07, 2025 7:54:00 AM okhttp3.internal.platform.Platform log
INFO: <-- 200 https://localhost:32851/api/am/devportal/v3/applications/aca7b7d4-cc7d-4448-b9f5-31fc96adcad7/api-keys/PRODUCTION/generate (2119ms)
May 07, 2025 7:54:00 AM okhttp3.internal.platform.Platform log
INFO: X-WSO2-TraceId: 59ada780-147d-4ccc-a587-2c846f03fda6
May 07, 2025 7:54:00 AM okhttp3.internal.platform.Platform log
INFO: X-Content-Type-Options: nosniff
May 07, 2025 7:54:00 AM okhttp3.internal.platform.Platform log
INFO: X-XSS-Protection: 1; mode=block
May 07, 2025 7:54:00 AM okhttp3.internal.platform.Platform log
INFO: Date: Wed, 07 May 2025 02:23:58 GMT
May 07, 2025 7:54:00 AM okhttp3.internal.platform.Platform log
INFO: Content-Type: application/json
May 07, 2025 7:54:00 AM okhttp3.internal.platform.Platform log
INFO: Content-Length: 933
May 07, 2025 7:54:00 AM okhttp3.internal.platform.Platform log
INFO: Keep-Alive: timeout=60
May 07, 2025 7:54:00 AM okhttp3.internal.platform.Platform log
INFO: Connection: keep-alive
May 07, 2025 7:54:00 AM okhttp3.internal.platform.Platform log
INFO: Server: WSO2 Carbon Server
May 07, 2025 7:54:00 AM okhttp3.internal.platform.Platform log
INFO: 
May 07, 2025 7:54:00 AM okhttp3.internal.platform.Platform log
INFO: {"apikey":"eyJ4NXQjUzI1NiI6Ik1XVXhZbU5rWldJd1lUUTJORGN5TVRVd1l6VTFOVFF5WVRsall6QXlaak01TkRneFpUVmtaREZsTm1WaE5Ea3pZemd5WWpBeU0yTmlaVEF6WWpRMFl3PT0iLCJraWQiOiJnYXRld2F5X2NlcnRpZmljYXRlX2FsaWFzIiwidHlwIjoiSldUIiwiYWxnIjoiUlMyNTYifQ==.eyJzdWIiOiJhZG1pbkBjYXJib24uc3VwZXIiLCJhcHBsaWNhdGlvbiI6eyJpZCI6MiwidXVpZCI6ImFjYTdiN2Q0LWNjN2QtNDQ0OC1iOWY1LTMxZmM5NmFkY2FkNyJ9LCJpc3MiOiJodHRwczpcL1wvbG9jYWxob3N0Ojk0NDNcL29hdXRoMlwvdG9rZW4iLCJrZXl0eXBlIjoiUFJPRFVDVElPTiIsInRva2VuX3R5cGUiOiJhcGlLZXkiLCJpYXQiOjE3NDY1ODQ2MzgsImp0aSI6ImI3YTI1ODYyLTFiOTctNDRmNS05OWFlLWE2NGQ2YzNmNTVlMSJ9.Wub-UygRa9f_zsyh8DGZ6t1HVrXBfCd5B7nkT2uHFzDaA0aSV8MHgFu2_7yu-w26Kp4YPNKgM8djkI3PQv9xoXDVU1kIuDCWexKbVkVkn2CBgO058HwOEDpyu16sISr-EBOvUw-eAwAEOSVsHm67xOt2odd2VZ5WMRTsTbcAODLZssimSQtfQDayx9_p1I2hBtgWYQq6sxK9_RTkOpGai3-3OohEGSvz6qbYCGfmuJMRTVoUJDLHlDGR-81xKMS12qs7GIssvIytcS9gAejyPWlfsgBcodPXuefJHfONazvD-buSwRH5xtzTPjIvggFhDnyRzlfCavlDSEl0BIAeIg==","validityTime":-1}
May 07, 2025 7:54:00 AM okhttp3.internal.platform.Platform log
INFO: <-- END HTTP (933-byte body)
May 07, 2025 7:54:00 AM okhttp3.internal.platform.Platform log
INFO: --> GET https://localhost:32851/api/am/devportal/v3/apis/631d0d3c-f520-4af5-9410-adccf490146f
May 07, 2025 7:54:00 AM okhttp3.internal.platform.Platform log
INFO: Accept: application/json
May 07, 2025 7:54:00 AM okhttp3.internal.platform.Platform log
INFO: Content-Type: application/json
May 07, 2025 7:54:00 AM okhttp3.internal.platform.Platform log
INFO: Authorization: Bearer 71a71b6a-5bdc-33c2-9382-d10f8f6ba315
May 07, 2025 7:54:00 AM okhttp3.internal.platform.Platform log
INFO: activityID: 
May 07, 2025 7:54:00 AM okhttp3.internal.platform.Platform log
INFO: User-Agent: OpenAPI-Generator/v3/java
May 07, 2025 7:54:00 AM okhttp3.internal.platform.Platform log
INFO: --> END GET
May 07, 2025 7:54:00 AM okhttp3.internal.platform.Platform log
INFO: <-- 200 https://localhost:32851/api/am/devportal/v3/apis/631d0d3c-f520-4af5-9410-adccf490146f (158ms)
May 07, 2025 7:54:00 AM okhttp3.internal.platform.Platform log
INFO: X-WSO2-TraceId: 8ccd4fbe-99ad-482e-b1cb-32d9a4650f5c
May 07, 2025 7:54:00 AM okhttp3.internal.platform.Platform log
INFO: X-Content-Type-Options: nosniff
May 07, 2025 7:54:00 AM okhttp3.internal.platform.Platform log
INFO: X-XSS-Protection: 1; mode=block
May 07, 2025 7:54:00 AM okhttp3.internal.platform.Platform log
INFO: Date: Wed, 07 May 2025 02:23:58 GMT
May 07, 2025 7:54:00 AM okhttp3.internal.platform.Platform log
INFO: Vary: Accept-Encoding
May 07, 2025 7:54:00 AM okhttp3.internal.platform.Platform log
INFO: Content-Type: application/json
May 07, 2025 7:54:00 AM okhttp3.internal.platform.Platform log
INFO: Transfer-Encoding: chunked
May 07, 2025 7:54:00 AM okhttp3.internal.platform.Platform log
INFO: Keep-Alive: timeout=60
May 07, 2025 7:54:00 AM okhttp3.internal.platform.Platform log
INFO: Connection: keep-alive
May 07, 2025 7:54:00 AM okhttp3.internal.platform.Platform log
INFO: Server: WSO2 Carbon Server
May 07, 2025 7:54:00 AM okhttp3.internal.platform.Platform log
INFO: 
May 07, 2025 7:54:00 AM okhttp3.internal.platform.Platform log
INFO: {"id":"631d0d3c-f520-4af5-9410-adccf490146f","name":"CustomAuthHeaderTestAPI1","description":"JAX-RS CustomerService API created for integration testing.","context":"/customAuthHeaderTest1/1.0.0","version":"1.0.0","provider":"admin","apiDefinition":"{\n  \"openapi\" : \"3.0.1\",\n  \"info\" : {\n    \"title\" : \"CustomAuthHeaderTestAPI1\",\n    \"description\" : \"JAX-RS CustomerService API created for integration testing.\",\n    \"version\" : \"1.0.0\"\n  },\n  \"servers\" : [ {\n    \"url\" : \"/\"\n  } ],\n  \"security\" : [ {\n    \"default\" : [ ]\n  } ],\n  \"paths\" : {\n    \"/customers/123\" : {\n      \"get\" : {\n        \"responses\" : {\n          \"200\" : {\n            \"description\" : \"OK\"\n          }\n        },\n        \"security\" : [ {\n          \"default\" : [ ]\n        } ],\n        \"x-auth-type\" : \"Application & Application User\",\n        \"x-throttling-tier\" : \"Unlimited\"\n      }\n    }\n  },\n  \"components\" : {\n    \"securitySchemes\" : {\n      \"default\" : {\n        \"type\" : \"oauth2\",\n        \"flows\" : {\n          \"implicit\" : {\n            \"authorizationUrl\" : \"https://test.com\",\n            \"scopes\" : { }\n          }\n        }\n      }\n    }\n  }\n}","wsdlUri":null,"lifeCycleStatus":"PUBLISHED","isDefaultVersion":true,"type":"HTTP","transport":["http","https"],"operations":[],"authorizationHeader":"Test-Custom-Header","apiKeyHeader":"ApiKey","securityScheme":["api_key","oauth_basic_auth_api_key_mandatory","oauth2"],"tags":["service","customer","order"],"tiers":[{"tierName":"Bronze","tierPlan":"FREE","monetizationAttributes":null},{"tierName":"Gold","tierPlan":"FREE","monetizationAttributes":null}],"hasThumbnail":false,"additionalProperties":[],"monetization":{"enabled":false},"endpointURLs":[{"environmentName":"Default","environmentDisplayName":"Default","environmentType":"hybrid","URLs":{"http":"http://localhost:8280/customAuthHeaderTest1/1.0.0","https":"https://localhost:8243/customAuthHeaderTest1/1.0.0","ws":null,"wss":null},"defaultVersionURLs":{"http":"http://localhost:8280/customAuthHeaderTest1","https":"https://localhost:8243/customAuthHeaderTest1","ws":null,"wss":null}}],"businessInformation":{"businessOwner":null,"businessOwnerEmail":null,"technicalOwner":null,"technicalOwnerEmail":null},"environmentList":["Default"],"scopes":[],"avgRating":"0.0","subscriptions":1,"advertiseInfo":{"advertised":false,"apiExternalProductionEndpoint":null,"apiExternalSandboxEndpoint":null,"originalDevPortalUrl":null,"apiOwner":"admin","vendor":"WSO2"},"isSubscriptionAvailable":true,"categories":[],"keyManagers":["all"],"createdTime":"2025-05-07 02:23:10.893","lastUpdatedTime":null,"gatewayVendor":"wso2","asyncTransportProtocols":[],"egress":false,"subtype":"DEFAULT"}
May 07, 2025 7:54:00 AM okhttp3.internal.platform.Platform log
INFO: <-- END HTTP (2778-byte body)
May 07, 2025 7:54:01 AM okhttp3.internal.platform.Platform log
INFO: --> GET https://localhost:32851/api/am/devportal/v3/apis/631d0d3c-f520-4af5-9410-adccf490146f
May 07, 2025 7:54:01 AM okhttp3.internal.platform.Platform log
INFO: Accept: application/json
May 07, 2025 7:54:01 AM okhttp3.internal.platform.Platform log
INFO: Content-Type: application/json
May 07, 2025 7:54:01 AM okhttp3.internal.platform.Platform log
INFO: Authorization: Bearer 71a71b6a-5bdc-33c2-9382-d10f8f6ba315
May 07, 2025 7:54:01 AM okhttp3.internal.platform.Platform log
INFO: activityID: 
May 07, 2025 7:54:01 AM okhttp3.internal.platform.Platform log
INFO: User-Agent: OpenAPI-Generator/v3/java
May 07, 2025 7:54:01 AM okhttp3.internal.platform.Platform log
INFO: --> END GET
May 07, 2025 7:54:01 AM okhttp3.internal.platform.Platform log
INFO: <-- 200 https://localhost:32851/api/am/devportal/v3/apis/631d0d3c-f520-4af5-9410-adccf490146f (107ms)
May 07, 2025 7:54:01 AM okhttp3.internal.platform.Platform log
INFO: X-WSO2-TraceId: 75c797e0-f3b3-4711-9bb6-714125f39b0a
May 07, 2025 7:54:01 AM okhttp3.internal.platform.Platform log
INFO: X-Content-Type-Options: nosniff
May 07, 2025 7:54:01 AM okhttp3.internal.platform.Platform log
INFO: X-XSS-Protection: 1; mode=block
May 07, 2025 7:54:01 AM okhttp3.internal.platform.Platform log
INFO: Date: Wed, 07 May 2025 02:23:59 GMT
May 07, 2025 7:54:01 AM okhttp3.internal.platform.Platform log
INFO: Vary: Accept-Encoding
May 07, 2025 7:54:01 AM okhttp3.internal.platform.Platform log
INFO: Content-Type: application/json
May 07, 2025 7:54:01 AM okhttp3.internal.platform.Platform log
INFO: Transfer-Encoding: chunked
May 07, 2025 7:54:01 AM okhttp3.internal.platform.Platform log
INFO: Keep-Alive: timeout=60
May 07, 2025 7:54:01 AM okhttp3.internal.platform.Platform log
INFO: Connection: keep-alive
May 07, 2025 7:54:01 AM okhttp3.internal.platform.Platform log
INFO: Server: WSO2 Carbon Server
May 07, 2025 7:54:01 AM okhttp3.internal.platform.Platform log
INFO: 
May 07, 2025 7:54:01 AM okhttp3.internal.platform.Platform log
INFO: {"id":"631d0d3c-f520-4af5-9410-adccf490146f","name":"CustomAuthHeaderTestAPI1","description":"JAX-RS CustomerService API created for integration testing.","context":"/customAuthHeaderTest1/1.0.0","version":"1.0.0","provider":"admin","apiDefinition":"{\n  \"openapi\" : \"3.0.1\",\n  \"info\" : {\n    \"title\" : \"CustomAuthHeaderTestAPI1\",\n    \"description\" : \"JAX-RS CustomerService API created for integration testing.\",\n    \"version\" : \"1.0.0\"\n  },\n  \"servers\" : [ {\n    \"url\" : \"/\"\n  } ],\n  \"security\" : [ {\n    \"default\" : [ ]\n  } ],\n  \"paths\" : {\n    \"/customers/123\" : {\n      \"get\" : {\n        \"responses\" : {\n          \"200\" : {\n            \"description\" : \"OK\"\n          }\n        },\n        \"security\" : [ {\n          \"default\" : [ ]\n        } ],\n        \"x-auth-type\" : \"Application & Application User\",\n        \"x-throttling-tier\" : \"Unlimited\"\n      }\n    }\n  },\n  \"components\" : {\n    \"securitySchemes\" : {\n      \"default\" : {\n        \"type\" : \"oauth2\",\n        \"flows\" : {\n          \"implicit\" : {\n            \"authorizationUrl\" : \"https://test.com\",\n            \"scopes\" : { }\n          }\n        }\n      }\n    }\n  }\n}","wsdlUri":null,"lifeCycleStatus":"PUBLISHED","isDefaultVersion":true,"type":"HTTP","transport":["http","https"],"operations":[],"authorizationHeader":"Test-Custom-Header","apiKeyHeader":"ApiKey","securityScheme":["api_key","oauth_basic_auth_api_key_mandatory","oauth2"],"tags":["service","customer","order"],"tiers":[{"tierName":"Bronze","tierPlan":"FREE","monetizationAttributes":null},{"tierName":"Gold","tierPlan":"FREE","monetizationAttributes":null}],"hasThumbnail":false,"additionalProperties":[],"monetization":{"enabled":false},"endpointURLs":[{"environmentName":"Default","environmentDisplayName":"Default","environmentType":"hybrid","URLs":{"http":"http://localhost:8280/customAuthHeaderTest1/1.0.0","https":"https://localhost:8243/customAuthHeaderTest1/1.0.0","ws":null,"wss":null},"defaultVersionURLs":{"http":"http://localhost:8280/customAuthHeaderTest1","https":"https://localhost:8243/customAuthHeaderTest1","ws":null,"wss":null}}],"businessInformation":{"businessOwner":null,"businessOwnerEmail":null,"technicalOwner":null,"technicalOwnerEmail":null},"environmentList":["Default"],"scopes":[],"avgRating":"0.0","subscriptions":1,"advertiseInfo":{"advertised":false,"apiExternalProductionEndpoint":null,"apiExternalSandboxEndpoint":null,"originalDevPortalUrl":null,"apiOwner":"admin","vendor":"WSO2"},"isSubscriptionAvailable":true,"categories":[],"keyManagers":["all"],"createdTime":"2025-05-07 02:23:10.893","lastUpdatedTime":null,"gatewayVendor":"wso2","asyncTransportProtocols":[],"egress":false,"subtype":"DEFAULT"}
May 07, 2025 7:54:01 AM okhttp3.internal.platform.Platform log
INFO: <-- END HTTP (2778-byte body)
May 07, 2025 7:54:01 AM okhttp3.internal.platform.Platform log
INFO: --> GET https://localhost:32851/api/am/publisher/v4/apis/631d0d3c-f520-4af5-9410-adccf490146f
May 07, 2025 7:54:01 AM okhttp3.internal.platform.Platform log
INFO: X-WSO2-Tenant: carbon.super
May 07, 2025 7:54:01 AM okhttp3.internal.platform.Platform log
INFO: Accept: application/json
May 07, 2025 7:54:01 AM okhttp3.internal.platform.Platform log
INFO: Content-Type: application/json
May 07, 2025 7:54:01 AM okhttp3.internal.platform.Platform log
INFO: Authorization: Bearer f8709d5e-52e6-3753-81ae-80d89bc61cbe
May 07, 2025 7:54:01 AM okhttp3.internal.platform.Platform log
INFO: activityID: 
May 07, 2025 7:54:01 AM okhttp3.internal.platform.Platform log
INFO: User-Agent: OpenAPI-Generator/v4/java
May 07, 2025 7:54:01 AM okhttp3.internal.platform.Platform log
INFO: --> END GET
May 07, 2025 7:54:01 AM okhttp3.internal.platform.Platform log
INFO: <-- 200 https://localhost:32851/api/am/publisher/v4/apis/631d0d3c-f520-4af5-9410-adccf490146f (150ms)
May 07, 2025 7:54:01 AM okhttp3.internal.platform.Platform log
INFO: X-WSO2-TraceId: 50f0a469-fa72-4e30-85e1-d44939561d99
May 07, 2025 7:54:01 AM okhttp3.internal.platform.Platform log
INFO: X-Content-Type-Options: nosniff
May 07, 2025 7:54:01 AM okhttp3.internal.platform.Platform log
INFO: X-XSS-Protection: 1; mode=block
May 07, 2025 7:54:01 AM okhttp3.internal.platform.Platform log
INFO: Date: Wed, 07 May 2025 02:24:00 GMT
May 07, 2025 7:54:01 AM okhttp3.internal.platform.Platform log
INFO: Vary: Accept-Encoding
May 07, 2025 7:54:01 AM okhttp3.internal.platform.Platform log
INFO: Content-Type: application/json
May 07, 2025 7:54:01 AM okhttp3.internal.platform.Platform log
INFO: Transfer-Encoding: chunked
May 07, 2025 7:54:01 AM okhttp3.internal.platform.Platform log
INFO: Keep-Alive: timeout=60
May 07, 2025 7:54:01 AM okhttp3.internal.platform.Platform log
INFO: Connection: keep-alive
May 07, 2025 7:54:01 AM okhttp3.internal.platform.Platform log
INFO: Server: WSO2 Carbon Server
May 07, 2025 7:54:01 AM okhttp3.internal.platform.Platform log
INFO: 
May 07, 2025 7:54:01 AM okhttp3.internal.platform.Platform log
INFO: {"id":"631d0d3c-f520-4af5-9410-adccf490146f","name":"CustomAuthHeaderTestAPI1","description":"JAX-RS CustomerService API created for integration testing.","context":"/customAuthHeaderTest1","version":"1.0.0","provider":"admin","lifeCycleStatus":"PUBLISHED","wsdlInfo":null,"wsdlUrl":null,"responseCachingEnabled":false,"cacheTimeout":100,"hasThumbnail":false,"isDefaultVersion":true,"isRevision":false,"revisionedApiId":null,"revisionId":0,"enableSchemaValidation":false,"enableSubscriberVerification":false,"type":"HTTP","audience":null,"audiences":["all"],"transport":["http","https"],"tags":["service","customer","order"],"policies":["Bronze","Gold"],"organizationPolicies":[],"apiThrottlingPolicy":null,"authorizationHeader":"Test-Custom-Header","apiKeyHeader":"ApiKey","securityScheme":["api_key","oauth_basic_auth_api_key_mandatory","oauth2"],"maxTps":null,"visibility":"PUBLIC","visibleRoles":[],"visibleTenants":[],"visibleOrganizations":["none"],"mediationPolicies":[],"apiPolicies":null,"subscriptionAvailability":"CURRENT_TENANT","subscriptionAvailableTenants":[],"additionalProperties":[],"additionalPropertiesMap":{},"monetization":null,"accessControl":"NONE","accessControlRoles":[],"businessInformation":{"businessOwner":null,"businessOwnerEmail":null,"technicalOwner":null,"technicalOwnerEmail":null},"corsConfiguration":{"corsConfigurationEnabled":false,"accessControlAllowOrigins":[],"accessControlAllowCredentials":false,"accessControlAllowHeaders":[],"accessControlAllowMethods":[]},"websubSubscriptionConfiguration":{"enable":false,"secret":"","signingAlgorithm":"SHA1","signatureHeader":"x-hub-signature"},"workflowStatus":null,"createdTime":"1746584590893","lastUpdatedTimestamp":"1746584620316","lastUpdatedTime":"2025-05-07 02:23:40.316","endpointConfig":{"endpoint_type":"http","sandbox_endpoints":{"template_not_supported":false,"url":"http://nodebackend:8080/jaxrs_basic/services/customers/customerservice/"},"production_endpoints":{"template_not_supported":false,"url":"http://nodebackend:8080/jaxrs_basic/services/customers/customerservice/"}},"primaryProductionEndpointId":null,"primarySandboxEndpointId":null,"endpointImplementationType":"ENDPOINT","subtypeConfiguration":{"subtype":"DEFAULT","configuration":null},"scopes":[],"operations":[{"id":"","target":"/customers/123","verb":"GET","authType":"Application & Application User","throttlingPolicy":"Unlimited","scopes":[],"usedProductIds":[],"amznResourceName":null,"amznResourceTimeout":null,"amznResourceContentEncode":null,"payloadSchema":null,"uriMapping":null,"operationPolicies":{"request":[],"response":[],"fault":[]}}],"threatProtectionPolicies":null,"categories":[],"keyManagers":["all"],"serviceInfo":null,"advertiseInfo":{"advertised":false,"apiExternalProductionEndpoint":null,"apiExternalSandboxEndpoint":null,"originalDevPortalUrl":null,"apiOwner":"admin","vendor":"WSO2"},"gatewayVendor":"wso2","gatewayType":"wso2/synapse","asyncTransportProtocols":[],"egress":false}
May 07, 2025 7:54:01 AM okhttp3.internal.platform.Platform log
INFO: <-- END HTTP (2969-byte body)
May 07, 2025 7:54:01 AM okhttp3.internal.platform.Platform log
INFO: --> PUT https://localhost:32851/api/am/publisher/v4/apis/631d0d3c-f520-4af5-9410-adccf490146f
May 07, 2025 7:54:01 AM okhttp3.internal.platform.Platform log
INFO: Content-Length: 2242
May 07, 2025 7:54:01 AM okhttp3.internal.platform.Platform log
INFO: Accept: application/json
May 07, 2025 7:54:01 AM okhttp3.internal.platform.Platform log
INFO: Content-Type: application/json
May 07, 2025 7:54:01 AM okhttp3.internal.platform.Platform log
INFO: Authorization: Bearer f8709d5e-52e6-3753-81ae-80d89bc61cbe
May 07, 2025 7:54:01 AM okhttp3.internal.platform.Platform log
INFO: activityID: 
May 07, 2025 7:54:01 AM okhttp3.internal.platform.Platform log
INFO: User-Agent: OpenAPI-Generator/v4/java
May 07, 2025 7:54:01 AM okhttp3.internal.platform.Platform log
INFO: 
May 07, 2025 7:54:01 AM okhttp3.internal.platform.Platform log
INFO: {"id":"631d0d3c-f520-4af5-9410-adccf490146f","name":"CustomAuthHeaderTestAPI1","description":"JAX-RS CustomerService API created for integration testing.","context":"/customAuthHeaderTest1","version":"1.0.0","provider":"admin","lifeCycleStatus":"PUBLISHED","responseCachingEnabled":false,"cacheTimeout":100,"hasThumbnail":false,"isDefaultVersion":true,"isRevision":false,"revisionId":0,"enableSchemaValidation":false,"enableSubscriberVerification":false,"type":"HTTP","audiences":["all"],"transport":["http","https"],"tags":["service","customer","order"],"policies":["Bronze","Gold"],"authorizationHeader":"Test-Custom-Header","apiKeyHeader":"Custom-ApiKey-Header","securityScheme":["api_key","oauth_basic_auth_api_key_mandatory","oauth2"],"visibility":"PUBLIC","visibleRoles":[],"visibleTenants":[],"mediationPolicies":[],"subscriptionAvailability":"CURRENT_TENANT","subscriptionAvailableTenants":[],"additionalProperties":[],"additionalPropertiesMap":{},"accessControl":"NONE","accessControlRoles":[],"businessInformation":{},"corsConfiguration":{"corsConfigurationEnabled":false,"accessControlAllowOrigins":[],"accessControlAllowCredentials":false,"accessControlAllowHeaders":[],"accessControlAllowMethods":[]},"websubSubscriptionConfiguration":{"enable":false,"secret":"","signingAlgorithm":"SHA1","signatureHeader":"x-hub-signature"},"createdTime":"1746584590893","lastUpdatedTimestamp":"1746584620316","lastUpdatedTime":"2025-05-07 02:23:40.316","endpointConfig":{"endpoint_type":"http","sandbox_endpoints":{"template_not_supported":false,"url":"http://nodebackend:8080/jaxrs_basic/services/customers/customerservice/"},"production_endpoints":{"template_not_supported":false,"url":"http://nodebackend:8080/jaxrs_basic/services/customers/customerservice/"}},"endpointImplementationType":"ENDPOINT","scopes":[],"operations":[{"id":"","target":"/customers/123","verb":"GET","authType":"Application \u0026 Application User","throttlingPolicy":"Unlimited","scopes":[],"usedProductIds":[],"operationPolicies":{"request":[],"response":[],"fault":[]}}],"categories":[],"keyManagers":["all"],"advertiseInfo":{"advertised":false,"apiOwner":"admin","vendor":"WSO2"},"gatewayVendor":"wso2","gatewayType":"wso2/synapse","asyncTransportProtocols":[]}
May 07, 2025 7:54:01 AM okhttp3.internal.platform.Platform log
INFO: --> END PUT (2242-byte body)
May 07, 2025 7:54:03 AM okhttp3.internal.platform.Platform log
INFO: <-- 200 https://localhost:32851/api/am/publisher/v4/apis/631d0d3c-f520-4af5-9410-adccf490146f (1889ms)
May 07, 2025 7:54:03 AM okhttp3.internal.platform.Platform log
INFO: X-WSO2-TraceId: 92946eef-2f07-4614-b31d-947762b8d203
May 07, 2025 7:54:03 AM okhttp3.internal.platform.Platform log
INFO: X-Content-Type-Options: nosniff
May 07, 2025 7:54:03 AM okhttp3.internal.platform.Platform log
INFO: X-XSS-Protection: 1; mode=block
May 07, 2025 7:54:03 AM okhttp3.internal.platform.Platform log
INFO: Date: Wed, 07 May 2025 02:24:01 GMT
May 07, 2025 7:54:03 AM okhttp3.internal.platform.Platform log
INFO: Vary: Accept-Encoding
May 07, 2025 7:54:03 AM okhttp3.internal.platform.Platform log
INFO: Content-Type: application/json
May 07, 2025 7:54:03 AM okhttp3.internal.platform.Platform log
INFO: Transfer-Encoding: chunked
May 07, 2025 7:54:03 AM okhttp3.internal.platform.Platform log
INFO: Keep-Alive: timeout=60
May 07, 2025 7:54:03 AM okhttp3.internal.platform.Platform log
INFO: Connection: keep-alive
May 07, 2025 7:54:03 AM okhttp3.internal.platform.Platform log
INFO: Server: WSO2 Carbon Server
May 07, 2025 7:54:03 AM okhttp3.internal.platform.Platform log
INFO: 
May 07, 2025 7:54:03 AM okhttp3.internal.platform.Platform log
INFO: {"id":"631d0d3c-f520-4af5-9410-adccf490146f","name":"CustomAuthHeaderTestAPI1","description":"JAX-RS CustomerService API created for integration testing.","context":"/customAuthHeaderTest1","version":"1.0.0","provider":"admin","lifeCycleStatus":"PUBLISHED","wsdlInfo":null,"wsdlUrl":null,"responseCachingEnabled":false,"cacheTimeout":100,"hasThumbnail":false,"isDefaultVersion":true,"isRevision":false,"revisionedApiId":null,"revisionId":0,"enableSchemaValidation":false,"enableSubscriberVerification":false,"type":"HTTP","audience":null,"audiences":["all"],"transport":["http","https"],"tags":["service","customer","order"],"policies":["Bronze","Gold"],"organizationPolicies":[],"apiThrottlingPolicy":null,"authorizationHeader":"Test-Custom-Header","apiKeyHeader":"Custom-ApiKey-Header","securityScheme":["api_key","oauth_basic_auth_api_key_mandatory","oauth2"],"maxTps":null,"visibility":"PUBLIC","visibleRoles":[],"visibleTenants":[],"visibleOrganizations":["none"],"mediationPolicies":[],"apiPolicies":null,"subscriptionAvailability":"CURRENT_TENANT","subscriptionAvailableTenants":[],"additionalProperties":[],"additionalPropertiesMap":{},"monetization":null,"accessControl":"NONE","accessControlRoles":[],"businessInformation":{"businessOwner":null,"businessOwnerEmail":null,"technicalOwner":null,"technicalOwnerEmail":null},"corsConfiguration":{"corsConfigurationEnabled":false,"accessControlAllowOrigins":[],"accessControlAllowCredentials":false,"accessControlAllowHeaders":[],"accessControlAllowMethods":[]},"websubSubscriptionConfiguration":{"enable":false,"secret":"","signingAlgorithm":"SHA1","signatureHeader":"x-hub-signature"},"workflowStatus":null,"createdTime":"1746584590893","lastUpdatedTimestamp":"1746584641298","lastUpdatedTime":"2025-05-07 02:24:01.298","endpointConfig":{"endpoint_type":"http","sandbox_endpoints":{"template_not_supported":false,"url":"http://nodebackend:8080/jaxrs_basic/services/customers/customerservice/"},"production_endpoints":{"template_not_supported":false,"url":"http://nodebackend:8080/jaxrs_basic/services/customers/customerservice/"}},"primaryProductionEndpointId":null,"primarySandboxEndpointId":null,"endpointImplementationType":"ENDPOINT","subtypeConfiguration":{"subtype":"DEFAULT","configuration":null},"scopes":[],"operations":[{"id":"","target":"/customers/123","verb":"GET","authType":"Application & Application User","throttlingPolicy":"Unlimited","scopes":[],"usedProductIds":[],"amznResourceName":null,"amznResourceTimeout":null,"amznResourceContentEncode":null,"payloadSchema":null,"uriMapping":null,"operationPolicies":{"request":[],"response":[],"fault":[]}}],"threatProtectionPolicies":null,"categories":[],"keyManagers":["all"],"serviceInfo":null,"advertiseInfo":{"advertised":false,"apiExternalProductionEndpoint":null,"apiExternalSandboxEndpoint":null,"originalDevPortalUrl":null,"apiOwner":"admin","vendor":"WSO2"},"gatewayVendor":"wso2","gatewayType":"wso2/synapse","asyncTransportProtocols":[],"egress":false}
May 07, 2025 7:54:03 AM okhttp3.internal.platform.Platform log
INFO: <-- END HTTP (2983-byte body)
May 07, 2025 7:54:03 AM okhttp3.internal.platform.Platform log
INFO: --> GET https://localhost:32851/api/am/publisher/v4/apis/631d0d3c-f520-4af5-9410-adccf490146f
May 07, 2025 7:54:03 AM okhttp3.internal.platform.Platform log
INFO: X-WSO2-Tenant: carbon.super
May 07, 2025 7:54:03 AM okhttp3.internal.platform.Platform log
INFO: Accept: application/json
May 07, 2025 7:54:03 AM okhttp3.internal.platform.Platform log
INFO: Content-Type: application/json
May 07, 2025 7:54:03 AM okhttp3.internal.platform.Platform log
INFO: Authorization: Bearer f8709d5e-52e6-3753-81ae-80d89bc61cbe
May 07, 2025 7:54:03 AM okhttp3.internal.platform.Platform log
INFO: activityID: 
May 07, 2025 7:54:03 AM okhttp3.internal.platform.Platform log
INFO: User-Agent: OpenAPI-Generator/v4/java
May 07, 2025 7:54:03 AM okhttp3.internal.platform.Platform log
INFO: --> END GET
May 07, 2025 7:54:04 AM okhttp3.internal.platform.Platform log
INFO: <-- 200 https://localhost:32851/api/am/publisher/v4/apis/631d0d3c-f520-4af5-9410-adccf490146f (296ms)
May 07, 2025 7:54:04 AM okhttp3.internal.platform.Platform log
INFO: X-WSO2-TraceId: 9e03e88e-c994-41f1-ad6b-0bd930d00be9
May 07, 2025 7:54:04 AM okhttp3.internal.platform.Platform log
INFO: X-Content-Type-Options: nosniff
May 07, 2025 7:54:04 AM okhttp3.internal.platform.Platform log
INFO: X-XSS-Protection: 1; mode=block
May 07, 2025 7:54:04 AM okhttp3.internal.platform.Platform log
INFO: Date: Wed, 07 May 2025 02:24:02 GMT
May 07, 2025 7:54:04 AM okhttp3.internal.platform.Platform log
INFO: Vary: Accept-Encoding
May 07, 2025 7:54:04 AM okhttp3.internal.platform.Platform log
INFO: Content-Type: application/json
May 07, 2025 7:54:04 AM okhttp3.internal.platform.Platform log
INFO: Transfer-Encoding: chunked
May 07, 2025 7:54:04 AM okhttp3.internal.platform.Platform log
INFO: Keep-Alive: timeout=60
May 07, 2025 7:54:04 AM okhttp3.internal.platform.Platform log
INFO: Connection: keep-alive
May 07, 2025 7:54:04 AM okhttp3.internal.platform.Platform log
INFO: Server: WSO2 Carbon Server
May 07, 2025 7:54:04 AM okhttp3.internal.platform.Platform log
INFO: 
May 07, 2025 7:54:04 AM okhttp3.internal.platform.Platform log
INFO: {"id":"631d0d3c-f520-4af5-9410-adccf490146f","name":"CustomAuthHeaderTestAPI1","description":"JAX-RS CustomerService API created for integration testing.","context":"/customAuthHeaderTest1","version":"1.0.0","provider":"admin","lifeCycleStatus":"PUBLISHED","wsdlInfo":null,"wsdlUrl":null,"responseCachingEnabled":false,"cacheTimeout":100,"hasThumbnail":false,"isDefaultVersion":true,"isRevision":false,"revisionedApiId":null,"revisionId":0,"enableSchemaValidation":false,"enableSubscriberVerification":false,"type":"HTTP","audience":null,"audiences":["all"],"transport":["http","https"],"tags":["service","customer","order"],"policies":["Bronze","Gold"],"organizationPolicies":[],"apiThrottlingPolicy":null,"authorizationHeader":"Test-Custom-Header","apiKeyHeader":"Custom-ApiKey-Header","securityScheme":["api_key","oauth_basic_auth_api_key_mandatory","oauth2"],"maxTps":null,"visibility":"PUBLIC","visibleRoles":[],"visibleTenants":[],"visibleOrganizations":["none"],"mediationPolicies":[],"apiPolicies":null,"subscriptionAvailability":"CURRENT_TENANT","subscriptionAvailableTenants":[],"additionalProperties":[],"additionalPropertiesMap":{},"monetization":null,"accessControl":"NONE","accessControlRoles":[],"businessInformation":{"businessOwner":null,"businessOwnerEmail":null,"technicalOwner":null,"technicalOwnerEmail":null},"corsConfiguration":{"corsConfigurationEnabled":false,"accessControlAllowOrigins":[],"accessControlAllowCredentials":false,"accessControlAllowHeaders":[],"accessControlAllowMethods":[]},"websubSubscriptionConfiguration":{"enable":false,"secret":"","signingAlgorithm":"SHA1","signatureHeader":"x-hub-signature"},"workflowStatus":null,"createdTime":"1746584590893","lastUpdatedTimestamp":"1746584641298","lastUpdatedTime":"2025-05-07 02:24:01.298","endpointConfig":{"endpoint_type":"http","sandbox_endpoints":{"template_not_supported":false,"url":"http://nodebackend:8080/jaxrs_basic/services/customers/customerservice/"},"production_endpoints":{"template_not_supported":false,"url":"http://nodebackend:8080/jaxrs_basic/services/customers/customerservice/"}},"primaryProductionEndpointId":null,"primarySandboxEndpointId":null,"endpointImplementationType":"ENDPOINT","subtypeConfiguration":{"subtype":"DEFAULT","configuration":null},"scopes":[],"operations":[{"id":"","target":"/customers/123","verb":"GET","authType":"Application & Application User","throttlingPolicy":"Unlimited","scopes":[],"usedProductIds":[],"amznResourceName":null,"amznResourceTimeout":null,"amznResourceContentEncode":null,"payloadSchema":null,"uriMapping":null,"operationPolicies":{"request":[],"response":[],"fault":[]}}],"threatProtectionPolicies":null,"categories":[],"keyManagers":["all"],"serviceInfo":null,"advertiseInfo":{"advertised":false,"apiExternalProductionEndpoint":null,"apiExternalSandboxEndpoint":null,"originalDevPortalUrl":null,"apiOwner":"admin","vendor":"WSO2"},"gatewayVendor":"wso2","gatewayType":"wso2/synapse","asyncTransportProtocols":[],"egress":false}
May 07, 2025 7:54:04 AM okhttp3.internal.platform.Platform log
INFO: <-- END HTTP (2983-byte body)
May 07, 2025 7:54:04 AM okhttp3.internal.platform.Platform log
INFO: --> POST https://localhost:32851/api/am/publisher/v4/apis/631d0d3c-f520-4af5-9410-adccf490146f/revisions
May 07, 2025 7:54:04 AM okhttp3.internal.platform.Platform log
INFO: Content-Length: 33
May 07, 2025 7:54:04 AM okhttp3.internal.platform.Platform log
INFO: Accept: application/json
May 07, 2025 7:54:04 AM okhttp3.internal.platform.Platform log
INFO: Content-Type: application/json
May 07, 2025 7:54:04 AM okhttp3.internal.platform.Platform log
INFO: Authorization: Bearer f8709d5e-52e6-3753-81ae-80d89bc61cbe
May 07, 2025 7:54:04 AM okhttp3.internal.platform.Platform log
INFO: activityID: 
May 07, 2025 7:54:04 AM okhttp3.internal.platform.Platform log
INFO: User-Agent: OpenAPI-Generator/v4/java
May 07, 2025 7:54:04 AM okhttp3.internal.platform.Platform log
INFO: 
May 07, 2025 7:54:04 AM okhttp3.internal.platform.Platform log
INFO: {"description":"Test Revision 1"}
May 07, 2025 7:54:04 AM okhttp3.internal.platform.Platform log
INFO: --> END POST (33-byte body)
May 07, 2025 7:54:05 AM okhttp3.internal.platform.Platform log
INFO: <-- 201 https://localhost:32851/api/am/publisher/v4/apis/631d0d3c-f520-4af5-9410-adccf490146f/revisions (1091ms)
May 07, 2025 7:54:05 AM okhttp3.internal.platform.Platform log
INFO: X-WSO2-TraceId: 84c4bd31-028a-4d60-9a8b-6448ebd1505a
May 07, 2025 7:54:05 AM okhttp3.internal.platform.Platform log
INFO: Location: https://localhost:32851/api/am/publisher/apis/631d0d3c-f520-4af5-9410-adccf490146f/revisions/5849fd66-633d-4f1a-9810-eda3a6042233
May 07, 2025 7:54:05 AM okhttp3.internal.platform.Platform log
INFO: X-Content-Type-Options: nosniff
May 07, 2025 7:54:05 AM okhttp3.internal.platform.Platform log
INFO: X-XSS-Protection: 1; mode=block
May 07, 2025 7:54:05 AM okhttp3.internal.platform.Platform log
INFO: Date: Wed, 07 May 2025 02:24:03 GMT
May 07, 2025 7:54:05 AM okhttp3.internal.platform.Platform log
INFO: Content-Type: application/json
May 07, 2025 7:54:05 AM okhttp3.internal.platform.Platform log
INFO: Content-Length: 208
May 07, 2025 7:54:05 AM okhttp3.internal.platform.Platform log
INFO: Keep-Alive: timeout=60
May 07, 2025 7:54:05 AM okhttp3.internal.platform.Platform log
INFO: Connection: keep-alive
May 07, 2025 7:54:05 AM okhttp3.internal.platform.Platform log
INFO: Server: WSO2 Carbon Server
May 07, 2025 7:54:05 AM okhttp3.internal.platform.Platform log
INFO: 
May 07, 2025 7:54:05 AM okhttp3.internal.platform.Platform log
INFO: {"displayName":"Revision 2","id":"5849fd66-633d-4f1a-9810-eda3a6042233","description":"Test Revision 1","createdTime":1746584642000,"apiInfo":{"id":"631d0d3c-f520-4af5-9410-adccf490146f"},"deploymentInfo":[]}
May 07, 2025 7:54:05 AM okhttp3.internal.platform.Platform log
INFO: <-- END HTTP (208-byte body)
May 07, 2025 7:54:05 AM okhttp3.internal.platform.Platform log
INFO: --> POST https://localhost:32851/api/am/publisher/v4/apis/631d0d3c-f520-4af5-9410-adccf490146f/deploy-revision?revisionId=5849fd66-633d-4f1a-9810-eda3a6042233
May 07, 2025 7:54:05 AM okhttp3.internal.platform.Platform log
INFO: Content-Length: 85
May 07, 2025 7:54:05 AM okhttp3.internal.platform.Platform log
INFO: Accept: application/json
May 07, 2025 7:54:05 AM okhttp3.internal.platform.Platform log
INFO: Content-Type: application/json
May 07, 2025 7:54:05 AM okhttp3.internal.platform.Platform log
INFO: Authorization: Bearer f8709d5e-52e6-3753-81ae-80d89bc61cbe
May 07, 2025 7:54:05 AM okhttp3.internal.platform.Platform log
INFO: activityID: 
May 07, 2025 7:54:05 AM okhttp3.internal.platform.Platform log
INFO: User-Agent: OpenAPI-Generator/v4/java
May 07, 2025 7:54:05 AM okhttp3.internal.platform.Platform log
INFO: 
May 07, 2025 7:54:05 AM okhttp3.internal.platform.Platform log
INFO: [{"name":"Default","status":"CREATED","vhost":"localhost","displayOnDevportal":true}]
May 07, 2025 7:54:05 AM okhttp3.internal.platform.Platform log
INFO: --> END POST (85-byte body)
May 07, 2025 7:54:05 AM okhttp3.internal.platform.Platform log
INFO: <-- 201 https://localhost:32851/api/am/publisher/v4/apis/631d0d3c-f520-4af5-9410-adccf490146f/deploy-revision?revisionId=5849fd66-633d-4f1a-9810-eda3a6042233 (171ms)
May 07, 2025 7:54:05 AM okhttp3.internal.platform.Platform log
INFO: X-WSO2-TraceId: 3ea3342f-c692-464a-9774-8d50e75ea683
May 07, 2025 7:54:05 AM okhttp3.internal.platform.Platform log
INFO: X-Content-Type-Options: nosniff
May 07, 2025 7:54:05 AM okhttp3.internal.platform.Platform log
INFO: X-XSS-Protection: 1; mode=block
May 07, 2025 7:54:05 AM okhttp3.internal.platform.Platform log
INFO: Date: Wed, 07 May 2025 02:24:03 GMT
May 07, 2025 7:54:05 AM okhttp3.internal.platform.Platform log
INFO: Content-Type: application/json
May 07, 2025 7:54:05 AM okhttp3.internal.platform.Platform log
INFO: Content-Length: 196
May 07, 2025 7:54:05 AM okhttp3.internal.platform.Platform log
INFO: Keep-Alive: timeout=60
May 07, 2025 7:54:05 AM okhttp3.internal.platform.Platform log
INFO: Connection: keep-alive
May 07, 2025 7:54:05 AM okhttp3.internal.platform.Platform log
INFO: Server: WSO2 Carbon Server
May 07, 2025 7:54:05 AM okhttp3.internal.platform.Platform log
INFO: 
May 07, 2025 7:54:05 AM okhttp3.internal.platform.Platform log
INFO: [{"revisionUuid":"5849fd66-633d-4f1a-9810-eda3a6042233","name":"Default","status":"APPROVED","vhost":"localhost","displayOnDevportal":true,"deployedTime":1746584643000,"successDeployedTime":null}]
May 07, 2025 7:54:05 AM okhttp3.internal.platform.Platform log
INFO: <-- END HTTP (196-byte body)
May 07, 2025 7:54:05 AM okhttp3.internal.platform.Platform log
INFO: --> GET https://localhost:32851/api/am/publisher/v4/apis/5849fd66-633d-4f1a-9810-eda3a6042233
May 07, 2025 7:54:05 AM okhttp3.internal.platform.Platform log
INFO: X-WSO2-Tenant: carbon.super
May 07, 2025 7:54:05 AM okhttp3.internal.platform.Platform log
INFO: Accept: application/json
May 07, 2025 7:54:05 AM okhttp3.internal.platform.Platform log
INFO: Content-Type: application/json
May 07, 2025 7:54:05 AM okhttp3.internal.platform.Platform log
INFO: Authorization: Bearer f8709d5e-52e6-3753-81ae-80d89bc61cbe
May 07, 2025 7:54:05 AM okhttp3.internal.platform.Platform log
INFO: activityID: 
May 07, 2025 7:54:05 AM okhttp3.internal.platform.Platform log
INFO: User-Agent: OpenAPI-Generator/v4/java
May 07, 2025 7:54:05 AM okhttp3.internal.platform.Platform log
INFO: --> END GET
May 07, 2025 7:54:05 AM okhttp3.internal.platform.Platform log
INFO: <-- 200 https://localhost:32851/api/am/publisher/v4/apis/5849fd66-633d-4f1a-9810-eda3a6042233 (96ms)
May 07, 2025 7:54:05 AM okhttp3.internal.platform.Platform log
INFO: X-WSO2-TraceId: c9dd40e1-4538-4984-a7b6-b826d09feb7a
May 07, 2025 7:54:05 AM okhttp3.internal.platform.Platform log
INFO: X-Content-Type-Options: nosniff
May 07, 2025 7:54:05 AM okhttp3.internal.platform.Platform log
INFO: X-XSS-Protection: 1; mode=block
May 07, 2025 7:54:05 AM okhttp3.internal.platform.Platform log
INFO: Date: Wed, 07 May 2025 02:24:03 GMT
May 07, 2025 7:54:05 AM okhttp3.internal.platform.Platform log
INFO: Vary: Accept-Encoding
May 07, 2025 7:54:05 AM okhttp3.internal.platform.Platform log
INFO: Content-Type: application/json
May 07, 2025 7:54:05 AM okhttp3.internal.platform.Platform log
INFO: Transfer-Encoding: chunked
May 07, 2025 7:54:05 AM okhttp3.internal.platform.Platform log
INFO: Keep-Alive: timeout=60
May 07, 2025 7:54:05 AM okhttp3.internal.platform.Platform log
INFO: Connection: keep-alive
May 07, 2025 7:54:05 AM okhttp3.internal.platform.Platform log
INFO: Server: WSO2 Carbon Server
May 07, 2025 7:54:05 AM okhttp3.internal.platform.Platform log
INFO: 
May 07, 2025 7:54:05 AM okhttp3.internal.platform.Platform log
INFO: {"id":"5849fd66-633d-4f1a-9810-eda3a6042233","name":"CustomAuthHeaderTestAPI1","description":"JAX-RS CustomerService API created for integration testing.","context":"/customAuthHeaderTest1","version":"1.0.0","provider":"admin","lifeCycleStatus":"PUBLISHED","wsdlInfo":null,"wsdlUrl":null,"responseCachingEnabled":false,"cacheTimeout":100,"hasThumbnail":false,"isDefaultVersion":true,"isRevision":true,"revisionedApiId":"631d0d3c-f520-4af5-9410-adccf490146f","revisionId":2,"enableSchemaValidation":false,"enableSubscriberVerification":false,"type":"HTTP","audience":null,"audiences":["all"],"transport":["http","https"],"tags":["service","customer","order"],"policies":["Bronze","Gold"],"organizationPolicies":[],"apiThrottlingPolicy":null,"authorizationHeader":"Test-Custom-Header","apiKeyHeader":"Custom-ApiKey-Header","securityScheme":["api_key","oauth_basic_auth_api_key_mandatory","oauth2"],"maxTps":null,"visibility":"PUBLIC","visibleRoles":[],"visibleTenants":[],"visibleOrganizations":["none"],"mediationPolicies":[],"apiPolicies":null,"subscriptionAvailability":"CURRENT_TENANT","subscriptionAvailableTenants":[],"additionalProperties":[],"additionalPropertiesMap":{},"monetization":null,"accessControl":"NONE","accessControlRoles":[],"businessInformation":{"businessOwner":null,"businessOwnerEmail":null,"technicalOwner":null,"technicalOwnerEmail":null},"corsConfiguration":{"corsConfigurationEnabled":false,"accessControlAllowOrigins":[],"accessControlAllowCredentials":false,"accessControlAllowHeaders":[],"accessControlAllowMethods":[]},"websubSubscriptionConfiguration":{"enable":false,"secret":"","signingAlgorithm":"SHA1","signatureHeader":"x-hub-signature"},"workflowStatus":null,"createdTime":"1746584642761","lastUpdatedTimestamp":"1746584642761","lastUpdatedTime":"2025-05-07 02:24:02.761","endpointConfig":{"endpoint_type":"http","sandbox_endpoints":{"template_not_supported":false,"url":"http://nodebackend:8080/jaxrs_basic/services/customers/customerservice/"},"production_endpoints":{"template_not_supported":false,"url":"http://nodebackend:8080/jaxrs_basic/services/customers/customerservice/"}},"primaryProductionEndpointId":null,"primarySandboxEndpointId":null,"endpointImplementationType":"ENDPOINT","subtypeConfiguration":{"subtype":"DEFAULT","configuration":null},"scopes":[],"operations":[{"id":"","target":"/customers/123","verb":"GET","authType":"Application & Application User","throttlingPolicy":"Unlimited","scopes":[],"usedProductIds":[],"amznResourceName":null,"amznResourceTimeout":null,"amznResourceContentEncode":null,"payloadSchema":null,"uriMapping":null,"operationPolicies":{"request":[],"response":[],"fault":[]}}],"threatProtectionPolicies":null,"categories":[],"keyManagers":["all"],"serviceInfo":null,"advertiseInfo":{"advertised":false,"apiExternalProductionEndpoint":null,"apiExternalSandboxEndpoint":null,"originalDevPortalUrl":null,"apiOwner":"admin","vendor":"WSO2"},"gatewayVendor":"wso2","gatewayType":"wso2/synapse","asyncTransportProtocols":[],"egress":false}
May 07, 2025 7:54:05 AM okhttp3.internal.platform.Platform log
INFO: <-- END HTTP (3016-byte body)
May 07, 2025 7:54:05 AM org.wso2.am.integration.test.impl.RestAPIPublisherImpl waitForDeployAPI
INFO: AAAAAAAAAA********************************************AAAAAAAAAA
May 07, 2025 7:54:05 AM org.wso2.am.integration.test.impl.RestAPIPublisherImpl waitForDeployAPI
INFO: context: /customAuthHeaderTest1 version: 1.0.0
May 07, 2025 7:54:15 AM okhttp3.internal.platform.Platform log
INFO: --> POST https://localhost:32851/api/am/devportal/v3/applications/aca7b7d4-cc7d-4448-b9f5-31fc96adcad7/api-keys/PRODUCTION/generate
May 07, 2025 7:54:15 AM okhttp3.internal.platform.Platform log
INFO: Content-Length: 47
May 07, 2025 7:54:15 AM okhttp3.internal.platform.Platform log
INFO: Accept: application/json
May 07, 2025 7:54:15 AM okhttp3.internal.platform.Platform log
INFO: Content-Type: application/json
May 07, 2025 7:54:15 AM okhttp3.internal.platform.Platform log
INFO: Authorization: Bearer 71a71b6a-5bdc-33c2-9382-d10f8f6ba315
May 07, 2025 7:54:15 AM okhttp3.internal.platform.Platform log
INFO: activityID: 
May 07, 2025 7:54:15 AM okhttp3.internal.platform.Platform log
INFO: User-Agent: OpenAPI-Generator/v3/java
May 07, 2025 7:54:15 AM okhttp3.internal.platform.Platform log
INFO: 
May 07, 2025 7:54:15 AM okhttp3.internal.platform.Platform log
INFO: {"validityPeriod":-1,"additionalProperties":{}}
May 07, 2025 7:54:15 AM okhttp3.internal.platform.Platform log
INFO: --> END POST (47-byte body)
May 07, 2025 7:54:16 AM okhttp3.internal.platform.Platform log
INFO: <-- 200 https://localhost:32851/api/am/devportal/v3/applications/aca7b7d4-cc7d-4448-b9f5-31fc96adcad7/api-keys/PRODUCTION/generate (298ms)
May 07, 2025 7:54:16 AM okhttp3.internal.platform.Platform log
INFO: X-WSO2-TraceId: e5a87822-4df1-41f7-8071-b3d5bb554259
May 07, 2025 7:54:16 AM okhttp3.internal.platform.Platform log
INFO: X-Content-Type-Options: nosniff
May 07, 2025 7:54:16 AM okhttp3.internal.platform.Platform log
INFO: X-XSS-Protection: 1; mode=block
May 07, 2025 7:54:16 AM okhttp3.internal.platform.Platform log
INFO: Date: Wed, 07 May 2025 02:24:14 GMT
May 07, 2025 7:54:16 AM okhttp3.internal.platform.Platform log
INFO: Content-Type: application/json
May 07, 2025 7:54:16 AM okhttp3.internal.platform.Platform log
INFO: Content-Length: 933
May 07, 2025 7:54:16 AM okhttp3.internal.platform.Platform log
INFO: Keep-Alive: timeout=60
May 07, 2025 7:54:16 AM okhttp3.internal.platform.Platform log
INFO: Connection: keep-alive
May 07, 2025 7:54:16 AM okhttp3.internal.platform.Platform log
INFO: Server: WSO2 Carbon Server
May 07, 2025 7:54:16 AM okhttp3.internal.platform.Platform log
INFO: 
May 07, 2025 7:54:16 AM okhttp3.internal.platform.Platform log
INFO: {"apikey":"eyJ4NXQjUzI1NiI6Ik1XVXhZbU5rWldJd1lUUTJORGN5TVRVd1l6VTFOVFF5WVRsall6QXlaak01TkRneFpUVmtaREZsTm1WaE5Ea3pZemd5WWpBeU0yTmlaVEF6WWpRMFl3PT0iLCJraWQiOiJnYXRld2F5X2NlcnRpZmljYXRlX2FsaWFzIiwidHlwIjoiSldUIiwiYWxnIjoiUlMyNTYifQ==.eyJzdWIiOiJhZG1pbkBjYXJib24uc3VwZXIiLCJhcHBsaWNhdGlvbiI6eyJpZCI6MiwidXVpZCI6ImFjYTdiN2Q0LWNjN2QtNDQ0OC1iOWY1LTMxZmM5NmFkY2FkNyJ9LCJpc3MiOiJodHRwczpcL1wvbG9jYWxob3N0Ojk0NDNcL29hdXRoMlwvdG9rZW4iLCJrZXl0eXBlIjoiUFJPRFVDVElPTiIsInRva2VuX3R5cGUiOiJhcGlLZXkiLCJpYXQiOjE3NDY1ODQ2NTQsImp0aSI6IjZmNjgyMzNmLTM2NTMtNDBlMi1iNGI4LWQ5NWQ3NDkxYjM4MyJ9.e10QRLzpocFe3mCFGEsrEH9RBDiMZNwoLh9ldisUuMXwDie2yDYpgv8bvIxULJxuiQFa5PDiFYkZQd2cGhdoTs2Q7p9wBTc40gbWlC59l2kKzfZET79HltTTql1DcxYJ7VK_FsJ-vgqE7Y0eiK2s3qEJtTsLst_NPaPD_iFcqzO6mqw8DOIu04RUlLvOBB3MhBwWBX67fMf_e-StyS0LTOYDJ1x_Z3thHatZhNuZM-PWsgpaRtCzav3IVroaRnuTP2k5qgQlvretcVMf0pPYvtj1dQv8SUYZ4aJ-awQecG-u2_vCsuu2Lws8lHIYBbqyTT9LXh72Gmvk-h4ok2Evww==","validityTime":-1}
May 07, 2025 7:54:16 AM okhttp3.internal.platform.Platform log
INFO: <-- END HTTP (933-byte body)
May 07, 2025 7:54:16 AM okhttp3.internal.platform.Platform log
INFO: --> GET https://localhost:32851/api/am/devportal/v3/apis/631d0d3c-f520-4af5-9410-adccf490146f
May 07, 2025 7:54:16 AM okhttp3.internal.platform.Platform log
INFO: Accept: application/json
May 07, 2025 7:54:16 AM okhttp3.internal.platform.Platform log
INFO: Content-Type: application/json
May 07, 2025 7:54:16 AM okhttp3.internal.platform.Platform log
INFO: Authorization: Bearer 71a71b6a-5bdc-33c2-9382-d10f8f6ba315
May 07, 2025 7:54:16 AM okhttp3.internal.platform.Platform log
INFO: activityID: 
May 07, 2025 7:54:16 AM okhttp3.internal.platform.Platform log
INFO: User-Agent: OpenAPI-Generator/v3/java
May 07, 2025 7:54:16 AM okhttp3.internal.platform.Platform log
INFO: --> END GET
May 07, 2025 7:54:16 AM okhttp3.internal.platform.Platform log
INFO: <-- 200 https://localhost:32851/api/am/devportal/v3/apis/631d0d3c-f520-4af5-9410-adccf490146f (190ms)
May 07, 2025 7:54:16 AM okhttp3.internal.platform.Platform log
INFO: X-WSO2-TraceId: 701b6422-f93f-40c5-baf0-ad3a4980daf1
May 07, 2025 7:54:16 AM okhttp3.internal.platform.Platform log
INFO: X-Content-Type-Options: nosniff
May 07, 2025 7:54:16 AM okhttp3.internal.platform.Platform log
INFO: X-XSS-Protection: 1; mode=block
May 07, 2025 7:54:16 AM okhttp3.internal.platform.Platform log
INFO: Date: Wed, 07 May 2025 02:24:14 GMT
May 07, 2025 7:54:16 AM okhttp3.internal.platform.Platform log
INFO: Vary: Accept-Encoding
May 07, 2025 7:54:16 AM okhttp3.internal.platform.Platform log
INFO: Content-Type: application/json
May 07, 2025 7:54:16 AM okhttp3.internal.platform.Platform log
INFO: Transfer-Encoding: chunked
May 07, 2025 7:54:16 AM okhttp3.internal.platform.Platform log
INFO: Keep-Alive: timeout=60
May 07, 2025 7:54:16 AM okhttp3.internal.platform.Platform log
INFO: Connection: keep-alive
May 07, 2025 7:54:16 AM okhttp3.internal.platform.Platform log
INFO: Server: WSO2 Carbon Server
May 07, 2025 7:54:16 AM okhttp3.internal.platform.Platform log
INFO: 
May 07, 2025 7:54:16 AM okhttp3.internal.platform.Platform log
INFO: {"id":"631d0d3c-f520-4af5-9410-adccf490146f","name":"CustomAuthHeaderTestAPI1","description":"JAX-RS CustomerService API created for integration testing.","context":"/customAuthHeaderTest1/1.0.0","version":"1.0.0","provider":"admin","apiDefinition":"{\n  \"openapi\" : \"3.0.1\",\n  \"info\" : {\n    \"title\" : \"CustomAuthHeaderTestAPI1\",\n    \"description\" : \"JAX-RS CustomerService API created for integration testing.\",\n    \"version\" : \"1.0.0\"\n  },\n  \"servers\" : [ {\n    \"url\" : \"/\"\n  } ],\n  \"security\" : [ {\n    \"default\" : [ ]\n  } ],\n  \"paths\" : {\n    \"/customers/123\" : {\n      \"get\" : {\n        \"responses\" : {\n          \"200\" : {\n            \"description\" : \"OK\"\n          }\n        },\n        \"security\" : [ {\n          \"default\" : [ ]\n        } ],\n        \"x-auth-type\" : \"Application & Application User\",\n        \"x-throttling-tier\" : \"Unlimited\"\n      }\n    }\n  },\n  \"components\" : {\n    \"securitySchemes\" : {\n      \"default\" : {\n        \"type\" : \"oauth2\",\n        \"flows\" : {\n          \"implicit\" : {\n            \"authorizationUrl\" : \"https://test.com\",\n            \"scopes\" : { }\n          }\n        }\n      }\n    }\n  }\n}","wsdlUri":null,"lifeCycleStatus":"PUBLISHED","isDefaultVersion":true,"type":"HTTP","transport":["http","https"],"operations":[],"authorizationHeader":"Test-Custom-Header","apiKeyHeader":"Custom-ApiKey-Header","securityScheme":["api_key","oauth_basic_auth_api_key_mandatory","oauth2"],"tags":["service","customer","order"],"tiers":[{"tierName":"Bronze","tierPlan":"FREE","monetizationAttributes":null},{"tierName":"Gold","tierPlan":"FREE","monetizationAttributes":null}],"hasThumbnail":false,"additionalProperties":[],"monetization":{"enabled":false},"endpointURLs":[{"environmentName":"Default","environmentDisplayName":"Default","environmentType":"hybrid","URLs":{"http":"http://localhost:8280/customAuthHeaderTest1/1.0.0","https":"https://localhost:8243/customAuthHeaderTest1/1.0.0","ws":null,"wss":null},"defaultVersionURLs":{"http":"http://localhost:8280/customAuthHeaderTest1","https":"https://localhost:8243/customAuthHeaderTest1","ws":null,"wss":null}}],"businessInformation":{"businessOwner":null,"businessOwnerEmail":null,"technicalOwner":null,"technicalOwnerEmail":null},"environmentList":["Default"],"scopes":[],"avgRating":"0.0","subscriptions":1,"advertiseInfo":{"advertised":false,"apiExternalProductionEndpoint":null,"apiExternalSandboxEndpoint":null,"originalDevPortalUrl":null,"apiOwner":"admin","vendor":"WSO2"},"isSubscriptionAvailable":true,"categories":[],"keyManagers":["all"],"createdTime":"2025-05-07 02:23:10.893","lastUpdatedTime":null,"gatewayVendor":"wso2","asyncTransportProtocols":[],"egress":false,"subtype":"DEFAULT"}
May 07, 2025 7:54:16 AM okhttp3.internal.platform.Platform log
INFO: <-- END HTTP (2792-byte body)
May 07, 2025 7:54:16 AM okhttp3.internal.platform.Platform log
INFO: --> GET https://localhost:32851/api/am/devportal/v3/apis/631d0d3c-f520-4af5-9410-adccf490146f
May 07, 2025 7:54:16 AM okhttp3.internal.platform.Platform log
INFO: Accept: application/json
May 07, 2025 7:54:16 AM okhttp3.internal.platform.Platform log
INFO: Content-Type: application/json
May 07, 2025 7:54:16 AM okhttp3.internal.platform.Platform log
INFO: Authorization: Bearer 71a71b6a-5bdc-33c2-9382-d10f8f6ba315
May 07, 2025 7:54:16 AM okhttp3.internal.platform.Platform log
INFO: activityID: 
May 07, 2025 7:54:16 AM okhttp3.internal.platform.Platform log
INFO: User-Agent: OpenAPI-Generator/v3/java
May 07, 2025 7:54:16 AM okhttp3.internal.platform.Platform log
INFO: --> END GET
May 07, 2025 7:54:17 AM okhttp3.internal.platform.Platform log
INFO: <-- 200 https://localhost:32851/api/am/devportal/v3/apis/631d0d3c-f520-4af5-9410-adccf490146f (259ms)
May 07, 2025 7:54:17 AM okhttp3.internal.platform.Platform log
INFO: X-WSO2-TraceId: 133bfc31-dd7e-4bff-ad6a-02a06e57ddf2
May 07, 2025 7:54:17 AM okhttp3.internal.platform.Platform log
INFO: X-Content-Type-Options: nosniff
May 07, 2025 7:54:17 AM okhttp3.internal.platform.Platform log
INFO: X-XSS-Protection: 1; mode=block
May 07, 2025 7:54:17 AM okhttp3.internal.platform.Platform log
INFO: Date: Wed, 07 May 2025 02:24:15 GMT
May 07, 2025 7:54:17 AM okhttp3.internal.platform.Platform log
INFO: Vary: Accept-Encoding
May 07, 2025 7:54:17 AM okhttp3.internal.platform.Platform log
INFO: Content-Type: application/json
May 07, 2025 7:54:17 AM okhttp3.internal.platform.Platform log
INFO: Transfer-Encoding: chunked
May 07, 2025 7:54:17 AM okhttp3.internal.platform.Platform log
INFO: Keep-Alive: timeout=60
May 07, 2025 7:54:17 AM okhttp3.internal.platform.Platform log
INFO: Connection: keep-alive
May 07, 2025 7:54:17 AM okhttp3.internal.platform.Platform log
INFO: Server: WSO2 Carbon Server
May 07, 2025 7:54:17 AM okhttp3.internal.platform.Platform log
INFO: 
May 07, 2025 7:54:17 AM okhttp3.internal.platform.Platform log
INFO: {"id":"631d0d3c-f520-4af5-9410-adccf490146f","name":"CustomAuthHeaderTestAPI1","description":"JAX-RS CustomerService API created for integration testing.","context":"/customAuthHeaderTest1/1.0.0","version":"1.0.0","provider":"admin","apiDefinition":"{\n  \"openapi\" : \"3.0.1\",\n  \"info\" : {\n    \"title\" : \"CustomAuthHeaderTestAPI1\",\n    \"description\" : \"JAX-RS CustomerService API created for integration testing.\",\n    \"version\" : \"1.0.0\"\n  },\n  \"servers\" : [ {\n    \"url\" : \"/\"\n  } ],\n  \"security\" : [ {\n    \"default\" : [ ]\n  } ],\n  \"paths\" : {\n    \"/customers/123\" : {\n      \"get\" : {\n        \"responses\" : {\n          \"200\" : {\n            \"description\" : \"OK\"\n          }\n        },\n        \"security\" : [ {\n          \"default\" : [ ]\n        } ],\n        \"x-auth-type\" : \"Application & Application User\",\n        \"x-throttling-tier\" : \"Unlimited\"\n      }\n    }\n  },\n  \"components\" : {\n    \"securitySchemes\" : {\n      \"default\" : {\n        \"type\" : \"oauth2\",\n        \"flows\" : {\n          \"implicit\" : {\n            \"authorizationUrl\" : \"https://test.com\",\n            \"scopes\" : { }\n          }\n        }\n      }\n    }\n  }\n}","wsdlUri":null,"lifeCycleStatus":"PUBLISHED","isDefaultVersion":true,"type":"HTTP","transport":["http","https"],"operations":[],"authorizationHeader":"Test-Custom-Header","apiKeyHeader":"Custom-ApiKey-Header","securityScheme":["api_key","oauth_basic_auth_api_key_mandatory","oauth2"],"tags":["service","customer","order"],"tiers":[{"tierName":"Bronze","tierPlan":"FREE","monetizationAttributes":null},{"tierName":"Gold","tierPlan":"FREE","monetizationAttributes":null}],"hasThumbnail":false,"additionalProperties":[],"monetization":{"enabled":false},"endpointURLs":[{"environmentName":"Default","environmentDisplayName":"Default","environmentType":"hybrid","URLs":{"http":"http://localhost:8280/customAuthHeaderTest1/1.0.0","https":"https://localhost:8243/customAuthHeaderTest1/1.0.0","ws":null,"wss":null},"defaultVersionURLs":{"http":"http://localhost:8280/customAuthHeaderTest1","https":"https://localhost:8243/customAuthHeaderTest1","ws":null,"wss":null}}],"businessInformation":{"businessOwner":null,"businessOwnerEmail":null,"technicalOwner":null,"technicalOwnerEmail":null},"environmentList":["Default"],"scopes":[],"avgRating":"0.0","subscriptions":1,"advertiseInfo":{"advertised":false,"apiExternalProductionEndpoint":null,"apiExternalSandboxEndpoint":null,"originalDevPortalUrl":null,"apiOwner":"admin","vendor":"WSO2"},"isSubscriptionAvailable":true,"categories":[],"keyManagers":["all"],"createdTime":"2025-05-07 02:23:10.893","lastUpdatedTime":null,"gatewayVendor":"wso2","asyncTransportProtocols":[],"egress":false,"subtype":"DEFAULT"}
May 07, 2025 7:54:17 AM okhttp3.internal.platform.Platform log
INFO: <-- END HTTP (2792-byte body)
]]></system-err>
  </testcase>
  <testcase name="runScenario[&quot;End-to-End API Lifecycle from Creation to Invocation&quot;, &quot;Optional[Complete API Lifecycle Management]&quot;](1)" classname="org.wso2.am.integration.cucumbertests.runners.testrunner" time="645.576">
    <system-out><![CDATA[
Scenario: End-to-End API Lifecycle from Creation to Invocation                                                                             &amp#27;[90m# src/test/resources/features/api_lifecycle_test.feature:9&amp#27;[0m
  &amp#27;[32mGiven &amp#27;[0m&amp#27;[32mI have initialized the NodeApp server container&amp#27;[0m                                                                                    &amp#27;[90m# org.wso2.am.integration.cucumbertests.stepdefinitions.ContainorIntitialisationStepDefinitions.initializeNodeAppServerContainer()&amp#27;[0m
07:54:20.245 [main] INFO  o.w.a.t.DefaultAPIMContainer - Initializing DefaultAPIMContainer...
07:54:20.246 [main] INFO  tc.openjdk:11-jre-slim - Creating container for image: openjdk:11-jre-slim
07:55:33.021 [main] INFO  tc.openjdk:11-jre-slim - Container openjdk:11-jre-slim is starting: 539180100c477ec1f92d0bf3092fe319bb0b7fac3098dace90652a66f127fb73
07:55:34.456 [docker-java-stream--1999903578] INFO  o.w.a.t.DefaultAPIMContainer - STDOUT: JAVA_HOME environment variable is set to /usr/local/openjdk-11
07:55:34.487 [docker-java-stream--1999903578] INFO  o.w.a.t.DefaultAPIMContainer - STDOUT: CARBON_HOME environment variable is set to /opt
07:55:34.738 [docker-java-stream--1999903578] INFO  o.w.a.t.DefaultAPIMContainer - STDOUT: Using Java memory options: -Xms256m -Xmx1024m
07:55:44.736 [docker-java-stream--1999903578] INFO  o.w.a.t.DefaultAPIMContainer - STDOUT: [2025-05-07 02:25:42,582]  INFO {org.wso2.config.mapper.ConfigParser} - Initializing configurations with deployment configurations
07:56:43.729 [docker-java-stream--1999903578] INFO  o.w.a.t.DefaultAPIMContainer - STDOUT: [2025-05-07 02:26:41,684]  INFO - CarbonCoreActivator Starting WSO2 Carbon...
07:56:43.729 [docker-java-stream--1999903578] INFO  o.w.a.t.DefaultAPIMContainer - STDOUT: [2025-05-07 02:26:41,685]  INFO - CarbonCoreActivator Operating System : Linux 6.6.71-0-virt, amd64
07:56:43.729 [docker-java-stream--1999903578] INFO  o.w.a.t.DefaultAPIMContainer - STDOUT: [2025-05-07 02:26:41,685]  INFO - CarbonCoreActivator Java Home        : /usr/local/openjdk-11
07:56:43.729 [docker-java-stream--1999903578] INFO  o.w.a.t.DefaultAPIMContainer - STDOUT: [2025-05-07 02:26:41,685]  INFO - CarbonCoreActivator Java Version     : 11.0.16
07:56:43.729 [docker-java-stream--1999903578] INFO  o.w.a.t.DefaultAPIMContainer - STDOUT: [2025-05-07 02:26:41,686]  INFO - CarbonCoreActivator Java VM          : OpenJDK 64-Bit Server VM 11.0.16+8,Oracle Corporation
07:56:43.729 [docker-java-stream--1999903578] INFO  o.w.a.t.DefaultAPIMContainer - STDOUT: [2025-05-07 02:26:41,686]  INFO - CarbonCoreActivator Carbon Home      : /opt
07:56:43.729 [docker-java-stream--1999903578] INFO  o.w.a.t.DefaultAPIMContainer - STDOUT: [2025-05-07 02:26:41,686]  INFO - CarbonCoreActivator Java Temp Dir    : /opt/tmp
07:56:43.730 [docker-java-stream--1999903578] INFO  o.w.a.t.DefaultAPIMContainer - STDOUT: [2025-05-07 02:26:41,686]  INFO - CarbonCoreActivator User             : root, en-null, Etc/UTC
07:56:45.734 [docker-java-stream--1999903578] INFO  o.w.a.t.DefaultAPIMContainer - STDOUT: [2025-05-07 02:26:43,762]  INFO - DefaultCryptoProviderComponent 'CryptoService.Secret' property has not been set. 'org.wso2.carbon.crypto.provider.SymmetricKeyInternalCryptoProvider' won't be registered as an internal crypto provider. Please set the secret if the provider needs to be registered.
07:56:48.723 [docker-java-stream--1999903578] INFO  o.w.a.t.DefaultAPIMContainer - STDOUT: [2025-05-07 02:26:46,750]  INFO - KafkaEventAdapterServiceDS Successfully deployed the Kafka output event adaptor service
07:56:58.540 [docker-java-stream--1999903578] INFO  o.w.a.t.DefaultAPIMContainer - STDOUT: [2025-05-07 02:26:56,553]  INFO - ServiceComponent Eventing Hub ServiceComponent is activated
07:57:02.721 [docker-java-stream--1999903578] INFO  o.w.a.t.DefaultAPIMContainer - STDOUT: [2025-05-07 02:27:00,748]  WARN - Digester Match [Server/Service/Engine/Host/Valve] failed to set property [maxDays] to []
07:57:11.251 [docker-java-stream--1999903578] INFO  o.w.a.t.DefaultAPIMContainer - STDOUT: [2025-05-07 02:27:09,278]  INFO - ConsentManagerComponent ConsentManagerComponent is activated.
07:57:12.466 [docker-java-stream--1999903578] INFO  o.w.a.t.DefaultAPIMContainer - STDOUT: [2025-05-07 02:27:10,493]  INFO - BinaryDataReceiverServiceComponent Binary Data Receiver server activated
07:57:12.583 [docker-java-stream--1999903578] INFO  o.w.a.t.DefaultAPIMContainer - STDOUT: [2025-05-07 02:27:10,604]  INFO - DataBridgeDS Successfully deployed Agent Server 
07:57:15.914 [docker-java-stream--1999903578] INFO  o.w.a.t.DefaultAPIMContainer - STDOUT: [2025-05-07 02:27:13,938]  INFO - EmbeddedRegistryService Configured Registry in 1099ms
07:57:16.284 [docker-java-stream--1999903578] INFO  o.w.a.t.DefaultAPIMContainer - STDOUT: [2025-05-07 02:27:14,310]  INFO - EmbeddedRegistryService Connected to mount at configregistry in 13ms
07:57:16.286 [docker-java-stream--1999903578] INFO  o.w.a.t.DefaultAPIMContainer - STDOUT: [2025-05-07 02:27:14,310]  INFO - EmbeddedRegistryService Connected to mount at govregistry in 13ms
07:57:16.762 [docker-java-stream--1999903578] INFO  o.w.a.t.DefaultAPIMContainer - STDOUT: [2025-05-07 02:27:14,788]  INFO - EmbeddedRegistryService Connected to mount at configregistry in 8ms
07:57:16.769 [docker-java-stream--1999903578] INFO  o.w.a.t.DefaultAPIMContainer - STDOUT: [2025-05-07 02:27:14,794]  INFO - EmbeddedRegistryService Connected to mount at govregistry in 14ms
07:57:18.495 [docker-java-stream--1999903578] INFO  o.w.a.t.DefaultAPIMContainer - STDOUT: [2025-05-07 02:27:16,521]  INFO - RegistryCoreServiceComponent Registry Mode    : READ-WRITE
07:57:20.036 [docker-java-stream--1999903578] INFO  o.w.a.t.DefaultAPIMContainer - STDOUT: [2025-05-07 02:27:18,063]  INFO - JmxReporterBuilder Creating JMX reporter for Metrics with domain 'org.wso2.carbon.metrics'
07:57:20.074 [docker-java-stream--1999903578] INFO  o.w.a.t.DefaultAPIMContainer - STDOUT: [2025-05-07 02:27:18,100]  INFO - AbstractReporter Started JMX reporter for Metrics
07:57:39.012 [docker-java-stream--1999903578] INFO  o.w.a.t.DefaultAPIMContainer - STDOUT: [2025-05-07 02:27:37,037]  INFO - SolrClient Default Embedded Solr Server Initialized
07:57:40.104 [docker-java-stream--1999903578] INFO  o.w.a.t.DefaultAPIMContainer - STDOUT: [2025-05-07 02:27:38,129]  INFO - UserStoreMgtDSComponent Carbon UserStoreMgtDSComponent activated successfully.
07:57:48.091 [docker-java-stream--1999903578] INFO  o.w.a.t.DefaultAPIMContainer - STDOUT: [2025-05-07 02:27:46,112]  INFO - UserStoreConfigurationDeployer User Store Configuration Deployer initiated.
07:57:48.091 [docker-java-stream--1999903578] INFO  o.w.a.t.DefaultAPIMContainer - STDOUT: [2025-05-07 02:27:46,113]  INFO - UserStoreConfigurationDeployer User Store Configuration Deployer initiated.
07:57:48.692 [docker-java-stream--1999903578] INFO  o.w.a.t.DefaultAPIMContainer - STDOUT: [2025-05-07 02:27:46,717]  INFO - WebsocketTransportSender WSS Sender started
07:57:48.708 [docker-java-stream--1999903578] INFO  o.w.a.t.DefaultAPIMContainer - STDOUT: [2025-05-07 02:27:46,730]  INFO - PassThroughHttpSender Initializing Pass-through HTTP/S Sender...
07:57:48.895 [docker-java-stream--1999903578] INFO  o.w.a.t.DefaultAPIMContainer - STDOUT: [2025-05-07 02:27:46,921]  INFO - PassThroughHttpSender Pass-through HTTP Sender started...
07:57:48.899 [docker-java-stream--1999903578] INFO  o.w.a.t.DefaultAPIMContainer - STDOUT: [2025-05-07 02:27:46,921]  INFO - PassThroughHttpSSLSender Initializing Pass-through HTTP/S Sender...
07:57:49.145 [docker-java-stream--1999903578] INFO  o.w.a.t.DefaultAPIMContainer - STDOUT: [2025-05-07 02:27:47,170]  INFO - ClientConnFactoryBuilder customSSLProfiles configuration is loaded from path: /opt/repository/resources/security/sslprofiles.xml
07:57:49.147 [docker-java-stream--1999903578] INFO  o.w.a.t.DefaultAPIMContainer - STDOUT: [2025-05-07 02:27:47,171]  INFO - ClientConnFactoryBuilder HTTPS Loading custom SSL profiles for the HTTPS sender
07:57:49.292 [docker-java-stream--1999903578] INFO  o.w.a.t.DefaultAPIMContainer - STDOUT: [2025-05-07 02:27:47,316]  INFO - ClientConnFactoryBuilder HTTPS Custom SSL profiles initialized for 1 servers
07:57:49.297 [docker-java-stream--1999903578] INFO  o.w.a.t.DefaultAPIMContainer - STDOUT: [2025-05-07 02:27:47,319]  INFO - PassThroughHttpSSLSender Pass-through HTTPS Sender started...
07:57:49.308 [docker-java-stream--1999903578] INFO  o.w.a.t.DefaultAPIMContainer - STDOUT: [2025-05-07 02:27:47,333]  INFO - WebsocketTransportSender WS Sender started
07:57:49.445 [docker-java-stream--1999903578] INFO  o.w.a.t.DefaultAPIMContainer - STDOUT: [2025-05-07 02:27:47,467]  INFO - PassThroughHttpListener Initializing Pass-through HTTP/S Listener...
07:57:49.580 [docker-java-stream--1999903578] INFO  o.w.a.t.DefaultAPIMContainer - STDOUT: [2025-05-07 02:27:47,606]  INFO - PassThroughHttpMultiSSLListener Initializing Pass-through HTTP/S Listener...
07:57:49.743 [docker-java-stream--1999903578] INFO  o.w.a.t.DefaultAPIMContainer - STDOUT: [2025-05-07 02:27:47,769]  INFO - ServerConnFactoryBuilder SSLProfile configuration is loaded from path: /opt/repository/resources/security/listenerprofiles.xml
07:57:51.149 [docker-java-stream--1999903578] INFO  o.w.a.t.DefaultAPIMContainer - STDOUT: [2025-05-07 02:27:49,174]  INFO - DeploymentInterceptor Deploying Axis2 service: AdminAdvisoryManagementService {super-tenant}
07:57:55.624 [docker-java-stream--1999903578] INFO  o.w.a.t.DefaultAPIMContainer - STDOUT: [2025-05-07 02:27:53,637]  INFO - DeploymentInterceptor Deploying Axis2 service: I18nEmailMgtConfigService {super-tenant}
07:58:22.125 [docker-java-stream--1999903578] INFO  o.w.a.t.DefaultAPIMContainer - STDOUT: [2025-05-07 02:28:20,139]  INFO - DeploymentInterceptor Deploying Axis2 service: AccountCredentialMgtConfigService {super-tenant}
07:58:22.286 [docker-java-stream--1999903578] INFO  o.w.a.t.DefaultAPIMContainer - STDOUT: [2025-05-07 02:28:20,298]  INFO - DeploymentInterceptor Deploying Axis2 service: UserIdentityManagementAdminService {super-tenant}
07:58:22.534 [docker-java-stream--1999903578] INFO  o.w.a.t.DefaultAPIMContainer - STDOUT: [2025-05-07 02:28:20,533]  INFO - DeploymentInterceptor Deploying Axis2 service: UserInformationRecoveryService {super-tenant}
07:58:49.077 [docker-java-stream--1999903578] INFO  o.w.a.t.DefaultAPIMContainer - STDOUT: [2025-05-07 02:28:47,051]  WARN - DefaultSchemaGenerator We don't support method overloading. Ignoring [addRemoteServerConfig]
07:58:49.106 [docker-java-stream--1999903578] INFO  o.w.a.t.DefaultAPIMContainer - STDOUT: [2025-05-07 02:28:47,051]  WARN - DefaultSchemaGenerator We don't support method overloading. Ignoring [resetRemoteServerConfig]
07:58:53.513 [docker-java-stream--1999903578] INFO  o.w.a.t.DefaultAPIMContainer - STDOUT: [2025-05-07 02:28:51,533]  WARN - DefaultSchemaGenerator We don't support method overloading. Ignoring [searchByAttribute]
07:59:00.614 [docker-java-stream--1999903578] INFO  o.w.a.t.DefaultAPIMContainer - STDOUT: [2025-05-07 02:28:58,636]  INFO - CarbonServerManager Repository       : /opt/repository/deployment/server/
07:59:00.656 [docker-java-stream--1999903578] INFO  o.w.a.t.DefaultAPIMContainer - STDOUT: [2025-05-07 02:28:58,679]  INFO - KafkaEventAdapterServiceHolder Kafka input event adaptor waiting for dependent configurations to load
07:59:00.810 [docker-java-stream--1999903578] INFO  o.w.a.t.DefaultAPIMContainer - STDOUT: [2025-05-07 02:28:58,828]  INFO - QueueManagerServiceDS Successfully created the queue manager service
07:59:00.842 [docker-java-stream--1999903578] INFO  o.w.a.t.DefaultAPIMContainer - STDOUT: [2025-05-07 02:28:58,864]  INFO - SubscriptionManagerServiceDS Successfully created the subscription manager service
07:59:01.275 [docker-java-stream--1999903578] INFO  o.w.a.t.DefaultAPIMContainer - STDOUT: [2025-05-07 02:28:59,297]  INFO - PersistenceManagerComponent Activating PersistenceManagerComponent 
07:59:01.523 [docker-java-stream--1999903578] INFO  o.w.a.t.DefaultAPIMContainer - STDOUT: [2025-05-07 02:28:59,543]  INFO - TenantLoadingConfig Using tenant lazy loading policy...
07:59:01.714 [docker-java-stream--1999903578] INFO  o.w.a.t.DefaultAPIMContainer - STDOUT: [2025-05-07 02:28:59,734]  INFO - PermissionUpdater Permission cache updated for tenant -1234
07:59:13.360 [docker-java-stream--1999903578] INFO  o.w.a.t.DefaultAPIMContainer - STDOUT: [2025-05-07 02:29:11,380]  INFO - SchemaBuilder XACML policy schema loaded successfully.
07:59:14.123 [docker-java-stream--1999903578] INFO  o.w.a.t.DefaultAPIMContainer - STDOUT: [2025-05-07 02:29:12,145]  INFO - UserStoreMgtDSComponent Claim manager set for class org.wso2.carbon.user.core.common.DefaultRealm
07:59:14.213 [docker-java-stream--1999903578] INFO  o.w.a.t.DefaultAPIMContainer - STDOUT: [2025-05-07 02:29:12,236]  INFO - UserStoreMgtDSComponent Claim manager set for class org.wso2.carbon.user.core.jdbc.UniqueIDJDBCUserStoreManager
07:59:14.566 [docker-java-stream--1999903578] INFO  o.w.a.t.DefaultAPIMContainer - STDOUT: [2025-05-07 02:29:12,582]  WARN - ApplicationManagementServiceComponent Templates directory not found at /opt/repository/resources/identity/authntemplates
07:59:17.256 [docker-java-stream--1999903578] INFO  o.w.a.t.DefaultAPIMContainer - STDOUT: [2025-05-07 02:29:15,245]  WARN - AuthenticationValveServiceComponent File invalid_tenant_domain_response.html not found. The default content will be used as the error page content.
07:59:17.639 [docker-java-stream--1999903578] INFO  o.w.a.t.DefaultAPIMContainer - STDOUT: [2025-05-07 02:29:15,661]  WARN - AuthenticationServiceComponent 
07:59:17.640 [docker-java-stream--1999903578] INFO  o.w.a.t.DefaultAPIMContainer - STDOUT: 
07:59:17.641 [docker-java-stream--1999903578] INFO  o.w.a.t.DefaultAPIMContainer - STDOUT: ##################################  ALERT  ##################################
07:59:17.641 [docker-java-stream--1999903578] INFO  o.w.a.t.DefaultAPIMContainer - STDOUT: [WARNING]: Internal authentication is utilizing default credentials,
07:59:17.643 [docker-java-stream--1999903578] INFO  o.w.a.t.DefaultAPIMContainer - STDOUT: which may expose the environment to potential security risks.
07:59:17.643 [docker-java-stream--1999903578] INFO  o.w.a.t.DefaultAPIMContainer - STDOUT: If this is a production environment, change the credentials immediately.
07:59:17.644 [docker-java-stream--1999903578] INFO  o.w.a.t.DefaultAPIMContainer - STDOUT: Please refer to the WSO2 security advisory: https://security.docs.wso2.com/en/latest/security-announcements/security-advisories/2023/WSO2-2023-2617/
07:59:17.644 [docker-java-stream--1999903578] INFO  o.w.a.t.DefaultAPIMContainer - STDOUT: #############################################################################
07:59:17.644 [docker-java-stream--1999903578] INFO  o.w.a.t.DefaultAPIMContainer - STDOUT: 
07:59:17.767 [docker-java-stream--1999903578] INFO  o.w.a.t.DefaultAPIMContainer - STDOUT: [2025-05-07 02:29:15,789]  INFO - TenantAssociationServiceComponent Organization management related TenantAssociationManagementListener registered successfully.
07:59:20.801 [docker-java-stream--1999903578] INFO  o.w.a.t.DefaultAPIMContainer - STDOUT: [2025-05-07 02:29:18,823]  INFO - AuthAPIServiceComponent Auth API Service Component  is activated.
07:59:27.135 [docker-java-stream--1999903578] INFO  o.w.a.t.DefaultAPIMContainer - STDOUT: [2025-05-07 02:29:25,154]  INFO - APIUtil Common operation policy xmlValidator_v1 was added to the organization carbon.super successfully
07:59:27.165 [docker-java-stream--1999903578] INFO  o.w.a.t.DefaultAPIMContainer - STDOUT: [2025-05-07 02:29:25,189]  INFO - APIUtil Common operation policy modelRoundRobin_v1 was added to the organization carbon.super successfully
07:59:27.228 [docker-java-stream--1999903578] INFO  o.w.a.t.DefaultAPIMContainer - STDOUT: [2025-05-07 02:29:25,252]  INFO - APIUtil Common operation policy addLogMessage_v1 was added to the organization carbon.super successfully
07:59:27.253 [docker-java-stream--1999903578] INFO  o.w.a.t.DefaultAPIMContainer - STDOUT: [2025-05-07 02:29:25,277]  INFO - APIUtil Common operation policy debugResponseFlow_v1 was added to the organization carbon.super successfully
07:59:27.276 [docker-java-stream--1999903578] INFO  o.w.a.t.DefaultAPIMContainer - STDOUT: [2025-05-07 02:29:25,295]  INFO - APIUtil Common operation policy xmlToJson_v1 was added to the organization carbon.super successfully
07:59:27.296 [docker-java-stream--1999903578] INFO  o.w.a.t.DefaultAPIMContainer - STDOUT: [2025-05-07 02:29:25,313]  INFO - APIUtil Common operation policy addQueryParam_v1 was added to the organization carbon.super successfully
07:59:27.309 [docker-java-stream--1999903578] INFO  o.w.a.t.DefaultAPIMContainer - STDOUT: [2025-05-07 02:29:25,332]  INFO - APIUtil Common operation policy modelWeightedRoundRobin_v1 was added to the organization carbon.super successfully
07:59:27.411 [docker-java-stream--1999903578] INFO  o.w.a.t.DefaultAPIMContainer - STDOUT: [2025-05-07 02:29:25,354]  INFO - APIUtil Common operation policy rewriteResourcePath_v3 was added to the organization carbon.super successfully
07:59:27.413 [docker-java-stream--1999903578] INFO  o.w.a.t.DefaultAPIMContainer - STDOUT: [2025-05-07 02:29:25,374]  INFO - APIUtil Common operation policy opaPolicy_v1 was added to the organization carbon.super successfully
07:59:27.419 [docker-java-stream--1999903578] INFO  o.w.a.t.DefaultAPIMContainer - STDOUT: [2025-05-07 02:29:25,388]  INFO - APIUtil Common operation policy addHeader_v2 was added to the organization carbon.super successfully
07:59:27.422 [docker-java-stream--1999903578] INFO  o.w.a.t.DefaultAPIMContainer - STDOUT: [2025-05-07 02:29:25,399]  INFO - APIUtil Common operation policy debugJsonFault_v1 was added to the organization carbon.super successfully
07:59:27.427 [docker-java-stream--1999903578] INFO  o.w.a.t.DefaultAPIMContainer - STDOUT: [2025-05-07 02:29:25,410]  INFO - APIUtil Common operation policy regexPolicy_v1 was added to the organization carbon.super successfully
07:59:27.433 [docker-java-stream--1999903578] INFO  o.w.a.t.DefaultAPIMContainer - STDOUT: [2025-05-07 02:29:25,422]  INFO - APIUtil Common operation policy removeHeader_v1 was added to the organization carbon.super successfully
07:59:27.447 [docker-java-stream--1999903578] INFO  o.w.a.t.DefaultAPIMContainer - STDOUT: [2025-05-07 02:29:25,433]  INFO - APIUtil Common operation policy setToHeader_v1 was added to the organization carbon.super successfully
07:59:27.448 [docker-java-stream--1999903578] INFO  o.w.a.t.DefaultAPIMContainer - STDOUT: [2025-05-07 02:29:25,443]  INFO - APIUtil Common operation policy awsOAuth2_v1 was added to the organization carbon.super successfully
07:59:27.452 [docker-java-stream--1999903578] INFO  o.w.a.t.DefaultAPIMContainer - STDOUT: [2025-05-07 02:29:25,454]  INFO - APIUtil Common operation policy apkMirrorRequest_v1 was added to the organization carbon.super successfully
07:59:27.460 [docker-java-stream--1999903578] INFO  o.w.a.t.DefaultAPIMContainer - STDOUT: [2025-05-07 02:29:25,467]  INFO - APIUtil Common operation policy modelFailover_v1 was added to the organization carbon.super successfully
07:59:27.463 [docker-java-stream--1999903578] INFO  o.w.a.t.DefaultAPIMContainer - STDOUT: [2025-05-07 02:29:25,480]  INFO - APIUtil Common operation policy revokeOneTimeToken_v1 was added to the organization carbon.super successfully
07:59:27.478 [docker-java-stream--1999903578] INFO  o.w.a.t.DefaultAPIMContainer - STDOUT: [2025-05-07 02:29:25,491]  INFO - APIUtil Common operation policy jsonToXML_v1 was added to the organization carbon.super successfully
07:59:27.479 [docker-java-stream--1999903578] INFO  o.w.a.t.DefaultAPIMContainer - STDOUT: [2025-05-07 02:29:25,501]  INFO - APIUtil Common operation policy apkAddHeader_v1 was added to the organization carbon.super successfully
07:59:27.493 [docker-java-stream--1999903578] INFO  o.w.a.t.DefaultAPIMContainer - STDOUT: [2025-05-07 02:29:25,513]  INFO - APIUtil Common operation policy apkRedirectRequest_v1 was added to the organization carbon.super successfully
07:59:27.520 [docker-java-stream--1999903578] INFO  o.w.a.t.DefaultAPIMContainer - STDOUT: [2025-05-07 02:29:25,531]  INFO - APIUtil Common operation policy apkRemoveHeader_v1 was added to the organization carbon.super successfully
07:59:27.540 [docker-java-stream--1999903578] INFO  o.w.a.t.DefaultAPIMContainer - STDOUT: [2025-05-07 02:29:25,550]  INFO - APIUtil Common operation policy apkCallInterceptorService_v1 was added to the organization carbon.super successfully
07:59:27.607 [docker-java-stream--1999903578] INFO  o.w.a.t.DefaultAPIMContainer - STDOUT: [2025-05-07 02:29:25,590]  INFO - APIUtil Common operation policy debugRequestFlow_v1 was added to the organization carbon.super successfully
07:59:27.632 [docker-java-stream--1999903578] INFO  o.w.a.t.DefaultAPIMContainer - STDOUT: [2025-05-07 02:29:25,607]  INFO - APIUtil Common operation policy disableChunking_v1 was added to the organization carbon.super successfully
07:59:27.737 [docker-java-stream--1999903578] INFO  o.w.a.t.DefaultAPIMContainer - STDOUT: [2025-05-07 02:29:25,637]  INFO - APIUtil Common operation policy jsonValidator_v1 was added to the organization carbon.super successfully
07:59:27.739 [docker-java-stream--1999903578] INFO  o.w.a.t.DefaultAPIMContainer - STDOUT: [2025-05-07 02:29:25,653]  INFO - APIUtil Common operation policy jwtClaimBasedAccessValidator_v1 was added to the organization carbon.super successfully
07:59:27.856 [docker-java-stream--1999903578] INFO  o.w.a.t.DefaultAPIMContainer - STDOUT: [2025-05-07 02:29:25,666]  INFO - APIUtil Common operation policy backEndJWT_v1 was added to the organization carbon.super successfully
07:59:27.856 [docker-java-stream--1999903578] INFO  o.w.a.t.DefaultAPIMContainer - STDOUT: [2025-05-07 02:29:25,678]  INFO - APIUtil Common operation policy jsonFault_v1 was added to the organization carbon.super successfully
07:59:27.856 [docker-java-stream--1999903578] INFO  o.w.a.t.DefaultAPIMContainer - STDOUT: [2025-05-07 02:29:25,691]  INFO - APIUtil Common operation policy changeHTTPMethod_v1 was added to the organization carbon.super successfully
07:59:27.856 [docker-java-stream--1999903578] INFO  o.w.a.t.DefaultAPIMContainer - STDOUT: [2025-05-07 02:29:25,702]  INFO - APIUtil Common operation policy preserveAcceptHeader_v1 was added to the organization carbon.super successfully
07:59:27.856 [docker-java-stream--1999903578] INFO  o.w.a.t.DefaultAPIMContainer - STDOUT: [2025-05-07 02:29:25,714]  INFO - APIUtil Common operation policy applyAcceptHeader_v1 was added to the organization carbon.super successfully
07:59:28.251 [docker-java-stream--1999903578] INFO  o.w.a.t.DefaultAPIMContainer - STDOUT: [2025-05-07 02:29:26,273]  INFO - JMSConnectionFactory JMS ConnectionFactory : Siddhi-JMS-Consumer initialized
07:59:28.309 [docker-java-stream--1999903578] INFO  o.w.a.t.DefaultAPIMContainer - STDOUT: [2025-05-07 02:29:26,331]  INFO - ComplianceEvaluationScheduler Initializing Evaluation Request Scheduler...
07:59:29.769 [docker-java-stream--1999903578] INFO  o.w.a.t.DefaultAPIMContainer - STDOUT: [2025-05-07 02:29:27,583]  INFO - JMSConnectionFactory JMS ConnectionFactory : Siddhi-JMS-Consumer initialized
07:59:31.551 [docker-java-stream--1999903578] INFO  o.w.a.t.DefaultAPIMContainer - STDOUT: [2025-05-07 02:29:29,573]  INFO - JMSConnectionFactory JMS ConnectionFactory : Siddhi-JMS-Consumer initialized
07:59:32.335 [docker-java-stream--1999903578] INFO  o.w.a.t.DefaultAPIMContainer - STDOUT: [2025-05-07 02:29:30,355]  INFO - CorrelationConfigDAO Correlation Components [http, jdbc, ldap, synapse, method-calls]
07:59:33.023 [docker-java-stream--1999903578] INFO  o.w.a.t.DefaultAPIMContainer - STDOUT: [2025-05-07 02:29:31,045]  INFO - OAuthServerConfiguration The default OAuth token issuer will be used. No custom token generator is set.
07:59:33.027 [docker-java-stream--1999903578] INFO  o.w.a.t.DefaultAPIMContainer - STDOUT: [2025-05-07 02:29:31,045]  INFO - OAuthServerConfiguration An instance of org.wso2.carbon.identity.oauth2.token.OauthTokenIssuerImpl is created for Identity OAuth token generation.
07:59:40.695 [docker-java-stream--1999903578] INFO  o.w.a.t.DefaultAPIMContainer - STDOUT: [2025-05-07 02:29:38,715]  INFO - CarbonEventManagementService Starting polling event receivers
07:59:54.650 [docker-java-stream--1999903578] INFO  o.w.a.t.DefaultAPIMContainer - STDOUT: [2025-05-07 02:29:52,673]  WARN - IdentityEventServiceComponent Properties for OrganizationCreationHandler is not configured. This event handler will not be activated
07:59:55.889 [docker-java-stream--1999903578] INFO  o.w.a.t.DefaultAPIMContainer - STDOUT: [2025-05-07 02:29:53,913]  INFO - SessionDataStore Thread pool size for temporary authentication context data delete task: 20
08:00:01.370 [docker-java-stream--1999903578] INFO  o.w.a.t.DefaultAPIMContainer - STDOUT: [2025-05-07 02:29:59,392]  WARN - AppDeployerServiceComponent Waiting for required OSGi services: org.wso2.carbon.application.deployer.synapse.service.SynapseAppDeployerService,org.wso2.carbon.mediation.initializer.services.SynapseEnvironmentService,
08:00:01.550 [docker-java-stream--1999903578] INFO  o.w.a.t.DefaultAPIMContainer - STDOUT: [2025-05-07 02:29:59,574]  WARN - StartupFinalizerServiceComponent Waiting for required OSGi services: org.wso2.carbon.application.deployer.service.CappDeploymentService,org.wso2.carbon.server.admin.common.IServerAdmin,org.wso2.carbon.throttling.agent.ThrottlingAgent,
08:00:17.577 [docker-java-stream--1999903578] INFO  o.w.a.t.DefaultAPIMContainer - STDOUT: [2025-05-07 02:30:15,598]  INFO - ServiceBusInitializer Starting ESB...
08:00:17.747 [docker-java-stream--1999903578] INFO  o.w.a.t.DefaultAPIMContainer - STDOUT: [2025-05-07 02:30:15,747]  INFO - ServiceBusInitializer Initializing Apache Synapse...
08:00:17.783 [docker-java-stream--1999903578] INFO  o.w.a.t.DefaultAPIMContainer - STDOUT: [2025-05-07 02:30:15,806]  INFO - SynapseControllerFactory Using Synapse home : /opt/.
08:00:17.789 [docker-java-stream--1999903578] INFO  o.w.a.t.DefaultAPIMContainer - STDOUT: [2025-05-07 02:30:15,808]  INFO - SynapseControllerFactory Using synapse.xml location : /opt/././repository/deployment/server/synapse-configs/default
08:00:17.789 [docker-java-stream--1999903578] INFO  o.w.a.t.DefaultAPIMContainer - STDOUT: [2025-05-07 02:30:15,808]  INFO - SynapseControllerFactory Using server name : localhost
08:00:18.091 [docker-java-stream--1999903578] INFO  o.w.a.t.DefaultAPIMContainer - STDOUT: [2025-05-07 02:30:16,113]  INFO - SynapseControllerFactory The timeout handler will run every : 15s
08:00:18.193 [docker-java-stream--1999903578] INFO  o.w.a.t.DefaultAPIMContainer - STDOUT: [2025-05-07 02:30:16,216]  INFO - Axis2SynapseController Initializing Synapse at : Wed May 07 02:30:16 UTC 2025
08:00:18.329 [docker-java-stream--1999903578] INFO  o.w.a.t.DefaultAPIMContainer - STDOUT: [2025-05-07 02:30:16,349]  INFO - CarbonSynapseController Loading the mediation configuration from the file system
08:00:18.341 [docker-java-stream--1999903578] INFO  o.w.a.t.DefaultAPIMContainer - STDOUT: [2025-05-07 02:30:16,364]  INFO - MultiXMLConfigurationBuilder Building synapse configuration from the synapse artifact repository at : ././repository/deployment/server/synapse-configs/default
08:00:18.357 [docker-java-stream--1999903578] INFO  o.w.a.t.DefaultAPIMContainer - STDOUT: [2025-05-07 02:30:16,369]  INFO - XMLConfigurationBuilder Generating the Synapse configuration model by parsing the XML configuration
08:00:19.669 [docker-java-stream--1999903578] INFO  o.w.a.t.DefaultAPIMContainer - STDOUT: [2025-05-07 02:30:17,688]  INFO - DependencyTracker Sequence : _api_blocked_sequence_ was added to the Synapse configuration successfully
08:00:19.773 [docker-java-stream--1999903578] INFO  o.w.a.t.DefaultAPIMContainer - STDOUT: [2025-05-07 02:30:17,797]  INFO - DependencyTracker Sequence : _token_fault_ was added to the Synapse configuration successfully
08:00:19.850 [docker-java-stream--1999903578] INFO  o.w.a.t.DefaultAPIMContainer - STDOUT: [2025-05-07 02:30:17,874]  INFO - DependencyTracker Sequence : _graphql_failure_handler was added to the Synapse configuration successfully
08:00:19.856 [docker-java-stream--1999903578] INFO  o.w.a.t.DefaultAPIMContainer - STDOUT: [2025-05-07 02:30:17,879]  INFO - DependencyTracker Sequence : _resource_mismatch_handler_ was added to the Synapse configuration successfully
08:00:20.022 [docker-java-stream--1999903578] INFO  o.w.a.t.DefaultAPIMContainer - STDOUT: [2025-05-07 02:30:18,043]  INFO - DependencyTracker Sequence : dispatchSeq was added to the Synapse configuration successfully
08:00:20.179 [docker-java-stream--1999903578] INFO  o.w.a.t.DefaultAPIMContainer - STDOUT: [2025-05-07 02:30:18,201]  INFO - DependencyTracker Sequence : _backend_failure_handler_ was added to the Synapse configuration successfully
08:00:20.195 [docker-java-stream--1999903578] INFO  o.w.a.t.DefaultAPIMContainer - STDOUT: [2025-05-07 02:30:18,216]  INFO - DependencyTracker Sequence : _production_key_error_ was added to the Synapse configuration successfully
08:00:20.389 [docker-java-stream--1999903578] INFO  o.w.a.t.DefaultAPIMContainer - STDOUT: [2025-05-07 02:30:18,412]  INFO - DependencyTracker Sequence : webhooksFaultSequence was added to the Synapse configuration successfully
08:00:20.478 [docker-java-stream--1999903578] INFO  o.w.a.t.DefaultAPIMContainer - STDOUT: [2025-05-07 02:30:18,502]  INFO - DependencyTracker Sequence : _opa_policy_failure_handler_ was added to the Synapse configuration successfully
08:00:20.538 [docker-java-stream--1999903578] INFO  o.w.a.t.DefaultAPIMContainer - STDOUT: [2025-05-07 02:30:18,562]  INFO - DependencyTracker Sequence : _build_ was added to the Synapse configuration successfully
08:00:20.604 [docker-java-stream--1999903578] INFO  o.w.a.t.DefaultAPIMContainer - STDOUT: [2025-05-07 02:30:18,620]  INFO - DependencyTracker Sequence : _cors_request_handler_ was added to the Synapse configuration successfully
08:00:20.658 [docker-java-stream--1999903578] INFO  o.w.a.t.DefaultAPIMContainer - STDOUT: [2025-05-07 02:30:18,682]  INFO - DependencyTracker Sequence : _threat_fault_ was added to the Synapse configuration successfully
08:00:20.718 [docker-java-stream--1999903578] INFO  o.w.a.t.DefaultAPIMContainer - STDOUT: [2025-05-07 02:30:18,742]  INFO - DependencyTracker Sequence : fault was added to the Synapse configuration successfully
08:00:20.727 [docker-java-stream--1999903578] INFO  o.w.a.t.DefaultAPIMContainer - STDOUT: [2025-05-07 02:30:18,748]  INFO - DependencyTracker Sequence : _sandbox_key_error_ was added to the Synapse configuration successfully
08:00:21.219 [docker-java-stream--1999903578] INFO  o.w.a.t.DefaultAPIMContainer - STDOUT: [2025-05-07 02:30:19,243]  INFO - DependencyTracker Sequence : main was added to the Synapse configuration successfully
08:00:21.221 [docker-java-stream--1999903578] INFO  o.w.a.t.DefaultAPIMContainer - STDOUT: [2025-05-07 02:30:19,245]  INFO - DependencyTracker Sequence : outDispatchSeq was added to the Synapse configuration successfully
08:00:21.276 [docker-java-stream--1999903578] INFO  o.w.a.t.DefaultAPIMContainer - STDOUT: [2025-05-07 02:30:19,296]  INFO - DependencyTracker Sequence : _throttle_out_handler_ was added to the Synapse configuration successfully
08:00:21.301 [docker-java-stream--1999903578] INFO  o.w.a.t.DefaultAPIMContainer - STDOUT: [2025-05-07 02:30:19,325]  INFO - DependencyTracker Sequence : _auth_failure_handler_ was added to the Synapse configuration successfully
08:00:21.312 [docker-java-stream--1999903578] INFO  o.w.a.t.DefaultAPIMContainer - STDOUT: [2025-05-07 02:30:19,333]  INFO - DependencyTracker Inbound Endpoint : SecureWebhookServer was added to the Synapse configuration successfully
08:00:21.314 [docker-java-stream--1999903578] INFO  o.w.a.t.DefaultAPIMContainer - STDOUT: [2025-05-07 02:30:19,334]  INFO - DependencyTracker Inbound Endpoint : SecureWebSocketEP was added to the Synapse configuration successfully
08:00:21.329 [docker-java-stream--1999903578] INFO  o.w.a.t.DefaultAPIMContainer - STDOUT: [2025-05-07 02:30:19,336]  INFO - DependencyTracker Inbound Endpoint : WebSocketInboundEndpoint was added to the Synapse configuration successfully
08:00:21.353 [docker-java-stream--1999903578] INFO  o.w.a.t.DefaultAPIMContainer - STDOUT: [2025-05-07 02:30:19,338]  INFO - DependencyTracker Inbound Endpoint : WebhookServer was added to the Synapse configuration successfully
08:00:21.353 [docker-java-stream--1999903578] INFO  o.w.a.t.DefaultAPIMContainer - STDOUT: [2025-05-07 02:30:19,338]  INFO - SynapseConfigurationBuilder Loaded Synapse configuration from the artifact repository at : ././repository/deployment/server/synapse-configs/default
08:00:21.354 [docker-java-stream--1999903578] INFO  o.w.a.t.DefaultAPIMContainer - STDOUT: [2025-05-07 02:30:19,343]  INFO - DependencyTracker Local entry : SERVER_HOST was added to the Synapse configuration successfully
08:00:21.354 [docker-java-stream--1999903578] INFO  o.w.a.t.DefaultAPIMContainer - STDOUT: [2025-05-07 02:30:19,343]  INFO - DependencyTracker Local entry : SERVER_IP was added to the Synapse configuration successfully
08:00:21.607 [docker-java-stream--1999903578] INFO  o.w.a.t.DefaultAPIMContainer - STDOUT: [2025-05-07 02:30:19,631]  INFO - Axis2SynapseController Loading mediator extensions...
08:00:22.083 [docker-java-stream--1999903578] INFO  o.w.a.t.DefaultAPIMContainer - STDOUT: [2025-05-07 02:30:20,106]  INFO - DeploymentInterceptor Deploying Axis2 service: echo {super-tenant}
08:00:22.181 [docker-java-stream--1999903578] INFO  o.w.a.t.DefaultAPIMContainer - STDOUT: [2025-05-07 02:30:20,196]  INFO - DeploymentInterceptor Deploying Axis2 service: Version {super-tenant}
08:00:22.225 [docker-java-stream--1999903578] INFO  o.w.a.t.DefaultAPIMContainer - STDOUT: [2025-05-07 02:30:20,237]  INFO - EventPublisherDeployer Event Publisher deployment held back and in inactive state :EmailPublisher.xml, Stream validation exception : Stream id_gov_notify_stream:1.0.0 does not exist
08:00:22.226 [docker-java-stream--1999903578] INFO  o.w.a.t.DefaultAPIMContainer - STDOUT: [2025-05-07 02:30:20,244]  INFO - EventPublisherDeployer Event Publisher deployment held back and in inactive state :HTTP-recommendationEventPublisher.xml, Stream validation exception : Stream org.wso2.apimgt.recommendation.event.stream:1.0.0 does not exist
08:00:22.226 [docker-java-stream--1999903578] INFO  o.w.a.t.DefaultAPIMContainer - STDOUT: [2025-05-07 02:30:20,247]  INFO - EventPublisherDeployer Event Publisher deployment held back and in inactive state :asyncWebhooksEventPublisher.xml, Stream validation exception : Stream org.wso2.apimgt.webhooks.request.stream:1.0.0 does not exist
08:00:22.227 [docker-java-stream--1999903578] INFO  o.w.a.t.DefaultAPIMContainer - STDOUT: [2025-05-07 02:30:20,251]  INFO - EventPublisherDeployer Event Publisher deployment held back and in inactive state :asyncWebhooksEventPublisher2.xml, Stream validation exception : Stream org.wso2.apimgt.webhooks.request.stream:1.0.0 does not exist
08:00:22.234 [docker-java-stream--1999903578] INFO  o.w.a.t.DefaultAPIMContainer - STDOUT: [2025-05-07 02:30:20,254]  INFO - EventPublisherDeployer Event Publisher deployment held back and in inactive state :asyncWebhooksEventPublisher_1.0.0.xml, Stream validation exception : Stream org.wso2.apimgt.webhooks.request.stream:1.0.0 does not exist
08:00:22.246 [docker-java-stream--1999903578] INFO  o.w.a.t.DefaultAPIMContainer - STDOUT: [2025-05-07 02:30:20,271]  INFO - EventPublisherDeployer Event Publisher deployment held back and in inactive state :asyncWebhooksEventPublisher_1.0.0_2.xml, Stream validation exception : Stream org.wso2.apimgt.webhooks.request.stream:1.0.0 does not exist
08:00:22.264 [docker-java-stream--1999903578] INFO  o.w.a.t.DefaultAPIMContainer - STDOUT: [2025-05-07 02:30:20,288]  INFO - EventPublisherDeployer Event Publisher deployment held back and in inactive state :blockingEventJMSPublisher.xml, Stream validation exception : Stream org.wso2.blocking.request.stream:1.0.0 does not exist
08:00:22.269 [docker-java-stream--1999903578] INFO  o.w.a.t.DefaultAPIMContainer - STDOUT: [2025-05-07 02:30:20,291]  INFO - EventPublisherDeployer Event Publisher deployment held back and in inactive state :cacheInvalidationEventJMSPublisher.xml, Stream validation exception : Stream org.wso2.apimgt.cache.invalidation.stream:1.0.0 does not exist
08:00:22.281 [docker-java-stream--1999903578] INFO  o.w.a.t.DefaultAPIMContainer - STDOUT: [2025-05-07 02:30:20,302]  INFO - EventPublisherDeployer Event Publisher deployment held back and in inactive state :globalCacheInvalidationJMSPublisher.xml, Stream validation exception : Stream cache.invalidation.stream:1.0.0 does not exist
08:00:22.281 [docker-java-stream--1999903578] INFO  o.w.a.t.DefaultAPIMContainer - STDOUT: [2025-05-07 02:30:20,305]  INFO - EventPublisherDeployer Event Publisher deployment held back and in inactive state :jmsEventPublisher.xml, Stream validation exception : Stream org.wso2.throttle.globalThrottle.stream:1.0.0 does not exist
08:00:22.283 [docker-java-stream--1999903578] INFO  o.w.a.t.DefaultAPIMContainer - STDOUT: [2025-05-07 02:30:20,308]  INFO - EventPublisherDeployer Event Publisher deployment held back and in inactive state :jmsEventPublisher2.xml, Stream validation exception : Stream org.wso2.throttle.globalThrottle.stream:1.0.0 does not exist
08:00:22.287 [docker-java-stream--1999903578] INFO  o.w.a.t.DefaultAPIMContainer - STDOUT: [2025-05-07 02:30:20,311]  INFO - EventPublisherDeployer Event Publisher deployment held back and in inactive state :jmsEventPublisher_1.10.0.xml, Stream validation exception : Stream org.wso2.throttle.globalThrottle.stream:1.1.0 does not exist
08:00:22.290 [docker-java-stream--1999903578] INFO  o.w.a.t.DefaultAPIMContainer - STDOUT: [2025-05-07 02:30:20,314]  INFO - EventPublisherDeployer Event Publisher deployment held back and in inactive state :jmsEventPublisher_1.10.0_2.xml, Stream validation exception : Stream org.wso2.throttle.globalThrottle.stream:1.1.0 does not exist
08:00:22.292 [docker-java-stream--1999903578] INFO  o.w.a.t.DefaultAPIMContainer - STDOUT: [2025-05-07 02:30:20,317]  INFO - EventPublisherDeployer Event Publisher deployment held back and in inactive state :keymgtEventJMSEventPublisher.xml, Stream validation exception : Stream org.wso2.apimgt.keymgt.stream:1.0.0 does not exist
08:00:22.296 [docker-java-stream--1999903578] INFO  o.w.a.t.DefaultAPIMContainer - STDOUT: [2025-05-07 02:30:20,321]  INFO - EventPublisherDeployer Event Publisher deployment held back and in inactive state :notificationEventJMSPublisher.xml, Stream validation exception : Stream org.wso2.apimgt.notification.stream:1.0.0 does not exist
08:00:22.301 [docker-java-stream--1999903578] INFO  o.w.a.t.DefaultAPIMContainer - STDOUT: [2025-05-07 02:30:20,325]  INFO - EventPublisherDeployer Event Publisher deployment held back and in inactive state :tokenRevokeEventJMSPublisher.xml, Stream validation exception : Stream org.wso2.apimgt.token.revocation.stream:1.0.0 does not exist
08:00:22.304 [docker-java-stream--1999903578] INFO  o.w.a.t.DefaultAPIMContainer - STDOUT: [2025-05-07 02:30:20,328]  INFO - EventPublisherDeployer Event Publisher deployment held back and in inactive state :tokenRevokeEventJMSPublisher_2.xml, Stream validation exception : Stream org.wso2.apimgt.token.revocation.stream:1.0.0 does not exist
08:00:22.339 [docker-java-stream--1999903578] INFO  o.w.a.t.DefaultAPIMContainer - STDOUT: [2025-05-07 02:30:20,364]  INFO - EventReceiverDeployer Event receiver deployment held back and in inactive state: blockingWso2EventReceiver.xml, Stream validation exception: Stream org.wso2.blocking.request.stream:1.0.0 does not exist
08:00:22.343 [docker-java-stream--1999903578] INFO  o.w.a.t.DefaultAPIMContainer - STDOUT: [2025-05-07 02:30:20,368]  INFO - EventReceiverDeployer Event receiver deployment held back and in inactive state: cacheInvalidationRequestReceiver.xml, Stream validation exception: Stream cache.invalidation.stream:1.0.0 does not exist
08:00:22.346 [docker-java-stream--1999903578] INFO  o.w.a.t.DefaultAPIMContainer - STDOUT: [2025-05-07 02:30:20,371]  INFO - EventReceiverDeployer Event receiver deployment held back and in inactive state: cacheInvalidationWso2EventReceiver.xml, Stream validation exception: Stream org.wso2.apimgt.cache.invalidation.stream:1.0.0 does not exist
08:00:22.349 [docker-java-stream--1999903578] INFO  o.w.a.t.DefaultAPIMContainer - STDOUT: [2025-05-07 02:30:20,374]  INFO - EventReceiverDeployer Event receiver deployment held back and in inactive state: keyMgtWso2EventReceiver.xml, Stream validation exception: Stream org.wso2.apimgt.keymgt.stream:1.0.0 does not exist
08:00:22.352 [docker-java-stream--1999903578] INFO  o.w.a.t.DefaultAPIMContainer - STDOUT: [2025-05-07 02:30:20,377]  INFO - EventReceiverDeployer Event receiver deployment held back and in inactive state: notificationsWSO2EventReceiver.xml, Stream validation exception: Stream org.wso2.apimgt.notification.stream:1.0.0 does not exist
08:00:22.356 [docker-java-stream--1999903578] INFO  o.w.a.t.DefaultAPIMContainer - STDOUT: [2025-05-07 02:30:20,380]  INFO - EventReceiverDeployer Event receiver deployment held back and in inactive state: recommendationWso2EventReceiver.xml, Stream validation exception: Stream org.wso2.apimgt.recommendation.event.stream:1.0.0 does not exist
08:00:22.361 [docker-java-stream--1999903578] INFO  o.w.a.t.DefaultAPIMContainer - STDOUT: [2025-05-07 02:30:20,386]  INFO - EventReceiverDeployer Event receiver deployment held back and in inactive state: throttleEventReceiver.xml, Stream validation exception: Stream org.wso2.throttle.request.stream:1.0.0 does not exist
08:00:22.367 [docker-java-stream--1999903578] INFO  o.w.a.t.DefaultAPIMContainer - STDOUT: [2025-05-07 02:30:20,390]  INFO - EventReceiverDeployer Event receiver deployment held back and in inactive state: throttleWSO2EventReceiver.xml, Stream validation exception: Stream org.wso2.throttle.request.stream:1.0.0 does not exist
08:00:22.371 [docker-java-stream--1999903578] INFO  o.w.a.t.DefaultAPIMContainer - STDOUT: [2025-05-07 02:30:20,392]  INFO - EventReceiverDeployer Event receiver deployment held back and in inactive state: tokenRevocationWso2EventReceiver.xml, Stream validation exception: Stream org.wso2.apimgt.token.revocation.stream:1.0.0 does not exist
08:00:23.887 [docker-java-stream--1999903578] INFO  o.w.a.t.DefaultAPIMContainer - STDOUT: [2025-05-07 02:30:21,911]  INFO - EventPublisherDeployer Event Publisher undeployed successfully : globalCacheInvalidationJMSPublisher.xml
08:00:23.904 [docker-java-stream--1999903578] INFO  o.w.a.t.DefaultAPIMContainer - STDOUT: [2025-05-07 02:30:21,928]  INFO - EventJunction WSO2EventConsumer added to the junction. Stream:cache.invalidation.stream:1.0.0
08:00:23.941 [docker-java-stream--1999903578] INFO  o.w.a.t.DefaultAPIMContainer - STDOUT: [2025-05-07 02:30:21,965]  INFO - EventPublisherDeployer Event Publisher configuration successfully deployed and in active state : globalCacheInvalidationJMSPublisher
08:00:23.985 [docker-java-stream--1999903578] INFO  o.w.a.t.DefaultAPIMContainer - STDOUT: [2025-05-07 02:30:22,010]  INFO - EventReceiverDeployer Event Receiver undeployed successfully: cacheInvalidationRequestReceiver.xml
08:00:24.008 [docker-java-stream--1999903578] INFO  o.w.a.t.DefaultAPIMContainer - STDOUT: [2025-05-07 02:30:22,030]  INFO - InputAdapterRuntime Connecting receiver cacheInvalidationRequestReceiver
08:00:24.009 [docker-java-stream--1999903578] INFO  o.w.a.t.DefaultAPIMContainer - STDOUT: [2025-05-07 02:30:22,031]  INFO - EventJunction Producer added to the junction. Stream:cache.invalidation.stream:1.0.0
08:00:24.009 [docker-java-stream--1999903578] INFO  o.w.a.t.DefaultAPIMContainer - STDOUT: [2025-05-07 02:30:22,032]  INFO - EventReceiverDeployer Event Receiver configuration successfully deployed and in active state: cacheInvalidationRequestReceiver
08:00:24.013 [docker-java-stream--1999903578] INFO  o.w.a.t.DefaultAPIMContainer - STDOUT: [2025-05-07 02:30:22,032]  INFO - EventStreamDeployer Stream definition is deployed successfully  : cache.invalidation.stream:1.0.0
08:00:24.016 [docker-java-stream--1999903578] INFO  o.w.a.t.DefaultAPIMContainer - STDOUT: [2025-05-07 02:30:22,034]  INFO - EventPublisherDeployer Event Publisher undeployed successfully : EmailPublisher.xml
08:00:24.042 [docker-java-stream--1999903578] INFO  o.w.a.t.DefaultAPIMContainer - STDOUT: [2025-05-07 02:30:22,059]  INFO - EventJunction WSO2EventConsumer added to the junction. Stream:id_gov_notify_stream:1.0.0
08:00:24.130 [docker-java-stream--1999903578] INFO  o.w.a.t.DefaultAPIMContainer - STDOUT: [2025-05-07 02:30:22,149]  INFO - EventPublisherDeployer Event Publisher configuration successfully deployed and in active state : EmailPublisher
08:00:24.174 [docker-java-stream--1999903578] INFO  o.w.a.t.DefaultAPIMContainer - STDOUT: [2025-05-07 02:30:22,151]  INFO - EventStreamDeployer Stream definition is deployed successfully  : id_gov_notify_stream:1.0.0
08:00:24.198 [docker-java-stream--1999903578] INFO  o.w.a.t.DefaultAPIMContainer - STDOUT: [2025-05-07 02:30:22,193]  INFO - EventPublisherDeployer Event Publisher undeployed successfully : cacheInvalidationEventJMSPublisher.xml
08:00:24.217 [docker-java-stream--1999903578] INFO  o.w.a.t.DefaultAPIMContainer - STDOUT: [2025-05-07 02:30:22,236]  INFO - EventJunction WSO2EventConsumer added to the junction. Stream:org.wso2.apimgt.cache.invalidation.stream:1.0.0
08:00:24.220 [docker-java-stream--1999903578] INFO  o.w.a.t.DefaultAPIMContainer - STDOUT: [2025-05-07 02:30:22,241]  INFO - EventPublisherDeployer Event Publisher configuration successfully deployed and in active state : cacheInvalidationJMSPublisher
08:00:24.225 [docker-java-stream--1999903578] INFO  o.w.a.t.DefaultAPIMContainer - STDOUT: [2025-05-07 02:30:22,247]  INFO - EventReceiverDeployer Event Receiver undeployed successfully: cacheInvalidationWso2EventReceiver.xml
08:00:24.241 [docker-java-stream--1999903578] INFO  o.w.a.t.DefaultAPIMContainer - STDOUT: [2025-05-07 02:30:22,262]  INFO - InputAdapterRuntime Connecting receiver cacheInvalidationWso2EventReceiver
08:00:24.246 [docker-java-stream--1999903578] INFO  o.w.a.t.DefaultAPIMContainer - STDOUT: [2025-05-07 02:30:22,262]  INFO - EventJunction Producer added to the junction. Stream:org.wso2.apimgt.cache.invalidation.stream:1.0.0
08:00:24.253 [docker-java-stream--1999903578] INFO  o.w.a.t.DefaultAPIMContainer - STDOUT: [2025-05-07 02:30:22,262]  INFO - EventReceiverDeployer Event Receiver configuration successfully deployed and in active state: cacheInvalidationWso2EventReceiver
08:00:24.255 [docker-java-stream--1999903578] INFO  o.w.a.t.DefaultAPIMContainer - STDOUT: [2025-05-07 02:30:22,263]  INFO - EventStreamDeployer Stream definition is deployed successfully  : org.wso2.apimgt.cache.invalidation.stream:1.0.0
08:00:24.257 [docker-java-stream--1999903578] INFO  o.w.a.t.DefaultAPIMContainer - STDOUT: [2025-05-07 02:30:22,276]  INFO - EventPublisherDeployer Event Publisher undeployed successfully : keymgtEventJMSEventPublisher.xml
08:00:24.274 [docker-java-stream--1999903578] INFO  o.w.a.t.DefaultAPIMContainer - STDOUT: [2025-05-07 02:30:22,295]  INFO - EventJunction WSO2EventConsumer added to the junction. Stream:org.wso2.apimgt.keymgt.stream:1.0.0
08:00:24.274 [docker-java-stream--1999903578] INFO  o.w.a.t.DefaultAPIMContainer - STDOUT: [2025-05-07 02:30:22,296]  INFO - EventPublisherDeployer Event Publisher configuration successfully deployed and in active state : keymgtEventJMSEventPublisher
08:00:24.274 [docker-java-stream--1999903578] INFO  o.w.a.t.DefaultAPIMContainer - STDOUT: [2025-05-07 02:30:22,296]  INFO - EventReceiverDeployer Event Receiver undeployed successfully: keyMgtWso2EventReceiver.xml
08:00:24.291 [docker-java-stream--1999903578] INFO  o.w.a.t.DefaultAPIMContainer - STDOUT: [2025-05-07 02:30:22,311]  INFO - InputAdapterRuntime Connecting receiver keyMgtWso2EventReceiver
08:00:24.298 [docker-java-stream--1999903578] INFO  o.w.a.t.DefaultAPIMContainer - STDOUT: [2025-05-07 02:30:22,312]  INFO - EventJunction Producer added to the junction. Stream:org.wso2.apimgt.keymgt.stream:1.0.0
08:00:24.298 [docker-java-stream--1999903578] INFO  o.w.a.t.DefaultAPIMContainer - STDOUT: [2025-05-07 02:30:22,312]  INFO - EventReceiverDeployer Event Receiver configuration successfully deployed and in active state: keyMgtWso2EventReceiver
08:00:24.308 [docker-java-stream--1999903578] INFO  o.w.a.t.DefaultAPIMContainer - STDOUT: [2025-05-07 02:30:22,313]  INFO - EventStreamDeployer Stream definition is deployed successfully  : org.wso2.apimgt.keymgt.stream:1.0.0
08:00:24.310 [docker-java-stream--1999903578] INFO  o.w.a.t.DefaultAPIMContainer - STDOUT: [2025-05-07 02:30:22,331]  INFO - EventPublisherDeployer Event Publisher undeployed successfully : notificationEventJMSPublisher.xml
08:00:24.319 [docker-java-stream--1999903578] INFO  o.w.a.t.DefaultAPIMContainer - STDOUT: [2025-05-07 02:30:22,342]  INFO - EventJunction WSO2EventConsumer added to the junction. Stream:org.wso2.apimgt.notification.stream:1.0.0
08:00:24.324 [docker-java-stream--1999903578] INFO  o.w.a.t.DefaultAPIMContainer - STDOUT: [2025-05-07 02:30:22,346]  INFO - EventPublisherDeployer Event Publisher configuration successfully deployed and in active state : notificationJMSPublisher
08:00:24.332 [docker-java-stream--1999903578] INFO  o.w.a.t.DefaultAPIMContainer - STDOUT: [2025-05-07 02:30:22,349]  INFO - EventReceiverDeployer Event Receiver undeployed successfully: notificationsWSO2EventReceiver.xml
08:00:24.339 [docker-java-stream--1999903578] INFO  o.w.a.t.DefaultAPIMContainer - STDOUT: [2025-05-07 02:30:22,362]  INFO - InputAdapterRuntime Connecting receiver notificationsWSO2EventReceiver
08:00:24.341 [docker-java-stream--1999903578] INFO  o.w.a.t.DefaultAPIMContainer - STDOUT: [2025-05-07 02:30:22,362]  INFO - EventJunction Producer added to the junction. Stream:org.wso2.apimgt.notification.stream:1.0.0
08:00:24.344 [docker-java-stream--1999903578] INFO  o.w.a.t.DefaultAPIMContainer - STDOUT: [2025-05-07 02:30:22,362]  INFO - EventReceiverDeployer Event Receiver configuration successfully deployed and in active state: notificationsWSO2EventReceiver
08:00:24.349 [docker-java-stream--1999903578] INFO  o.w.a.t.DefaultAPIMContainer - STDOUT: [2025-05-07 02:30:22,363]  INFO - EventStreamDeployer Stream definition is deployed successfully  : org.wso2.apimgt.notification.stream:1.0.0
08:00:24.352 [docker-java-stream--1999903578] INFO  o.w.a.t.DefaultAPIMContainer - STDOUT: [2025-05-07 02:30:22,376]  INFO - EventPublisherDeployer Event Publisher undeployed successfully : HTTP-recommendationEventPublisher.xml
08:00:24.362 [docker-java-stream--1999903578] INFO  o.w.a.t.DefaultAPIMContainer - STDOUT: [2025-05-07 02:30:22,385]  INFO - EventJunction WSO2EventConsumer added to the junction. Stream:org.wso2.apimgt.recommendation.event.stream:1.0.0
08:00:24.381 [docker-java-stream--1999903578] INFO  o.w.a.t.DefaultAPIMContainer - STDOUT: [2025-05-07 02:30:22,405]  INFO - EventPublisherDeployer Event Publisher configuration successfully deployed and in active state : HTTP-recommendationEventPublisher
08:00:24.385 [docker-java-stream--1999903578] INFO  o.w.a.t.DefaultAPIMContainer - STDOUT: [2025-05-07 02:30:22,408]  INFO - EventReceiverDeployer Event Receiver undeployed successfully: recommendationWso2EventReceiver.xml
08:00:24.392 [docker-java-stream--1999903578] INFO  o.w.a.t.DefaultAPIMContainer - STDOUT: [2025-05-07 02:30:22,415]  INFO - InputAdapterRuntime Connecting receiver recommendationWso2EventReceiver
08:00:24.396 [docker-java-stream--1999903578] INFO  o.w.a.t.DefaultAPIMContainer - STDOUT: [2025-05-07 02:30:22,415]  INFO - EventJunction Producer added to the junction. Stream:org.wso2.apimgt.recommendation.event.stream:1.0.0
08:00:24.400 [docker-java-stream--1999903578] INFO  o.w.a.t.DefaultAPIMContainer - STDOUT: [2025-05-07 02:30:22,417]  INFO - EventReceiverDeployer Event Receiver configuration successfully deployed and in active state: recommendationWso2EventReceiver
08:00:24.409 [docker-java-stream--1999903578] INFO  o.w.a.t.DefaultAPIMContainer - STDOUT: [2025-05-07 02:30:22,418]  INFO - EventStreamDeployer Stream definition is deployed successfully  : org.wso2.apimgt.recommendation.event.stream:1.0.0
08:00:24.420 [docker-java-stream--1999903578] INFO  o.w.a.t.DefaultAPIMContainer - STDOUT: [2025-05-07 02:30:22,439]  INFO - EventPublisherDeployer Event Publisher undeployed successfully : tokenRevokeEventJMSPublisher.xml
08:00:24.507 [docker-java-stream--1999903578] INFO  o.w.a.t.DefaultAPIMContainer - STDOUT: [2025-05-07 02:30:22,515]  INFO - EventJunction WSO2EventConsumer added to the junction. Stream:org.wso2.apimgt.token.revocation.stream:1.0.0
08:00:24.520 [docker-java-stream--1999903578] INFO  o.w.a.t.DefaultAPIMContainer - STDOUT: [2025-05-07 02:30:22,516]  INFO - EventPublisherDeployer Event Publisher configuration successfully deployed and in active state : tokenRevocationJMSPublisher
08:00:24.533 [docker-java-stream--1999903578] INFO  o.w.a.t.DefaultAPIMContainer - STDOUT: [2025-05-07 02:30:22,519]  INFO - EventPublisherDeployer Event Publisher undeployed successfully : tokenRevokeEventJMSPublisher_2.xml
08:00:24.555 [docker-java-stream--1999903578] INFO  o.w.a.t.DefaultAPIMContainer - STDOUT: [2025-05-07 02:30:22,563]  INFO - EventJunction WSO2EventConsumer added to the junction. Stream:org.wso2.apimgt.token.revocation.stream:1.0.0
08:00:24.561 [docker-java-stream--1999903578] INFO  o.w.a.t.DefaultAPIMContainer - STDOUT: [2025-05-07 02:30:22,584]  INFO - EventPublisherDeployer Event Publisher configuration successfully deployed and in active state : tokenRevocationJMSPublisher2
08:00:24.563 [docker-java-stream--1999903578] INFO  o.w.a.t.DefaultAPIMContainer - STDOUT: [2025-05-07 02:30:22,584]  INFO - EventReceiverDeployer Event Receiver undeployed successfully: tokenRevocationWso2EventReceiver.xml
08:00:24.595 [docker-java-stream--1999903578] INFO  o.w.a.t.DefaultAPIMContainer - STDOUT: [2025-05-07 02:30:22,617]  INFO - InputAdapterRuntime Connecting receiver tokenRevocationWso2EventReceiver
08:00:24.611 [docker-java-stream--1999903578] INFO  o.w.a.t.DefaultAPIMContainer - STDOUT: [2025-05-07 02:30:22,617]  INFO - EventJunction Producer added to the junction. Stream:org.wso2.apimgt.token.revocation.stream:1.0.0
08:00:24.614 [docker-java-stream--1999903578] INFO  o.w.a.t.DefaultAPIMContainer - STDOUT: [2025-05-07 02:30:22,617]  INFO - EventReceiverDeployer Event Receiver configuration successfully deployed and in active state: tokenRevocationWso2EventReceiver
08:00:24.634 [docker-java-stream--1999903578] INFO  o.w.a.t.DefaultAPIMContainer - STDOUT: [2025-05-07 02:30:22,617]  INFO - EventStreamDeployer Stream definition is deployed successfully  : org.wso2.apimgt.token.revocation.stream:1.0.0
08:00:24.670 [docker-java-stream--1999903578] INFO  o.w.a.t.DefaultAPIMContainer - STDOUT: [2025-05-07 02:30:22,682]  INFO - EventPublisherDeployer Event Publisher undeployed successfully : asyncWebhooksEventPublisher.xml
08:00:24.711 [docker-java-stream--1999903578] INFO  o.w.a.t.DefaultAPIMContainer - STDOUT: [2025-05-07 02:30:22,729]  INFO - EventJunction WSO2EventConsumer added to the junction. Stream:org.wso2.apimgt.webhooks.request.stream:1.0.0
08:00:24.739 [docker-java-stream--1999903578] INFO  o.w.a.t.DefaultAPIMContainer - STDOUT: [2025-05-07 02:30:22,755]  INFO - EventPublisherDeployer Event Publisher configuration successfully deployed and in active state : asyncWebhooksEventPublisher
08:00:24.741 [docker-java-stream--1999903578] INFO  o.w.a.t.DefaultAPIMContainer - STDOUT: [2025-05-07 02:30:22,755]  INFO - EventPublisherDeployer Event Publisher undeployed successfully : asyncWebhooksEventPublisher2.xml
08:00:24.802 [docker-java-stream--1999903578] INFO  o.w.a.t.DefaultAPIMContainer - STDOUT: [2025-05-07 02:30:22,819]  INFO - EventJunction WSO2EventConsumer added to the junction. Stream:org.wso2.apimgt.webhooks.request.stream:1.0.0
08:00:24.803 [docker-java-stream--1999903578] INFO  o.w.a.t.DefaultAPIMContainer - STDOUT: [2025-05-07 02:30:22,819]  INFO - EventPublisherDeployer Event Publisher configuration successfully deployed and in active state : asyncWebhooksEventPublisher2
08:00:24.803 [docker-java-stream--1999903578] INFO  o.w.a.t.DefaultAPIMContainer - STDOUT: [2025-05-07 02:30:22,819]  INFO - EventPublisherDeployer Event Publisher undeployed successfully : asyncWebhooksEventPublisher_1.0.0.xml
08:00:24.829 [docker-java-stream--1999903578] INFO  o.w.a.t.DefaultAPIMContainer - STDOUT: [2025-05-07 02:30:22,843]  INFO - EventJunction WSO2EventConsumer added to the junction. Stream:org.wso2.apimgt.webhooks.request.stream:1.0.0
08:00:24.830 [docker-java-stream--1999903578] INFO  o.w.a.t.DefaultAPIMContainer - STDOUT: [2025-05-07 02:30:22,843]  INFO - EventPublisherDeployer Event Publisher configuration successfully deployed and in active state : asyncWebhooksEventPublisher-1.0.0
08:00:24.845 [docker-java-stream--1999903578] INFO  o.w.a.t.DefaultAPIMContainer - STDOUT: [2025-05-07 02:30:22,843]  INFO - EventPublisherDeployer Event Publisher undeployed successfully : asyncWebhooksEventPublisher_1.0.0_2.xml
08:00:24.935 [docker-java-stream--1999903578] INFO  o.w.a.t.DefaultAPIMContainer - STDOUT: [2025-05-07 02:30:22,949]  INFO - EventJunction WSO2EventConsumer added to the junction. Stream:org.wso2.apimgt.webhooks.request.stream:1.0.0
08:00:24.937 [docker-java-stream--1999903578] INFO  o.w.a.t.DefaultAPIMContainer - STDOUT: [2025-05-07 02:30:22,950]  INFO - EventPublisherDeployer Event Publisher configuration successfully deployed and in active state : asyncWebhooksEventPublisher-1.0.0-2
08:00:24.938 [docker-java-stream--1999903578] INFO  o.w.a.t.DefaultAPIMContainer - STDOUT: [2025-05-07 02:30:22,950]  INFO - EventStreamDeployer Stream definition is deployed successfully  : org.wso2.apimgt.webhooks.request.stream:1.0.0
08:00:24.968 [docker-java-stream--1999903578] INFO  o.w.a.t.DefaultAPIMContainer - STDOUT: [2025-05-07 02:30:22,966]  INFO - EventPublisherDeployer Event Publisher undeployed successfully : blockingEventJMSPublisher.xml
08:00:24.971 [docker-java-stream--1999903578] INFO  o.w.a.t.DefaultAPIMContainer - STDOUT: [2025-05-07 02:30:22,989]  INFO - EventJunction WSO2EventConsumer added to the junction. Stream:org.wso2.blocking.request.stream:1.0.0
08:00:24.971 [docker-java-stream--1999903578] INFO  o.w.a.t.DefaultAPIMContainer - STDOUT: [2025-05-07 02:30:22,989]  INFO - EventPublisherDeployer Event Publisher configuration successfully deployed and in active state : blockingEventJMSPublisher
08:00:24.975 [docker-java-stream--1999903578] INFO  o.w.a.t.DefaultAPIMContainer - STDOUT: [2025-05-07 02:30:22,990]  INFO - EventReceiverDeployer Event Receiver undeployed successfully: blockingWso2EventReceiver.xml
08:00:25.000 [docker-java-stream--1999903578] INFO  o.w.a.t.DefaultAPIMContainer - STDOUT: [2025-05-07 02:30:23,024]  INFO - InputAdapterRuntime Connecting receiver blockingWso2EventReceiver
08:00:25.023 [docker-java-stream--1999903578] INFO  o.w.a.t.DefaultAPIMContainer - STDOUT: [2025-05-07 02:30:23,040]  INFO - EventJunction Producer added to the junction. Stream:org.wso2.blocking.request.stream:1.0.0
08:00:25.052 [docker-java-stream--1999903578] INFO  o.w.a.t.DefaultAPIMContainer - STDOUT: [2025-05-07 02:30:23,040]  INFO - EventReceiverDeployer Event Receiver configuration successfully deployed and in active state: blockingWso2EventReceiver
08:00:25.059 [docker-java-stream--1999903578] INFO  o.w.a.t.DefaultAPIMContainer - STDOUT: [2025-05-07 02:30:23,046]  INFO - EventStreamDeployer Stream definition is deployed successfully  : org.wso2.blocking.request.stream:1.0.0
08:00:25.406 [docker-java-stream--1999903578] INFO  o.w.a.t.DefaultAPIMContainer - STDOUT: [2025-05-07 02:30:23,116]  INFO - EventStreamDeployer Stream definition is deployed successfully  : org.wso2.botDetectionData.request.stream:1.0.0
08:00:25.409 [docker-java-stream--1999903578] INFO  o.w.a.t.DefaultAPIMContainer - STDOUT: [2025-05-07 02:30:23,180]  INFO - EventPublisherDeployer Event Publisher undeployed successfully : jmsEventPublisher.xml
08:00:25.430 [docker-java-stream--1999903578] INFO  o.w.a.t.DefaultAPIMContainer - STDOUT: [2025-05-07 02:30:23,227]  INFO - EventJunction WSO2EventConsumer added to the junction. Stream:org.wso2.throttle.globalThrottle.stream:1.0.0
08:00:25.432 [docker-java-stream--1999903578] INFO  o.w.a.t.DefaultAPIMContainer - STDOUT: [2025-05-07 02:30:23,254]  INFO - EventPublisherDeployer Event Publisher configuration successfully deployed and in active state : jmsEventPublisher
08:00:25.432 [docker-java-stream--1999903578] INFO  o.w.a.t.DefaultAPIMContainer - STDOUT: [2025-05-07 02:30:23,255]  INFO - EventPublisherDeployer Event Publisher undeployed successfully : jmsEventPublisher2.xml
08:00:25.461 [docker-java-stream--1999903578] INFO  o.w.a.t.DefaultAPIMContainer - STDOUT: [2025-05-07 02:30:23,276]  INFO - EventJunction WSO2EventConsumer added to the junction. Stream:org.wso2.throttle.globalThrottle.stream:1.0.0
08:00:25.464 [docker-java-stream--1999903578] INFO  o.w.a.t.DefaultAPIMContainer - STDOUT: [2025-05-07 02:30:23,276]  INFO - EventPublisherDeployer Event Publisher configuration successfully deployed and in active state : jmsEventPublisher2
08:00:25.866 [docker-java-stream--1999903578] INFO  o.w.a.t.DefaultAPIMContainer - STDOUT: [2025-05-07 02:30:23,890]  INFO - EventProcessorDeployer Execution Plan was undeployed successfully : carbon.super_app_10PerMin.siddhiql
08:00:25.998 [docker-java-stream--1999903578] INFO  o.w.a.t.DefaultAPIMContainer - STDOUT: [2025-05-07 02:30:24,021]  INFO - EventProcessorDeployer Execution Plan was undeployed successfully : carbon.super_app_20PerMin.siddhiql
08:00:26.414 [docker-java-stream--1999903578] INFO  o.w.a.t.DefaultAPIMContainer - STDOUT: [2025-05-07 02:30:24,434]  INFO - EventProcessorDeployer Execution Plan was undeployed successfully : carbon.super_app_50PerMin.siddhiql
08:00:26.751 [docker-java-stream--1999903578] INFO  o.w.a.t.DefaultAPIMContainer - STDOUT: [2025-05-07 02:30:24,775]  INFO - EventProcessorDeployer Execution Plan was undeployed successfully : carbon.super_resource_10KPerMin_default.siddhiql
08:00:26.998 [docker-java-stream--1999903578] INFO  o.w.a.t.DefaultAPIMContainer - STDOUT: [2025-05-07 02:30:25,018]  INFO - EventProcessorDeployer Execution Plan was undeployed successfully : carbon.super_resource_20KPerMin_default.siddhiql
08:00:27.112 [docker-java-stream--1999903578] INFO  o.w.a.t.DefaultAPIMContainer - STDOUT: [2025-05-07 02:30:25,135]  INFO - EventProcessorDeployer Execution Plan was undeployed successfully : carbon.super_resource_50KPerMin_defualt.siddhiql
08:00:27.278 [docker-java-stream--1999903578] INFO  o.w.a.t.DefaultAPIMContainer - STDOUT: [2025-05-07 02:30:25,301]  INFO - EventProcessorDeployer Execution Plan was undeployed successfully : carbon.super_sub_Bronze.siddhiql
08:00:27.388 [docker-java-stream--1999903578] INFO  o.w.a.t.DefaultAPIMContainer - STDOUT: [2025-05-07 02:30:25,411]  INFO - EventProcessorDeployer Execution Plan was undeployed successfully : carbon.super_sub_Gold.siddhiql
08:00:27.565 [docker-java-stream--1999903578] INFO  o.w.a.t.DefaultAPIMContainer - STDOUT: [2025-05-07 02:30:25,587]  INFO - EventProcessorDeployer Execution Plan was undeployed successfully : carbon.super_sub_Silver.siddhiql
08:00:27.754 [docker-java-stream--1999903578] INFO  o.w.a.t.DefaultAPIMContainer - STDOUT: [2025-05-07 02:30:25,776]  INFO - EventProcessorDeployer Execution Plan was undeployed successfully : carbon.super_sub_Unauthenticated.siddhiql
08:00:27.864 [docker-java-stream--1999903578] INFO  o.w.a.t.DefaultAPIMContainer - STDOUT: [2025-05-07 02:30:25,888]  INFO - EventStreamDeployer Stream definition is deployed successfully  : org.wso2.throttle.globalThrottle.stream:1.0.0
08:00:27.869 [docker-java-stream--1999903578] INFO  o.w.a.t.DefaultAPIMContainer - STDOUT: [2025-05-07 02:30:25,893]  INFO - EventPublisherDeployer Event Publisher undeployed successfully : jmsEventPublisher_1.10.0.xml
08:00:27.878 [docker-java-stream--1999903578] INFO  o.w.a.t.DefaultAPIMContainer - STDOUT: [2025-05-07 02:30:25,902]  INFO - EventJunction WSO2EventConsumer added to the junction. Stream:org.wso2.throttle.globalThrottle.stream:1.1.0
08:00:27.884 [docker-java-stream--1999903578] INFO  o.w.a.t.DefaultAPIMContainer - STDOUT: [2025-05-07 02:30:25,908]  INFO - EventPublisherDeployer Event Publisher configuration successfully deployed and in active state : jmsEventPublisher-1.0.0
08:00:27.887 [docker-java-stream--1999903578] INFO  o.w.a.t.DefaultAPIMContainer - STDOUT: [2025-05-07 02:30:25,908]  INFO - EventPublisherDeployer Event Publisher undeployed successfully : jmsEventPublisher_1.10.0_2.xml
08:00:27.892 [docker-java-stream--1999903578] INFO  o.w.a.t.DefaultAPIMContainer - STDOUT: [2025-05-07 02:30:25,916]  INFO - EventJunction WSO2EventConsumer added to the junction. Stream:org.wso2.throttle.globalThrottle.stream:1.1.0
08:00:27.912 [docker-java-stream--1999903578] INFO  o.w.a.t.DefaultAPIMContainer - STDOUT: [2025-05-07 02:30:25,929]  INFO - EventPublisherDeployer Event Publisher configuration successfully deployed and in active state : jmsEventPublisher-1.0.0-2
08:00:27.918 [docker-java-stream--1999903578] INFO  o.w.a.t.DefaultAPIMContainer - STDOUT: [2025-05-07 02:30:25,929]  INFO - EventStreamDeployer Stream definition is deployed successfully  : org.wso2.throttle.globalThrottle.stream:1.1.0
08:00:27.921 [docker-java-stream--1999903578] INFO  o.w.a.t.DefaultAPIMContainer - STDOUT: [2025-05-07 02:30:25,940]  INFO - EventProcessorDeployer Execution Plan was undeployed successfully : RequestPreProcessorExecutionPlan.siddhiql
08:00:27.936 [docker-java-stream--1999903578] INFO  o.w.a.t.DefaultAPIMContainer - STDOUT: [2025-05-07 02:30:25,960]  INFO - EventProcessorDeployer Execution Plan was undeployed successfully : carbon.super_app_10PerMin.siddhiql
08:00:28.838 [docker-java-stream--1999903578] INFO  o.w.a.t.DefaultAPIMContainer - STDOUT: [2025-05-07 02:30:26,848]  INFO - EventJunction Producer added to the junction. Stream:org.wso2.throttle.globalThrottle.stream:1.0.0
08:00:28.838 [docker-java-stream--1999903578] INFO  o.w.a.t.DefaultAPIMContainer - STDOUT: [2025-05-07 02:30:26,853]  INFO - EventJunction Consumer added to the junction. Stream:org.wso2.throttle.processed.request.stream:1.0.0
08:00:28.838 [docker-java-stream--1999903578] INFO  o.w.a.t.DefaultAPIMContainer - STDOUT: [2025-05-07 02:30:26,853]  INFO - EventProcessorDeployer Execution plan is deployed successfully and in active state  : carbon.super_app_10PerMin
08:00:28.846 [docker-java-stream--1999903578] INFO  o.w.a.t.DefaultAPIMContainer - STDOUT: [2025-05-07 02:30:26,853]  INFO - EventProcessorDeployer Execution Plan was undeployed successfully : carbon.super_app_20PerMin.siddhiql
08:00:29.554 [docker-java-stream--1999903578] INFO  o.w.a.t.DefaultAPIMContainer - STDOUT: [2025-05-07 02:30:27,559]  INFO - EventJunction Producer added to the junction. Stream:org.wso2.throttle.globalThrottle.stream:1.0.0
08:00:29.557 [docker-java-stream--1999903578] INFO  o.w.a.t.DefaultAPIMContainer - STDOUT: [2025-05-07 02:30:27,560]  INFO - EventJunction Consumer added to the junction. Stream:org.wso2.throttle.processed.request.stream:1.0.0
08:00:29.563 [docker-java-stream--1999903578] INFO  o.w.a.t.DefaultAPIMContainer - STDOUT: [2025-05-07 02:30:27,560]  INFO - EventProcessorDeployer Execution plan is deployed successfully and in active state  : carbon.super_app_20PerMin
08:00:29.627 [docker-java-stream--1999903578] INFO  o.w.a.t.DefaultAPIMContainer - STDOUT: [2025-05-07 02:30:27,560]  INFO - EventProcessorDeployer Execution Plan was undeployed successfully : carbon.super_app_50PerMin.siddhiql
08:00:30.270 [docker-java-stream--1999903578] INFO  o.w.a.t.DefaultAPIMContainer - STDOUT: [2025-05-07 02:30:28,274]  INFO - EventJunction Producer added to the junction. Stream:org.wso2.throttle.globalThrottle.stream:1.0.0
08:00:30.307 [docker-java-stream--1999903578] INFO  o.w.a.t.DefaultAPIMContainer - STDOUT: [2025-05-07 02:30:28,275]  INFO - EventJunction Consumer added to the junction. Stream:org.wso2.throttle.processed.request.stream:1.0.0
08:00:30.309 [docker-java-stream--1999903578] INFO  o.w.a.t.DefaultAPIMContainer - STDOUT: [2025-05-07 02:30:28,275]  INFO - EventProcessorDeployer Execution plan is deployed successfully and in active state  : carbon.super_app_50PerMin
08:00:30.311 [docker-java-stream--1999903578] INFO  o.w.a.t.DefaultAPIMContainer - STDOUT: [2025-05-07 02:30:28,275]  INFO - EventProcessorDeployer Execution Plan was undeployed successfully : carbon.super_resource_10KPerMin_default.siddhiql
08:00:30.692 [docker-java-stream--1999903578] INFO  o.w.a.t.DefaultAPIMContainer - STDOUT: [2025-05-07 02:30:28,713]  INFO - EventJunction Producer added to the junction. Stream:org.wso2.throttle.globalThrottle.stream:1.0.0
08:00:30.695 [docker-java-stream--1999903578] INFO  o.w.a.t.DefaultAPIMContainer - STDOUT: [2025-05-07 02:30:28,717]  INFO - EventJunction Consumer added to the junction. Stream:org.wso2.throttle.processed.request.stream:1.0.0
08:00:30.697 [docker-java-stream--1999903578] INFO  o.w.a.t.DefaultAPIMContainer - STDOUT: [2025-05-07 02:30:28,720]  INFO - EventProcessorDeployer Execution plan is deployed successfully and in active state  : carbon.super_resource_10KPerMin_default
08:00:30.701 [docker-java-stream--1999903578] INFO  o.w.a.t.DefaultAPIMContainer - STDOUT: [2025-05-07 02:30:28,720]  INFO - EventProcessorDeployer Execution Plan was undeployed successfully : carbon.super_resource_20KPerMin_default.siddhiql
08:00:31.708 [docker-java-stream--1999903578] INFO  o.w.a.t.DefaultAPIMContainer - STDOUT: [2025-05-07 02:30:29,732]  INFO - EventJunction Producer added to the junction. Stream:org.wso2.throttle.globalThrottle.stream:1.0.0
08:00:31.721 [docker-java-stream--1999903578] INFO  o.w.a.t.DefaultAPIMContainer - STDOUT: [2025-05-07 02:30:29,737]  INFO - EventJunction Consumer added to the junction. Stream:org.wso2.throttle.processed.request.stream:1.0.0
08:00:31.725 [docker-java-stream--1999903578] INFO  o.w.a.t.DefaultAPIMContainer - STDOUT: [2025-05-07 02:30:29,738]  INFO - EventProcessorDeployer Execution plan is deployed successfully and in active state  : carbon.super_resource_20KPerMin_default
08:00:31.726 [docker-java-stream--1999903578] INFO  o.w.a.t.DefaultAPIMContainer - STDOUT: [2025-05-07 02:30:29,738]  INFO - EventProcessorDeployer Execution Plan was undeployed successfully : carbon.super_resource_50KPerMin_defualt.siddhiql
08:00:32.306 [docker-java-stream--1999903578] INFO  o.w.a.t.DefaultAPIMContainer - STDOUT: [2025-05-07 02:30:30,329]  INFO - EventJunction Producer added to the junction. Stream:org.wso2.throttle.globalThrottle.stream:1.0.0
08:00:32.307 [docker-java-stream--1999903578] INFO  o.w.a.t.DefaultAPIMContainer - STDOUT: [2025-05-07 02:30:30,329]  INFO - EventJunction Consumer added to the junction. Stream:org.wso2.throttle.processed.request.stream:1.0.0
08:00:32.310 [docker-java-stream--1999903578] INFO  o.w.a.t.DefaultAPIMContainer - STDOUT: [2025-05-07 02:30:30,330]  INFO - EventProcessorDeployer Execution plan is deployed successfully and in active state  : carbon.super_resource_50KPerMin_default
08:00:32.312 [docker-java-stream--1999903578] INFO  o.w.a.t.DefaultAPIMContainer - STDOUT: [2025-05-07 02:30:30,330]  INFO - EventProcessorDeployer Execution Plan was undeployed successfully : carbon.super_sub_Bronze.siddhiql
08:00:32.571 [docker-java-stream--1999903578] INFO  o.w.a.t.DefaultAPIMContainer - STDOUT: [2025-05-07 02:30:30,594]  INFO - EventJunction Producer added to the junction. Stream:org.wso2.throttle.globalThrottle.stream:1.0.0
08:00:32.573 [docker-java-stream--1999903578] INFO  o.w.a.t.DefaultAPIMContainer - STDOUT: [2025-05-07 02:30:30,595]  INFO - EventJunction Consumer added to the junction. Stream:org.wso2.throttle.processed.request.stream:1.0.0
08:00:32.573 [docker-java-stream--1999903578] INFO  o.w.a.t.DefaultAPIMContainer - STDOUT: [2025-05-07 02:30:30,595]  INFO - EventProcessorDeployer Execution plan is deployed successfully and in active state  : carbon.super_sub_Bronze
08:00:32.573 [docker-java-stream--1999903578] INFO  o.w.a.t.DefaultAPIMContainer - STDOUT: [2025-05-07 02:30:30,595]  INFO - EventProcessorDeployer Execution Plan was undeployed successfully : carbon.super_sub_Gold.siddhiql
08:00:33.643 [docker-java-stream--1999903578] INFO  o.w.a.t.DefaultAPIMContainer - STDOUT: [2025-05-07 02:30:31,663]  INFO - EventJunction Producer added to the junction. Stream:org.wso2.throttle.globalThrottle.stream:1.0.0
08:00:33.649 [docker-java-stream--1999903578] INFO  o.w.a.t.DefaultAPIMContainer - STDOUT: [2025-05-07 02:30:31,672]  INFO - EventJunction Consumer added to the junction. Stream:org.wso2.throttle.processed.request.stream:1.0.0
08:00:33.654 [docker-java-stream--1999903578] INFO  o.w.a.t.DefaultAPIMContainer - STDOUT: [2025-05-07 02:30:31,672]  INFO - EventProcessorDeployer Execution plan is deployed successfully and in active state  : carbon.super_sub_Gold
08:00:33.654 [docker-java-stream--1999903578] INFO  o.w.a.t.DefaultAPIMContainer - STDOUT: [2025-05-07 02:30:31,672]  INFO - EventProcessorDeployer Execution Plan was undeployed successfully : carbon.super_sub_Silver.siddhiql
08:00:34.472 [docker-java-stream--1999903578] INFO  o.w.a.t.DefaultAPIMContainer - STDOUT: [2025-05-07 02:30:32,492]  INFO - EventJunction Producer added to the junction. Stream:org.wso2.throttle.globalThrottle.stream:1.0.0
08:00:34.476 [docker-java-stream--1999903578] INFO  o.w.a.t.DefaultAPIMContainer - STDOUT: [2025-05-07 02:30:32,498]  INFO - EventJunction Consumer added to the junction. Stream:org.wso2.throttle.processed.request.stream:1.0.0
08:00:34.479 [docker-java-stream--1999903578] INFO  o.w.a.t.DefaultAPIMContainer - STDOUT: [2025-05-07 02:30:32,502]  INFO - EventProcessorDeployer Execution plan is deployed successfully and in active state  : carbon.super_sub_Silver
08:00:34.491 [docker-java-stream--1999903578] INFO  o.w.a.t.DefaultAPIMContainer - STDOUT: [2025-05-07 02:30:32,503]  INFO - EventProcessorDeployer Execution Plan was undeployed successfully : carbon.super_sub_Unauthenticated.siddhiql
08:00:34.750 [docker-java-stream--1999903578] INFO  o.w.a.t.DefaultAPIMContainer - STDOUT: [2025-05-07 02:30:32,774]  INFO - EventJunction Producer added to the junction. Stream:org.wso2.throttle.globalThrottle.stream:1.0.0
08:00:34.758 [docker-java-stream--1999903578] INFO  o.w.a.t.DefaultAPIMContainer - STDOUT: [2025-05-07 02:30:32,783]  INFO - EventJunction Consumer added to the junction. Stream:org.wso2.throttle.processed.request.stream:1.0.0
08:00:34.760 [docker-java-stream--1999903578] INFO  o.w.a.t.DefaultAPIMContainer - STDOUT: [2025-05-07 02:30:32,785]  INFO - EventProcessorDeployer Execution plan is deployed successfully and in active state  : carbon.super_sub_Unauthenticated
08:00:34.765 [docker-java-stream--1999903578] INFO  o.w.a.t.DefaultAPIMContainer - STDOUT: [2025-05-07 02:30:32,787]  INFO - EventStreamDeployer Stream definition is deployed successfully  : org.wso2.throttle.processed.request.stream:1.0.0
08:00:34.778 [docker-java-stream--1999903578] INFO  o.w.a.t.DefaultAPIMContainer - STDOUT: [2025-05-07 02:30:32,802]  INFO - EventReceiverDeployer Event Receiver undeployed successfully: throttleEventReceiver.xml
08:00:34.796 [docker-java-stream--1999903578] INFO  o.w.a.t.DefaultAPIMContainer - STDOUT: [2025-05-07 02:30:32,821]  INFO - InputAdapterRuntime Connecting receiver throttleEventReceiver
08:00:34.807 [docker-java-stream--1999903578] INFO  o.w.a.t.DefaultAPIMContainer - STDOUT: [2025-05-07 02:30:32,828]  INFO - EventJunction Producer added to the junction. Stream:org.wso2.throttle.request.stream:1.0.0
08:00:34.809 [docker-java-stream--1999903578] INFO  o.w.a.t.DefaultAPIMContainer - STDOUT: [2025-05-07 02:30:32,829]  INFO - EventReceiverDeployer Event Receiver configuration successfully deployed and in active state: throttleEventReceiver
08:00:34.812 [docker-java-stream--1999903578] INFO  o.w.a.t.DefaultAPIMContainer - STDOUT: [2025-05-07 02:30:32,829]  INFO - EventReceiverDeployer Event Receiver undeployed successfully: throttleWSO2EventReceiver.xml
08:00:34.816 [docker-java-stream--1999903578] INFO  o.w.a.t.DefaultAPIMContainer - STDOUT: [2025-05-07 02:30:32,841]  INFO - InputAdapterRuntime Connecting receiver throttleWSO2EventReceiver
08:00:34.819 [docker-java-stream--1999903578] INFO  o.w.a.t.DefaultAPIMContainer - STDOUT: [2025-05-07 02:30:32,843]  INFO - EventJunction Producer added to the junction. Stream:org.wso2.throttle.request.stream:1.0.0
08:00:34.824 [docker-java-stream--1999903578] INFO  o.w.a.t.DefaultAPIMContainer - STDOUT: [2025-05-07 02:30:32,843]  INFO - EventReceiverDeployer Event Receiver configuration successfully deployed and in active state: throttleWSO2EventReceiver
08:00:34.829 [docker-java-stream--1999903578] INFO  o.w.a.t.DefaultAPIMContainer - STDOUT: [2025-05-07 02:30:32,846]  INFO - EventProcessorDeployer Execution Plan was undeployed successfully : RequestPreProcessorExecutionPlan.siddhiql
08:00:34.914 [docker-java-stream--1999903578] INFO  o.w.a.t.DefaultAPIMContainer - STDOUT: [2025-05-07 02:30:32,933]  INFO - EventJunction Producer added to the junction. Stream:org.wso2.throttle.processed.request.stream:1.0.0
08:00:34.914 [docker-java-stream--1999903578] INFO  o.w.a.t.DefaultAPIMContainer - STDOUT: [2025-05-07 02:30:32,934]  INFO - EventJunction Consumer added to the junction. Stream:org.wso2.throttle.request.stream:1.0.0
08:00:34.914 [docker-java-stream--1999903578] INFO  o.w.a.t.DefaultAPIMContainer - STDOUT: [2025-05-07 02:30:32,935]  INFO - EventProcessorDeployer Execution plan is deployed successfully and in active state  : requestPreProcessorExecutionPlan
08:00:34.914 [docker-java-stream--1999903578] INFO  o.w.a.t.DefaultAPIMContainer - STDOUT: [2025-05-07 02:30:32,935]  INFO - EventStreamDeployer Stream definition is deployed successfully  : org.wso2.throttle.request.stream:1.0.0
08:00:55.951 [docker-java-stream--1999903578] INFO  o.w.a.t.DefaultAPIMContainer - STDOUT: [2025-05-07 02:30:53,974]  INFO - TomcatGenericWebappsDeployer Deployed webapp: StandardEngine[Catalina].StandardHost[localhost].StandardContext[/accountrecoveryendpoint].File[/opt/repository/deployment/server/webapps/accountrecoveryendpoint]
08:00:59.635 [docker-java-stream--1999903578] INFO  o.w.a.t.DefaultAPIMContainer - STDOUT: [2025-05-07 02:30:57,659]  INFO - TomcatGenericWebappsDeployer Deployed webapp: StandardEngine[Catalina].StandardHost[localhost].StandardContext[/admin].File[/opt/repository/deployment/server/webapps/admin]
08:01:00.722 [docker-java-stream--1999903578] INFO  o.w.a.t.DefaultAPIMContainer - STDOUT: [2025-05-07 02:30:58,746]  INFO - TomcatGenericWebappsDeployer Deployed webapp: StandardEngine[Catalina].StandardHost[localhost].StandardContext[/am/sample/calculator/v1].File[/opt/repository/deployment/server/webapps/am#sample#calculator#v1.war]
08:01:01.367 [docker-java-stream--1999903578] INFO  o.w.a.t.DefaultAPIMContainer - STDOUT: [2025-05-07 02:30:59,392]  WARN - AppDeployerServiceComponent Waiting for required OSGi services: org.wso2.carbon.application.deployer.synapse.service.SynapseAppDeployerService,org.wso2.carbon.mediation.initializer.services.SynapseEnvironmentService,
08:01:01.553 [docker-java-stream--1999903578] INFO  o.w.a.t.DefaultAPIMContainer - STDOUT: [2025-05-07 02:30:59,571]  WARN - StartupFinalizerServiceComponent Waiting for required OSGi services: org.wso2.carbon.application.deployer.service.CappDeploymentService,org.wso2.carbon.server.admin.common.IServerAdmin,org.wso2.carbon.throttling.agent.ThrottlingAgent,
08:01:02.253 [docker-java-stream--1999903578] INFO  o.w.a.t.DefaultAPIMContainer - STDOUT: [2025-05-07 02:31:00,277]  INFO - TomcatGenericWebappsDeployer Deployed webapp: StandardEngine[Catalina].StandardHost[localhost].StandardContext[/am/sample/pizzashack/v1].File[/opt/repository/deployment/server/webapps/am#sample#pizzashack#v1.war]
08:01:10.180 [docker-java-stream--1999903578] INFO  o.w.a.t.DefaultAPIMContainer - STDOUT: [2025-05-07 02:31:08,203]  INFO - TomcatGenericWebappsDeployer Deployed webapp: StandardEngine[Catalina].StandardHost[localhost].StandardContext[/api/am/admin].File[/opt/repository/deployment/server/webapps/api#am#admin.war]
08:01:15.854 [docker-java-stream--1999903578] INFO  o.w.a.t.DefaultAPIMContainer - STDOUT: [2025-05-07 02:31:13,878]  INFO - TomcatGenericWebappsDeployer Deployed webapp: StandardEngine[Catalina].StandardHost[localhost].StandardContext[/api/am/devops/v0].File[/opt/repository/deployment/server/webapps/api#am#devops#v0.war]
08:01:20.599 [docker-java-stream--1999903578] INFO  o.w.a.t.DefaultAPIMContainer - STDOUT: [2025-05-07 02:31:18,622]  INFO - TomcatGenericWebappsDeployer Deployed webapp: StandardEngine[Catalina].StandardHost[localhost].StandardContext[/api/am/devportal].File[/opt/repository/deployment/server/webapps/api#am#devportal.war]
08:01:24.977 [docker-java-stream--1999903578] INFO  o.w.a.t.DefaultAPIMContainer - STDOUT: [2025-05-07 02:31:23,001]  INFO - TomcatGenericWebappsDeployer Deployed webapp: StandardEngine[Catalina].StandardHost[localhost].StandardContext[/api/am/gateway/v2].File[/opt/repository/deployment/server/webapps/api#am#gateway#v2.war]
08:01:30.281 [docker-java-stream--1999903578] INFO  o.w.a.t.DefaultAPIMContainer - STDOUT: [2025-05-07 02:31:28,285]  INFO - TomcatGenericWebappsDeployer Deployed webapp: StandardEngine[Catalina].StandardHost[localhost].StandardContext[/api/am/governance].File[/opt/repository/deployment/server/webapps/api#am#governance.war]
08:01:37.971 [docker-java-stream--1999903578] INFO  o.w.a.t.DefaultAPIMContainer - STDOUT: [2025-05-07 02:31:35,988]  INFO - TomcatGenericWebappsDeployer Deployed webapp: StandardEngine[Catalina].StandardHost[localhost].StandardContext[/api/am/publisher].File[/opt/repository/deployment/server/webapps/api#am#publisher.war]
08:01:42.848 [docker-java-stream--1999903578] INFO  o.w.a.t.DefaultAPIMContainer - STDOUT: [2025-05-07 02:31:40,871]  INFO - TomcatGenericWebappsDeployer Deployed webapp: StandardEngine[Catalina].StandardHost[localhost].StandardContext[/api/am/service-catalog/v1].File[/opt/repository/deployment/server/webapps/api#am#service-catalog#v1.war]
08:01:46.631 [docker-java-stream--1999903578] INFO  o.w.a.t.DefaultAPIMContainer - STDOUT: [2025-05-07 02:31:44,655]  INFO - TomcatGenericWebappsDeployer Deployed webapp: StandardEngine[Catalina].StandardHost[localhost].StandardContext[/api/identity/auth/v1.1].File[/opt/repository/deployment/server/webapps/api#identity#auth#v1.1.war]
08:01:50.715 [docker-java-stream--1999903578] INFO  o.w.a.t.DefaultAPIMContainer - STDOUT: [2025-05-07 02:31:48,733]  INFO - TomcatGenericWebappsDeployer Deployed webapp: StandardEngine[Catalina].StandardHost[localhost].StandardContext[/api/identity/consent-mgt/v1.0].File[/opt/repository/deployment/server/webapps/api#identity#consent-mgt#v1.0.war]
08:01:54.205 [docker-java-stream--1999903578] INFO  o.w.a.t.DefaultAPIMContainer - STDOUT: [2025-05-07 02:31:52,228]  INFO - TomcatGenericWebappsDeployer Deployed webapp: StandardEngine[Catalina].StandardHost[localhost].StandardContext[/api/identity/oauth2/dcr/v1.1].File[/opt/repository/deployment/server/webapps/api#identity#oauth2#dcr#v1.1.war]
08:01:56.815 [docker-java-stream--1999903578] INFO  o.w.a.t.DefaultAPIMContainer - STDOUT: [2025-05-07 02:31:54,840]  INFO - TomcatGenericWebappsDeployer Deployed webapp: StandardEngine[Catalina].StandardHost[localhost].StandardContext[/api/identity/oauth2/v1.0].File[/opt/repository/deployment/server/webapps/api#identity#oauth2#v1.0.war]
08:01:59.560 [docker-java-stream--1999903578] INFO  o.w.a.t.DefaultAPIMContainer - STDOUT: [2025-05-07 02:31:57,576]  INFO - TomcatGenericWebappsDeployer Deployed webapp: StandardEngine[Catalina].StandardHost[localhost].StandardContext[/api/identity/recovery/v0.9].File[/opt/repository/deployment/server/webapps/api#identity#recovery#v0.9.war]
08:02:01.369 [docker-java-stream--1999903578] INFO  o.w.a.t.DefaultAPIMContainer - STDOUT: [2025-05-07 02:31:59,391]  WARN - AppDeployerServiceComponent Waiting for required OSGi services: org.wso2.carbon.application.deployer.synapse.service.SynapseAppDeployerService,org.wso2.carbon.mediation.initializer.services.SynapseEnvironmentService,
08:02:01.550 [docker-java-stream--1999903578] INFO  o.w.a.t.DefaultAPIMContainer - STDOUT: [2025-05-07 02:31:59,573]  WARN - StartupFinalizerServiceComponent Waiting for required OSGi services: org.wso2.carbon.application.deployer.service.CappDeploymentService,org.wso2.carbon.server.admin.common.IServerAdmin,org.wso2.carbon.throttling.agent.ThrottlingAgent,
08:02:02.425 [docker-java-stream--1999903578] INFO  o.w.a.t.DefaultAPIMContainer - STDOUT: [2025-05-07 02:32:00,450]  INFO - TomcatGenericWebappsDeployer Deployed webapp: StandardEngine[Catalina].StandardHost[localhost].StandardContext[/api/identity/user/v1.0].File[/opt/repository/deployment/server/webapps/api#identity#user#v1.0.war]
08:02:21.320 [docker-java-stream--1999903578] INFO  o.w.a.t.DefaultAPIMContainer - STDOUT: [2025-05-07 02:32:19,341]  INFO - TomcatGenericWebappsDeployer Deployed webapp: StandardEngine[Catalina].StandardHost[localhost].StandardContext[/authenticationendpoint].File[/opt/repository/deployment/server/webapps/authenticationendpoint]
08:02:26.359 [docker-java-stream--1999903578] INFO  o.w.a.t.DefaultAPIMContainer - STDOUT: [2025-05-07 02:32:24,381]  INFO - TomcatGenericWebappsDeployer Deployed webapp: StandardEngine[Catalina].StandardHost[localhost].StandardContext[/client-registration/v0.17].File[/opt/repository/deployment/server/webapps/client-registration#v0.17.war]
08:02:30.792 [docker-java-stream--1999903578] INFO  o.w.a.t.DefaultAPIMContainer - STDOUT: [2025-05-07 02:32:28,816]  INFO - TomcatGenericWebappsDeployer Deployed webapp: StandardEngine[Catalina].StandardHost[localhost].StandardContext[/devportal].File[/opt/repository/deployment/server/webapps/devportal]
08:02:33.890 [docker-java-stream--1999903578] INFO  o.w.a.t.DefaultAPIMContainer - STDOUT: [2025-05-07 02:32:31,858]  INFO - TomcatGenericWebappsDeployer Deployed webapp: StandardEngine[Catalina].StandardHost[localhost].StandardContext[/internal/data/v1].File[/opt/repository/deployment/server/webapps/internal#data#v1.war]
08:02:37.301 [docker-java-stream--1999903578] INFO  o.w.a.t.DefaultAPIMContainer - STDOUT: [2025-05-07 02:32:35,326]  INFO - TomcatGenericWebappsDeployer Deployed webapp: StandardEngine[Catalina].StandardHost[localhost].StandardContext[/keymanager-operations].File[/opt/repository/deployment/server/webapps/keymanager-operations.war]
08:02:42.111 [docker-java-stream--1999903578] INFO  o.w.a.t.DefaultAPIMContainer - STDOUT: [2025-05-07 02:32:40,134]  INFO - TomcatGenericWebappsDeployer Deployed webapp: StandardEngine[Catalina].StandardHost[localhost].StandardContext[/oauth2].File[/opt/repository/deployment/server/webapps/oauth2.war]
08:02:46.233 [docker-java-stream--1999903578] INFO  o.w.a.t.DefaultAPIMContainer - STDOUT: [2025-05-07 02:32:44,255]  INFO - TomcatGenericWebappsDeployer Deployed webapp: StandardEngine[Catalina].StandardHost[localhost].StandardContext[/publisher].File[/opt/repository/deployment/server/webapps/publisher]
08:02:46.236 [docker-java-stream--1999903578] INFO  o.w.a.t.DefaultAPIMContainer - STDOUT: [2025-05-07 02:32:44,259]  INFO - Axis2SynapseController Deploying the Synapse service...
08:02:46.252 [docker-java-stream--1999903578] INFO  o.w.a.t.DefaultAPIMContainer - STDOUT: [2025-05-07 02:32:44,265]  INFO - Axis2SynapseController Deploying Proxy services...
08:02:46.253 [docker-java-stream--1999903578] INFO  o.w.a.t.DefaultAPIMContainer - STDOUT: [2025-05-07 02:32:44,265]  INFO - Axis2SynapseController Deploying EventSources...
08:02:46.882 [docker-java-stream--1999903578] INFO  o.w.a.t.DefaultAPIMContainer - STDOUT: [2025-05-07 02:32:44,906]  INFO - InboundEndpoint Initializing Inbound Endpoint: WebSocketInboundEndpoint
08:02:48.341 [docker-java-stream--1999903578] INFO  o.w.a.t.DefaultAPIMContainer - STDOUT: [2025-05-07 02:32:46,362]  INFO - WebsocketEndpointManager Netty Listener starting on port 9099
08:02:48.342 [docker-java-stream--1999903578] INFO  o.w.a.t.DefaultAPIMContainer - STDOUT: [2025-05-07 02:32:46,363]  INFO - InboundEndpoint Initializing Inbound Endpoint: SecureWebSocketEP
08:02:48.359 [docker-java-stream--1999903578] INFO  o.w.a.t.DefaultAPIMContainer - STDOUT: [2025-05-07 02:32:46,383]  INFO - WebsocketEndpointManager Netty SSL Listener starting on port 8099
08:02:48.362 [docker-java-stream--1999903578] INFO  o.w.a.t.DefaultAPIMContainer - STDOUT: [2025-05-07 02:32:46,384]  INFO - InboundEndpoint Initializing Inbound Endpoint: WebhookServer
08:02:48.661 [docker-java-stream--1999903578] INFO  o.w.a.t.DefaultAPIMContainer - STDOUT: [2025-05-07 02:32:46,668]  INFO - PassThroughListeningIOReactorManager Pass-through WebhookServer Listener started on 0.0.0.0:9021
08:02:48.665 [docker-java-stream--1999903578] INFO  o.w.a.t.DefaultAPIMContainer - STDOUT: [2025-05-07 02:32:46,668]  INFO - InboundEndpoint Initializing Inbound Endpoint: SecureWebhookServer
08:02:48.996 [docker-java-stream--1999903578] INFO  o.w.a.t.DefaultAPIMContainer - STDOUT: [2025-05-07 02:32:47,020]  INFO - PassThroughListeningIOReactorManager Pass-through SecureWebhookServer Listener started on 0.0.0.0:8021
08:02:49.023 [docker-java-stream--1999903578] INFO  o.w.a.t.DefaultAPIMContainer - STDOUT: [2025-05-07 02:32:47,048]  INFO - ServerManager Server ready for processing...
08:02:53.046 [docker-java-stream--1999903578] INFO  o.w.a.t.DefaultAPIMContainer - STDOUT: [2025-05-07 02:32:51,072]  INFO - JMSConnectionFactory JMS ConnectionFactory : Siddhi-JMS-Consumer initialized
08:02:53.053 [docker-java-stream--1999903578] INFO  o.w.a.t.DefaultAPIMContainer - STDOUT: [2025-05-07 02:32:51,077]  INFO - JMSConnectionFactory JMS ConnectionFactory : Siddhi-JMS-Consumer initialized
08:02:53.296 [docker-java-stream--1999903578] INFO  o.w.a.t.DefaultAPIMContainer - STDOUT: [2025-05-07 02:32:51,317]  INFO - WebsocketEndpointManager Netty Listener already started on port 8099
08:02:53.304 [docker-java-stream--1999903578] INFO  o.w.a.t.DefaultAPIMContainer - STDOUT: [2025-05-07 02:32:51,321]  INFO - HTTPEndpointManager Listener is already started for port : 8021
08:02:53.304 [docker-java-stream--1999903578] INFO  o.w.a.t.DefaultAPIMContainer - STDOUT: [2025-05-07 02:32:51,321]  INFO - WebsocketEndpointManager Netty Listener already started on port 9099
08:02:53.305 [docker-java-stream--1999903578] INFO  o.w.a.t.DefaultAPIMContainer - STDOUT: [2025-05-07 02:32:51,321]  INFO - HTTPEndpointManager Listener is already started for port : 9021
08:02:54.645 [docker-java-stream--1999903578] INFO  o.w.a.t.DefaultAPIMContainer - STDOUT: [2025-05-07 02:32:52,668]  INFO - QpidServiceComponent Activating Andes Message Broker Engine...
08:02:55.473 [docker-java-stream--1999903578] INFO  o.w.a.t.DefaultAPIMContainer - STDOUT: [Broker] BRK-1001 : Startup : Version: 0.11 Build: 90784:90849
08:02:55.628 [docker-java-stream--1999903578] INFO  o.w.a.t.DefaultAPIMContainer - STDOUT: [Broker] MNG-1001 : Startup
08:02:55.628 [docker-java-stream--1999903578] INFO  o.w.a.t.DefaultAPIMContainer - STDOUT: [Broker] MNG-1004 : Ready : Using the platform JMX Agent
08:02:57.563 [docker-java-stream--1999903578] INFO  o.w.a.t.DefaultAPIMContainer - STDOUT: [Broker] BRK-1002 : Starting : Listening on TCP port 5672
08:02:57.591 [docker-java-stream--1999903578] INFO  o.w.a.t.DefaultAPIMContainer - STDOUT: [2025-05-07 02:32:55,602]  INFO - listening [Broker] BRK-1002 : Starting : Listening on TCP port 5672
08:02:57.636 [docker-java-stream--1999903578] INFO  o.w.a.t.DefaultAPIMContainer - STDOUT: [Broker] BRK-1002 : Starting : Listening on TCP/SSL port 8672
08:02:57.642 [docker-java-stream--1999903578] INFO  o.w.a.t.DefaultAPIMContainer - STDOUT: [2025-05-07 02:32:55,665]  INFO - listening [Broker] BRK-1002 : Starting : Listening on TCP/SSL port 8672
08:02:57.644 [docker-java-stream--1999903578] INFO  o.w.a.t.DefaultAPIMContainer - STDOUT: [Broker] BRK-1004 : Qpid Broker Ready
08:02:57.898 [docker-java-stream--1999903578] INFO  o.w.a.t.DefaultAPIMContainer - STDOUT: [Broker] [vh(/carbon)/qu(deadletterchannel)] QUE-1001 : Create : Owner: admin Durable
08:02:58.004 [docker-java-stream--1999903578] INFO  o.w.a.t.DefaultAPIMContainer - STDOUT: [2025-05-07 02:32:56,029]  INFO - QpidServiceComponent AMQP Host Address : 0.0.0.0 Port : 5672
08:02:58.010 [docker-java-stream--1999903578] INFO  o.w.a.t.DefaultAPIMContainer - STDOUT: [2025-05-07 02:32:56,032]  INFO - QpidServiceComponent Successfully connected to AMQP server on port 5672
08:02:58.017 [docker-java-stream--1999903578] INFO  o.w.a.t.DefaultAPIMContainer - STDOUT: [2025-05-07 02:32:56,042]  INFO - QpidServiceComponent WSO2 Message Broker is started.
08:02:59.452 [docker-java-stream--1999903578] INFO  o.w.a.t.DefaultAPIMContainer - STDOUT: [2025-05-07 02:32:57,474]  INFO - BinaryDataReceiver Started Binary SSL Transport on port : 9711
08:02:59.521 [docker-java-stream--1999903578] INFO  o.w.a.t.DefaultAPIMContainer - STDOUT: [2025-05-07 02:32:57,488]  INFO - BinaryDataReceiver Started Binary TCP Transport on port : 9611
08:03:00.215 [docker-java-stream--1999903578] INFO  o.w.a.t.DefaultAPIMContainer - STDOUT: [2025-05-07 02:32:58,228]  INFO - ThriftServerStartupObserver  Thrift Data Receiver is disabled.
08:03:01.023 [docker-java-stream--1999903578] INFO  o.w.a.t.DefaultAPIMContainer - STDOUT: [2025-05-07 02:32:59,046]  INFO - PassThroughHttpListener Starting Pass-through HTTP Listener...
08:03:01.106 [docker-java-stream--1999903578] INFO  o.w.a.t.DefaultAPIMContainer - STDOUT: [2025-05-07 02:32:59,109]  INFO - PassThroughListeningIOReactorManager Pass-through HTTP Listener started on 0.0.0.0:8280
08:03:01.128 [docker-java-stream--1999903578] INFO  o.w.a.t.DefaultAPIMContainer - STDOUT: [2025-05-07 02:32:59,150]  INFO - PassThroughHttpMultiSSLListener Starting Pass-through HTTPS Listener...
08:03:01.177 [docker-java-stream--1999903578] INFO  o.w.a.t.DefaultAPIMContainer - STDOUT: [2025-05-07 02:32:59,195]  INFO - PassThroughListeningIOReactorManager Pass-through HTTPS Listener started on 0.0.0.0:8243
08:03:02.147 [main] INFO  tc.openjdk:11-jre-slim - Container openjdk:11-jre-slim started in PT8M41.901354876S
08:03:02.147 [main] INFO  o.w.a.t.DefaultAPIMContainer - DefaultAPIMContainer successfully initialized
  &amp#27;[32mAnd &amp#27;[0m&amp#27;[32mI have initialized the Default API Manager container&amp#27;[0m                                                                                 &amp#27;[90m# org.wso2.am.integration.cucumbertests.stepdefinitions.ContainorIntitialisationStepDefinitions.initializeDefaultAPIMContainer()&amp#27;[0m
08:03:02.820 [docker-java-stream--1999903578] INFO  o.w.a.t.DefaultAPIMContainer - STDOUT: [2025-05-07 02:33:00,844]  INFO - certificate Connector [https-jsse-nio-9443], TLS virtual host [_default_], certificate type [UNDEFINED] configured from keystore [/opt/repository/resources/security/wso2carbon.jks] using alias [wso2carbon] with trust store [/opt/repository/resources/security/client-truststore.jks]
08:03:05.783 [docker-java-stream--1999903578] INFO  o.w.a.t.DefaultAPIMContainer - STDOUT: [2025-05-07 02:33:03,807]  INFO - TaskServiceImpl Task service starting in STANDALONE mode...
08:03:07.123 [docker-java-stream--1999903578] INFO  o.w.a.t.DefaultAPIMContainer - STDOUT: [2025-05-07 02:33:05,131]  INFO - RegistryEventingServiceComponent Successfully Initialized Eventing on Registry
08:03:09.935 [docker-java-stream--1999903578] INFO  o.w.a.t.DefaultAPIMContainer - STDOUT: [2025-05-07 02:33:07,959]  INFO - JMXServerManager JMX Service URL  : service:jmx:rmi://localhost:11111/jndi/rmi://localhost:9999/jmxrmi
08:03:12.400 [docker-java-stream--1999903578] INFO  o.w.a.t.DefaultAPIMContainer - STDOUT: [2025-05-07 02:33:10,421]  INFO - APIMGovernanceUtil Adding default ruleset: OWASP Top 10
08:03:19.464 [docker-java-stream--1999903578] INFO  o.w.a.t.DefaultAPIMContainer - STDOUT: [2025-05-07 02:33:17,490]  INFO - APIMGovernanceUtil Adding default ruleset: WSO2 API Management Guidelines
08:03:20.531 [docker-java-stream--1999903578] INFO  o.w.a.t.DefaultAPIMContainer - STDOUT: [2025-05-07 02:33:18,556]  INFO - APIMGovernanceUtil Adding default ruleset: WSO2 REST API Design Guidelines
08:03:22.104 [docker-java-stream--1999903578] INFO  o.w.a.t.DefaultAPIMContainer - STDOUT: [2025-05-07 02:33:20,130]  INFO - APIMGovernanceUtil Adding default policy: WSO2 API Management Best Practices
08:03:22.392 [docker-java-stream--1999903578] INFO  o.w.a.t.DefaultAPIMContainer - STDOUT: [2025-05-07 02:33:20,415]  INFO - JMSTransportHandler Starting jms topic consumer thread for the notification topic...
08:03:26.495 [docker-java-stream--1999903578] INFO  o.w.a.t.DefaultAPIMContainer - STDOUT: [2025-05-07 02:33:24,520]  INFO - DataBridge user admin connected
08:03:27.394 [docker-java-stream--1999903578] INFO  o.w.a.t.DefaultAPIMContainer - STDOUT: [2025-05-07 02:33:25,419]  INFO - JMSTransportHandler Starting jms topic consumer thread for the notification topic...
08:03:27.451 [docker-java-stream--1999903578] INFO  o.w.a.t.DefaultAPIMContainer - STDOUT: [2025-05-07 02:33:25,473]  INFO - JMSTransportHandler Starting jms topic consumer thread for the keyManager topic...
08:03:27.581 [docker-java-stream--1999903578] INFO  o.w.a.t.DefaultAPIMContainer - STDOUT: [2025-05-07 02:33:25,567]  INFO - JMSTransportHandler Starting jms topic consumer thread for the notification topic...
08:03:29.963 [docker-java-stream--1999903578] INFO  o.w.a.t.DefaultAPIMContainer - STDOUT: [2025-05-07 02:33:27,988]  INFO - JMSListener Connection successfully created towards the JMS provider for the listener: Siddhi-JMS-Consumer#notification. The connected JMS provider is AMQConnection: | Host: 192.168.32.3 | Port: 5672 | Virtual Host: carbon | Client ID: clientid | Active session count: 0
08:03:29.964 [docker-java-stream--1999903578] INFO  o.w.a.t.DefaultAPIMContainer - STDOUT: [2025-05-07 02:33:27,988]  INFO - JMSListener Connection attempt: 1 for JMS Provider for listener: Siddhi-JMS-Consumer#notification was successful!
08:03:29.978 [docker-java-stream--1999903578] INFO  o.w.a.t.DefaultAPIMContainer - STDOUT: [2025-05-07 02:33:27,994]  INFO - JMSListener Connection successfully created towards the JMS provider for the listener: Siddhi-JMS-Consumer#keyManager. The connected JMS provider is AMQConnection: | Host: 192.168.32.3 | Port: 5672 | Virtual Host: carbon | Client ID: clientid | Active session count: 0
08:03:29.991 [docker-java-stream--1999903578] INFO  o.w.a.t.DefaultAPIMContainer - STDOUT: [2025-05-07 02:33:27,994]  INFO - JMSListener Connection attempt: 1 for JMS Provider for listener: Siddhi-JMS-Consumer#keyManager was successful!
08:03:29.993 [docker-java-stream--1999903578] INFO  o.w.a.t.DefaultAPIMContainer - STDOUT: [2025-05-07 02:33:27,997]  INFO - JMSListener Connection successfully created towards the JMS provider for the listener: Siddhi-JMS-Consumer#notification. The connected JMS provider is AMQConnection: | Host: 192.168.32.3 | Port: 5672 | Virtual Host: carbon | Client ID: clientid | Active session count: 0
08:03:29.997 [docker-java-stream--1999903578] INFO  o.w.a.t.DefaultAPIMContainer - STDOUT: [2025-05-07 02:33:27,997]  INFO - JMSListener Connection attempt: 1 for JMS Provider for listener: Siddhi-JMS-Consumer#notification was successful!
08:03:30.000 [docker-java-stream--1999903578] INFO  o.w.a.t.DefaultAPIMContainer - STDOUT: [2025-05-07 02:33:27,998]  INFO - JMSListener Connection successfully created towards the JMS provider for the listener: Siddhi-JMS-Consumer#notification. The connected JMS provider is AMQConnection: | Host: 192.168.32.3 | Port: 5672 | Virtual Host: carbon | Client ID: clientid | Active session count: 0
08:03:30.003 [docker-java-stream--1999903578] INFO  o.w.a.t.DefaultAPIMContainer - STDOUT: [2025-05-07 02:33:27,998]  INFO - JMSListener Connection attempt: 1 for JMS Provider for listener: Siddhi-JMS-Consumer#notification was successful!
08:03:30.031 [docker-java-stream--1999903578] INFO  o.w.a.t.DefaultAPIMContainer - STDOUT: [2025-05-07 02:33:28,053]  INFO - JMSTaskManager Task manager for Siddhi-JMS-Consumer [re-]initialized
08:03:30.040 [docker-java-stream--1999903578] INFO  o.w.a.t.DefaultAPIMContainer - STDOUT: [2025-05-07 02:33:28,060]  INFO - JMSTaskManager Task manager for Siddhi-JMS-Consumer [re-]initialized
08:03:30.047 [docker-java-stream--1999903578] INFO  o.w.a.t.DefaultAPIMContainer - STDOUT: [2025-05-07 02:33:28,066]  INFO - JMSTaskManager Task manager for Siddhi-JMS-Consumer [re-]initialized
08:03:30.099 [docker-java-stream--1999903578] INFO  o.w.a.t.DefaultAPIMContainer - STDOUT: [2025-05-07 02:33:28,117]  INFO - JMSTaskManager Task manager for Siddhi-JMS-Consumer [re-]initialized
08:03:30.614 [docker-java-stream--1999903578] INFO  o.w.a.t.DefaultAPIMContainer - STDOUT: [2025-05-07 02:33:28,640]  INFO - JMSConnectionFactory JMS ConnectionFactory : cacheInvalidationJMSPublisher initialized
08:03:30.616 [docker-java-stream--1999903578] INFO  o.w.a.t.DefaultAPIMContainer - STDOUT: [2025-05-07 02:33:28,640]  INFO - JMSConnectionFactory JMS ConnectionFactory : notificationJMSPublisher initialized
08:03:31.212 [docker-java-stream--1999903578] INFO  o.w.a.t.DefaultAPIMContainer - STDOUT: [2025-05-07 02:33:29,237]  INFO - InMemoryAPIDeployer Deploying synapse artifacts of _JwksEndpoint_
08:03:31.254 [docker-java-stream--1999903578] INFO  o.w.a.t.DefaultAPIMContainer - STDOUT: [2025-05-07 02:33:29,279]  INFO - JMSConnectionFactory JMS ConnectionFactory : keymgtEventJMSEventPublisher initialized
08:03:31.971 [docker-java-stream--1999903578] INFO  o.w.a.t.DefaultAPIMContainer - STDOUT: [2025-05-07 02:33:29,989]  INFO - JMSTransportHandler Starting jms topic consumer thread for the throttleData topic...
08:03:32.113 [docker-java-stream--1999903578] INFO  o.w.a.t.DefaultAPIMContainer - STDOUT: [2025-05-07 02:33:30,133]  INFO - JMSTransportHandler Starting jms topic consumer thread for the tokenRevocation topic...
08:03:32.205 [docker-java-stream--1999903578] INFO  o.w.a.t.DefaultAPIMContainer - STDOUT: [2025-05-07 02:33:30,230]  INFO - JMSTransportHandler Starting jms topic consumer thread for the cacheInvalidation topic...
08:03:32.236 [docker-java-stream--1999903578] INFO  o.w.a.t.DefaultAPIMContainer - STDOUT: [2025-05-07 02:33:30,260]  INFO - EventProcessorConfigurationFilesystemInvoker carbon.super_sub_Silver.siddhiql is deleted from the file system
08:03:32.557 [docker-java-stream--1999903578] INFO  o.w.a.t.DefaultAPIMContainer - STDOUT: [2025-05-07 02:33:30,540]  INFO - EventProcessorDeployer Execution Plan was undeployed successfully : carbon.super_sub_Silver.siddhiql
08:03:32.725 [docker-java-stream--1999903578] INFO  o.w.a.t.DefaultAPIMContainer - STDOUT: [2025-05-07 02:33:30,719]  INFO - EventProcessorConfigurationFilesystemInvoker carbon.super_resource_50KPerMin_defualt.siddhiql is deleted from the file system
08:03:32.726 [docker-java-stream--1999903578] INFO  o.w.a.t.DefaultAPIMContainer - STDOUT: [2025-05-07 02:33:30,719]  INFO - EventProcessorDeployer Execution Plan was undeployed successfully : carbon.super_resource_50KPerMin_defualt.siddhiql
08:03:32.727 [docker-java-stream--1999903578] INFO  o.w.a.t.DefaultAPIMContainer - STDOUT: [2025-05-07 02:33:30,730]  INFO - JMSTransportHandler Starting jms topic consumer thread for the notification topic...
08:03:32.728 [docker-java-stream--1999903578] INFO  o.w.a.t.DefaultAPIMContainer - STDOUT: [2025-05-07 02:33:30,736]  INFO - JMSTransportHandler Starting jms topic consumer thread for the throttleData topic...
08:03:32.782 [docker-java-stream--1999903578] INFO  o.w.a.t.DefaultAPIMContainer - STDOUT: [2025-05-07 02:33:30,750]  INFO - JMSTransportHandler Starting jms topic consumer thread for the asyncWebhooksData topic...
08:03:32.788 [docker-java-stream--1999903578] INFO  o.w.a.t.DefaultAPIMContainer - STDOUT: [2025-05-07 02:33:30,797]  INFO - API {api:_JwksEndpoint_} Initializing API: _JwksEndpoint_
08:03:33.430 [docker-java-stream--1999903578] INFO  o.w.a.t.DefaultAPIMContainer - STDOUT: [2025-05-07 02:33:30,898]  INFO - EventProcessorConfigurationFilesystemInvoker carbon.super_sub_Bronze.siddhiql is deleted from the file system
08:03:33.431 [docker-java-stream--1999903578] INFO  o.w.a.t.DefaultAPIMContainer - STDOUT: [2025-05-07 02:33:30,898]  INFO - EventProcessorDeployer Execution Plan was undeployed successfully : carbon.super_sub_Bronze.siddhiql
08:03:33.431 [docker-java-stream--1999903578] INFO  o.w.a.t.DefaultAPIMContainer - STDOUT: [2025-05-07 02:33:31,074]  WARN - JMSListener Polling tasks on destination : notification of type topic for listener Siddhi-JMS-Consumer#notification have not yet started after 3 seconds ..
08:03:33.431 [docker-java-stream--1999903578] INFO  o.w.a.t.DefaultAPIMContainer - STDOUT: [2025-05-07 02:33:31,075]  WARN - JMSListener Polling tasks on destination : keyManager of type topic for listener Siddhi-JMS-Consumer#keyManager have not yet started after 3 seconds ..
08:03:33.433 [docker-java-stream--1999903578] INFO  o.w.a.t.DefaultAPIMContainer - STDOUT: [2025-05-07 02:33:31,075]  WARN - JMSListener Polling tasks on destination : notification of type topic for listener Siddhi-JMS-Consumer#notification have not yet started after 3 seconds ..
08:03:33.441 [docker-java-stream--1999903578] INFO  o.w.a.t.DefaultAPIMContainer - STDOUT: [2025-05-07 02:33:31,110]  INFO - EventProcessorConfigurationFilesystemInvoker carbon.super_resource_20KPerMin_default.siddhiql is deleted from the file system
08:03:33.441 [docker-java-stream--1999903578] INFO  o.w.a.t.DefaultAPIMContainer - STDOUT: [2025-05-07 02:33:31,110]  INFO - EventProcessorDeployer Execution Plan was undeployed successfully : carbon.super_resource_20KPerMin_default.siddhiql
08:03:33.441 [docker-java-stream--1999903578] INFO  o.w.a.t.DefaultAPIMContainer - STDOUT: [2025-05-07 02:33:31,138]  WARN - JMSListener Polling tasks on destination : notification of type topic for listener Siddhi-JMS-Consumer#notification have not yet started after 3 seconds ..
08:03:33.441 [docker-java-stream--1999903578] INFO  o.w.a.t.DefaultAPIMContainer - STDOUT: [2025-05-07 02:33:31,294]  INFO - EventProcessorConfigurationFilesystemInvoker carbon.super_sub_Unauthenticated.siddhiql is deleted from the file system
08:03:33.441 [docker-java-stream--1999903578] INFO  o.w.a.t.DefaultAPIMContainer - STDOUT: [2025-05-07 02:33:31,294]  INFO - EventProcessorDeployer Execution Plan was undeployed successfully : carbon.super_sub_Unauthenticated.siddhiql
08:03:33.441 [docker-java-stream--1999903578] INFO  o.w.a.t.DefaultAPIMContainer - STDOUT: [2025-05-07 02:33:31,435]  INFO - EventProcessorConfigurationFilesystemInvoker carbon.super_resource_10KPerMin_default.siddhiql is deleted from the file system
08:03:33.441 [docker-java-stream--1999903578] INFO  o.w.a.t.DefaultAPIMContainer - STDOUT: [2025-05-07 02:33:31,436]  INFO - EventProcessorDeployer Execution Plan was undeployed successfully : carbon.super_resource_10KPerMin_default.siddhiql
08:03:33.538 [docker-java-stream--1999903578] INFO  o.w.a.t.DefaultAPIMContainer - STDOUT: [2025-05-07 02:33:31,514]  INFO - EventProcessorConfigurationFilesystemInvoker carbon.super_sub_Gold.siddhiql is deleted from the file system
08:03:33.596 [docker-java-stream--1999903578] INFO  o.w.a.t.DefaultAPIMContainer - STDOUT: [2025-05-07 02:33:31,514]  INFO - EventProcessorDeployer Execution Plan was undeployed successfully : carbon.super_sub_Gold.siddhiql
08:03:33.665 [docker-java-stream--1999903578] INFO  o.w.a.t.DefaultAPIMContainer - STDOUT: [2025-05-07 02:33:31,674]  INFO - EventProcessorConfigurationFilesystemInvoker carbon.super_app_10PerMin.siddhiql is deleted from the file system
08:03:34.069 [docker-java-stream--1999903578] INFO  o.w.a.t.DefaultAPIMContainer - STDOUT: [2025-05-07 02:33:31,674]  INFO - EventProcessorDeployer Execution Plan was undeployed successfully : carbon.super_app_10PerMin.siddhiql
08:03:34.169 [docker-java-stream--1999903578] INFO  o.w.a.t.DefaultAPIMContainer - STDOUT: [2025-05-07 02:33:31,720]  INFO - DependencyTracker API : _JwksEndpoint_ was added to the Synapse configuration successfully
08:03:34.221 [docker-java-stream--1999903578] INFO  o.w.a.t.DefaultAPIMContainer - STDOUT: [2025-05-07 02:33:31,898]  INFO - EventProcessorConfigurationFilesystemInvoker carbon.super_app_20PerMin.siddhiql is deleted from the file system
08:03:34.224 [docker-java-stream--1999903578] INFO  o.w.a.t.DefaultAPIMContainer - STDOUT: [2025-05-07 02:33:31,898]  INFO - EventProcessorDeployer Execution Plan was undeployed successfully : carbon.super_app_20PerMin.siddhiql
08:03:34.265 [docker-java-stream--1999903578] INFO  o.w.a.t.DefaultAPIMContainer - STDOUT: [2025-05-07 02:33:32,258]  INFO - EventProcessorConfigurationFilesystemInvoker carbon.super_app_50PerMin.siddhiql is deleted from the file system
08:03:34.269 [docker-java-stream--1999903578] INFO  o.w.a.t.DefaultAPIMContainer - STDOUT: [2025-05-07 02:33:32,259]  INFO - EventProcessorDeployer Execution Plan was undeployed successfully : carbon.super_app_50PerMin.siddhiql
08:03:34.492 [docker-java-stream--1999903578] INFO  o.w.a.t.DefaultAPIMContainer - STDOUT: [2025-05-07 02:33:32,431]  INFO - InMemoryAPIDeployer Deploying synapse artifacts of _HealthCheckAPI_
08:03:34.760 [docker-java-stream--1999903578] INFO  o.w.a.t.DefaultAPIMContainer - STDOUT: [2025-05-07 02:33:32,785]  INFO - API {api:_HealthCheckAPI_} Initializing API: _HealthCheckAPI_
08:03:34.762 [docker-java-stream--1999903578] INFO  o.w.a.t.DefaultAPIMContainer - STDOUT: [2025-05-07 02:33:32,786]  INFO - DependencyTracker API : _HealthCheckAPI_ was added to the Synapse configuration successfully
08:03:35.212 [docker-java-stream--1999903578] INFO  o.w.a.t.DefaultAPIMContainer - STDOUT: [2025-05-07 02:33:33,237]  INFO - DataBridge user admin connected
08:03:35.231 [docker-java-stream--1999903578] INFO  o.w.a.t.DefaultAPIMContainer - STDOUT: [2025-05-07 02:33:33,248]  INFO - DependencyTracker Local entry : ga-config-key was added to the Synapse configuration successfully
08:03:36.013 [docker-java-stream--1999903578] INFO  o.w.a.t.DefaultAPIMContainer - STDOUT: [2025-05-07 02:33:34,035]  INFO - JMSListener Connection successfully created towards the JMS provider for the listener: Siddhi-JMS-Consumer#cacheInvalidation. The connected JMS provider is AMQConnection: | Host: 192.168.32.3 | Port: 5672 | Virtual Host: carbon | Client ID: clientid | Active session count: 0
08:03:36.018 [docker-java-stream--1999903578] INFO  o.w.a.t.DefaultAPIMContainer - STDOUT: [2025-05-07 02:33:34,035]  INFO - JMSListener Connection attempt: 1 for JMS Provider for listener: Siddhi-JMS-Consumer#cacheInvalidation was successful!
08:03:36.393 [docker-java-stream--1999903578] INFO  o.w.a.t.DefaultAPIMContainer - STDOUT: [2025-05-07 02:33:34,225]  INFO - JMSTaskManager Task manager for Siddhi-JMS-Consumer [re-]initialized
08:03:36.495 [docker-java-stream--1999903578] INFO  o.w.a.t.DefaultAPIMContainer - STDOUT: [2025-05-07 02:33:34,384]  INFO - JMSListener Connection successfully created towards the JMS provider for the listener: Siddhi-JMS-Consumer#tokenRevocation. The connected JMS provider is AMQConnection: | Host: 192.168.32.3 | Port: 5672 | Virtual Host: carbon | Client ID: clientid | Active session count: 0
08:03:36.498 [docker-java-stream--1999903578] INFO  o.w.a.t.DefaultAPIMContainer - STDOUT: [2025-05-07 02:33:34,384]  INFO - JMSListener Connection attempt: 1 for JMS Provider for listener: Siddhi-JMS-Consumer#tokenRevocation was successful!
08:03:36.604 [docker-java-stream--1999903578] INFO  o.w.a.t.DefaultAPIMContainer - STDOUT: [2025-05-07 02:33:34,399]  INFO - JMSListener Connection successfully created towards the JMS provider for the listener: Siddhi-JMS-Consumer#throttleData. The connected JMS provider is AMQConnection: | Host: 192.168.32.3 | Port: 5672 | Virtual Host: carbon | Client ID: clientid | Active session count: 0
08:03:36.619 [docker-java-stream--1999903578] INFO  o.w.a.t.DefaultAPIMContainer - STDOUT: [2025-05-07 02:33:34,399]  INFO - JMSListener Connection attempt: 1 for JMS Provider for listener: Siddhi-JMS-Consumer#throttleData was successful!
08:03:36.633 [docker-java-stream--1999903578] INFO  o.w.a.t.DefaultAPIMContainer - STDOUT: [2025-05-07 02:33:34,423]  INFO - JMSTaskManager Task manager for Siddhi-JMS-Consumer [re-]initialized
08:03:36.633 [docker-java-stream--1999903578] INFO  o.w.a.t.DefaultAPIMContainer - STDOUT: [2025-05-07 02:33:34,519]  INFO - JMSTaskManager Task manager for Siddhi-JMS-Consumer [re-]initialized
08:03:36.695 [docker-java-stream--1999903578] INFO  o.w.a.t.DefaultAPIMContainer - STDOUT: [2025-05-07 02:33:34,718]  INFO - StartupFinalizerServiceComponent Server           :  WSO2 API Manager-4.5.0
08:03:36.723 [docker-java-stream--1999903578] INFO  o.w.a.t.DefaultAPIMContainer - STDOUT: [2025-05-07 02:33:34,742]  INFO - StartupFinalizerServiceComponent WSO2 Carbon started in 477 sec
08:03:37.350 [docker-java-stream--1999903578] INFO  o.w.a.t.DefaultAPIMContainer - STDOUT: [2025-05-07 02:33:35,375]  INFO - RuntimeArtifactGeneratorUtil No API Artifacts
08:03:37.553 [docker-java-stream--1999903578] INFO  o.w.a.t.DefaultAPIMContainer - STDOUT: [2025-05-07 02:33:35,570]  INFO - JMSListener Connection successfully created towards the JMS provider for the listener: Siddhi-JMS-Consumer#asyncWebhooksData. The connected JMS provider is AMQConnection: | Host: 192.168.32.3 | Port: 5672 | Virtual Host: carbon | Client ID: clientid | Active session count: 0
08:03:37.556 [docker-java-stream--1999903578] INFO  o.w.a.t.DefaultAPIMContainer - STDOUT: [2025-05-07 02:33:35,571]  INFO - JMSListener Connection attempt: 1 for JMS Provider for listener: Siddhi-JMS-Consumer#asyncWebhooksData was successful!
08:03:37.588 [docker-java-stream--1999903578] INFO  o.w.a.t.DefaultAPIMContainer - STDOUT: [2025-05-07 02:33:35,586]  INFO - JMSTaskManager Task manager for Siddhi-JMS-Consumer [re-]initialized
08:03:38.058 [docker-java-stream--1999903578] INFO  o.w.a.t.DefaultAPIMContainer - STDOUT: [2025-05-07 02:33:36,084]  INFO - GatewayStartupListener Synapse Artifacts deployed Successfully in the Gateway
08:03:39.123 [docker-java-stream--1999903578] INFO  o.w.a.t.DefaultAPIMContainer - STDOUT: [2025-05-07 02:33:37,139]  INFO - EventProcessorConfigurationFilesystemInvoker Execution plan: carbon.super_sub_Gold saved in the filesystem
08:03:39.435 [docker-java-stream--1999903578] INFO  o.w.a.t.DefaultAPIMContainer - STDOUT: [2025-05-07 02:33:37,353]  WARN - JMSListener Polling tasks on destination : cacheInvalidation of type topic for listener Siddhi-JMS-Consumer#cacheInvalidation have not yet started after 3 seconds ..
08:03:39.441 [docker-java-stream--1999903578] INFO  o.w.a.t.DefaultAPIMContainer - STDOUT: [2025-05-07 02:33:37,452]  WARN - JMSListener Polling tasks on destination : tokenRevocation of type topic for listener Siddhi-JMS-Consumer#tokenRevocation have not yet started after 3 seconds ..
08:03:39.515 [docker-java-stream--1999903578] INFO  o.w.a.t.DefaultAPIMContainer - STDOUT: [2025-05-07 02:33:37,537]  WARN - JMSListener Polling tasks on destination : throttleData of type topic for listener Siddhi-JMS-Consumer#throttleData have not yet started after 3 seconds ..
08:03:40.629 [docker-java-stream--1999903578] INFO  o.w.a.t.DefaultAPIMContainer - STDOUT: [2025-05-07 02:33:38,655]  WARN - JMSListener Polling tasks on destination : asyncWebhooksData of type topic for listener Siddhi-JMS-Consumer#asyncWebhooksData have not yet started after 3 seconds ..
08:03:40.637 [docker-java-stream--1999903578] INFO  o.w.a.t.DefaultAPIMContainer - STDOUT: [2025-05-07 02:33:38,660]  INFO - EventJunction Producer added to the junction. Stream:org.wso2.throttle.globalThrottle.stream:1.0.0
08:03:40.680 [docker-java-stream--1999903578] INFO  o.w.a.t.DefaultAPIMContainer - STDOUT: [2025-05-07 02:33:38,697]  INFO - EventJunction Consumer added to the junction. Stream:org.wso2.throttle.processed.request.stream:1.0.0
08:03:40.681 [docker-java-stream--1999903578] INFO  o.w.a.t.DefaultAPIMContainer - STDOUT: [2025-05-07 02:33:38,697]  INFO - EventProcessorDeployer Execution plan is deployed successfully and in active state  : carbon.super_sub_Gold
08:03:41.246 [docker-java-stream--1999903578] INFO  o.w.a.t.DefaultAPIMContainer - STDOUT: [2025-05-07 02:33:39,259]  INFO - JMSListener Connection successfully created towards the JMS provider for the listener: Siddhi-JMS-Consumer#notification. The connected JMS provider is AMQConnection: | Host: 192.168.32.3 | Port: 5672 | Virtual Host: carbon | Client ID: clientid | Active session count: 0
08:03:41.251 [docker-java-stream--1999903578] INFO  o.w.a.t.DefaultAPIMContainer - STDOUT: [2025-05-07 02:33:39,259]  INFO - JMSListener Connection attempt: 1 for JMS Provider for listener: Siddhi-JMS-Consumer#notification was successful!
08:03:41.252 [docker-java-stream--1999903578] INFO  o.w.a.t.DefaultAPIMContainer - STDOUT: [2025-05-07 02:33:39,260]  INFO - JMSTaskManager Task manager for Siddhi-JMS-Consumer [re-]initialized
08:03:41.534 [docker-java-stream--1999903578] INFO  o.w.a.t.DefaultAPIMContainer - STDOUT: [2025-05-07 02:33:39,441]  INFO - EventProcessorConfigurationFilesystemInvoker Execution plan: carbon.super_sub_Silver saved in the filesystem
08:03:41.885 [docker-java-stream--1999903578] INFO  o.w.a.t.DefaultAPIMContainer - STDOUT: [2025-05-07 02:33:39,910]  INFO - EventJunction Producer added to the junction. Stream:org.wso2.throttle.globalThrottle.stream:1.0.0
08:03:41.887 [docker-java-stream--1999903578] INFO  o.w.a.t.DefaultAPIMContainer - STDOUT: [2025-05-07 02:33:39,910]  INFO - EventJunction Consumer added to the junction. Stream:org.wso2.throttle.processed.request.stream:1.0.0
08:03:41.888 [docker-java-stream--1999903578] INFO  o.w.a.t.DefaultAPIMContainer - STDOUT: [2025-05-07 02:33:39,910]  INFO - EventProcessorDeployer Execution plan is deployed successfully and in active state  : carbon.super_sub_Silver
08:03:41.961 [docker-java-stream--1999903578] INFO  o.w.a.t.DefaultAPIMContainer - STDOUT: [2025-05-07 02:33:39,983]  INFO - EventProcessorConfigurationFilesystemInvoker Execution plan: carbon.super_sub_Bronze saved in the filesystem
08:03:42.276 [docker-java-stream--1999903578] INFO  o.w.a.t.DefaultAPIMContainer - STDOUT: [2025-05-07 02:33:40,302]  INFO - JMSListener Connection successfully created towards the JMS provider for the listener: Siddhi-JMS-Consumer#throttleData. The connected JMS provider is AMQConnection: | Host: 192.168.32.3 | Port: 5672 | Virtual Host: carbon | Client ID: clientid | Active session count: 0
08:03:42.288 [docker-java-stream--1999903578] INFO  o.w.a.t.DefaultAPIMContainer - STDOUT: [2025-05-07 02:33:40,305]  INFO - JMSListener Connection attempt: 1 for JMS Provider for listener: Siddhi-JMS-Consumer#throttleData was successful!
08:03:42.310 [docker-java-stream--1999903578] INFO  o.w.a.t.DefaultAPIMContainer - STDOUT: [2025-05-07 02:33:40,332]  INFO - JMSTaskManager Task manager for Siddhi-JMS-Consumer [re-]initialized
08:03:42.846 [docker-java-stream--1999903578] INFO  o.w.a.t.DefaultAPIMContainer - STDOUT: [2025-05-07 02:33:40,869]  INFO - EventJunction Producer added to the junction. Stream:org.wso2.throttle.globalThrottle.stream:1.0.0
08:03:42.848 [docker-java-stream--1999903578] INFO  o.w.a.t.DefaultAPIMContainer - STDOUT: [2025-05-07 02:33:40,870]  INFO - EventJunction Consumer added to the junction. Stream:org.wso2.throttle.processed.request.stream:1.0.0
08:03:42.850 [docker-java-stream--1999903578] INFO  o.w.a.t.DefaultAPIMContainer - STDOUT: [2025-05-07 02:33:40,870]  INFO - EventProcessorDeployer Execution plan is deployed successfully and in active state  : carbon.super_sub_Bronze
08:03:42.996 [docker-java-stream--1999903578] INFO  o.w.a.t.DefaultAPIMContainer - STDOUT: [2025-05-07 02:33:40,939]  INFO - EventProcessorConfigurationFilesystemInvoker Execution plan: carbon.super_sub_Unauthenticated saved in the filesystem
08:03:44.089 [docker-java-stream--1999903578] INFO  o.w.a.t.DefaultAPIMContainer - STDOUT: [2025-05-07 02:33:42,111]  INFO - EventJunction Producer added to the junction. Stream:org.wso2.throttle.globalThrottle.stream:1.0.0
08:03:44.089 [docker-java-stream--1999903578] INFO  o.w.a.t.DefaultAPIMContainer - STDOUT: [2025-05-07 02:33:42,111]  INFO - EventJunction Consumer added to the junction. Stream:org.wso2.throttle.processed.request.stream:1.0.0
08:03:44.092 [docker-java-stream--1999903578] INFO  o.w.a.t.DefaultAPIMContainer - STDOUT: [2025-05-07 02:33:42,112]  INFO - EventProcessorDeployer Execution plan is deployed successfully and in active state  : carbon.super_sub_Unauthenticated
08:03:44.381 [docker-java-stream--1999903578] INFO  o.w.a.t.DefaultAPIMContainer - STDOUT: [2025-05-07 02:33:42,397]  WARN - JMSListener Polling tasks on destination : notification of type topic for listener Siddhi-JMS-Consumer#notification have not yet started after 3 seconds ..
08:03:44.402 [docker-java-stream--1999903578] INFO  o.w.a.t.DefaultAPIMContainer - STDOUT: [2025-05-07 02:33:42,404]  INFO - EventProcessorConfigurationFilesystemInvoker Execution plan: carbon.super_sub_DefaultSubscriptionless saved in the filesystem
08:03:45.027 [docker-java-stream--1999903578] INFO  o.w.a.t.DefaultAPIMContainer - STDOUT: [2025-05-07 02:33:43,052]  INFO - GatewayStartupListener Gateway policy artifacts deployed Successfully in the Gateway
08:03:45.320 [docker-java-stream--1999903578] INFO  o.w.a.t.DefaultAPIMContainer - STDOUT: [2025-05-07 02:33:43,345]  WARN - JMSListener Polling tasks on destination : throttleData of type topic for listener Siddhi-JMS-Consumer#throttleData have not yet started after 3 seconds ..
08:03:45.397 [docker-java-stream--1999903578] INFO  o.w.a.t.DefaultAPIMContainer - STDOUT: [2025-05-07 02:33:43,423]  INFO - EventJunction Producer added to the junction. Stream:org.wso2.throttle.globalThrottle.stream:1.0.0
08:03:45.405 [docker-java-stream--1999903578] INFO  o.w.a.t.DefaultAPIMContainer - STDOUT: [2025-05-07 02:33:43,428]  INFO - EventJunction Consumer added to the junction. Stream:org.wso2.throttle.processed.request.stream:1.0.0
08:03:45.407 [docker-java-stream--1999903578] INFO  o.w.a.t.DefaultAPIMContainer - STDOUT: [2025-05-07 02:33:43,428]  INFO - EventProcessorDeployer Execution plan is deployed successfully and in active state  : carbon.super_sub_DefaultSubscriptionless
08:03:46.568 [docker-java-stream--1999903578] INFO  o.w.a.t.DefaultAPIMContainer - STDOUT: [2025-05-07 02:33:44,268]  INFO - EventProcessorConfigurationFilesystemInvoker Execution plan: carbon.super_sub_AsyncGold saved in the filesystem
08:03:46.644 [docker-java-stream--1999903578] INFO  o.w.a.t.DefaultAPIMContainer - STDOUT: [2025-05-07 02:33:44,668]  INFO - EventJunction Producer added to the junction. Stream:org.wso2.throttle.globalThrottle.stream:1.0.0
08:03:46.704 [docker-java-stream--1999903578] INFO  o.w.a.t.DefaultAPIMContainer - STDOUT: [2025-05-07 02:33:44,669]  INFO - EventJunction Consumer added to the junction. Stream:org.wso2.throttle.processed.request.stream:1.0.0
08:03:46.771 [docker-java-stream--1999903578] INFO  o.w.a.t.DefaultAPIMContainer - STDOUT: [2025-05-07 02:33:44,669]  INFO - EventProcessorDeployer Execution plan is deployed successfully and in active state  : carbon.super_sub_AsyncGold
08:03:46.779 [docker-java-stream--1999903578] INFO  o.w.a.t.DefaultAPIMContainer - STDOUT: [2025-05-07 02:33:44,720]  INFO - EventProcessorConfigurationFilesystemInvoker Execution plan: carbon.super_sub_AsyncSilver saved in the filesystem
08:03:48.561 [docker-java-stream--1999903578] INFO  o.w.a.t.DefaultAPIMContainer - STDOUT: [2025-05-07 02:33:45,905]  INFO - EventJunction Producer added to the junction. Stream:org.wso2.throttle.globalThrottle.stream:1.0.0
08:03:48.566 [docker-java-stream--1999903578] INFO  o.w.a.t.DefaultAPIMContainer - STDOUT: [2025-05-07 02:33:45,926]  INFO - EventJunction Consumer added to the junction. Stream:org.wso2.throttle.processed.request.stream:1.0.0
08:03:48.585 [docker-java-stream--1999903578] INFO  o.w.a.t.DefaultAPIMContainer - STDOUT: [2025-05-07 02:33:45,926]  INFO - EventProcessorDeployer Execution plan is deployed successfully and in active state  : carbon.super_sub_AsyncSilver
08:03:48.594 [docker-java-stream--1999903578] INFO  o.w.a.t.DefaultAPIMContainer - STDOUT: [2025-05-07 02:33:46,293]  INFO - EventProcessorConfigurationFilesystemInvoker Execution plan: carbon.super_sub_AsyncBronze saved in the filesystem
08:03:49.470 [docker-java-stream--1999903578] INFO  o.w.a.t.DefaultAPIMContainer - STDOUT: [2025-05-07 02:33:47,495]  INFO - EventJunction Producer added to the junction. Stream:org.wso2.throttle.globalThrottle.stream:1.0.0
08:03:49.472 [docker-java-stream--1999903578] INFO  o.w.a.t.DefaultAPIMContainer - STDOUT: [2025-05-07 02:33:47,496]  INFO - EventJunction Consumer added to the junction. Stream:org.wso2.throttle.processed.request.stream:1.0.0
08:03:49.474 [docker-java-stream--1999903578] INFO  o.w.a.t.DefaultAPIMContainer - STDOUT: [2025-05-07 02:33:47,496]  INFO - EventProcessorDeployer Execution plan is deployed successfully and in active state  : carbon.super_sub_AsyncBronze
08:03:49.700 [docker-java-stream--1999903578] INFO  o.w.a.t.DefaultAPIMContainer - STDOUT: [2025-05-07 02:33:47,725]  INFO - EventProcessorConfigurationFilesystemInvoker Execution plan: carbon.super_sub_AsyncDefaultSubscriptionless saved in the filesystem
08:03:50.010 [docker-java-stream--1999903578] INFO  o.w.a.t.DefaultAPIMContainer - STDOUT: [2025-05-07 02:33:48,037]  INFO - EventJunction Producer added to the junction. Stream:org.wso2.throttle.globalThrottle.stream:1.0.0
08:03:50.018 [docker-java-stream--1999903578] INFO  o.w.a.t.DefaultAPIMContainer - STDOUT: [2025-05-07 02:33:48,041]  INFO - EventJunction Consumer added to the junction. Stream:org.wso2.throttle.processed.request.stream:1.0.0
08:03:50.020 [docker-java-stream--1999903578] INFO  o.w.a.t.DefaultAPIMContainer - STDOUT: [2025-05-07 02:33:48,041]  INFO - EventProcessorDeployer Execution plan is deployed successfully and in active state  : carbon.super_sub_AsyncDefaultSubscriptionless
08:03:50.542 [docker-java-stream--1999903578] INFO  o.w.a.t.DefaultAPIMContainer - STDOUT: [2025-05-07 02:33:48,567]  INFO - EventProcessorConfigurationFilesystemInvoker Execution plan: carbon.super_sub_AIGold saved in the filesystem
08:03:50.911 [docker-java-stream--1999903578] INFO  o.w.a.t.DefaultAPIMContainer - STDOUT: [2025-05-07 02:33:48,938]  INFO - EventJunction Producer added to the junction. Stream:org.wso2.throttle.globalThrottle.stream:1.0.0
08:03:50.914 [docker-java-stream--1999903578] INFO  o.w.a.t.DefaultAPIMContainer - STDOUT: [2025-05-07 02:33:48,941]  INFO - EventJunction Consumer added to the junction. Stream:org.wso2.throttle.processed.request.stream:1.0.0
08:03:50.916 [docker-java-stream--1999903578] INFO  o.w.a.t.DefaultAPIMContainer - STDOUT: [2025-05-07 02:33:48,943]  INFO - EventProcessorDeployer Execution plan is deployed successfully and in active state  : carbon.super_sub_AIGold
08:03:51.158 [docker-java-stream--1999903578] INFO  o.w.a.t.DefaultAPIMContainer - STDOUT: [2025-05-07 02:33:49,179]  INFO - EventProcessorConfigurationFilesystemInvoker Execution plan: carbon.super_sub_AISilver saved in the filesystem
08:03:51.767 [docker-java-stream--1999903578] INFO  o.w.a.t.DefaultAPIMContainer - STDOUT: [2025-05-07 02:33:49,793]  INFO - EventJunction Producer added to the junction. Stream:org.wso2.throttle.globalThrottle.stream:1.0.0
08:03:51.785 [docker-java-stream--1999903578] INFO  o.w.a.t.DefaultAPIMContainer - STDOUT: [2025-05-07 02:33:49,806]  INFO - EventJunction Consumer added to the junction. Stream:org.wso2.throttle.processed.request.stream:1.0.0
08:03:51.788 [docker-java-stream--1999903578] INFO  o.w.a.t.DefaultAPIMContainer - STDOUT: [2025-05-07 02:33:49,806]  INFO - EventProcessorDeployer Execution plan is deployed successfully and in active state  : carbon.super_sub_AISilver
08:03:52.230 [docker-java-stream--1999903578] INFO  o.w.a.t.DefaultAPIMContainer - STDOUT: [2025-05-07 02:33:50,250]  INFO - EventProcessorConfigurationFilesystemInvoker Execution plan: carbon.super_sub_AIBronze saved in the filesystem
08:03:52.650 [docker-java-stream--1999903578] INFO  o.w.a.t.DefaultAPIMContainer - STDOUT: [2025-05-07 02:33:50,676]  INFO - EventJunction Producer added to the junction. Stream:org.wso2.throttle.globalThrottle.stream:1.0.0
08:03:52.652 [docker-java-stream--1999903578] INFO  o.w.a.t.DefaultAPIMContainer - STDOUT: [2025-05-07 02:33:50,679]  INFO - EventJunction Consumer added to the junction. Stream:org.wso2.throttle.processed.request.stream:1.0.0
08:03:52.657 [docker-java-stream--1999903578] INFO  o.w.a.t.DefaultAPIMContainer - STDOUT: [2025-05-07 02:33:50,683]  INFO - EventProcessorDeployer Execution plan is deployed successfully and in active state  : carbon.super_sub_AIBronze
08:03:52.839 [docker-java-stream--1999903578] INFO  o.w.a.t.DefaultAPIMContainer - STDOUT: [2025-05-07 02:33:50,859]  INFO - EventProcessorConfigurationFilesystemInvoker Execution plan: carbon.super_sub_AsyncWHGold saved in the filesystem
08:03:53.441 [docker-java-stream--1999903578] INFO  o.w.a.t.DefaultAPIMContainer - STDOUT: [2025-05-07 02:33:51,465]  INFO - EventJunction Producer added to the junction. Stream:org.wso2.throttle.globalThrottle.stream:1.0.0
08:03:53.483 [docker-java-stream--1999903578] INFO  o.w.a.t.DefaultAPIMContainer - STDOUT: [2025-05-07 02:33:51,488]  INFO - EventJunction Consumer added to the junction. Stream:org.wso2.throttle.processed.request.stream:1.0.0
08:03:53.490 [docker-java-stream--1999903578] INFO  o.w.a.t.DefaultAPIMContainer - STDOUT: [2025-05-07 02:33:51,489]  INFO - EventProcessorDeployer Execution plan is deployed successfully and in active state  : carbon.super_sub_AsyncWHGold
08:03:53.717 [docker-java-stream--1999903578] INFO  o.w.a.t.DefaultAPIMContainer - STDOUT: [2025-05-07 02:33:51,743]  INFO - EventProcessorConfigurationFilesystemInvoker Execution plan: carbon.super_sub_AsyncWHSilver saved in the filesystem
08:03:54.272 [docker-java-stream--1999903578] INFO  o.w.a.t.DefaultAPIMContainer - STDOUT: [2025-05-07 02:33:52,297]  INFO - EventJunction Producer added to the junction. Stream:org.wso2.throttle.globalThrottle.stream:1.0.0
08:03:54.276 [docker-java-stream--1999903578] INFO  o.w.a.t.DefaultAPIMContainer - STDOUT: [2025-05-07 02:33:52,297]  INFO - EventJunction Consumer added to the junction. Stream:org.wso2.throttle.processed.request.stream:1.0.0
08:03:54.279 [docker-java-stream--1999903578] INFO  o.w.a.t.DefaultAPIMContainer - STDOUT: [2025-05-07 02:33:52,298]  INFO - EventProcessorDeployer Execution plan is deployed successfully and in active state  : carbon.super_sub_AsyncWHSilver
08:03:54.349 [docker-java-stream--1999903578] INFO  o.w.a.t.DefaultAPIMContainer - STDOUT: [2025-05-07 02:33:52,371]  INFO - EventProcessorConfigurationFilesystemInvoker Execution plan: carbon.super_sub_AsyncWHBronze saved in the filesystem
08:03:54.551 [docker-java-stream--1999903578] INFO  o.w.a.t.DefaultAPIMContainer - STDOUT: [2025-05-07 02:33:52,509]  INFO - EventJunction Producer added to the junction. Stream:org.wso2.throttle.globalThrottle.stream:1.0.0
08:03:54.552 [docker-java-stream--1999903578] INFO  o.w.a.t.DefaultAPIMContainer - STDOUT: [2025-05-07 02:33:52,510]  INFO - EventJunction Consumer added to the junction. Stream:org.wso2.throttle.processed.request.stream:1.0.0
08:03:54.555 [docker-java-stream--1999903578] INFO  o.w.a.t.DefaultAPIMContainer - STDOUT: [2025-05-07 02:33:52,510]  INFO - EventProcessorDeployer Execution plan is deployed successfully and in active state  : carbon.super_sub_AsyncWHBronze
08:03:54.618 [docker-java-stream--1999903578] INFO  o.w.a.t.DefaultAPIMContainer - STDOUT: [2025-05-07 02:33:52,644]  INFO - EventProcessorConfigurationFilesystemInvoker Execution plan: carbon.super_app_50PerMin saved in the filesystem
  &amp#27;[32mAnd &amp#27;[0m&amp#27;[32mI initialize the Publisher REST API client with username &amp#27;[0m&amp#27;[32m&amp#27;[1m"admin"&amp#27;[0m&amp#27;[32m, password &amp#27;[0m&amp#27;[32m&amp#27;[1m"admin"&amp#27;[0m&amp#27;[32m and tenant &amp#27;[0m&amp#27;[32m&amp#27;[1m"carbon.super"&amp#27;[0m&amp#27;[32m for container &amp#27;[0m&amp#27;[32m&amp#27;[1m"default"&amp#27;[0m &amp#27;[90m# org.wso2.am.integration.cucumbertests.stepdefinitions.PublisherStepDefinitions.i_initialize_publisher_client(java.lang.String,java.lang.String,java.lang.String,java.lang.String)&amp#27;[0m
08:03:54.884 [docker-java-stream--1999903578] INFO  o.w.a.t.DefaultAPIMContainer - STDOUT: [2025-05-07 02:33:52,909]  INFO - EventJunction Producer added to the junction. Stream:org.wso2.throttle.globalThrottle.stream:1.0.0
08:03:54.897 [docker-java-stream--1999903578] INFO  o.w.a.t.DefaultAPIMContainer - STDOUT: [2025-05-07 02:33:52,911]  INFO - EventJunction Consumer added to the junction. Stream:org.wso2.throttle.processed.request.stream:1.0.0
08:03:54.914 [docker-java-stream--1999903578] INFO  o.w.a.t.DefaultAPIMContainer - STDOUT: [2025-05-07 02:33:52,911]  INFO - EventProcessorDeployer Execution plan is deployed successfully and in active state  : carbon.super_app_50PerMin
08:03:54.935 [docker-java-stream--1999903578] INFO  o.w.a.t.DefaultAPIMContainer - STDOUT: [2025-05-07 02:33:52,957]  INFO - EventProcessorConfigurationFilesystemInvoker Execution plan: carbon.super_app_20PerMin saved in the filesystem
08:03:55.033 [docker-java-stream--1999903578] INFO  o.w.a.t.DefaultAPIMContainer - STDOUT: [2025-05-07 02:33:53,048]  INFO - EventJunction Producer added to the junction. Stream:org.wso2.throttle.globalThrottle.stream:1.0.0
08:03:55.076 [docker-java-stream--1999903578] INFO  o.w.a.t.DefaultAPIMContainer - STDOUT: [2025-05-07 02:33:53,049]  INFO - EventJunction Consumer added to the junction. Stream:org.wso2.throttle.processed.request.stream:1.0.0
08:03:55.078 [docker-java-stream--1999903578] INFO  o.w.a.t.DefaultAPIMContainer - STDOUT: [2025-05-07 02:33:53,049]  INFO - EventProcessorDeployer Execution plan is deployed successfully and in active state  : carbon.super_app_20PerMin
08:03:55.094 [docker-java-stream--1999903578] INFO  o.w.a.t.DefaultAPIMContainer - STDOUT: [2025-05-07 02:33:53,082]  INFO - EventProcessorConfigurationFilesystemInvoker Execution plan: carbon.super_app_10PerMin saved in the filesystem
08:03:55.147 [docker-java-stream--1999903578] INFO  o.w.a.t.DefaultAPIMContainer - STDOUT: [2025-05-07 02:33:53,168]  INFO - EventJunction Producer added to the junction. Stream:org.wso2.throttle.globalThrottle.stream:1.0.0
08:03:55.148 [docker-java-stream--1999903578] INFO  o.w.a.t.DefaultAPIMContainer - STDOUT: [2025-05-07 02:33:53,168]  INFO - EventJunction Consumer added to the junction. Stream:org.wso2.throttle.processed.request.stream:1.0.0
08:03:55.148 [docker-java-stream--1999903578] INFO  o.w.a.t.DefaultAPIMContainer - STDOUT: [2025-05-07 02:33:53,168]  INFO - EventProcessorDeployer Execution plan is deployed successfully and in active state  : carbon.super_app_10PerMin
08:03:55.238 [docker-java-stream--1999903578] INFO  o.w.a.t.DefaultAPIMContainer - STDOUT: [2025-05-07 02:33:53,262]  INFO - EventProcessorConfigurationFilesystemInvoker Execution plan: carbon.super_resource_50KPerMin_default saved in the filesystem
08:03:55.564 [docker-java-stream--1999903578] INFO  o.w.a.t.DefaultAPIMContainer - STDOUT: [2025-05-07 02:33:53,578]  INFO - EventJunction Producer added to the junction. Stream:org.wso2.throttle.globalThrottle.stream:1.1.0
08:03:55.564 [docker-java-stream--1999903578] INFO  o.w.a.t.DefaultAPIMContainer - STDOUT: [2025-05-07 02:33:53,578]  INFO - EventJunction Consumer added to the junction. Stream:org.wso2.throttle.processed.request.stream:1.0.0
08:03:55.565 [docker-java-stream--1999903578] INFO  o.w.a.t.DefaultAPIMContainer - STDOUT: [2025-05-07 02:33:53,579]  INFO - EventProcessorDeployer Execution plan is deployed successfully and in active state  : carbon.super_resource_50KPerMin_default
08:03:55.821 [docker-java-stream--1999903578] INFO  o.w.a.t.DefaultAPIMContainer - STDOUT: [2025-05-07 02:33:53,848]  INFO - EventProcessorConfigurationFilesystemInvoker Execution plan: carbon.super_resource_20KPerMin_default saved in the filesystem
08:03:56.353 [docker-java-stream--1999903578] INFO  o.w.a.t.DefaultAPIMContainer - STDOUT: [2025-05-07 02:33:54,377]  INFO - EventJunction Producer added to the junction. Stream:org.wso2.throttle.globalThrottle.stream:1.1.0
08:03:56.353 [docker-java-stream--1999903578] INFO  o.w.a.t.DefaultAPIMContainer - STDOUT: [2025-05-07 02:33:54,377]  INFO - EventJunction Consumer added to the junction. Stream:org.wso2.throttle.processed.request.stream:1.0.0
08:03:56.354 [docker-java-stream--1999903578] INFO  o.w.a.t.DefaultAPIMContainer - STDOUT: [2025-05-07 02:33:54,377]  INFO - EventProcessorDeployer Execution plan is deployed successfully and in active state  : carbon.super_resource_20KPerMin_default
08:03:56.844 [docker-java-stream--1999903578] INFO  o.w.a.t.DefaultAPIMContainer - STDOUT: [2025-05-07 02:33:54,869]  INFO - EventProcessorConfigurationFilesystemInvoker Execution plan: carbon.super_resource_10KPerMin_default saved in the filesystem
08:03:57.253 [docker-java-stream--1999903578] INFO  o.w.a.t.DefaultAPIMContainer - STDOUT: [2025-05-07 02:33:55,280]  INFO - CarbonUIServiceComponent Mgt Console URL  : https://localhost:9443/carbon/
08:03:57.266 [docker-java-stream--1999903578] INFO  o.w.a.t.DefaultAPIMContainer - STDOUT: [2025-05-07 02:33:55,292]  INFO - CarbonUIServiceComponent API Developer Portal Default Context : https://localhost:9443/devportal
08:03:57.267 [docker-java-stream--1999903578] INFO  o.w.a.t.DefaultAPIMContainer - STDOUT: [2025-05-07 02:33:55,292]  INFO - CarbonUIServiceComponent API Publisher Default Context : https://localhost:9443/publisher
08:03:57.286 [docker-java-stream--1999903578] INFO  o.w.a.t.DefaultAPIMContainer - STDOUT: [2025-05-07 02:33:55,308]  INFO - EventJunction Producer added to the junction. Stream:org.wso2.throttle.globalThrottle.stream:1.1.0
08:03:57.290 [docker-java-stream--1999903578] INFO  o.w.a.t.DefaultAPIMContainer - STDOUT: [2025-05-07 02:33:55,315]  INFO - EventJunction Consumer added to the junction. Stream:org.wso2.throttle.processed.request.stream:1.0.0
08:03:57.298 [docker-java-stream--1999903578] INFO  o.w.a.t.DefaultAPIMContainer - STDOUT: [2025-05-07 02:33:55,315]  INFO - EventProcessorDeployer Execution plan is deployed successfully and in active state  : carbon.super_resource_10KPerMin_default
  &amp#27;[32mAnd &amp#27;[0m&amp#27;[32mI initialize the Store REST API client with username &amp#27;[0m&amp#27;[32m&amp#27;[1m"admin"&amp#27;[0m&amp#27;[32m, password &amp#27;[0m&amp#27;[32m&amp#27;[1m"admin"&amp#27;[0m&amp#27;[32m and tenant &amp#27;[0m&amp#27;[32m&amp#27;[1m"carbon.super"&amp#27;[0m&amp#27;[32m for container &amp#27;[0m&amp#27;[32m&amp#27;[1m"default"&amp#27;[0m     &amp#27;[90m# org.wso2.am.integration.cucumbertests.stepdefinitions.StoreStepDefinitions.i_initialize_store_client(java.lang.String,java.lang.String,java.lang.String,java.lang.String)&amp#27;[0m
  &amp#27;[32mWhen &amp#27;[0m&amp#27;[32mI create an API with name &amp#27;[0m&amp#27;[32m&amp#27;[1m"JaxrsAPI"&amp#27;[0m&amp#27;[32m, context &amp#27;[0m&amp#27;[32m&amp#27;[1m"/jaxrs"&amp#27;[0m&amp#27;[32m and version &amp#27;[0m&amp#27;[32m&amp#27;[1m"1.0.0"&amp#27;[0m                                                          &amp#27;[90m# org.wso2.am.integration.cucumbertests.stepdefinitions.PublisherStepDefinitions.i_create_customer_service_api(java.lang.String,java.lang.String,java.lang.String)&amp#27;[0m
  &amp#27;[32mAnd &amp#27;[0m&amp#27;[32mI add &amp#27;[0m&amp#27;[32m&amp#27;[1m"/customers/{id}"&amp#27;[0m&amp#27;[32m operation without any scopes to the created API with id &amp#27;[0m&amp#27;[32m&amp#27;[1m"<createdApiId>"&amp#27;[0m                                     &amp#27;[90m# org.wso2.am.integration.cucumbertests.stepdefinitions.PublisherStepDefinitions.i_add_operation_without_scopes_to_api(java.lang.String,java.lang.String)&amp#27;[0m
--> GET https://localhost:32855/api/am/gateway/v2/apis/9c5014d4-6e84-4ef2-a3a3-bcd7db9fe5d8?tenantDomain=carbon.super HTTP/1.1
Accept: application/json
Authorization: Basic YWRtaW46YWRtaW4=
User-Agent: Swagger-Codegen/1.0.0/java
--> END GET
<-- HTTP/1.1 200  (4594ms)
X-WSO2-TraceId: 39197c8a-4d09-4d92-bb9b-acdd94a5da34
Date: Wed, 07 May 2025 02:34:25 GMT
Content-Type: application/json
Content-Length: 387
Keep-Alive: timeout=60
Connection: keep-alive
Server: WSO2 Carbon Server
OkHttp-Sent-Millis: 1746585265291
OkHttp-Received-Millis: 1746585269746

{"apiUUID":"9c5014d4-6e84-4ef2-a3a3-bcd7db9fe5d8","apiId":1,"provider":"admin","name":"JaxrsAPI","version":null,"context":"/jaxrs/1.0.0","policy":null,"apiType":"HTTP","isDefaultVersion":true,"status":"CREATED","urlMappings":[{"authScheme":"Application & Application User","throttlingPolicy":"Unlimited","httpMethod":"GET","urlPattern":"/customers/{id}","scopes":[]}],"subscripitons":[]}
<-- END HTTP (387-byte body)
08:04:31.327 [docker-java-stream--1999903578] INFO  o.w.a.t.DefaultAPIMContainer - STDOUT: [2025-05-07 02:34:29,353]  INFO - CommonUtil Creation of folder is successful. Directory Name : JaxrsAPI-1.0.0
08:04:31.334 [docker-java-stream--1999903578] INFO  o.w.a.t.DefaultAPIMContainer - STDOUT: [2025-05-07 02:34:29,359]  INFO - CommonUtil Creation of folder is successful. Directory Name : Definitions
08:04:33.460 [docker-java-stream--1999903578] INFO  o.w.a.t.DefaultAPIMContainer - STDOUT: [2025-05-07 02:34:31,459]  INFO - DependencyTracker Local entry : 9c5014d4-6e84-4ef2-a3a3-bcd7db9fe5d8 was added to the Synapse configuration successfully
08:04:33.462 [docker-java-stream--1999903578] INFO  o.w.a.t.DefaultAPIMContainer - STDOUT: [2025-05-07 02:34:31,474]  INFO - DependencyTracker Endpoint : JaxrsAPI--v1.0.0_APIproductionEndpoint was added to the Synapse configuration successfully
08:04:33.465 [docker-java-stream--1999903578] INFO  o.w.a.t.DefaultAPIMContainer - STDOUT: [2025-05-07 02:34:31,480]  INFO - DependencyTracker Endpoint : JaxrsAPI--v1.0.0_APIsandboxEndpoint was added to the Synapse configuration successfully
08:04:34.373 [docker-java-stream--1999903578] INFO  o.w.a.t.DefaultAPIMContainer - STDOUT: [2025-05-07 02:34:32,396]  INFO - API {api:JaxrsAPI:v1.0.0} Initializing API: JaxrsAPI:v1.0.0
08:04:34.490 [docker-java-stream--1999903578] INFO  o.w.a.t.DefaultAPIMContainer - STDOUT: [2025-05-07 02:34:32,492]  INFO - DependencyTracker API : JaxrsAPI:v1.0.0 was added to the Synapse configuration successfully
  &amp#27;[32mAnd &amp#27;[0m&amp#27;[32mI deploy a revision of the API with id &amp#27;[0m&amp#27;[32m&amp#27;[1m"<createdApiId>"&amp#27;[0m                                                                              &amp#27;[90m# org.wso2.am.integration.cucumbertests.stepdefinitions.PublisherStepDefinitions.i_deploy_revision(java.lang.String)&amp#27;[0m
  &amp#27;[32mThen &amp#27;[0m&amp#27;[32mI should be able to retrieve the API with id &amp#27;[0m&amp#27;[32m&amp#27;[1m"<createdApiId>"&amp#27;[0m                                                                       &amp#27;[90m# org.wso2.am.integration.cucumbertests.stepdefinitions.PublisherStepDefinitions.i_should_be_able_to_retrieve_the_api(java.lang.String)&amp#27;[0m
  &amp#27;[32mWhen &amp#27;[0m&amp#27;[32mI publish the API with id &amp#27;[0m&amp#27;[32m&amp#27;[1m"<createdApiId>"&amp#27;[0m                                                                                          &amp#27;[90m# org.wso2.am.integration.cucumbertests.stepdefinitions.PublisherStepDefinitions.i_publish_the_api(java.lang.String)&amp#27;[0m
  &amp#27;[32mThen &amp#27;[0m&amp#27;[32mThe lifecycle status of API &amp#27;[0m&amp#27;[32m&amp#27;[1m"<createdApiId>"&amp#27;[0m&amp#27;[32m should be &amp#27;[0m&amp#27;[32m&amp#27;[1m"Published"&amp#27;[0m                                                                  &amp#27;[90m# org.wso2.am.integration.cucumbertests.stepdefinitions.PublisherStepDefinitions.the_lifecycle_status_should_be(java.lang.String,java.lang.String)&amp#27;[0m
--> GET https://localhost:32855/api/am/gateway/v2/applications?uuid=002600a6-d1c7-4a9f-941a-a482b91eb781&tenantDomain=carbon.super HTTP/1.1
Accept: application/json
Authorization: Basic YWRtaW46YWRtaW4=
User-Agent: Swagger-Codegen/1.0.0/java
--> END GET
<-- HTTP/1.1 200  (720ms)
X-WSO2-TraceId: 01a6a05f-1972-4cbf-99a9-49588d66020f
Date: Wed, 07 May 2025 02:34:50 GMT
Content-Type: application/json
Content-Length: 180
Keep-Alive: timeout=60
Connection: keep-alive
Server: WSO2 Carbon Server
OkHttp-Sent-Millis: 1746585292559
OkHttp-Received-Millis: 1746585293273

{"count":1,"list":[{"uuid":"002600a6-d1c7-4a9f-941a-a482b91eb781","id":2,"name":"Application1","subName":"admin","policy":"Unlimited","tokenType":"JWT","attributes":{},"keys":[]}]}
<-- END HTTP (180-byte body)
  &amp#27;[32mWhen &amp#27;[0m&amp#27;[32mI create an application named &amp#27;[0m&amp#27;[32m&amp#27;[1m"CustomerApp"&amp#27;[0m&amp#27;[32m with throttling tier &amp#27;[0m&amp#27;[32m&amp#27;[1m"Unlimited"&amp#27;[0m                                                        &amp#27;[90m# org.wso2.am.integration.cucumbertests.stepdefinitions.StoreStepDefinitions.i_create_application(java.lang.String,java.lang.String)&amp#27;[0m
  &amp#27;[32mThen &amp#27;[0m&amp#27;[32mI should be able to retrieve the application with id &amp#27;[0m&amp#27;[32m&amp#27;[1m"<createdAppId>"&amp#27;[0m                                                               &amp#27;[90m# org.wso2.am.integration.cucumbertests.stepdefinitions.StoreStepDefinitions.i_should_be_able_to_retrieve_application(java.lang.String)&amp#27;[0m
--> GET https://localhost:32855/api/am/gateway/v2/subscriptions?apiUUID=9c5014d4-6e84-4ef2-a3a3-bcd7db9fe5d8&appUUID=002600a6-d1c7-4a9f-941a-a482b91eb781&tenantDomain=carbon.super HTTP/1.1
Accept: application/json
Authorization: Basic YWRtaW46YWRtaW4=
User-Agent: Swagger-Codegen/1.0.0/java
--> END GET
<-- HTTP/1.1 200  (215ms)
X-WSO2-TraceId: a26c93c3-e5f4-40c6-a0df-5be664776aed
Date: Wed, 07 May 2025 02:34:53 GMT
Content-Type: application/json
Content-Length: 92
Keep-Alive: timeout=60
Connection: keep-alive
Server: WSO2 Carbon Server
OkHttp-Sent-Millis: 1746585295168
OkHttp-Received-Millis: 1746585295383

{"subscriptionId":1,"policyId":"Bronze","apiId":1,"appId":2,"subscriptionState":"UNBLOCKED"}
<-- END HTTP (92-byte body)
  &amp#27;[32mWhen &amp#27;[0m&amp#27;[32mI subscribe to API &amp#27;[0m&amp#27;[32m&amp#27;[1m"<createdApiId>"&amp#27;[0m&amp#27;[32m using application &amp#27;[0m&amp#27;[32m&amp#27;[1m"<createdAppId>"&amp#27;[0m&amp#27;[32m with throttling policy &amp#27;[0m&amp#27;[32m&amp#27;[1m"Bronze"&amp#27;[0m                              &amp#27;[90m# org.wso2.am.integration.cucumbertests.stepdefinitions.StoreStepDefinitions.i_subscribe_to_api(java.lang.String,java.lang.String,java.lang.String)&amp#27;[0m
  &amp#27;[32mThen &amp#27;[0m&amp#27;[32mI should be able to retrieve the subscription for Api &amp#27;[0m&amp#27;[32m&amp#27;[1m"<createdApiId>"&amp#27;[0m&amp#27;[32m by Application &amp#27;[0m&amp#27;[32m&amp#27;[1m"<createdAppId>"&amp#27;[0m                              &amp#27;[90m# org.wso2.am.integration.cucumbertests.stepdefinitions.StoreStepDefinitions.i_should_be_able_to_retrieve_subscription(java.lang.String,java.lang.String)&amp#27;[0m
--> GET https://localhost:32855/api/am/gateway/v2/applications?uuid=002600a6-d1c7-4a9f-941a-a482b91eb781&tenantDomain=carbon.super HTTP/1.1
Accept: application/json
Authorization: Basic YWRtaW46YWRtaW4=
User-Agent: Swagger-Codegen/1.0.0/java
--> END GET
<-- HTTP/1.1 200  (150ms)
X-WSO2-TraceId: 3269045c-2afa-47e9-9d27-26d4b6c962bb
Date: Wed, 07 May 2025 02:34:58 GMT
Content-Type: application/json
Content-Length: 180
Keep-Alive: timeout=60
Connection: keep-alive
Server: WSO2 Carbon Server
OkHttp-Sent-Millis: 1746585299952
OkHttp-Received-Millis: 1746585300102

{"count":1,"list":[{"uuid":"002600a6-d1c7-4a9f-941a-a482b91eb781","id":2,"name":"Application1","subName":"admin","policy":"Unlimited","tokenType":"JWT","attributes":{},"keys":[]}]}
<-- END HTTP (180-byte body)
--> GET https://localhost:32855/api/am/gateway/v2/applications?uuid=002600a6-d1c7-4a9f-941a-a482b91eb781&tenantDomain=carbon.super HTTP/1.1
Accept: application/json
Authorization: Basic YWRtaW46YWRtaW4=
User-Agent: Swagger-Codegen/1.0.0/java
--> END GET
<-- HTTP/1.1 200  (55ms)
X-WSO2-TraceId: 9e96bd3a-28a4-4c3e-b031-afaf8f517182
Date: Wed, 07 May 2025 02:34:58 GMT
Content-Type: application/json
Content-Length: 180
Keep-Alive: timeout=60
Connection: keep-alive
Server: WSO2 Carbon Server
OkHttp-Sent-Millis: 1746585300605
OkHttp-Received-Millis: 1746585300660

{"count":1,"list":[{"uuid":"002600a6-d1c7-4a9f-941a-a482b91eb781","id":2,"name":"Application1","subName":"admin","policy":"Unlimited","tokenType":"JWT","attributes":{},"keys":[]}]}
<-- END HTTP (180-byte body)
--> GET https://localhost:32855/api/am/gateway/v2/applications?uuid=002600a6-d1c7-4a9f-941a-a482b91eb781&tenantDomain=carbon.super HTTP/1.1
Accept: application/json
Authorization: Basic YWRtaW46YWRtaW4=
User-Agent: Swagger-Codegen/1.0.0/java
--> END GET
<-- HTTP/1.1 200  (84ms)
X-WSO2-TraceId: 8313390e-573e-4273-9772-27865c35860d
Date: Wed, 07 May 2025 02:34:59 GMT
Content-Type: application/json
Content-Length: 180
Keep-Alive: timeout=60
Connection: keep-alive
Server: WSO2 Carbon Server
OkHttp-Sent-Millis: 1746585301163
OkHttp-Received-Millis: 1746585301247

{"count":1,"list":[{"uuid":"002600a6-d1c7-4a9f-941a-a482b91eb781","id":2,"name":"Application1","subName":"admin","policy":"Unlimited","tokenType":"JWT","attributes":{},"keys":[]}]}
<-- END HTTP (180-byte body)
--> GET https://localhost:32855/api/am/gateway/v2/applications?uuid=002600a6-d1c7-4a9f-941a-a482b91eb781&tenantDomain=carbon.super HTTP/1.1
Accept: application/json
Authorization: Basic YWRtaW46YWRtaW4=
User-Agent: Swagger-Codegen/1.0.0/java
--> END GET
<-- HTTP/1.1 200  (76ms)
X-WSO2-TraceId: b4576e21-59f8-429e-8bdb-b3a958a18f48
Date: Wed, 07 May 2025 02:34:59 GMT
Content-Type: application/json
Content-Length: 285
Keep-Alive: timeout=60
Connection: keep-alive
Server: WSO2 Carbon Server
OkHttp-Sent-Millis: 1746585301750
OkHttp-Received-Millis: 1746585301826

{"count":1,"list":[{"uuid":"002600a6-d1c7-4a9f-941a-a482b91eb781","id":2,"name":"Application1","subName":"admin","policy":"Unlimited","tokenType":"JWT","attributes":{},"keys":[{"consumerKey":"po7icHTkgIItBkj7DLdof5SEXWca","keyType":"PRODUCTION","keyManager":"Resident Key Manager"}]}]}
<-- END HTTP (285-byte body)
  &amp#27;[32mWhen &amp#27;[0m&amp#27;[32mI generate client credentials for application id &amp#27;[0m&amp#27;[32m&amp#27;[1m"<createdAppId>"&amp#27;[0m&amp#27;[32m with key type &amp#27;[0m&amp#27;[32m&amp#27;[1m"PRODUCTION"&amp#27;[0m                                        &amp#27;[90m# org.wso2.am.integration.cucumbertests.stepdefinitions.StoreStepDefinitions.i_generate_client_credentials(java.lang.String,java.lang.String)&amp#27;[0m
org.wso2.carbon.automation.test.utils.http.client.HttpResponse@234cd86c
  &amp#27;[32mAnd &amp#27;[0m&amp#27;[32mI request an access token using grant type &amp#27;[0m&amp#27;[32m&amp#27;[1m"client_credentials"&amp#27;[0m&amp#27;[32m without any scope&amp#27;[0m                                                    &amp#27;[90m# org.wso2.am.integration.cucumbertests.stepdefinitions.StoreStepDefinitions.i_request_access_token(java.lang.String)&amp#27;[0m
08:05:03.234 [docker-java-stream--1999903578] INFO  o.w.a.t.DefaultAPIMContainer - STDOUT: [2025-05-07 02:35:01,251]  WARN - AccessConfiguration Error loading properties from file: access-log.properties
08:05:03.243 [docker-java-stream--1999903578] INFO  o.w.a.t.DefaultAPIMContainer - STDOUT: [2025-05-07 02:35:01,266]  WARN - MiscellaneousUtil Error loading properties from a file at from the System defined location: access-log.properties
08:05:03.261 [docker-java-stream--1999903578] INFO  o.w.a.t.DefaultAPIMContainer - STDOUT: [2025-05-07 02:35:01,288]  WARN - MiscellaneousUtil Error loading properties from a file at from the System defined location: access-log.properties
08:05:03.707 [docker-java-stream--1999903578] INFO  o.w.a.t.DefaultAPIMContainer - STDOUT: [2025-05-07 02:35:01,734]  INFO - JMSConnectionFactory JMS ConnectionFactory : tokenRevocationJMSPublisher initialized
08:05:04.991 [docker-java-stream--1999903578] INFO  o.w.a.t.DefaultAPIMContainer - STDOUT: [2025-05-07 02:35:03,018]  INFO - DefaultKeyValidationHandler org.wso2.carbon.apimgt.keymgt.handlers.DefaultKeyValidationHandler Initialised
08:05:05.138 [docker-java-stream--1999903578] INFO  o.w.a.t.DefaultAPIMContainer - STDOUT: [2025-05-07 02:35:03,162]  INFO - JMSConnectionFactory JMS ConnectionFactory : jmsEventPublisher initialized
08:05:05.367 [docker-java-stream--1999903578] INFO  o.w.a.t.DefaultAPIMContainer - STDOUT: [2025-05-07 02:35:03,394]  INFO - TimeoutHandler This engine will expire all callbacks after GLOBAL_TIMEOUT: 120 seconds, irrespective of the timeout action, after the specified or optional timeout
08:05:05.553 [docker-java-stream-264831773] INFO  o.w.am.testcontainers.NodeAppServer - STDOUT: ----invoking getCustomer, Customer id is: 123
  &amp#27;[32mAnd &amp#27;[0m&amp#27;[32mI invoke API of ID &amp#27;[0m&amp#27;[32m&amp#27;[1m"<createdApiId>"&amp#27;[0m&amp#27;[32m with path &amp#27;[0m&amp#27;[32m&amp#27;[1m"/customers/123/"&amp#27;[0m&amp#27;[32m and method GET using access token &amp#27;[0m&amp#27;[32m&amp#27;[1m"<generatedAccessToken>"&amp#27;[0m           &amp#27;[90m# org.wso2.am.integration.cucumbertests.stepdefinitions.APIInvocationStepDefinitions.i_invoke_api_with_accessToken(java.lang.String,java.lang.String,java.lang.String)&amp#27;[0m
  &amp#27;[32mThen &amp#27;[0m&amp#27;[32mthe API response status should be &amp#27;[0m&amp#27;[32m&amp#27;[1m200&amp#27;[0m                                                                                               &amp#27;[90m# org.wso2.am.integration.cucumbertests.stepdefinitions.APIInvocationStepDefinitions.the_api_response_status_should_be(int)&amp#27;[0m
]]></system-out>
    <system-err><![CDATA[&amp#27;[32m&amp#27;[1m┌───────────────────────────────────────────────────────────────────────────────────┐&amp#27;[0m
&amp#27;[32m&amp#27;[1m│&amp#27;[0m Share your Cucumber Report with your team at &amp#27;[36m&amp#27;[1m&amp#27;[4mhttps://reports.cucumber.io&amp#27;[0m          &amp#27;[32m&amp#27;[1m│&amp#27;[0m
&amp#27;[32m&amp#27;[1m│&amp#27;[0m Activate publishing with one of the following:                                    &amp#27;[32m&amp#27;[1m│&amp#27;[0m
&amp#27;[32m&amp#27;[1m│&amp#27;[0m                                                                                   &amp#27;[32m&amp#27;[1m│&amp#27;[0m
&amp#27;[32m&amp#27;[1m│&amp#27;[0m src/test/resources/cucumber.properties:          &amp#27;[36mcucumber.publish.enabled&amp#27;[0m=&amp#27;[36mtrue&amp#27;[0m    &amp#27;[32m&amp#27;[1m│&amp#27;[0m
&amp#27;[32m&amp#27;[1m│&amp#27;[0m src/test/resources/junit-platform.properties:    &amp#27;[36mcucumber.publish.enabled&amp#27;[0m=&amp#27;[36mtrue&amp#27;[0m    &amp#27;[32m&amp#27;[1m│&amp#27;[0m
&amp#27;[32m&amp#27;[1m│&amp#27;[0m Environment variable:                            &amp#27;[36mCUCUMBER_PUBLISH_ENABLED&amp#27;[0m=&amp#27;[36mtrue&amp#27;[0m    &amp#27;[32m&amp#27;[1m│&amp#27;[0m
&amp#27;[32m&amp#27;[1m│&amp#27;[0m JUnit:                                           &amp#27;[36m@CucumberOptions&amp#27;[0m(publish = &amp#27;[36mtrue&amp#27;[0m) &amp#27;[32m&amp#27;[1m│&amp#27;[0m
&amp#27;[32m&amp#27;[1m│&amp#27;[0m                                                                                   &amp#27;[32m&amp#27;[1m│&amp#27;[0m
&amp#27;[32m&amp#27;[1m│&amp#27;[0m More information at &amp#27;[36mhttps://cucumber.io/docs/cucumber/environment-variables/&amp#27;[0m      &amp#27;[32m&amp#27;[1m│&amp#27;[0m
&amp#27;[32m&amp#27;[1m│&amp#27;[0m                                                                                   &amp#27;[32m&amp#27;[1m│&amp#27;[0m
&amp#27;[32m&amp#27;[1m│&amp#27;[0m Disable this message with one of the following:                                   &amp#27;[32m&amp#27;[1m│&amp#27;[0m
&amp#27;[32m&amp#27;[1m│&amp#27;[0m                                                                                   &amp#27;[32m&amp#27;[1m│&amp#27;[0m
&amp#27;[32m&amp#27;[1m│&amp#27;[0m src/test/resources/cucumber.properties:          &amp#27;[36mcucumber.publish.quiet&amp#27;[0m=&amp#27;[36mtrue&amp#27;[0m      &amp#27;[32m&amp#27;[1m│&amp#27;[0m
&amp#27;[32m&amp#27;[1m│&amp#27;[0m src/test/resources/junit-platform.properties:    &amp#27;[36mcucumber.publish.quiet&amp#27;[0m=&amp#27;[36mtrue&amp#27;[0m      &amp#27;[32m&amp#27;[1m│&amp#27;[0m
&amp#27;[32m&amp#27;[1m└───────────────────────────────────────────────────────────────────────────────────┘&amp#27;[0m
May 07, 2025 8:03:57 AM okhttp3.internal.platform.Platform log
INFO: --> POST https://localhost:32855/api/am/publisher/v4/apis?openAPIVersion=v3
May 07, 2025 8:03:57 AM okhttp3.internal.platform.Platform log
INFO: Content-Length: 1053
May 07, 2025 8:03:57 AM okhttp3.internal.platform.Platform log
INFO: Accept: application/json
May 07, 2025 8:03:57 AM okhttp3.internal.platform.Platform log
INFO: Content-Type: application/json
May 07, 2025 8:03:57 AM okhttp3.internal.platform.Platform log
INFO: Authorization: Bearer 204561bf-1c1e-366b-a15b-e0646e9b2334
May 07, 2025 8:03:57 AM okhttp3.internal.platform.Platform log
INFO: activityID: 
May 07, 2025 8:03:57 AM okhttp3.internal.platform.Platform log
INFO: User-Agent: OpenAPI-Generator/v4/java
May 07, 2025 8:03:57 AM okhttp3.internal.platform.Platform log
INFO: 
May 07, 2025 8:03:57 AM okhttp3.internal.platform.Platform log
INFO: {"name":"JaxrsAPI","description":"JAX-RS CustomerService API created for integration testing.","context":"/jaxrs","version":"1.0.0","provider":"admin","cacheTimeout":100,"isDefaultVersion":true,"type":"HTTP","transport":["http","https"],"tags":["customer","order","service"],"policies":["Gold","Bronze"],"securityScheme":["oauth2","api_key"],"visibility":"PUBLIC","subscriptionAvailability":"CURRENT_TENANT","accessControl":"NONE","businessInformation":{},"corsConfiguration":{"corsConfigurationEnabled":false,"accessControlAllowCredentials":false},"endpointConfig":{"endpoint_type":"http","sandbox_endpoints":{"template_not_supported":false,"url":"http://nodebackend:8080/jaxrs_basic/services/customers/customerservice/"},"production_endpoints":{"template_not_supported":false,"url":"http://nodebackend:8080/jaxrs_basic/services/customers/customerservice/"}},"endpointImplementationType":"ENDPOINT","operations":[{"target":"/*","verb":"GET","authType":"Application \u0026 Application User","throttlingPolicy":"Unlimited"}],"gatewayType":"wso2/synapse"}
May 07, 2025 8:03:57 AM okhttp3.internal.platform.Platform log
INFO: --> END POST (1053-byte body)
May 07, 2025 8:04:14 AM okhttp3.internal.platform.Platform log
INFO: <-- 201 https://localhost:32855/api/am/publisher/v4/apis?openAPIVersion=v3 (16507ms)
May 07, 2025 8:04:14 AM okhttp3.internal.platform.Platform log
INFO: X-WSO2-TraceId: d42c3a56-c665-47e8-851b-a247c8b983cf
May 07, 2025 8:04:14 AM okhttp3.internal.platform.Platform log
INFO: Location: https://localhost:32855/api/am/publisher/apis/9c5014d4-6e84-4ef2-a3a3-bcd7db9fe5d8
May 07, 2025 8:04:14 AM okhttp3.internal.platform.Platform log
INFO: X-Content-Type-Options: nosniff
May 07, 2025 8:04:14 AM okhttp3.internal.platform.Platform log
INFO: X-XSS-Protection: 1; mode=block
May 07, 2025 8:04:14 AM okhttp3.internal.platform.Platform log
INFO: Date: Wed, 07 May 2025 02:34:11 GMT
May 07, 2025 8:04:14 AM okhttp3.internal.platform.Platform log
INFO: Vary: Accept-Encoding
May 07, 2025 8:04:14 AM okhttp3.internal.platform.Platform log
INFO: Content-Type: application/json
May 07, 2025 8:04:14 AM okhttp3.internal.platform.Platform log
INFO: Transfer-Encoding: chunked
May 07, 2025 8:04:14 AM okhttp3.internal.platform.Platform log
INFO: Keep-Alive: timeout=60
May 07, 2025 8:04:14 AM okhttp3.internal.platform.Platform log
INFO: Connection: keep-alive
May 07, 2025 8:04:14 AM okhttp3.internal.platform.Platform log
INFO: Server: WSO2 Carbon Server
May 07, 2025 8:04:14 AM okhttp3.internal.platform.Platform log
INFO: 
May 07, 2025 8:04:14 AM okhttp3.internal.platform.Platform log
INFO: {"id":"9c5014d4-6e84-4ef2-a3a3-bcd7db9fe5d8","name":"JaxrsAPI","description":"JAX-RS CustomerService API created for integration testing.","context":"/jaxrs","version":"1.0.0","provider":"admin","lifeCycleStatus":"CREATED","wsdlInfo":null,"wsdlUrl":null,"responseCachingEnabled":false,"cacheTimeout":100,"hasThumbnail":false,"isDefaultVersion":true,"isRevision":false,"revisionedApiId":null,"revisionId":0,"enableSchemaValidation":false,"enableSubscriberVerification":false,"type":"HTTP","audience":null,"audiences":["all"],"transport":["http","https"],"tags":["service","customer","order"],"policies":["Bronze","Gold"],"organizationPolicies":[],"apiThrottlingPolicy":null,"authorizationHeader":"Authorization","apiKeyHeader":"ApiKey","securityScheme":["api_key","oauth_basic_auth_api_key_mandatory","oauth2"],"maxTps":null,"visibility":"PUBLIC","visibleRoles":[""],"visibleTenants":[],"visibleOrganizations":["carbon.super"],"mediationPolicies":[],"apiPolicies":null,"subscriptionAvailability":"CURRENT_TENANT","subscriptionAvailableTenants":[""],"additionalProperties":[],"additionalPropertiesMap":{},"monetization":null,"accessControl":"NONE","accessControlRoles":[],"businessInformation":{"businessOwner":null,"businessOwnerEmail":null,"technicalOwner":null,"technicalOwnerEmail":null},"corsConfiguration":{"corsConfigurationEnabled":false,"accessControlAllowOrigins":[],"accessControlAllowCredentials":false,"accessControlAllowHeaders":[],"accessControlAllowMethods":[]},"websubSubscriptionConfiguration":{"enable":false,"secret":"","signingAlgorithm":"SHA1","signatureHeader":"x-hub-signature"},"workflowStatus":null,"createdTime":"1746585250730","lastUpdatedTimestamp":null,"lastUpdatedTime":null,"endpointConfig":{"endpoint_type":"http","sandbox_endpoints":{"template_not_supported":false,"url":"http://nodebackend:8080/jaxrs_basic/services/customers/customerservice/"},"production_endpoints":{"template_not_supported":false,"url":"http://nodebackend:8080/jaxrs_basic/services/customers/customerservice/"}},"primaryProductionEndpointId":null,"primarySandboxEndpointId":null,"endpointImplementationType":"ENDPOINT","subtypeConfiguration":{"subtype":"DEFAULT","configuration":null},"scopes":[],"operations":[{"id":"","target":"/*","verb":"GET","authType":"Application & Application User","throttlingPolicy":"Unlimited","scopes":[],"usedProductIds":[],"amznResourceName":null,"amznResourceTimeout":null,"amznResourceContentEncode":null,"payloadSchema":null,"uriMapping":null,"operationPolicies":{"request":[],"response":[],"fault":[]}}],"threatProtectionPolicies":null,"categories":[],"keyManagers":["all"],"serviceInfo":null,"advertiseInfo":{"advertised":false,"apiExternalProductionEndpoint":null,"apiExternalSandboxEndpoint":null,"originalDevPortalUrl":null,"apiOwner":"admin","vendor":"WSO2"},"gatewayVendor":"wso2","gatewayType":"wso2/synapse","asyncTransportProtocols":[""],"egress":false}
May 07, 2025 8:04:14 AM okhttp3.internal.platform.Platform log
INFO: <-- END HTTP (2900-byte body)
May 07, 2025 8:04:14 AM okhttp3.internal.platform.Platform log
INFO: --> GET https://localhost:32855/api/am/publisher/v4/apis/9c5014d4-6e84-4ef2-a3a3-bcd7db9fe5d8
May 07, 2025 8:04:14 AM okhttp3.internal.platform.Platform log
INFO: Accept: application/json
May 07, 2025 8:04:14 AM okhttp3.internal.platform.Platform log
INFO: Content-Type: application/json
May 07, 2025 8:04:14 AM okhttp3.internal.platform.Platform log
INFO: Authorization: Bearer 204561bf-1c1e-366b-a15b-e0646e9b2334
May 07, 2025 8:04:14 AM okhttp3.internal.platform.Platform log
INFO: activityID: 
May 07, 2025 8:04:14 AM okhttp3.internal.platform.Platform log
INFO: User-Agent: OpenAPI-Generator/v4/java
May 07, 2025 8:04:14 AM okhttp3.internal.platform.Platform log
INFO: --> END GET
May 07, 2025 8:04:15 AM okhttp3.internal.platform.Platform log
INFO: <-- 200 https://localhost:32855/api/am/publisher/v4/apis/9c5014d4-6e84-4ef2-a3a3-bcd7db9fe5d8 (976ms)
May 07, 2025 8:04:15 AM okhttp3.internal.platform.Platform log
INFO: X-WSO2-TraceId: b072480c-09af-4a3b-8fa7-ba580e5fd95a
May 07, 2025 8:04:15 AM okhttp3.internal.platform.Platform log
INFO: X-Content-Type-Options: nosniff
May 07, 2025 8:04:15 AM okhttp3.internal.platform.Platform log
INFO: X-XSS-Protection: 1; mode=block
May 07, 2025 8:04:15 AM okhttp3.internal.platform.Platform log
INFO: Date: Wed, 07 May 2025 02:34:13 GMT
May 07, 2025 8:04:15 AM okhttp3.internal.platform.Platform log
INFO: Vary: Accept-Encoding
May 07, 2025 8:04:15 AM okhttp3.internal.platform.Platform log
INFO: Content-Type: application/json
May 07, 2025 8:04:15 AM okhttp3.internal.platform.Platform log
INFO: Transfer-Encoding: chunked
May 07, 2025 8:04:15 AM okhttp3.internal.platform.Platform log
INFO: Keep-Alive: timeout=60
May 07, 2025 8:04:15 AM okhttp3.internal.platform.Platform log
INFO: Connection: keep-alive
May 07, 2025 8:04:15 AM okhttp3.internal.platform.Platform log
INFO: Server: WSO2 Carbon Server
May 07, 2025 8:04:15 AM okhttp3.internal.platform.Platform log
INFO: 
May 07, 2025 8:04:15 AM okhttp3.internal.platform.Platform log
INFO: {"id":"9c5014d4-6e84-4ef2-a3a3-bcd7db9fe5d8","name":"JaxrsAPI","description":"JAX-RS CustomerService API created for integration testing.","context":"/jaxrs","version":"1.0.0","provider":"admin","lifeCycleStatus":"CREATED","wsdlInfo":null,"wsdlUrl":null,"responseCachingEnabled":false,"cacheTimeout":100,"hasThumbnail":false,"isDefaultVersion":true,"isRevision":false,"revisionedApiId":null,"revisionId":0,"enableSchemaValidation":false,"enableSubscriberVerification":false,"type":"HTTP","audience":null,"audiences":["all"],"transport":["http","https"],"tags":["service","customer","order"],"policies":["Bronze","Gold"],"organizationPolicies":[],"apiThrottlingPolicy":null,"authorizationHeader":"Authorization","apiKeyHeader":"ApiKey","securityScheme":["api_key","oauth_basic_auth_api_key_mandatory","oauth2"],"maxTps":null,"visibility":"PUBLIC","visibleRoles":[],"visibleTenants":[],"visibleOrganizations":["none"],"mediationPolicies":[],"apiPolicies":null,"subscriptionAvailability":"CURRENT_TENANT","subscriptionAvailableTenants":[],"additionalProperties":[],"additionalPropertiesMap":{},"monetization":null,"accessControl":"NONE","accessControlRoles":[],"businessInformation":{"businessOwner":null,"businessOwnerEmail":null,"technicalOwner":null,"technicalOwnerEmail":null},"corsConfiguration":{"corsConfigurationEnabled":false,"accessControlAllowOrigins":[],"accessControlAllowCredentials":false,"accessControlAllowHeaders":[],"accessControlAllowMethods":[]},"websubSubscriptionConfiguration":{"enable":false,"secret":"","signingAlgorithm":"SHA1","signatureHeader":"x-hub-signature"},"workflowStatus":null,"createdTime":"1746585249284","lastUpdatedTimestamp":"1746585250588","lastUpdatedTime":"2025-05-07 02:34:10.588","endpointConfig":{"endpoint_type":"http","sandbox_endpoints":{"template_not_supported":false,"url":"http://nodebackend:8080/jaxrs_basic/services/customers/customerservice/"},"production_endpoints":{"template_not_supported":false,"url":"http://nodebackend:8080/jaxrs_basic/services/customers/customerservice/"}},"primaryProductionEndpointId":null,"primarySandboxEndpointId":null,"endpointImplementationType":"ENDPOINT","subtypeConfiguration":{"subtype":"DEFAULT","configuration":null},"scopes":[],"operations":[{"id":"","target":"/*","verb":"GET","authType":"Application & Application User","throttlingPolicy":"Unlimited","scopes":[],"usedProductIds":[],"amznResourceName":null,"amznResourceTimeout":null,"amznResourceContentEncode":null,"payloadSchema":null,"uriMapping":null,"operationPolicies":{"request":[],"response":[],"fault":[]}}],"threatProtectionPolicies":null,"categories":[],"keyManagers":["all"],"serviceInfo":null,"advertiseInfo":{"advertised":false,"apiExternalProductionEndpoint":null,"apiExternalSandboxEndpoint":null,"originalDevPortalUrl":null,"apiOwner":"admin","vendor":"WSO2"},"gatewayVendor":"wso2","gatewayType":"wso2/synapse","asyncTransportProtocols":[],"egress":false}
May 07, 2025 8:04:15 AM okhttp3.internal.platform.Platform log
INFO: <-- END HTTP (2918-byte body)
May 07, 2025 8:04:15 AM okhttp3.internal.platform.Platform log
INFO: --> PUT https://localhost:32855/api/am/publisher/v4/apis/9c5014d4-6e84-4ef2-a3a3-bcd7db9fe5d8
May 07, 2025 8:04:15 AM okhttp3.internal.platform.Platform log
INFO: Content-Length: 2090
May 07, 2025 8:04:15 AM okhttp3.internal.platform.Platform log
INFO: Accept: application/json
May 07, 2025 8:04:15 AM okhttp3.internal.platform.Platform log
INFO: Content-Type: application/json
May 07, 2025 8:04:15 AM okhttp3.internal.platform.Platform log
INFO: Authorization: Bearer 204561bf-1c1e-366b-a15b-e0646e9b2334
May 07, 2025 8:04:15 AM okhttp3.internal.platform.Platform log
INFO: activityID: 
May 07, 2025 8:04:15 AM okhttp3.internal.platform.Platform log
INFO: User-Agent: OpenAPI-Generator/v4/java
May 07, 2025 8:04:15 AM okhttp3.internal.platform.Platform log
INFO: 
May 07, 2025 8:04:15 AM okhttp3.internal.platform.Platform log
INFO: {"id":"9c5014d4-6e84-4ef2-a3a3-bcd7db9fe5d8","name":"JaxrsAPI","description":"JAX-RS CustomerService API created for integration testing.","context":"/jaxrs","version":"1.0.0","provider":"admin","lifeCycleStatus":"CREATED","responseCachingEnabled":false,"cacheTimeout":100,"hasThumbnail":false,"isDefaultVersion":true,"isRevision":false,"revisionId":0,"enableSchemaValidation":false,"enableSubscriberVerification":false,"type":"HTTP","audiences":["all"],"transport":["http","https"],"tags":["service","customer","order"],"policies":["Bronze","Gold"],"authorizationHeader":"Authorization","apiKeyHeader":"ApiKey","securityScheme":["api_key","oauth_basic_auth_api_key_mandatory","oauth2"],"visibility":"PUBLIC","visibleRoles":[],"visibleTenants":[],"mediationPolicies":[],"subscriptionAvailability":"CURRENT_TENANT","subscriptionAvailableTenants":[],"additionalProperties":[],"additionalPropertiesMap":{},"accessControl":"NONE","accessControlRoles":[],"businessInformation":{},"corsConfiguration":{"corsConfigurationEnabled":false,"accessControlAllowOrigins":[],"accessControlAllowCredentials":false,"accessControlAllowHeaders":[],"accessControlAllowMethods":[]},"websubSubscriptionConfiguration":{"enable":false,"secret":"","signingAlgorithm":"SHA1","signatureHeader":"x-hub-signature"},"createdTime":"1746585249284","lastUpdatedTimestamp":"1746585250588","lastUpdatedTime":"2025-05-07 02:34:10.588","endpointConfig":{"endpoint_type":"http","sandbox_endpoints":{"template_not_supported":false,"url":"http://nodebackend:8080/jaxrs_basic/services/customers/customerservice/"},"production_endpoints":{"template_not_supported":false,"url":"http://nodebackend:8080/jaxrs_basic/services/customers/customerservice/"}},"endpointImplementationType":"ENDPOINT","scopes":[],"operations":[{"target":"/customers/{id}","verb":"GET","authType":"Application \u0026 Application User","throttlingPolicy":"Unlimited"}],"categories":[],"keyManagers":["all"],"advertiseInfo":{"advertised":false,"apiOwner":"admin","vendor":"WSO2"},"gatewayVendor":"wso2","gatewayType":"wso2/synapse","asyncTransportProtocols":[]}
May 07, 2025 8:04:15 AM okhttp3.internal.platform.Platform log
INFO: --> END PUT (2090-byte body)
May 07, 2025 8:04:19 AM okhttp3.internal.platform.Platform log
INFO: <-- 200 https://localhost:32855/api/am/publisher/v4/apis/9c5014d4-6e84-4ef2-a3a3-bcd7db9fe5d8 (4299ms)
May 07, 2025 8:04:19 AM okhttp3.internal.platform.Platform log
INFO: X-WSO2-TraceId: 4378bb86-dc0f-44f8-ab6d-60dd8951f966
May 07, 2025 8:04:19 AM okhttp3.internal.platform.Platform log
INFO: X-Content-Type-Options: nosniff
May 07, 2025 8:04:19 AM okhttp3.internal.platform.Platform log
INFO: X-XSS-Protection: 1; mode=block
May 07, 2025 8:04:19 AM okhttp3.internal.platform.Platform log
INFO: Date: Wed, 07 May 2025 02:34:17 GMT
May 07, 2025 8:04:19 AM okhttp3.internal.platform.Platform log
INFO: Vary: Accept-Encoding
May 07, 2025 8:04:19 AM okhttp3.internal.platform.Platform log
INFO: Content-Type: application/json
May 07, 2025 8:04:19 AM okhttp3.internal.platform.Platform log
INFO: Transfer-Encoding: chunked
May 07, 2025 8:04:19 AM okhttp3.internal.platform.Platform log
INFO: Keep-Alive: timeout=60
May 07, 2025 8:04:19 AM okhttp3.internal.platform.Platform log
INFO: Connection: keep-alive
May 07, 2025 8:04:19 AM okhttp3.internal.platform.Platform log
INFO: Server: WSO2 Carbon Server
May 07, 2025 8:04:19 AM okhttp3.internal.platform.Platform log
INFO: 
May 07, 2025 8:04:19 AM okhttp3.internal.platform.Platform log
INFO: {"id":"9c5014d4-6e84-4ef2-a3a3-bcd7db9fe5d8","name":"JaxrsAPI","description":"JAX-RS CustomerService API created for integration testing.","context":"/jaxrs","version":"1.0.0","provider":"admin","lifeCycleStatus":"CREATED","wsdlInfo":null,"wsdlUrl":null,"responseCachingEnabled":false,"cacheTimeout":100,"hasThumbnail":false,"isDefaultVersion":true,"isRevision":false,"revisionedApiId":null,"revisionId":0,"enableSchemaValidation":false,"enableSubscriberVerification":false,"type":"HTTP","audience":null,"audiences":["all"],"transport":["http","https"],"tags":["service","customer","order"],"policies":["Bronze","Gold"],"organizationPolicies":[],"apiThrottlingPolicy":null,"authorizationHeader":"Authorization","apiKeyHeader":"ApiKey","securityScheme":["api_key","oauth_basic_auth_api_key_mandatory","oauth2"],"maxTps":null,"visibility":"PUBLIC","visibleRoles":[],"visibleTenants":[],"visibleOrganizations":["none"],"mediationPolicies":[],"apiPolicies":null,"subscriptionAvailability":"CURRENT_TENANT","subscriptionAvailableTenants":[],"additionalProperties":[],"additionalPropertiesMap":{},"monetization":null,"accessControl":"NONE","accessControlRoles":[],"businessInformation":{"businessOwner":null,"businessOwnerEmail":null,"technicalOwner":null,"technicalOwnerEmail":null},"corsConfiguration":{"corsConfigurationEnabled":false,"accessControlAllowOrigins":[],"accessControlAllowCredentials":false,"accessControlAllowHeaders":[],"accessControlAllowMethods":[]},"websubSubscriptionConfiguration":{"enable":false,"secret":"","signingAlgorithm":"SHA1","signatureHeader":"x-hub-signature"},"workflowStatus":null,"createdTime":"1746585249284","lastUpdatedTimestamp":"1746585256315","lastUpdatedTime":"2025-05-07 02:34:16.315","endpointConfig":{"endpoint_type":"http","sandbox_endpoints":{"template_not_supported":false,"url":"http://nodebackend:8080/jaxrs_basic/services/customers/customerservice/"},"production_endpoints":{"template_not_supported":false,"url":"http://nodebackend:8080/jaxrs_basic/services/customers/customerservice/"}},"primaryProductionEndpointId":null,"primarySandboxEndpointId":null,"endpointImplementationType":"ENDPOINT","subtypeConfiguration":{"subtype":"DEFAULT","configuration":null},"scopes":[],"operations":[{"id":"","target":"/customers/{id}","verb":"GET","authType":"Application & Application User","throttlingPolicy":"Unlimited","scopes":[],"usedProductIds":[],"amznResourceName":null,"amznResourceTimeout":null,"amznResourceContentEncode":null,"payloadSchema":null,"uriMapping":null,"operationPolicies":{"request":[],"response":[],"fault":[]}}],"threatProtectionPolicies":null,"categories":[],"keyManagers":["all"],"serviceInfo":null,"advertiseInfo":{"advertised":false,"apiExternalProductionEndpoint":null,"apiExternalSandboxEndpoint":null,"originalDevPortalUrl":null,"apiOwner":"admin","vendor":"WSO2"},"gatewayVendor":"wso2","gatewayType":"wso2/synapse","asyncTransportProtocols":[],"egress":false}
May 07, 2025 8:04:19 AM okhttp3.internal.platform.Platform log
INFO: <-- END HTTP (2931-byte body)
May 07, 2025 8:04:19 AM okhttp3.internal.platform.Platform log
INFO: --> POST https://localhost:32855/api/am/publisher/v4/apis/9c5014d4-6e84-4ef2-a3a3-bcd7db9fe5d8/revisions
May 07, 2025 8:04:19 AM okhttp3.internal.platform.Platform log
INFO: Content-Length: 33
May 07, 2025 8:04:19 AM okhttp3.internal.platform.Platform log
INFO: Accept: application/json
May 07, 2025 8:04:19 AM okhttp3.internal.platform.Platform log
INFO: Content-Type: application/json
May 07, 2025 8:04:19 AM okhttp3.internal.platform.Platform log
INFO: Authorization: Bearer 204561bf-1c1e-366b-a15b-e0646e9b2334
May 07, 2025 8:04:19 AM okhttp3.internal.platform.Platform log
INFO: activityID: 
May 07, 2025 8:04:19 AM okhttp3.internal.platform.Platform log
INFO: User-Agent: OpenAPI-Generator/v4/java
May 07, 2025 8:04:19 AM okhttp3.internal.platform.Platform log
INFO: 
May 07, 2025 8:04:19 AM okhttp3.internal.platform.Platform log
INFO: {"description":"Test Revision 1"}
May 07, 2025 8:04:19 AM okhttp3.internal.platform.Platform log
INFO: --> END POST (33-byte body)
May 07, 2025 8:04:22 AM okhttp3.internal.platform.Platform log
INFO: <-- 201 https://localhost:32855/api/am/publisher/v4/apis/9c5014d4-6e84-4ef2-a3a3-bcd7db9fe5d8/revisions (3058ms)
May 07, 2025 8:04:22 AM okhttp3.internal.platform.Platform log
INFO: X-WSO2-TraceId: 08f2facd-33b1-416f-9a52-a1477a9c2fa1
May 07, 2025 8:04:22 AM okhttp3.internal.platform.Platform log
INFO: Location: https://localhost:32855/api/am/publisher/apis/9c5014d4-6e84-4ef2-a3a3-bcd7db9fe5d8/revisions/1b833ffa-b658-4958-bec8-b0ee801e1aa4
May 07, 2025 8:04:22 AM okhttp3.internal.platform.Platform log
INFO: X-Content-Type-Options: nosniff
May 07, 2025 8:04:22 AM okhttp3.internal.platform.Platform log
INFO: X-XSS-Protection: 1; mode=block
May 07, 2025 8:04:22 AM okhttp3.internal.platform.Platform log
INFO: Date: Wed, 07 May 2025 02:34:20 GMT
May 07, 2025 8:04:22 AM okhttp3.internal.platform.Platform log
INFO: Content-Type: application/json
May 07, 2025 8:04:22 AM okhttp3.internal.platform.Platform log
INFO: Content-Length: 208
May 07, 2025 8:04:22 AM okhttp3.internal.platform.Platform log
INFO: Keep-Alive: timeout=60
May 07, 2025 8:04:22 AM okhttp3.internal.platform.Platform log
INFO: Connection: keep-alive
May 07, 2025 8:04:22 AM okhttp3.internal.platform.Platform log
INFO: Server: WSO2 Carbon Server
May 07, 2025 8:04:22 AM okhttp3.internal.platform.Platform log
INFO: 
May 07, 2025 8:04:22 AM okhttp3.internal.platform.Platform log
INFO: {"displayName":"Revision 1","id":"1b833ffa-b658-4958-bec8-b0ee801e1aa4","description":"Test Revision 1","createdTime":1746585258000,"apiInfo":{"id":"9c5014d4-6e84-4ef2-a3a3-bcd7db9fe5d8"},"deploymentInfo":[]}
May 07, 2025 8:04:22 AM okhttp3.internal.platform.Platform log
INFO: <-- END HTTP (208-byte body)
May 07, 2025 8:04:22 AM okhttp3.internal.platform.Platform log
INFO: --> POST https://localhost:32855/api/am/publisher/v4/apis/9c5014d4-6e84-4ef2-a3a3-bcd7db9fe5d8/deploy-revision?revisionId=1b833ffa-b658-4958-bec8-b0ee801e1aa4
May 07, 2025 8:04:22 AM okhttp3.internal.platform.Platform log
INFO: Content-Length: 85
May 07, 2025 8:04:22 AM okhttp3.internal.platform.Platform log
INFO: Accept: application/json
May 07, 2025 8:04:22 AM okhttp3.internal.platform.Platform log
INFO: Content-Type: application/json
May 07, 2025 8:04:22 AM okhttp3.internal.platform.Platform log
INFO: Authorization: Bearer 204561bf-1c1e-366b-a15b-e0646e9b2334
May 07, 2025 8:04:22 AM okhttp3.internal.platform.Platform log
INFO: activityID: 
May 07, 2025 8:04:22 AM okhttp3.internal.platform.Platform log
INFO: User-Agent: OpenAPI-Generator/v4/java
May 07, 2025 8:04:22 AM okhttp3.internal.platform.Platform log
INFO: 
May 07, 2025 8:04:22 AM okhttp3.internal.platform.Platform log
INFO: [{"name":"Default","status":"CREATED","vhost":"localhost","displayOnDevportal":true}]
May 07, 2025 8:04:22 AM okhttp3.internal.platform.Platform log
INFO: --> END POST (85-byte body)
May 07, 2025 8:04:24 AM okhttp3.internal.platform.Platform log
INFO: <-- 201 https://localhost:32855/api/am/publisher/v4/apis/9c5014d4-6e84-4ef2-a3a3-bcd7db9fe5d8/deploy-revision?revisionId=1b833ffa-b658-4958-bec8-b0ee801e1aa4 (1394ms)
May 07, 2025 8:04:24 AM okhttp3.internal.platform.Platform log
INFO: X-WSO2-TraceId: 35503a38-f9a3-47a5-b473-2342b96a5fd9
May 07, 2025 8:04:24 AM okhttp3.internal.platform.Platform log
INFO: X-Content-Type-Options: nosniff
May 07, 2025 8:04:24 AM okhttp3.internal.platform.Platform log
INFO: X-XSS-Protection: 1; mode=block
May 07, 2025 8:04:24 AM okhttp3.internal.platform.Platform log
INFO: Date: Wed, 07 May 2025 02:34:22 GMT
May 07, 2025 8:04:24 AM okhttp3.internal.platform.Platform log
INFO: Content-Type: application/json
May 07, 2025 8:04:24 AM okhttp3.internal.platform.Platform log
INFO: Content-Length: 196
May 07, 2025 8:04:24 AM okhttp3.internal.platform.Platform log
INFO: Keep-Alive: timeout=60
May 07, 2025 8:04:24 AM okhttp3.internal.platform.Platform log
INFO: Connection: keep-alive
May 07, 2025 8:04:24 AM okhttp3.internal.platform.Platform log
INFO: Server: WSO2 Carbon Server
May 07, 2025 8:04:24 AM okhttp3.internal.platform.Platform log
INFO: 
May 07, 2025 8:04:24 AM okhttp3.internal.platform.Platform log
INFO: [{"revisionUuid":"1b833ffa-b658-4958-bec8-b0ee801e1aa4","name":"Default","status":"APPROVED","vhost":"localhost","displayOnDevportal":true,"deployedTime":1746585262000,"successDeployedTime":null}]
May 07, 2025 8:04:24 AM okhttp3.internal.platform.Platform log
INFO: <-- END HTTP (196-byte body)
May 07, 2025 8:04:24 AM okhttp3.internal.platform.Platform log
INFO: --> GET https://localhost:32855/api/am/publisher/v4/apis/1b833ffa-b658-4958-bec8-b0ee801e1aa4
May 07, 2025 8:04:24 AM okhttp3.internal.platform.Platform log
INFO: X-WSO2-Tenant: carbon.super
May 07, 2025 8:04:24 AM okhttp3.internal.platform.Platform log
INFO: Accept: application/json
May 07, 2025 8:04:24 AM okhttp3.internal.platform.Platform log
INFO: Content-Type: application/json
May 07, 2025 8:04:24 AM okhttp3.internal.platform.Platform log
INFO: Authorization: Bearer 204561bf-1c1e-366b-a15b-e0646e9b2334
May 07, 2025 8:04:24 AM okhttp3.internal.platform.Platform log
INFO: activityID: 
May 07, 2025 8:04:24 AM okhttp3.internal.platform.Platform log
INFO: User-Agent: OpenAPI-Generator/v4/java
May 07, 2025 8:04:24 AM okhttp3.internal.platform.Platform log
INFO: --> END GET
May 07, 2025 8:04:25 AM okhttp3.internal.platform.Platform log
INFO: <-- 200 https://localhost:32855/api/am/publisher/v4/apis/1b833ffa-b658-4958-bec8-b0ee801e1aa4 (904ms)
May 07, 2025 8:04:25 AM okhttp3.internal.platform.Platform log
INFO: X-WSO2-TraceId: 4a771d75-d241-49ea-a0c4-0d092221b268
May 07, 2025 8:04:25 AM okhttp3.internal.platform.Platform log
INFO: X-Content-Type-Options: nosniff
May 07, 2025 8:04:25 AM okhttp3.internal.platform.Platform log
INFO: X-XSS-Protection: 1; mode=block
May 07, 2025 8:04:25 AM okhttp3.internal.platform.Platform log
INFO: Date: Wed, 07 May 2025 02:34:23 GMT
May 07, 2025 8:04:25 AM okhttp3.internal.platform.Platform log
INFO: Vary: Accept-Encoding
May 07, 2025 8:04:25 AM okhttp3.internal.platform.Platform log
INFO: Content-Type: application/json
May 07, 2025 8:04:25 AM okhttp3.internal.platform.Platform log
INFO: Transfer-Encoding: chunked
May 07, 2025 8:04:25 AM okhttp3.internal.platform.Platform log
INFO: Keep-Alive: timeout=60
May 07, 2025 8:04:25 AM okhttp3.internal.platform.Platform log
INFO: Connection: keep-alive
May 07, 2025 8:04:25 AM okhttp3.internal.platform.Platform log
INFO: Server: WSO2 Carbon Server
May 07, 2025 8:04:25 AM okhttp3.internal.platform.Platform log
INFO: 
May 07, 2025 8:04:25 AM okhttp3.internal.platform.Platform log
INFO: {"id":"1b833ffa-b658-4958-bec8-b0ee801e1aa4","name":"JaxrsAPI","description":"JAX-RS CustomerService API created for integration testing.","context":"/jaxrs","version":"1.0.0","provider":"admin","lifeCycleStatus":"CREATED","wsdlInfo":null,"wsdlUrl":null,"responseCachingEnabled":false,"cacheTimeout":100,"hasThumbnail":false,"isDefaultVersion":true,"isRevision":true,"revisionedApiId":"9c5014d4-6e84-4ef2-a3a3-bcd7db9fe5d8","revisionId":1,"enableSchemaValidation":false,"enableSubscriberVerification":false,"type":"HTTP","audience":null,"audiences":["all"],"transport":["http","https"],"tags":["service","customer","order"],"policies":["Bronze","Gold"],"organizationPolicies":[],"apiThrottlingPolicy":null,"authorizationHeader":"Authorization","apiKeyHeader":"ApiKey","securityScheme":["api_key","oauth_basic_auth_api_key_mandatory","oauth2"],"maxTps":null,"visibility":"PUBLIC","visibleRoles":[],"visibleTenants":[],"visibleOrganizations":["none"],"mediationPolicies":[],"apiPolicies":null,"subscriptionAvailability":"CURRENT_TENANT","subscriptionAvailableTenants":[],"additionalProperties":[],"additionalPropertiesMap":{},"monetization":null,"accessControl":"NONE","accessControlRoles":[],"businessInformation":{"businessOwner":null,"businessOwnerEmail":null,"technicalOwner":null,"technicalOwnerEmail":null},"corsConfiguration":{"corsConfigurationEnabled":false,"accessControlAllowOrigins":[],"accessControlAllowCredentials":false,"accessControlAllowHeaders":[],"accessControlAllowMethods":[]},"websubSubscriptionConfiguration":{"enable":false,"secret":"","signingAlgorithm":"SHA1","signatureHeader":"x-hub-signature"},"workflowStatus":null,"createdTime":"1746585258743","lastUpdatedTimestamp":"1746585258743","lastUpdatedTime":"2025-05-07 02:34:18.743","endpointConfig":{"endpoint_type":"http","sandbox_endpoints":{"template_not_supported":false,"url":"http://nodebackend:8080/jaxrs_basic/services/customers/customerservice/"},"production_endpoints":{"template_not_supported":false,"url":"http://nodebackend:8080/jaxrs_basic/services/customers/customerservice/"}},"primaryProductionEndpointId":null,"primarySandboxEndpointId":null,"endpointImplementationType":"ENDPOINT","subtypeConfiguration":{"subtype":"DEFAULT","configuration":null},"scopes":[],"operations":[{"id":"","target":"/customers/{id}","verb":"GET","authType":"Application & Application User","throttlingPolicy":"Unlimited","scopes":[],"usedProductIds":[],"amznResourceName":null,"amznResourceTimeout":null,"amznResourceContentEncode":null,"payloadSchema":null,"uriMapping":null,"operationPolicies":{"request":[],"response":[],"fault":[]}}],"threatProtectionPolicies":null,"categories":[],"keyManagers":["all"],"serviceInfo":null,"advertiseInfo":{"advertised":false,"apiExternalProductionEndpoint":null,"apiExternalSandboxEndpoint":null,"originalDevPortalUrl":null,"apiOwner":"admin","vendor":"WSO2"},"gatewayVendor":"wso2","gatewayType":"wso2/synapse","asyncTransportProtocols":[],"egress":false}
May 07, 2025 8:04:25 AM okhttp3.internal.platform.Platform log
INFO: <-- END HTTP (2964-byte body)
May 07, 2025 8:04:29 AM org.wso2.am.integration.test.impl.RestAPIPublisherImpl waitForDeployAPI
INFO: AAAAAAAAAA********************************************AAAAAAAAAA
May 07, 2025 8:04:29 AM org.wso2.am.integration.test.impl.RestAPIPublisherImpl waitForDeployAPI
INFO: context: /jaxrs version: 1.0.0
May 07, 2025 8:04:39 AM okhttp3.internal.platform.Platform log
INFO: --> GET https://localhost:32855/api/am/publisher/v4/apis/9c5014d4-6e84-4ef2-a3a3-bcd7db9fe5d8
May 07, 2025 8:04:39 AM okhttp3.internal.platform.Platform log
INFO: Accept: application/json
May 07, 2025 8:04:39 AM okhttp3.internal.platform.Platform log
INFO: Content-Type: application/json
May 07, 2025 8:04:39 AM okhttp3.internal.platform.Platform log
INFO: Authorization: Bearer 204561bf-1c1e-366b-a15b-e0646e9b2334
May 07, 2025 8:04:39 AM okhttp3.internal.platform.Platform log
INFO: activityID: 
May 07, 2025 8:04:39 AM okhttp3.internal.platform.Platform log
INFO: User-Agent: OpenAPI-Generator/v4/java
May 07, 2025 8:04:39 AM okhttp3.internal.platform.Platform log
INFO: --> END GET
May 07, 2025 8:04:39 AM okhttp3.internal.platform.Platform log
INFO: <-- 200 https://localhost:32855/api/am/publisher/v4/apis/9c5014d4-6e84-4ef2-a3a3-bcd7db9fe5d8 (113ms)
May 07, 2025 8:04:39 AM okhttp3.internal.platform.Platform log
INFO: X-WSO2-TraceId: 10f234a9-6234-445b-8085-40ed3c036966
May 07, 2025 8:04:39 AM okhttp3.internal.platform.Platform log
INFO: X-Content-Type-Options: nosniff
May 07, 2025 8:04:39 AM okhttp3.internal.platform.Platform log
INFO: X-XSS-Protection: 1; mode=block
May 07, 2025 8:04:39 AM okhttp3.internal.platform.Platform log
INFO: Date: Wed, 07 May 2025 02:34:37 GMT
May 07, 2025 8:04:39 AM okhttp3.internal.platform.Platform log
INFO: Vary: Accept-Encoding
May 07, 2025 8:04:39 AM okhttp3.internal.platform.Platform log
INFO: Content-Type: application/json
May 07, 2025 8:04:39 AM okhttp3.internal.platform.Platform log
INFO: Transfer-Encoding: chunked
May 07, 2025 8:04:39 AM okhttp3.internal.platform.Platform log
INFO: Keep-Alive: timeout=60
May 07, 2025 8:04:39 AM okhttp3.internal.platform.Platform log
INFO: Connection: keep-alive
May 07, 2025 8:04:39 AM okhttp3.internal.platform.Platform log
INFO: Server: WSO2 Carbon Server
May 07, 2025 8:04:39 AM okhttp3.internal.platform.Platform log
INFO: 
May 07, 2025 8:04:39 AM okhttp3.internal.platform.Platform log
INFO: {"id":"9c5014d4-6e84-4ef2-a3a3-bcd7db9fe5d8","name":"JaxrsAPI","description":"JAX-RS CustomerService API created for integration testing.","context":"/jaxrs","version":"1.0.0","provider":"admin","lifeCycleStatus":"CREATED","wsdlInfo":null,"wsdlUrl":null,"responseCachingEnabled":false,"cacheTimeout":100,"hasThumbnail":false,"isDefaultVersion":true,"isRevision":false,"revisionedApiId":null,"revisionId":0,"enableSchemaValidation":false,"enableSubscriberVerification":false,"type":"HTTP","audience":null,"audiences":["all"],"transport":["http","https"],"tags":["service","customer","order"],"policies":["Bronze","Gold"],"organizationPolicies":[],"apiThrottlingPolicy":null,"authorizationHeader":"Authorization","apiKeyHeader":"ApiKey","securityScheme":["api_key","oauth_basic_auth_api_key_mandatory","oauth2"],"maxTps":null,"visibility":"PUBLIC","visibleRoles":[],"visibleTenants":[],"visibleOrganizations":["none"],"mediationPolicies":[],"apiPolicies":null,"subscriptionAvailability":"CURRENT_TENANT","subscriptionAvailableTenants":[],"additionalProperties":[],"additionalPropertiesMap":{},"monetization":null,"accessControl":"NONE","accessControlRoles":[],"businessInformation":{"businessOwner":null,"businessOwnerEmail":null,"technicalOwner":null,"technicalOwnerEmail":null},"corsConfiguration":{"corsConfigurationEnabled":false,"accessControlAllowOrigins":[],"accessControlAllowCredentials":false,"accessControlAllowHeaders":[],"accessControlAllowMethods":[]},"websubSubscriptionConfiguration":{"enable":false,"secret":"","signingAlgorithm":"SHA1","signatureHeader":"x-hub-signature"},"workflowStatus":null,"createdTime":"1746585249284","lastUpdatedTimestamp":"1746585256315","lastUpdatedTime":"2025-05-07 02:34:16.315","endpointConfig":{"endpoint_type":"http","sandbox_endpoints":{"template_not_supported":false,"url":"http://nodebackend:8080/jaxrs_basic/services/customers/customerservice/"},"production_endpoints":{"template_not_supported":false,"url":"http://nodebackend:8080/jaxrs_basic/services/customers/customerservice/"}},"primaryProductionEndpointId":null,"primarySandboxEndpointId":null,"endpointImplementationType":"ENDPOINT","subtypeConfiguration":{"subtype":"DEFAULT","configuration":null},"scopes":[],"operations":[{"id":"","target":"/customers/{id}","verb":"GET","authType":"Application & Application User","throttlingPolicy":"Unlimited","scopes":[],"usedProductIds":[],"amznResourceName":null,"amznResourceTimeout":null,"amznResourceContentEncode":null,"payloadSchema":null,"uriMapping":null,"operationPolicies":{"request":[],"response":[],"fault":[]}}],"threatProtectionPolicies":null,"categories":[],"keyManagers":["all"],"serviceInfo":null,"advertiseInfo":{"advertised":false,"apiExternalProductionEndpoint":null,"apiExternalSandboxEndpoint":null,"originalDevPortalUrl":null,"apiOwner":"admin","vendor":"WSO2"},"gatewayVendor":"wso2","gatewayType":"wso2/synapse","asyncTransportProtocols":[],"egress":false}
May 07, 2025 8:04:39 AM okhttp3.internal.platform.Platform log
INFO: <-- END HTTP (2931-byte body)
May 07, 2025 8:04:39 AM okhttp3.internal.platform.Platform log
INFO: --> POST https://localhost:32855/api/am/publisher/v4/apis/change-lifecycle?action=Publish&apiId=9c5014d4-6e84-4ef2-a3a3-bcd7db9fe5d8
May 07, 2025 8:04:39 AM okhttp3.internal.platform.Platform log
INFO: Content-Length: 0
May 07, 2025 8:04:39 AM okhttp3.internal.platform.Platform log
INFO: Accept: application/json
May 07, 2025 8:04:39 AM okhttp3.internal.platform.Platform log
INFO: Content-Type: application/json
May 07, 2025 8:04:39 AM okhttp3.internal.platform.Platform log
INFO: Authorization: Bearer 204561bf-1c1e-366b-a15b-e0646e9b2334
May 07, 2025 8:04:39 AM okhttp3.internal.platform.Platform log
INFO: activityID: 
May 07, 2025 8:04:39 AM okhttp3.internal.platform.Platform log
INFO: User-Agent: OpenAPI-Generator/v4/java
May 07, 2025 8:04:39 AM okhttp3.internal.platform.Platform log
INFO: 
May 07, 2025 8:04:39 AM okhttp3.internal.platform.Platform log
INFO: 
May 07, 2025 8:04:39 AM okhttp3.internal.platform.Platform log
INFO: --> END POST (0-byte body)
May 07, 2025 8:04:41 AM okhttp3.internal.platform.Platform log
INFO: <-- 200 https://localhost:32855/api/am/publisher/v4/apis/change-lifecycle?action=Publish&apiId=9c5014d4-6e84-4ef2-a3a3-bcd7db9fe5d8 (1372ms)
May 07, 2025 8:04:41 AM okhttp3.internal.platform.Platform log
INFO: X-WSO2-TraceId: 3f85c41f-aed5-40c2-8e05-3f30432fd191
May 07, 2025 8:04:41 AM okhttp3.internal.platform.Platform log
INFO: X-Content-Type-Options: nosniff
May 07, 2025 8:04:41 AM okhttp3.internal.platform.Platform log
INFO: X-XSS-Protection: 1; mode=block
May 07, 2025 8:04:41 AM okhttp3.internal.platform.Platform log
INFO: Date: Wed, 07 May 2025 02:34:39 GMT
May 07, 2025 8:04:41 AM okhttp3.internal.platform.Platform log
INFO: Content-Type: application/json
May 07, 2025 8:04:41 AM okhttp3.internal.platform.Platform log
INFO: Content-Length: 298
May 07, 2025 8:04:41 AM okhttp3.internal.platform.Platform log
INFO: Keep-Alive: timeout=60
May 07, 2025 8:04:41 AM okhttp3.internal.platform.Platform log
INFO: Connection: keep-alive
May 07, 2025 8:04:41 AM okhttp3.internal.platform.Platform log
INFO: Server: WSO2 Carbon Server
May 07, 2025 8:04:41 AM okhttp3.internal.platform.Platform log
INFO: 
May 07, 2025 8:04:41 AM okhttp3.internal.platform.Platform log
INFO: {"workflowStatus":"APPROVED","jsonPayload":"","lifecycleState":{"state":"Published","checkItems":[],"availableTransitions":[{"event":"Block","targetState":""},{"event":"Deploy as a Prototype","targetState":""},{"event":"Demote to Created","targetState":""},{"event":"Deprecate","targetState":""}]}}
May 07, 2025 8:04:41 AM okhttp3.internal.platform.Platform log
INFO: <-- END HTTP (298-byte body)
May 07, 2025 8:04:41 AM okhttp3.internal.platform.Platform log
INFO: --> GET https://localhost:32855/api/am/publisher/v4/apis/9c5014d4-6e84-4ef2-a3a3-bcd7db9fe5d8/lifecycle-state
May 07, 2025 8:04:41 AM okhttp3.internal.platform.Platform log
INFO: Accept: application/json
May 07, 2025 8:04:41 AM okhttp3.internal.platform.Platform log
INFO: Content-Type: application/json
May 07, 2025 8:04:41 AM okhttp3.internal.platform.Platform log
INFO: Authorization: Bearer 204561bf-1c1e-366b-a15b-e0646e9b2334
May 07, 2025 8:04:41 AM okhttp3.internal.platform.Platform log
INFO: activityID: 
May 07, 2025 8:04:41 AM okhttp3.internal.platform.Platform log
INFO: User-Agent: OpenAPI-Generator/v4/java
May 07, 2025 8:04:41 AM okhttp3.internal.platform.Platform log
INFO: --> END GET
May 07, 2025 8:04:41 AM okhttp3.internal.platform.Platform log
INFO: <-- 200 https://localhost:32855/api/am/publisher/v4/apis/9c5014d4-6e84-4ef2-a3a3-bcd7db9fe5d8/lifecycle-state (114ms)
May 07, 2025 8:04:41 AM okhttp3.internal.platform.Platform log
INFO: X-WSO2-TraceId: 82f5e58c-26fe-4f53-96f0-f0c44719d12c
May 07, 2025 8:04:41 AM okhttp3.internal.platform.Platform log
INFO: X-Content-Type-Options: nosniff
May 07, 2025 8:04:41 AM okhttp3.internal.platform.Platform log
INFO: X-XSS-Protection: 1; mode=block
May 07, 2025 8:04:41 AM okhttp3.internal.platform.Platform log
INFO: Date: Wed, 07 May 2025 02:34:39 GMT
May 07, 2025 8:04:41 AM okhttp3.internal.platform.Platform log
INFO: Content-Type: application/json
May 07, 2025 8:04:41 AM okhttp3.internal.platform.Platform log
INFO: Content-Length: 234
May 07, 2025 8:04:41 AM okhttp3.internal.platform.Platform log
INFO: Keep-Alive: timeout=60
May 07, 2025 8:04:41 AM okhttp3.internal.platform.Platform log
INFO: Connection: keep-alive
May 07, 2025 8:04:41 AM okhttp3.internal.platform.Platform log
INFO: Server: WSO2 Carbon Server
May 07, 2025 8:04:41 AM okhttp3.internal.platform.Platform log
INFO: 
May 07, 2025 8:04:41 AM okhttp3.internal.platform.Platform log
INFO: {"state":"Published","checkItems":[],"availableTransitions":[{"event":"Block","targetState":""},{"event":"Deploy as a Prototype","targetState":""},{"event":"Demote to Created","targetState":""},{"event":"Deprecate","targetState":""}]}
May 07, 2025 8:04:41 AM okhttp3.internal.platform.Platform log
INFO: <-- END HTTP (234-byte body)
May 07, 2025 8:04:41 AM okhttp3.internal.platform.Platform log
INFO: --> POST https://localhost:32855/api/am/devportal/v3/applications
May 07, 2025 8:04:41 AM okhttp3.internal.platform.Platform log
INFO: Content-Length: 124
May 07, 2025 8:04:41 AM okhttp3.internal.platform.Platform log
INFO: Accept: application/json
May 07, 2025 8:04:41 AM okhttp3.internal.platform.Platform log
INFO: Content-Type: application/json
May 07, 2025 8:04:41 AM okhttp3.internal.platform.Platform log
INFO: Authorization: Bearer d488e1a6-2d13-3e55-894b-79b59f87031d
May 07, 2025 8:04:41 AM okhttp3.internal.platform.Platform log
INFO: User-Agent: OpenAPI-Generator/v3/java
May 07, 2025 8:04:41 AM okhttp3.internal.platform.Platform log
INFO: 
May 07, 2025 8:04:41 AM okhttp3.internal.platform.Platform log
INFO: {"name":"Application1","throttlingPolicy":"Unlimited","description":"This is new application","tokenType":"JWT","status":""}
May 07, 2025 8:04:41 AM okhttp3.internal.platform.Platform log
INFO: --> END POST (124-byte body)
May 07, 2025 8:04:51 AM okhttp3.internal.platform.Platform log
INFO: <-- 201 https://localhost:32855/api/am/devportal/v3/applications (10115ms)
May 07, 2025 8:04:51 AM okhttp3.internal.platform.Platform log
INFO: X-WSO2-TraceId: 9463c269-b79f-4d1a-be0b-fdd431119f65
May 07, 2025 8:04:51 AM okhttp3.internal.platform.Platform log
INFO: Location: https://localhost:32855/api/am/devportal/applications/002600a6-d1c7-4a9f-941a-a482b91eb781
May 07, 2025 8:04:51 AM okhttp3.internal.platform.Platform log
INFO: X-Content-Type-Options: nosniff
May 07, 2025 8:04:51 AM okhttp3.internal.platform.Platform log
INFO: X-XSS-Protection: 1; mode=block
May 07, 2025 8:04:51 AM okhttp3.internal.platform.Platform log
INFO: Date: Wed, 07 May 2025 02:34:49 GMT
May 07, 2025 8:04:51 AM okhttp3.internal.platform.Platform log
INFO: Content-Type: application/json
May 07, 2025 8:04:51 AM okhttp3.internal.platform.Platform log
INFO: Content-Length: 389
May 07, 2025 8:04:51 AM okhttp3.internal.platform.Platform log
INFO: Keep-Alive: timeout=60
May 07, 2025 8:04:51 AM okhttp3.internal.platform.Platform log
INFO: Connection: keep-alive
May 07, 2025 8:04:51 AM okhttp3.internal.platform.Platform log
INFO: Server: WSO2 Carbon Server
May 07, 2025 8:04:51 AM okhttp3.internal.platform.Platform log
INFO: 
May 07, 2025 8:04:51 AM okhttp3.internal.platform.Platform log
INFO: {"applicationId":"002600a6-d1c7-4a9f-941a-a482b91eb781","name":"Application1","throttlingPolicy":"Unlimited","description":"This is new application","tokenType":"JWT","status":"APPROVED","groups":[],"subscriptionCount":0,"keys":[],"attributes":{},"subscriptionScopes":[],"owner":"admin","hashEnabled":null,"createdTime":"1746585289147","updatedTime":"1746585289147","visibility":"PRIVATE"}
May 07, 2025 8:04:51 AM okhttp3.internal.platform.Platform log
INFO: <-- END HTTP (389-byte body)
May 07, 2025 8:04:53 AM org.wso2.am.integration.test.impl.RestAPIStoreImpl waitUntilApplicationAvailableInGateway
INFO: Application Available in in memory == class ApplicationInfoDTO {
    uuid: 002600a6-d1c7-4a9f-941a-a482b91eb781
    id: 2
    name: Application1
    subName: admin
    policy: Unlimited
    tokenType: JWT
    attributes: {}
    keys: []
}
May 07, 2025 8:04:53 AM okhttp3.internal.platform.Platform log
INFO: --> GET https://localhost:32855/api/am/devportal/v3/applications/002600a6-d1c7-4a9f-941a-a482b91eb781
May 07, 2025 8:04:53 AM okhttp3.internal.platform.Platform log
INFO: X-WSO2-Tenant: carbon.super
May 07, 2025 8:04:53 AM okhttp3.internal.platform.Platform log
INFO: Accept: application/json
May 07, 2025 8:04:53 AM okhttp3.internal.platform.Platform log
INFO: Content-Type: application/json
May 07, 2025 8:04:53 AM okhttp3.internal.platform.Platform log
INFO: Authorization: Bearer d488e1a6-2d13-3e55-894b-79b59f87031d
May 07, 2025 8:04:53 AM okhttp3.internal.platform.Platform log
INFO: User-Agent: OpenAPI-Generator/v3/java
May 07, 2025 8:04:53 AM okhttp3.internal.platform.Platform log
INFO: --> END GET
May 07, 2025 8:04:53 AM okhttp3.internal.platform.Platform log
INFO: <-- 200 https://localhost:32855/api/am/devportal/v3/applications/002600a6-d1c7-4a9f-941a-a482b91eb781 (584ms)
May 07, 2025 8:04:53 AM okhttp3.internal.platform.Platform log
INFO: X-WSO2-TraceId: 5c8bff9d-62b4-482e-800b-9e255d8b9f51
May 07, 2025 8:04:53 AM okhttp3.internal.platform.Platform log
INFO: X-Content-Type-Options: nosniff
May 07, 2025 8:04:53 AM okhttp3.internal.platform.Platform log
INFO: X-XSS-Protection: 1; mode=block
May 07, 2025 8:04:53 AM okhttp3.internal.platform.Platform log
INFO: Date: Wed, 07 May 2025 02:34:51 GMT
May 07, 2025 8:04:53 AM okhttp3.internal.platform.Platform log
INFO: Content-Type: application/json
May 07, 2025 8:04:53 AM okhttp3.internal.platform.Platform log
INFO: Content-Length: 390
May 07, 2025 8:04:53 AM okhttp3.internal.platform.Platform log
INFO: Keep-Alive: timeout=60
May 07, 2025 8:04:53 AM okhttp3.internal.platform.Platform log
INFO: Connection: keep-alive
May 07, 2025 8:04:53 AM okhttp3.internal.platform.Platform log
INFO: Server: WSO2 Carbon Server
May 07, 2025 8:04:53 AM okhttp3.internal.platform.Platform log
INFO: 
May 07, 2025 8:04:53 AM okhttp3.internal.platform.Platform log
INFO: {"applicationId":"002600a6-d1c7-4a9f-941a-a482b91eb781","name":"Application1","throttlingPolicy":"Unlimited","description":"This is new application","tokenType":"JWT","status":"APPROVED","groups":[],"subscriptionCount":0,"keys":[],"attributes":{},"subscriptionScopes":[],"owner":"admin","hashEnabled":false,"createdTime":"1746585289147","updatedTime":"1746585289147","visibility":"PRIVATE"}
May 07, 2025 8:04:53 AM okhttp3.internal.platform.Platform log
INFO: <-- END HTTP (390-byte body)
May 07, 2025 8:04:53 AM okhttp3.internal.platform.Platform log
INFO: --> POST https://localhost:32855/api/am/devportal/v3/subscriptions
May 07, 2025 8:04:53 AM okhttp3.internal.platform.Platform log
INFO: Content-Length: 168
May 07, 2025 8:04:53 AM okhttp3.internal.platform.Platform log
INFO: X-WSO2-Tenant: carbon.super
May 07, 2025 8:04:53 AM okhttp3.internal.platform.Platform log
INFO: Accept: application/json
May 07, 2025 8:04:53 AM okhttp3.internal.platform.Platform log
INFO: Content-Type: application/json
May 07, 2025 8:04:53 AM okhttp3.internal.platform.Platform log
INFO: Authorization: Bearer d488e1a6-2d13-3e55-894b-79b59f87031d
May 07, 2025 8:04:53 AM okhttp3.internal.platform.Platform log
INFO: User-Agent: OpenAPI-Generator/v3/java
May 07, 2025 8:04:53 AM okhttp3.internal.platform.Platform log
INFO: 
May 07, 2025 8:04:53 AM okhttp3.internal.platform.Platform log
INFO: {"applicationId":"002600a6-d1c7-4a9f-941a-a482b91eb781","apiId":"9c5014d4-6e84-4ef2-a3a3-bcd7db9fe5d8","throttlingPolicy":"Bronze","requestedThrottlingPolicy":"Bronze"}
May 07, 2025 8:04:53 AM okhttp3.internal.platform.Platform log
INFO: --> END POST (168-byte body)
May 07, 2025 8:04:55 AM okhttp3.internal.platform.Platform log
INFO: <-- 201 https://localhost:32855/api/am/devportal/v3/subscriptions (1240ms)
May 07, 2025 8:04:55 AM okhttp3.internal.platform.Platform log
INFO: X-WSO2-TraceId: 9cd3693f-02e5-417c-8f69-8a58f195f353
May 07, 2025 8:04:55 AM okhttp3.internal.platform.Platform log
INFO: Location: https://localhost:32855/api/am/devportal/subscriptions/95fd5ef1-a8ce-4fb0-9d6d-ebe53138b1c7
May 07, 2025 8:04:55 AM okhttp3.internal.platform.Platform log
INFO: X-Content-Type-Options: nosniff
May 07, 2025 8:04:55 AM okhttp3.internal.platform.Platform log
INFO: X-XSS-Protection: 1; mode=block
May 07, 2025 8:04:55 AM okhttp3.internal.platform.Platform log
INFO: Date: Wed, 07 May 2025 02:34:53 GMT
May 07, 2025 8:04:55 AM okhttp3.internal.platform.Platform log
INFO: Vary: Accept-Encoding
May 07, 2025 8:04:55 AM okhttp3.internal.platform.Platform log
INFO: Content-Type: application/json
May 07, 2025 8:04:55 AM okhttp3.internal.platform.Platform log
INFO: Transfer-Encoding: chunked
May 07, 2025 8:04:55 AM okhttp3.internal.platform.Platform log
INFO: Keep-Alive: timeout=60
May 07, 2025 8:04:55 AM okhttp3.internal.platform.Platform log
INFO: Connection: keep-alive
May 07, 2025 8:04:55 AM okhttp3.internal.platform.Platform log
INFO: Server: WSO2 Carbon Server
May 07, 2025 8:04:55 AM okhttp3.internal.platform.Platform log
INFO: 
May 07, 2025 8:04:55 AM okhttp3.internal.platform.Platform log
INFO: {"subscriptionId":"95fd5ef1-a8ce-4fb0-9d6d-ebe53138b1c7","applicationId":"002600a6-d1c7-4a9f-941a-a482b91eb781","apiId":"9c5014d4-6e84-4ef2-a3a3-bcd7db9fe5d8","apiInfo":{"id":"9c5014d4-6e84-4ef2-a3a3-bcd7db9fe5d8","name":"JaxrsAPI","description":"JAX-RS CustomerService API created for integration testing.","context":"/jaxrs","version":"1.0.0","type":"HTTP","createdTime":"1746585249284","provider":"admin","lifeCycleStatus":"PUBLISHED","thumbnailUri":null,"avgRating":"0.0","throttlingPolicies":["Bronze","Gold"],"advertiseInfo":{"advertised":false,"apiExternalProductionEndpoint":null,"apiExternalSandboxEndpoint":null,"originalDevPortalUrl":null,"apiOwner":"admin","vendor":"WSO2"},"businessInformation":{"businessOwner":null,"businessOwnerEmail":null,"technicalOwner":null,"technicalOwnerEmail":null},"isSubscriptionAvailable":true,"monetizationLabel":"FREE","gatewayVendor":"wso2","additionalProperties":[],"monetizedInfo":false,"egress":false,"subtype":"DEFAULT"},"applicationInfo":{"applicationId":"002600a6-d1c7-4a9f-941a-a482b91eb781","name":"Application1","throttlingPolicy":"Unlimited","description":"This is new application","status":"APPROVED","groups":[],"subscriptionCount":1,"attributes":{},"owner":"admin","tokenType":"JWT","createdTime":"1746585289147","updatedTime":"1746585289147"},"throttlingPolicy":"Bronze","requestedThrottlingPolicy":"Bronze","status":"UNBLOCKED","redirectionParams":null}
May 07, 2025 8:04:55 AM okhttp3.internal.platform.Platform log
INFO: <-- END HTTP (1414-byte body)
May 07, 2025 8:04:55 AM org.wso2.am.integration.test.impl.RestAPIStoreImpl waitUntilSubscriptionAvailableInGateway
INFO: Subscription Available in in memory == class SubscriptionDTO {
    subscriptionId: 1
    policyId: Bronze
    apiId: 1
    appId: 2
    subscriptionState: UNBLOCKED
}
May 07, 2025 8:04:55 AM okhttp3.internal.platform.Platform log
INFO: --> GET https://localhost:32855/api/am/devportal/v3/subscriptions?apiId=9c5014d4-6e84-4ef2-a3a3-bcd7db9fe5d8&applicationId=002600a6-d1c7-4a9f-941a-a482b91eb781
May 07, 2025 8:04:55 AM okhttp3.internal.platform.Platform log
INFO: X-WSO2-Tenant: carbon.super
May 07, 2025 8:04:55 AM okhttp3.internal.platform.Platform log
INFO: Accept: application/json
May 07, 2025 8:04:55 AM okhttp3.internal.platform.Platform log
INFO: Content-Type: application/json
May 07, 2025 8:04:55 AM okhttp3.internal.platform.Platform log
INFO: Authorization: Bearer d488e1a6-2d13-3e55-894b-79b59f87031d
May 07, 2025 8:04:55 AM okhttp3.internal.platform.Platform log
INFO: User-Agent: OpenAPI-Generator/v3/java
May 07, 2025 8:04:55 AM okhttp3.internal.platform.Platform log
INFO: --> END GET
May 07, 2025 8:04:55 AM okhttp3.internal.platform.Platform log
INFO: <-- 200 https://localhost:32855/api/am/devportal/v3/subscriptions?apiId=9c5014d4-6e84-4ef2-a3a3-bcd7db9fe5d8&applicationId=002600a6-d1c7-4a9f-941a-a482b91eb781 (262ms)
May 07, 2025 8:04:55 AM okhttp3.internal.platform.Platform log
INFO: X-WSO2-TraceId: 36cc4fc5-8af2-4551-8063-7b9dea57352b
May 07, 2025 8:04:55 AM okhttp3.internal.platform.Platform log
INFO: X-Content-Type-Options: nosniff
May 07, 2025 8:04:55 AM okhttp3.internal.platform.Platform log
INFO: X-XSS-Protection: 1; mode=block
May 07, 2025 8:04:55 AM okhttp3.internal.platform.Platform log
INFO: Date: Wed, 07 May 2025 02:34:53 GMT
May 07, 2025 8:04:55 AM okhttp3.internal.platform.Platform log
INFO: Vary: Accept-Encoding
May 07, 2025 8:04:55 AM okhttp3.internal.platform.Platform log
INFO: Content-Type: application/json
May 07, 2025 8:04:55 AM okhttp3.internal.platform.Platform log
INFO: Transfer-Encoding: chunked
May 07, 2025 8:04:55 AM okhttp3.internal.platform.Platform log
INFO: Keep-Alive: timeout=60
May 07, 2025 8:04:55 AM okhttp3.internal.platform.Platform log
INFO: Connection: keep-alive
May 07, 2025 8:04:55 AM okhttp3.internal.platform.Platform log
INFO: Server: WSO2 Carbon Server
May 07, 2025 8:04:55 AM okhttp3.internal.platform.Platform log
INFO: 
May 07, 2025 8:04:55 AM okhttp3.internal.platform.Platform log
INFO: {"count":1,"list":[{"subscriptionId":"95fd5ef1-a8ce-4fb0-9d6d-ebe53138b1c7","applicationId":"002600a6-d1c7-4a9f-941a-a482b91eb781","apiId":"9c5014d4-6e84-4ef2-a3a3-bcd7db9fe5d8","apiInfo":{"id":"9c5014d4-6e84-4ef2-a3a3-bcd7db9fe5d8","name":"JaxrsAPI","description":"JAX-RS CustomerService API created for integration testing.","context":"/jaxrs","version":"1.0.0","type":"HTTP","createdTime":"1746585249284","provider":"admin","lifeCycleStatus":"PUBLISHED","thumbnailUri":null,"avgRating":"0.0","throttlingPolicies":["Bronze","Gold"],"advertiseInfo":{"advertised":false,"apiExternalProductionEndpoint":null,"apiExternalSandboxEndpoint":null,"originalDevPortalUrl":null,"apiOwner":"admin","vendor":"WSO2"},"businessInformation":{"businessOwner":null,"businessOwnerEmail":null,"technicalOwner":null,"technicalOwnerEmail":null},"isSubscriptionAvailable":true,"monetizationLabel":"FREE","gatewayVendor":"wso2","additionalProperties":[],"monetizedInfo":false,"egress":false,"subtype":"DEFAULT"},"applicationInfo":{"applicationId":"002600a6-d1c7-4a9f-941a-a482b91eb781","name":"Application1","throttlingPolicy":"Unlimited","description":"This is new application","status":"APPROVED","groups":[],"subscriptionCount":0,"attributes":{},"owner":"admin","tokenType":"JWT","createdTime":"1746585289147","updatedTime":"1746585289147"},"throttlingPolicy":"Bronze","requestedThrottlingPolicy":"Bronze","status":"UNBLOCKED","redirectionParams":null}],"pagination":{"offset":0,"limit":25,"total":1,"next":"","previous":""}}
May 07, 2025 8:04:55 AM okhttp3.internal.platform.Platform log
INFO: <-- END HTTP (1506-byte body)
May 07, 2025 8:04:55 AM okhttp3.internal.platform.Platform log
INFO: --> POST https://localhost:32855/api/am/devportal/v3/applications/002600a6-d1c7-4a9f-941a-a482b91eb781/generate-keys
May 07, 2025 8:04:55 AM okhttp3.internal.platform.Platform log
INFO: Content-Length: 148
May 07, 2025 8:04:55 AM okhttp3.internal.platform.Platform log
INFO: X-WSO2-Tenant: carbon.super
May 07, 2025 8:04:55 AM okhttp3.internal.platform.Platform log
INFO: Accept: application/json
May 07, 2025 8:04:55 AM okhttp3.internal.platform.Platform log
INFO: Content-Type: application/json
May 07, 2025 8:04:55 AM okhttp3.internal.platform.Platform log
INFO: Authorization: Bearer d488e1a6-2d13-3e55-894b-79b59f87031d
May 07, 2025 8:04:55 AM okhttp3.internal.platform.Platform log
INFO: activityID: 
May 07, 2025 8:04:55 AM okhttp3.internal.platform.Platform log
INFO: User-Agent: OpenAPI-Generator/v3/java
May 07, 2025 8:04:55 AM okhttp3.internal.platform.Platform log
INFO: 
May 07, 2025 8:04:55 AM okhttp3.internal.platform.Platform log
INFO: {"keyType":"PRODUCTION","grantTypesToBeSupported":["client_credentials"],"callbackUrl":"https://localhost/callback","scopes":[],"validityTime":"-1"}
May 07, 2025 8:04:55 AM okhttp3.internal.platform.Platform log
INFO: --> END POST (148-byte body)
May 07, 2025 8:04:59 AM okhttp3.internal.platform.Platform log
INFO: <-- 200 https://localhost:32855/api/am/devportal/v3/applications/002600a6-d1c7-4a9f-941a-a482b91eb781/generate-keys (4245ms)
May 07, 2025 8:04:59 AM okhttp3.internal.platform.Platform log
INFO: X-WSO2-TraceId: 1239cb54-c52e-4179-8a72-3a79be24f1b7
May 07, 2025 8:04:59 AM okhttp3.internal.platform.Platform log
INFO: X-Content-Type-Options: nosniff
May 07, 2025 8:04:59 AM okhttp3.internal.platform.Platform log
INFO: X-XSS-Protection: 1; mode=block
May 07, 2025 8:04:59 AM okhttp3.internal.platform.Platform log
INFO: Date: Wed, 07 May 2025 02:34:57 GMT
May 07, 2025 8:04:59 AM okhttp3.internal.platform.Platform log
INFO: Vary: Accept-Encoding
May 07, 2025 8:04:59 AM okhttp3.internal.platform.Platform log
INFO: Content-Type: application/json
May 07, 2025 8:04:59 AM okhttp3.internal.platform.Platform log
INFO: Transfer-Encoding: chunked
May 07, 2025 8:04:59 AM okhttp3.internal.platform.Platform log
INFO: Keep-Alive: timeout=60
May 07, 2025 8:04:59 AM okhttp3.internal.platform.Platform log
INFO: Connection: keep-alive
May 07, 2025 8:04:59 AM okhttp3.internal.platform.Platform log
INFO: Server: WSO2 Carbon Server
May 07, 2025 8:04:59 AM okhttp3.internal.platform.Platform log
INFO: 
May 07, 2025 8:04:59 AM okhttp3.internal.platform.Platform log
INFO: {"keyMappingId":"2d564cc8-6866-446c-8a94-ef2d7e3dc0cc","keyManager":"Resident Key Manager","consumerKey":"po7icHTkgIItBkj7DLdof5SEXWca","consumerSecret":"SPDe98_lDo0RTQdKwXbZdGijNJIa","supportedGrantTypes":["client_credentials"],"callbackUrl":"https://localhost/callback","keyState":"APPROVED","keyType":"PRODUCTION","mode":"CREATED","groupId":null,"token":{"accessToken":"eyJ4NXQiOiJNV1V4WW1Oa1pXSXdZVFEyTkRjeU1UVXdZelUxTlRReVlUbGpZekF5WmpNNU5EZ3haVFZrWkRGbE5tVmhORGt6WXpneVlqQXlNMk5pWlRBellqUTBZdyIsImtpZCI6Ik1XVXhZbU5rWldJd1lUUTJORGN5TVRVd1l6VTFOVFF5WVRsall6QXlaak01TkRneFpUVmtaREZsTm1WaE5Ea3pZemd5WWpBeU0yTmlaVEF6WWpRMFl3X1JTMjU2IiwidHlwIjoiYXQrand0IiwiYWxnIjoiUlMyNTYifQ.eyJzdWIiOiIxMTY0OGJiNy1hMTY2LTRlNzctODFlMi0wOWJkN2YwNDIwMDQiLCJhdXQiOiJBUFBMSUNBVElPTiIsImF1ZCI6InBvN2ljSFRrZ0lJdEJrajdETGRvZjVTRVhXY2EiLCJuYmYiOjE3NDY1ODUyOTcsImF6cCI6InBvN2ljSFRrZ0lJdEJrajdETGRvZjVTRVhXY2EiLCJzY29wZSI6ImRlZmF1bHQiLCJpc3MiOiJodHRwczovL2xvY2FsaG9zdDo5NDQzL29hdXRoMi90b2tlbiIsImV4cCI6MTc0NjU4ODg5NywiaWF0IjoxNzQ2NTg1Mjk3LCJqdGkiOiIzYzgxZTk4Zi1mZjA2LTQ2Y2ItYjg1Yi1lNzUwZDIwZjI4YTMiLCJjbGllbnRfaWQiOiJwbzdpY0hUa2dJSXRCa2o3RExkb2Y1U0VYV2NhIn0.lVOCnHoY5Y6-Fh7qh4ANzx06IRHEJCJ1Onm2ymSZKQXwhMa0CX_E8KDVkArAMVlzI3vmMnxtjFAHCTUi4L4T8bRAkKdtB1mCsMYs4su-5H6C5Vtp-KXufay6mA-Q8q-mZHx-Oj3b2Ox0LJHZIb5aeMM2ZK6S-mgN2WzAtKv4IVNsu_NjBc8ZwTN2pOfGPxDI265EyoQ_tYR81WIPcUmMqFViVTB3FkJRYXfuA0xHf8AaEpyQOVEwPE3DmB4vKjpYP89aFCUSvBoggDuFL0rfwQOd6YFe7tUBMl1GrKkxbSGzSYyBC_PMxfsLQ8h0DeExe1RByn0wvL2SU7F2m7bC5g","tokenScopes":["default"],"validityTime":3600},"additionalProperties":{"id_token_expiry_time":3600,"application_access_token_expiry_time":3600,"user_access_token_expiry_time":3600,"bypassClientCredentials":false,"pkceMandatory":false,"pkceSupportPlain":false,"refresh_token_expiry_time":86400}}
May 07, 2025 8:04:59 AM okhttp3.internal.platform.Platform log
INFO: <-- END HTTP (1770-byte body)
May 07, 2025 8:05:00 AM org.wso2.am.integration.test.impl.RestAPIStoreImpl waitUntilApplicationKeyMappingAvailableInGateway
INFO: Application Available in in-memory == class ApplicationInfoDTO {
    uuid: 002600a6-d1c7-4a9f-941a-a482b91eb781
    id: 2
    name: Application1
    subName: admin
    policy: Unlimited
    tokenType: JWT
    attributes: {}
    keys: []
}
May 07, 2025 8:05:00 AM org.wso2.am.integration.test.impl.RestAPIStoreImpl waitUntilApplicationKeyMappingAvailableInGateway
INFO: Application Available in in-memory == class ApplicationInfoDTO {
    uuid: 002600a6-d1c7-4a9f-941a-a482b91eb781
    id: 2
    name: Application1
    subName: admin
    policy: Unlimited
    tokenType: JWT
    attributes: {}
    keys: []
}
May 07, 2025 8:05:01 AM org.wso2.am.integration.test.impl.RestAPIStoreImpl waitUntilApplicationKeyMappingAvailableInGateway
INFO: Application Available in in-memory == class ApplicationInfoDTO {
    uuid: 002600a6-d1c7-4a9f-941a-a482b91eb781
    id: 2
    name: Application1
    subName: admin
    policy: Unlimited
    tokenType: JWT
    attributes: {}
    keys: []
}
May 07, 2025 8:05:01 AM org.wso2.am.integration.test.impl.RestAPIStoreImpl waitUntilApplicationKeyMappingAvailableInGateway
INFO: Application Available in in-memory == class ApplicationInfoDTO {
    uuid: 002600a6-d1c7-4a9f-941a-a482b91eb781
    id: 2
    name: Application1
    subName: admin
    policy: Unlimited
    tokenType: JWT
    attributes: {}
    keys: [class ApplicationKeyMappingDTO {
        consumerKey: po7icHTkgIItBkj7DLdof5SEXWca
        keyType: PRODUCTION
        keyManager: Resident Key Manager
    }]
}
May 07, 2025 8:05:02 AM okhttp3.internal.platform.Platform log
INFO: --> GET https://localhost:32855/api/am/devportal/v3/apis/9c5014d4-6e84-4ef2-a3a3-bcd7db9fe5d8
May 07, 2025 8:05:02 AM okhttp3.internal.platform.Platform log
INFO: Accept: application/json
May 07, 2025 8:05:02 AM okhttp3.internal.platform.Platform log
INFO: Content-Type: application/json
May 07, 2025 8:05:02 AM okhttp3.internal.platform.Platform log
INFO: Authorization: Bearer d488e1a6-2d13-3e55-894b-79b59f87031d
May 07, 2025 8:05:02 AM okhttp3.internal.platform.Platform log
INFO: activityID: 
May 07, 2025 8:05:02 AM okhttp3.internal.platform.Platform log
INFO: User-Agent: OpenAPI-Generator/v3/java
May 07, 2025 8:05:02 AM okhttp3.internal.platform.Platform log
INFO: --> END GET
May 07, 2025 8:05:02 AM okhttp3.internal.platform.Platform log
INFO: <-- 200 https://localhost:32855/api/am/devportal/v3/apis/9c5014d4-6e84-4ef2-a3a3-bcd7db9fe5d8 (350ms)
May 07, 2025 8:05:02 AM okhttp3.internal.platform.Platform log
INFO: X-WSO2-TraceId: 822cac22-34e1-427f-bfb5-55672263ff81
May 07, 2025 8:05:02 AM okhttp3.internal.platform.Platform log
INFO: X-Content-Type-Options: nosniff
May 07, 2025 8:05:02 AM okhttp3.internal.platform.Platform log
INFO: X-XSS-Protection: 1; mode=block
May 07, 2025 8:05:02 AM okhttp3.internal.platform.Platform log
INFO: Date: Wed, 07 May 2025 02:35:00 GMT
May 07, 2025 8:05:02 AM okhttp3.internal.platform.Platform log
INFO: Vary: Accept-Encoding
May 07, 2025 8:05:02 AM okhttp3.internal.platform.Platform log
INFO: Content-Type: application/json
May 07, 2025 8:05:02 AM okhttp3.internal.platform.Platform log
INFO: Transfer-Encoding: chunked
May 07, 2025 8:05:02 AM okhttp3.internal.platform.Platform log
INFO: Keep-Alive: timeout=60
May 07, 2025 8:05:02 AM okhttp3.internal.platform.Platform log
INFO: Connection: keep-alive
May 07, 2025 8:05:02 AM okhttp3.internal.platform.Platform log
INFO: Server: WSO2 Carbon Server
May 07, 2025 8:05:02 AM okhttp3.internal.platform.Platform log
INFO: 
May 07, 2025 8:05:02 AM okhttp3.internal.platform.Platform log
INFO: {"id":"9c5014d4-6e84-4ef2-a3a3-bcd7db9fe5d8","name":"JaxrsAPI","description":"JAX-RS CustomerService API created for integration testing.","context":"/jaxrs/1.0.0","version":"1.0.0","provider":"admin","apiDefinition":"{\n  \"openapi\" : \"3.0.1\",\n  \"info\" : {\n    \"title\" : \"JaxrsAPI\",\n    \"description\" : \"JAX-RS CustomerService API created for integration testing.\",\n    \"version\" : \"1.0.0\"\n  },\n  \"servers\" : [ {\n    \"url\" : \"/\"\n  } ],\n  \"security\" : [ {\n    \"default\" : [ ]\n  } ],\n  \"paths\" : {\n    \"/customers/{id}\" : {\n      \"get\" : {\n        \"parameters\" : [ {\n          \"name\" : \"id\",\n          \"in\" : \"path\",\n          \"required\" : true,\n          \"schema\" : {\n            \"type\" : \"string\"\n          }\n        } ],\n        \"responses\" : {\n          \"200\" : {\n            \"description\" : \"OK\"\n          }\n        },\n        \"security\" : [ {\n          \"default\" : [ ]\n        } ],\n        \"x-auth-type\" : \"Application & Application User\",\n        \"x-throttling-tier\" : \"Unlimited\"\n      }\n    }\n  },\n  \"components\" : {\n    \"securitySchemes\" : {\n      \"default\" : {\n        \"type\" : \"oauth2\",\n        \"flows\" : {\n          \"implicit\" : {\n            \"authorizationUrl\" : \"https://test.com\",\n            \"scopes\" : { }\n          }\n        }\n      }\n    }\n  }\n}","wsdlUri":null,"lifeCycleStatus":"PUBLISHED","isDefaultVersion":true,"type":"HTTP","transport":["http","https"],"operations":[],"authorizationHeader":"Authorization","apiKeyHeader":"ApiKey","securityScheme":["api_key","oauth_basic_auth_api_key_mandatory","oauth2"],"tags":["service","customer","order"],"tiers":[{"tierName":"Bronze","tierPlan":"FREE","monetizationAttributes":null},{"tierName":"Gold","tierPlan":"FREE","monetizationAttributes":null}],"hasThumbnail":false,"additionalProperties":[],"monetization":{"enabled":false},"endpointURLs":[{"environmentName":"Default","environmentDisplayName":"Default","environmentType":"hybrid","URLs":{"http":"http://localhost:8280/jaxrs/1.0.0","https":"https://localhost:8243/jaxrs/1.0.0","ws":null,"wss":null},"defaultVersionURLs":{"http":"http://localhost:8280/jaxrs","https":"https://localhost:8243/jaxrs","ws":null,"wss":null}}],"businessInformation":{"businessOwner":null,"businessOwnerEmail":null,"technicalOwner":null,"technicalOwnerEmail":null},"environmentList":["Default"],"scopes":[],"avgRating":"0.0","subscriptions":1,"advertiseInfo":{"advertised":false,"apiExternalProductionEndpoint":null,"apiExternalSandboxEndpoint":null,"originalDevPortalUrl":null,"apiOwner":"admin","vendor":"WSO2"},"isSubscriptionAvailable":true,"categories":[],"keyManagers":["all"],"createdTime":"2025-05-07 02:34:09.284","lastUpdatedTime":null,"gatewayVendor":"wso2","asyncTransportProtocols":[],"egress":false,"subtype":"DEFAULT"}
May 07, 2025 8:05:02 AM okhttp3.internal.platform.Platform log
INFO: <-- END HTTP (2872-byte body)
]]></system-err>
  </testcase>
</testsuite>