<?xml version="1.0" encoding="UTF-8"?>
<!-- Generated by org.testng.reporters.JUnitReportReporter -->
<testsuite hostname="abisherk-ThinkPad-X1-Carbon-Gen-8" failures="0" tests="1" name="org.wso2.am.integration.cucumbertests.runners.testrunner" time="645.578" errors="0" timestamp="2025-05-07T08:05:05 IST" skipped="0">
  <testcase classname="org.wso2.am.integration.cucumbertests.runners.testrunner" name="runScenario" time="645.578"/>
  <system-out/>
</testsuite> <!-- org.wso2.am.integration.cucumbertests.runners.testrunner -->
