<?xml version="1.0" encoding="UTF-8"?>
<testsuite xmlns:xsi="http://www.w3.org/2001/XMLSchema-instance" xsi:noNamespaceSchemaLocation="https://maven.apache.org/surefire/maven-surefire-plugin/xsd/surefire-test-report-3.0.xsd" version="3.0" name="TestSuite" time="6.024" tests="0" errors="0" skipped="0" failures="0">
  <properties>
    <property name="java.specification.version" value="21"/>
    <property name="javax.net.ssl.trustStorePassword" value="changeit"/>
    <property name="sun.jnu.encoding" value="UTF-8"/>
    <property name="java.class.path" value="/home/abisherk/Internship/InternProject/apim-test-framework-testcontainers/tests-integration/backends-tests/target/test-classes:/home/abisherk/Internship/InternProject/apim-test-framework-testcontainers/tests-integration/backends-tests/target/classes:/home/abisherk/Internship/InternProject/apim-test-framework-testcontainers/tests-common/testcontainers/target/classes:/home/abisherk/.m2/repository/org/wso2/am/admin-clients/1.0-SNAPSHOT/admin-clients-1.0-SNAPSHOT.jar:/home/abisherk/.m2/repository/com/sun/xml/stream/buffer/streambuffer/2.1.0/streambuffer-2.1.0.jar:/home/abisherk/.m2/repository/org/jvnet/staxex/stax-ex/1.8/stax-ex-1.8.jar:/home/abisherk/.m2/repository/javax/activation/activation/1.1/activation-1.1.jar:/home/abisherk/.m2/repository/org/apache/axis2/axis2-adb/1.8.0/axis2-adb-1.8.0.jar:/home/abisherk/.m2/repository/org/apache/ws/commons/axiom/axiom-dom/1.3.0/axiom-dom-1.3.0.jar:/home/abisherk/.m2/repository/org/apache/axis2/axis2-kernel/1.8.2/axis2-kernel-1.8.2.jar:/home/abisherk/.m2/repository/javax/transaction/javax.transaction-api/1.3/javax.transaction-api-1.3.jar:/home/abisherk/.m2/repository/javax/servlet/javax.servlet-api/3.1.0/javax.servlet-api-3.1.0.jar:/home/abisherk/.m2/repository/commons-fileupload/commons-fileupload/1.4/commons-fileupload-1.4.jar:/home/abisherk/.m2/repository/wsdl4j/wsdl4j/1.6.3/wsdl4j-1.6.3.jar:/home/abisherk/.m2/repository/org/apache/ws/xmlschema/xmlschema-core/2.3.0/xmlschema-core-2.3.0.jar:/home/abisherk/.m2/repository/org/apache/neethi/neethi/3.2.0/neethi-3.2.0.jar:/home/abisherk/.m2/repository/org/apache/woden/woden-core/1.0M10/woden-core-1.0M10.jar:/home/abisherk/.m2/repository/javax/ws/rs/jsr311-api/1.1.1/jsr311-api-1.1.1.jar:/home/abisherk/.m2/repository/org/apache/httpcomponents/httpclient/4.5.13/httpclient-4.5.13.jar:/home/abisherk/.m2/repository/commons-codec/commons-codec/1.11/commons-codec-1.11.jar:/home/abisherk/.m2/repository/org/apache/httpcomponents/httpcore/4.4.13/httpcore-4.4.13.jar:/home/abisherk/.m2/repository/org/apache/axis2/axis2-transport-local/1.8.2/axis2-transport-local-1.8.2.jar:/home/abisherk/.m2/repository/commons-logging/commons-logging/1.2/commons-logging-1.2.jar:/home/abisherk/.m2/repository/org/apache/axis2/axis2-xmlbeans/2.0.0/axis2-xmlbeans-2.0.0.jar:/home/abisherk/.m2/repository/org/apache/xmlbeans/xmlbeans/3.0.1/xmlbeans-3.0.1.jar:/home/abisherk/.m2/repository/org/apache/ws/commons/axiom/axiom-api/1.3.0/axiom-api-1.3.0.jar:/home/abisherk/.m2/repository/jaxen/jaxen/1.2.0/jaxen-1.2.0.jar:/home/abisherk/.m2/repository/org/apache/james/apache-mime4j-core/0.8.4/apache-mime4j-core-0.8.4.jar:/home/abisherk/.m2/repository/org/apache/ws/commons/axiom/axiom-impl/1.3.0/axiom-impl-1.3.0.jar:/home/abisherk/.m2/repository/org/apache/geronimo/specs/geronimo-ws-metadata_2.0_spec/1.1.3/geronimo-ws-metadata_2.0_spec-1.1.3.jar:/home/abisherk/.m2/repository/org/testng/testng/7.10.2/testng-7.10.2.jar:/home/abisherk/.m2/repository/com/beust/jcommander/1.82/jcommander-1.82.jar:/home/abisherk/.m2/repository/org/webjars/jquery/3.7.1/jquery-3.7.1.jar:/home/abisherk/.m2/repository/org/apache/axis2/axis2-transport-http/1.6.1/axis2-transport-http-1.6.1.jar:/home/abisherk/Internship/InternProject/apim-test-framework-testcontainers/tests-common/integration-test-utils/target/classes:/home/abisherk/.m2/repository/com/google/code/gson/gson/2.10.1/gson-2.10.1.jar:/home/abisherk/Internship/InternProject/apim-test-framework-testcontainers/tests-common/clients/publisher/target/classes:/home/abisherk/.m2/repository/io/swagger/swagger-annotations/1.5.22/swagger-annotations-1.5.22.jar:/home/abisherk/.m2/repository/com/squareup/okhttp3/logging-interceptor/4.9.0/logging-interceptor-4.9.0.jar:/home/abisherk/.m2/repository/org/jetbrains/kotlin/kotlin-stdlib-jdk8/1.4.10/kotlin-stdlib-jdk8-1.4.10.jar:/home/abisherk/.m2/repository/org/jetbrains/kotlin/kotlin-stdlib-jdk7/1.4.10/kotlin-stdlib-jdk7-1.4.10.jar:/home/abisherk/.m2/repository/io/gsonfire/gson-fire/1.8.3/gson-fire-1.8.3.jar:/home/abisherk/.m2/repository/org/apache/oltu/oauth2/org.apache.oltu.oauth2.client/1.0.1/org.apache.oltu.oauth2.client-1.0.1.jar:/home/abisherk/.m2/repository/org/apache/oltu/oauth2/org.apache.oltu.oauth2.common/1.0.1/org.apache.oltu.oauth2.common-1.0.1.jar:/home/abisherk/.m2/repository/org/json/json/20140107/json-20140107.jar:/home/abisherk/Internship/InternProject/apim-test-framework-testcontainers/tests-common/clients/admin/target/classes:/home/abisherk/Internship/InternProject/apim-test-framework-testcontainers/tests-common/clients/store/target/classes:/home/abisherk/.m2/repository/com/squareup/okhttp3/okhttp/4.9.0/okhttp-4.9.0.jar:/home/abisherk/.m2/repository/com/squareup/okio/okio/2.8.0/okio-2.8.0.jar:/home/abisherk/.m2/repository/org/jetbrains/kotlin/kotlin-stdlib-common/1.4.0/kotlin-stdlib-common-1.4.0.jar:/home/abisherk/.m2/repository/org/jetbrains/kotlin/kotlin-stdlib/1.4.10/kotlin-stdlib-1.4.10.jar:/home/abisherk/.m2/repository/org/apache/commons/commons-lang3/3.0/commons-lang3-3.0.jar:/home/abisherk/.m2/repository/commons-io/commons-io/2.18.0/commons-io-2.18.0.jar:/home/abisherk/Internship/InternProject/apim-test-framework-testcontainers/tests-common/clients/gateway/target/classes:/home/abisherk/.m2/repository/com/squareup/okhttp/logging-interceptor/2.7.5/logging-interceptor-2.7.5.jar:/home/abisherk/.m2/repository/com/squareup/okhttp/okhttp/2.7.5/okhttp-2.7.5.jar:/home/abisherk/.m2/repository/com/googlecode/json-simple/json-simple/1.1/json-simple-1.1.jar:/home/abisherk/.m2/repository/org/wso2/carbon/automation/org.wso2.carbon.automation.test.utils/4.4.12/org.wso2.carbon.automation.test.utils-4.4.12.jar:/home/abisherk/.m2/repository/org/seleniumhq/selenium/selenium-java/2.43.0/selenium-java-2.43.0.jar:/home/abisherk/.m2/repository/org/seleniumhq/selenium/selenium-chrome-driver/2.43.0/selenium-chrome-driver-2.43.0.jar:/home/abisherk/.m2/repository/org/seleniumhq/selenium/selenium-remote-driver/2.43.0/selenium-remote-driver-2.43.0.jar:/home/abisherk/.m2/repository/cglib/cglib-nodep/2.1_3/cglib-nodep-2.1_3.jar:/home/abisherk/.m2/repository/org/seleniumhq/selenium/selenium-api/2.43.0/selenium-api-2.43.0.jar:/home/abisherk/.m2/repository/com/google/guava/guava/15.0/guava-15.0.jar:/home/abisherk/.m2/repository/org/seleniumhq/selenium/selenium-htmlunit-driver/2.43.0/selenium-htmlunit-driver-2.43.0.jar:/home/abisherk/.m2/repository/net/sourceforge/htmlunit/htmlunit/2.15/htmlunit-2.15.jar:/home/abisherk/.m2/repository/xalan/xalan/2.7.1/xalan-2.7.1.jar:/home/abisherk/.m2/repository/xalan/serializer/2.7.1/serializer-2.7.1.jar:/home/abisherk/.m2/repository/net/sourceforge/htmlunit/htmlunit-core-js/2.15/htmlunit-core-js-2.15.jar:/home/abisherk/.m2/repository/xerces/xercesImpl/2.11.0/xercesImpl-2.11.0.jar:/home/abisherk/.m2/repository/net/sourceforge/nekohtml/nekohtml/1.9.21/nekohtml-1.9.21.jar:/home/abisherk/.m2/repository/net/sourceforge/cssparser/cssparser/0.9.14/cssparser-0.9.14.jar:/home/abisherk/.m2/repository/org/w3c/css/sac/1.3/sac-1.3.jar:/home/abisherk/.m2/repository/org/eclipse/jetty/jetty-websocket/8.1.15.v20140411/jetty-websocket-8.1.15.v20140411.jar:/home/abisherk/.m2/repository/org/eclipse/jetty/jetty-util/8.1.15.v20140411/jetty-util-8.1.15.v20140411.jar:/home/abisherk/.m2/repository/org/eclipse/jetty/jetty-io/8.1.15.v20140411/jetty-io-8.1.15.v20140411.jar:/home/abisherk/.m2/repository/org/eclipse/jetty/jetty-http/8.1.15.v20140411/jetty-http-8.1.15.v20140411.jar:/home/abisherk/.m2/repository/org/seleniumhq/selenium/selenium-firefox-driver/2.43.0/selenium-firefox-driver-2.43.0.jar:/home/abisherk/.m2/repository/org/apache/commons/commons-exec/1.1/commons-exec-1.1.jar:/home/abisherk/.m2/repository/org/seleniumhq/selenium/selenium-ie-driver/2.43.0/selenium-ie-driver-2.43.0.jar:/home/abisherk/.m2/repository/net/java/dev/jna/platform/3.4.0/platform-3.4.0.jar:/home/abisherk/.m2/repository/org/seleniumhq/selenium/selenium-safari-driver/2.43.0/selenium-safari-driver-2.43.0.jar:/home/abisherk/.m2/repository/org/seleniumhq/selenium/selenium-support/2.43.0/selenium-support-2.43.0.jar:/home/abisherk/.m2/repository/org/webbitserver/webbit/0.4.15/webbit-0.4.15.jar:/home/abisherk/.m2/repository/io/netty/netty/3.5.5.Final/netty-3.5.5.Final.jar:/home/abisherk/.m2/repository/org/apache/derby/derbynet/10.8.2.2/derbynet-10.8.2.2.jar:/home/abisherk/.m2/repository/org/apache/derby/derby/10.8.2.2/derby-10.8.2.2.jar:/home/abisherk/.m2/repository/org/wso2/carbon/automation/org.wso2.carbon.automation.engine/4.4.12/org.wso2.carbon.automation.engine-4.4.12.jar:/home/abisherk/.m2/repository/org/jacoco/org.jacoco.core/0.7.5.201505241946/org.jacoco.core-0.7.5.201505241946.jar:/home/abisherk/.m2/repository/org/ow2/asm/asm-debug-all/5.0.1/asm-debug-all-5.0.1.jar:/home/abisherk/.m2/repository/org/jacoco/org.jacoco.report/0.7.5.201505241946/org.jacoco.report-0.7.5.201505241946.jar:/home/abisherk/.m2/repository/org/codehaus/plexus/plexus-utils/3.0.22/plexus-utils-3.0.22.jar:/home/abisherk/.m2/repository/commons-collections/commons-collections/3.2.1/commons-collections-3.2.1.jar:/home/abisherk/.m2/repository/org/apache/axis2/wso2/axis2/1.6.1-wso2v37/axis2-1.6.1-wso2v37.jar:/home/abisherk/.m2/repository/org/apache/ws/commons/axiom/wso2/axiom/1.2.11-wso2v16/axiom-1.2.11-wso2v16.jar:/home/abisherk/.m2/repository/org/apache/geronimo/specs/wso2/geronimo-stax-api_1.0_spec/1.0.1.wso2v2/geronimo-stax-api_1.0_spec-1.0.1.wso2v2.jar:/home/abisherk/.m2/repository/org/apache/geronimo/specs/geronimo-stax-api_1.0_spec/1.0.1/geronimo-stax-api_1.0_spec-1.0.1.jar:/home/abisherk/.m2/repository/org/codehaus/woodstox/woodstox-core-asl/4.2.0/woodstox-core-asl-4.2.0.jar:/home/abisherk/.m2/repository/org/wso2/apache/httpcomponents/httpclient/4.3.1.wso2v1/httpclient-4.3.1.wso2v1.jar:/home/abisherk/.m2/repository/com/icegreen/greenmail/1.3.1b/greenmail-1.3.1b.jar:/home/abisherk/.m2/repository/javax/mail/mail/1.4/mail-1.4.jar:/home/abisherk/.m2/repository/org/wso2/carbon/apimgt/org.wso2.carbon.apimgt.api/9.31.94/org.wso2.carbon.apimgt.api-9.31.94.jar:/home/abisherk/.m2/repository/org/wso2/orbit/com/jayway/jsonpath/json-path/2.9.0.wso2v1/json-path-2.9.0.wso2v1.jar:/home/abisherk/.m2/repository/org/wso2/carbon/org.wso2.carbon.registry.api/4.9.28/org.wso2.carbon.registry.api-4.9.28.jar:/home/abisherk/.m2/repository/org/wso2/carbon/identity/framework/org.wso2.carbon.user.mgt.stub/5.25.724/org.wso2.carbon.user.mgt.stub-5.25.724.jar:/home/abisherk/.m2/repository/org/apache/axis2/wso2/axis2-client/1.6.1-wso2v40/axis2-client-1.6.1-wso2v40.jar:/home/abisherk/.m2/repository/org/apache/ws/commons/schema/wso2/XmlSchema/1.4.7.wso2v3/XmlSchema-1.4.7.wso2v3.jar:/home/abisherk/.m2/repository/org/wso2/orbit/org/apache/neethi/neethi/2.0.4.wso2v5/neethi-2.0.4.wso2v5.jar:/home/abisherk/.m2/repository/org/apache/axis2/wso2/axis2-json/1.6.1-wso2v40/axis2-json-1.6.1-wso2v40.jar:/home/abisherk/.m2/repository/org/apache/woden/wso2/woden/1.0.0.M8-wso2v1/woden-1.0.0.M8-wso2v1.jar:/home/abisherk/.m2/repository/wsdl4j/wso2/wsdl4j/1.6.2.wso2v2/wsdl4j-1.6.2.wso2v2.jar:/home/abisherk/.m2/repository/org/apache/httpcomponents/wso2/httpcore/4.3.0.wso2v1/httpcore-4.3.0.wso2v1.jar:/home/abisherk/.m2/repository/commons-codec/wso2/commons-codec/1.3.0.wso2v1/commons-codec-1.3.0.wso2v1.jar:/home/abisherk/.m2/repository/org/wso2/orbit/javax/activation/activation/1.1.1.wso2v1/activation-1.1.1.wso2v1.jar:/home/abisherk/.m2/repository/org/wso2/carbon/org.wso2.carbon.user.api/4.5.2/org.wso2.carbon.user.api-4.5.2.jar:/home/abisherk/.m2/repository/org/wso2/orbit/graphQL/graphQL/19.11.wso2v1/graphQL-19.11.wso2v1.jar:/home/abisherk/.m2/repository/com/graphql-java/graphql-java/19.11/graphql-java-19.11.jar:/home/abisherk/.m2/repository/org/antlr/antlr4-runtime/4.9.3/antlr4-runtime-4.9.3.jar:/home/abisherk/.m2/repository/org/reactivestreams/reactive-streams/1.0.3/reactive-streams-1.0.3.jar:/home/abisherk/.m2/repository/com/graphql-java/java-dataloader/3.2.0/java-dataloader-3.2.0.jar:/home/abisherk/.m2/repository/org/wso2/carbon/org.wso2.carbon.utils/4.10.44/org.wso2.carbon.utils-4.10.44.jar:/home/abisherk/.m2/repository/org/wso2/orbit/org/bouncycastle/bcprov-jdk18on/1.78.1.wso2v1/bcprov-jdk18on-1.78.1.wso2v1.jar:/home/abisherk/.m2/repository/org/bouncycastle/bcprov-jdk18on/1.78.1/bcprov-jdk18on-1.78.1.jar:/home/abisherk/.m2/repository/org/wso2/carbon/org.wso2.carbon.bootstrap/4.10.44/org.wso2.carbon.bootstrap-4.10.44.jar:/home/abisherk/.m2/repository/wrapper/wrapper/3.2.3/wrapper-3.2.3.jar:/home/abisherk/.m2/repository/org/wso2/carbon/org.wso2.carbon.queuing/4.10.44/org.wso2.carbon.queuing-4.10.44.jar:/home/abisherk/.m2/repository/org/wso2/carbon/org.wso2.carbon.base/4.10.44/org.wso2.carbon.base-4.10.44.jar:/home/abisherk/.m2/repository/org/wso2/securevault/org.wso2.securevault/1.1.10/org.wso2.securevault-1.1.10.jar:/home/abisherk/.m2/repository/jline/jline/0.9.94/jline-0.9.94.jar:/home/abisherk/.m2/repository/commons-cli/commons-cli/1.0/commons-cli-1.0.jar:/home/abisherk/.m2/repository/commons-lang/commons-lang/1.0/commons-lang-1.0.jar:/home/abisherk/.m2/repository/org/wso2/carbon/org.wso2.carbon.securevault/4.10.44/org.wso2.carbon.securevault-4.10.44.jar:/home/abisherk/.m2/repository/org/wso2/eclipse/osgi/org.eclipse.osgi.services/3.5.100.v20160504-1419/org.eclipse.osgi.services-3.5.100.v20160504-1419.jar:/home/abisherk/.m2/repository/xml-apis/xml-apis/1.4.01/xml-apis-1.4.01.jar:/home/abisherk/.m2/repository/org/eclipse/platform/org.eclipse.osgi/3.14.0/org.eclipse.osgi-3.14.0.jar:/home/abisherk/.m2/repository/org/igniterealtime/smack/wso2/smack/3.0.4.wso2v1/smack-3.0.4.wso2v1.jar:/home/abisherk/.m2/repository/org/igniterealtime/smack/wso2/smackx/3.0.4.wso2v1/smackx-3.0.4.wso2v1.jar:/home/abisherk/.m2/repository/org/wso2/orbit/xerces/xercesImpl/2.12.2.wso2v1/xercesImpl-2.12.2.wso2v1.jar:/home/abisherk/.m2/repository/org/wso2/orbit/commons-fileupload/commons-fileupload/1.5.0.wso2v2/commons-fileupload-1.5.0.wso2v2.jar:/home/abisherk/.m2/repository/org/apache/ant/wso2/ant/1.10.12.wso2v1/ant-1.10.12.wso2v1.jar:/home/abisherk/.m2/repository/org/apache/ant/ant/1.10.12/ant-1.10.12.jar:/home/abisherk/.m2/repository/org/apache/ant/ant-launcher/1.10.12/ant-launcher-1.10.12.jar:/home/abisherk/.m2/repository/org/eclipse/equinox/javax.servlet/3.0.0.v201112011016/javax.servlet-3.0.0.v201112011016.jar:/home/abisherk/.m2/repository/org/wso2/orbit/commons-httpclient/commons-httpclient/3.1.0.wso2v6/commons-httpclient-3.1.0.wso2v6.jar:/home/abisherk/.m2/repository/commons-lang/wso2/commons-lang/2.6.0.wso2v1/commons-lang-2.6.0.wso2v1.jar:/home/abisherk/.m2/repository/org/osgi/org.osgi.service.component.annotations/1.3.0/org.osgi.service.component.annotations-1.3.0.jar:/home/abisherk/.m2/repository/org/osgi/org.osgi.annotation/6.0.0/org.osgi.annotation-6.0.0.jar:/home/abisherk/.m2/repository/org/osgi/org.osgi.service.metatype.annotations/1.3.0/org.osgi.service.metatype.annotations-1.3.0.jar:/home/abisherk/.m2/repository/org/wso2/orbit/org/apache/httpcomponents/httpclient/4.5.13.wso2v1/httpclient-4.5.13.wso2v1.jar:/home/abisherk/.m2/repository/org/wso2/orbit/org/apache/commons/commons-lang3/3.4.0.wso2v1/commons-lang3-3.4.0.wso2v1.jar:/home/abisherk/.m2/repository/org/slf4j/slf4j-api/1.7.36/slf4j-api-1.7.36.jar:/home/abisherk/.m2/repository/ch/qos/logback/logback-classic/1.2.11/logback-classic-1.2.11.jar:/home/abisherk/.m2/repository/ch/qos/logback/logback-core/1.2.11/logback-core-1.2.11.jar:/home/abisherk/.m2/repository/org/testcontainers/testcontainers/1.20.4/testcontainers-1.20.4.jar:/home/abisherk/.m2/repository/junit/junit/4.13.2/junit-4.13.2.jar:/home/abisherk/.m2/repository/org/hamcrest/hamcrest-core/1.3/hamcrest-core-1.3.jar:/home/abisherk/.m2/repository/org/apache/commons/commons-compress/1.24.0/commons-compress-1.24.0.jar:/home/abisherk/.m2/repository/org/rnorth/duct-tape/duct-tape/1.0.8/duct-tape-1.0.8.jar:/home/abisherk/.m2/repository/org/jetbrains/annotations/17.0.0/annotations-17.0.0.jar:/home/abisherk/.m2/repository/com/github/docker-java/docker-java-api/3.4.0/docker-java-api-3.4.0.jar:/home/abisherk/.m2/repository/com/github/docker-java/docker-java-transport-zerodep/3.4.0/docker-java-transport-zerodep-3.4.0.jar:/home/abisherk/.m2/repository/com/github/docker-java/docker-java-transport/3.4.0/docker-java-transport-3.4.0.jar:/home/abisherk/.m2/repository/net/java/dev/jna/jna/5.13.0/jna-5.13.0.jar:/home/abisherk/.m2/repository/io/rest-assured/rest-assured/5.3.0/rest-assured-5.3.0.jar:/home/abisherk/.m2/repository/org/apache/groovy/groovy/4.0.6/groovy-4.0.6.jar:/home/abisherk/.m2/repository/org/apache/groovy/groovy-xml/4.0.6/groovy-xml-4.0.6.jar:/home/abisherk/.m2/repository/org/apache/httpcomponents/httpmime/4.5.13/httpmime-4.5.13.jar:/home/abisherk/.m2/repository/org/ccil/cowan/tagsoup/tagsoup/1.2.1/tagsoup-1.2.1.jar:/home/abisherk/.m2/repository/org/hamcrest/hamcrest/2.2/hamcrest-2.2.jar:/home/abisherk/.m2/repository/io/rest-assured/xml-path/5.4.0/xml-path-5.4.0.jar:/home/abisherk/.m2/repository/io/rest-assured/rest-assured-common/5.4.0/rest-assured-common-5.4.0.jar:/home/abisherk/.m2/repository/io/rest-assured/json-path/5.4.0/json-path-5.4.0.jar:/home/abisherk/.m2/repository/org/apache/groovy/groovy-json/4.0.16/groovy-json-4.0.16.jar:/home/abisherk/.m2/repository/com/fasterxml/jackson/core/jackson-databind/2.16.1/jackson-databind-2.16.1.jar:/home/abisherk/.m2/repository/com/fasterxml/jackson/core/jackson-annotations/2.16.1/jackson-annotations-2.16.1.jar:/home/abisherk/.m2/repository/com/fasterxml/jackson/core/jackson-core/2.16.1/jackson-core-2.16.1.jar:/home/abisherk/.m2/repository/jakarta/xml/ws/jakarta.xml.ws-api/4.0.2/jakarta.xml.ws-api-4.0.2.jar:/home/abisherk/.m2/repository/jakarta/xml/bind/jakarta.xml.bind-api/4.0.2/jakarta.xml.bind-api-4.0.2.jar:/home/abisherk/.m2/repository/jakarta/xml/soap/jakarta.xml.soap-api/3.0.2/jakarta.xml.soap-api-3.0.2.jar:/home/abisherk/.m2/repository/com/sun/xml/ws/jaxws-tools/4.0.3/jaxws-tools-4.0.3.jar:/home/abisherk/.m2/repository/com/sun/xml/bind/jaxb-xjc/4.0.5/jaxb-xjc-4.0.5.jar:/home/abisherk/.m2/repository/com/sun/xml/bind/jaxb-core/4.0.5/jaxb-core-4.0.5.jar:/home/abisherk/.m2/repository/com/sun/xml/bind/jaxb-jxc/4.0.5/jaxb-jxc-4.0.5.jar:/home/abisherk/.m2/repository/jakarta/activation/jakarta.activation-api/2.1.3/jakarta.activation-api-2.1.3.jar:/home/abisherk/.m2/repository/jakarta/annotation/jakarta.annotation-api/3.0.0/jakarta.annotation-api-3.0.0.jar:/home/abisherk/.m2/repository/com/sun/xml/ws/jaxws-rt/4.0.3/jaxws-rt-4.0.3.jar:/home/abisherk/.m2/repository/com/sun/xml/bind/jaxb-impl/4.0.5/jaxb-impl-4.0.5.jar:/home/abisherk/.m2/repository/org/glassfish/ha/ha-api/3.1.13/ha-api-3.1.13.jar:/home/abisherk/.m2/repository/org/glassfish/external/management-api/3.2.3/management-api-3.2.3.jar:/home/abisherk/.m2/repository/org/glassfish/gmbal/gmbal-api-only/4.0.3/gmbal-api-only-4.0.3.jar:/home/abisherk/.m2/repository/org/jvnet/mimepull/mimepull/1.10.0/mimepull-1.10.0.jar:/home/abisherk/.m2/repository/com/sun/xml/fastinfoset/FastInfoset/2.1.1/FastInfoset-2.1.1.jar:/home/abisherk/.m2/repository/jakarta/mail/jakarta.mail-api/2.1.3/jakarta.mail-api-2.1.3.jar:/home/abisherk/.m2/repository/org/eclipse/angus/angus-activation/2.0.2/angus-activation-2.0.2.jar:/home/abisherk/.m2/repository/org/eclipse/angus/angus-mail/2.0.3/angus-mail-2.0.3.jar:/home/abisherk/.m2/repository/com/sun/xml/messaging/saaj/saaj-impl/3.0.4/saaj-impl-3.0.4.jar:/home/abisherk/.m2/repository/com/fasterxml/woodstox/woodstox-core/7.0.0/woodstox-core-7.0.0.jar:/home/abisherk/.m2/repository/org/codehaus/woodstox/stax2-api/4.2.2/stax2-api-4.2.2.jar:/home/abisherk/.m2/repository/javax/ws/rs/javax.ws.rs-api/2.1.1/javax.ws.rs-api-2.1.1.jar:/home/abisherk/.m2/repository/javax/annotation/javax.annotation-api/1.3.2/javax.annotation-api-1.3.2.jar:/home/abisherk/.m2/repository/javax/xml/bind/jaxb-api/2.3.1/jaxb-api-2.3.1.jar:/home/abisherk/.m2/repository/javax/activation/javax.activation-api/1.2.0/javax.activation-api-1.2.0.jar:/home/abisherk/.m2/repository/org/glassfish/jaxb/jaxb-runtime/2.3.1/jaxb-runtime-2.3.1.jar:/home/abisherk/.m2/repository/org/glassfish/jaxb/txw2/2.3.1/txw2-2.3.1.jar:/home/abisherk/.m2/repository/com/sun/istack/istack-commons-runtime/3.0.7/istack-commons-runtime-3.0.7.jar:/home/abisherk/.m2/repository/com/google/code/findbugs/jsr305/3.0.2/jsr305-3.0.2.jar:"/>
    <property name="java.vm.vendor" value="Ubuntu"/>
    <property name="sun.arch.data.model" value="64"/>
    <property name="java.vendor.url" value="https://ubuntu.com/"/>
    <property name="user.timezone" value="Asia/Colombo"/>
    <property name="os.name" value="Linux"/>
    <property name="java.vm.specification.version" value="21"/>
    <property name="sun.java.launcher" value="SUN_STANDARD"/>
    <property name="user.country" value="US"/>
    <property name="testcontainers.reuse.enable" value="true"/>
    <property name="sun.boot.library.path" value="/usr/lib/jvm/java-21-openjdk-amd64/lib"/>
    <property name="sun.java.command" value="/home/abisherk/Internship/InternProject/apim-test-framework-testcontainers/tests-integration/backends-tests/target/surefire/surefirebooter-20250507080931628_3.jar /home/abisherk/Internship/InternProject/apim-test-framework-testcontainers/tests-integration/backends-tests/target/surefire 2025-05-07T08-06-40_751-jvmRun1 surefire-20250507080931628_1tmp surefire_0-20250507080931628_2tmp"/>
    <property name="jdk.debug" value="release"/>
    <property name="surefire.test.class.path" value="/home/abisherk/Internship/InternProject/apim-test-framework-testcontainers/tests-integration/backends-tests/target/test-classes:/home/abisherk/Internship/InternProject/apim-test-framework-testcontainers/tests-integration/backends-tests/target/classes:/home/abisherk/Internship/InternProject/apim-test-framework-testcontainers/tests-common/testcontainers/target/classes:/home/abisherk/.m2/repository/org/wso2/am/admin-clients/1.0-SNAPSHOT/admin-clients-1.0-SNAPSHOT.jar:/home/abisherk/.m2/repository/com/sun/xml/stream/buffer/streambuffer/2.1.0/streambuffer-2.1.0.jar:/home/abisherk/.m2/repository/org/jvnet/staxex/stax-ex/1.8/stax-ex-1.8.jar:/home/abisherk/.m2/repository/javax/activation/activation/1.1/activation-1.1.jar:/home/abisherk/.m2/repository/org/apache/axis2/axis2-adb/1.8.0/axis2-adb-1.8.0.jar:/home/abisherk/.m2/repository/org/apache/ws/commons/axiom/axiom-dom/1.3.0/axiom-dom-1.3.0.jar:/home/abisherk/.m2/repository/org/apache/axis2/axis2-kernel/1.8.2/axis2-kernel-1.8.2.jar:/home/abisherk/.m2/repository/javax/transaction/javax.transaction-api/1.3/javax.transaction-api-1.3.jar:/home/abisherk/.m2/repository/javax/servlet/javax.servlet-api/3.1.0/javax.servlet-api-3.1.0.jar:/home/abisherk/.m2/repository/commons-fileupload/commons-fileupload/1.4/commons-fileupload-1.4.jar:/home/abisherk/.m2/repository/wsdl4j/wsdl4j/1.6.3/wsdl4j-1.6.3.jar:/home/abisherk/.m2/repository/org/apache/ws/xmlschema/xmlschema-core/2.3.0/xmlschema-core-2.3.0.jar:/home/abisherk/.m2/repository/org/apache/neethi/neethi/3.2.0/neethi-3.2.0.jar:/home/abisherk/.m2/repository/org/apache/woden/woden-core/1.0M10/woden-core-1.0M10.jar:/home/abisherk/.m2/repository/javax/ws/rs/jsr311-api/1.1.1/jsr311-api-1.1.1.jar:/home/abisherk/.m2/repository/org/apache/httpcomponents/httpclient/4.5.13/httpclient-4.5.13.jar:/home/abisherk/.m2/repository/commons-codec/commons-codec/1.11/commons-codec-1.11.jar:/home/abisherk/.m2/repository/org/apache/httpcomponents/httpcore/4.4.13/httpcore-4.4.13.jar:/home/abisherk/.m2/repository/org/apache/axis2/axis2-transport-local/1.8.2/axis2-transport-local-1.8.2.jar:/home/abisherk/.m2/repository/commons-logging/commons-logging/1.2/commons-logging-1.2.jar:/home/abisherk/.m2/repository/org/apache/axis2/axis2-xmlbeans/2.0.0/axis2-xmlbeans-2.0.0.jar:/home/abisherk/.m2/repository/org/apache/xmlbeans/xmlbeans/3.0.1/xmlbeans-3.0.1.jar:/home/abisherk/.m2/repository/org/apache/ws/commons/axiom/axiom-api/1.3.0/axiom-api-1.3.0.jar:/home/abisherk/.m2/repository/jaxen/jaxen/1.2.0/jaxen-1.2.0.jar:/home/abisherk/.m2/repository/org/apache/james/apache-mime4j-core/0.8.4/apache-mime4j-core-0.8.4.jar:/home/abisherk/.m2/repository/org/apache/ws/commons/axiom/axiom-impl/1.3.0/axiom-impl-1.3.0.jar:/home/abisherk/.m2/repository/org/apache/geronimo/specs/geronimo-ws-metadata_2.0_spec/1.1.3/geronimo-ws-metadata_2.0_spec-1.1.3.jar:/home/abisherk/.m2/repository/org/testng/testng/7.10.2/testng-7.10.2.jar:/home/abisherk/.m2/repository/com/beust/jcommander/1.82/jcommander-1.82.jar:/home/abisherk/.m2/repository/org/webjars/jquery/3.7.1/jquery-3.7.1.jar:/home/abisherk/.m2/repository/org/apache/axis2/axis2-transport-http/1.6.1/axis2-transport-http-1.6.1.jar:/home/abisherk/Internship/InternProject/apim-test-framework-testcontainers/tests-common/integration-test-utils/target/classes:/home/abisherk/.m2/repository/com/google/code/gson/gson/2.10.1/gson-2.10.1.jar:/home/abisherk/Internship/InternProject/apim-test-framework-testcontainers/tests-common/clients/publisher/target/classes:/home/abisherk/.m2/repository/io/swagger/swagger-annotations/1.5.22/swagger-annotations-1.5.22.jar:/home/abisherk/.m2/repository/com/squareup/okhttp3/logging-interceptor/4.9.0/logging-interceptor-4.9.0.jar:/home/abisherk/.m2/repository/org/jetbrains/kotlin/kotlin-stdlib-jdk8/1.4.10/kotlin-stdlib-jdk8-1.4.10.jar:/home/abisherk/.m2/repository/org/jetbrains/kotlin/kotlin-stdlib-jdk7/1.4.10/kotlin-stdlib-jdk7-1.4.10.jar:/home/abisherk/.m2/repository/io/gsonfire/gson-fire/1.8.3/gson-fire-1.8.3.jar:/home/abisherk/.m2/repository/org/apache/oltu/oauth2/org.apache.oltu.oauth2.client/1.0.1/org.apache.oltu.oauth2.client-1.0.1.jar:/home/abisherk/.m2/repository/org/apache/oltu/oauth2/org.apache.oltu.oauth2.common/1.0.1/org.apache.oltu.oauth2.common-1.0.1.jar:/home/abisherk/.m2/repository/org/json/json/20140107/json-20140107.jar:/home/abisherk/Internship/InternProject/apim-test-framework-testcontainers/tests-common/clients/admin/target/classes:/home/abisherk/Internship/InternProject/apim-test-framework-testcontainers/tests-common/clients/store/target/classes:/home/abisherk/.m2/repository/com/squareup/okhttp3/okhttp/4.9.0/okhttp-4.9.0.jar:/home/abisherk/.m2/repository/com/squareup/okio/okio/2.8.0/okio-2.8.0.jar:/home/abisherk/.m2/repository/org/jetbrains/kotlin/kotlin-stdlib-common/1.4.0/kotlin-stdlib-common-1.4.0.jar:/home/abisherk/.m2/repository/org/jetbrains/kotlin/kotlin-stdlib/1.4.10/kotlin-stdlib-1.4.10.jar:/home/abisherk/.m2/repository/org/apache/commons/commons-lang3/3.0/commons-lang3-3.0.jar:/home/abisherk/.m2/repository/commons-io/commons-io/2.18.0/commons-io-2.18.0.jar:/home/abisherk/Internship/InternProject/apim-test-framework-testcontainers/tests-common/clients/gateway/target/classes:/home/abisherk/.m2/repository/com/squareup/okhttp/logging-interceptor/2.7.5/logging-interceptor-2.7.5.jar:/home/abisherk/.m2/repository/com/squareup/okhttp/okhttp/2.7.5/okhttp-2.7.5.jar:/home/abisherk/.m2/repository/com/googlecode/json-simple/json-simple/1.1/json-simple-1.1.jar:/home/abisherk/.m2/repository/org/wso2/carbon/automation/org.wso2.carbon.automation.test.utils/4.4.12/org.wso2.carbon.automation.test.utils-4.4.12.jar:/home/abisherk/.m2/repository/org/seleniumhq/selenium/selenium-java/2.43.0/selenium-java-2.43.0.jar:/home/abisherk/.m2/repository/org/seleniumhq/selenium/selenium-chrome-driver/2.43.0/selenium-chrome-driver-2.43.0.jar:/home/abisherk/.m2/repository/org/seleniumhq/selenium/selenium-remote-driver/2.43.0/selenium-remote-driver-2.43.0.jar:/home/abisherk/.m2/repository/cglib/cglib-nodep/2.1_3/cglib-nodep-2.1_3.jar:/home/abisherk/.m2/repository/org/seleniumhq/selenium/selenium-api/2.43.0/selenium-api-2.43.0.jar:/home/abisherk/.m2/repository/com/google/guava/guava/15.0/guava-15.0.jar:/home/abisherk/.m2/repository/org/seleniumhq/selenium/selenium-htmlunit-driver/2.43.0/selenium-htmlunit-driver-2.43.0.jar:/home/abisherk/.m2/repository/net/sourceforge/htmlunit/htmlunit/2.15/htmlunit-2.15.jar:/home/abisherk/.m2/repository/xalan/xalan/2.7.1/xalan-2.7.1.jar:/home/abisherk/.m2/repository/xalan/serializer/2.7.1/serializer-2.7.1.jar:/home/abisherk/.m2/repository/net/sourceforge/htmlunit/htmlunit-core-js/2.15/htmlunit-core-js-2.15.jar:/home/abisherk/.m2/repository/xerces/xercesImpl/2.11.0/xercesImpl-2.11.0.jar:/home/abisherk/.m2/repository/net/sourceforge/nekohtml/nekohtml/1.9.21/nekohtml-1.9.21.jar:/home/abisherk/.m2/repository/net/sourceforge/cssparser/cssparser/0.9.14/cssparser-0.9.14.jar:/home/abisherk/.m2/repository/org/w3c/css/sac/1.3/sac-1.3.jar:/home/abisherk/.m2/repository/org/eclipse/jetty/jetty-websocket/8.1.15.v20140411/jetty-websocket-8.1.15.v20140411.jar:/home/abisherk/.m2/repository/org/eclipse/jetty/jetty-util/8.1.15.v20140411/jetty-util-8.1.15.v20140411.jar:/home/abisherk/.m2/repository/org/eclipse/jetty/jetty-io/8.1.15.v20140411/jetty-io-8.1.15.v20140411.jar:/home/abisherk/.m2/repository/org/eclipse/jetty/jetty-http/8.1.15.v20140411/jetty-http-8.1.15.v20140411.jar:/home/abisherk/.m2/repository/org/seleniumhq/selenium/selenium-firefox-driver/2.43.0/selenium-firefox-driver-2.43.0.jar:/home/abisherk/.m2/repository/org/apache/commons/commons-exec/1.1/commons-exec-1.1.jar:/home/abisherk/.m2/repository/org/seleniumhq/selenium/selenium-ie-driver/2.43.0/selenium-ie-driver-2.43.0.jar:/home/abisherk/.m2/repository/net/java/dev/jna/platform/3.4.0/platform-3.4.0.jar:/home/abisherk/.m2/repository/org/seleniumhq/selenium/selenium-safari-driver/2.43.0/selenium-safari-driver-2.43.0.jar:/home/abisherk/.m2/repository/org/seleniumhq/selenium/selenium-support/2.43.0/selenium-support-2.43.0.jar:/home/abisherk/.m2/repository/org/webbitserver/webbit/0.4.15/webbit-0.4.15.jar:/home/abisherk/.m2/repository/io/netty/netty/3.5.5.Final/netty-3.5.5.Final.jar:/home/abisherk/.m2/repository/org/apache/derby/derbynet/10.8.2.2/derbynet-10.8.2.2.jar:/home/abisherk/.m2/repository/org/apache/derby/derby/10.8.2.2/derby-10.8.2.2.jar:/home/abisherk/.m2/repository/org/wso2/carbon/automation/org.wso2.carbon.automation.engine/4.4.12/org.wso2.carbon.automation.engine-4.4.12.jar:/home/abisherk/.m2/repository/org/jacoco/org.jacoco.core/0.7.5.201505241946/org.jacoco.core-0.7.5.201505241946.jar:/home/abisherk/.m2/repository/org/ow2/asm/asm-debug-all/5.0.1/asm-debug-all-5.0.1.jar:/home/abisherk/.m2/repository/org/jacoco/org.jacoco.report/0.7.5.201505241946/org.jacoco.report-0.7.5.201505241946.jar:/home/abisherk/.m2/repository/org/codehaus/plexus/plexus-utils/3.0.22/plexus-utils-3.0.22.jar:/home/abisherk/.m2/repository/commons-collections/commons-collections/3.2.1/commons-collections-3.2.1.jar:/home/abisherk/.m2/repository/org/apache/axis2/wso2/axis2/1.6.1-wso2v37/axis2-1.6.1-wso2v37.jar:/home/abisherk/.m2/repository/org/apache/ws/commons/axiom/wso2/axiom/1.2.11-wso2v16/axiom-1.2.11-wso2v16.jar:/home/abisherk/.m2/repository/org/apache/geronimo/specs/wso2/geronimo-stax-api_1.0_spec/1.0.1.wso2v2/geronimo-stax-api_1.0_spec-1.0.1.wso2v2.jar:/home/abisherk/.m2/repository/org/apache/geronimo/specs/geronimo-stax-api_1.0_spec/1.0.1/geronimo-stax-api_1.0_spec-1.0.1.jar:/home/abisherk/.m2/repository/org/codehaus/woodstox/woodstox-core-asl/4.2.0/woodstox-core-asl-4.2.0.jar:/home/abisherk/.m2/repository/org/wso2/apache/httpcomponents/httpclient/4.3.1.wso2v1/httpclient-4.3.1.wso2v1.jar:/home/abisherk/.m2/repository/com/icegreen/greenmail/1.3.1b/greenmail-1.3.1b.jar:/home/abisherk/.m2/repository/javax/mail/mail/1.4/mail-1.4.jar:/home/abisherk/.m2/repository/org/wso2/carbon/apimgt/org.wso2.carbon.apimgt.api/9.31.94/org.wso2.carbon.apimgt.api-9.31.94.jar:/home/abisherk/.m2/repository/org/wso2/orbit/com/jayway/jsonpath/json-path/2.9.0.wso2v1/json-path-2.9.0.wso2v1.jar:/home/abisherk/.m2/repository/org/wso2/carbon/org.wso2.carbon.registry.api/4.9.28/org.wso2.carbon.registry.api-4.9.28.jar:/home/abisherk/.m2/repository/org/wso2/carbon/identity/framework/org.wso2.carbon.user.mgt.stub/5.25.724/org.wso2.carbon.user.mgt.stub-5.25.724.jar:/home/abisherk/.m2/repository/org/apache/axis2/wso2/axis2-client/1.6.1-wso2v40/axis2-client-1.6.1-wso2v40.jar:/home/abisherk/.m2/repository/org/apache/ws/commons/schema/wso2/XmlSchema/1.4.7.wso2v3/XmlSchema-1.4.7.wso2v3.jar:/home/abisherk/.m2/repository/org/wso2/orbit/org/apache/neethi/neethi/2.0.4.wso2v5/neethi-2.0.4.wso2v5.jar:/home/abisherk/.m2/repository/org/apache/axis2/wso2/axis2-json/1.6.1-wso2v40/axis2-json-1.6.1-wso2v40.jar:/home/abisherk/.m2/repository/org/apache/woden/wso2/woden/1.0.0.M8-wso2v1/woden-1.0.0.M8-wso2v1.jar:/home/abisherk/.m2/repository/wsdl4j/wso2/wsdl4j/1.6.2.wso2v2/wsdl4j-1.6.2.wso2v2.jar:/home/abisherk/.m2/repository/org/apache/httpcomponents/wso2/httpcore/4.3.0.wso2v1/httpcore-4.3.0.wso2v1.jar:/home/abisherk/.m2/repository/commons-codec/wso2/commons-codec/1.3.0.wso2v1/commons-codec-1.3.0.wso2v1.jar:/home/abisherk/.m2/repository/org/wso2/orbit/javax/activation/activation/1.1.1.wso2v1/activation-1.1.1.wso2v1.jar:/home/abisherk/.m2/repository/org/wso2/carbon/org.wso2.carbon.user.api/4.5.2/org.wso2.carbon.user.api-4.5.2.jar:/home/abisherk/.m2/repository/org/wso2/orbit/graphQL/graphQL/19.11.wso2v1/graphQL-19.11.wso2v1.jar:/home/abisherk/.m2/repository/com/graphql-java/graphql-java/19.11/graphql-java-19.11.jar:/home/abisherk/.m2/repository/org/antlr/antlr4-runtime/4.9.3/antlr4-runtime-4.9.3.jar:/home/abisherk/.m2/repository/org/reactivestreams/reactive-streams/1.0.3/reactive-streams-1.0.3.jar:/home/abisherk/.m2/repository/com/graphql-java/java-dataloader/3.2.0/java-dataloader-3.2.0.jar:/home/abisherk/.m2/repository/org/wso2/carbon/org.wso2.carbon.utils/4.10.44/org.wso2.carbon.utils-4.10.44.jar:/home/abisherk/.m2/repository/org/wso2/orbit/org/bouncycastle/bcprov-jdk18on/1.78.1.wso2v1/bcprov-jdk18on-1.78.1.wso2v1.jar:/home/abisherk/.m2/repository/org/bouncycastle/bcprov-jdk18on/1.78.1/bcprov-jdk18on-1.78.1.jar:/home/abisherk/.m2/repository/org/wso2/carbon/org.wso2.carbon.bootstrap/4.10.44/org.wso2.carbon.bootstrap-4.10.44.jar:/home/abisherk/.m2/repository/wrapper/wrapper/3.2.3/wrapper-3.2.3.jar:/home/abisherk/.m2/repository/org/wso2/carbon/org.wso2.carbon.queuing/4.10.44/org.wso2.carbon.queuing-4.10.44.jar:/home/abisherk/.m2/repository/org/wso2/carbon/org.wso2.carbon.base/4.10.44/org.wso2.carbon.base-4.10.44.jar:/home/abisherk/.m2/repository/org/wso2/securevault/org.wso2.securevault/1.1.10/org.wso2.securevault-1.1.10.jar:/home/abisherk/.m2/repository/jline/jline/0.9.94/jline-0.9.94.jar:/home/abisherk/.m2/repository/commons-cli/commons-cli/1.0/commons-cli-1.0.jar:/home/abisherk/.m2/repository/commons-lang/commons-lang/1.0/commons-lang-1.0.jar:/home/abisherk/.m2/repository/org/wso2/carbon/org.wso2.carbon.securevault/4.10.44/org.wso2.carbon.securevault-4.10.44.jar:/home/abisherk/.m2/repository/org/wso2/eclipse/osgi/org.eclipse.osgi.services/3.5.100.v20160504-1419/org.eclipse.osgi.services-3.5.100.v20160504-1419.jar:/home/abisherk/.m2/repository/xml-apis/xml-apis/1.4.01/xml-apis-1.4.01.jar:/home/abisherk/.m2/repository/org/eclipse/platform/org.eclipse.osgi/3.14.0/org.eclipse.osgi-3.14.0.jar:/home/abisherk/.m2/repository/org/igniterealtime/smack/wso2/smack/3.0.4.wso2v1/smack-3.0.4.wso2v1.jar:/home/abisherk/.m2/repository/org/igniterealtime/smack/wso2/smackx/3.0.4.wso2v1/smackx-3.0.4.wso2v1.jar:/home/abisherk/.m2/repository/org/wso2/orbit/xerces/xercesImpl/2.12.2.wso2v1/xercesImpl-2.12.2.wso2v1.jar:/home/abisherk/.m2/repository/org/wso2/orbit/commons-fileupload/commons-fileupload/1.5.0.wso2v2/commons-fileupload-1.5.0.wso2v2.jar:/home/abisherk/.m2/repository/org/apache/ant/wso2/ant/1.10.12.wso2v1/ant-1.10.12.wso2v1.jar:/home/abisherk/.m2/repository/org/apache/ant/ant/1.10.12/ant-1.10.12.jar:/home/abisherk/.m2/repository/org/apache/ant/ant-launcher/1.10.12/ant-launcher-1.10.12.jar:/home/abisherk/.m2/repository/org/eclipse/equinox/javax.servlet/3.0.0.v201112011016/javax.servlet-3.0.0.v201112011016.jar:/home/abisherk/.m2/repository/org/wso2/orbit/commons-httpclient/commons-httpclient/3.1.0.wso2v6/commons-httpclient-3.1.0.wso2v6.jar:/home/abisherk/.m2/repository/commons-lang/wso2/commons-lang/2.6.0.wso2v1/commons-lang-2.6.0.wso2v1.jar:/home/abisherk/.m2/repository/org/osgi/org.osgi.service.component.annotations/1.3.0/org.osgi.service.component.annotations-1.3.0.jar:/home/abisherk/.m2/repository/org/osgi/org.osgi.annotation/6.0.0/org.osgi.annotation-6.0.0.jar:/home/abisherk/.m2/repository/org/osgi/org.osgi.service.metatype.annotations/1.3.0/org.osgi.service.metatype.annotations-1.3.0.jar:/home/abisherk/.m2/repository/org/wso2/orbit/org/apache/httpcomponents/httpclient/4.5.13.wso2v1/httpclient-4.5.13.wso2v1.jar:/home/abisherk/.m2/repository/org/wso2/orbit/org/apache/commons/commons-lang3/3.4.0.wso2v1/commons-lang3-3.4.0.wso2v1.jar:/home/abisherk/.m2/repository/org/slf4j/slf4j-api/1.7.36/slf4j-api-1.7.36.jar:/home/abisherk/.m2/repository/ch/qos/logback/logback-classic/1.2.11/logback-classic-1.2.11.jar:/home/abisherk/.m2/repository/ch/qos/logback/logback-core/1.2.11/logback-core-1.2.11.jar:/home/abisherk/.m2/repository/org/testcontainers/testcontainers/1.20.4/testcontainers-1.20.4.jar:/home/abisherk/.m2/repository/junit/junit/4.13.2/junit-4.13.2.jar:/home/abisherk/.m2/repository/org/hamcrest/hamcrest-core/1.3/hamcrest-core-1.3.jar:/home/abisherk/.m2/repository/org/apache/commons/commons-compress/1.24.0/commons-compress-1.24.0.jar:/home/abisherk/.m2/repository/org/rnorth/duct-tape/duct-tape/1.0.8/duct-tape-1.0.8.jar:/home/abisherk/.m2/repository/org/jetbrains/annotations/17.0.0/annotations-17.0.0.jar:/home/abisherk/.m2/repository/com/github/docker-java/docker-java-api/3.4.0/docker-java-api-3.4.0.jar:/home/abisherk/.m2/repository/com/github/docker-java/docker-java-transport-zerodep/3.4.0/docker-java-transport-zerodep-3.4.0.jar:/home/abisherk/.m2/repository/com/github/docker-java/docker-java-transport/3.4.0/docker-java-transport-3.4.0.jar:/home/abisherk/.m2/repository/net/java/dev/jna/jna/5.13.0/jna-5.13.0.jar:/home/abisherk/.m2/repository/io/rest-assured/rest-assured/5.3.0/rest-assured-5.3.0.jar:/home/abisherk/.m2/repository/org/apache/groovy/groovy/4.0.6/groovy-4.0.6.jar:/home/abisherk/.m2/repository/org/apache/groovy/groovy-xml/4.0.6/groovy-xml-4.0.6.jar:/home/abisherk/.m2/repository/org/apache/httpcomponents/httpmime/4.5.13/httpmime-4.5.13.jar:/home/abisherk/.m2/repository/org/ccil/cowan/tagsoup/tagsoup/1.2.1/tagsoup-1.2.1.jar:/home/abisherk/.m2/repository/org/hamcrest/hamcrest/2.2/hamcrest-2.2.jar:/home/abisherk/.m2/repository/io/rest-assured/xml-path/5.4.0/xml-path-5.4.0.jar:/home/abisherk/.m2/repository/io/rest-assured/rest-assured-common/5.4.0/rest-assured-common-5.4.0.jar:/home/abisherk/.m2/repository/io/rest-assured/json-path/5.4.0/json-path-5.4.0.jar:/home/abisherk/.m2/repository/org/apache/groovy/groovy-json/4.0.16/groovy-json-4.0.16.jar:/home/abisherk/.m2/repository/com/fasterxml/jackson/core/jackson-databind/2.16.1/jackson-databind-2.16.1.jar:/home/abisherk/.m2/repository/com/fasterxml/jackson/core/jackson-annotations/2.16.1/jackson-annotations-2.16.1.jar:/home/abisherk/.m2/repository/com/fasterxml/jackson/core/jackson-core/2.16.1/jackson-core-2.16.1.jar:/home/abisherk/.m2/repository/jakarta/xml/ws/jakarta.xml.ws-api/4.0.2/jakarta.xml.ws-api-4.0.2.jar:/home/abisherk/.m2/repository/jakarta/xml/bind/jakarta.xml.bind-api/4.0.2/jakarta.xml.bind-api-4.0.2.jar:/home/abisherk/.m2/repository/jakarta/xml/soap/jakarta.xml.soap-api/3.0.2/jakarta.xml.soap-api-3.0.2.jar:/home/abisherk/.m2/repository/com/sun/xml/ws/jaxws-tools/4.0.3/jaxws-tools-4.0.3.jar:/home/abisherk/.m2/repository/com/sun/xml/bind/jaxb-xjc/4.0.5/jaxb-xjc-4.0.5.jar:/home/abisherk/.m2/repository/com/sun/xml/bind/jaxb-core/4.0.5/jaxb-core-4.0.5.jar:/home/abisherk/.m2/repository/com/sun/xml/bind/jaxb-jxc/4.0.5/jaxb-jxc-4.0.5.jar:/home/abisherk/.m2/repository/jakarta/activation/jakarta.activation-api/2.1.3/jakarta.activation-api-2.1.3.jar:/home/abisherk/.m2/repository/jakarta/annotation/jakarta.annotation-api/3.0.0/jakarta.annotation-api-3.0.0.jar:/home/abisherk/.m2/repository/com/sun/xml/ws/jaxws-rt/4.0.3/jaxws-rt-4.0.3.jar:/home/abisherk/.m2/repository/com/sun/xml/bind/jaxb-impl/4.0.5/jaxb-impl-4.0.5.jar:/home/abisherk/.m2/repository/org/glassfish/ha/ha-api/3.1.13/ha-api-3.1.13.jar:/home/abisherk/.m2/repository/org/glassfish/external/management-api/3.2.3/management-api-3.2.3.jar:/home/abisherk/.m2/repository/org/glassfish/gmbal/gmbal-api-only/4.0.3/gmbal-api-only-4.0.3.jar:/home/abisherk/.m2/repository/org/jvnet/mimepull/mimepull/1.10.0/mimepull-1.10.0.jar:/home/abisherk/.m2/repository/com/sun/xml/fastinfoset/FastInfoset/2.1.1/FastInfoset-2.1.1.jar:/home/abisherk/.m2/repository/jakarta/mail/jakarta.mail-api/2.1.3/jakarta.mail-api-2.1.3.jar:/home/abisherk/.m2/repository/org/eclipse/angus/angus-activation/2.0.2/angus-activation-2.0.2.jar:/home/abisherk/.m2/repository/org/eclipse/angus/angus-mail/2.0.3/angus-mail-2.0.3.jar:/home/abisherk/.m2/repository/com/sun/xml/messaging/saaj/saaj-impl/3.0.4/saaj-impl-3.0.4.jar:/home/abisherk/.m2/repository/com/fasterxml/woodstox/woodstox-core/7.0.0/woodstox-core-7.0.0.jar:/home/abisherk/.m2/repository/org/codehaus/woodstox/stax2-api/4.2.2/stax2-api-4.2.2.jar:/home/abisherk/.m2/repository/javax/ws/rs/javax.ws.rs-api/2.1.1/javax.ws.rs-api-2.1.1.jar:/home/abisherk/.m2/repository/javax/annotation/javax.annotation-api/1.3.2/javax.annotation-api-1.3.2.jar:/home/abisherk/.m2/repository/javax/xml/bind/jaxb-api/2.3.1/jaxb-api-2.3.1.jar:/home/abisherk/.m2/repository/javax/activation/javax.activation-api/1.2.0/javax.activation-api-1.2.0.jar:/home/abisherk/.m2/repository/org/glassfish/jaxb/jaxb-runtime/2.3.1/jaxb-runtime-2.3.1.jar:/home/abisherk/.m2/repository/org/glassfish/jaxb/txw2/2.3.1/txw2-2.3.1.jar:/home/abisherk/.m2/repository/com/sun/istack/istack-commons-runtime/3.0.7/istack-commons-runtime-3.0.7.jar:/home/abisherk/.m2/repository/com/google/code/findbugs/jsr305/3.0.2/jsr305-3.0.2.jar:"/>
    <property name="sun.cpu.endian" value="little"/>
    <property name="user.home" value="/home/abisherk"/>
    <property name="user.language" value="en"/>
    <property name="java.specification.vendor" value="Oracle Corporation"/>
    <property name="java.version.date" value="2025-01-21"/>
    <property name="java.home" value="/usr/lib/jvm/java-21-openjdk-amd64"/>
    <property name="file.separator" value="/"/>
    <property name="basedir" value="/home/abisherk/Internship/InternProject/apim-test-framework-testcontainers/tests-integration/backends-tests"/>
    <property name="java.vm.compressedOopsMode" value="Zero based"/>
    <property name="line.separator" value="&#10;"/>
    <property name="java.vm.specification.vendor" value="Oracle Corporation"/>
    <property name="java.specification.name" value="Java Platform API Specification"/>
    <property name="surefire.real.class.path" value="/home/abisherk/Internship/InternProject/apim-test-framework-testcontainers/tests-integration/backends-tests/target/surefire/surefirebooter-20250507080931628_3.jar"/>
    <property name="javax.net.ssl.trustStore" value="/home/abisherk/Internship/InternProject/apim-test-framework-testcontainers/truststore.jks"/>
    <property name="sun.management.compiler" value="HotSpot 64-Bit Tiered Compilers"/>
    <property name="java.runtime.version" value="21.0.6+7-Ubuntu-124.04.1"/>
    <property name="user.name" value="abisherk"/>
    <property name="stdout.encoding" value="UTF-8"/>
    <property name="path.separator" value=":"/>
    <property name="os.version" value="6.11.0-24-generic"/>
    <property name="java.runtime.name" value="OpenJDK Runtime Environment"/>
    <property name="file.encoding" value="UTF-8"/>
    <property name="java.vm.name" value="OpenJDK 64-Bit Server VM"/>
    <property name="localRepository" value="/home/abisherk/.m2/repository"/>
    <property name="java.vendor.url.bug" value="https://bugs.launchpad.net/ubuntu/+source/openjdk-21"/>
    <property name="java.io.tmpdir" value="/tmp"/>
    <property name="java.version" value="21.0.6"/>
    <property name="user.dir" value="/home/abisherk/Internship/InternProject/apim-test-framework-testcontainers/tests-integration/backends-tests"/>
    <property name="os.arch" value="amd64"/>
    <property name="java.vm.specification.name" value="Java Virtual Machine Specification"/>
    <property name="native.encoding" value="UTF-8"/>
    <property name="java.library.path" value="/usr/java/packages/lib:/usr/lib/x86_64-linux-gnu/jni:/lib/x86_64-linux-gnu:/usr/lib/x86_64-linux-gnu:/usr/lib/jni:/lib:/usr/lib"/>
    <property name="java.vm.info" value="mixed mode, sharing"/>
    <property name="stderr.encoding" value="UTF-8"/>
    <property name="java.vendor" value="Ubuntu"/>
    <property name="java.vm.version" value="21.0.6+7-Ubuntu-124.04.1"/>
    <property name="sun.io.unicode.encoding" value="UnicodeLittle"/>
    <property name="java.class.version" value="65.0"/>
    <property name="org.apache.http.wire.level" value="OFF"/>
  </properties>
</testsuite>